1163
4
1
67
44
4
6
2
91
8
9
5
2
434
0
3
7
2
92
2
9
59
8
1
98
922
2
4
81
2
27
3
357
5
2
7
5
6
61
7
55
3
2
5
0
4
3
4
83
6
2
3
63
4
0
4
7
6
7
5
06
5
2
2
6
2
6
1
6
8
4
7
7
9
9
6
0
9
1
6
9
3
8
2
7
4
7
7
7
5
5
8
9
5
6
4
2
6
8
1
5
4
1
9
5
9
7
9
9
1
1
2
6
0
6
1
6
6
7
1
3
6
4
7
0
9
2
5
0
50
5
8
3
4
9
4
3
3
2
6
7
3
1
7
5
8
09
6
5
6
7
80
6
2
8
1
9
1
552
4
0
6
4
2
59
6
3
6
4
0
6
5
35
11
7
3
0
8
1
07
1
4
9
0
0
66
2
0
6
2
4
8
9
3
7
1
2
5
0
349
2
5
6
2
9
9
2
3
8
0
0
0
3
0
0
0
5
1
5
7
0
5
1
7
2
513
1
6
0
6
2
1
7
9
6
0
2
4
2
90
7
2
0
1
1
4
6
3
0
5
6
2
1
4
7
0
0
07
35
5
9
1
7
01
5
2
9
1
4
7
8
27
6
0
34
4
9
2
3
56
65
2
4
8
9
2
0
4
5
2
7
324
5
2
6
5
2
3
5
9
8
2
2
29
3
8
6
7
0
2
5
3
0
6
47
3
0
4
676
2
8
9
9
93
8
6
4
5
6
3
245
4
8
5
9
7
5
8
0
2
7
3
7
0
7
6
4
4
8
0
6
4
6
7
9
6
3
8
3
4
0
8
3
5
7
45
7
61
6
1
8
5
2
9
2
3
4
8
8
32
2
5
4
0
3
3
3
2
8
7
5
91
1
6
5
5
3
9
6
8
1
95
9
1
9
3
4
3
665
8
6
5
5
1
8
3
3
7
2
7
6
8
0
73
1
7
30
0
4
1
5
9
8
6
2
0
5
1
4
4
6
5
4
1
79
1
6
590
6
7
17
0
1
8
7
9
76
0
5
7
5
2
3
1
6
1
3
3
3
8
4
9
1
6
1
5
9
7
3
2
5
6
3
0
7
4
5
6
1
09
5
0
7
0
1
1
23
7
4
0
5
9
4
3
155
4
3
0
0
4
6
67
3
5
1
95
9
34
5
3
4
8
9
1
0
4
8
3
2
3
1
25
3
9
6
8
2
3
6
4
0
3
6
7
9
6
5
2
8
0
5
6
5
2
0
1
8
3
8
7
8
5
8
4
1
5
1
0
5
2
0
8
5
6
170
6
3
1
6
9
1
8
0
8
3
4
0
8
27
67
1
4
8
1
62
6
1
0
3
0
3
5
9
0
5
6
6
6
5
723
1
1
98
8
4
7
2
0
8
4
6
7
9
86
79
5
6
0
7
6
3
9
9
41
34
8
1355
52
2
7
3
68
7
8
8
6
6
1
9
62
5
8
2
2
0
1
7
8
110
7
6546
2
5
1
11
6
2
5
9
3
05
6
4
56
7
2
6
2
6
9
8
5
2
5
1
3
7
90
3
6
7
6
8
7
7
96
7
6
6
5
8
4
6
00
1
1
5
2
68
7
8
7
82
5
8
8
8
9
8
2
0
89
0
1
84
1
4
2
1
7
7
0
7
5
8
3
90
9
9
3
3
7
1
1
0
5
1
2
6
7
4
7
2
0
8
2
99
4
6
9
9
2
4
82
6
2
1
4
68
8
8
0
0
4
3
6
9
3
50
3
3
1
9
7
9
5
8
6
4
6
77
5
4058
2
3
7
6
5
3
0
9
5
7
9
0
90
6
9
69
1
8
8
7
83
4
3
9
1
3
3
2
3
8
4
3
7
1
3
5
9
7
5
7
2
5
4
1
5
00
8
2
5
87
4
3
3
9
1
5
7
1
6
21
05
1
5
4
4
8
2
23
1
1
1
0
4
1
58
6
3
3
7
6
5
0
6
3
9
9
4
5
0
16
0
8
1
9
1
7
4
4
9
1
4
1
4
74
50
5
3
4
5
5
07
3
4
0
5
5
9
4
41
2
3
85
9
8
2
2
7
54
3
2
1
8
4
9
3
0
6
35
1
3
26
8
5
1
3
4
5
6
3
7
0
2
6
4
5
33
2
3
8
9
246
6
3
0
9
9
1
9
3
0
1
5
4
7
60
3
5
8
8
9
9
1
71
1
9
1
2
557
6
4
3
1
0
2
6
83
3
3
0
10
0
5
3
2
3
2
5
5
27
4
9
6
8
0
0
5
4
7
9
7
48
6
2
1
41
8
9
5
4
6
7
02
0
5
53
0
7
8
7
4
7
4
7
8
2
8
1
7
3
3
5
7
3
7
0
459
8
6
4
5
5
5
0
32
4
6
56
99
80
1
86
7
3
7
5
0
0
2
0
1
3
6
4
62
1
7
5
1
8
9
0
5
4
6
1
4
0
5
4
1
2
5
0
2
6
7
2
1
0
3
5
1
1
8
8
7
8
8
32
62
3
0
4
55
4
0
5
4
6
3
9
9
15
4
2
8
6
9
15
2
90
7
6
8
9
1
9
8
5
6
4
3
1
3
4
8
3
6
1
8
5
21
8
1
5
3
2
6
49
4
9
1240
3
7
0
7
8
9
6
4
58
5
28
4
2
1
1
6
2
4
0
5
1
1
2495
7
5
0
7
1
0
71
3
9
7
7
4
6
4
05
8
8
1
2
7
8
7
38
4
1
0
2
2
7
4
5
0
5
6
78
3
9
7
2
5
7
3
76
5
2
4
1
661
0
7
8
2
2
0
0
4
435
9
5
7
9
6
1
7
5
5
78
3
2
1
0
8
5
3
5
0
5
9
8
4
3
1
7
5
6
8
17
1
52
1
2
0
41
9
7
5
8
3
0
9
3
44
7
3
3
1
7
4
3
4
0
9
9
6
2
908
27
5
5
3
7
4
7
6
0
1
9
58
14
1
4
5
69
4
4
64
7
7
7
9
4
2
2
83
6
1
7
2
1
7
4
0
99
2
4
1
4
9
2
6
1
67
2
4
7
9
1
9
1
7
1
4
8
7
86
1
82
9
0
70
9
5
9
1
1
2
5
015
98
1
4
1
4
4
1
86
6
6
1
3
1
1
2
2
9
0
0
55
0
8
1
82
4
2
2
76
7
1
7
9
2
9
4
3
8
3
5
17
254
2
7
7
3
2
9
8
3
0
7
2
15
1
7
12
0
5
4
4
0
7
0
09
7
8
9
7
1
6
4
7
7
1
50
6
0
0
6
9
4
1
2
5
6
787
7
2
7
3
9
6
4
1
8
2
7
0
8
8
8
8
9
3
7
7
7
1
7
1
3
5
7
6
49
0
1
5
5
9
6
0
00
540
4
5
4
7
7
2
0
43
0
1
6
17
4
6
3
3
3
5
7
7
5
1
3
3
6
3
8
53
9
6
6
9
8
3
9
2
0
7
9
4
7
0
2
2
8
8
4
5
0
0
2
5
2
1
3
1
3
7
4
1
8
0
9
9
9
5
8
6
0
1
3
1
5
0
8
3
2
3
88
06
5
732
8
7
5
45
1
08
82
7
72
8
705
6
1
4
3
9
7
7
0
1
3
5
1
4
62
8
2
4
9
6
1
8
4
42
8
2
0
9
6
39
9
1
1
5
56
0
2
0
9
1
8
1
9
4
2
69
1
3
2
1
1
95
0
18
6
3
2
6
77
0
4
2
1
0
2
9
6
4
8
7
45
5
6
0
8
1
6
8
77
0
9
5
0
15
8
73
3
4
6
2
3
8
7
3
5
4
8
6
31
4
1
3
0
3
10
7
7
2
5
4
3
63
5
0
8
03
1
8
6
5
2
1
2
1
68
86
4
5
9
3
0
3
4
0
4
3
3
9
2
0
6
8
7
2
47
8
1
9
47
6
2
4
4
0
8
2
0
3
4
7
1
12
8
0
9
1
2
6
5
87
4
7
29
0
6
4
73
9
2
0
7
2
5
4
6
3
0
6
8
7
42
7
3
85
2
9
170
64
57
8
6
8
8
9
6
5
4
8
6
6
6
2
4
8
2
6
80
5
2
8
5
5
2
1
4
3
5
5
3
2
4
8
6
9
8
2
4
07
2
5
3
3
8
4
5
7
37
9
0
4
4
6
7
0
1
0
4
2
6
94
8
7
6
24
7
703
1
8
3
4
4
3
8
5
6
5
7
2
3
5
4
7
9
6
5
2
1
3
8
4
5
37
7
7
35
4
4
2
0
6
68
69
2
14
62
8
7
5
3
2
1
1
75
0
7
2
4
5
9
7
4
0
8
0
48
1
1
6
3
7
4
2
8
0
9
2
9
3
19
3
2
3
8
08
6
7
2
3
5
1
1
3
5
0
1
4
3
2
25
9
3
6
0
4
3
70
0
6
8
3
3
1
04
7
04
8
6
2
2
4
4
8
0
5
7
2
4
2
0
0
4
9
3
6
4
6
1
9
3
7
0
96
08
8
2
1
2
6
2
4
3
4
5
8
4
4
55
6
6
0
8
0
7
5
2
7
2
5
8
6
5
4
1
6
4
5
91
1
3
5
3
4
3
7
9
3
7
6
3
1
7
1
7
9
7
4
4
5
6
08
55
99
3
5
4
4
6
3
61
041
8
96
1
5
7
6
1
7
9
4
9
1
9
7
7
65
4
7
6
4
4
6
5
92
8
1
3
84
5
2
90
5
3
8
4
5
6
2
41
4
1
6
77
4
0
5
7
2
6
8
1
8
5
82
2
0
68
7
0
3
2
3
8
1
6
4
2
5
8
7
57
1
68
0
2
9
1
40
7
5
4
7
5
2
36
9
8
8
8
359
9
4
4
5
86
4
9
1
8
1
1
1
519
1
9
1
5
2
4
5
8
6
7
5
3
5
7
45
8
02
0
8
409
133
7
1
9
5
4
8
3
4
8
6
04
26
7
53
9
4
8
06
5
8
1
4
0
7
1
3
5
7
133
3
0
4
6
6
4
2
8
8
6
8
5
4
2
5
5
09
6
2
9
3
7
3
8
5
6
4
95
7
3
7
1
75
8
7
24
052
34
0
0
9
3
2
0
0
0
1
49
5
1
1
7
4
3
1
54
4
69
8
4
6
6
6
2
1
9
3
8
5
6
7
1
6
6
6
451
4
9
8
2
0
3
7
0
85
0
5
8
36
3
10
0
7
4
7
29
6
7
4
6
6
6
3
0
8
0
5
8
6
5
8
6
2
9
95
1
4
71
7
9
60
1
7
8
2
5
1
1
5
5
5
2
8
6
56
0
5
2
4
4
2
9
76
1
7
5
1
7
3
2
3
1
7
01
7
4
3
4
8
1
8
5
5
2
5
5
1
4
2
8
6
57
5
1
17
2
4
216
93
09
5
4
16
4
0
71
2
2
19
7
1213
4
629
7
74
6
8
0
0
6
7
8
8
5
1
3
5
3
9
9
3
5
4
7
6
4
61
6
2
9
0
2
2
9
6
3
7
3
17
7
9
7
7
2
5
3
4
2
7
8
7
1
5
7
3
8
3
4
2
2
5
7
4
9
6
6
80
3
0
5
2
6
06
9
5
4
8
7
3
6
280
9
3
33
7
7
61
61
8
9
8
6
1
0
4
0
2
1
9
7
9450
9
7
8
1
9
6
48
8
4
2
6
1
8
35
3
0
1
2
2
9
1
5
9
5
8
53
0
2
3
7
04
5
6
0
5
9
4
6
9
4
7
6
9
2
0
0
5
3
7
6
15
8
6
8
0
4
2
6
5
9
75
3
2
9
96
78
45
3
7
8
8
5
9
4
447
4
1
4
1
9
26
9
9
2
45
0
3
0
1
3
8
5
7
2
77
3
2
1
6
6
1
14
3
01
2
7
9
839
3
7
7
803
3
7
7
7
3
54
9
65
8
3
2
8
5355
3
4
5
3
3
7
2
1
9
9
0
1
6
8
239
7
7
3
4
055
50
859
7
74
5
9
7
1
56
6
6
817
0
0
4
0
5
3
3
0
5
2
5
1
4
8
0
3
5
2
6
7
6
6
20
8
0
6
5
6580
7
2
5
38
1
0
6
1
4
6
9
8
6
1
597
9
45
8
6
1
37
2
2
6
9
1
3
7
3
8
0
6
7
2
46
7
6
20
9
1
53
6
7
4
194
9
194
8
1
3
77
7
01
4
1
9
0
5
8
1
69
3
9
18
1
2
0
3
8
3
9
7
8
5
4
8
2
8
1
9
9278
3
1
8
9
16
3
9
0
2
3
8
8
78
4
3
6
9
19
3
8
4
8
2
9
5
432
4
2
9
4
3
0
1
6
20
4
7
6
4
15
2
9
72
0
2
1
5
71
4
42
2
0
7
0
7
87
7
3
9
2
6
88
9
3
6
2
4
90
3
29
1
6
5
7
2
1
2
3
0
3
54
4
8
8
1
2
0
3
8
979
12
6
93
3
9
6
83
7
27
6
0
8
19
1
8
2
6
64
8
2
4
3
2
1
9
4
6
7
50
5
2
5
3
2
6
5
5
0
8
0
3
7
7
8
1
3
9
5
84
2
6
7
9
0
5
3
3
3
3
6
0
2
7
8
7
4
60
6
8
5
6
1
6
77
2
3
59
0
117
6
67
5
1
6
3
7
2
7
46
3
7
6
2
4
6
60
7
6
2
3
1
6
8
2
6
2
8
4
3
3
3
9
56
9
6
38
6
8
1
7
0
5
67
26
7
04
7
8
3
4
9
7
5
3
9
9
0
4
84
4
0
5
21
8
136
0
5
5
5
75
9
9
9
4
3
5
28
3
0
4
3
1
6
0
2
6
5
1
81
5
4
4
4
5
5
0
4
5
3
6
1
2
9
3
4
3
4
1
9
30
1
2
8
1
1
506
54
3
3
6
0
3
1
3
4
8
1
2
3
4
4
20
4
5
7
18
0
22
5
1
2
7
0
5
8
38
41
9
6
7
4
2
5
2
0
0
3
1
5
7
5
06
9
4
0
45
4
287
1
1
2
8
4
2
7
6
6
0
5
5
5
8
1
11
7
35
7
1
99
5
1
8
2
3
2
1
94
3
44
8
8
1
0
8
4
2
9
2
0
67
4
0
9
85
8
3
3
4
3
8
51
2
6
0
335
4
9
79
9
6
799
1
1
8
8
49
1
7
74
2
4
1
0
7
6
1
5
5
14
7
2
8
7
4
0
1036
5
48
3
2
5
7
28
8
6
9
3
18
5
2
48
3
4
4
2
8
1
2
8
3
0
34
8
2
62
8
7
44
6
3
9
9
501
5
2
1
7
1
2
0
3
8
52
2
9
0
7
9
1
35
36
944
2
7
24
6
67
8
9
5
28
485
0
3
1
18
6
1
2
5
5
5
83
7
2
63
9
5
4
7
9
26
8
8
1
4
2
6
4
9
1
2
7
1
8
4
6
1
5
5
71
4
2
3
8
2
9
5
0
4
5
2
84
5
6
0
13
56
8
5
5
73
7
2
0
7
6
9
6
5
0
5
3
5
16
6
6
7
1
85
5
3
7
8
8
9
9
0
44
2
8
4
5
5
4
4
094
1
3
83
50
5
6
5
1
2
21
99
2
7
1
81
2
8
5
7
8
1
0
0
0
62
0
3
1
7
3
4
4
8
41
5
0
20
1
2
9
8
8
7
5
8
1
6
8
7
48
6
1
72
2
6
0
2
6
6
1
3
8
9
0
9
7
6
9
7
88
6
09
4
35
66
4
4
891
65
0
72
6
0
5
2
8
5
2
7
5
9
9
9
5
2
42
8
0
5
9
2
4
8
8
39
5
9
6
1
5
5
8
9
6
6
9
71
8
2
6
3
8
3
9
2
5
2
13
46
9
7
1
27
1
9
1
916
9
7
5
19
1
0
8
67
8
8
0
8
4
0
4
8
3
0
3
3
2
8
5
2
5
3
7
6
55
85
4
1
1
3
5
69
25
6
5
7
0
4
2
8
9
3
3
7
0
8
7
80
514
7
6
8
7
11
3
5
5
0
950
7
85
8
7
7
2
0
1
0
2
4
04
97
75
0
7
0
778
6
3
5
7
9
7
0
3
0
1
8
5
2
0
7
1
2
8
7
6
7
6
9
5
2
1
1
7
5
6
4
9
0
1
84
2
4
2
9
0
3
7
1255
7
6
1
6
9
5
68
1
58
62
3
6
6
3
6
9
6
7
2
4
6
8
8
46
8
8
1
1
46
9
4
9
5
14
0
4
9
7
53
8
8
3
6
221
8
8
84
1
02
53
3
6
2
7
2
2
9
8
9
3
4
2
05
30
9
6
8
4
7
3
66
4
2
1
8
8
0
3
2
2
1
8
4
4
6
7
6
5
1
58
745
2
8
48
4
2
7
1
1
1
6
1
1
0
0
38
3
8
7602
4
6
6
6
5
8
90
58
2
12
0
6
1
6
8
4
2
8
62
3
4
8
24
2
4
0
6
9
65
5
4
0
6
92
5
6
9
8
1
3
3
669
1
2
6
8
89
9
5
79
5
9
2
1
2
4
9
72
2
4
0
49
9
01
7
6
4
9
9
9
2
8
7
86
8
7
6
5
9
2
2
9
9
6
09
0
0
0
1
3
9
5
5
5
2
9
5
9
6
5
4
08
8
9
3
3
4
0
9
6
8
5
71
36
3
523
6
0
78
3
9
9
1
4
26
2
5
3
1
3
5
77
8
16
3
6
3
5
4
557
4
3
6
7
1
6
0
9
1
5
7
13
4
8
3
1
4
5
55
6
9
9
2
7
2
7
8
4
9
9
4
1
3
0
9
7
8
9
07
76
3
9
563
7
0
37
3
0
19
70
3
7
6
2
6
7
9
7
0
2
3
56
8
4
8
85
0
4
0
7
4
4
1
7
5
4
8
1
2
7
1
92
20
6
4
4
2
5
3
5
6
1
1
0
7
8
0
3
5
6
160
8
3
9
0
8
71
1
5
7
2
1
1
6
71
749
4
9
1
8
4
6
4
9
9
92
7
5
8
8
9
2
9
2
8
5
6
8
0
4
4
34
2
8
63
6
92
3
7
9
1
5
7
1
8
5
8
5
6
63
0
2
24
6
075
593
0
1
6
35
7
9
9
18
4
1
9
1
2
6
8
44
3
8
2
4
8
1
6
2
5
43
35
6
0
6
18
9
2
8
7
4
2
9
1
4
3
5
4
47
9
7
4
1
2
65
5
0
9
3
5
6
9
0
27
3
9
3
0
5
9
7
2
7
7
3
9
0
5
7
6
2
1
1
48
9
5
6
3
8
6
3
0
11
2
4
6
0
9
5
9
40
8
0
7
9
1
9
1
2
2
0
0
1
3
1
24
16
6
5
3
9
7
8
3
2
8
0
6
7
4
3
75
3
6
2
5
35
3
8
96
8
1
6
1
0
1
0
05
0
1
7
10
1
3
0
2
4
54
1
2
2
7
8
7
7
13
9
8
4
0
6
5
2
6
4
7
0
3
0
6
9
3
6
1
2
8
3
9
8
01
6
7
2
0
5
9
2
7
8
9
5
6
0
7
7
43
4
6
99
7
9
0
8
11
2
4
5
0
3
0
0
28
5
6
09
1
4
1
5
4
0
3
6
8
579
2
10
8
4
2
4
2
5
4
6
3
7
5
2
4
95
8
8
4
1
7
6
36
3
0
5
1
2
4
3
9
69
57
9
8
7
6
2
9
2
0
4
9
90
1
3
7
2
2
8
7
1
0
4
8
79
9
6
6
8
8
2
3
1
4
5
4
6
5
3
5
9
9
9
2
6
3
3
7
0
1
5
9
23
69797
9
1
7
7
5
56
2
0
9
1
3
84
57
8
75
0
6
9
8
3
23
9
7
4
7
0
9
0
8
4
7
1
45
6
8
9
3
3
84
4
5
58
1
5
1
4
3
2
6
20
538
2
4
0
1
9
5
9
0
9
2
6
83
6
0
3
2
0
9
9
1
2
0
7
7
3
20
1
7
4
6
44
8
63
5
602
16
254
4
3
6
6
7
1
7
1
1
45249
3
0
6
1
0
6
7
9
6
8
8
7
15
1
93
4
2
0
0
9
556
5
9
7
8
4
4
0
7
3
1
31
5
17
1
8
5
2
7
3
6
3
1
98
12
94
9
85
8
0
9
0
6
3
6
2
7
8
2
5
3
4
7
9
9
9
0
9
8
7
1
4
6
74
0
5
2
9
9
9
9
5
1
0
9
7
08
297
9
2
1
2
02
4
2
0
3
3
1
6
9
9
9
5
3
01
80
0
8
0
3
43
8
9
0
82
3
5
9
5
6
4
7
07
9
8
5
3
2
3
5
8
2
53
7
7
3
1
9
8
4
9
6
39
3
5
1
6
3
2
3
8
7
0
0
9
8
9
4
0
1
0
3
3
60
7
8
0
4
0
9
60
86
9
8
5
8
6
0
1
29
5
8
0
6
08
0
5
9
8
8
1
2
7
7
1
2
1
4
33
5
1
0
0
9
1
7
4
5
47
50
71
9
9
0
0
4
9
0
5
5
4
2
7
7
6
87
5308
9
67
5
2
5
1
7
1
25
6
0
3
4
8
5
8
2
8
93
9
2
16
6
1
7
2
6
36
1
4
7
3
8
70
5
80
3
1
3
5
6
2
8276
6
1
2
7
2
1
4
0
7
3
9
3
3
21
2
7
4
3
4
5
2
0
0
1
66
2
6
5
7
7
5
7
4
1
0
0
8
5
4
3
5
5
01
6
31
5
8
34
6
9
6
5
05
3
32
36
57
9
2
6
8
7
2
3
0
08
1
9
06
9
01
2
0
9
0
7
2
6
6
8
6
9
6
1
2
8
5
5
50
1
1
5
7
86
7
0
57
7
0
5
8
8
7
7
1
2
3
1
0
1
2
4
4
1
9
3
34
4
9
2
3
6
5
80
4
1
3
7
8
93
0
795
6
6
2
3
3
2
1
35
4
0
8
5
6
2
8
7
17
5
3
9
8
0
2
1
1189
8
3
5
63
93
9
2
9
6
1
9
761
7
6
4
7
5
0
7
3
0
521
8
6
4
5
0
3
0
1
59
6
9
9
7
58
35
2
3
8
6
4
8
4
7
4
1
33
0
4
8
3
5
0
3
6
7
2
4
2
3
4
1
7
0
0
54
7
6
3
0
9
6
5
5
8
653
2
8
9
5
8
9
5
1
62
0
5
914
41
86
9
6
8
8
5
8
0
79
8
6
2
1
2
8
0
48
1
6
4
7
9
9
4
4
1
80
4
7
1
8
3
2
55
0
4
0
3
3
57
1
3
2
4
72
3
3
0
0
9
4
2
6
7
9
6
287
0
6
4
9
7
5
3
1
5
1
85
2
6
8
5
04
7
6
5
7
6
0
0
8
1
0
0
75
9
4
1
7
6
83
7
8
7
8
6
4
9
8
2
5
3
4
6
7
21
45
0
2
9
0
2
8
3
3
715
8
7
1
1
5
9
55
52
4
8
1
8
2
9
8
7
5
5
3
6
5
1
9
8
3
6
8
4
3
6
5
1
3
1
48
8
4
9
46
4
5
2
4
4
5
5
3
59
5
99
3
1
1
0
3
0
3
4
2
7
9
5
3
7
21
6
7
63
1
64
3
5
6
6
1
4
4
46
7
9
5
6
1
5
869
6
18
3
45
8
7
8
0
2
0
8
79
1
8
2
84
6
1
91
3
96
7
72
1
2
3
0
3
7
2
7
6
9
9
0
0
1
8
3
4
3
0
9
0
3
9
5
8
4
9
0
1
83
5
2
1
1
6
7
7
8
2
6
9
7
5
03
4
8
6
1
1
1
03
2
2
66
18
2
9
0
9
4
81
0
6
9
2
0
92
3
4
3
6
797
5
8
7
94
567
6
8
8
2
8
0
6
2
0
2
2
6
9
1
7
8
8
8
5
5
7
8
1
3
2
8
8
9
2
49
7
7
6
0
8
2
8
2
70
0
2
7
9
7
9
7
6
5
2
176
4
73
0
7
6
0
28
30
8
8
4
2
2
67
9
9
9
2
7
7
3
0
3
74
56
6
7
6
0
61
1
1
7
5
7
8
2
0
4
8
70
1
7
5
1
55
9
0
0
8
0
6
8
8
0
1
9
1
74
3
83
9
65
3
8
5
8
4
7
9
7
6
3
53
9
2
5
9
1
2
5
06
8
7
53
4
6
9
6
6
7
7
2
0
0
5
9
91
6
0
3
3
6
49
76
3
7
3
5
0
22
3
84
9
1
38
4
6
2
51
6
53
5
7
9
3
8
5
0
2
8
4
3
47
26
37
7
5
60
6
4
4
6
0
1
1
7
24
8
5
0
4
7
7
9
0
6
8
3
3
5
4
0
1
0
8
4
7
0
8
7
48
5
0
9
1
5
38
9
0
4
5
1
8
6
0
3
65
2
4
1
1
6
8
5
5
8
1
7
9
8
7
1
8
8
8
6
1
7
7
5
1
1
3
02
2
7
6
4
4
6
5
7
6
7
3
5
4
02
8
1
5
9
1
6
7
5
8
6
7
2
0
88
8
0
58
4
5
83
0
1
1
9
2
15
6
1
2
9
1
3
902
2
5
7
3
4
4
0
4
4
9
8
678
7
8
6
9
6
7
4
9
0
4
59
7
1
7
1
2
4
0
5
847
9
4
3
1
74
623
6
40
4
05
5
1
08
5
27
95
2
47
2
6
8
88
3
6
3
39
3
6
36
50
9
95
11
9
1
0
0
348
0
97
2
6
2
1
4
7
2
1
1
6
1
2
2
7
8
0
9
13
4
8
5
0
9
8
0
6
2
1
34
1
5
4
1
3
0
6
7
5
2
8
60
31
8
0
9
8
9
4
3
5
3
97
8
7
1
9
9
5
5
39
4
2
0
9
1
5
87
2
8
8
0
2
9
49
9
9
01
9
4
0
3
7
1
7
91
3
0
5
5
8
2
9
09
0
6
3
2
2
9
039
6
5
7
0
2
0
0
8
6
9
9
2
9
24
18
0
0
124
9
4
9
3
1
2
5
4
0
8
0
4
89
6
3
3
7
8
0
8
58
4
47
8
8
2
60
5
4
1
9
0
8
3
3
4
7
8
4
2
5
1
4
5
2
7
53
9
0
5
7
8
7
7
5
0
4
9
02
1
856
9
8
7
0
4
8
5
4
2
3
6
8
2
2
4
67
6
4
3
6
8
2
1
476
5
8
2
8
3
17
4
2
1
3
9
8
0
0
6
2
88
0
9
4
7
2
2
7
1
4
477
1
1
9
27
5
6
2
6
96
4
4
5
0
5
7
22
5
6
5
5
6
73
2
0
6
5
2
0
0
26
58
9
5
9
58
6
1
6
6
0
2
5
7
6
1
6
33
8
32
2
6
8
8
8
8
1
2
1
3
7
6
1
9
9
5
1
8
01
7
52
2
3
93
5
42
7
1
2
7
19
5
4
4
7
7
10
81
9
8
0
2
27
0
1
5
2
5
5
9
7
4
9
22
2
9
4
134
3
7
1
5
0
4
8
2
8
5
1
3
5
2
6
5
0
78
9
8
1
2
4
1
52
9
4
29
1
9
1
902
9
3
7
6
1
12
2
398
87
6
567
5
8
3
2696
1
4
2
2
6
5
5
9
51
0
8709
919
2
8
8
68
9
515
3
4
7
5
6
7
1
0
3
8
4
3
1227
8
9
0
5
2
5
3
5
9
399
1
1
7
9
0
75
4
1
8
6
0
1
090
7
86
9
6
32
2
1
72
72
4
4
9
1
85
0
5
7
3
69
4
20
1
6
4
35
0
3
7
8
0
1
0
8
6
6
1
6
43
1
75
26
9
4
3
4
3
4
8
7
0
6
4
5
3
9
7
58
2
6
5
3
6
9
5
0
8
4
8
63
59
9
5
3
4
2
6
2
6
4
1
6
6
52
1
19
2
33
9
4
79
2
91
7
73
1
6
1
2
6
3
9
6
5
6
21
0
5
8
4
1
00
1
4
9
1
8
9
5
5
1
1
5
8
9
3
9
13
792
5
8
0
9
4
0
8
9
8
37
7
0
4
2
4
6
7
3
2
4
3
2
9
2
8
5
4
7
4
1
0
42
5
88
0
3
8
9
6
9
542
1
36
6
0
0
2
2
39
4
5
1
0
0
6
4
9
7
0
6
3
3
0
9
5
8
7
41
0
0
1
7
0
1
13
3
2
43
9
3
0
7
5
8
9
4
7
6
9
2
0
5
8
1
3
5
3
3
6
69
8
7
8
3
3
0
4
9
6
5
8
6
0
8
4
5
7
4
66
2
3
1
2
1
6
1
9
26
51
89
8
8
9
2
9
9
0
8
4
036
00
3
265
9
0
5
7
70
6
7
44
5
8
1
467
4
8
7
9
0
0
4
1
1
82
44
0
2
9
5
9
8
2
8
0
5
9
5
3
8
5
7
4
0
9
0
3
9
03
42
5
0
5
8
0
5
5
2
7
77
2
2
8
7
8
6
501
43
8
65
9
6
32
3
7
1
3
5
0
62
6
5
6
8
62
5
7
8
7
9
0
0
5
5
5
9
64
60
67
5
6
2
98
2
5
02
9
2
11
3
2
5
46
0
1
1
07
1
0
85
7
6
7
76
5
65
4
8
9
4
55
2
8
8
6
8
3
0
8
98
8
7
65
2
48
4
2
5
1
7
9
0
1
9
5
6
3
6
7
7
2
8
25
9
6
8
6
3
1
7
5
7
2
1
6
9
0
3
0
1575
0
3
6
5
6
1
7
9
4
8
1
0
8
1
1
8
9
055
9
0
7
2
9
4
5
0
07
3
6
1
8
5
3
7
00
44
9
31
1
1
7
7
88
2
9
8
7
3
00
9
2
3
9
6
1
8
0
0
1
3
9
63
8
2
2
6
39
91
9
8
2
9
8
1
2
2
27
9
5
93
7
4
7
0
0
9
5
93
3
9
0
9
2
7
4
4
5
1
1
024
2
4
2
0
6
8
97
3
683
8
4
9
2
6
5
20
1
7
354
8
0
1
3
3
93
72
7
9
51
9
95
2
0
6
9
2
2
8
05
1
7
1
4
6
8
97
3
7
70
5
4057
78
2
5
9
604
3
2
6
6
4
2
1
6
3
8
6
52
1
8
0
8
6
6
6
3
9
0
6
7
0
0
5
1
34
5
0
1
56
8
2
63
77
0
28
60
5
9
6
0
8
8
5
9
9
10
7
2
58
3
6
01
6
5
7
0
13
19
8
7
4
637
8
0
3
8
1
9
8
9
9
0
4
8
19
7
6
0
0
9
9
3
4
83
8
7
8
5
2
5
305
1
1
5
4
8
9
0
5
5
6
3
1
9
3
5
2
41
0
93
38
8
205
7
9
7
1
9
5
229
7
8
7
05
5
6
9
3
5
1
8
9
9
0
81
8
5
1
7
5
5
3
49
4
5
0
08
950
0
8
5
8
3
0
8
7
3
3
1
63
0
2
65
7
1
5
8
2
8
8
6
5
4
8
07
0
7
5
42
7
4
2
0
4
3
869199
9
3
1
8
418
9
3
6
1
3
3
1
1
9
9
7
6
6
3
9
7
0
17
7
6
9
6
0
4
8
8
7
3
83
24
6
3
4
4
7
6
6
956
83
6
4
5
3
7
2
7
4
1
9
3
8
6
4
9
3
0
7
9
6
4
5
1
69
5
4
6
17
3
2
69
51
6
7
8
24
8
1
7
3
0
7
2
0
8
5
1
2
8
9
30
8
74
1
2
8
8
7
2
7
6
8
9
5
7
1
0
7
7
092
2
7
29
1
0
9
5
7
2
6
3
4
1
6
7
6
7
5
5
15
2
3
5
6
5
2
6
17
9
2
0
4
0
1
6
0
9
4
0
8
8
8
5
4
6
3
5
4
5
8
5
3
2
3
9
6
5
2
7
55
5
1
0
1
8
9
1
5
9
9
0
28
0
1
0
646
4
8
6
5
2
7
6
2
7
8
2
2
83
7
7
3
1
9
7
0
5
9
2
957
7
0
5
9
9
8
67
5
8
8
44
3
8
7
1
5
74
85
97
9
1
5
7
3
3
8
7
5
79
3
23
2
3
4
0
8
4
0
9
5
4
8
3
5
2
7
0
9
3
8
5
5
1
54
6
3
938
8
56
0
4
7
8
2
7
5
1
3
6
3
9
9
7
5
8
7
7
4
0
656
7
7
6
6
3
7
7
1
0
0
0
0
3
4
7
8
5
7
1
87
1
5
2
8
5
492
1
3
5
7
1
6
7
8
1
4
050
1
71
48
0
0
6
8
21
3
8
8
0
2
9
44
4
2
2
4
26
9
6
4
79
5
7
8
1
9
1
5
8
9
1
5
15
7
4
6
62
0
0
6
2
4
2
3
9
2
3
30
3
3
884
7
3
8
7
5
8
2
1
4
7
6
5
6
749
4
51
7
98
0
5
9
3
9
7
8
1275
7
8
8
6
1
1
2
6
2
5
2
7
1
1
1
2
45
8
1
9
5
7
6
2
0
2
5
6
9
1
83
709
7
21
5
5
9
9
45
6
6
6
5
8
2
5
8
5
8876
15
1
32
2
35
1
2
3
1
00
4
4
4
6
6
9
3
9
47
5
6
7
0
1
5
1
9
4
7
1
5
7
4
3
4
3
0
3
5
9
4
13
87
9
5
8
9
2
6
3
2
8
8
8
6
3
7
2
5
1
9
0
7
8
0
3
6
4
8
6
21
9
9
6
8
3
6
1
2
3
1
9
51
1
2
5
5
9
1
0
4
6
4
0
0
3
2
5
12
8
43
3
9
4
2
01
7
1
98
1
9
3
4
3
1
4
04
8
4
2
8
0
647
4
7
6
5
3
5
64
1
2
6
8
3
2
1
8
0
4
0
5
7
2
43
6
5
4
7
5
81
8
2
5
4
3
1
1
27
8
8
1
9
0
4
3
7
3
18
1
01
4
5
8
84
1
3
195
0
50
2
9
1
2
68
0
6
3
5
7
0
7
2
1
4
80
5
9
3
0
0
2
8
9
5
1
2
7
5
6
2
8
3
1
4
3
6
1
2
1
3
1
0
8
7
7
6
7
2
37
5
5
8441
0
6
6
3
2
8
54
9
48
4
29
3
3
4
1
6
6
0
0
8
7
9
7
5
9
7
5
3
6
44
5
1
4
2
2
1
6
7
6
3
0
13
9
3
5
0
04
6
1
6
4
0
13
66
1
2
6
8
6
4
8
1
1
8
9
6
3
9
5
8
6
43
8
0
0
79
9
7
3
4
46
2
324
9
5
6
61
1
5
4
8
4
89
9
98
7
4
1
1
8
2
8
5
9
4
1
2
2
57
9
3
2
2
8
7
2
6
6
6
7
2
64
6
0
1
7
89
7
1
54
0
8
4
7
4
1
9
3
0
5
8
5
0
0
4
1
7
4
6
4
2
6
0
5
1
4
7
4
1
7
5
9
5
8
1
0
5
3
43
0
8
1
95
7
7
23
9
7
3
4
7
3
0
9
7
7
1
4
9
7
1
8
7
42
0
8
4
2
0
4
5
4
1
3
28
6
1
1
4
8
7
1
5
3
9
4
5
2
4
0
4
9
7
6
3
8
0
0
76
5
0
09
6
0
7
9
2
9
7
7
84
6
5
3
0
0
0
22
0
82
1
1
5
4
5
9
9
5
1
8
7
7
6
6
3
4
5
8
9
2
4
2
5
7
9
2
8
3
5
5
20
6
4
7
8
17
0
0
8
2
9
7
2
8
7
9
1
3
5
6
8
6
5
0
52
7
5
9
4
033
05
4
8
9
1
4
0
6
3
336
1
2
7
0
9
95
3
7
5
5
7
3
3
87
4
0
1
791
4
8
60
7
7
69
4
7
5
0
6
4
9
45
8
4
5
9
53
1
1
7
1
03
12
0
5
4
0
84
8
14
4
1
60
1
4
62
8
4
007
88
9
9
7
4
8
37
48
3
0
8
1
3
30
78
54
2
1
4
3
7
6
9
3
61
03
3
4
1
5
62
3
9
5
8
3
03
3
1
2
39
2
7
9
3
3
8
7
9
6
4
3
5
0
5
7
8
1
0
89
83
5
5
2
1
76
1
4
1
5
35
2
5
5
4847
2
6
6
4
5
5
4
0
7
5
5
20
6
8
1
31
2
6
9
6
2
3
1
5
4
9
6
7
9
3
0
6
2
7
1
7
0
3
3
5
0
1
0
7
5
7
0
5
69
7
4
3
05
8
1
5
2
3
7
9
46
4
2
8
1
7
0
0
9
7
9
3
2
32
3
9
0
5
8
0
2
9
4
53
5
11
63
0
7
2
7
8
3
8
0
8
4
57
4
8
7
1
8
0
3
2
0
8
9
7
7
3
0
4
5
0
5
1
2
5
9
9
3
6
2
4
7
1
0
0
3
85
0
7
6
9
32
3
2
6
3
7
3
7
3
1
7
00
4
0
2
3
6
42
6
1
0
9
8
4
7
19
3
4
87
6
3
44
2
0
0
2
1
8
2
0
3
1
2
7
4
4
2
3
1
7
99
6
6
6
0
7
2
8
1
3
0
2
0
0
8
0
5
9
1
8
6
3
5
4
5
1
5
8
3
59
8
5
9
1
5
4
33
0
4
8
7
1
6
80
9
6
2
8
6
84
9
8
90
1
7
99
2
54
2
0
3
0
3
054
7
4
6
9
4
5
1
6
3
92
4
4
7
5
2
79
22
7
5
6
2
5
6
7
5
1
93
8
7
0
8
2
0
3
7
04
6
3
5
5
0
7
0
0
3
0
4
8
5
0
4
7
79
1
9
8
2
33
4
6
6
7
8
12
9
6
2
5
4
2
8
6
2
7
70
7
1
5
0
8
0
1
1
98
813
5
9
2
1
3
6
5
0
62
7
56
59
4
5
6
9
3
45
9
43
3
0
2
0
3
7
1
2
7
77
6
6
7
3
0
74
1
7
1
9
0
2
9
3
4
6
26
3
9
3
6
4
5
9
7
1
8
3
4
39
1
4
9
6
2
9
8
9
9
9
9
1
2
0
4
2
3
3
7
4
73
4
1
0
1
18
1
2
27
0
5
7
79
7
7
9
9
7
57
3
8
2
0
1
4
2
8
09
4
1
3
1
9
3
1
8
66
8
19
4
6
0
4
906
0
2
9
21
6
4
1
3
38
2
0
6
2
87
8
3
1
0
2
19
3
9
03
9
3
4
9
3
9
4
8
6
6
3566
0
72
6
1
0
14
6
3
1
1
5
1
0
5
2
5
2
4
8
9
9
6
0
3
7
4
9
34
7
4
3
0
3
6
7
881
3
3
8
4
2
3
7
1
8
2
1187
4
04
0
0
5
1
6
6
7
4
7
4
2
4
81
2
9
11
89
77
0
6
296
9
0
0
9
3
2
2114
4
3
7
2
4
7
5
0
0
4
2
201
9
6
7
1
8
8
2
5
6
6
1649
0
4
62
1
8
8
5
5
5
9
7
8
6
7
16
1
1
2
0
7
8
8
5
5
2
5
2
69
6
0
8
5
9
0
1
0
3
27
3
9
3
5
5
74
1
2
32
6
1
8
47
8
6
5
4
5
4
4
6
2
5
50
54
207
86
61
7
60
3
5
3
0
4
1
3
5
6
8
9
0
9
1
0
0
1
28
8
7
4
3
24
0
5
9
7
3
9
2
0
7
6
4
4
8
5
6
9
0
1
5
7
1
8
9
6
7
3
6
7
62
0
55
9
2
8
3
76
9
3
3
5
25
7
3
9
5
3
2
5
0
2
9
7
0
8
0
6
7
50
7
7
3
7
3
94
9
4
1
5
1
7
93
0
1
6
32
4
79
3
7
8
86
4
5
9
9
8
8
2
1
5
4
10
6
0
7
8
7
8
1
4
4
8
6
5
9
8
7
0
9115
54
9
54
622
3
5
5
2
742
6
5
7
8
0
2
09
1
7
2
8
777
3
8
6
7
4
9
7
4
6
65
8
0
97
59
3
5
5
2
0
80
5
0
3
2
2
67
83
44
8
3
6
7
4
3
4
2
74
3
5
1
6
99
9
1
9
9
9
4
5
8
0
7
4
0
3
8
6
1
9
4
5
6
14
8
2
2
2
2
9
28
2
5
4
8
2
7
3
2
59
9
4
0
5
0
52
94
2
53
9
2
8
5
3
5
1
1
17
2
0
8
91
8
7
52
4
2
8
78
59
5
7
0
2
82
34
8
5
96
7
9
7
7
75
8
2
82
1
85
8
1
1
8
8
7
2
8
2
72
24
0
0
283
57
2
2
7
5
0
2
2
8
2
1
37
4
9
7
9
2
5
6
5
1
61
5
6
7
8
13
48
2
5
5
20
8
27
2
0
2
543
5
4
6
6
6
0
5
5
0
8
1
6
1
5
9
7
8
5
05
7
5
0
7
6
6
0
8
0
5
0
89
2
1
5
6
5
3
6
5
6
17
0
3
08
1
4
4
1
1
61
99
9
7
8
9
2
2
6
7
3
8
7
5
3
9
2
2
0
9
2
4
23
90
9
6
6
5
40
0
5
6
1
8
4
7
53
1
0
29
54
0700
9
8
59
9
0
4
5
3
6
3
3
6
5
0
7
4
52
9
9
79
3
95
1
5
0
6
3
9
7
9
4
9
4
2
50
5
1
9
1
5
8
7
0
9
71
8
6
7
7
1
1
1
6
02
5
3
24
26
4
0
7
1
8
8
6
5
6
1
12
6
1
7
3
947
5
6
7
8
7
8
3
1
3
1
6
1
5
3
6
0
1
5
6
36
2
33
6
1
1
7
3
2
4
8
6
03
8
5
5
0
6
3
7986
33
0
9
91
7
9
8
3
6
4
3
8
33
8
5
6
17
1
9
9
6
8
0
7
5
3
0
99
2
7
3
0
7
9
1
78
6
5
68
3
9
9
3
8
1
4
4
4
7
9
3
6
00
5
90
4
7
6
4
1
6
8
1
5
0
5
45
27
2
43
614
6
7
4
6
49
7
8
09
86
9
6
9
7
4
7
1
0
0
5
0
8
47
74
0
54
0
6
3
7
2
3
1
5
0
8
3
9
2
1
4
2
0
2
7
9
9
5
29
6
12
6
4
6
59
4
9
2
88
2
62
6
1
1
69
3
5
8
97
9
05
60
7
5
96370
8
8
9
58
5
9
6
313
3
6
8
6
8
5
51
3
4
9
9
9
4
0
1
7
69
4
7
1
9
487
8
4
0
0
2
0
8
7
35
3
7
7
4
1
4
8
0
0
1
1
7
4
9
7
2
3
14
5
3
9
8
76
4
9
8
9
1
7
7
5
1
3
0
3
5
8
9
6
7
4
2
1
8
1
5
8
8
8
8
0
0
0
5
5
6
3
81
1
9
4
7
9
1
17
73
9
51
5
1
2
4
2
1
15
9
5
78
2
26
0
1
2
8
73
4
7
0
5
9
6
0
9
1
7
8
6
0
7
4
5
9
0
8
2
3
70
8
9
3
73
8
38
2
2
3
78
0
6
1
3
6
80
55
6
7
1
6
7
93
1
1
5
7
9
5
4
0
2
1
0
5
0
9
5
3
5
6
1
7
3
3
3
3
6
9
2
51
22
8
6
2
4
9
5
0
3
60
9
1
1
6
7
0
8
3
9
63
40
70
9
9
6
7
1
67
5
1
4
0
1
2
6
3
0
8
2
6
3
412
9
4
6
7
4
6
8
3
4
2
8
8
6
30
8
1
95
0
664
84
7
5
2
4
2
6
9
0
3
6
4
0
3
63
5
2
0
2
7
6
0
9
8
0
00
6
8
9
9
0
0
9
1
2
8
9
3
6
7
36
9
1
0
8
7
8
7
2
7
2
1
8
6
9
8
2
5
22
1
5
7
9
4
5
54
1
1
4
9
4
8
9
9
0
2
82
2
6
11
31
7
9
4
6
9
0
0
7
3
3
9
5
87
8
7
7
1
625
68
4
1
4
1
1
3
5
1
5
9
0
9
3
264
1
3
1
8
18
0
2
5
675
6
6
1
1202
3
72
5
4
7
2
065
4
0
5
2
0
1
02
0
2
338
0
2
85
0
5
1
9
39
2
9
7
7
1
3
03
2
1
50
52
4
1
9
0
0
2
8
2
5
0
7
1
1
0
5
4
0
9
9
2
9
7
8
9
1
2
9
3
5
6
3
7
4
2
932
4
22
6
3
0
4
5
6
3
68
3
3
7
92
3
6
0
4
8
7
1
9
6
7
1
0
1
7
1
50
7
8
6
5
8
0
1
282
6
3
2
8
6
3
7
5
81
8
5
17
7
2
8
8
4
4
8
1
7
4
9
0
6
3
3
2
7
1
3
8
4
3
3
16
2
4
85
9
9
1
6
2
5
4
8
2
0
5
5
3
6
366
6
1
0
9
9
5
6
4
9
2
2
4
1
0
6
6
9
3
4
3
70
6
78
3
0
7
5
1
9
1
2
0
0
26
1
3
47
8
3
9
3
5
9
66
6
0
7
8
9
8
0
16
8
3
8
3
0
08
7
8
3
9
4
7
7
2
4
8
8
4
2
1
7
8
2
67
5
0
92
1
2
3
8
24
1
5
41
8
70
7
5
7
1
93
4
9
0
8
11
8
3
27
66
0
8
7
5
7
8
3
5
1
4
943
2
30
7
6
6
1
008
6
3
1
6
9
5
1
87
59
1
1
8
6
3
0
3
3
6
3
5
8
05
06
7
2
7
962
30
8
9
6
5
4
3
9
5
0
1
4
1
5
8
3
5
8
09
1
1
8
8
56
88
891
3
2
1
5
8
4
2
9
8
6
9
8
2
1
0
75
4
9
9
13
8
1
8
8
2
2
3
4
5
8
6
7
0
8
6
9
5
1
7
3
3
5
9
66
8
71
47
9
4
4
1
1
1
7
57
1
82
6
8
1
4
95
4
833
5
14
2
01
5
8
74
8
97
9
5
1
7
3
2
35
6
7
5
10
3
8
5
8
1
7
2
9
1
687
7
2
4
3
02
9
70
0
2
10
6
6
0
4
1
1
5
1
133
87
1
4
9
1
7
3
8
8
7
4
8
0
3
3
5
0
2
3
9
3
7
7
26
90
1
3
5
5
4
5
39
9
9
0
3
7
0
0
1
5
1
4
5
2
1
1
6
5
97
5
31
8
8
3
05
2
0
0
2
0
4
0
4
1
9
8
4
9
80
77
24
50
1
1
21
6
27
7
99
24
2
4
1
8
0
44
2
7
4
6
9
5
8
4
6
08
5
1
7
4
0
3
6
7
3
2
8
6
6
2
79
8
3
3
3
5
2
23
8
2
754
9
7
50
6
0
0
04
7
5
1
5
5
119
1
9
98
10
3
3
6
2
7
1
77
0
4
7
4
7
2
0
4
0
2
3
6
00
65
8
6
5
8
2
8
2
0
1
756
4
3
6
0
8
1
8
3
4
6
6
9
1
5
81
3
0
6
4
70
2
2
1
56
04
4
8
1
5
1
3
1
61
75
3
8
7
9
9
6
0
5
0
5
6
2
7
4
4
4
4
5
9
5
8
9
2
4
6
9
8
8
1
4
6
6
2
1
15
2
7
9
5
7
0
7
6
8242
1
8
3
7
2
8
9
8
30
4
4
4
4
9
5
4
2
0
6
4
9
8
6
5
7
4
7
0
4
4
1
2
5
1
6
0
7
8
0
2
1
45
2
5
6
5
0
3
8
51
6
6
0
6
0
2
8
3
1
9
9
0
0
5
63
3
8
6
6
9
15
1
4
9
2
0
9
9
0
6
1
4
0
44
4
7
5
0
2
0
8
7
8
7
6
3
4
8
3
9
0
86
2
8
3
3
49
4
3
47
9
76
6
6
2
5
38
7
8
3
7
7
5
9
5
9
8
5
3
3
3
93
9
8
8
7
5
6
7
32
0
5
7
8
0
8
1
7
4
6
3
3
9
9
2
8
7
0
4
6
7
1
60
9
5
2
8
0
85
8
0
4
3
1
7
7
3
5
8
7
70
0
5
1
1
7
7
2
4
8
9
8
8
4
7
2
9
2
6
4
1
74
0
6
6
3
474
2
8
6
8
2
6
8
7
3
1
3
0
02
3
2
4
67
1
3
6
6
1
3
3
0
4
0
5
7
2
5
7
1
5
5
5
52
8
7
9
5
7
2
1
6
0
8
4
2
8
2
5
1
8
1
4
1
6
0
7
67
4
0
2
9
4
6
4
4
8
3
4
0
1
52
43
86
3
13
0
5
21
96
0
6
0
2
50
6
6
1
0
6
3
6
1
1
0
7
2
0
4
8
6
9
9
3
64
9
1
3
7
2
8
2
1
6
5
5
3
6
0
3
5
4
9
6
4
9
5
1
9
1
14
83
3
6
9
77
808
82
5
6
6
2
7
8
8
9
8
5
1
3
0
2
5
2
6
2
6
0
3
7
4
4
2
2
7
5
6
9
59
2
5
0
9
1
7
47
5
8
0
8
0
9
06
09
8
6
4
15
0
9
3
5
0
8
6
8
9
27
1
4
08
6
5
1
7
0
0
0
12
6
868
8
8
6
5
5
72
0
9
06
52
6
8
35
7
2
0
4
3
7
9
4
3
8
0
2
9
3
8
64
5
2
8
49
4
4
9
5
0
98
7
0
9
43
8
9
8
2
8
7
1
78
0
8
6
9
934
9
0
4
0
4
1
7
8
6
1
1
1
9
9
8
9
8
7
64
3
1
8
7
6
0
4
9
1203
9
8
7
8
1
9
1
3
5
2
3
4
8
0
0
9
6
4
5
04
7
3
5
6
0
9
3
1
5
9
62
5
5
5
6
65
4
0
2
0
3
0
0
4
7
3
8
6
2
9
98
5
27
8
9
4
76
5
6
2
3
4
3
5
2
5799
8
6
1
4
25
8
72326
6
0
4
6
2
87
0
3
9
5
2
94
2
8
9
8
2
1
2
13
5
3
0
80
0
5
2
8
2
1
6
6
7
7
3
1
9
0
3
9
2
0
5
9
8
5
4
6
20
15
7
4
9
952
9
1
2
03
3
0
2
0
4
4
4
6
9
0
1
5
6
0
9
9893
1
7
9
4
00
2
6
6
4
4
2
4
18
6
6
8
0
4
7
2
4
9
8
6
4
8
8
5
51
1
05
8
3
5
6
9
2
9
1
6
8
4
2
6
8
66
3
8
5
1
3
2
9
3
8
1
8
62
5
3
7
1
8
7
1
3
6
92
2
6
9
5
9
3
7
0
95
9
74
0
14
52
0
2
5
7
9
0
7
328
5
7
2
9
3
1
6
9
1
06
28
9
9
7
53
3
2
9
7
8
3
8
7
6
3
817
7
9
0
4
6
3
6
37
8
1
8
0
9
40
44
1
9
9
72
3
98
1
3
1
4
0
4
2
86
9
0
8
5
4
9
85
094
7
9
5
9
2475
9
6
4
8
7
69
0
7
3
2
7
35
2
0
4
8
3
0
4
4
6
2
9
0
947
8
54
4
09
1
0
07
46
4
7
8
9
7
9
0
5
5
0
05
2
2
0
4
7
0
5
1
3
727
4
7
4
6
7
2
6
33
6
7
1
2
8
6
9
84
4
0
9
5
9
8
3
5
1
8
8
8
9
5
5
260
0
5
7
5
33
3
5
8
1
3
8
6
8
34
91
0
81
6
4
5
9
2
92
0
3
01
9
1
6
5
45
5
1
73
57
03
8
8
1
72
5
1
8
3
1
29
9
5
2
0
8
3
4
2
89
8
1
1
7
0
88
8
4
1
8
1
8
2
77
6
4
8
4
9
9
0
9
0
2
9
5
7
4
9
461
5
52
2
6
4
0
7
87
2
8
4
2
6
2
8
3
2
5
3
6
40
3
9
0
8
9
6
1
5
2
6
4
5
6
51
37
6
8
7
1
754
0
18
7
3
74
89
28
4
1
2
4
1
2
4
1
5
7
45
8
5
0
4
124
56
4
0
3
1
2
82
3
9
6
95
0
9
185
6
1
6
7
3
7
2
29
0
0
460
3
9
3
6
40
2
3
4
0
6
0
5
46
5
9
0
9
0
1
8
6
53
4
4
6
7
8
3
8
3
5
4
1
5
3
14
1
7
8
4
5
5
5
2390
7
0
3
3
9
5
9
841
5
6
5
2
377
9
9
4
0
4
0
3
5
2
6
1
38
8
49
1
1
9
6
21
29
2
7
6
6
0
0
9
3
9
9
7
2
1
0
4
7
1
1
5
5
5
06
2
2
7
88
1
78
0
75
7
6
7
5
6
6
45
7
1
7
7
2
4
8
8
1
4
50
8
79
4
5
7
4
7
79
6
9
1
3
73
5
99
0
7
43
7
9
4
1
7
3
3
7
2
1
3
4
0
7
1
7
0
03
6
0
3
9
5
08
5
7
7
914
3
8
0
3
8
3
5
5
5
5
3
6
2
3
7
2
9
5
73
2684
4
7
2
7
75
2
31
7
99
0
8
5
8
5
6
8
1
63
1
1
9
0
9
78
4
85
2
1
0
5
1
863
17
0
0
00
9
0
9
1
9
5
6
2
3
3
5
0
4
06
3
33
1
7
8
3
4
0
9
96
265
5
3
5
8
5
1
2
5
0
7
8
4
3
8
5
8
0
6
4
4
1
2
8
92
16
1
1
2
3
3
4
0
1
12
1
3
276
0
7
9
5
0
2
5831
9
7
3
36
40
0
9
2
0
5
0
9
5
6
5
0
9
91
2
1
3
8
7
5
6
2
9
2
3
3
57
0
00
9
8
00
2
4
1
22
4
1
5
6
7
7
4
8
5
3
4
9
9
0
2
3
5
3
7
7
1
40
5
3
1
7
4
9
9
54
0
0
7
28
7
6
5
6
9
6
6
9
6
5
8
57
0
2
7
1
1
1
4
8
5
0
6
0
0
3
94
9
4
4
3
55
6
1
0
2
9
9
33
71
3
7
8
0
2
0
6
8
2
07
6
4
4
3
2
9
16
6
4
8
5
9
3
8
6
7
2
97
1
4
8
7
6
3
1
1
5
7
2
8
2
9
4
2
9
5
1
1
9
3
8
9
27
4
6
0
0
0
5
0
1
10
5
29
9
6
5
1
9
14
9
3
192
5
09
2
0
7
0
0
9
1
1
39
2
6
7
9
8
6
7
8
1
2
4
94
31
7
09
48
2
3
18
8
26
16
6
4
99
1
01
5
8
3
99
8
4
2
9
0
8
4
6
4
98
1
7
2
2
6
43
2
0
6
8
3
4
8
8
1
4
5
8
4
2
7
88
9
82
3
2
7
6
5
6
8
2
5
1
1
0
5
6
1
12
9
8
1
2
1
4
1
4
3
2
75
8
7
0
0
0
6
69
8
1
0
0
5
5
7
4
1
9
0
6
2
18
89
9
9
68
6
2
4
6
7
9
9
8
6
7
0
6
3
6
9
5
29
59
7
50
0
2
80
2
3
3
1
