1215
8
98362
8
0
33
03
78
3
5
0
9
5
49
6
0
73
8
433
2
7
2
6
9
3
1
1
5
0
0
6
8
7
31
3
4
7
1
8
2
8
3
9
1
7
8
4
5
8
31
1
5
5
8042
29
9
2
4
1
9
3
4
6
34
5
32
6
7
7
5
6
3
5
1
1
3
6
8
9
3
8
4
2
9
56
1
6
8
2
6
6
93
5672
1
0
0
3
32
2
3
34
4
1
1
5
69
0
4
9
4
73
7
6
2
3
1
7
2
1
2
5
8
47
6
76
7
3
4
8
32
9
4
6
9
00
86
69
6
3
2
87
85
0
1
5
5
4
1
0
8
7
9
7
0
8
7
2
9
6
1
1
9
0
5
4
4
4
8
70
9
5
14
8
9
6
953
9
8
0
5
1
11
9
4
36
0
4
1
9
9
8
9
7
50
7
4
5
6
78
8
8
3
4
6
6
3
7
8
0
6
5
77
0
7
7
7
9
9
9
3
00
9
7
25
7
9
6
5
8
5
63
3
4
3
7
8
7
7
1
3
9
4
4
5
5
9
58
6
2
9
5
2
3
7
1
27
6
8
0
6
6
6
35
2
5
5
0
2
3
3
1
4
32
0
5
9
6
9
8
6
4
81
0
83
6
2
4
8
2
98
1
9
2
7
7
8
6
0
6
0
9
3
6
8
62
4
5
5
8
5
2
9
0
9
6
5
8
1
9
6
9
55
7
6
5
4
3
3
4
7
9
2
4
3
9
1
4
6
2
7
55
5
7
3
7
6
4
7
6
10
0
1
282
44
90
12
0
9
36
2
9
3
4
4
7
1
988
6
68
0
7
7
2
7
4
0
6
8
5
7
3
4
96
5
7
0
8
7
4
9
5
8
2
8
64
9
7
18
1
25
9
7
5
31
9
1
7
6
51
5
6
3
0
4
2
7
2
5
1
3
4
2
7
6815
3
4
4
4
9
8
9
5
3
5
14
1
0
9
5
1
8
0
2
1
4
8
72
0
6
5
1
2
6
1
47
9
4
4
3
00
3
1
6
5
6
4
0
8
9
2
0
2
6
8
2
3
7
2
1
193
68
0
9
0
3
1
3
01
1
0
9
6
8
54
1
6
1
6
1
1
0
0
2
2
54
43
9
8
7
9
8
9
7
0
1
9
6
9
1
4
2
0
6
4
24
4
48
1
1
2
9
7
4
1
46
1
3
5
9
78
7
921
2
6
5
8
2
8
0
6
7
6
9
22
8
8
33
40
43
7
0
4
4
70
82
0
13
9
49
4
4
3
2
1
5
5
3
1
3
14
1
9
6
2
0
4
6
1
1
6
2
5
1
8
5
0
8
27
74
5
1
9
7
3
6
6
4
2
2
0
4
39
2
57
6
6
3
9
5
1
6
4
9
9
0
1
0
4
6
0
6
6
6
3
3
5
1
4
9
4
31
1
3
4
8
6
7
5
3
7
1
3
41
0
3
3
7
4
06
9
3
8
57
3
5
4
3
9
2
2
9
7
0
3
2
9
8
2
4
6
0
9
3
2
34
2
1
5
8
1
7
1
2
7
79
9
0
5
3
1
32
70
5
95
1
3
525
2
4
0
5
4
6
5
8
78
6
6
9
2
2
3
7
8
4
0
1
3
0
1
0
9
8
40
8
58
4
2
5
0
8
2
4
64
6
5
27
2
8
6
7
8
2
2
8
4
5
76
7
83
9
8
2
7
5
7
78
9
9
9
3
0
1
26
7
4
7
7
2
3
7
0
2
5
36
6
0
804236
3
8
2
1
7
4
4
3
3
3
3
9
1
2
8
08
1
9
0
8
3
6
9
1
9
1
289
6
3
5
0
6
43
180
8
5
4
5
1
96
32
24
53
1
8
26
56
13
9
1
6
2
9
3
8
3
0
8
6
71
7
2
1
5
4
0
1
3
8
3
97
63
6
61
9
60
3
2
3
8
6
0
2
6
5
9
06
2
70
66
8
187
9
7
8
9
9
8
5
2
1
1
04
1
84
7
6
2
1
3
2
0
4
2
9
9
25
4
9
9
36
8
0
0
4
8
6
52
8
1
78
1
06
0
6
0
4
77
8
95
1
3
4
5
7
97
01
4
2
2
6
7
4
0
8
76
8
5
8
82
4
49
1
4
5
5
57
82
0
4
7
0
78
9
4
9
5
3
7
20
5
7
5
7
2
9
4
12
2
2
9
46
083
1
0
6
9
8
1
9
2
3
0
4
3
0
0
4
87
0
5
6
8
7
2
8
9
7
88
4
9
42
0
6
5
0
3
5
3
9
8
8
03
35
4
4
142
3
8
7
6
3
7
65
4
9
7
82
2
3
7
2
8
7
0
5
4
7
77
2
37
5
3
7
1
038
4
9
4
9
692
6
7
7
8
8
6
4
9
0
0
3
4
4
1
6
6
1
0
6
6419
4
9
7
1
05
3
9
4
572
22
92
2
6
46
4
9
2
9
91
7
6
3
4
1
6
5
5
2
4
5
9
8
9
8
5
4
3
3
4
2
8
9
4
4
8
7
61
33
5
6
6
9
0
0
0
3
6
1689
3
1
05
0
1
0
8
1
4
8
0
8
35
4
0
9
4
6
0
9
2
1
0
88
5
7
43
28
1
8
1
3
84
14
8
5
3
4
0
4
9
9
5
4
1
4
6
3
0
6
4
4
7
31
8
2
9
11
7
4
1
4
1
4
0
3
1
5
2
1
2
7
8
3
69
0
7
9
3
1204
6
2
4
6
0
4
8
2
7
2
8
4
3
31
6
8
73
1
8
7
5
31
3
2
4
9
1
9
2
4
2
0
2
6
3
4
6
8
2
1
6
0
3
9
9
8
4
8
9
3
8
5
12
7
7
0
1
2
25
7
0
0
7
9
8
7
3
2
2
3
0
1
30
74
9
3
2
3
0
1
20
04
3
6
6
6
4
705
2
8
7
658
5
7
15
1
3
56
35
7
4
4
2
9
8
0
1
8
58
3
7
6
6
7
5
8
2
4
2
409
9
6
4
502
3
7
5
4
6
5
3
55
1
2
61
4
3
2
0
9
1
4
623
2
4
38
6
25
8
9
9
6
4
1
921
9
7
5
4
2
3
7
3
84
5
53
8
8
6
2
1
9
4
9
24
9
4
7
6
6
73
9
2
39
5
7
8
8
9
083
0
0
7
5
7
9
4
6
8
7
1
1
5
1
2
9
0
701
3
9
5
3
94
9
8
9
8
4
2
7
2
1
39
56
4
8
8
1
92
5
8
3
0
7
48
3
38
757
2
7
9
0
2
7
6
04
3
2
60
4
012
993
74
95
36
3
81
986
9
6
3
0
49
48
4
1
1
1
1
7
9
1
3
3
1
0
5
65
3
7
1
2
8
5
67
4
8
30
8
2
7
3
5
7
0
7
6
5
6
9
2523
1
0
4
7
1
7
5
6
1
7
4
0
8
50
7
8
3
4
3
8
6
79
4
7
2
4
77
5
9
44
9
900
9
13
7
1
99
6
6
4
14
1
32
2
560
1
92
0
2
2
4
3
3
1
29
8
8
65
7
2
8
5
9
4
7
3
3
9
9
2
3
05
4
5
6
9
3
4
7
0
4
1
8
3
5
94
8
7
6
9
8
6
8
7
05
0
69
8
2
0
9
7
7
7
4
4
8
8
7
1
5
6
0
2
2
1
58
0
1
5
9
8
41
3
5
9
2
2
8
66
72
4
0
2
89
8
4
3
6
1
2
5
4
5
4
1
61
5
2
7
7
4
7
4
6
5
6
0
8
7
4
3
2
9
1
2
454
8
0
1
3
8
6
84
5
0
6
0
8
4
2
3
02
87
26
5
9
5
4
0632
2
3
1
7
0
0
0
8
9
9
4
7
1
9
8
6
3
1
5
2
0
9
87
5
6
6
4
93
1
3
91
2
6
1
5
4
598
3
2
0
6
69
22
4
7
8
6
68
2
7
8
7
9
90
0
5
3
2
6
3
4
5
1
5
8
9
3
2
02
6
4
9
5
7
5
15
6
7
1
5
7
0
4
94
2
82
9
9
8
9
4
6
4
9
92
24
6
1
9
2
9
6
7
1
61
8
4
3
4
39
8
1
4
2
28
0
98
9
8
5
3
4
2
2
3
1
8
35
6
9
4
3
6
5
0
3
7
39
1
9
07
7
0
3
2
1
3
9
1
4
4
9
7
9
2
23
3
8
7
2
0
2
1
3
80
15
7
9
0504
6
30
2
6
7
107
0
1
28
7
4
4
3
9
5
2
2
1
0
1
9
22
71
2
0550
67
6
76
00
1
3
2
7
1
3
0
9
4
9
0
47
4
1
2
67
6
5
8
5
6
3
33
7
4
1
8
64
8
1
2
9
5
7
22
2
0
0
1
4
04
0
8
3
2
4
0
5
5
5
1
1
2
5
9
0
1
87
0
4
5
0
4
01
0
77
0
1
23
4
6
6
6
58
2
00
01
2
5
9
3
0
5
1
3
513
1
8
0
3
3
2
50
8
7
7
6
94
9
94
8
7
9
36
0
0
6
6
0
2
0
5
6
6
7
0
8
4
7
3
8
4
6
3
2
87
9
2
0
6
6
9
5
2
7
4
5
99
7
0
5
94
4
26
1
0
0
1
7
5
8
2
0
6
5
3
2
3
5
8
5
6
76
3
54
8856
1
4
1
8
7
00
3
9
3
0
1
6
3
7
6
21
0
7
3
3
17
9
09
75
0
59
39
3
8
5
11
4
7
6
7
38
4
5
2
0
7
9
2
3
2
9
7
3
9
1
5
5
1
2
9
0
0
4
30
5
1
6
6
2
7
5
2
23
8
5
6
5
2
1
4
35
98
7
5
6
4
01
2
0
6
4
7
7
4
7
4
0
3
6
8
8
7
6
8
2
8
4
0
1
35
1
2
0
6
91
9
3
9
5
6
0
08
1
5
3
0
0
74
0
6
3
4
0
0
8
5
1
76
0
5
9
8
5
8
3
9
8
84
7
1
1
8
8
0
2
32
0
52
6
0
4
0
5
1
8
1
98
954
7
9
33
1
0
8
4
7
89
3
4
1
0
1
0
5
2
00
4
1
2
1
0
1
1
3
8
1
5
3
8
4
6
7
6
3
9
1
2
1
4
0
8
1
1
6
6
62
0
8
1
2
7
84
0
3
3
8
4
9
4
51
9
2
6
7
3
1
7
7
1
451
3
9
40
2
2
6
11
6
1
0
5
5
69
8
1
47
0
9
7
4
7
2
3
2
8
0
7
2
5
8
42
4
6
4
8
5
80
0
7
5
7
0
4
9
6
0
3
41
25
2
5
4
17
0
7
2
5
0
4
15
2
7
7
8
9
0
3
9
9
2
0
989
3
6
0
4
5
0
6
0
2
2
7
1
8
2
7
3
2
4
4
47
4
4
1
50
51
3
8
1
1
7
9
299
4
2
3
7
0
31
33
7
6
4
1227
2
5
5
3
0
1
4
9
4
7
6
0
6
4
2
1
84
3
03
8
55
0
7
3
5
6
9
0
6
5
0
02
0
0
6
61
8
0
6
0
8
9
7
91
4
5
871
2
3
9
1
2
46
0
9
6
1
9
7
4
4
1
2
3
6
6
2
28
8
5
01
4
8
1
9
7
7
6
1
9
7
8
7
3
4
1
4
2
7
3
5
3
7
3
3
0
9
6
1
3
3
8
93
92
4
6
10
5
3
0
9
2
0
1
3
0
05
7
5
2
5
6
2
2
18
56
06
2
4
3
1
8
0
4
3
4
8
6
8
44
14
55
3
2
1
5
7
4
75
9
87
5
10
3
4
2
0
5
7
7
4
7
0
3
7
74
6
2
5892
6
5
2
3
42
63
6
2
6
5
0
4
2
9
2
7
7
5
4
2
9
4
3
4
1
3
62
9
6
4
8
6
9
9
1
74
6
7
9
89
2
0
6
1
5
3
4
0
3
7
4
3
926
4
7
4
3
5
8
28
1
184
4
8
2
4
7
9
2
3
5
87
6
8
8
7
8
3
7
7
8
5
7
1
8
5
1
1
5
20
26
4
9
2
1
4
1
5
5226
16
6
6
9
9
0
5
4
2
81
9
364
6
7
1
4
4
3
05
47
5
0
57
1
8
07
6
9
5
8
3
4
071
747
1
4
19
4
16
72
14
6
8
6
3
95
0
1
1
0
0
1
6
9
4
9
2
2
2
3
0
7
7
7
5
5
0
9
5
7
0
1
1
1
9
49
6
8
2
0
0
9
4
7
0
8
9
6000
5
3
4
5
6
7
4
4
0
8
35
9
21
35
5
8
4
5
3
5
0
6
8
4
1
8
1
6
481
0
1
1
3
57
7
0
63
6
4
7
5
4
2
8
3
0
237
7
9
1
7
3
9
9
2
9
0
2
8
8
3
62
7
5
8
4
8
9
6
2
0
3
2
1
54
21
1
4
6
2
4
6
2
5
8
2
9
63
0
2
3
3
6
0
7
1
1
7
1
2
0
1
72
8
8
0
3
9
3
8
0
0
9
8
3
905
7
67
8
9
7
15
1
7
1
1
5
53
08
4
6
0
2
4
5
9
4
6
4
8
180
17
56
9
5
0
7
2
6
9
6
6
3
6
3
9
3
17
0
4
0
7
4
8
4
1
6
0
0
9
9
3
175
5
5
47
2
5
6
6
2
2
4
2
4
9
3
8
7
50
33
5
4
39
8
8
00
1
2
7
2
3
3
648
1
5
0
43
1
29
2
9
9
1
7
4
7
2
8
4
4
5
5
8
5
7
1
5
7
8
9
7
0
3
1
0
9
44
1
7
3
9
7
9
9
7
4
4
9
60
6
0
8
8
3
51
95
7
6
9
1
4
9
98
58
3
6
7
5
7
8
2
1
5
0
8
3
9
1
8
7
4
8
99
2
01
12
0
1
4
1
8
251
2
2
9
5
52
492
4
5
2
0
7
7
3
4
68
6
0
3
7
7
7
0
7
1
4
8
4
0
4
21
5
7
9
93
8
9
73
5
1
2
9
6
1
551
5
4
5
2
7
2
9
34
7
6
2
5
9
3
4
241
4
0
3
9
6
9
7
0
6
7
24
0
29
5
6
9
6
7
1
8
8
7
7
3
3
9
7
9
6
3
2
3
7
1
0
7
6
5
8
0
0
6
4
5
5
4
6
7
9
2
6
3
9
5
89
0
9
2
6
82
9
3
42
3
2
4
6
9
7
0
8
3
6
6
2
8
6
8
4
1
3
6
9
7
8
3
2
6
2
3
7
88
8
0
9
4
1
8
29
0
9
1
1
0
9
9
4
2
6
8
1
5
1
98
4
1
3
83
1
68
3
0
0
5
316
2
3
4
5
6
451
0
5
6
6
77
8
3
9
0
1
15
3
6
1
3
3
1
5
5
5
4
26
14
42
9
3
0
5
08
1
5
9
93
9
9
30
9
6
6
7
3
3
9
7
6
53
0
3
1
0
0
2
1
1
1
8
2
6
8
6
2
1
2
30
8
6
290
3
5
1
1
9
805
9
4
1
2
51
0
0
2
7
8
0
2
2
9
122
6
8
2
8
0
3
8
8
0
0
2
44
6
0
0
5
8
3
0
1
6
2
94
1
6
3
3
8
9
43
1
5
6
065
8
9
01
2
67
3
3
0
7
2
4
4
6
5
4
7
11
96
2
3
7
5
1
74
6
6
3
0
1
3
96
38
3
0
6
9
0
2
99
2
5
7
0
2
3
6
3
0
31
0
8
642
4
0
5
3
8
5
1
3
59
2
9
16
384
0
7
7
6
7
7
2
30
1
0
9
4
2
0
1
57
5
3
1
5
5
0
8
1
60
7
0
9
7
60
26
0
65
4
9
6
8
07
6
2
10
7
8
9
8
97
5
3
9
78
4
9
5
77
3
6
1
3
2
4
3
5
20
2
6
17
5
84
35
5
91
55
5
7
9
2
8
70
2
1
7
0
44
3
5
4279
8
8
9
9
9
6
8
9
9
2
9
5
1
9
640
7
20
6
5
42
2
90
6
7
6
9
3
4
7
9
1
2
4
6
4
7
8
4
2
3
2
7
3
5
2
4
0
4
0
5
06
4
1
8
89
9
1
8
9
0
3
1
07
9
8
3
16
8
8
5
16
2
3
9
2
5
3
31
7
8
4
1
37
1
3
5
7
7
6
2
8
3
7
68
4
9
6
916
0
2
1
6
6
8
6
9
7
35
0
2
0
2
2
0
1225
489
55
0
2
0
4
4
7
2
4
7
9
66
7
1
1
9
2
2729
5
2
4
1
7
1
0
5
5
8
3
4
1
6
2
1
5
7
4
95
2
9
4
6
0
1
05
9
1
7
6
3
7
9
3
5
1
3
3
6
2
9
7
9
5
9
4
4
1
0
8
0
62
1
0
3
2
9
0
9
0
3
2
4
8
6
6
5
3
4
6
4
9
5
0
5
6
0
3
4
1
7
0
39
3
2
5
1
7
0
1
1
6
5
6
4
07
4
7
1
5
9
7
7
8
8
8
8
3
3
6
6
4
8
4
7
6
1
1
7
5
9
5
9
7
9
8
2
2
6
02
9
1
4
7
3
3
71
9
8
93
0
938
21
08
8
1
08
49
2
0
3
5
0
8
7
5
2
7
0
8
3
7
9
9
9
3
1
3
045
0
4
9
3
5
1
4
3
7
0
6
9
9
8
3
5
8
5
1
2
8
87
7
9
3
1
1
3
3
4
6
1
4
9
5
4
6
1
3
0
5
5
6
0
9
2
7
3
5
3
9
1
3
25
9
49
4
1
09
3
1
6
3
7
6
0
34
2
3
3
5
4
5
8
6068
2
5
2
14
6
2
1
8
9
7
7
5
8
6
8
20
2
3
5
6
9
90
1
4
2
5
6
3
74
5
1
7
0
3
8
1
38
05
8
1
5
3
0
1
6
2
6
8
7
2
2
20
0
98
7
8
2
9
0
34
5
3
2
4
4
5
9
6
3
9
1
65
3
3
2
8
5
9
2
7
9
3
7
7
8
9
4
5
1
9
470
1
4
3
1
8
7
0
5
4
7
9
7
25
0
7
5
7
6
7
8
3
6
0
78
3
7
1
7
9
1
1
0
9
9
5
7
3
2
0
3
8
7
1
6
2
9
0
7
8
4
3
3
0
8
6
0
8
4
25
9
7
0
0
3
4
6
8
7
6
6
5
4
1
55
2
3
9
0
9
9
1
8
31
0
0
4
6
2
4
1
4
8
8
9
50
3
97
5
4
4
5
69
0
9
0
1
8
0
2
66
90
5
8
2
2
2
2
9
09
9
3
1
3
2
3
0
1
1
0
2
1
1
8
9
9
6
8
7
0
7
4
2
79
03
6
2
5
6
5
3
2
7
0
8
1
27
1
0
5
8
9
4
7
3
3
38
3
1
2
7
8
8
8
5
5
1
7
2
4
6
9
3
3
3
9
6
5
3
5693
0
9
2
77
3
01
6
93
8
9
9
3
4
8
1
0
8
2
0
3
3
243
2
5
4
8
1
5
2
8
6
4
6
693
7
169
3
2
89
6
0
8
0
2
6
2
3
71
9
0
9
6
3
5
4
1
6
2
1
3
9
8
0
57
5
9
7
1
43
4
5
9
29
6
6
3
57
10
3
7
7
0
1
6
8
6
9
2
551
3
6
3
8
2
60
5
2
1
3
0
7
5
1
6
9
1
0
9
8
7
018
8
4
4
7
4
2
7
2
0
8
9
7
6
8
8
7
6
8
7
59
0
9
8
3
3
6
6
1
88
1
7
5
8
6
9
7
3
2
2
6
5
1
5
0
1
5
0
4
3
3
9
3
3
584
5
7
7
2
2
2
7
8
0
3
8
3667
9
1
8
28
8
4
7
6
2
2
8
6
3
3
1
0
6
6
6
53
3
1
9
77
2
59
3
5
3
1
14
48
7
8
1
5
4
1
9
7
185
8
5
0
7
2
2
8
8
2
40
9
8
1
2
0
7
2
1
9
9
6
9
1
8
3
3
99
7
7
422
8
7
4
8
3
1
3
6
3
6
6
7
5
0
3
6
5
0
0
02
60
22
6
32
5
64
6
9
4
6
2
6
3
9
8
6
60
7
4
2
711
2
2
37
24
16
0
5
4
9
79
6
8
4
6
3
2
1
6
9
2
7
5
8
5
6
60
5
4
6
2
7
8
8
6
7
3
8
783
29
9
7
608
7
2
03
5
18
4
4
0
4
5
5
2
3
543
8
3
4
7
5
6
8
1
7
4
0
3
6
7
5
9
7
4
1
47
4
5
0
5
2
79
453
876
3
1
3
5
2
47
0
3
1
0
0
8
56
3
3
9
0
2
3
6
4
2
7
7
85
7
8
6
5
5
3
9
6
9
8
4
0
5
3
5
4
2
2
8
9
14
4
3
3
6
57
9
6
8
4
6
3
2
9
63
1
8
7
3
8
6
4
7667
2
5
7
3
6
2
2
3
6
3
0
0
24
9
3
9
3
0
3
4
72
4
0
9
9
6
7
7
5
7
5
6
06
0
2
4
2
50
07
6
2
3
2
5
9
2
1
4
2
5
1
0
2
7
6
4
8
4
5
7
5
1
9
4
97
5
09
5
7
0
1
9
2
9
8
73
1
6
6
2
875
6
7
6
5
6
3
4
10
7
0
3
1
7
0
5
57
7
35
4
6
20
7
8
12
5
1
12
6
4
5
9
0
44
0
1
6
3
5
9
4
7
3
2
9
44
8
1
0
4
2
1
58
3
4
0
7
97
29
9
9
6
01
7
7
2
5
6
4
8
7
45
4
0
7
9
1
0
78
01
0
0
3
0
6
7
7
78
1
1
9
4
2
2
7
2
5
49
9
5
7
5
6
0
9
1
6
2
1
3
8
3
7
7
0
5
6
6
3
8
5
91
9
189
4
3
0
3
2
8
68
5
3
7
9
6
4
7
36
6
1
25
5
4
2
5
5
9
53
18
5
1
0
1
4
3
4
5
171
76
1255
5
5
2
2
01
4
9
0
6
0
1
1
1
4
4
4
9
4
3
0
8
6
2
1
1
6
1
4
9
0
4
44
7
0
9
2
1
0
3
26
7
0
78
2
5
4
28
3
7
8
3
2
3
4
2
5
59
7
3
2
73
7
0
3
638
6
9
4
7
0
1
49
1
9
5
45
35
1
6
9
52
5
5
6
1
8
8
873
3
9
2
3
8
2
0
2
7
6
3
9
9
7
7
4
466
2
5
6
6
6
8
7
3
92
9
0
1
4
5
3
7
8
36
0
17
0
0
4
0
80
7
1
9
753
4
45
2
8
1
6
3
8
7
8
2
0
6
3
60
9
0
082
0
9
9
5
3
3
0
0
4
5
8
0
4
0
7
456
0
4
1
8
8
0
7
0
6
0
64
3
4
4
8
2
28
7
7
5
3
4
19
0
14
8
1
11
4
2
0
7
5
6
7
7
4
72
8
2
0
4
0
2255
9
1
1
7
4
9
8
9
8
7
6
0
5
30
0
7
2
6
6
7
4
45
53
1
4
4
1
6
6
3
3
00
1
7
65
9
0
6
0
4
2
2
0
3
3
3
4
7
0
2
62
6
0
7
2
10
70
1
4
2
4
18
9
9
7
9
0
1
8
5
75
8
04
5
7
11
7
8
5
0
9
8
1
8
2
7
8
2
18
8
0
5
4
9
7
8
1
7
97
4
9
7
3
0
55
1
4
1
05
5
0
1
9
3
6
8
2
1
15
0
2
0
3
3
9
6
77
7
5
1
8
17
7
13
10
1
5
9
2
0
7
9
7
35
8
0
0
4
5
6
3
0
8
2
1
62
0
6
6
6
1
2
2
5
7
2
4
9
7
4
3
1
433
9
5
7
25
9
5
97
1
6
3
7
2
68
7
3
6
6
1
0
5
5
31
9
19
47
6
8
45
5
2
5
9
9
1
63
8
2
5
2
49
8
8
6
318
2
0
3
1
5
1
5
4
3
1
3
66
8
6
4
3
8
2
34
5
2
0
7
2
7
6
6
0
4
2
2
2
5
6
6
4
88
25
4
6
5
0
2
4
6
8
1
0
4
1
13
2
01
3
2
7
8
2
5
5
0
2
2
34
0
0
5
9
8
4
0
82
1
9
3
9
2
3
3
6
4
6
9
7
817
6
5
4
69
9
3
0
91
9
90
26
3
620
9
0
4
5
3
1
28
1
9
1
8
8
8
5
093
7
3
4
8
4
8
5
9
66
4
4
8
9
1
1
16
4
7
2
9
1
8
3
3
5
5
9
3
7
0
2
1
6
37
5
1
2
9
8
4
9
3
3
6
9
3
60
4
1
3
5
5
4
0
2
3
0
4
0
0
5
285
95
1
7
188
0
738
902
8
3
9
5
0
8
4
5
14
5
5
5
3
2
4
1
9
0
3
8
1
6
6
379
1
8
3
0
8
5
9
4
6
6
0
9
14
51
9
0
62
2
3
7
0
6
3
9
6
1
7
8
3
7
3
6
9
6
29
4
2
0
2
5
9
7
4
83
3
2
8
5
7
0
3
8
7
3
4
6
7
1
0
5
4
8
0
5
3
8
4
3
1
1
5
6
2
1
6
9
7
0
6
0
8
2
5
3
0
2
7
10
3
2
9
2
3
05
5
6
77
0
0
9
6
72
0
5
4
0
2
3
7
27
7
2
2
5
5
5
5
4
1
52
4
0
7
59
77
3
8
9
8
49
7
7
4
4
6
8
73
3
4
8
1
5
3
5
87
7
68
4
6
3
2
9
8
1
4
0
4
45
12
8
9
4
3
066
2
8
2
9
8
6
6
0
88
2
3
8
4
3
5
6
5
8
3
1
4
0
1
7
83
0
4
0
9
2
82
0
1
8
4
3
7
1
92
5
9
5
6
1
2
6
5
5
2
6
83
1
1
8
2
0
7
9
7
8
06
4
9
9
2
2
3
5
5
2
2
2
2
6
4
0
1
3
8
8
8
9
7
5
8
5
4
4
9
1
26
9
9
1
9
7
763
5
3
8
3
8
3
7
6
7
8
1
9
4
2
2
5
4
9
9
46
3
88
5
3
1
0
5
1
19
3
3
6
4
6
6
7
72
9
6
1
0
1
2
7
7
7
75
9
22
2
4
9
8
8
1
5
5
8
2
0
4
40
8
7
5
2
2
9
5
2
0
5
1
1
9
0
3
0
7
4
3
8
4
9
6
3
3
4
4
7
8
1
6
1
2
8
2
2
15
7
5
7
8
9
7
4
3
8
1
1
0
1
4
6
9
8
0
5
6
1
7
1
3
1
3
1
1
0
5
1
0
3
9
6
0
9
4
37
5
37
3
94
8
2
8
22
6
7
5
5
3
6
9
7
0
5
4
6
3
5
5
2
2
3
9
2
6377
1
7
7
28
3
5
4
1
0
4473
4
1
4
3
4
0
3
64
4
8
9
3
0
7
8
9
8
7
944
5
7
1
0
8
5
4
7
9
1
631
6
9
4
5
6
0
38
6
3
4
6
23
7
6
5
9
4
6
9
4
9
4
0
2
0
90
5
6
985
5
2
9
0
2
2
8
94
2
6
8
5
1
2
1
4
8
79
4
2
0
04
9
9
1
5
5
43
6
6
8
8
2
0
8
1
1
6
0
8
0
5
0
8
1
1
1
70
6
5
3
9
29
9
9
1
8
3
8
6
07
7
1
9
2
4
92
7
1
45
5
8
8
1
9
4
2
1
8
6
2
4
0
64
9
2
4
9
622
4
9
5
1
4
3
0
3
8
3
2
0
0
3
72
4
0
8
7
6
3
6
0
56
3
0
2
7
7
2
8
80
3
6
1233
1
7
3
60
3
9
5524
2
1
4
0
9
3
6
8
3
7
6
5
0
6
9
3
2
7
6
7
35
3
6
6
7
3
3
9
73
8
1
2
910
9
7
6
5
57
9
2
5
29
3
27
7
8
03
3
8
7
4
3
6
0
9
52
1
9
03
5
08
8
54
3
4
9
3
3
8
7
7
80
8
1
0
8
749
2
7
3
1
4
4
2
0
1
79
4
9
6
2
7
9
95
7
7
9
5
2
30
4
9
7
2
3
1
94
5
1
9
1
902
25
0
9
5
54
7
6
4
73
1
6
3
0
9
4
2
2
4
4
7
2
4
0
2
5
1
6
0
3
9
7
6
6
0
4
3
4
59
0
8
18
4
4
4
59
1
0
3
1
0
1
4
0
0
45
8
5
6
8
8
5
5
6
7
2
4
1
4
1
718
7
8
5
53
6
0
9
1
1
0
0
8
38
7
3
8
7
9
0
3
4
4
4
6
3
6
4
2
3
2
3
4
1
5
1
5
5
5
2
1
0
2
8
9
9
3
3
8
2
2
5
1
5
2
550
2
3
6
9
9
84
0
5
8
56
69
0
9
5
4
45
57
6
4
1
1
3
8
4
5
3
1
4
1
1
0
1
25
3
6
8
2
0
6988
2
24
2
2
5
19
6
4
79
46
1
1
24
9
80
3
8
3
5
2
2
0
1
2
0
9
7
3
7
3
8
8
7
9
3
9
4
0
8
3
7
8
0
1
4
9
4
25
7
1
5
76
3
0
3
2
1
7
4
4
0
39
8
2
8
72
7
4
0
6
5
1
862
3
1
7
2
5
4
5
4
5
1
4
3
7
9
1
8
82
3
4
7
4
24
5
6
4
7
9
7
4
5
4
7
7
8
4
3
7
1
4
8
6
5
9
5
2
7
9
58
3
3
8
5
1
9
2
0
9
8
1
7
0
1
60
2
3
9
5
4
9
7
2
21
1
5
1
7
6
4
1
1
3
7
3
2
6
09
7
0
025
4
35
7
40
1
0
1
2
8
8
7
0
0
5
5
0
6
3
5
6
15
7
1
7
4
6
2
3
1
4
088
8
1
8
6
1
5
5
8
9
9
3
2
9
79
7
4
3
70
0
7
8
8
4
64
8
9
5
6
7
2
2
3
0
5
58
8
7
3
83
8
183
4
13
4
79
9
5
0
4
9
3
9
1
4
6
0
8
8
1
4
23
1
2
4
3
13
1
21
2
8
0
4
5
3
57
0
8
6
1
8
8
3
4
1
4
3
1
7
9
2
4
2
8
90
27
0
5
5
2
96
5
30
0
5
3
00
8
2
03
3
2
7
1
63
2
4
2
9
6
8
4
4
0
9
0
0
0
5
8
1
4
5
4
8
5
3
0
9
8
5
982
4
7
1
3
2
24
4
0
882
94
5
9
7
4
9
68
0
9
9
4
2
5
8
9
6
8
4
6
0
3
2
7
2
8
2
2
9
4
3
0
1
8
9
5
11
1
1
3
7
1
1
6
5
9
2
3
838
0
2
8
4
8
6
2
5
2
995
3
8
12
8
5
9
6
0
3
85
0
4
5
1
07
7
5
5
5
2
5
093
6
7
6
8
3
6
3
2
4
4
8
4
4
06
46
3
5
5
2
5
65
32
7
9
5
8
9
8
6
2
9
2
4
1
61
2
7
2
6
39
9
3
0
0
9
4
2
4
9
9
5
6
7
9
8
8
2
6
89
70
6
7
0
7
2
8
5
8
2
2
70
3
3
3
0
5
4
14
3
6
8
1
3
8
7
0
2
821
5
2
5
4
2
8
6
59
9
6
934
7
1
3
1
7
5
5
5
90
9
8
7
3
7
7
9
600
5
6
8
14
5
7
1
0
8
2
6
539
7
4
5
0
7
0
3
1
7
7
3
6
1
3
7
7
9
4
5
46
619
9
0
8
7
9
2
7
5
1
6
6
7
93
3
1
3
10
8
6
5
4
5
0
3
9
37
24
4
9
41
5
6
8
10
0
2
5
6
4
3
6
7
7
0
57
143
2
8
0
3
4
5
3
6
3
3
89
1
0
22
6
3
4
99
3
8
36
5
50
08
8
9
4
64
7
2
90
8
9
9
61
37
0
1
6
0
85
2
2
3
4
8
6
2
6
6
18
5
7
6
00
7
1
76
5
5
7
07
2
3
6
5
0
6
9
6
4
0
2
2
8
24
24
4
51
2
3
6
9
7
4
3
3
6
9
7
71
1
8
6
6
1
2
8
3
1
71
7
57
2
5
71
4
1
0
7
27
1
2
5
0
2
6
4
1
31
86
3
95
0
8
1
4
7
1
6
2
8
6
4
4
9
6
73
7
27
5
4
8
7
20
9
6
1
8
5
73
4
9
9
2
5
5
9
21
4
0
9
4
86
8
2
1
6
1
153
9
8
9
4
0
29
8
1
2
7
661
8
9
31
9
8
15
1
7
2
7
5
8
75
8
0
87
8
9
3
8
6
9
9
1
4
6
8
3
0
9
2
5
5
8
04
7
9
1
8
2
2
0
4
9
5
6
5
79
6
4
9
9
5
0
2
4
6
4
0
052
0
9
6
3
3
7
3
4
6
36
2
2
47
11
0
6
3
9
49
1
1
9
1
1
6
7
7
5
7
46
8
83
5
1
4
16
3
4
7
5
4
9
4
8
7
5
1
8
51
5
01
3
6
4
6
2
9
5
8
9
2
7
8
2
1
4
5
3
8
0
6
5516
3
0
4
4
3
4
1
9
6
5
1
9
1
6
4
09
1
03
1
1204
6
9
97
6
8
56
7
6
2
5
3
8
3
9
4
2
4
1
7
9
2
9
6
74
41
3
91
2
5176
0
551
3
8
9
5
9
4
0
2
9
0
73
0
7
5
5
6
51
2
0
2
02
5
61
4
4
1
9
5
8
9
4
4
8
2
22
24
9
1
7
4
537
4
2
3
0
5
5
246
8
9
32
5
5
56
8
6
0
8
6
2
69
94
5
9
1
4
2
33
9
1
6
2
0
0
1
0
0
7
9
2
0
0
5
8
3
47
1
7522
0
34
0
41
1
8
9
3
6
8
3
6
9
7
4
2
6
968
4
4
2
24
8
8
7
5
1
9
6
1
6
78
4
5
6
58
7
0
23
6
2
9
0
1
3
4
3
3
4
3
0
3
2
4
9
8
9
5
04
8
66
1
2
4
8
6
5
1
9
0
0
3
5
3
2
3
0
8
1
9
97
1
1
6
3
7
8
0
5
4
1
93
5
5
8
1
1
3
6
3
7
77
5
4
2
2
6
4
3
2
4
2
4
9
1
2
8
8
06
0
8
9
8
88
5
4
2
9
41
4
52
6
3
0
2
3
0
4
3
1
2
4
85
2
7
7
3
7
3
5
6
39
7
22
0
4
5
8
0
9
02
0
0
3
3
8
9
4
5
4
7
1
788
22
0
9
9
9
26
7
5
8
1
00
2
1
7
4
2
6
9
0
2
4
9
8
8
5
8
0
7
8
8
5
0
7
3
9
5
1
0
4
0
2
92
18
5
6
1
4
6
1
0
5
4
5
9
2
700
3
7
9
8
5
0
6
2
4
0
7
3
551
6
0
9
18
6
6
8
28
2
3
7
6
5
2
33
9
8
8
0
1
6
2
2
5
3
6
4
0
5
1
5
3
0
5
4
8
5
1
2
3
6
1
7
4
3
1
67
80
4
9
0
3
3
9
7
0
0
6
4
0
57
6
1
4
1
55
7
7
0
58
49
4
3
1
2
6
49
0
0
9
0
1
9
6
4
42
0
5
3
2
9
4
4
3
9
3
8
1
1
8
6
4
9
2
6
4
6
2
5
0
5
7
9
1
3
7
4
0
4
4
5
9
88
1
09
7
5
6
64
7
5
0
7
81
0
6
0
7
0
3
8
9
58
8
4
721
0
9
41
1
2
96
9
3
1
9
422
77
1
3
3
6
5
1
1
5
5
9
3
5
3
2
8
8
1
8
23
8
2
3
3
4
9
1
8
4
8
7
6
2
9
4
24
65
83
0
7
6
0
44
8
4
4
5
47
5
86
8
6
5
4
6
90
1
0
3
6
5
1
4
9
3
0
2
6
6
5
6
3
15
0
1
99
4
3
2
9
4
1
6
2
8
5
7
2
2
0
6
42
9
1
2
5
6
7
09
3
7
3
3
0
1
34
4
799
3
3
5
61
03
49
9
0
9
65
7
7
070
2
1
3
1
3
3
3
3
3
3
6
9
35
64
0
14
0
1
7
0
5
3
3
5
35
39
3
1
0
4
03
2
8
9
0
0
0
9
2
9
2
7
9
9
4
0
95
8
6
736
2
5
2
3
21
6
8
1
50
1
6
4
5
6
9
9
3
9
8
2
9
4
4
7
8
8
2
6
1
7
83
1
0
5
9
4
6
2
8
9
1
0
9
2
0
0
1
3
1
19
6
0
46
3
5
1
3
5
5
6
4
5
4
10
1
78
3
5
6
9
5
62
9
8
1
2
7
3
4
1
3
6
8
5
2
8
7
9
1
0
5
2
1
1
6
1
425
9
9
7
8
7
9
9
8
2
5
9
1
1
4
58
48
52
4
9
8
0
2
0
7
4
0
3
9
5
0
8
7
47
2
5
5
2
3
66
35
56
49
1
5
6
8
5
0
1
7
2
00
5
1
7
2
1
9
3
2
09
78
02
0
54
1
6
05
6
3
2
6
0
1
6
92
9
8
6
1
1
5
4
9
8
5
6
3
5
8
36
5
10
0
8
9
81
8
1
3
0
3
4
9
27
6
3
1
2
8
8
6
1
6
4
3
0
4
3
5
265
4
1
1
6
0
6
3
8
0
0
614
7
31
04
6
3
6
0
4
9
0
22
5
4
8
2
2
05
4
9
1
5
6
7
2
0
6
9
3
1
9
2
1
0
5
7
28
0
6
0
2
9
5
20
3
0
7
57
7
1
7
5
3
4
8
5
0
59
9
8
12
8
9
0
2
2
7
3
8
8
8
6
02
2
9
5
7
8
7
5
7
2
3
17
1
9
7
71
344
1
1
7
6
1
0
1
6
2
7
9
5
6
0
1
5
23
5
2
5
9
65
9
3
9
0
6
8
9
9
6
0
3
82
3
0
9
1
0
2
7
8
6
3
7
6
7
09
5
6
6
0
1
6
10
93
0
6
5
5
7
4
6
1
6
4
8
3
5
5
83
5
2
93
6
7
0
3
9
3
0
0
6
7
7
46
46
1
491
23
3
5
4
75
3
0
1
0
9
7
5
6
0
9
2
6
8
8
2
0
0
8
0
40
1
0
5
4
6
7
3
4
9
5
2
8
8
3
6
0
9
7
3
2
4
0
7
79
5
7
8
4
9
0
5
8
2
7
5
8
4
6
9
9
28
3
4
2
9
0
5
97
2
8
5
5
9
1
8
870
9
58
2
1
1
81
6
3
8
2
6
83
7
87
3
5
6
9
2
4
8
8
67
7
7
1
6
6
1199
3
1
3
5
3
2
108
4
7
9
0
0
7
75
2
3
2
0
0
9
5
5
4
0
0
9
492
7
4
9
4
8
4
7
8
8
7
5
8
5
0
3
3
7
2
50
9
2
2
3
3
8
3
01
0
3
2
5
5
1
2
1
3
5
9
4
9
9
5
7
0
9
0
4
1
7
8
3340
9
49
46
8
9
3
6
5
2
4
892
5
7
6
3
8
2
13
0
6
0
6
4
8
0
5
0
94
1
62
5
20
4
7
239
2
3
6
6
4
3
0
3
2
19
82
0
6
1
4
2
45
1
5
3
3
4
8
2
9
4
8
4
7
3
3
9
13
8
6
3
1
6
180
9
25
7
2
7
7
4
672
3
2
8
6
8
4
6
5
2
6
6
20
7
36
6
7
4
0
5
2
8
8
1
3
99
6
7
2
6
4
2
33
9
4
9
2
79
7
6
56
3
6
2
6
78
3
6
4
2
6
0
3
4
1
0
4
9
3
5
04
7
5
0
3
4
2
38
7
5
53
2
4
02
0
4
3
7
4
7
3
9
1
9
9
84
0
3
1
1
60
7
2
3
2
4
3
4
3
9
1
71
0
3
18
597
0
7
5
5
2
72
1
0
4
1
09
0
04
1
0
5
4
2
03
91
5
2
3
3
3
90
04
5
3
0
6
9
57
6
5
1
1
96
2
4
0
8
1
1
3
5
8
6
5
9
9
3
7
79
2
7
4
2
7
0
3
8
1
9
1
9
7
7
7
4
13
0
5
2
7
0
4
3
88
29
26
0
5
07
4
3
3
6
61
0
2
3
2
8
3
8
3
2
8
2
1
7
4
1
6
8
1
2
5
14
4
575
6
6
7
7
0
7
55
0
5
0
58
1
9
2
9
1
49
54
4
8
7
1
2
3
0
1
98
0
60
4
5
5
9
4
5
1
0
9
7
9
1
6
1
9
2
3
2
8
3
5
7
14
95
4
6
7
7
0
9
66
6
7
4
9
7
28
3
8
0
0
9
3
8
46
8
4
9
3
8
73
9
9
1
9
4
5
3
4
3
3
5
3
6
9
5
8
6
103
5
6
6
6
1
6
7
7
9
8
1
0
1
1
6
6
4
2
2
5
5
0
6
5
8
2
8
4
2
9
24
8
4
5
44
3
1
8
08
3
0
2
8
0
0
7
8
7
8
5
64
340
9
2
3
9
2
8
5
6
91
8
12
5
1
3
3
5
1
5
9
72
041
2
7
99
9
8
87
6
1
7
8
7
8
82
5
2
8
2
2
9
2
6
0
19
1
0
87
5
7
3
8
3
0
8
0
3
6
2
4
5
4
9
6
6
3
4
973
11
9
3
8
16
86
2
5
5
9
3
3
7
4
26
8
2
1
7
7
0
5
2
1
88
9
1
3
9
3
56
7
4
7
32
6
6
37
8
9
8
4
0
0
5
9
2
1
0
57
3
4
1
9
4
9
1
1
3
62
5
8
3
369
6
5
7
8
4
3
04
38
6
3
9
4
78
7
757
9
4
3
3
6
7
246
75
7
8
56
7
14
1
5
4
1
4
3
3
8
5
5
5
3
6
3
5
2
7
7
5
5
8
4
0
3
7
4
8
1
9
1
6
7
6
2
8
2
0
2
4
7
3
8
8
2
9
91
8
9
8
5
1
6
4
3
3
4
9
06
7
562
8
9
2
6
1
7
7
1
4
1
3
3
70
8
6
50
4
0
5
1
8
0
67
6
0
9
4
6
0
97
8
3
3
0
5
9
3
1
2
8
0
8
7
6
2
9
0
2
3
8
3
4
3
3
5
2
2
7
0
9
1
8
9
2
8
4
4
9
407
4
0
2
4
7
5
7
3
817
5
9
47
4
4
6
7
71
5
3226
3
5
7
0
17
3
5
5
6
1
3
8
1
5
65
9
25
2
9
6
68
3
0
35
8
6
3
7
22
87
9
0
2
0
9
2
2
7
8
1
2
01
7
7
9
8
6
0
7
5
9
3
2
9
4
57
9
3
1
24
0
8
3
9
5
2
46
9
6
76
8
7
0
5
2
76
0
1
9
8
8
30
5
8
3
5
3
8
5
9
9
9
3
102
9
2
3
0
9
8
7
0
5
9
3
2
54
0
77
3
5
9
6
94
66
3
166
6
6
5
1
7
0
7
0
4
5
1
4
6
1
4
3
7
1
5
5
7
3
4
13
4
5
00
2
2
2
8
4
2
0
8
9
8
6
5
2
5
6
8
0
7
6
5
29
9
8
1
0
5
2
4
0
09
6
2
2
4
8
2
5
5
84
11
4
6
0
3
7
2
4
9
4
2
1
9
9
7
07
8
6
8
73
49
96
8
3
2
5
0
4
0
730
0
9
7
26
5
7
2
1
35
5
8
7
9
1
1
8
9
2
4
3
3
5
3
6
9
34
9
8
0
0
6
7
8
1
9
72
2
2
3
9
0
6
3
1
1
3
98
0
2
8
1
6
2
898
341
6
4
9
5
1
6
7
5
7
7
3
7
0
1
1
8
75
5
9
1
6
8
1
3
1
9
6
71
17
2
8
9
1
8
0
8
0
0
3
3
1
5
1
0
8
0
7
0
5
0
13
2
0
9
7
2
630
7
2
0
20
6
3
6
3
6
4
72
0
6
1
8
0
3
1
2
5
1
2
0
3
7
6
64
8
8
9
52
0
3
9
4
80
3
3
6
4
1285
9
64
0
7
6
8
5
7
1
8
7
9
0
6
1
0
8
23
6
6
4
2
4
8
4
2
1
7
1
6
8
0
6
0
8
0
7
8
82
4
86
17
4
4
3
8
6
8
1
2
5
2
4
5
6
0
9
37
9
2
8
00
0
7
11
7
82
1
3
2
21
75
9
60
5
6
7
06
7
7
8
8
0
6
7
8
8
6
6
2
0
0
6
4
604
7
5
4
47
2
6
5
8
6
0
5
4
2
2
3
7
4
0
5
4
26
2
0
1
3
1
9
8
89
50
4
1
99
8
7
87
4
0
7
42
6
5
561
7
37
7
8
9
7
0
7
8
91
2
3
9
44
9
5
7
8
1
9
8
8
7
6
3
8
6
0
0
3
2
8
84
0
29
92
26
5
0
3
4
4
8
3
3
20
9
1
8
2
6
7
6
2
4
52
5
7
4
0
2
5
56
8
3
0
9
9
2
1
7
1
6
2
67
2
6
7
2
35
2
8
4
8
6
7
8
0
29
2
6
0
5
6
99
5
4
1
2
5
9
1
4
0
2
2
8
1
9
94
6
5
2
9
1
5
0
6
8
0
9
3
9
84
42
9
2
6
1
2
44
5
7
8
6
6
3
1
9
2
9
3
6
3
9
6
7
22
29
6
9
1
96
7
0
2
7
0
6
35
9
4
4
8
0
1
29
5
9
4
7
5
3
1
2
2
03
7
1
2
1
8
8
9
2
6
5
0
1
66
9
4
4
2
5
3
28
8
4
5
7
1
08
0
9
2
052
5
3
8
482
1
45
3
3
2
2
3
4
1
1
7
7
0
5
2
1
908
7
1
1
75
77
1
2
98
0
1
8
0
7
8
6
6
5
8
6
1
3
3
0
1
71
4
7
7
45
5
1
5
5
9
4
9
65
8
2
7
8
2
0
5
6
1
71
7
7
8
7
7
0
46
7
9
548
8
9
1
5
6
3
6
77
9
9
3
6
8
3
9
4
6
7
3
5
4
7
4
0
2
1
1
5
9
6
09
7
2
9
2
6
1
9
9
6
7
59
3
50
2
0
2
3
8
38
5
7
4
5
4
5
5
4
7
8
6
6
80
42
5
2
8
24
2
1
2
7
1
8
8
0
4
3
7
52
5
26
7
0
6
9
7
0
8
5
0
7
7
3
3
6
8
75
5
8
5
81
2
0
6
1
3
6
6
1
1
8
1
6
0
4
6
8
427
6
4
1
5
6
51
0
7
7
9
5
3
72
9
5
8
1
4
1
3
71
29
43
5
6
0
0
3
1
5
3
8
230
6
4
2
9
4
9
7
7105
0
5
84
6
4
2
2
7
761
1
4
3
4
92
0
9
4
06
4
2
62
5
2
9
86
7
8
1
7
8
1
4
6
1
1
4
4
32
1
69
0
9
7
1
2
3
2
5
7
1
0
6
3
5
17
9
0
1
7
739
0
0
0
9
4
9
8
7
5
3
3
1
4
66
6
6
7
7
3
85
9
2
51
7
6
5
6
5
1
3
3
9
8
4
9
1
294
03
5
9
8
25
7
85
14
9
44
2
4
0
9
1
4
9
34
5
7
4
6
3
7
9
12
3
0
0
3
1
9
8
9
3
39
94
5
0
5
6
8
3
77
6
1
748
4
4
80
3
24
3
26
1
1
3
3
6
0
3
2
5
8
4
1
57
1
3
9
0
86
2
9
7
4
7
4
8
6
87
7
6
1
1
0
7
5
0
6
3
82
6
0
7
6
3
5
5
70
33
8
0
3
9
6
6
4
1
2
0
4
3
6
9
8
87
4
4
9
8
1
5
3
9
5
5
9
2
2
4
0
7
9
9
3
0
7
4
6
3
4
97
0
0
2
2
5
8
6
5
9
9
5
9
1
8
0
2
8
1
8
4
35
7
5
2
9
8
26
37
7
7
0
4
5
983
37
2
3
7
8
3
2
9
7
3
0
7
4
2
5
2
8
9
7
0
8
1
6
67
9
3
4
4
3
5
9
45
9
2
4
2
3
1
6
54
2
8
0
0
5
4
2
9
5
2
1
5
6
4
9
4
2
3
27
54
79
0
2
7
3
6
5
9
4
7
3
4
2
4
7
9
7
2
9
0
2
4
8
6
8
04
6
9
1
1
6
4
6
9
5
35
5
551
29
7
0
2
5
9
5
60
3
3
6
0
5
3
2
8
9
0
7
5
8
5
4
5
5
3
7
6
89
80
7
8
5
5
9
9
5
12
0
4
6
8
3
74
2
44
2
8
7
9
2
3
9
1
29
8
1
6
0
5
45
1
2
6
9
8
9
8
6
2
3
2
2
5
3
9
5
6
5
1
7
79
8
4
4
8
596
1
7
6
39
11
0
4
6
1
5
7
4
7
0
7
41
1
4
4
7
03
6
4
6
55
10
3
1
1
7
5
5
5
8
4
9
8
7
3
9
0
5
6
7
3
7
665
0
2
3
6
7
6
4
7
9
3
7
7
1
0
6
5
4
5
0
9
7
0
2
78
7
81
0
2
9
9
01
7
2
3
87
7
3
4
9
8
6
6
2
4
3
7
897
2
6
7
9
5
9
0
0
0
2
56
79
5
9
6
9
3
1
1
9
5
25
5
0
1
7
3
6
35
3
5
4
6
4
6
57
3
1
2
5
13
5
3
7
9
4
3
5
8
9
2
75
4
3
25
4
2
8
9
7
2
6
7
7
5
5
4
73
7
0
8
8
1
2
27961
61
5
6
3
2
4
6
6
8
5
6
5
79
3
8
8
0
26
7
6
9
96
0
6
7
6
1
94
681
1
72
29
85
0
27
6
1
0
0
3
3
46
7
3
9
9
8
4
7
9
0
8
93
18
3
1
9
18
8
5
5
8
7
35
6
5
1
362
8
1
1
4
9
9
1223
3
3
37
0
08
9
7
4
2
08
0
3
87
4
5
4
5
8
3
8
0
4
2
9
3
9
6
6
8
0
8
04184
5
2
4
90
7
0
09
6
1
0
8
3
42
3
2
4
7
4
8
60
3
4
4
4
2
5
7
2
6
06
52
3
9
9
6
5
3
3
3
9
4
77
3
0
5
0
8
2
45
1
4
6
97
2
2
3
6
5
7
2
7
86
0
3
6
4
4
8
4
2
9
3
0
6
5
45
9
4
1
040
9
1
5
0
6
9
1
4
9
705
3
0
8
5
2
8
2
1
8
1
6
78
5
3
445
2
4
659
6
2
9
7
3
1
65
2
4
5
0
2
7
8
04
5
2
4
8
4
5
0
71
8
4
3
4
72
0
4
3
3
3
0
7
1
5
7
4
0
9
4
3
2
0
4
81
3
9
5
0
4
1
3
1
2
2
5
8
6
9
5
36
1
0
2
3
7
3
3
1
9
8
2
40
0
2
5
4
6
9
8
5
9
7
5
2
7
5
6
1
5
3
3
2
99
96
0
5
9
0
23
813
6
8
77
1
41
4
4
53
12
5
6
8
5
4
5
1
30
0
2
1
2
2
9
2
9
7
5
0
8
6
71
5
0
0
84
3
37
1
0
0
55
2
8
9
9
9
6
7
4
3
24
42
7
8
8
93
5
2
3
8
9
219
3
0
7
28
1
3
0
2
7
3
2
5
8
9
6
6
8
88
1
03
3
4
0
7
42
9
79
7
8
9
5
7
4
7
2
5
0
69
32
5
5
0
1
8
2
5
4
9
7
73
5
5
0
9
9
1
0
5
12
1
73
9
7
60
7
2
1
6
4
4
9
0
25
4
1
6
9
2
4
8
2
9
3
4
7
4
1
3
5
0
9
7
836
0
5
6
91
5
52
81
4
9
2
3
9
2
8
9
5
5
0
3
46
3
83
8
8
1
8
8
18
5
3
9
2
9
00
3
5
2
3
1
4
6
7
6
2
7
1
2
0
3
3
7
1
5
0
4
3
9
8
1
3
2
6
335
71
7
2
9
7
1
6
4
9
0
3
1
70
45
3
6
9
8
6
7
5
5
2
4
5
2
4
49
030
8
1
0
73
67
20
3
8
0
83
6
2
3
8
9
613
8
8
3
92
0
3
2
3
3
8
1
4
8
42
61
9
95
5
2
0
7
8
4
1
6
6
1
29
2
6
81
2
3
7
8
0
2
6
9
0
1
9
9
6
4
0
4
00
2
4
9
009
1
5
1
7
142
7
7
7
6
8
88
03
5
3
4
7
6
79
9
0
9
7
2
88
9
3
4
3
8
2
4
1
83
27
7
1
0
1
9
3
7
6
2
08
3
3
0
1
2
8
16
3
8
0
5
8
3
7
5
8
0
4
6
7
7
0
8
2
3
7
9
3
6
5
7
1
2
56
97
19
7
4
4338
8
5
7
5
2
3
3
0
4
6
1
17
0
93
61
9
3
1
88
35
4
2
77
5
33
9
8
0
8
2
4
7
9
8
0
5
2
42
8
5
3
7
42
0
5
9
8
4
8
5
8
124
6
9
9
3
0
0
49
986
24
2
82
7
2
1
2
2
5
7
2
3
7
0
4
41
9
3
7
3
7
9
6
2
0
3
6
0
6
7
0
52
5
1
82
0
0
0
4
4
4
08
2
7
4
9
5
8
4
5
67
3
7
875
0175
9
2
7
8
7
6
1
796
4
3
3
6
3
7
5
5
8
0
75
384
9
9
4
0
2
8
4
05
24
6
9
7
9
5
8
5
7
2
5
1
8
2
1
11
5
3
48
0
1511
1
4
4
8
5
9
0
4
2
9
8
9
0
4
7
47
7
8
4
4
5
3
2
9
4
5
89
0
1
7
7
3
6
1
6
0
7
9
9
4
0
4
5
5
1
709
1
8
2
0
5
1
44
7
3
0
9
0
4
6
3
9
3
2
6
5
8
90
9
3
2
1
1
61
4
5
6
31
3
36
8
1
0
80
1
1
7
1
2
3
54
8
4
6
3
0
6
2
2
0
0
98
49
6
9
6
4
3
8
0
4
3
667
9
6
7
47
1
2
9
3
9
00
9
0
7
7
272
1
7
6
7
8
5
3
9
3
083
5
1
9
0
1
6
7
8
2
7
1
5
2
7
09
89
1
2
7
1
7
3
3
03
4
3
1
8
5
7
90
09
4
0
3
7
0
6
2
11
6
0
22
966
7
4
6
5
4
4
59
7
9
8
9
5
22
9
0
3
8
8
9
2
0
01
0
7
9
5
7
0
0
7
9
4
0
1
3
9
9
77
2
8
64
086
6
16
1
1
1
4
6
61
4
8
0
8
2
4
7
7
55
7
2
6
2
0
2
3
6
5
5
2
1
9
99
6
2
8
8
6
40
2
2
5
5
0
2
9
6
0
8
6
6
6
9
8
9
6
32
9
25
7
2
9
5
3
37
3
5
5
2
1
0
9
2
6
2
8
6
2
0
15
1
74
7
3
21
1
6
3
9
5
0
5
6
8
9
2
9
2
9
9
57
941
31
6
8
6
6
376
3
6
91909
4
3
6
7
51
1
7
3
5
5
7
5
0
1
7
6
5
5
6
7
84
72
7
9
83
6
5
2
8
8
1
6
7
7
0
0
391
3
9
4
5
38
40
6
7
7
90
19
7
6
7
9
41
0
1
2
4
6
6
6
7
5
5
1
8
2
1
2
5
1
0
5
9
5
4
6
7
1
0
7
3
9
8
5
0
