1267
1
0
8
8
69
1
9
6
9
7
1
1
9
8
9
4
8285
9
1
3
4
9
8
0
32
9
4
1
072
4
0
43
6
0
7
7
2
3
1
6
5
5
8
3
9
9
2098
2
40
4
1
4
1
7
8
5
6
7
8
5
8
9
31
0
9
9
5
45
9
3
8
1
4
2
1
8
5
5
62
3
62
5
9
94
71
0
2
70
5
5
3
0
2
1
92
7
7
2
7
82
4
9
6
44
4
7
5
6
8
82
1
1
3
8
6
3
9
1
14
3
5
1
54
5
2
32
0
6
6
3
2
1
8
9
2
56
2
4
9
9
6
6
6
0
2
1
1
3
9
4
7
0
4
0
3
7
8
25
4
7
9
2
7
1
92
6
43
1
6
3
4
25
1
3
90
1
4
8981
8
9
59
4
2
43
6
3
7
7
6
2
4
0
4
9
9
02
4
2
6
5
4
2
7
5
1
2
9
8
5
98
9
6
7
7
6
44
9
6
72
16
6
2
8
8
5
1
9
88
6
81
9
3
31
9
2
4
9
81
6
0
2
9
3
3
7
2
3
2
3
3
74
0
7
2
3
1
2
4
7
3
1
51
8
6
4
8
79
5
9
8
2
3
5
0
2
05
0
8
88
7
7
6
7
0
2
9
5
26
7
0
3
4
6
6
6
1
8
6
1
7
1
8
3
2
99
6
3
7
7
0
2
8
6
6
7
0
3
2
2
0
7
8
0
9
1
347
4
0
5
5
7
40
0
553
7
8
4
9
1
3
7
0
2
03
9
4
5
1
8
58
9
2
8
39
6
98
4
62
2
2
3
2
2
7
92
9
6
8
4
74
7
0
4
6
5
2
9
509
3
2
2
1
7
2
6
7
2
2
3
86
6
6
1
1
4
8
4
1
1
3
5
71
7
2
3
3
4
0
7
6
37
4
7
42
5
3
701
5
9
1
9
2
36
5
5
6
4
4
1
3
1
23
8
5
0
9
4
7
6
6
31
5
8
9
1
2
3
5
4
4
7
5
5
9
8
9
8
50
63
1
8
9
7
8
8
9
3
4
3
5
3
7
5
6
6
7
7
5
6
9
5
5
6
4
3
22
6
2
9
3
54
6
2
8
0
9
2
10
1
5
54
1
6
8
3
8
6
08
7
3
8
2
9949
2
14
1
8
6
2
3
9
8
7
3
2
20
5
2
2
2
6
65
8
39
9
2
5
8
1
3
0
3
2
8
73
8
6
5
8
0
8
0
7
5
1
7
31
4
4
4
03
1
2
9
6
1
0
8
2
0
6
7
61
1
5
30
2
73
2
6
37
7
8
15
9
63
0
0
7
9
6
1
02
4
0
5
2
2
0
4
5
9
1
0
1
8
3
9
9
1
4
4
1
13
74
1
2
5
3
66
7699
2
3
1
1
7
8
8
5
4
8
6
0
5
4
1
7
1
3
9
4
9
6
8
8
8
5
6
7
0
4
2
2
0
5
5
6058
95
7
7
8
3
6
7
3
1
6
3
3
7
1
7
8
62
0
3
7
47
6
5
9
3
1
6
3
9
7
8
7
7
05
3
9
8
0
1
95
8
1
67
6
55
18
1
6
6
88
00
46
1
2
01
93
06
4
0
8
1
7
9
3
2
2
06
9
744
0
8
35
0
3
4
6
1
8
01
5
3
3
4
1
4
7
4
2
09
8
5
5
5
4
3
1
36
9
1
4
9
4
7
6
4
9
9
91
9
4
4
8
0
2
0
8
3
0
0
7
6
49
6
94
73
96
7
16
68
9
1
3
2
2
5
1
6
1
1
5
9
12
9
9
7
5
6
12
7
2
7
2
6
3
0
8
6
3
3
2
8
9
1
2
0
6
272
1
1
5
9
4
1
49
1
4
0
0
7
3
1
8
0
1
4
7
7
8
8
48
3
3
4
5
7
3
9
7
2
7
2
0
2
7
1
5
52
6
3
6
2
7
3
4
3
4
4
6
8
73
0
1
6
9
4
7
4
6
8
5
3
69
8
9
6
09
9
49
6
8
6
2
10
6
46
93
6
4
9
3
0
69
8
6
8
57
8
0
8
4
8
1
0
4
8
3
43
8
3
4
2
2
8
1
3
09
07
4
1
7
5
0
3
194
5
8
9
3
9
2
9
5
4
0
9
2
9
1
3
5
1
1
49
6
1
3
8
7
6
0
2
4
2
23
1
5
5
0
0
0
0
1
5
7
0
0
9
1
6
1
2
22
3
4
7
0
7
8
36
8
5
5
6
0
4
6
0
6
7
77
9
1
8
5
3
5
5
6
3
7
8
5
3
5404
4
5
2
9
76
4
9
0
3
6
9
7
8
2
0
2
5
9
0
2
1
1
4
9
1
0
8
5
2
3
6
5
1
7
4
6
6
0
3
6
0
2
4
0
53
7
27
6
29
9
9
8
3
7
25
3
5
8
3
8
7
7
4
8
1
2
6
9
5
0
1
0
8
6
6
7
3
8
0
6
7
8
7
6
8
6
6
3
3
5
6
982
9
58
543
5
9
3
3
92
3
8
7
2
2
3
9
1
3
6
529
9
7
9
32
3
8
8
545
8
0
2
5
1
59
3
75
4
9
1
8
4
6
2
5
5
4
6
1
2
2
9
6
2
01
9
8
70
6
6
7
5
0
6
0
6
0
3
3
0
9
7
1
7
4
49
8
0
5
5
1
0
9
40
4
8
8
4
4
4
84
2
2
1
8
8
7
02
0
7
0
6
4
0
6
9
1
5
70
48
6
0
1
6
6
246
6
9
36
2
2
8
7
1
7
5
9
2
14
8
0
6
8
7
5
7
6
1
6
3
1
5
6
72
2
9
2
7
5
0
8
1
5
0
3
9
1244
8
3
5
8
19
3
4
0
0
7
5
9
8
9
1
4
2
6
45
7
8
1
7
7
2
4
8
9
5
032
8
6
3
20
8
4
7
5
1
9
7
69
51
3
259
1
1
1
29
3
8
2
4
3
5
0
636
71
3
5
0
9
8
3
7
0
0
83
9
5
7
9
72
5
0
4
4
1
3
9
4
1
2
7
0
0
0
0
8
3
16
5
1
6
9
5
87
7
7
1
2
1
5
7
7
1
63
8
9
9
9
6
0
4
3
0
5
7
0
0
5
7
1
8
84
91
6
2
2
4
7
7
6
4
61
6
4
5
1
1
4
2
1
45
3
64
3
0
4
1
8
3
2
6
5
74
5
8
3
4
5
9
1
8
4
4
8
1
8
01
8
41
75
5
7
09
4
0
0
6
9
7
6
2
0
1
6
7
0
8
6
4
16
0
2
7
2
5
4887
0
5
6
2
5
1
2
3
2
2
87
0
3
8
9
3
5
6
12
7
8
8
6
9
4
5
20
4
9
0
4
4
4
9
8
8
1
1
7
03
8
0
6
1
6
2
7
9
3
8
2
5
40
7
5
525
1
6
0
3
5
61
2
8
06
8
26
3
3
7
7
8
7
2
3
4
7
0
0
1
4
9
3
9
34
3
87
8
6
2
4
0
7
6
7
8
9
1
2
5
3
5
5
3
4
66
4
27
7
6
7
1
3
8
1
4
3
56
4
9
1
7
3
7
819
3
2
5
0
4
5
3
8
9
1
8
3
5
8
7
1
4
9
2
4
0
8
8
8
6
3
3
32
45
5
2
8
02
6
940
7
0
6
8
2
8
9
8
8
6
4
7
0
8
6
3
75
0
4
3
7
57
7
0
1
8
8
9
4
0
5
1
3
6
7
6
0
5
8
3
9
1
36
4
2
0
7
9
43
43
3
37
4
6
9
8
72
9
486
4
7
3
4
6
6
4
4
1
4
16
3
5
2
4
0
3
8
5
1
8
7
9
2
26
2
4
7
0
3
9
1
3
70
8
2
5
6
6
9
4
2
379
1
7
5
5
0
0
0
5
5
7
6
5
7
8
4
81
1
21
7
4
4
0
9
8
3
5
0
8
545
1
8
4
8
8
2
2
9
8
3
2
0
9
46
8
9
0
5
8
8
4
3
1
3
4
4
3
4
4
8
9
5
5
1
5
3
1
2
3
7
9
4
3
6
4
3
4
2
4
3
6
6
9
4
0
71
3
7
0
3
1
6
7
3
613
77
7
09
6
2
3
1
9
4
3
2
1
7
4
80
5
80
61
1
2
5
6
8
0
0
1
4
1
4
5
7
6
7
39
7
562
4
05
5
4
8
5
9
07
9
07
7
18
9
8
0
5
73
0
6
6
5
39
8
5
1
0
0
7
0
7
5
81
0
1
8
6
91
9
9
6
1
64
0
4
0
0
4
7
9
4
5
3
5
1
9
9
0
1
7
39
6
6
5
1
9
9
5
5
2
7
2
8
9
4
8
73
5
0
6
8
3
4
9
0
4
6
3
1
8
4
9
2
5
3
2
5
4
7
7
1
8
6
7
7
2
720
8
7
4
8
9
7
5
6
3
3
2
7
5
6
6
4
6
0
7
7
1
8
45
5
78
0
8
2403
7
7
1
3
4
85
9
9
8
7
3
69
3
4
77
3
7
7
0
5
4
8
3
8
1
81
79
760
8
0
6
3
3
1
6
8
9
3
9
8
4
5
29
8
8
0
9
5
08
1
2
38
3
9
6
1
2
7
6
5
98
9
4
4
7
46
10
42
1
3
03
8
9
8
1
1
1
5
8
1
5
3
4
6
1
87
8
1
8
9
7
44
308
2
5
5
15
0
6
0
6
7
6
7
9
5
28
11
7
9
2
8
6
9
5
9
3
1
8
8
4
1
8
5
19
6
8
4
5
8
5
99
7
4
7
5
0
7
8
8
3
7
4
9
9
6
8
96
0
4
6
1
9
9
5
1
8
4
7
0
5
2
1
53
2
5
5
0
1
0
8
0
1
8
8
4
0
0
3
2
1
9
3
4
8
5
82
1
3
5
92
0
5
7
4
0
2
9
11
1
0
5
8
5
28
3
8
4
8
0
6
6
5
4
0
7
2
2
033
1
2
8
06
3
47
46
4
0
31
4
2
9
2
0
75
8
5
4
4
72
4
7
14
19
6
8
56
2
7
0
9
8
4
0
57
2
8
1
5
8
1
8
70
8
8
5
9
3
2
6
2
8
2
9
8
8
0
4
07
7
0
5
7
4
3
11
2
9
0
9
4
9
8
0
18
8
8
4
89
5
4
3
2
1
8
38
5
6
83
2
4
6
9
4
52
2
6
62
4
7
3
7
7
3
4
9
9
6
2
3
6
0
29
8
9
6
20
0
1
0
8
1
7
2
5
9
7
7
1
511
8
6
2
5
8
6
2
9
4
6
9
9
1
5
8
8
4
57
54
0
9
6
5
7
7
79
6
7
8
1
35
3
69
7
5
5
0
0
6
0
5
73
0
3
6
5
58
3
0
5
2
7
6
0
8
9
3
2
4
8
1
8
4
2
6
5
4
3
3
1
5
9
7
8
8
2
2
3
0
9
2
6
16
2
6
1
6
7
7
5
4
5
2
0
6
7
37
4
7
6
7
9
6
6
27
5
403
3
0
6
68
0
3
7
9
8
2
8
1
0
9
5
4
3
0
80
5
6
1
5
4
5
4
62
9
3
2
80
7
1
1
5
4
5
7
7
0
2
1
5
7
16
40
1
5
5
9
19
4
3
2
4
9
813
4
2
9
9
0
1193
0
8
87
103
4421
9
33
3
9
2
3
5
30
0
9161
97
02
2
44
4
53
39
8
5
5
4
0
1
9
0
7
2
3
6
7
5
5
5
1
3
3
1
4
0
8
31
7
39
142
1
8
9
62
0
8
4
5
5
5
0
08
5
6
4
78
8
78
1
5
5
08
7
8
51
5
0
6
8
2
76
57
1
7
8
7
1
5
8
0
0
5
39
1
9
0
4
4
4
4
17
1
9
4
3
2
4
5
5
0
3
2
7
7
9
7
4
0
4
855
8
3
8
1
1
9
2
6
7
9
2
97
5
1
77
9
6
5
2
2
3
1
0
6
7
024
2
2
6
805
7
0
7
11
1
5
2
48
9
5
4
3
4
3
1
5
5
0
3
6
65
1
4
0
77
5
93
9
7
0
4
5
5
8
2
07
2
31
3
5
1
37
2
8
9
1
8
4
6
2
4
835
9
3
8
36
7
9
3
3
1
696
92
4
8
0
7
7
1
9
98
1
1
7
0
7
8
8
670
0
3
16
1
8
7
0
1
2
8
5
8
98
0
4
2
7
417
6
2
5
8
2
3
4
1
6
9
7
1
6
9
9
0
5
5
5
2
2
7
6
0
8
8
2
6
50
4
8
7
2
2
9
7
7
6
1
2
0
9
4
3
0
5
7
2
00
2
2
2
20
86
3
245
6
8
89
4
7
9
2
4
14
0
6
8
7
2
4
65
9
6
01
8
8
9
6
0
5
8
2
2
49
36
2
1
4
9
6
7
6
5
0
1
5
2
6
9
1
1
5
7
30
32
9187
9
7
1
2
7
6
6
17
8
0
5
7
0
1
7
5
8
3
7
6
20
4
4
0
3
44
5
3
6
1
6
9
1
5
2
3
1
5
0
12
1
8
6
9
8
9
6
0
3
9
8
8
9
5
6
1
7
8
7
5
0
1
6
3
2
2
19
6
4
5
62
9
6
2
3
81
1
2
0
0
3
4
4
1
5
7
7
5
2
9
4
6
7
6
19
8
7
78
6
4
0
7
9
5
7
3
9
3
1
3
94
6
6
1
4
1
3
7
1
178
2
0
7
0
939
4
1
4
1
0
0
7
19
9
12
3
5
3
946
4
9
9
9
2
1
3
9
0
8
9
3
6
78
7
7
51
3
4
6
3
41
7
3
4
6
9
0
0
87
8
8
0
7
0
9
4
39
3
8
0
19
5
3
5
8
8
4
3
3
4
2
4
3
9
6
6
9
3
5
4
6
8
4
4
1
41
7
5
1
6
7
0
3
2
29
42
07
18
4
1
6
4
0
5
0
7
5
81
2
0
97
7
0
4
2
55
4
9
5
72
1
5
9
2
9
1
86
5
0
10
8
2
1
0
1
9
6
9
5
8
0
9
4
9
0
6
6
54
6
2
7
9
1
1
0
9
4
5
7
8
3
0
2
6
2
7
1
0
07
95
5
4
0
9
5
9
6
8
3
8
97
6
0
3
67
6
2
6
64
9
2
0
30
6
2
5
3
4
5
8
4
8
5
0
7
3
9
59
0
0
6
6
8
7
50
370
5
4
6
9
4
8
3
8
332
7
4
0
4
4
8
6
24
0
8
2
8
1
3
6
9
8
5
1
0
7
7
3
6
6
4
2
875
2
5
2
5
9
5
4
5
79
8
4
82
67
29
1
550
90
7
6
4
2
4
0
3
3
4
46
0
8
9
28
1
890
0
8
90
0
6
0
4
5
58
3
50
77
6
9
6
4
4
34
3
6
6
4
5
92
8
0
8
4
4
6
4
1
898
9
2
5
2
2
7
6
1
8
6
8
11
3
6
5
3
86
3
6
281
7
8
3
9
0
9
58
1
578
80
87
9
7
4
9
1
623
9
40
35
54
8
04
2
0
0
2
3
0
3
8
6
2
6
3
4
9
0
2
5
577
0
7
9
6
5
1
8
9
1
26
6
3
2
4
2
0
4
0
1
5
1
214
2
16
2
5
8
3
51
39
7
8
95
3
704
93
1
0
1
5
0
9
7
9
7
2
4
8
1
3
1
7
0
2
0
3
3
1
8
7
8
9
2
8
2
7
9
8
6
86
7
9
7
7
2
2
678
69
3
8
1
8
9
0
4
6
9
0044
30
2
2
7
2
1
4
9
7
97
3
9
9
7
3
94
4
9
4
5
6
49
3
3
0
4
6
3
5
2
6
5
5
0
4
7
8
7
05
6
5
4
9
36
5
67
9
0
4
9
0
4
5
99
5
9
9
8
0
1
6
4
1
8
9
8
09
1
7
0
5
1
0
8
7
62
8
6
7
2
8
5
8
54
9
24
0
1
6
9
3
1
1
9
2
3
1
64
54
8
8
2
6
1
5
2
4
2
0
5
7
3
8
8
9
69
0
7
5
4
5
5
7
42
6
34
0
30
7
9
20
4
1
4
7
1
3
6
2
19
47
6
43
590
9
5
54
10
82
95
2
68
8
69
9
0
4
4
36
9
9
8
5
9
8
5
4
43
0
6
3
2
41
80
8
9
6
8
4
8
43
9
776
2
5
66
6
0
2
4
5
7
3
8
4
5
0
0
2
21
7
2
01
6
1
8
8
2
8
96
6
7
7
4
8
1
7
2
7
8
0
48
3
5
4
73
7
9
1
0
7
8
7
4
3
2
43
8
7
6
0
8
9
8
6
7
6
9
6
4
8
9
1202
8
2
8
0
23
3
9
2
7
8
5
04
4
1
1
0
4
6
5
6
81
7
9
3
8
5
4
4
47
3
2
82
6
8
69
6
7
2
8
4
1
6
5
4
2
3
4514
1
462
2
7
2
6
4
8
6
3
3
5
1
67
7
05
2
8
1
5
77
7
2
5
2
09
8
95
5
5
8
61
8
1
4
7
2
6
0
5
4
8
1
7
6
4
2
8
6
5
60
4
1
8
4
7
1
30
7
6
38
9
7
5
0
6
0
0
5
4
1
1
6
7
09
6
6
7
1
5
2
67
9
970
4
3
4
3
1
2
3
8
8
6
7
7
0
6
2
1
9
1
0
5
0
22
4
8
6
6
6
4
8
8
7
8
6
4
8
7
2
64
7
5
0
9
8
5
0
8
85
1
1
8
48
2
9
3
2
38
9
4
2
0
9
6
4
8
5
0
6
3
1
7
5
3
5
29
93
7
63
2
8
8
5
2
7
33
820
9
35
9
6
2
0
0
8
9
6
1
33
8
3
4
6
103
6
9
0
5
6
3
1
8
9
5
3
3
3
5
3
2
2
9
56
6
6
9
4
3
5
5
8
6
49
6
0
3
5
4
1
4
9
0
8
2
5
9
9
04
0
53
9
8
5
0
3
640
5
3
42
2
4
5
78
4
5
8
4
4
1
96
2
0
9
7
9
4
3
9
9
0
1
7
44
4
2
7
4
8
2
0
42
3
77
7
7
6
8
93
6
7
92
0
4
49
8
5
9
9
3
35
1
5
3
2
6
91
3
4
0
0
8
07
5
5
3
0
3
7
2
4
8
5
0
4
344
0
2
1
0
1
2
38
8
2
5
9
3
8
5
60
84
7
3
42
6
3
7
7
2
2
45
4
7
7
1
1
0
3
2
0
0
7
8
9
3
1
6
99
8
9
52
3
698
6
5
2
5
1
6
0
46
2
77
5
75
6
13
06
08
2
4
4
7
9
4
5
7
0
2
1
7
4
88
8
7
6
4
3
9
8
3
5
3
4
63
6
0
6
0
92
12
1
3
1
9
3
03
9
7
17
1
36
45
8
2
7
99
0
80
2
72
4
1
2
6
7
3
0
3
6
4
9
5
9
44
9
73
2
6
6
7
2
9
7
0
6
1
7
6
2
7
9
61
5
7
9
46
7
2
5
8
3
50
4
8
0
2
32
7
53
7
8
3
2
87
6
7
6
8
3
8
3
3
8
5
2
7
5
5
2
3
1
6
6
6
19
4
1
8
3
9
6
5
0
1
6
0
3
1
0
2
5
7
4
2
0
7
2
7
6
61
3
0
8
0
4
65
9
2
4
60
8
3
2
4
5
7
0
5
1
5
4
00
4
3
3
3
2
3
81
0
6
8
3
9
0
4
8
6
1
9
6
8
5
2
63
0
8
5
3
3
55
2
7
7
6
0
30
9
0
5
6
0
7
5
4
7
95
3
5
0
0
1
8
6
5
7
7
6
3
4
0
5
8
0
6
0
9
9
1
7
6
6
4
2
8
6
9
2
50
4
00
6
3
2
8
3
0
893
1
9
1
7
6
8
6
7
0
328
39
9
5
81
4
15
67
3
0
9
0
5
6
9
3
9
04
1
2
1
2
9
8
3
1
6
4
9
31
4
6
8
7
8
4
5
1
461
1
06
18
9
4
2
2
4
9
8
4
4
09
3
9
0
5
49
6
1
094
6
2
69
91
1
8
1
7
8
8
5
22
0
5
6
9
6
6
78
2
0
8
9
15
1
0
7
6
8
21
8
7
8
2
6
95
7
5
9
9
4
0
6
8
8
5
3
0
1
3
91
3
3
08
6
20
3234
1
6
2
7
1
2
5
3
6
7
2
92
0
1
16
79
4
2
254
1
67
3
9
7
6
25
8
7
8
4
8
70
4
2
2
9
8
9
6
1
77
8
0
8
0
0
9
35
1
0
5
5
9
2
9
2
52
1
7
5
55
1
1
0
0
90
5
25
3
51
6
99
1
14
2
4
4
5
1
9
0
2
65
6
8
2
7
1
3
2268
0
5
27
9
8
964
5
8
2
8
7
4
7
9
9
3
5
3
1
13
9
9
25
9
6
4
6
2
2
51
3
6
3
9
14
8
8
0
1
8
4
3
007
8
3
4
6
7
1
7
3
24
6
5
3
9
3
04
4
21
9
2
8
7
3
5
4
3
9
6
9
02
15
5
0
6
7
6
3
2
7
27
4
8
7
3
6
9
4
3
7
0
59
4
0
6
02
7
5
0
6
1
0
0
8
4
0
6
0
8
4
7
2
8
6
2
4
1
2
7
9
3
7
99
32
8
4
7
4
2
3
5
3
5
7
7
6
8
1
6
1
6
958
2
9
6
5
9
7
8
1
0
4
9
1
2
8
57
8
2
7
4
7
4
6
3
4
4
83
3
5
2
5
5
2
1
2
74
1
9
7
3
4
9
5
8
1
5
7
4
7
0
5
2
1
5
9
9
622
8
9
18
3
1
62
7
5
26
8
2
2
465
8
7
7
5
5
3
51856
4
9
6
4
5
2
0
8
9
3
3
6
7
2
56
5
9
9
9
7
4
32
4
7
7
9
649
9
9
5
1
1
7
5
8
4
9
8
1
47
8
4
2
6259
9
9
3
3
5
2
7
1
9
5
2
2
3
6
5
1
9
2
1
7
8
6
6
3
2
2
2
41
50
8
1
8
96
7
5
1203
8
2
8
3
1
2
6
6
3
2
2
5
5
5
6
18
2
6
8
0
98
9
32
1
1
8
7
7
0716
2
7
7
3
1
6
13
4
6
3
6
48
33
5
6
7
16
7
0
4
1
7
1
0
16
3
7
2
3
8
8
7
6
07
2
9
7
4
2
3
5
1
1
2
4
8
3
3
2
6
1
2
6
2
4
0
80
2
2
28
10
3
1
4
90
1
6
5
6
77
1
1
3
4
71
8
6
9
7
9
54
4
77
9
3
8
7
3
5
1
4
995
50
1
4
0
222
1
8
3
7
3
3
5
6
2
0
3
3
7
9
70
5
6
4
3
5
1
5
3
04
0
2
80
1
8
3
34
83
1
6
7
804
3
2
97
8
91
4
7
1
1
8
4
77
6
2
4
7
0
79
3
5
9
5
7
0
2
5
7
1
912
0
3
95
2
2
0
09
9
5
83
9
4
4
0
0
6
8
9
6
93
5
6
4
3
8
3
7
5
0
1
2
6
9
2
30
67
7
7
5
6
6
8
49
8
8
6
5
7
15
0
7
2
8
2
7
1
8
5
0
1
2
8
7
6
8
4
5
80
1
8
6
854
3
7
9
3
86
2
9
9
1
9
2
5
99
77
0
9
3
74
5
67
20
1
6
2
0
7
69
5
5
1
9
9
64
3
15
6
4
4
48
64
9
7
3
0
8
7
90
0
2
4
3
6
5
8
2
15
7
4
5
6
9
6
8
22
8
92
4
7
3
7
9
9
5
8
8
20
0
7
7
2
089
2
9
6
1
4
5
4
4
0
6
20
8
6
1
7
8
7
9
24
76
76
6
3
1
47
765
8
8
3
9
7
0
5
76
4
6
9
3
9
5
1
5
18
7
2
0
51
4
8
5
0
2
57
5
2
6
7
0
2
3
8
8
9
4
1
50
3
9
1
2
6
9
3
3
2
6
54
2
2
7
0
6
2
3
4
4
9
43
1
6
1
217
5
26
87
3
0
71
3
56
7
318
0
9
3
5
2
4
9
5
8
5
8
0
1
1
6
47
6
4
8
9
2
831
2
44
6
9
869
2
4
6
9
6
9
5
8
3
0
7
8
94
6
9
7
4
4
9
5
8
62492
6
11
2
7
0
5
80
59
4
7
10
7
2
9
6
2
9
4
7
2
0
3
5
8
5
7
39
7
8
0
5
3
6
3
2
2
3
7
2
4
1
9
9
1
32
3
5
0
1
7
95
5
6
7
3
4
8
2
3
4
3
6
3
74
3
8
1
8
0
3
3
2
9
5
31
4
990
31
7
2
7
6
4
2
4
9
4
3
1
7
0
0
9
1
0
9
8
2
04
2
9
6
4
3
7
3
9
6
24
57
3
4
6
5
3
7
321
7
8
20
2648
8
7
4
9
3
85
664
1
7
6
6
7
0
25
3
3
34
1
7
8
9
40
2
3
0
3
0
4
3
4
09
3
9
4
3
1
8
7
9
8
81
4
48
3
5
5
4
7
7
1
5
435
38
4
985
46
7
4
1
6
7
14
6
08
2
2
1
26
4
5
2
7
9
6
2
7
7
8422
0
6
06
3
71
01
5
2
4
5
88
8
7
8
24
7
5
4
04
1
3
3
7
05
30
3
4
4
8
2
8
8
6
3
6
6
5
0
8
8
1
7
5
0
4
5
75
1
9
8
3
0
0
1
3
7
2
09
2
0
26
2
1
4
91
3
2
1
5
2
7
0
5
5
53
2
0
3
2
52
3
05
0
0
2
2
63
2
2
5
5
3
0
1
5
1
27
47
0
45
4
33
4
6
3
7
6
1
86
3
9
2
8
0
6
7
4
5
23
6
2
3
6
3
4
3
9
9
7
8
6
7
37
75
7
1
05
0
1
2
7
7
3
7
4
7
8
67
9
3
2
09
8
3
446
0
7
2
7
6
7
4
0
1
0
6
56
0
1
4
1
1
2
2
0
72
0
2
7
4
2
7
9
9
0
6
3
3
7
2
9
8
0
41
9
3
8
3
5
0
7
50
70
7
2
4
9
16
1
37
9
2
3
5
7
0
1
2
3
6
0
7
1
5
3
1
6
6
3
1
6
38
1
0
4
9
2
4
79
08
9
3
7
8
9
67
0
7
3
7
2
6
0
7
4
9
8
4
0
5
2
7
5
6
9
0
917
0
87
8
3
681
4
5
85
7
2
5
2
4
87
0
1
4
5
6
4
9
0
6
8
0
3
7
04
1
6
0
3
3
3
2
078
1
0
2
4
6
1
5
7
4
7
5
2
1
6
51
8
4
3
1
7
0
5
4
7
9
3
8
3
1
645
8
0
7
51
2
0
2
35
0
4
76
83
0
7
3
6
3
3
5
85
1
3
5
49
0
0
98
8
4
8
6
4
7
59
6
4
8
6
6
9
7
3
5
9
9
5
16
7
0
8
1
2
2
7
0
0
8
9
5
4
68
8
521
5
0
7
8
66
4
480
8
3
4
2
6
3
7
4
7
6
7
19
0
97
9
0
9
40
42
8
4
2
3
20
2
3
9
1
5
7
2
6
7
4
2
5
4
8
6
6
7
4
7
1
0
2
8
2
90
2
2
1
3
0
0
8
66
5
7
7
70
8
17
78
9
7
0
1
1
6
59
3
7
4
1
6
5
4
3
9
6
1
8
1
4
2
8
3
5
5
0
2
3
0
0
9
9
8
4
7
2
5
0
9
4
6
1284
56
64
1
2
1
0
8
4
9
9
03
6
9
3
3
6
4
9
4
92
6
5
1
9
03
32
6
6
2
9
86
23
3
8
3
0
2
5
38
6
1
9
2
2
3
2
92
9
5
0
1
7
6
4
6
7
2
0
0
0
5
0
9
4
1645
9
2
1
96
9
3
0
67
3
7
0
9
77
9
63
2
6
9
8
0
4
4
3
323
6
7
3
8
1
9
9
1
8
9
7
6
5
2
77
4
2
7
7
1
6
0
14
8159
5
0
4
6
5
46
81
393
2
4
8
2
3
1
17
5
4
3
5
0
850
2
73
7
4
8
7
26
0
8
8
7
7
4
89
4
7
4
4
3
8
1
2
3
5
9
7
4
1
3
6
59
42
0
9
6
2
5
1
5
2
7
2
0
58
3
4
621
2
7
7
4
0
58
0
8
2
9
7
8
2
8
9
8
4
5
91
6
4
83
3
3
2
7
8
8
1
0
71
7
14
1
5
53
2
0
9
1
1
2
5
9
6
4
7
9
2
4
5
5
0
5
2
1
7
2
6
51
3
0
5
2
6
7
4
6
8
2
46
8
8
0
9
0
3
29
0
8
58
6
3
9
5
9
3
32
78
6
4
6
7
9
9
7
6
2
8
5
4
0
6
18
9
1
3
4
3
5
9
3
0
7
9
2
33
0
0
5
3
438
3
02
9
7
6
3
207
6
6
3
0
9
6
7
8
0
7
0
0
2
4
2
6
6
4
9
8
6
0
4
0
8
2
5
3
8
6
9
2
4
22
2
3
3
5
0
5
9
48
841
7
6
1
8
6
1
5
1
66
2
5
1
6
4
9
6
64
44
2
25
4
9
5
08
3
4
1
7
2
45
9
9
6
8
9
2
8
7
7
7
0
4
3
8
048
8
0
7
6
4
6
1
9
1
12
8
8
9
9
0
2
1
2
4
1
6
8
831
2
2
2
9
7
7
3
7
0
6
990
0
2
7
8
3
8
5
8
4
0
9
434
5
9
0
2
2
4
2
4
0
7
751
20
4
0
71
9
9
6
9
81
9
1
7
0
6
7
6
9
9
2
7
11
3
2
0
0
5
2
3
3
4
33
2
0
2
9
2
1
0
00
5
2
6
9
0
7
1
2
3
8
5
3
5
9
7
4
37
7
7
3
8
46
8
59
56
6
7
3
8
2
3
1
1
76
7
0
4
7
5
4
7
68
1
9
8
9
2
3
9
4
0
54
4
0
4
8
7
6
5
27
2
2
844
9
7
69
6
51
1
98
7
3
8
6
8
4
0
0
34
6
3
4
5
5
8
9
7
3
13
3
9
7
5
2
8
8
1
0
0
4
1
1
9
935
7
95
6
75
3
3
9
0
3
2
1
5
25
0
9
0
9
4
1
6
7
5
1
8
3
8
3
2
2
1
9
9
5
3
1
3
2
5
3
5
0
2
2
7
7
1
6
9
0
0
2
5
6
7
5
4
85
5
7
0
8
61
0
4
9
9
8
8
1
3
7
2
3
8
1
6
2
3
8
419
9
2
1
0
6
0
1
4
9
3
2
6
1
6
5
4
6
9
772
6
9
4
8
21
0
2
7
0
11
64
8
89
01
26
8
5
73
4
0
5
3
1
5
9
5
3
5
4
3
0
6
8
8
7
4
30
5
1
43
9
3
6
3
5
0
2
0
9
0
3
1
2
1
4
5
4
6
7
94
5
1
7
5
0
3
2
4
24
4
4
7
6
6
1
5
7
6
5
2
43
3
2
292
0
9
7
58
6
1
2
1
6
1
17
7
9
7
8
3
3
3
8
9
8
5
57
0
0
0
21
6
41
9
6
3
7
0
0
4
4
9
9
8
386
9
6
15
1
2
4
8
9
7
4
32
71
3
7
6
83
1
2
9
1
68
7
9
9
7
38
1
2
4
5
47
5
1
7
1
1
4
9
2
59
4
41
6
6
3
2
81
4
3
7
6
4
80
7
0
4
1
3
2
2
7
9
4
6
3
29
1
1
50
02
0
5
6
0
3
0
2
7
2
7
5
3
88
1
9
8
5
2
1
8
6
1
2
3
7
5
0
4
6
6
7
7
8
89
3
28
9
4
6
3
277
3
2
7
7
2
3
3
6
22
7
9
5
5
3
7
5
9
2
6
0
6
5
4
7
5
5
3
3
4
6
4
5
1
5
6
29
0
2
4
2
2
8
9
2
3848
3
0
0
0
2
8
5
4
8
1
3
7
0
4
67
487
5
6
3
8
5
9
4
13
0
0
9
2
0
1
1
2
6
5
1
3
5
5
2
25
68
0
9
9
8
0
7
8
3
0
6
112
6
4
6
1
65
2
9
6
2
9
0
1
0
3
97
3
5
2
9
7
3
50
9
8
8
35
4
71
1
3
6
6
4
8
8
10
9
3
0
9
0
0
5
6
0
0
12
7
3
7
6
8
02
22
3
890
1
3
5
8
7
74
8
0
23
4
3
1
8
7
36
7
6
0
6
1
47
3
81
61
0
1
64
12
1
8
9
1
0
3
6
0
5
0
5
8
6
6
2
2
7
1
9
0
4
3
6
6
5
1
4
3
0
9
9
5
8
1
9
6
6
1
6
7
7
9
10
0
6
5
6
8
5
6
84
8
6
1
0
0
4
3
3
80
4
1
1
29
3
567
1
7
4
0
5
9
0
6
5
3
7
3
17
2
2
7
6
1
4
8
0
61
3
0
3
2
35
3
4
8
4
8
2
2
9
3
3
8
7
0
7
45
8
3
3
1
8
71
9
9
12
5
6
5
0
7
59
0
8
3
5
7
0
9
8
874
6
2
045
7
6
9
3
11
1
1
4
1
4
75
3
38
6
1
7
5
6
0
12
21
4
0
3
3
4
0
49
5
6
9
1
5
5
28
1260
7
7
5
2
3
2
5
56
2
9
3
6
5
9
9
1
5
0
1
3
2
7
3
6
5
0
1
5
8
95
86
4
1
8
05
9
3
0
9
3
9
1
5
9
4
1
4
3
9
1
6
2
64
3
6
0
5
0
5
2
2
4
66
0
7
31
2
2
2
1
79
1
3
7
2
5
5
4
3
8
45
2
3
5
2
3
0
8
3
1
5
08
9
7
3
5
4
0
4
6
398
1
3
0
7
1
4
3
0
8
254
1
8
0
6
9
2
3
7
4
0
2
9
74
2
3
2
6
5
4
2
7
5
8
1
3
7
6
3
07
26
1
2
2
6
8
9
9
3
2
68
9
06
3
1
2
2
1
7
7
1
6
0
4
8
3
0
3
5
9
4
2
2
4
38
3
2
1
3
33
6
6
3
7
7
6
3
0
10
1
6
73
6
384
4
1
5
3
14
2
3
6
9
9
6
0
1
94
3
1
8
8
9
0
2
2
2
0
9
6
6
8
4
2
7
3
6
92
3
4
8
5
8
1
7
8
0
3
0
9
8
9
0
8
3
4
948
2
4
4
4
65
0
3
6
8
23
22
8
78
1
9
0
6
9
3
64
1
2
31
31
9
5
63
3
6
3
9
9
3
11
98
0
3
7
8
8
3
4
9
0
4
5
1
8
8
9
6
0
5
5
60
6
7
3
97
2
0
0
7
9
37
1
5
1
8
0
02
1
3
3
0
6
3
1
2
4
1
1
5
437
1
64
39
90
9
51
166
0
9
3
3
0
0
5
7
4
9
0
55
1
5
0
1
1
1
10
5
3
3
7
0
4
4
53
1
5
5
9
1
6
0
5
08
1
9
7
48
0
89
0
3
46
45
1
4
7
1
8
3
3
2
07
3
5423
2
9
8
6
4
0
0
4
3
8
5
1
6
2
94
42
8
1
3
14
3
1
9
5
7
2
62
36
3
9
4
80
4
4
3
5
8
9
1
7
8
1
9
233
7
3
1
5
06
10
5
3
47
3
9
9
9
7
2
7
5
1
2
66
907
6
2
3
15
7
4
9
8
3
9
0
2
8
9
09
1266
9
2
4
6
6
1
8
4
0
7
6
5
0
35
90
7
9
6
9
5
0
2
8
1
4
1
2
7
5
4
6
7
52
9
8
6
47
7
3
55
12
5
2
8
1
8
06
0
4
6
3
2
1
8
7
7
3
8
5
6
2
5
35
2
5
4
3
0
6
2
4
5
9
8
4
35
6
4
0
7
205
0
4
2
0
1
1
8
1
0
8
3
3
5
8
1
22
51
7
8
4
8
0
5
43
6
1
5
5
0
5
6
24
5
6
3
4
5
1
5
0
1
214
2
74
1
7
5
4
4
4
97
7
9
8
3
39
77
69
6
3
7
52
7
5
1
1
1
762
3
24
3
7
2
2
3
4
0
80
25
7
2
7
6
3
0
7
62
0
4
269
6
883
0
8
8
0
8
6
0
4
98
8
7
0
0
4
86
2
7
3
2
34
1
9
0
31
27
2
5
726
3
6
8
8
933
2
6
5
4
2
8
4
9
7
9
0
71
8
6
5
9
7
9
6
9
5
7
01
1
5
4
1
1
3
3
93
1
3
77
6
56
0
22
7
8
13
4
6
7
17
0
9
1
40
3
2
0
5
8
6
2
5
3
5
3
9
9
1
5
1
3
5
0
6
5
1
2
4
6
6
4
0
1
9
5
7
67
62
9
4
5
4
2
1
5
0
9
89
3
7
8
2
7
9
3
3
3
3
4
0
5
8
43
7
4
1
7
2
2
40
6
2
7
2
6
49
3
1
5
6
3
8
4
48
6
3
87
76
9
3
8
0
8
09
3
0
4
1
9
9
9
3
8
55
3
7
6
8
3
16
7
8
6
4
0
9
5
2
2
27
9
7
723
73
8
4
18
0
2
0
30
6
3
64
5
6
5
9
3
1
0
0
86
8
2
6
49
2
3
6
86
86
4
5
3
45
1
9
5
4
0
0
5
0
1
95
8
2
7
8
9
7
1
1
6
9
7
2
9
8
92
9
6
6
1
34
4
31
4
1
3
7
4
03
8
06
5
7
5
7
13
6
7
9
1
6
6
2
1
7
4
9
36
9
4
0
4
4
5
5
9
17
6
0
4
4
7
1
6
8
9
0
0
3
7
5
9
3
2
9
0
3
9
9
1
1
6
8
7
7
3
9
6
5
0
3
3
5
4
5
0
0
8
0
09
9
7
5
64
5
4
2
7
8
8
5
8
6
1
09
4
3
7
219
00
9
4
3
1
2
9
6
3
63
0
317
6
6
13
1
5
2
0
6
7
1
3
80
4
8
0
4
230
7
2
6
9
02
5
4
3
2
1
1
3
8
8
12
0
9
4
1
6
2
6
1
9
6
1
5
0
56
3
9
6
3
9
2
89
9
402
6
2
8
0
8
7
7
7
9
8
5
2
5
3
1
6
6
3
8
8
7
58
6
1
08
6
6
9
7
71
6
1
41
80
2
2
9
8
5
8
9
7
5
0
0
9
1
1
1
8
3
7
9
5
8
1
4
0
4
82
0
0
7
5
0
85
35
8
9
4
1
7
9
3
6
1
0
7
7
2
6
2
8
2
8
7
71
95
3
4
5
92
3
8
91
3
5
5
735
0
2
3
7
8
9
2
335
89
2
4
2
261
02
3
2
0
03
3
5
3
16
1
5
4
1
5
8
6
4
5
01
2
5
5
87
6
3
4
2
7
6
2
6
92
3
2
4
0
2
7
4
8
7588
8
4
1
1
6
6
7
0
7
2
6
2
685
8
9
1
4
7
4
4
3
2
9
1
9
8
6
0
3
1228
1
2
59
3
5
4
220
9
6
2
4
8
2
2
0
82
2
2
0
45
9
5
5
2
6
8
8
2
3
57
5
2
1
95
2
7
3
4
5
08
8
8
8
0
7
1
7
69
7
1
5
5
6
59
88
1
8
2
1
2
1
9
0
1
4
6
0
137
3
0
2
4
1847
6
0
1
03
0
2
11
6
2
8
9
80
96
2
4
2
0
8
1
48
6
87
9
06
2
3
1
5
08
8
2
6
6
6
9
2
5
1
4
84
3
8
7
7
8
2
5
6
2
2
0
7
1
8
7
76
7
3
1
4
1
2
0
2
7
4
4
1
7
6
8
9
2
28
37
4
4
8
5
84
6
9
6
1
1
3
7
4
8
8
51
7
4
4
9
9
3
5
3
94
6
04
0
0
2
74
8
70
4
0
5
49
2
4
9
3
3
7
4
8
0
24
9
4
7
4
9
3
4
7
4
9
563
9
38
5
5
29
1
0
9
2
8
6
112
9
3
74
5
5
1
0
8
0
0
7
7
0
9
5
6
4
8
14
6
5
1
75
6
0
44
7
7
5
3
0
0
8
0
12
1
5
1
3
6
0
350
0
0
6
3
5
6
6
3
27
0
9
8
0
1
2
5
8
0
3
5
9
11
05
2
9
9
8
0
2
0
1
9
8
59
4
9
8
7
98
5
6
2
8
2
5
9
0
2
4
4
1
8
1
0
9
4
0
2
2
9
2
6
3
1
6
72
95
4
6
7
8
0
4
4
2
19
6
6
0
1
4
3
5
1
4
8
3
7
6
8
0
718
99
6
6
61
1
7
03
0
1
4
11
7
4
88
7
9
8
1
5
2
4
2
7
3
2
4
9
0
0
4762
2
5
4
9
9
4
9
6
7
1
2
2
9
5
4
2
9
9
3
6
5
9
4
5
9
6
9
1
3
6
12
1
7
7
4
1
1
0
621
3
7
0
4
4
803
2
5
7
1
3
4
7
6
6
01
9
8
7
5
0
1
9
0
6
6
4
741
5
6
60
8
510
69
0
6
7
9
0
6
4
5
626
2
1
4
5
0
6
2
1
62
2
7
0
1
4
9
8
1
2
8
7
7
3
2
6
6
8
6
1
2
0
0
4
7
5
5
711
7
7
7
5
2
25
8
1
8
9
1
52
0
5
2
5
5
8
0
7
6
6
0
9
64
4
4
3
8
3
05
3
21
7
7
9
7
5
6
8
5
89
2
1
1
0
7
2
5
4
84
3
5
7
0
9
4
2
8
7
13
854
7
8
2
8
8
3
4
0
1
6
0
3
97
2
9
8
64
02
7
8
6
0
0
05
1
5
88
2
4
7
4
5
5
8
5
312
00
7
85
4
6
15
7
3
7
3
2
6
8
6
56
5
9
6
1
3
3
5
23
8
7
6
6
8
4
0
1
1
7
1
5
1
11
5
3
6
6
2
1
4
3
1
1
5
8
8
5
070
2
7
52
0
5
5
3
1
6
04
6
4
9
38
43
6
2
3
02
5
4
0
6
0
1
44
3
7
2
7
5
5
7
5
4
5
8
2
6
9
4
1
3
0
9
3
3887
7
7
6
0
3
3
4
70
4
90
830
6
7
2
6
4
7
1
41
1
6
7
9
5
9
6
6
8
8
4
3
69
5
20
2
4
0
9
17
5
5
2
3
80
8
3
8
9
0
0
82
15
9
13
7
2
3
3
6317
2
5
0
6
0
96
6
1
06
4
94
44
9
2
5
3
1
0
4
6
7
62
7
5
1
1
9
5
9
0
4
9
5
0
4
4
9
2
71
3
26
8
9
4
68
4
9
4
4
2
8
5
0
8
9
6
2
0
6
0
6
1
50
1
2
8
5
9
0
2
6
55
2
87
4
9
8
4
4
7
6
1
7
8
7
1
7
4
2
8
9
4
78
1
2
1
6
7
0
7
6
3
1
8
4
2
7
3
8
73
8
9
4
8
3
0
0
2
6
6
9
4
8
4
0
4
1
9
20
4
6
8
5
7
7
2
7
0
0
4
0
0
616
3
4
5
1
8
9
0
4
3
8
5
7
4
6
7
6
9
4
5
2
5
5
9
30
7
0
5
2
8
4
4
4
2
8
8
9
4
1
9
5
9
7
9
1
1
0
9
0
5
8
9
0
9
4
7
8
4
1
4
1
7
4
4
2
8
6
01
62
8
2
4
5
3
9
9
4
0
53
5
9
3
2
5
9
2
6
049
10
0
9
7
5
7
8
3
5
44
58
3
1
0
8
1
8
1
9
7
4
8
3
1
8
1
64
7
5
2
3
4
4
9
5
4
3
2
8
2
53
3
8
1
5
2
8
0
8
7
8
4
2
6
820
2
9
63
4
7
8
1
675
9
9
3
9
8
1
2
3
41
15
3
0
0
5
6
9
5
4
8
1
2
1
76
2
9
5
5
0
5
5
3
5
3
2
9
7
3
3
6
6
4
2
9
9
5
9
02
7
70
0
3
0
1
0
5
0
9
28
5
7
5
3
5
4634
67
7
7
29
36
3
4
2
6
2
52
7
3
8
0
5
4
5
56
0
1
08
8
2
4
3
0
8
5
1
44
6
6
8
1
7
1
4
6
25
56
9
6
5
1
4
8
2
1
3
5
1
3
0
2
8
7
61
8
7
3
6
77
2
0
6
3
4
9
8
6
8
0
2
2
37
5
1
0
9
509
62
4
83
7
4
3
6
5
7
57
7
7
36
8
1
4
3
3
9
1
4
38
9
5
0
8
5
4
2
6
3
9
8
0
1234
9
6
9
5
3
7
5
1
7
5
9
4
0
4
75
20
4
1
16
6
96
2
8
32
2
8
6
6
3
8
0
5
7
7
2
25
8
7
4
7
9
5
9
0
4
4
3
4
51
655
3
3
88
1
5
70
5
018
5
0
43
4
2
38
2
0
9
9
4
2
2
9
00
78
8
05
1
7
2
9
8
2
0
4
9
0
0
1
3
19
8
5
4
20
6
0
4
608
2
0
5
3
5
2
4
8
079
4
6
15
5
4
6
9
4
3
2
0
6
2
6
0
8
6
8
4
9
9
3
7
2
9
8
4
14
0
4
8
392
8
31
38
0
6
5
2
0
3
8
2
2
3
7
7
41
1
89
3
6
3
7
6
4
2
4
2
8
6
0
2
9
0
7
2
9
5
5
2
06
8
2
6
1
5
1
8
04
33
0
4
4
3
0
2
8
0
86
1
8
5
4
5
5
12
2
9
1
3
2
9
2
6
9
3
3
9
1
82
9
7
4
9
0
8
93
3
0
9
2
7
6
449
0
01
0
9
05
4
8
82
0
4
2
7
8
7
7
7
3
7
3
7
3
6
6
0
0
6
8
4
2
3
9
2
0
3
3
8
0
7
7
2
1
7
6
2
61
4
9
2
9
5
0
2
4
2
72
54
2
5
4033
8
3
2
8
04
71
6
0
96
8
0
0
5
6
7
95
5
6
4
973
3
09
4
0
3
4
7
6
5
9
5
1
6
7
7
31
5
9
8
6
74
9
92
6
9
1
3
1
1
1
9
9
2
0
4
61
1
9
8
961
5
4
6
3
9
2
2
9
7
95
8
5
2
0
8
1
7
0
74
9
9
5
83
7
3
9
3
7
40
2
6
9
7
9
950
1
3
6
5
0
3
44
1
96
8
5
8
3
8
2
0
1
20
1
79
21
5
6
2
2
1
4
61
0
5
4
3
0
3
2
4
5
1
961
1
0
7
2
88
0
6
6
0
7
0
4
1
6
2
5
3
5
6
7
3
9
5
5
3
5
8
35
8
7
3
8
9
7
6
0
6
27
2
1
3
7
1
8
5
1
8
2
6
4
20
8
2
1
6
0
15
38
0
91
2
5
9
2
5
6
1
16
815
6
0
5
0
943
6
6
7
7
0
4
8
2
4
5
5
1
0
3
9
9
0
1
8
0
68
6
6
5
3
3
2
3
2
7
8
5
6
4
3
3
16
4
2
0
8
8
1
1
3
3
7
1
9
3
7
4
2
22
9
7
9
3
1
16
8
8
8
07
0
7
3
8
3
6
667
7
76
1
8
1
85
3
2
25
7
63
5
00
8
0
5
3
8
1
9
6
1
9
0
2
8
2
7
3
1
0
19
7
7
37
94
7
0
6
23
8
2
6
3
8
0
49
62
1
9
8
3
1
0
9
38
8
11
87
5
0
7
1
2
23
4
2
7
4
9
6
3
1
64
4
191
8
5
1
45
879
2
7
9
1
9
6
9
5
745
1
51
9
45
9
0
9
10
3
2
0
5
8
8
2
9
7
9
9
05
9
5
0
2
8
8
5
1
0
253
7
8
8
9
92
0
3
2
8
0
0
0
8
1
9
8
1
0
4
5
9
8
0
4896
7
7
1
1
85
9
7
7
51
1
6
0
0
1
6
6
2
2
3
65
35
8
9
2
9
7
7
33
56
7
6
4
9
4
2
0
6
3
9
9
9
1
6
7
6
2
9
2
3
8
5
3
1
6
8
3
3
2
6
6
2
8
9
8
8
6
85
3
8
3
3
1
8
8
8
33
6
5
1
9
9
78
9
8
4
9
0
1
0
64
9
5
4
8
7
8
3
1
3
9
7
9
5
5
8
5
6
3
2
8
00
194
86
5
8
9
1
7
82
2
67
4
9
0
8
5
0
818
07
7
8
6
1
4
4
4
1
5
2
7
0558
3
7
7
6
30
47
49
8
2
9
4
5
7
3
7
0
5
5
7
0
5
0
2
97
67
7
3
4
8
2
0
5
6
8
6
95
3
8
6
6
1
2
4
3
8
0
1
6
8
4
4
4
9
4
7
6
7
1
5
2
14
4
5
8
3
1
5
6
13
2
0
1
0
8
5
1
1
7
0
332
6
6
7
6
7
3
0
4
2
4
8
1
9
0
5
8
8
67
0
8
8
6
8
8
81
7
0
0
5
33
6
2
3
08
3
1
51
81563
63
14
6
2
7
0
0
8
1
18
3
4
4
9
7
7
37
7
0
15
697
1
09
5
6
14
9
1
8
8
0
1
6
2
1
1
8
7
5
5
4
7
9
9
06
0
2
4
4
56
4
7
5
7
9
8
776
5
3
70
5
3
7
7
0
1
49
7
0
29
516
6
0
8
2
6
8
1
92
1
5
7
2
06
5
1
0
2
5
6
2
5
5
74
6
0
5
9
8
84
5
66
3
4
3
7
9
1
7
7
3
7
4
4
1
79
20
9
3
2
0
2
1
3
0
12
8
5
0
3
88
5
6
4
5
4
2
3
8
9
6
9
8
91
84
5
0
1
4
1
2
5
3
2
7
7
6
51
7
23
7
4033
9
8
47
9
1
2
3
1
0
5
2
1
2
0
5
9
2
9
0
0
6
6
5
8
6
9
0
5
9
4
636
53
7
7
6
0
1
2
6
66
6
5220
6
3
2
1
7
2
2
0
1
9
2
23
5
2
5
0
1
2
2
8
1
2
86
2
4
3
58
2
2
03
8
2
54
4
2
2
4
1
9
2
0
1
2
6
1
9
3
5
0
3
0
8
3
1
6
0
4
1243
2
7
4
43
0
4
4
5
44
5
9
2
0
1
5
3
3
94
5
0
4
8
20
6
7
06
8
44
6
1
6
7
8
2
2
35
6
0
4
3
0
2
3
2
6
6
6
8
0
7
38
1
78
1
8
2
2
4
0
5
2
2
8
333
0
67
7
8
0
9
9
8
4
5
8
8
5
0
978
5
4
55
9
2
5
1
8
1
0
6
3
7
6
2
05
4
5
9
3
8
63
3
4
8
73
7
5
1
7
5
42
1
8
2
0
3
6
9
3
7
82
6
7
7
0
0
4
0
4
9
1
1
7
3
3
8
5
38
91
1
6
9
3
8
59
4
3
6
7
4
9
7
2
6
8
94
33
2
0
5
18
9
9
3
8
9
6
1
5
7
1
9
9
5
6
7
71
4
0
7
48
5
2
2
4
6
17
6
8
6
7
3
3
2
8
9
1
0
9
6
3
6
48
7
81
3
45
5
94
4
7
3
7
6
4
9
4
0
76
00
392
2
3
1
9
7
72
60
3
7
7
27
76
1
1
0
8
7
0
1
4
7
5
3
5
97
5
2
8
9
8
9
6
5
8
459
5
1
7
0
7
60
0
59
0
18
2
7
6
0
7
3
6
1
4
8
22
8
1
026
7
9
3
2
2
6
6
01
98
1
84
5
0
4
7
1
5
87
07
8
9
74
39
1
3
6
7
7
8
5
048
1
4
1
9
0
1
4
1
4
3
7
3
79
4
44
0
7
1
0
9
6
9
4
4
7
05
9
89
5
7
6
9
35
6
03
9
1
0
6
8
9
5
5
20
7
0
38
0
4
9
1
2
19
1
0
7
6
3
66
0
54
1
3
3
9
9
44
6
7
4
5
4
5
2
3
5
7
2
7
0
6
3
40
9
9
9
6
7
5
4
9
5
8
0
0
97
4
9
80
1
3
6
16
8
0
8
8
1
9
6
30
1
3
5
2
1
1
4
7
6
0
9
9
4
55
43
4
9
223
3
3
1
8
9
6
5
9
9
0
8
08
6
2
8
3
033
2
9
8
9
4
6
3
3
5
3
8
3
7
4
4
6
3
01
06
8
6
3
9
8
1
008
4
4
3
8
3
5
2
6
2
1
5
9
3
7
2
8
3
0
9
4
1
3
6
1
5
7
8
43
5
8
0
7
8
0
5
2
1
3
8
7
36
5
5
9
2
15
1
5
3
9
68
3
2
9
9
9
2
3
02
3
79
8
1
2
8
9
6
7
8
7
7
3
0
37
5
2
1
15
6
2
8
3
06
14
7
3
67
92
7
0
6
72
0
4
23
809
39
9
9
2
85
0
1
9
5
4
8
2
0
3
4
8
2
2
2
51
1
3
7
6
7
4
0
7
7
7
9
7
6
1
4
28
0
5
96
6
7
8
0
850
1
0
2
9
2
2
5
7
3
1
86
6
6
0
11
4
4
8
0
3
3
1
1
7
80
5
8
80
2
5
8
2
6
0
7
2
4
9
2
8
2
1
1
9
9
3
6
2
3
1
4
4
7
0
9
3
3
7
1
1
9
3
3
9
0
32
2
742
1
6
7
5
1
74
2
3
16
1
1
82
8
7
1
1
5
6
3
7
1
9
8
47
7
3
3
5
6
4
5
0
59
1
31
0
9
6
3
5
5
99
9
3
6
3
7
3
4
61
9
5
5
9
9
8
7
7
6
8
7
456
5
5
7
2
4
1
9
4
64
2
1
8
3
4
1
5
9
9
2
1
7
3
1
9
4
3
9
8
193
1
6
9
5
3
78
5
1
0
3
7
5
8
6
3
9
4
6
3
7
0
8
1
6
2
5
2
9
6
62
1
4
0
5
7
3
5
3
9
2
5
99
0
148
87
6
1
2
3
6
5
9
222
58
8
3
1
7
1
55
23
0
93
2
7
94
4
9
3
61
9
6
0
1
9
57
1
4
7
1
6
5
99
3
0
9
7
08
2
0
0
5
2
4
7
5
8
853
0
9
1
61
21
6
6
1
3
4
9
5
3
21
7
9
5
5
8
2
0
5
9
61
7
1
4
58
4
7
9
7
0
5
5
84
4
1
8
8
0
8
1
7
6
1
2
2
1
2
73
1
22
0
2
7
3
9
9
0
7
6
9
0
32
5
4
0
3
6
50
6
2
8
543
9
5
3
9
59
2
4
8
8
71
6
7
3
46
3
5
4
7
5
680915
0
98
96
5
82
4
3
68
0
0
3
8
323
3
8
1
4
8
7
98
1
7
2
51
6
8
3
7
3
0
50
6
3
18
1
6
1
3
91
4
6
8
8
9
4
78
2
4
6
3
46
7
5
3
59
1
3
5
7
9
1
6
1
46
7
3
9
2
7
3
46
7
7
6
0
0
4
5
3
6
60
1
71
6
8
6
8
1
7
4
2
4
9
6
6
3
4
5
33
79
9
4
9
1
0
6
6
3
2
58
59
63
6
6
12
1
9
2
3
3
6
4
9
2
7
8
6
7
7
1
27
9
5
9
7
31
37
530
8
5
147
6
5
5
0
3
4
5
838
4
2
25
031
9
5
5
7
4
9
6
2
9
7
9
1
47
4
3
3
2
7
1
3
7
4
5
1
7
0
9
36
0
5
6
5
88
0
4
4
8
1
1
0
3
5
7
7
23
7
3
9
7
3
7
3
5
4
90
0
5
0
8
9
8
5
8
3
81
9
4
1
07
04
4
0
0
6
1
1
2
6
7
4
1
4
0
8
0
3
0
7
0
8
28
6
1
9
3
8
58
3
61
8
0
3
0
89
7
9
8
4
9
6
0
8
1
7
2
