1231
2
1
3
5
7
8
7
4
3
2
09
0
8
3
9
8
6
5
9
6
8
2
504
9
2
6
3
7
4
6
8
1
37
6
6
5
5
73
1
3
8
4
8
3
3
3
4
6
6
9
1
9
69
0
7
82
9
8
4
5
7
3
2
9
0
1
6
146
9
5
7
1
9
6
7
9
36
4
2
8
7
5
2
9
8
4
2
2
9
65
12
2
54
7
6
30
28
7
8
93
2
3
8
6
6
9
83
3
3
0
0
6
9
7
1
9
8
5
9
9
5
4
5
8
4
6
12
03
6
6
3
3
9
9
1
6
1
14
58
79
2
5
3
08
8
4
3
2
4
0
6
7
2
33
4
6
0
54
8
8
2
2
2
5
9
7
06
578
2
504
8
3
8
7
78
8
8
2
1
2
1
2
6
8
1
18
9
3
4
5
28
2
0
6
0
2
7
1
2
77
8
8
0
1
6
97
8
74
8
6
8
0
4
1
7
0
7
1
5
7
3
4
9
4
2
0
5
5
8
2
2
0
2
2
60
7
72
2
945
5
6
0
7
2
5
7
8
0
4
7
1
6
9
932
6
1
3
6
0
35
5
3
0
4
1
4
1
3
8
3
1
6
9
3
4
6
5
9
2
72
99
6
1
7
4
2
19
4
6
3
0
4
9
6
0
6
0
2
1
7
8
3
94
9
5
5
9
4
2
7
3
32
3
0
8
1
7
1
3
2
1
7
5
8
3
6
9
2
0
1
7
7
3
6
39
0
7
9
9
0
313
6
1
0
6
26
2
2
7
76
80
2
5
8
31
6
5
0
2
3
1
35
4
0
4
8
2
24
1
70
5
1
5
95
1
2
1
0
6
21
1
6
4
54
2
9
4
6
6
0
3
3
0
6
3
2
1
08
7
4
9
9
6
6
6
8
6
0
8
0
5
34
7
8
1
53
3
2
236
0
2
3
64
9
0
0
11
3
6
1
5
5
8
4
24
7
4
1
93
4
2
21
5
5
6
3
80
3
4
641
7
6
1
4
3
1
6
3
97
88
5
5
0
3
89
434
6863
9
0
8
1
98
3
8
8
8
6
3
50
0
1
6
4
4
08
29
5
87
3
7
2
8
2
2
3
7
4
0
2
5
2
0
2
6
77
8
0
6
93
9
8
0
9
5
2
58
1
6
4
7
1
2
9
7
9
7
3
7
2
6
3
5
3
7
172
6
7
1
5
7
4
9
6
6
62
9
4
7
8
2
8
1
3
8
7
6
6
4
1
0
5
6
8
2
5
1
1
65
57
7
2
0
7
9
6
1
5
7
2
6
0
8
8
0
0
3
44
0
37
96
79
4
2
13
6
0
4
3
7
9
3
1
0
9
8
5
62
0
6
5
5
47
4
7
4
9
7
5
08
9
1
87
5
840
59
4
0
5
0
26
0
1
1
6
1
4
9
8
1
0
7
6
8
7
4
9
3
3
1
1
2
8
1
8
2
2
5
8
0
7
6
7
1
0
6
3
3758
5
4
5
0
11
43
8
8
4
3
6
6
7
21
4
3
1
0
9
5
4
8
1
33
5
8
5
1
27
02
3
6
0
6
81
6
3
42
8
19
0
6
8
6
4
2
6
8
5
6
7
6
9
40
6
72
1
12
2
5
38
15
1
9
1
2
7
1
7
0
0
48
9
4
3
1
79
3
7
9
1
5
2
37
2
0
2
2
6
3
8
2
0
3
2
6
6
19
9
7
4
79
8
0
22
1
1
8
3
2
6
449
8
9
9
28
4
3
5
8
1
2
2
7
84
7
4
9
5
6
1
8
60
58
7
9
2
6
8
5
4
7
4
5
6
3
6
7
3
8
72
15
1
1
0
29
3
0
2
2
5
6
2
6
8
1
7
09
9
4
1
3
3
2
8
3
43
2
6
2
2
6
6
7
50
2
7
1
8
6
3
2
4
8
4
8
7
15
3
2
1
3
5
9
8
8
63
0
7
62
0
27
7
6
38
5
1
3
6
4
7
17
9
6
1
8
6
33
4
1
3
0
0
2
93
0
8
8
5
4
6
7
4
15
0
6
1
3
3
2
0
4
7
1
843
0
3
5
2
4
0
5
9
4
5
49
01
7
0
4
7
8
6
59
3
1
5
5
4
8
7
4
9
1
8
0
6
9
4
1
7
0
01
6
2
5
9
20
3
9
8
4
5
5
8
2
7
9
6
6
6
2
1
5
7
5
4
31
22
7
5
81
6
0
7
1
1
0
26
16
1
5
6
0
9
8
7
1
7
0
5
1
05
0
4
1
3
7
3
1
3
4
2
9
7
1288
0
81
2
4
4813
7
3
5
55
9
3
1
5
1
0
6
7
4
0
1
1
6
4
6
723
2
50
7
8
2
4
2
21
7
7
1
2
2
9
0
4
8
3
8
782
4
1
6
2
0
8
86
2
0
3
4
90
1
4
8
24
5
2
4
0
3
39
1
2
9
61
05
53
1
3
79
66
9
0
80
26
8
0
1
2
03
4
1
8
3
2
78
3
9
0
0
6
4
5
68
1
0
0
5
6
8
5
2
5
3
1
6
4
9
7
7
2
2
86
0
6
0
8
2
5
4
9
83
1
743
3
3
8
0
7
2
6
74
0
4
1
7
4
51
8
7
0
0
5
8
1
5
7
82
6
89
0
1
5
9
6
5
1
4
2
6
7
2
4
4
3
0
24
40
7
92
4
2
0
1
9
4
4
0
2
7
4
0
5
4
8
8
7
9
0
6
1
1
9
0
3
11
9
3
582
1
4
4
1246
4
58
8
5
1
7
3
1
60
1
0
7
82
6
4
4
4
7
28
82
6
1
3
4
3
8
1
7
72
26
2
3
2
0
2
4
59
3
3
0
8
4
9
20
0
9
8
0
0
0
9
3
7
2
0
5
1
7
8
6
8
1
1
38
8
9
4
04
52
9
867
8
8
5
8
6
3
7
6
9
8
4
2
0
5
3
6
3
1
3
9
3
5
7
1
3
5
3
7
6
7
6
1
5
318
0
8
6
9
48
709
6
5
3
97
7
5
4
8
1
7
5
2
1
3
9
2
1
9
0
2
7
52
3
5
220
7
1
1
5
8
7
8
5
1
5
9
0
1
5
4
9
4
4
4
2
8
5
2
2
8
8
6
3
5
6
9
96
1
59
7
3
7
6
7
1
6
7
2
9
2
7
0
3
2
2
8
1
8
1
5
5
57
8
5
8
1
9
2
4
5
7
4
0
9
9
0
0
31
5
7
7
8
7
1
9
5
80
1
74
8
3
2
5
2
3
3
6
9
425
7
6
04
3
2
5
1
7
1
5
8
8
9
2
9
0
4
8
7
15
2
1
4
3
6
2
0
9
8
5
1
0
3
693
6
3
63
1
76
7
10
4
23
7
9
2
8
1
0
71
5
7
5
7
45
2
7
5
66
4
6
7
5
9
0
3
00
9
94
9
5
6
66
3
0854
3
6
8
8
5
6
8
05
3
8
0
7
5738
22
1
2
9
9
5
96
6
29
5
0
4
6
6
1
3
1
2
4
1
5
4
5
08
3
03
89
5
11
3
7
1
2
8
0
5
0
4
5
8
6
00
7
2
4
3
2
7
7
0
2
0
7
1
3
1
07
0
6
4
0
13
3
4
4
6
66
52
7
8
5
1
6
9
18
86
9
6
5
7
79
0
7
4
6
5
9
8
5
9
3
0
2
1
346
5
7
4
06
0
5
9
9
2
2
2
7
3
3
3
42
20
2
9
8
4
3
5
3
8
8
95
5
4
39
1
3
5
3
1
9
2
4
0
59
7
4
3
5
1
9
5
6
296
8
29
0
3
748
58
81
5
6
9
02
12
2
0
9
7
5
4
9
1
7
26
3
7
7
0
9
69
8
46
7
7
1
4
2
3
9
5
8
7
03
86
2
41
9
50
3
6
1
32
11
2
2
6
793
43
7
0
3
9
9
4
3
6
6
1
6
58
5
66
4
4
7
7
3
8
9
4
58
0
2
0
5
8
79
25
5
94
9
0
9
7
9
4
5
5
7
5
27
56
2
2
8
15
61
2
5
2
78
0
1
4
3
8
2
9
2
2
6
6
505
7
0
8
6
8
09
3
0
4
6
5
2
04
8
4
3
0
55
2
8
7
8
25
3
2
7
9
9
80
7
0
8
81
1
4
9
5
5
25
8
1
82
6
6
2
3
5
6
142
9
437
13
2
79
19
3
8
458
8
2
6
3
9
20
1
1
1
9
3
1
5
5
3
0
4
0
9
9
37
3
6
6
8
2
13
6
2
925
7
0
2
7
2
29
3
5
4
3
4
6
6
5
4
13
8
7
8
39
5
8
9
5
5
7
0
8
5
7
4
9859
1
6
3
69
3
6
9
8
1
6
3
1
9
7
23
6
2
6
1
68
2
6
54
3
2
4
5
90
1
0
9
8
0
1
5
2
3
9
8
5
8
6
3
7
3
2
3
5
9
7
6
13
67
8
3
4
8
9
7
9
2
3
3
2
1
7
77
7
0
5
7
9
4
7
9
7
9
8
9
9
8
5
8
58
70
9
4
0
0
1
3
8
4
53
9
4
1
6
4
9
4
5
3
00
1
4
5
8
1
2
1
21
0
4
3
5
8
1
2
0
61
8
0
4
3
4
8
7
4
0
4
0
8
9
9
0
8
8
07
8
7
5
0
5
8
8
5
5
1
78
4
4
9
3
5
7
3
6
8
1
74
3
0
8
2
3
39
6
8
8
12
0
53
1
910
1
9
5
3
2
5
8
4
9
7
9
84
9
8
2
7
80
7
88
93
8
1
2
5
8
9
2
4
6
7
92
04
8
7
5
7
0
2
5
0
8
19
0
0
5
7
5
3
0
6
1
7
5
0
25
2
3
4
1
4
6
34
3
2
9
88
9
8
2
7
9
5
5
9
1
6
9
9
1
1
3
3
1
5
1
3
9
2
1
2
5
8
2
6
9
5
5
1
220
1
1
2
5
1
5
1
3
9
05
62
98
0
6
3
0
6
1
3
2
0
6
0
1
8
07
9
9
0
7
1
82
25
8
1
8
8
6
1
9
4
1
6
1
4
3
7
1
7
8
4
28
66
5
0
5
2
2
3
8
2
6
8
71
1
6
2
3
98
4
1
1
4
6
1
4
9
9
0
7
3
9
6
2
6
0
4
7
05
2
9
8
2
3
1
3
0
8
63
0
2589
6
2
2
1
4
7267
2
6
1
7
6
931
5
4
8
5
4
2
7
9
2
85
4
4
5
1
1
3
7
8
6
4
51
4
3
41
3
2
53
5
2
2
4
6
6
2
1
4
9
1
5
21
98
9
1
1
8
4
4
53
9
0
7
5
8
3
07
0
0
2
5
4
5
0
57
8
4
1
1
1
5
2
6
4
8
6
6
1
7
0
3
4
26
0
8
4
0
1
1
4
87
3
1
1
2
5
1
9
67
8
9
8
7
8579
6
63
9
0
5
4
4
26
30
2
8
02
0
6
3
0
3
1
8
75
2
3
7
51
5
7
3
8
0
9
0
80
1
5
8
2
8
66
4
9
9
1
9
4
6
8
0
9
4
5
9
4
8
99
1272
6
3
2
56
4
3
1
2
2
1
0
5
1
3
8
1
7
2
62
1
4
47
5
5
0
9
2
80
4
5
0
4
4
23
0
5
7
81
0
2
1
0
2
1
98
14
6
6
7
7
15
5
38
2
0
0
5
4
6
0
4
3
7
2
0
5
20
6
9
80
3
343
5
4
0
1
2
0
9
3
1
6
2
6
5
6
4
1
3
20
9
7
18
3
5
5
1
7
4
0
8
6
4
3
9
3
7
9
1
2
78
2
6
7
5
4
9
7
7
7
1
8
2
6
53
0
8
0
9
0
3
7
0
2
2
6
97
0
9
38
7
9
0
8
6
87
7
7
7
9
9
1
4
918
1
2
4
4
8
7
7
6
8
5
1
9
85
13
4
5
6
9
4
7
2
4
7
16
8
2
9
7
4
9
94
5
5
0
6
6
773
7
2
8
95
1
2
2
2
0
13
2
5
0
6
7
72
6
34
9
3
4
70
1
5
2
5
6
9
44
0
9
8
39
1
04
6
1
8
3
1
4
9
6
7
9
6
3
1
82
0
27
7
7
3
5
9
8
6
2
5
8
2
3
8
10
6
6
1
1
5
7
0
7
0
8
3
1
3
473
0
7
5
6
4
4
71
4
2
6
9
9
39
0
70
19
4
9
1
7
1
8
0
8
9
3
7
64
3
1
5
6
0
0
9
25
3
4
9
5
5
1
8
3
1
5
7
2
2
6
4
3
1
3
0
3
4
3
5
3
0
3
5
6
0
1
20
7
329
4
60
69
9
5
0
9
2
1
5
6
3
448
7
8
5
6
50
2
9
8
5
1
2
3
12
7
78
4
007
7
9
4
5
0
19
9
4
1
6
6
614
7
4
7
66
3
0
7
8
2
6
3
6
1
4
5
7
1
4
2
5
6
8
3
7
4
7
5
0
5
7
4
4
7
7
5
2
6
2
91
42
5
2
5
69
1
2
3
1
4
6
9
9
8
793
1
3
6
1
5885
0
73
09
6
2
1
4
0
5
7
2
6
7
9
47
0
3
5
4
8
3
24
11
8
1752
6
2
9
5
2
2
9
5
9
7
9
2
33
1
2
5
14
3
95
5
8
8
10
1
1
3
7
5
5
9
8
2
0
5
7
2
95
8
9
2
6
0
1
2
5
0
6
9
9
7
9
3
0
9
8
1
7
5
1
3
4
4
1
6
9
1
4
1
8
4
6
9
1
6
60
29
0
3
2
2
9
6
8
8
2
8
17
5
7
6
2
2
6
8
7
8
3
0
352
6
5
2
5
6
9
7
1
7
2
7
4
7
1
6
7
9
0
60
9
1
3
64
7
9
0
0
3
7
6
9
8
1
92
3
8
3
4
92
4
7
6
3
9
7
5
1
9
9
4
0
6
10
4
6
2
23
0
7
9
2
80
0
47
5
60
8
3
1
4
2
3
9
6
584
8
2
55
7
8
1
4
6
6
8
4
5
73
3
4
4
2
3
2
5
7
1
4
0
7
7
5
0
2
6
9
5
8
8
88
9
825
80
5
0
8
5
3
5
9
6
9
3
8
8
2
3
7
96
7
9
58
2
7
7
2
7
1
5
7
61
8
10
7
9
8
255
1
86
6
5
6
2
99
91
7
9
3
1
4
1
8
4
24
7
3
2
07
2
9
15
4
58
39
0
4
47
89
2
63
2
5
8
9
1
6
5
1
7
8
5
0
1
0
1
3
849
9
86
66
5
7
2
5
5
7
4
2
9
84
1
5
1
8
0
2
0
4
3
20
2
0
0
4
1
7
0
25
3
1
32
8
0
26
2
9
7
0
9
21
6
5
2
6
2
1
03
5
1
0
84
8
4683
4
6
7
1
47
9
07
9
9
92
1
4
6
0
7
6
91
2
4
8
5
0
8
6
0
85
6
25
6
7
7
5
19
8
97
8
8
5
213
5
3
7
9
6
5
8
5
7
9
6
29
6
2
4
8
6
6
61
3
1
4
6
16
6
4
3
1
9
7
85
7
2
4
62
0
4
5
2
1
0
6
5
8
2
4
8
1
7
3
9
4
8
8
3
3
5
1
3
9
4
5
9
3
4
6
3
8
2
1
6
3
3
8
3
509
8
2
7
9
0
17
4
8
47
0
2
27
3
7
7
8
9
6
7
1
1
07
2
91
8
3
82
1
01
1
4
54
6
9
87
8
1
2
8
9
2
25
2
4
9
8
7
0
62
1
0
6
4
7
2
5
5
0
4
9
1
8
2
3
0
00
1
5
2
2
1
1
0
6
1
8
6
9
2
5
6
1
4
6
12
5
0
9
9
8
9
2
0
2
9
5
0
3
4
4
8
0
0
3
9
3
413376
3
5
5
6
2
0
5
8
3
0
86
5
1
3
3
9
1
6
72
9
7
5
2
6
5
7
9
3
1954
3
0
3
9
2
8
7
5
5
2
1
7
9
7
85
7
0
33
3
86
3
1
0
3
5
2
2
4
2
85
9
75
08
3
6
2
70
7
9
29
2
1
2
4
7
736
8
9
2
6
0
74
2
8
49
3
5
5
7
4
4
6
67
1
2
45
0
9
4
2
6
2
1
1
6
4
5
0
6
0
4
60
2
3
4
4
0
0
2
76
2
7
2
0
4
4
90
0
3
2
1
5
4
4
1
76
8
8
6
2
1
6
8
8
5
8
9
1
2
90
0
1
4
4
8
0
2
2
7
5
1
4
5
7
8
3
6
5
4
1
5
6
1
6
1
7
5
1
1
2
9
2
0
0
4
25
5
0
2
7
3
1
44
5
54
5
2
7
3
5
69
1
72
5
67
9
1
4
9
6
1
5
0
1
62
5
3
112
82
5
6
9
61
4
8
2
3
46
3
2
6
2
1
1
1251
88
3
5
88
2
2
5
4
3
2
35
4
1
34
49
4
9
2
0
7
5
8
5
3
5
0
1
3
0
3
5
6
6
7
6
0
16
3
6
8
65
0
50
19
6
2
7
07
62
68
9
42
8
6
6
0
8
6
14
01
3
9
1
2
49
55
8
4
95
5
2
3
66
2
2
8
9
2
4
7
2
1
6
7
9
7
9
7
4
23
3
9
5
8
7
0
8
1
2
1
7
7
8
2
8
9
1
1
6
79
9
90
7
6
93
3
72
8
5
8
3
4
5
5
7
7
8
5
3
9
18
8
7
8
8
8
8
6
2
7
1
2
3
4
9
3
8
3
5
6
6
9
0
85
9
2
0
394
70
8
1
8
6
7
1
49
4
2
3
4
0
3
6
4
70
3
0
5
8
4
6
332
0
5
8
5
1
4
0
89
6
7
1
9
0
2
5
4
51
8
7
8
1
4
8
2
4
8
8
2
0
20
6
1
5
5
7
3
4
7
0
04
81
3
5
7
6
34
73
1
4
4
9
9
4
9
8
8
108
61
2
14
6
7
1
2
5
4
4
4
2
8
0
2
7
7
0
9
46
3
7
1
8
4
6
8
8
1
0
75
3
8
1
3
2
4
3
5
2
6
3
2
4
2
3
97
4
52
5
5
2
53
0
7
4
9
216
7
37
5
6
2
49
4
7
9
0
2
2
4
3
30
7819
9
86
0
5
9
0
1
1
57
1
6
2
3
7
4
31
9
0
21
8
6
9
89
3
2
2
2
6
9
1
6
6
9
7
0
0
9
47
7
5
7
9
3
9
38
1
0
5
8
2
8
4
8
5
9
5
7
7
2
4
6
604
0
3
1
6
7
7
945
6
2
25
6
6
2
9
3
4
6
8
9
07
3
5
1
1
2
93
06
1
11
3
6
9
8
9
8
8
04
6
7
38
5
0
0
7
44
0
3
84
76
8
7
36
7
1
7
2
7
3
5
1
9
0
7
2
3
290
96
9
0
9
4
1
5
8
9
9
5
7
7
32
7
32
65
3
9
2
7
7
6
0
4
1
4
26
86
63
8
63
5
0
0
9
7
6
5
5
4
35
86
4
8
4
8
5
0
43
8
0
710
6
3
4
8
57
4
9
3
7
4
9
9
8
84
0
5
5
0
0
2
9
8
7
62
5
0
4
0
442
1
60
7
5
4
63
9
0
4
1
858
9
2
3
7
78
88
2
0
9
9
8
1
0
9
2
7
0
7
2
3
2
3
1
70
6
3
5
0
6
76
76
4
8
0
3
7
687
8
0
0
25
5
4
5
3
4
8
8
8
12
2
0
7
5
6
552
1
5
4
0
0
73
2
6
5
2
5
2
6
2
3
8
6
0
8
2
76
3
5
5
4
3
6
7
3
5
5
6
6
3
3
3
7
29
4
0
4
4
1
421
6
8800
2
8
162
0
3
3
2
0
4
7
6
2
3
1
5
2
0
5
9
2
7
0
3
3
1
4
97
9
3
43
8
74
6
9
7
2
64
7
3
0
0
10
1
4
9
6
6
4
7
4
5
3
2
3
0
1
5
8
97
0
3
7
6
7
2
7
7
2
3
2
3
6
2
9
8
1
2
5
7
9
67
34
8
9
5
405
4
0
2
0
1
6
37
9
4
1
2
6
8
7
88
5
8
4
6
50
9
4
8
17
092
6
1
7
4
3
3
2
4
5
2
52
5
2
7
4
1
0
5
3
8
84
9
51
0
0
3
0
1
6
0
6
9
0
5
3
56
9
5
0
7
58
74
7
4
88
0
15
49
6
0
1
4
9
5
7
9
81
2
4
6
2
0
8
54899
9
2
0
54
1
7
8
3
6
5
3
2
8
9
3
7
2
6
3
12
2
9
1
9
0
6
9
1
1
2
2
8
4
8
0
5
1
4
9
72
6
9533
8
5
9
1
1
1
5
9
6
7
7
9
3
6
0
0
7
0
0
6
46
7
1
4
4
0
3
5
9
22
79
1
9
59
0
0
5
9
6
4
0
2
5
4
3
52
0
4
8
1
1
3
2
66
5
2
7
4
4
5
6
1
1
0
2
44
8
1
5
8
9
8
9
6
5
4
3
7
1
26
7
1
12
6
2
3
96
8
6
06
3
0
2
676
8
7
042
4
711
8
3
71
8
8
3
4
5
91
7
8
7
7
4
2
0
9
5
1
5
2
7
7
6
7
5
0
43
1
7
9
0
6
3
5
4
4
7
2
8
8
29
3
1
3
2
11
5
5
0
4
8
06
1
8
6
6
2
8
0
7
9
4
5
1
3
4
4
5
3
46
3
3
2
58
1
1
2
23
6
2
9
7
0
9
6
3
6
8
7
2
5
5
6
0
94
5
3
9
1
17
68
3
3
8
45
8
0
8
8
2
2
0
5
27
5
2
7
2
9
1
6
2
0
9
0
3
6
7
4
8
5
8
5
2
6
7
6
3
5
1
33
6
6
1
6
1
0
6
6
6
8
4
5
0
8
9
9
2
3
9
6
7
9
1
3
1
0
7
6
5
3
6
8
1
7
6
9
1
4
2
7
3
6
75
5
9
5
6
8
2
3
9
2
00
0
7
4
3
9
9
5
7
3
04
8
3
5
8
9
7
1
9
3
2
43
1
0
7
9
3
1
6
87
1
4
9
2
9
9
5
38
5
8
4
10
8
0
5
2
49
79
78
79
476
6
3
3
4
89
53
0
3
4
6
3
6
6
80
3
1
01
3
9
0
0
6
6
4
1
25
2
0
2
9
86
2
2
7
5
0
0
78
8
8
0
2
9
8
5
3
6
7
9
7
9
87
3
3
1212
3
0
5
8
00
1
3
2
8
5
9
3
5
46
9
7
7
0
1
18
0
7
2
5
5
96
22
0
4
0
3
1
8
5
8
5
38
2
3
4
94
9
1
22
9
4
6
6
9
8
2
7
0
33
7
1
2
5
7
8
2
0
0
2
7
1
8
9
2
3
7
4
0
9
4
6
0
2
5
1
60
4
2
9
9
9
54
8
4
8
0
5
9
3
9
8
0
2
6
9
1
4
7
0
4
5
6
9
6
7
3
8
8
1
3
90
1
1
4
8
6
49
0
5
9
7
02
8
2
8
1
7
75
3
52
7
0
1
452
5
0
9
4
9
2
9
6
4
4
6
7
94
2
4
1
5
4
0
59
9
8
7
9
2
5
6
7
8
09
4
9
12
1
39
7
0
4
4
9
9
4
7
2
6
1
9
83
4
0
5226
0
63
8
2
0
3
0
31
826
8
0
4
3
2
2
3
1
1
7
4
43
3
8
6
09
3
2
224
4
3
7
8
75
2
0
7
3
9
30
6
0
1
98
6
9
9
8
1
1
2
5
2
7
41
5670
7
3
3
3
00
9
2
3
1
6
783
2
3
3
2
2
9
2
8
8
4
6
9
8
2
6
43
5
6
9
9
2
6
70
23
7
4
3
2
9
2
4
0
2
0
7
0
5
2
3
5
29
4
8
6
2
55
04
9
7
4
90
3
0
94
9
7
09
5
9
6
9
0
0
6
0
2
7
46
6
9
6
1
6
6
8
6
2
3
9
2
8
1
1
6
3
1
9
0
6
2
1
4
1
9
0
4
5
3
37
2
6
1
7
7
0
0
0
7
1
3
6
7
3
4
7
4
1
7
2
2
2
6
7
2
1
1
4
1
6
2
61
4
0
8
5
6
6
3
6
7
0
0
4
6
9
3
2
63
7
4
6
9
2
81
7
2
6
0
9
3
60
5
2
3
1
8
3
1
1
0
7
9
9
3
7
8
3
5
84
8
3
4
1
7
5
8
80
8
7
0
0
7
1012
5
8
0
9
3
7
5
2
9
5
4
7
7
3
3
0
2
2
6
0
55
5
3
9
2
1
3
0
6
8
9
0
8
4
1
23
56869
3
9
7
88
2
6
2
0
1
9
7
7
5
9
6
722
0
6
8
9
1
6
38
1
4
8
4
2
85
9
0
03
9
2
6
7
6
1
3
2
3
68
3
3
4
5
3
2
5
9
72
2
75
4
7
5
4
2
9
9
39
0
7
4
7
2
32
8
82
7
3
5
5
1
1
2
8
1
2
9
1
4
9
41
2
1
7
6
5
4
4
2
5
17
1
1
9
9
9
0
4
37
14
3
9
6
5
0
9
4
1
8
4
3
48
0
9
5
3
3
3
2
5
7
87
8
4
7
1
5
3
4
7
2
4
8
4
2
2
1
4
8
4
72
0
5
9
4
9
4
7
89
6
6
4
1
4
0
4
7
6
2
84
7
1
6
2
0
9
3
4
6
1
2
9
1
8
5
6
4
1
1
0
27
7
0
6
56
9
3
0
4
4
3
6
7
16
2
2
7
1
5
3
97
1
4
4
01
2
90
6
16
43
7
4
2
7
8
9
7
3
8
1
6
0
6
0
56
9
1
75
8
7
5
9
2
3
9
36
7
2
7
8
3
2
1
4
0
9
4
34
1
9
6
0
0
5
4
171
1
39
5
8
10
9
1
7
7
2
2
34
7
6
40
8
8
6
5
9
4
5
1
6
6
8
2
3
83
3
7
0
0
2
1
6
3
1
0
3
3
6
4
3
7
5
7
9
5
03
0
5
6
37
1
0
1
0
6
0
9
4
3
5
4
8
4
3
8
51
9
7
3
6
4
6
83
29
5
2
7
5
7
0
0
59
1
4
0
3
1
3
22
0
7
4
0
1
7
4
9
2
1
7
0
8
948
7
7
7
17
5
3
0
7
9
8
2
6
7
3
5
0
2
19
5
8
6
5
3
2
40
4
13
34
12
9
2
9
4
2
92
7
2
4
7
5
1
6
98
4
0
93
7
6
2
0
0
9
6
6
1
4
0
22
6
4
2
6
7
4
2
62
1
1
3
2
1
845
9
9
2
2
1
2
7
9
9
0
1
23
0
4
8
6
6
3
6
3
8
1
46
1
0
9
6
5
9
8
8
0
4
87
8
4
3
1
2
7
0
0
5
7
8
6
5
3
7
6
8
2
5
6
6
8
82
0
07
9
8
1
4
7
7
18
1
2
38
3
2
7
0
0
4
7
5
4004
4
05
9
3
1
8
9
2
3
6
9
52
2
8
9
5
5
9
1
7
32
6
60
064
16
1
8
7
4
9
9
2
5
1
4
6
7
9
49
6
8
3
2
2
1
5
63
9
0
4
32
7
3
5
7
5
4
24
3
5
3
9
5
1
0
3
3
4
5
2
0
7
3
9
80
9
9
7
8
6
7
5
1
1
8
8
5
00
9
3
6
6
3
3
50
6
61
31
1
6
7
5
3
2
5
6
8
7
2
8
6
3
4
4
0
4
2
8
9
1
9
9
4
1
1
96
15
1
6
6
5
4
3
3
0
8
9
8
6
7
8
3
6
0
1
0
9
9
5
20
1
6
1
0
2
1
0
5
5
2
9
2
4
2
7
4
0
5
5
9
1
36
8
4
9
2
5
0
8
6
4
7
6
2
8
6
5
0
3
7
6
1
4
8
1
9
627
96
61
8
81
5
7
79
5
3
0
9
1
2
1212
8
2
8
0
0
4
0
79
6
6
3
8
9
8
8
2
82
9
0
2
2
0
5
3
0
4
7
1
0
5
5
7
6
1
8
5
3
57
3
6
2
2
8
78
9
7
7
2
0
99
0
0
3
9
3
0
08
6
4
7
34
3
3
2
6
14
34
6
3
3
76
1
1
0
5
8
81
2
2
56
92
8
8
1
1
8
1
7
8
40
4
5
8
3
31
6
8
5
7
5
7
0
1
8
9
4
7
63
27
7
2
3
4
7
9
5
8
8
5
5
27
0
2
4
6
6
5
7
6
9
5
5
5
9
197
1
0
9
1
6
67
9
4
4
0
0
7
8
4
8
9
9
6
3
4
9
0
82
9
8
9
4
0
4
63
56
0
1
28469
8
0
8
1
3
8
7
0
8
4
70
4
2
8
9
6
4
5
3
0
6
2
5
9
4
6
4
8
8
8
9
9
35
9
4
9
3
0
21
9
4
8
3
1
9
3
96
5
0
8
1
6
5
4
2
9
54
2
7
5
0
0
2
6
5
5
86
82
1
6
5
22
7
22
8
8
4
2
6
4
9
7
9
63
6
4
5
6
9
7
6
1
3
4
1
5
397
70
7
4
5
6
0
8
0
8
6
0
2
5
2
14
4
1
8
8
3
0
0
82
8
6
8
2
1
6
2
5
6
0
6
5
1
2
14
7
6
6
48
3
4
2
8
7
1
7
1
2
9
9
4
9
8
7
5
5
4
3
2
7
1
4
6
5
0
9
6
4
8
4
95
3
955
97
4
0
6
9
8
15
2
9
5
4
2
5
6
7
2
2
24
47
9
3
0
1
8
39
8
2
9
6
52
8
6
3
4
4
4
5
7
2
11
2
35
3
7
6
0
6
8
8
8
3
5
7
446
9
9
5
1
9
4
5
4
4
84
8
9
7
9
7
9
3
3
17
6
8
6
8
9
9
2
0
5
80
7
9
51
7
5
357
47
8
5
90
6
2
4
3
5
10
1
9
7
0
7
64
5
7
3
95
2
2
1
4
96
1
1
3
7
6
36
6
3
6
6
7
9
7
7
1
5
1
7
6
1
9
9
7
4
6
1
9
70
2
4
6
5
6
6
17
58
9
3
4
6
8
4
8
0
75
6
5
5
33
2
3
83
8
7
2
8
1
8
4
4
7
8
709
0
6
7
0
0
3
1
0
6
6
0
5
7
2
0
7
9
8
0
8
3
3
1
9
6
02
7
4
3
3
1
7
3
9
4
0
0
1
0
2
7
4
3
7
0
5
12479
8
00
6
9
0
2
7
7
5
1
2
61
5
8
1
35
18
8
8
7
4
7
9
7
7
8
6
1
5
8
8
8
2
7
8
9
6
2
8
2
6
7
6
3
5
7
4
7
0
4
7
8
4
1
6
7
8
43
4
5
30
1
7
5
0
6
9
6
7
5
1
3
3
5
3
3
3
7
30
7
62
9
5
2
1
7
6
06
6
8
7
11
6
1
6
13
02
2
8
4
4
1
96
1
8
3
8
9
9
9
7
0
7
4
4
8
7
98
724
6
5
3
1
7
9
5
7
1
3
5
34
1
779
1
1
5
8
2
0
78
9
5
7
4
7
2
786
2
2
9
6
9
3
2
18
5
31
7
7
3
7
9
2
2
9
7
48
9
9
8
7
9
1
95
3
4
00
3
3
2
4
5
1
95
6
9
83
54
783
9
1
1
9
9
0
9
9
7
0
5
3
7
5
5
1
1
2
1
7
1
78
1
5
69
1
4
3
2
0
2
3
5
6
9
3
9
6
9
1
7
4
9
2
2
7
7
82
6
3
2
5
0
1
6
1
77
4
9
5
0
8
7
0
6
31
6
6
3
8
6
7
6
9
7
3
7
5
3
0
1
3
2
76
9
16
6
87
2
55
1
8
9
0
8
6
0
6
99
4
7
2
0
4
7
8
6
7
4
99
28
7
5
6
1
2
4
3
3
7
9
5
1
2
5
3
3
9
8
11
3
2
9
2
5
1
55
1
7
5
6
2
1
1
3304
5
4
1
2
95
4
8
30
7
2
3
0
1
4
4
3
4
0
9
2
9
2
7
6
1
4
0
6
1
1
3
23
7
9
6
7
9
6
7
2
2
1
8
905
8
5
7
2
3
7
26
5
3
54
5
0
4
4
1
2
7
6
1
1
7
3
1
1
1
5914
7
2
56
7
20
56
8
0
2
5
3
64
7
8
6
65
8
7
2
8
8
0
10
6
7
2
8
4
2
4
1
8
2
67
16
9
0
92
7
0
8
9
0
6
8
6
2
7
9
16
9
3
1
1
1
1
74
0
27
0
9
8
15
3
0
0
2
0
5
8
2
1
5
9
3
5
8
6
3
3
4
2
2
7
2
5
8
2
8
7
8
30
2
8
9
3
90
5
74
387
8
33
6
21
1
7
8
6
0
2
4
0
9
3
7
1
1
5
2
1
1
2
7
13
0
1
75
3
7
77
8
1
8
4
3235
0
72
1
3
4
4
4
137
4
7
4
9
5
0
3
23
8
0
9
7
2
78
0
6
5
2
8
0
6
5
1
6
3
8
1
3
5
6
6
43
4
9
3
6
21
2
8
3
43
4
3
8
0
14
4
2
6
4
3
8
13
90
0
0
0
8
7
8
0
0
4
10
6
5
1
2
0
5
567
9
469
0
5
2
55
1
2
5
6
84
7
7
133
9
9
6
9
8
9
2
60
498
8
8
0
6
6
1268
410
2
6
3
5
8
43
6
4
23
25
5
6
2
2
6
5
56
3
1
1
6
4
8
9
11
2
9
6
8
1
1
68
235
1
9
68
18
5
3
4
91
3
2
5
2
6
2
3
0
4
3
6
7
78
1
48
68
5
6
4
7
4
8
9
8
3
86
2
8
6
9
0
1
8
7
3
8
4
1
7
13
6
4
4
7
9
6
0
0
85
2
73
21
1
3
6
2
0
6
1
6
7
6
9
0
50
6
6
2
0
9
09
0
8
25
7
38
7
1
2
832
67
0
9
9
8
6
6
048
8
6
81
4
6
63
3
2
5
9
5
0
16
8
1
1
5
2
2
4
8
3
4
9
3
8
52
2
9
12
9
6
4
4
52
1
1
8
1
09
1
2
63
5
0
317
8
0
5
3
7
6
6
8
78
5
0
7
7
5
5
657
3
0
2
2978
52
5
54
3
939
3
0
4
0
6
6
0
9
994
3
7
4
1
9
1
6
4
75
30
3
97
4
9
5
7
4
1
0
2
87
2
5
0
8
9
2
6
2
4
3
7
9
9
0
8
53
85
5
0
9
1
1
8
2
8
4
2
2
8
1
4
4
88
7
0
5
2
0
5
8
4
7
4
4
5
6
3
1
4
0
7
7
8
9
0
7
5
1
7
2
9
1
2
5
6
9
0
0
2
76
3
7
8
9
5
6
0262
1
1
4
1
1
32
0
6
2
0
6
1
7
6
45
1
714
7
5
2
7
2
5
63
0
2
1
3
2
4
64
4
63
22
5
9
00
60
1
7
3
8
78
0
3
3
12
7
6
7
1
1
6
7
9
1
3
7
2
4
6
93
8
3
14
9
6
2
3
678
3
1
4
0
8
1
7
7
6
9
8
2
8
1
6
9
8
1
5
4
9
8
6
7
0
6
7
101
47
6
1
5
8
7
9
0
6
7
7
4
1
2
9
2
9
1
4
3
1
0
9
2
07
37
4
3
7
4
91
2
2
5
9
8
9
6
0
7
6
6
8
4
5
5
5
1
1
4
5
3
6
8
4
0
9
8
6
9
3
8
8
7
2
8
2
64
75
4
280
2
8
9
6
2
0
2
8
7
8
9
3
7
8
1
71
6
0
3
8
1
2
2
6
2
3
660
1
1
7
2
2
5
3
9
1
61
8
0
4
2
6
631
6
8
2
3
7
8
5
9
4
2
85
244
7
3
11
0
7
1
6
6
8
7
5
6
2
2
9
2
6
7
1
6
15
0
7
8
85
1
4
3
0
42
8
8
97
30
3
7
6
6
6
8
3
9
8
0
3
0
09
63
8
0
0
2
28
7
3
26
22
6
9
5
6
1
352
4
6
9
0
33
4
2
6
8
2
6
2
8
6
4
2
4
0
9
3
11
0
21
17
0
9
10
1
02
61
2
9
8
87
7
1
6
5
06
2
41
8
5
4
2
8
6
5
7
8
7
3
0
1
79
2
0
7
568
0
9
2
29
5
9
9
5
3
92
5
2
6
5
9
5
28
0
6
5
3
3
5
8
6
7
4
9
90
7
0
5
5
2
26
3
7
0
8
3
0
4
07
9
1
6
8
7
8
3
2
2
1
8
30
61
2
6
5
0
6
6
3
2
0
4
57
95
4
6
6
2
6
0
9
3
2
7
9
3
1
2
5
5
2
5
9
16
1
9
8
1
866
6
1
1
1
5
5
4
4
055
0
5
2
6
2
74
9
43
4
0
3
4
7
0
3
9
3
3
9
4
7
9
31
4
6
5
4
4
7
93
82
4
0
7
6
16
1
6
3
2
6
8
6
1
7
9
3
84
4
9
7
71
9
4
3
4
7
5
5
6
8
4
37
28
8
8
8
8
9
0
7
4
5
4
5
0
3
6
86
0
4
1
8
1
0
6
7
0
8
3
7
6
6
5
44
38
6
1
9
7
9
1
5
70
6
5
1
21
9
2
9
3
2
2
21
9
1
4
6
7
9
30
7
5
1
41
7
1
8
6
8
0
1
183
9
9
7
6
6
9
5
8
2
4
885
9
8
70
0
2
7
3
1
4
6
28
3
0
0
9
6
9
5
3
05
5
5
0
8
1
7
4
1
25
0
1
4
1
07
7
1
3
1
6
05
9
0
93
3
6
9
6
4
1
4
0
53
54
0
6
36
6
5
081
4
25
1
0
4
5
8
2
6
5
6
7
4
7
01
2
3
7
7
57
7
1
9
4
2
98
6
1
01
41
4
6
1
2
0
93
7
9
4
0
6
09
6
1
1
6
8
45
5
0
2
0
9
4
2
3
9
5
3
5
6
7
5
47
1
3
3
7
3
0
93
1
95
7
5
3
6
15
0
7
3
6
7
956
6
5
2
9
0
1
066
1
12
19
3
1
4
40
1
1
4
1
3
6
0
0
0
2
1
6
7
1
4
9
2
7
3
3
4
7
11
9
3
1
8
4
9
2
6
9
6
6
6
65
5
3
0
6
0
9
43
7
3
5
2
7
1
4
1
1
4
70
0
1
60
8
7
5
7
9
8
7
6
0
5
0
1
6
6
80
1
5
4
2
0
5
2
3
81
4
4
1
9
0
61
3
4
4
4
96
1
3
1
1
4
2
6
5
0
9
6
5
7
4
992
6
1
8
1
0
2
7
1
7
3
0
8
0
5
4
8
7
46
4
0
9
4
0
8
4
6
9
0
367
0
6
3
55
4
6
7
8
2
3
1
1
2
3
7
1
52
7
5
1
0
2
3
1
3
4
2
1
4
2
3
6
8
0
7
3
7
4
57
8
3
8
23
6
559
3
9
88
7
8
4
548
1
3
88
226
4
2
1
5
1
29
85
25
2
2
2
5
5
1
0
9
5
8
1188
1
4
2
8
18
8
90
6
2
3
9
2
4
1
2
9
0
2
1
5
7
0
0
1
3
9
2
2
1
90
3
1
6
1
1
0
49
39
2
8
6
3
2
7
8
4
8
2
8
07
7
2
8
2
6
81
4
639
6
0
0
7
9
8
0
5
4
3
4
685
3
76
2
0
3
2
0
8
0
2
1
5
7
9
5
16
2
8
1
4
1
7
1
31
7
6
2
4
1
02
9
1
2
1
8
5
5
8
5
2
6
3
1
5
2
6
76
97
3
1
0
5
85
9
6
28
9
2
4
6
4
5
6
6
7
1
7
5
72
57
68
73
3
4
54
6
9
7
16
2
9
3
6
3
1
88
81
1
88
4
4
0
9
6
6
3
5
08
6
8
2
9
7
3
3
8
4
2
4
1
8
2
5
4
2
7
1
6
0
4
7
5
1
9
3
8
00
3
1
2
2
7
0
3
5
5
5
2
8
3
7
4
7
85
6
19
47
2
99
0
1
9
9
49
9
78
8
3
7
9
59
2
4
9
4
46
69
426
32
6
2
5
9
6
5
1
2
78
4
0
0
7
6
0
5
0
20
4
8
1
0
0
2
8
6
7
6
71
2
6
2
8
9
72
0
7
05
2
8
61
8
52
3
9
3
9
2
7
5
06
4
2
2
7
9
71
3
1
7
1
528
66
8
4172
05
8
9
6
1
6
1
1
6
4
0
9
8
1
8
6
8
6
2
6
2
0
1
1
9
63
7
8
75
3
3
7
9
6
98
0
89
3
72
9
2
0
8
1
8
6
0
3
8
4
12
3
2
3
0
0
4
2
6
41
37
4
56
2
2
10
53
17
5
8
5
29
3
4
64
1
1
3
97
74
7
7
3
42
4
8
9
9
8
8
7
0
7
2
5
41
8
7
5
3
44
992
4
4
2
6
9
28
6
6
8
9
8
3
8
5
0
01
2
4311
5
1
2
5
93
0
9
8
9
8
7
18
5
3
85
0
82
5
3
5
8
5
5
1
56
7
7
0
4
6
1
4
6
4
5
2
74
2
5
5
6
1
1
8
0
11
5
3
6
4
8
3
8
7
9
6
9
4
2
3
6
07
4
3
4
4
4
6
6
9
8
8
9
55
8
3
7
9
3
7
9
8
2
33
0
5
7
24
1
7
9
1
9
3
0
3
2
7
7
65
8
4
8
8
7
1
1
404
1
9
0
4
800
775
7
2
8
5
7
5
1
2
9
4
4
46
1
8
9
8
8
8
6
6
4
2
5
9
7
9
3
7
1
0
5
5
6
6
0
8
5
8
8
28
4
6
3
2
8
1
0
44
9
8
2
05
8
3
3
1
3
4
8
2
0
6
74
3
9
03
31
3
1
3
7
4
5
7
9
8
1
9
2
546
2
51
74
6
2
9
9
2
1
1
05
4
3
38
8
2
0
0
8
1
8
9
6
8
8
1
4
0
3
3
7
5
8
3
0
9
9
50
4
54
75
8
2
6
7
1
3
1
66
9
2
7
5
0
3
1
6
2
4
5
42
0
2
8
2
91
7
2
3
9
8
0
7
4
8
4
6
8
9
4
4
8
2
5
3
49
6
9
1
9
9
4
23
5
0
2
7
7
53
1
6
2687
9
0
5
2
2
0
9
7995
3
0
0
8
58
46
1
3
3
2
4
4
0
3
9
9
0
1
7
6
0
2
6
7
9
7
42
0
0
9
6
6
5
22
38
6
6
0
4
8
5
7
5
74
56
1
2
8
3
5
0
3
6
2
2
7
3
0
91
06
9
8
8
054
1
8
7
6
5
4
8
0
2
5
0
7
7
67
9
3
9
8
7
4
0
9
0
7
1
0
3
2
9
5
2
5
5
5
5
4
3
60
5
9
9
6
7
6
88
6
2
03
2
5
8
0
1
0
00
0
4
2
5
2
1
7
5
8
2
24
1
5
6
1
04
8
6
8
1
4
2
2
50
7
8
6
6
22
7
6
6
9
19
1
4
5
8
4
0
9
8
6
0
4
1
3
7
3
0
4
00
716
6
8
53
4
445
7
83
0
5
2
3
81
3
9
8
3
0
72
6
1
1
24
5
77
75
0
7
72
7
1
3
6
5
17
2
3
7
3
3
4
0
5
1
39
1
0
4
2
1
3
3
2
8
9
0
8
7
0
9
3
2
7
1
40
9
0
9
5
6
9
6
93
9
4
7
2
6
6
8
2
2
6
4
5
7
6
6
9
2
9
2
6
664
51
9
4
9
1
2
1
5
2
4
6
5
0
3
6
8
7
0
7
7
1
6
2
9
1
7
6
5
84
8
1
1
6
6
98
7
5
8
9
7
8
6
8
3
1
8
9
2
8
5
6
4
9
3
9
0
7
5
3
700
6
8
96
7
6
8
1
2
7
8
8
8
5
8
4
9
0
97
7
5
1
6
7
5
3
74
1
2
9
00
1
69
2
99
1
7
3
5
0
8
0
1
3
8
7
0
2
9
9
11
2
9
9
6
2
2
2
4
88
5
8
3
5
4
88
5
21
1
6
2
3
1
0
1
7
5
9
0
8
14
3
3
2
4
9
68
54
4
0
2
5
6
8
2
4
8
2
1
2
9
1
7
2
87
0
9
8
3
4
5
8
7
1
1
1
3
64
4
1
6
28
2
3
7
1
2
8
0
3
2
4
6
5
5
8
1218
2
79
6
8
9
66
1
0
5
84
1
8
7
3
0
6
5
3
9
8
8
4
0
8
8
0
44
1
8
7
9
0
7
0
3
6
3
7
1
4
0
5
980
4
91
5
0
0
4
5
0
9
6
2
2
36
3
9
5
2
50
7
7
8
9
04
3
0
2
455
1
0
5
2
0
7
74
8
5
5
8
54
7
3
4
54
7
01
2
3
4
9
4
2
8
9
4
8
8
8
2
6
2
4
1
1
9
8
9
6
3
1
9
6
0
3
5
0
4
7
7
6
2
41
3
5
1
65
2
9
1
8
5
0
8
1
6
5
2
8
8
5
8
5
0
78
7
3
8
2
26
4
09
5
5
8
3
5
8
3
441
15
0
2
5
03
0
0
0
0
0
0
6
3
8
7
85
5
0
4
0
9
26
7
5
3
7
7
0
82
2
1
4
3
2
4
3
86
9
5
3
7
0
0
2
3
4
7
0
30
8
6
3
9
3
7
03
88
4
9
4
4
0
394
1
3
6
1
0
2
9
3
3
4
7
7
6
4
8
2
3
4
8
4
8
9
0
63
2
2
2
4
3
9
4
95
2
1
0
52
4
9
5
22
5
35
0
7
6
5
3
2
0
38
2
1
9
27
8
9
3
1
2
2
3
2
7
3
7
112
6
2
3
2
0
5
5
6
0
2
4
1
0
5
8
5
9
98
7
0
1
2
0
9
60
20
3
4
8
0
63
602
8
49
5
0
59
4
9
4
6
0
25
3
3
1
8
1
5
3
4
2
584
3
2
9
5
8
2
7
5
88
2
53
3
9
8
3
2
9
8
9
9
1
6
5
1
507
25
8
4
3
3
8
9
109
0
9
6
2
8
8
1
72
5
2
237
0
9
8
3
4
5
5
9
2
8
7
2
3
9
2
5
5
8
87
4
1
25
0
3
2
6
4
2
6
603
64
5
5
5
1
4
27
8
8
2
8
4
4
9
85
0
6
6
4
6
317
0
74
2
3
8
1
1
2
7
82
6
8
91
1
5
6
6
5
5
7
4
9
7
2
1
764
8
6
6
4
6
2
07
4
7
3
5
3
0
5
3
13
7
6
9
7
0
3
9
5
0
7
3
3260
9
86
9
746
0
5
2
9
8
2
8
5
1
3
3
2
2
8
6
19
1
2
7
4
94
5
6
23
2
3
5
3
8
9
3
9
4
6
8
9
5
7
4
0
9
3
7
1
316
6
45
5
5
0
32
9
2
610
5
29
1
4
6
7
0
2
6
9
4
14
24
9
9
4
8
5
5
7
3
9
1
8
56
6
3
9
1
3
43
8
7
5
6
6
09
9
7
6
6
6
2
8
0
7
0
7
7
1
3
1
9
5
3
0
7
3
6
0
0
7
1
4
8
3
5
7
3
3
6
3
31
1
83
0
1
6
1
3
2
9
2
11
7
9
4
0
3
4
6
63
1
7
3
0
5
55
6
3
87
8
63
6
0
1
0
5
7
1
1
2
889
4
7
7
3
86
9
9
6
7
9
59
0
6
7
4
6
3
79
9
21
1
3
459
6
3
4
7
4
6
3
19
49
4
4
7
5
4
8
6
5
43
4
2
5
77
0
39
9
2
0
1
44
2
9
9
8
1
8
24
5
4
7
9
7
3
0
8
4
5
935
3
4
9
3
9
9
8
38
5
2
76
9
12
1
2
6
9
4
6
8
0
7
7
66
7
6
5
7
4
3
1
2
9
3
3
3
1
70
0
3
12
5
1
0
8
8
3
24
5
5
9
30
31
3
9
5
7
4
5
3
6
2
74
5
7
6
8
7
32
6
3
5
93
4
0
8
4
5
7
2
09
3
53
1
8
8
11
3
1
6
96
2
1
9
0
2
9
1
3
75
1
93
5
5
75
88
35
5
6
6
4
8
4
53
27
8
5
1
4
92
5
3
2
0
3
1
5
8
2
04
9
8
1
4
7
4
27
9
3
04
4
04
7
3
3
8
4
88
7
7
5
5
0
53
4
6
7
2
0
0
6
4
9
31
2
4
0
644
0
7
93
0
5
3
946
4
4
5
4
0
8
0
2
9
4
4
1
3
48
1
8
1
6
1
2
4
7
1
0
7
8
6
1
2
0
1
9
8
4
2
7
8
7
9
1
8
2
2
2
2
7
7
8
4
1
5
58
7
4
3
8
4
0
0
5
4
91
6
15
9
3
8
1
2
0
0
0
00
2
2
6
2
01
9
3
3
9
9
7
8
6
7
77
9
2
0
6
2
3
34
2
1
6
4
2
2
9
5
4
5
46
52
09
6
6
7
0
3
9
4
6
4
3
47
8
404
8
5
6
2
3
5
7
2
8
5
3
0
1
9
9
2
2
9
8
9
8
9
7
1
2
0
6
6
5
6
628
8
7
6
63
9
4
80
3
9
4
0
7
2
36
6
8
1
31
6
9
0
7
0
0
26
3
3
8
2
0
96
3
52
0
4
8
9
3
5
8
7
9
4
1
7
0
8
19
6
5
1
0
1
0
7
1
24
0
6
6
9
2058
6
13
1
6
17
5
1
9
0
2
3
09
4
8
2
1
196
5
9
0
9
2
8
8
9
1
40
1
9
9
1
575
6
1
734
0
32
1
8
0
5
5
9
7
5
0
6
37
8
7
85
40
67
4
74
9
0
2
0
22
1
7
1
8
8
3
6
18
49
5
37
3
4
1
7
0
81
5
2
8
2
3
12
1
8
4
6
9
954
9
97
0
9
4
7
6
1254
9
7
00
5
0
3
0
79
0
86
781
9
3
3
5
2
6
4
4
0
89
1
2
5
0
1
0
1
5
6
7
7
9
2
8
3
6
5
0
0
0
2
6
145
5
9
2
1
1
0
1
7
1
6
4
79
84
8
6
9
6
8
9
7
0
651
9
65
9
05
2
6
6
4
131
3
8
67
1
8
5
3
1
2
6
4
4
8
2
588
0
2
5
7
8
4
4
54
8
4
6
4
0
0
7
9
7
2
1
2
6
1
6
6
82
69
3
39
2
3
1
1
8
32
2
05
4
8
1
8
1
8
0
9
3
4
85
0
8
2
7
5
4
6
2
9
0
1
1
9
6
28
2
4
7
4
4
0
4
2
2
33
6
8
6
8281
8
9
8
1
5
7
6
56
5
6
0
3
7
5
7
6
6
35
1
6
2
5
2
7
3
3
7
8
9
4
0
1
6
64
3
3
5
57
7
7
0
7
5
9
7
6
9
3
2
52
3
4
3
6
7
8
5
6
2
5
8
5
37
4
6
8
6
3
9
9
7
1
5
962
0
1
9
3
0
9
0
5
7
2
4
1
4
75
1
6
9
8
7
5
9
5
5
7
8
3
1
3
0
6
5
9
2
8
4
4
6
2
3
5
1
5
3
1
5
4
4
0
9
8
3
0
5
0
7
0
4
1
2
35
8
8
81
7
7
6
6
2
9
90
5
8
1
7
9
5
4
8
7
6
751
1
0
0
9
3
5
7
2
8
4
0
4
5
4
0
5
9
2
7
7
7
9
6
3
4
6
23
5
8
2
93
3
8
3
6
4
5
9
6
93
6
98
4
5
7
76
5
9
6
27
9
8
9
9
8
44
3
2
1
4
6
1
8
72
5
1
8
3
6
3
3
2
6
2
7
7
6
6
7
4
9
6
3
1
8
06
9
5
9
4
5
5
3
4
8
3
2
76
0
1
8
9
8
37
0
53
9
8
2
1
9
59
6
6
2
2
4
2
7
0
9
1
0
65
2
3
4
3
8
4
12
72
2
88
8
0
6
7
9
8
9
3
07
9
0
0
6
3
03
8
4
1
2
8
8
0
6
6
98
1
8
5
2
7
7
2
0
0
1
3
3
5
8
9
5
35
6
0
2
92
2
0
1
5
1
9
2
5
96
5
38
7
9
8
0
6
9
3
4
4
5
0
9
8
5
9
4
2
0
3
0
3
7
9
17
2
0
0
6
12
4
6
0
0
9
5
7
9
5
9
3
94
48
6
5
3
1
4
97
5
2
36
1
0
4
1
1
3
3
0
27
1
7
3
9
9
1
7
9
5
6
6
5
5
7
4
0
7
5626
1
1
9
5
3
6
3
6
2
9
2
7
0
6
7
5
0
8
3
8
934
2
3
1
5
4
8
6
5
3
7
3
9
5
1
4
04
8
7
3
8
72
9
5
2
4
7
5
9
69
27
21
3
7
9
8
8
9
9
60
8
3
8
6
6
42
4
3
2
5
8
9
57
5
8
6
9
7
3
2
4
3
2
7
2
5
5
3
7
7
3
6
8
5
1
6
7
1
22
04
9
0
4
9
3
7
2
6
3
9
0
9
5
0
4031
4
0
5
3
1
0
7
9
7
3
03
5
9
8
72
5
2
0
7
5
6
9
5
8
4
7
8
9
3
1
7
8
8
08
0
7
4
1
3
66
4
4
9
4
9
33
9
8
89
4
0
1
5
9
5
92
4
15
5
2
6
1
5
9
2
8
9
03
3
1
0
6
6
3
00
1
4
8
9
8
0
4
4
0
9
2
8
0
3
8
1
3
5
8
8
1
1
2
9
12
66
8
8
1
6
4
3
7
9
1
9
6
5
6
6
5
9
0
3
9
3
7
3
3
7
2
6
09
202
8
4
5
0
01
8
29
67
9
1
28
8
7
3
8
8
79
54
7
3
7
3
8
6
44
6
4
37
0
3
92
7
84
5
0
3
6
5
0
7
8
4
4
1
8
1
8
0
0
2
9
2
5
6
8
7
9
2
7
0
1
3
0
7
86
8
6
8
88
0
33
4
7
4
4
8
9
0
8
3
4
2
4
4
2
51
0
0
5
4
0
1
1
9
6
0
1
1
8
5
1
1
36
3
00
1
0
4
4
0
3
8
3
6
3
7
4
1
6
6
9
0
2
2
16
5
7
2
6
9
08
2
8
2
1
6
9
0
5
2
67
8
3
8
7
9
3
2
2
9
19
5
3
5
8
52
8
6
5
00
8
8
2
6
9
8
1
0
24
57
7
9
0
9
0
4
3
7
5
8
7
0
05
1
58
7
8
4
63
8
09
6
4
1
0
89
4
4
3
4
9
8
8
9
4
2
7
6
21
2
7
0
5
9
8
4
8
5
5
5
8
0
7
6
5
7
8
5
50
5
7
3
44
6
1
8
3
6
4
89
0
7
5
7
1
9
2
1
7
09
1
4
5
6
4
9
1
6
5
007
7
8
2
8
7
5
9
4
8
5
09
9
4
6
2
4
4
8
3
9
3
26
1
1
73
1
9
1
2
8
8
8
0
3
3
7
9
3784
54
8
4
86
6
9
0
8
3
9
7
6
5
09
2
8
7
5
4
7
0
4
8
8
9
8
5
047
6
9
1
7
2
9
9
0
5
2
9
1
7
4
1
58
5
5
3
21
1
9
4
8
70
9
1343
6
5
3
0
3
6
3
0
5
1
4
7
2
1
24
9
9
4
9
2
4
2
5
18
45
2
6
0
9
3
9
1
9
33
537
2
56
9
5
29
9
2
1
61
1
1
6
9
4
39
8
0
3
1
8
0
5
0
6
48
4
9
2
6
8
5
6
