1242
5
1
4
90
7
6
7
4
4
7
6
15
4
5
9
3
7
69
71
0
9
8
8
7
8
4
1
4
7
6
21
4
21
37
7
7
7
3
8
3
1
1
94
01
6
7
0
864
4
4
3
5
3
7
7
0
8
5
4
9
3
4
2
2
4
7
15
4
31
6
7
0
6
5
7
8
6
5
3
90
2
7
2
6
8
3
2
4
16
4
2
5
5
5
35
0
7
12
3
8
248
1
90
0
88
0
1
6
3
7
3
9
88
6
9
9
0
71
2
7
9
0
2
5
7
7
6
3
0
69
2
31
79
3
7
6
6
8
9
0
5
3
3
1
3
6
0
2
1
0
3
2
7
1
3
02
4
3
0
1
7
1
6
3
06
3
1
7
7
1
9
0
4
3
2
8
5
2
3
1
6
2
1
2
4
42
0
7
7
5
8
6
89
5
6
2
96
2
6
29
2
3
2
3
7
5
3
6
4
49
98
16
7
3
0
7
394
1
5
2
6
8
4
8
1
2
0
5
2
11
41
4
5
4
1
4
2
5
2
0
7
9
0
0
4
2
6
5
7
7
58
1
1
6
49
6
2
5
7
9
7
8
0
4
50
9
1
5
0
19
7
7
3
9
6
7
3
3
1
0
23
4
7
1
1
7
7
2
0
0
0
9
1
9
6
5
1
2
1
0
7
10
9
5
6
2
5
8
0
03
0
7
7
74
7
6
44
7
5
6
7
5
5
5
8
2
28
9
1
9
8
5
4
6
7
5
8
6
9
67
1
4
30
7
8
1
5
9
9
1
4
1
1
5
3
7
7
64
9
8
4
9
4
9
88
4
3
4
7
5
1
8
7
5
7
8
6
8
8
17
8
2
7
3
3
9
9
5
8
1
9
50
9
7
5
0
4
2
37
68
8
0
8
4
4
1
0
4
2
583
1
6
2
7
4
5
7
9
0
406
5
8
1
0
9
5
0
6
8
8
0
905
24
9
6
2
8
395
3
4
6
834
90
5
3
4
2
1
1
0
1
9
5
2
9
2
5
7
1
6
3
815
4
0
6
7
7
9
7
0
5
46
5
6
66
9
9
0
0
7
55
1
05
1
0
2
8
7
5
2
8
8
0
0
6
4
9
0
7
6
9
6
9
1
4
5
1
7
3
9
6
6
8
6
6
4
0
04
8
3
4
4
6
7
4
8
85
6
71
3
0
9
8
8
2
2
665
6
9
0
5
0
7
6
9
1
8
9
7
2
6
5
1
0
85
4
1
6
0
61
9
28
8
1
5
0
7
2
0
1
5
2
4
2
36
7
26
8
9
1
0
5
8
3
3
1
4
5
0
6
5
4
7
6
2
7
7
9
6
78
39
8
7
7
4
9
8
89
0
30
0
7
5
0
7
4
7
5
2
0
8
4
6
0
1
4
18
0
6
7
5
2
4
2
85
5
9
7
8
7
3
0
3
9
5
2
7
6
6
5
7
3
6
0
8
7
0
6
0
1
7
3
6
1
6
4
9
4
5
1
595
3
28
1
4
1
5
6
7
51
6
3
9
7
2
2
0
6
4
0
7
5
6
7
9
6
8
2
5
8
5
59
7
5
6
7
4
8
8
9
2
5
7
4
5
0
07
1
2
3
37
0
6
959
2
6
6
6
4
0
8
9
2
7
0
9
1
5
0
7
70
1
4
7
6
36
7
8
2
9
9
7
7
5
2
3
4
9
0
2
5
94
70
8
74
1
0
9
4
84
10
3
6
0
7
9
1
7
2
39
6
7
0
30
9
4
4
9
017
57
4
6
1
2
1
9
6
7
0
6
4
4
4
75
9
2
4
65
8
9
5
15
4
4
8
2
6
5
8
6
8
1
7
24
2
27
8
78
49
2
6
4
9
7
84
6
6
5
4
14
051
0
8
2
6
8
4
6
534
1
2
1
8
5
4
9
0
4
8
7
0
96
8
9
3
6
3
3
4
2
5
1
63
7
7
8
5
1
2
1
6
4
26
2
3
3
15
5
7
0
2
0
0
2
2
91
3
3
0
8
3
7
7
2
8
5
2
8
7
215
42
1
68
0
1
3
4
22
4
0
4
2
6
6
9
7
3
65
1
5
1
2
2253
58
07
8
3
3
8
5
4
1
5
4
5
5
8
1
0
5
4
6
4
3
2
1
4
4
9
8
7
4
16
6
89
5
1
690
3
79
8
1
1
5
0
8
7
2
8
9
9
4
5
03
2
7
4
8
8
26
6
6
7
2
6
96
9
6
6
9
2
5
6
2
4
8
7
6
2
0
77
44
9
2
1
9
7
6
9
76
8
01
7
78
8
4
5
9
6
3
4
56
5
3
5
4
8
4
2
6
5
8
457
6
8
0
8
4
7
5
4
0
0
2
5
4
9
4
7
5
2
0
4
2
1
9
2
1
7
0
1
4
2
4
2
9
5
9
4
2
8
2
40
26
7
2
0
6
6
1
3
6
4
5
86
7
2
0
1
3
2
1
00
9
5
8
5
6
2
1
8
2
36
5
07
9
7
2
0
7
2
4
0
7
5
0
3
7
6
06
7
5
2
6
1
0
1
5
2
3
7
2
2
69
1
6
5
0
8
9
1
489
4
2
8
3
6
5
4
2
9
3
707
2
1
0
4
3
5
1
0
2
0
12
0
4
6
6
7
3
4
9
0
7
2
0
4
54
06
5
1
2
8
8
6
8
8
3
3
9
5
37
1
576
24
2
54
0
6
3
2
4
4
3404
051
1
60
8
1
1
7
3
6
4
29
6
6
9
3
6
0
04
6
8
8
0
18
6
7
66
24
1
1173
3
9
58
6
3
6
6
1
4
3
3
77
4
1
72
5
6
9
0
7
97
1
4
7
0
3
4
1
1
0
7
06
9
3
35
47
5
9
5
4
4
9
7
87
8
0
3
2
9
5
7
22
3
7
1
3
0
8
1
1
0
5
23
77
6
5
07
6
0
60
6
6
3
3367
7
4
12
2
2
2
78
23
9
6
3
3
2
9
1
1
7
1
7
8
6
4
5
2
9
29
8
5
3
1
8
4
8
9
5
4
0
33
26
5
897
95
89
4
6
1
2
5
4
2
2
5
2
5
7
5
6
13
8
826
8
97
1
5
5
7
5
3
8
4
97
6
1
0
29
52
8
9
6
1
1
0
5
33
9
02
1
8
9
58
1
3
5
2
1
84
4
1
1
5
6
8
3
6
5
47
6
3
4
6
4
1
7
9
59
7
2
6
1
5
7
2
81
3
25
2
8
8
33
3
9
35
4
7
23
45
8
56
7
5
46
0
2
5
7
1
5
3
9
4
9
3
76
8
6
2
6
0
5
9
2
9
45
15
7
7
06
2
7
3
3
5
3
43
0
8
0
7
0
9
45
6
7
7
86
4
6
9
0
4
7
41
8
1
5
9
6
1
8
8
7
8
5
5
4
601
7
7
91
6
4
6
8
1
95
2
2
3
4
4
1
2
6
4
0
4
68
85
80
8
1
0
6
8
4
0
39
8
6
6
5
6
2
5
714
1
0
7
6
0
3
9
7
6
0
9
3
9
12
41
6
8
9
9
6
9
99
2
0
1
2
52
6
6
0
1
2
7
7
6
4
0
1
1
6
2
2
1
55
71
83
7
285
7
8
2
4
5
10
9
9
1
7
5
4
0
2
3
8
0
1
4
1
6
0
0
7
7
0
47
9
1
6
8
7
2
4
9
3
3
4
1
8
5
2
4
0
3
4
04
63
0
1
9
9
0
2
4
2
4
8
1
7
6
6
7
3
8
8
89
2
5
0
3
1
25
7
1
4
5
7
4
1
0
10
4
4
9
0
3
2
5
0
0
5
0
4
5
3
5
9
5
2
0
6
6
7
7
7
5
9
7
2
9270
44
5
2
4
8721
7
0
1
23
8
26
6
6
4
839
1
1
89
4
1
34
7
5
4
3
0
2
0
6
7
7
97
3
5
1
2
4
1
3
9
13
31
8
5
8
5
87
5
1
2
7
80
6
7
2
62
0
3
0
7
9
70
4
5
6
1
2
5
2
05
2
9
2
7
8
7
7
3
7
2
1
8
6
6
8
3
4
0
0
21
47
2
92
3
7
5
6
3
9
4
6
7
3
7
6
0
6
0
6
95
5
2
7
1
4
3
7
45
56
1
37
4
43
0
7
6
4
88
02
0
1
8
8
6
9
83
7
0
7
9
8
3
2
3
7
8
51
2
7
3
8
3
3
7
910
8
06
7
3
8
0
3
0
1
9
24
5
7
40
8
8
5
87
5
9
4
0
3
6
3
5
4
3
6
9
6
1
8
0
8
7
5
7
33
86
1
852
4
6
6
8
5
1
8
5
3
5
7
2
1
8
9
8
1
3
80
3
9
2
7
47
1
1
315
7
30
9
9
6
02
8
0
2
4
6
8
9
5
2
6
5
1
6
9
0
0
9
15
2
13
1
2
64
3
49
9
5
2
8
8
2
3
5
9
1
02
4
9
8
1
1
8
3
353
1
2
9
0
6
8
8
0
7
9
7
1
0
1
3
9
3
2
1
8
3
8
9
8
1
9
3
63
0
8
2
1
6
598
8
9
7
6
9
9
0
8
8
1
2
1
5
9
3
9
3
2
2
8
3
7
44
5
8
10
908
4
4
6
14
0
2
5
1
2
4
1
4
1
0
4
3
2
0
0
75
19
35
1
3
23
1
3
2
3
0
9
5
6
3
8
3
6
1
6
6
4
7
33
4
13
0
811
2
4
0
2
8
8
7
3
8
7
2
8
78
4
9
9
0
21
7
4
03
0
0
3
8
4
3
4
1
9
5
90
5
0
2
4
1
0
8
2
0
7
2
1
2
9
0
28
3
2
7
9
9
3
7
4
9
69
3
3
21
21
7
4
2
4
092
0
5
4
3
3
07
7
9
156
9
7
14
6
652
6
7
3
1
82
3
5
4
84
4
2
2
22
8
4
8
04
1
9
1
4
1
6
4
3
7
5
5
0
0
39
8
1
497
2
7
3
8
75
9
4
1
4
5
9
4
3
8
5
8
0
8
7
1
0
5
7
30
7
9
4
82
3
7
6
4
7
7
9
0
9
4
8
7
2
7
1
6
3
0
5
05
2
4
5
1
1
2
3
6
1
3
5
6
5
6
931
0
7
9
0
75
9
73
2
7
8
16
5
4
6
1
9
1
2
2
7
4
6
6
1
4
0
0
5
3
5
5
3
7
3
1
4
91
8
1
6
0
6
6
4
7
6
6
5
5
0
1
3
9
1
0
8
66
0
2
5
8
9
68
6
5
7
7
0
9
06
1
5
9
8
73
15
9
9
8
04
4
9
4
6
4
8
1
72
4
3
8
3
0
2
9
346
8
2
1
8
503
7
0
3
2
9
3
27
00
6
9
3
1
6
5
0
3
52
8
1
2
5
1
3
8
92
1
2
3
2
42
4
04
6
4
1254
6
53
8
4
96
9
1
7
43
585
3
1
3
2
6
11
6
6
8
934
05
1
4
5
9
5
92
6
3
3
5
0
23
27
6
4
9
6
5
0
7
0
9
1
3
5
0
1
8
3
7
019
8
70
6
33
4
3
7
3
1
9
00
0
7
0
3
9
87
8
5
8
49
1
2
7
9
3
04
9
8
0
9
5
5
5
1
05
4
2
0
5
38
8
9
0
9
9
61
2
4
0
8
99
5
8
0
3
40
9
595
1
82
7
6
4
9
3
2
8
9
2
4
6
6
0
2
16
56
7
6
9
388
2
6
4
0
1
5
2
3
7
2
7
8
9
43
2
9
4
9
49
7
2
2
92
5
2
1
0
5
3
0
9
9
57
827
7
1
2
5
7
5
1
6
2
34
2
3
95
1
4
8
9
5
7
3
28
9
0415
2
4
5
3
7
7
1
41
4
1
0
0
2
6
1
9
78
3
0
4
4
1
2
68
4
7
9
4
2
22
6
8
9
5
99
2
6
2
3
8
62
5
07
6
6
59
3
7
30
2
9
3
4
05
5
5
1
5
9
8
7
8
56
8
3
9
1
0
7
4
0
7
4
1
8
5
0
38
4
3
9
82
9
7
4
3
3
2
2
9
4
9
1
8
1
1
3
0
25
4
4
2
00
9
9
1
381
7
3
0
7
9
0
9
2
3
7
2
9
5
44
7
0
0
0
88
8
3
2
3
4
4
4
4
5
1
18
5
1
7
6
34
6
61
1
6
4
8
1
6
3
1
0
9
3
82
0
2
4
39
31
9
50
7
3
46
4
1
51
0
85
7
7
1
2
3
7
4
64
9
2
0
8
1
94
8
5
8
14
7
36
327
9
3
7
5
3
5
7
7
3
5
55
4
5
7
2
3
3
3
5
6
403
3
9
65
8
5
5
0
2
4
9
2
4
1
93
8
7
4
2
7
5
1
44
6
3
8
5
1
8
4
9
7
2
9
36
5
3
2
2
76
4
6
2
5
4
9
4
2
3
2
2
1
5
3
99
0
2
5
3
7
7
5
9
7
6
3
1
6
2
9
20
0
6
7
2
3
38
95
3
34
8
8
1
8
8
7
7
3
4
7
6
9
6
1
11
5
8
643
3
8
4
1
0
5
7
0
4
8
9
1
3
6
4
1
7
7
8
23
7
2
62
8
9
4
8
9
44
9
8
2
8
1
11
5
7
2
9
6
1
4
9
2
6
9
6
3
6
1
8
0
4
4
0
76
2
5
3
3
2
6
2
00
8
0
3
0
9
8
1
0
940
4
9
2
0
8
2
0
7
8
7
4
1
1
1
9
7
5
8
3
7
1
5
5
2
6
8
5
9
2
5
6
94
8
07
7
2
7
3
6
1
39
6
1
5
5
34
3
6
9
0
2
73
7
2
3
4
4
05
11
82
46
7
5
9
5
5
1
3
5
9
1
5
1
2
7
0
4
1
6
8
6
1
2
1
08
27
1
7
9
2
5
9
5
93
8
5
2
1
1
0
6
7
9
8
92
4
31
8
62
1
5
1
1
5
5
4
9
5
9
9
6
5
4
7
9
8
3
3
0
2
50
1
6
5
3
9
5
6
9
0
1
68
8
0
9
8
1
99
54
1
3
399
5
1
2
82
2
4
5
7
3
8
3
1
3
2
7
8
79
2
2
9
6
8
6
7
2
3
5
5
77
1
5
20
7
8
8
9
0
2
6
8
0
92
6
5
2
5
0
4
1
0
4
9
19
15
965
1
38
1
8
1
5
8
67
3
7
46
93
7
4
29
2
9
4
5
7
5
9
0
9
8
6
0
1
5
8
7
0
1
7
9
2
1
7
5
3
97
29
1
5
78
01
7
6
2
7
1
1
3
6
7
4
0
0
6
09
6
2
6
5
3
8
7
5
87
3
6
2
4
81
5
7
4
8
9
5
5
3
5
76
3
8
6
8
9
8
29
8
0
3
62
1
4
8
7
3
6
6
9
7
6
2
04
0
8
3
6
73
6
8
5
9
8
3
21
3
7
3
0
8
7
7
0
7
5
3
3
8
2
0
0
3
2
5
7
8
0
3
99
4
9
3
5
77
71
66
2
9
7
4
68
9
8
3
27
1
1
7
14
70
1
66
01
3
0
3
54
3
5
8
8
8
04
335
2
6
105
3
5
5
8
80
5
40
7
7
32
3
4
7
8
3
9
1
5
3
6
9
0
516
2
4
3
2
9
5
2
3
98
0
05
3
6
3
3
35
9
8
4
6
2
8
7
1
1
3
2
0
3
1
2
5
2
5
6
6
5
7
26
9
3
5
8
6
5
4
0
7
5
0
1
7
2
6
3
9
9
58
7
3
7
3
64
8
8
3
2
4
4
7
0
48
2
13
37
2
9
5
2
2
6
3
7
1
2
0
7
6
4
7
3
1
5
3
5
7
0
4
5
2
5
0
1
79
8
0
9
6
3
99
9
0
81
1
48
8
6
4
7
7
8
7
2
2
9
3
1
6
8
6
5
6
0
04
1
1
8
5
7
9
6
0
8
5
3
4
5
5
4
7
3
7
0
4
7
6
5
0
5
5
0
56
3
4
1
7
7
4
7
1
31
0
1
8
2
7
6
6
2
9
7
2
5
5
5
036
6
2
877
0
7
9
1
6
3
1
5
4
1
9
4
3
8
7
4
1
1
0
4
1
5
7
9
7
5
1
4
5
3
24
9
3
8
8
43
1
1
2
8
6
5
5
2
5
5
4
9
4
6
5
9
6
1
7
6
5
0
9
9
7
0
9
6
4
45
4
7
4
7
0
7
03
9
9
2
3
7
9
86
2
1222
1
9
7
0
9
0
2
3
2
5
6
44
3
9
8
1
32
05
3
0
1
7
3
27
2
4
5
8
66
9
1
38
68
3
8
6
0
5
98
5
8
3
0
4
5
3
66
0
6
9
9
1
37
3
2
86
6
5
0
5
7
4
47
7
9
76
2
6
3
3
2
3
61
8
5
8
7
2
8
3
1
55
0
9
7
7
3
0
0
02
09
5
7
1
8
1
6
23
8
1
1
2
0
6
9
258
9
6
51
2
9
2
0
3
1
8
48
4
0
7
52
4
8
8
3
2
8
9
3
9
2
97
3
4
0
6
0
65
3
156
4
2
8
8
1
2
4
8
085
4
3
0
9
22
63
1
5
68
8
1
3
8
2
3
8
1
1
0
5
9
4
9
7
964
3
6
9955
5
1
8
9
4
590
8
0
3
7
1
4
1
3
4
3
5
9
20
1
0855
7
5
2
3
0
5
56
6
5
1
6
3
4
66
8
32
1
3
26
59
1
2
2
8
3
3
3
3
6
3
2
0
2
06
0
3
2
1
0
22
4
5
3
4
3
655
6
5
1
00
4
1
8
77
5
9
34
8
1
1
3
8
7
9
91
1
4
2
2
3
13
05
2
7
6
20
0
2
4
43
6
7
5
9
4
9
31
84
36
7
0
77
51
7
0
2
8
3
19
3
6
4
0
8
9
8
3
1
0
4
7
70
4
4
6
9
6
8
7
5
0
4
8
0
7
6
8
0
1
4
9
3
0
5
8
9
88
7
81
90
6
8
3
7
2
36
5
7
5
1
8
9
2
2
3
8
2
3
7
0
3
2
8
5
6
779
5
0
4
9
2
20
3
153
4
8
1
17
1
0
8
6
8
1
4
8
1
1
6
0
2
0
8
87
7
4
3
36
1
1
2
3
4
0
1
1
8
2
0
40
9
3
78
3
4
3
0
7
1
6
81
61
7477
2
67
7
3
83
61
0
1
2
5
1
3
6
6
1
3
69
454
8
8637
1
6
4
50
3
85
9
7
8
0
6
9
40
3
3
7
9
3
2
1
3
19
0
54
6
4
4
1
4
2
2
9
7
3
80
9
00
2
1
7
5
7
2
3
0
7
1
2
2
5
8
8
2
7
0
3
8
6
7
14
79
35
2
88
7
4
1
9
6
3
6
5
5
83
9
4
4
6
2
8
0
5
0
4
761
5239
6
5
9
0
5
8
5
4
712
71
7
6
3
3
5
7
2
9
5
9
3
2
0
8
3
1
9
2
7740
32
6
6
5
6
7
6
1
9
67
1
1
5
3424
6
7
1
2
9
3
9
1
9993
2
202
5
28
06
6
7
1
88
6
9
2
5
84
85
40
2
3
23
6
7
54
1
1
7
7
107
9
6
83
7
62
0
6
84
4
2
5
1
1
9
7
2
148
5
9
0
822
1
4
38
0
7
9
6
8
228
5
5
3
72
5
8
2
5
9
9
2
0
1
5
8
8
1
9
4
3
029
6
5
3
5
8
4
5
679
3
9
3
4
4
0
9
0
4
061
2
0
3
3
7
84
8
4
2
7
8
0
01
0
7
2
7
7
3
6
0
3
5
5
32
1
5
0
7
9
4
5
2
1
4
7
4
8
6
9
6
2
3
4
6
4
7
6
7
9
1
9
4
5
8
8
98
6
561
7
2
5
0
3
5
89
9
57
3
9
7
8
1
3
7
67
7
8
9
1
3
6
5
3
61
37
7
3
7
9
8
6
2
97
7
6
8
5
2
4
4
1
0
6
2
8
9
7
1
2
4
68
0
1
1
5
62
4
12
1
5
5
83
7
6
8
4
7
2
7
3
2
1
6
1
8
5
10
0
5
1
33
69
0
5
2
1
3
79
2
3
9
3
1
3
4
78
6
3
07
2
9
6
0
7
9
2
5
9
0
3
85
5
9
6
43
6
9
0
1
6
3
5
4
4
56
4
22
8
6
1
0
1
4
4
76
0
5
0
6
3
1
6
2
7312
8
3
1
83
5
6
4
3
3
5
8
4
4
2
0
95
4
9
2
0
8
3
9
7
6
2
1
5
88
8
30
6
02
68
4
6
0
8
8
2
8
4
6
85
0
8
8
8
0
8
4
8
5
5
5
5
7
1
1
9
5
7
1
761
8
2
0
7
6
0
1
2
6
8
8
87
5
1
4
2
5
3
5
79
1
3
0
8
2
4
50
7
5
5
1
5
23
2
5
6
58
363
4
2
2
64
60
12
9
0
46
9
7
9
7
05
0
7
8
2
38
8
1
8
7
8
9
5
5
8
4
8
5
5
6
0
02
88
5
7
4
7
7
42
0
7
3
7
8
0
8
1
8
1
2
2
6
4
3
4
0
5
5
9
8
8
8
8
4
1
9
3
7
4
9
7
7
3
4
6
9
7
1
8
989
9
7
0
4
2
2
1
9
1
8
9
4
7
1
8
7
2
5
1
00
4
6
5
4
8
0
9
1
1
0
39
4
4
0
6
352
7
2
7
3
0
4
1
1
0
1
24
7
5
6
8
818
7
8
8
4
8
2
1
2
0
4
8
5
5
2
5
7
61
2
034
87
0
7
1
8
8
9
1
6
8
026
24
4
2
8
3
25
1
0
2
4
9
2
2
7
0
8
72
2
9
9
32
4
8
63
6
0
4
7
0
3
6
4
8
0
2
28
2
6
2
1
0
1
4
9
2
2
2
7
7
4
4
7
9
7
74
27
7
2
8
6
9
7
4
4
7
8
4
80
9
0
9
79
3
7
6
1257
4
7
8
9
9
7
3
2
0
98
1
74
31
6
7
6
6
0
2
9
1
1
4
38
721
5
3
33
48
4
7
3
76
4
3
5
0
3
4
4
4
5
1
6
4
3
6
6
8
7
6
9
4
7
1
8
2
7
09
8
43
8
9
7
5
4
3
4
6
6
5
0
3
9
3
50
2
5
5
0
4
8
0
843
2
4
7
8
1
0
3
0
0
1
7
4
5
3
9
4
0
8
1
2
9
2
6
2
800
513
3
9
52
2
6
9
83
8
8
41
2
7
6
3
2
1
1
7
5
1
38
883
43
0
9
6
8
3
6
2
06
0
4
7
43
31
45
4
0
8
3
6
29
2
1
2
8
7
6
3
8
1
1
6
4
4
7
390
7
9
0
88
3
2
9
7
9
781
1
1
4
8
6
1
7
3
6
2
551
6
8
1
5
7
1
3
1
1
5
2
7
6
26
8
3
8
1
5
7
427
4
285
6
0
6
675
6
41
5
3
3
8
2
3
8
4
9
1
2
59
1
7
4
0
3
8
7
9
0
2
7
5
5
49
7
1
9
13
0
1
6
9
7
9
1
8025
29
1
0
9
0
9
8
7
7
4
2
4
4
5
73
8
9
11
5
2
0
5
1
41
4
5
01
9
5
2
74
93
740
2
2963
24
6
51
7
1
0
6
1
1
2
4
3
7
85
2
4
94
6
8
8
145
2
0
6
61
0
30
4
7
8
9
6
9
7
91
2
7
0
68
1
7
8
52
8
5
2
6
0
939
8
0
8
5
9
0
3
3
53
2
0
7
1
9
6
4
7
0
7
1
7
0
2
00
3
0
5
1
2
9
3
63
8
0
77
5
2
1
0
7
0
7
0
2
9
6
8
1
7
2
1
97
6
8
0
2
7
1
4
8
0
18
3
6
8
86
2
3
1
26
6
0
7
69
9
9
6
9
7
0
5
2
73
9
3
9
2
1
1
2
9
2
6
84
5
3
1
3
19
80
2
334
9
9
9
6
9
1
6
78
8
2
6
4
7
8
7
4
2
3
7
42
6
9
9
0
6
0
6
1
0
4
3
5
3
7
77
2
9
5
6
8
9
6
2
54
8
6
4
5
53
8
96
9
7
0
6
5
0
3
1
8
7
0
7
0
0
0
2
6
8
9
5
9
7
3
5
4
1
7
3
1
3
0
0
5
5
46
9
67
5
4
0
9
9
4
1
6
92
7
8
0
9
9
6
9
4
534
63
4
8
7
7
5
03
59
0
8
6
7
5
2
970
2
10
2
0
41
3
2
4
1
2
2
3
4
5
2
1
6
41
6
0
8
8
2
86
8
7
8
0
61
7
0
3
8
7
6
8
2
4
3
5
8
39
4
2
3
9
7
4
4
67
2
84
81
4
9
0
01
8
44
4
3
8
8
0
1
7
7
5
5
4
4
1
5
0
4
8
6
540
9
8
1
6
6
4
8
1
8
5
9
7
29
0
2
5
9
59
5
4
9
1
7
8
8
9
3
3
4
3
37
0
4
4
9
1
0
2
0
6
26
4
7
8
6
9
9
9
2
7
7
5
51
7
1
56
1
1
8
1
4
0
4
1
92
8
3
5
5
5
7
20
32
3
6
8
6
1
7
1
3
3
7
2
5
7
2
8
53
8
4
9
0
86
2
0
1
1
2
11
5
20
8
8
4
9
388
9
2
7
6
1
9
6
2
5586
87
17
0
8
5
5
6
7
3
1
9
7
4
0
5
7
05
0
3
1
7
2
17
9
74
5
8
6
9
6
6
1
4
2
8
0
2
5
3
3
4
9
3
8
8
0
4
371
4
8
3
0
3
8
8
3
7
2
4
3
5
4
3
1
1
8
0
9
4
24
55
50
7
9
7
5
2
0
9
4
8
7
8
9
2
31
7
8
7
0
6
7
1
7
1
0
3
3
3
9
8
2
1
6
6
2
8
8
36
9
8
3
1
4
7
2
3
1
2
34
0
1
1
4
2
18
6
1
2
2
9
1
9
51
7
9
0
7
5
1
6
9
5
9
0
2
4
0
5
0
9
3
9
6
9
4
77
2
4
0
5
2
5
9
9
9
2
19
0
2
6
0
6
0
4
6
3
45
5
9
4
0
4
4
0
11
9
5
1
6
2
15
7
701
1
8
1
2
5
4
2
5
2
9
1469
9
1
8
9
77
3
5
1
2
56
2
18
9
1
6
9
6
4
9
85
81
3
1
6
44
0
4
2
4
4
14
2
29
9
3
3
1
3
9
2
8
8
6
2
4
30
6
6
4
6
4
3
4
2
5
5
6
1
7
8
354
1
8
6
5
24
8
3
37
7
314
3
5
4
1
5
6
4
95
6
2
7
2
7
7
39
1
9
5
8
1
2
9
9
4
7
0
6
2
2
1
9
6
8
1
1
8
6
5
1
4
0
0
0188
9
9
3
4
9
8
9
6
4
0
3
186
7
8
5
97
6
7
3
2
9
5
5
5
9
6
1
8
5
8
7
32
1
0
9
68
4
0
0
9
0
5
1
21
83
41
9
8
2
7
3
0
2
4
4
7
9
7
5
4
20
2
2
5
2
9
3
6
3
5
8
46
0
1
132
66
2
1
4
7
5
52
4
0
4
7
4
368
5
2
8
0
2
04
353
5
0
8
4
4
263
2
1
6
52
1
7
9
9
3
1
3
6
4
67
7
7
7
8
975
5
2
1
0
3
0
4
7
2
3
8
3
0
8
7
5
8
7
55
5
0
50
0
4
9
22
1
3
5
4
5
1
3
53
0
7
1
2
5
38
2
5
258
2
4
5
4
6
21
49
5
55
4
0
6
6
7
8
1
9
7
1245
9
4
7
3
2
2
1
1
5
95
2
52
11
6
6
3
9
8
2
0
70
43
82
4
2
4
44
1
4
9
7
9
3
2
9
0
1
85
5
9
2
3
98
8
5
938
3
2
9
9
8
7
6
4
323
6
4
62
1
77
2
7
82
4
8
8
3
9
7
6
2
8
0
715
4
0
0
9
1
1
5
9
8
5
6
4
5
1
90
8
8
9
4
6
3
9
8
3
0
1
3
5
6
0
3
4
3
8
2
2
2
7
6
5
42
1
5
7
3
7
8
9
9
3
4
8
3
41
4
5
7
9
57
87
8
6
4
3
2
5
8
2
7
7
4
1
9
9
8
1
6
7
6
7
9
5
96
9
6
9
4
69
38
7
42
3
5
6
33
1
1
5
08
78688
24
7
5
7
6
1
4
4
95
7
2
3
2
8
2
4
8
6
6
0
4
66847
8
5
7
55
8
8
6
8
4
6
2
7
1
5
0
7
9
5
2
7
4
5
1
7
7
1
8
0
8
4
7
21
8
2
0
4
9
1
3
0
2
6
33
0
4
9
2
7
9
5
3
1
4
3
57
7
0
32
2
0
1
7
5
4
9
1
3
3
6
7
6
9
3
9
4
01
7
86
9
8
9
6
7
1
2
39
7
9
5
8
84
4
5
7
5
0
4
6
5
37
9
3
3
3
6
64
5
3
2
7
8
9
5
6
2
8
6
9
7
4
7
5
7
0
0
08
0
8
7
0
4
65
0
5
05
8
8
6
1
4
9
1
1
9
289
9
4
0
1
4
0
6
3
3
7
28
0
2
6
35
64
4
2
9
7
5
2
8
8
6
5
9
7
2
4
1
29
74
4
6
6
7
2
126
4
0
22
55
88
0
78
91
6
1
6
6
6
34
2
8
4
2
62
77
9
8
0
9
3
3
8
3
8
7
57
6
7
4
6
4
30
9
7
0
1
3
5
1
3
49
7
1
15
8
2
4
1
7
8
3
7
2
6
9
3
0
9
2
2
8
3
0
8
3
0
1
0
4
37
0
9
8
9
7
2
7
34
4
4
4
2
6
6
08
9
6
8
0
6
3
18
1
0
8
9
6
6
1
07
0
3
2
5
5
9
2
75
0
9
1
1
0
5
2
0
22
9
4
7
6
0
25
8
5
0
849
9
95
47
8
8
5
6
9
4
6
3
33
8
7
4
0
6
3
4
5
3
138
7
6
5
0
6
0
8
6
1
3
383
3
0
1
3
31
9
0
6
8
91
0
4
13
5
9
9
872
4
2
4
9
6
8
26
9
2
0
2
4
4
9
5
1
5
54
5
9
1
0
5
8
35
2
032
5
4
3
3
31
834
5
3
6
1
8
1
4
5
4
7
8
6
9
5
2
3
7
6
7
17
0
8
5
2
4
5
0
7
1
71
0
36
7
2
2
5
9
2
5
1
2
9
4
0
3
8
1
4
5
38
5
7
6
5
6
2
9
9
65
4
6
2
0
04
3
9
0
1
4
68
3
7
0
5
8
0
8
8
6
0
6
1
9
8
7
6
78
3
1
14
54
6
7
1
0
7
2
03
2
6
6
185
9
4
7
6
42
38
2
0
7
2
7
0
4
2
6
0
9
1
8
0
9
2
2
4
0
9
1
4
6
0
5
1
8
8
7
62
0
4
85
9
5
60
0
3
8
6
7
1
5
2
6
9
65
5
7
7
8
9
6
6
9
1
13
3
52
8
0
5
1
31
7
5
68
4
5
6
5
82
5
5
6
8
7
1
0
8
0
3
6
03
7
0
23
6
3
3
1
9
8
8
8
6
30
7
9
0
1
252
9
5
4
0
9
4
5
5
6
1
2
3
1
6
55
3
9
5
4
4
6
5
6
99
3
9
9
15
2
4
0
7
3
3
5
0
9
8
0
8
28
4
4
3
1
6
64
64
8
7
8
9
2
3
4
9
8
4
2
3
9
3
0
2
3
3
6
0
2
0
4
2
3
0
8
9
2
2
7
9
9
6
8
31
3
5
1
2
1
9
4
7
3
5
5
3
42
1
5
6
8
6
0
4
0
7
4
2
9
08
5
1
8
2
9
5
1
0
0
9
3
3
51
4
22
2
10
0
7
9
9
9
4
5
6
3
6
0
1
71
42
66
7
1
8
8
4
7
5
2
7
0
1
0
2
7
2
3
3
19
0
7
1
66
1
4
0
7
2
6
00
0
2
4
2
7
6
5
6
97
9
9
1
8
8
1
83
5
4
8
7
7
54
4
0
2
8
93
08
38
2
9
8
5
5
9
7
64
7
8
9
9
23
3
6
6
7
0
3
143
5
4
77
6
7
1
5
89
3
6
66
9
6
2
4
4
6
4
7
70
85
6
6
1
3
8
1
6
8
0
2
9
0
9
8
9
7
5
6
6
1
3
3
4
9
0
2
4
3
8
6
4
4
2
3
9
0
3
8
8
1
7
5
7
9
8
4
0
2
9
5
9
1
4
1
6
2
18
8
1
4
5
2
4
3
8
3
1
01
5
7
8
3
6
7
0
174
0
7
08
0
5
7
9
0
3
6
8
6
8
8
0
8
0
59
77
1
7
6
2
8
81
9
6
9
5
25
3
2
4
02
6
7
0
1
04
3
1
3
5
6
0
4
4
2
29
2
0
5
9
5
6
0
2
9
2
7
35
1
6
4015
7
8
1
7
347715
6
92
0
9
0
18
8
4
0
4
6
133
7
8
6
4
1
4
43
65
6
1
3
1
8
1
9
1
3
9
8
6
1
1
64
1
5
4
7
7
5
0
0
717
9
9
9
3
3
6
3
2
7
8
1217
8
0
1
6
0
7
2
5
8
0
0
7
50
6
3
6
1
0
9
95
1
51
1
6
450
4
5
5
5
3
9
2
5
7
4
5
6
5
9
92
85
9
3
4
0
0
8
7
4
2
38
2
4
9
3
1
695
5
448
3
4
0
44
5
9
0
7
6
3
6
2
8
2
5
1
5
1
4
7
4
8
30
9
9
0
5
0
3
1
69
5
9
9
3
5
34
75
6
2
7
4
7
2
6
9
6
2
0
8
46
2
93
8
1
6
59
72
086
5
3
9
5
3
4
4
4
2
5
1
0
7
68
90
6
7
1
4
6
98
4
11
81
8
1
7
0
9
1
2
0
9
7
67
7
3
4
8
9
0
4
245
1
4
7
8
7
8
4
1
6
02
7
3
3
8
66
572
0
0
6
0
4
27
33
5
8
79
9
55
5
5
3
0
8
84
4
69
2
2
8
5
5
7
9
9
971
0
6
6
3
4
1
8
3
87
60
4
3
35546
9
2
9
0
4
1
0
7
7
4
9
627
7
6
2
1
47
6
8
6
6
1
0
6
4
5
11
87
2
15
30
5
3
7
9
7
5
6
35
6
06
1
35
4
5
0
0199
3
4
9
483
3
8
0
4
3
3
2
4
4
4
2
8
9
7
1
8
0
8
27
3
7
8
8
0
74
2
6
3
7
8
9
9
1
9
9
4
6
0
2
3
0
5
1
2
5
8
7
6
5
8
6
0
0
6
8
5
724
2
8
9
05
5
2
5
1
6
9
8
0
54
0
136
7
9
1
4
4
39
8
63
6
6
70
2
6
2
3
83
9
9
5
5
7
9
4
6
0
1
6
11
2
2
8
824
6
2
9
2
4
0
9
7
9
45
6
1
97
2
3
3
1
4
4
1
4
9
0
3
99
33730
0
7
1
8
3
7
8
97
4
5
4
8
7
3
64
7
8
2
6
6
8
2
2
6
61
3
1
6
0
1
60
4
5
7
9
1
5
1
0
2
0
70
82
2
71
6
125
4
82
9
1
4
6
5
5
8
3
1
6
55
03
95
2
0
7
3
6
3
7
5
4
4
6
8
1
6
6
0
5
0
21
8
8
5
9
6
88
6
3
14
4
3
8
1
6996
9
1
7
0
6
2
4
0
3
8
9
1
0
6
41
9
4
3
7
4
2
8
7
1
9
88
2
4
0
6
2
6
7
9
4
5
50
2
8
5
4
5
2
3
8
1
675
15
4
6
4
5
8
81
68
3
7
6
0
0
6
9
6
96
7
5
0
9
6
3
2
3
2
6
5
0
0
52
4
085
2
0
7
6
5
5
3
7
31
0
7
32
6
5
7
8
6
26
4
2
5
83
1
0
7
25
72
9
4
4
6
0
4
8
2
472
2
5
9
9
5
1
6
4
4
9
0
3
3
2
2
1
2
6
9
4
2
4
4
4
14
05
8
7
9
6
3
8
8
2
2
7
9
1
2
7
8
67
5
04
2
7
2
1
76
6
343
6
0
8
2
9
2
0
8
8
0
41
7
42
5
1
6
33
0
3
5
0
7
76
4
3
7
6
5
5
4
8
1
2
4
9
7
20
9
8
7
0
2
9
4
0
2
2
4
51
4
4
8
4
3
0
10
4
3
7
175
3
0
61
6
9
99
2
28
14
32
9
1
5
4
0
7
7
3
68
3
1
87
8
6
6
8
2
8
5
1
0
8
3
9
2
4
7
2
5
4
20
9
92
8
1
0
6
7
4
0
9
4
0
8
4
4
2
2
6
3
0
5
4
3
96
13
53
43
3
36
3
6
3
5
8
0
4
8
7
9
1
9
797
28
3
9
3
6
29
6
2
6
6
1
4
3
3
0
6
6
26
5
8
7
5
8
2
6
7
1
3
7
8
18
63
5
4
2
2
7
2
4
31
2
5
82
6
5
8
5
3
8
3
2
40
08
5
7
6
5
0
16
4
4
9
0
2
0
6
6
5
1
8
8
8
3
0
8
1
6
0
9
0
5
4
5
23
9
9
6
4
0
6
3
5
6
9
4
9
3
9
9
98
9
6
5
419723
1
3
5
29
3
4
3
5
9
2
3
7
9
19
9
2
0
3
7
4
03
2
1
7
4
4
9
178
6
2
0
0
60
4
7
8
0
42
8
8
0
6
5
6
11
5
3
5
76
68
6
23
9
2
39
2
7
3
5
8
9
5
4
1
5
2
77
2
24
8
5
9
16
5
9
5
7
1
2
7648
200
5
7
94
0
6
3
6
9
5
9
50
30
2
0
0
3
1
2
1
7
6
6
75
78
4
3
31
92
6
6
31
3
4
0
60
3
4
2
6
3
42
1
54
1
3
3
9
05
4
1
9
7
2
5
4
2
1
5
0
8
96
7
8
3
8
1
6
4
1
9
2
89
4
0
9
6
1
5
6
12
9
0
6
44
9
7
5
55
9
5
8
0
0
2
307
8
1
4
1
7
1
3
2
1
3
9
9
8
1
97
6
5
4
2
9
7
8
68
3
0
0
36
6
8
61
8
9
2
8
94
3
8
6
5
1
4
8
7
1
2
2
40
8
1
2
3
8
3
5
8
8
0
4
7
20
2
0
1
3
6
0
6
5
55
5
31
9
4
4
3
1
77
1
92
17
2
1
9
5
2
7
1
9
5
2
72
2
82
2
06
6
8
5
3
9
3
3
1
28
5
7
0
8
1
3
9
9
12
7
13
623
5
9
1
0
0
6
9
8
42
89
9
8
3
9
5
7
1217
2
3
2
1
72
5
51
23
4
1
5
0
9
7
7
1
0
2
1
8
5
7
5
9
3
8
3
7
5
5
4
2
82
0
0
1
0
7
6
7
3
0
93
5
5
8
5
035
4
5
3
234
2
98
5
5
1
7
8
8
9
5
3
9
55
4
8
6
56
3
83
5
0
44
3
8
3
0
1
2
4
3
8
03
8
7
8
6
13
2
6
6578
7
3
493
4
4
5
88
7
1
6
9
0
6
1
2
0
1
6
5
0
4
2
65
73
9
1
9
42
0
9
97
5
16
3
8
3
7
4
2
4
7
8
93
8
9
8
1
89
5
751
0
9
9
7
2
1
0
6
8
1
8
9
7
8
3
3
0
6
0
7
9
6
2
3
8
5
6
1
1
4
72
27
2
5
5
4
6
2
2
5
4
3
0
46
6
2
6
1
1
2
7
1
6
1
9
8128
0
1
15
3
6
3
4
5
65
9
1
8
62
9
1
4
2
4
2
1
3
80
3
9
0
9
1
8
2
7
4
3
1
0
5
88
1
7
8
5
4
15
3
0
8
9
9
04
7
4
413
2
9
1
1
0
9
2
3
1248
79
7
1
8
9
7
77
6
0
7
5
0
6
2
4
1
4
5
3
4
9
7
9
04
5
7
0
3
5
47
58
4
8
4
57
9
346
8
9
0
1
9
5
2
0
9
6
6
1
79
18
9
2
6755
2
2
7
1
249
4
5
3
6
8
2
1
0
39
3
4
4
6
50
2
7
5
1
0
9
7
5
1
89
5
8
0
7
8
59
3
6
6
0
7
5
38
2
07
0
7
36
6
0
1
02
56
9
7
0
0
4
45
9
4
24
1
57
2
6
8
7
35
4
8
8
2
4
404
4
8
2
574
89
4
0
4
1
51
1
1
0
4
6
0
8
0
4
2
82
32
4
3
3
8
7
3
96
1
75
1
4
2
8
0
5
758
1
3
4
1
8
4
3
3
2
9
2
4
4
4
8
9
0
9
5
7
0
83
6
1
3
2
86
8
6
6
4
4
9
1
3
6
7
4
5
91
65
3
1
9
2
93
3
2
1
3
1
5
70
89
2
0
2
4
5
3
5
4
1
7
8
0
9
3
6
1
6
5
3
4
9
11
8
9
7
2
6
3
7
4
9
3
79
4
9
8
5
0
0
7
2
7
3
4
5
8
1
9
8
2
2
0
5
6
5
6
4
2
0
6
0
7
2
4
4
4
5
6
4
4
8
8
6
1
74
0
1
8
4
9
0
8
1
6
4
5
8
4
1
9
5
0
0
8
9
68
1
4
2
0
8
3
8
01
3
6
45
4
6
4
3
9
2
23
3
2
2
2
575
6
75
85
9
9
8
37
7
5
7
5
3
7
1
59
7
0
39
7
0
32
1
9
7
7
5
0
8
8
76
4
63
97
52
4
9
4
7
2
7
8
4
5
1
245
3
3
392
5
3
0
50
3
6
5
1
3
8
7
12
9
13
5
30
9
5
2
9
9
1
56
3
43
1
9
4
7
3
3
0
0
26
5
9
9
2
5
0
168
2
4
07
0
1
0
2
4
9
0
6
96
9
8
8
48
8
8
1
0
5
4
0
7
78
2
7
5
7
2
5
5
5
3
5
10
8
9
2
90
2
86
1
2
6
42
3
7
4
8
1
6
6
23
8
18
0
9
6
9
6
5
6
7
62
4
6
9
2
8
0
5
9
6
9
5
9
5
5
7
5
4
4
7
4
68
7
38
6
8
8
41
8
7
4
8
0
3
2
7
6
2
7
2
83
7
1
8
4
7
9
3
6
3
5
5
8
4
39
8
0
0
8
2
7
2
1
4
5
5
2
5
8
24
5
0
5
9
2
3
865
5
8
6
9
6
15
6
4
6
3
0
6
07
2
8
6
3
33
0
0
9
6
09
2
1
4
8
0
16
0
2
1
8
2
2
0
8
70
9
0
7
29
1
2
5
4
3
732
18
4
9
9
3
2
0
3
5
3
3
86
9
6
8
8
34
06
8
9853
16
41
7
7
93
9
7
8
2
0
3
7
0
07
5
8
4
3
1
4
6
9
7
6
4
0
5
5
7
6
9
2
7
11
7
7
3
2
5
51
7
6
6
6
0
9
3
0
5
4
6
0
4
0
4
4
4
4
3
1
0
4
8
4
7
9
2
1
1
6
001
1
602
1
8
7
97
809
6
92
21
4
8
3
7
7
4
2
4
8
3
0
6
2
1
3
7
0
5
4
4
8
20
0
5
4
5
0
0
7
3
8
2
6
4
5
6
8
6
8
4
0
679
0
6
3
2
8
9
6
7
1
2
76
2
1
9
2
2
9
6
2
9
9
4
8
5
5
1
8
0
0
2
8
9
2
0
0
0
1
1
3
6
8
1
9
7
4
9
0
1
9
2
3
1
0
0
2
2
7
2
0
3
0
1
20
3
1
34
2
1
0
3
0
2
8
6
7
0
9
7
3
1
1
4
7
8
5
5
2
7
7
4
04
6
0
6
12
2
3
9
56
0
2
82
82
3
1
1
6
0
6
93
1
6
5
9
1
0
2
7
4
90
97
7
8
42
6
1
9
7
0
8
4
8
4
8
5
9
8
4
4
565
2
3
3
5
8
8
0
7
4
0
9
5
0
6
7
2
0
2
3
6
2
4
4
5
5
3
5
91
3
57
8
74
9
0
95
6
4
2
10
9
5
8
5
04
5
5
7
8
9
5
5
6
6
3
1
8
7
9
6
1220
4
2
80
2
0
8
7
4
0
7
1
9
5
5
3
2
5
1
35
3
5
9
0
7
90
7
84
6
7
12
1
5
2
4
47
2
2
9
1
5
2
0
7
8
7
1
7
4
0
2
8
9
9
420
2
4
33
7
8
3
5
09
3
23
3
3
7
5
5
3
0
27
5
2
3
5
8
6
6
9
0
09
3
9
8
62
2
2
5
66
2
0
4
6
4
3
5
6
1
31
7
25
3
0
9
0
9
3
0
8
3
3
0
1
0
6
7
5
5
2
5
04
8
4
4
4
8
0
7
3
94
8
0
8101
1
0
4
5
3
4
7
1
1
3
1
6
185
1
4
4
5
1
4
4
4
84
8
1
8
6
9
2
0
7
0
5
3
4
2
5
3
9
6
3
6
5
8
9
7
9
8
6
9
55
9
52
0
7
0
4
5
1
6
50
7
3
1
4
4
5
6
1
6
4
8
0
5
17
0
8
2
0
73
0
7
2
0
4
8
0
9
3
7
7
1
0
5
6
3
1
75
91
5
7
1
7
7
9
1
9
4
4
9
4
9
0
6
8
4
4
3
7
6
2163
12
2
84
6
5
6
4
6
08
4
8
4
6
8
3
5
3
0
87
4
9
0
7
6
2
88
4
6
3
2
3
233
5
6
6
2
2
5
2
9
82
3
0
7
5
8
9
85
4
7
5
52
3
6
1
28
28
7
2
9
7
2
35
7
8
0
1
9
1
8
8
3
5
85
24
7
4
9
2
1
25
4
1
7
2
80
1
4
1
7
9
5
7
2
5
7
52
0
1
2
0
0
7
2
3
4
2
8
1
1
3
6
48
6
7
2
6
2
2
4
5
53
3
12
5
3
7
8
3857
5
5
5
7
3
0
2
5
7
1
6
1
5
3
74
5
4
9
3
6
5
3
0
3
4
2
1
5
5
6
9
4
7
2
6
8
4
3
1
3
7
8
4
1
4
76
1
52
7
8
32
3
9
9
6
0
6
0
5
35
37
0
63
9
2
7
0
0
72
6
5
2
1
12
6
9
6
0
8
7
11
1
0
01
1
41
5
0
8
3
9
0
94
1
23
8
8
19
6
7
4
767
9
6
7
4
5
7
4
3
6
2
5
7
4
0
4
6
2
8
2
9
2
9
5
0
7
6
1
4
0
1
03
7
7
8
08
7
6
4
3
3
4
0
9
1
5
9
1
7
0
9
0
7
1
0
6
8
40
8
7
6
69
1
6
7
8
7
52
9
3
4
3
98
8
337
52
9126
6
7
0
9
47
9
7
2
6
0
1
9
2
0
4
0
0
6
7
1
6
4
8
8
5
0
3
9
5
0
8
8
0
5
9
8
96
56
1
0
85
1
2
55
6
8
7
9
4
740
4
5
1
8
230
4
46
4
7
82
3
6
1
1
9
3
2
4
8
1
0
3
6
8
245
5
1
7
8
8
0
7
1
8
2
0
4
3
8
9
53
304
2
44
9
0
4
9
7
3
2
18
82
4
7
7
5
0
3
4
7
637
9
7
1
4
0
5
09
1
1
18
0
4
9
9
1
3
59
3
6
05
4
1
1
8
3
7
4
29
9646
186
5
54
8
2
6
6
7
5
8
80
4
94
8
2
2
4
6
2
7
8
4
86
3
5
2
9
77
3
2
30
70
24
3
4
816
3
2
3
7
1
40
0
6
7
1
4
3
4
77
7
7
6
2
8
6
3
12
8
5
6
9
2739
997
1
4
8
2
5
1
7
1
6
7
7
62
20
3
3
9
1
0
24
7
7
4
1
96
1
7
2
9
64
7
0
8
4
4
8
7
8
0
1
3
7
7
8
0
20
1
4
6
6
2
1
07
2
7
0
1
1
3
0
7
64
8
5
8
5
00
7
9
8
4
8
7
8
2
2
1
5
33
8
6
7
8
4
5
0
4
1
35
24
2
9
5
222
9
98
9
1
9
5
8
0
3
8
17
4
0
2
6
5
99
0
7
4
18
8
0
2
3
0
2
51
86
3
2
6
8
3
7
5
2
7
8
3
4
2
3
0
44
6
6
2
2
1
4
0
71
01
6
5
3
7
0
6
1
7
9
5
8
9
4
8
08
7
0
5
1
2
0
6
4
7
9
7
74
0
2
3
78
7
9
67
5
9
8
29
2
4
5
6
5
9
6
9
9
1
6
65
08
5
47
8
3
4
4
5
98
3
2
9
7
5
1
9
5
3
780
0
4
20
0
1
5
1
3
5
7
5
1
1
8
9
0
4
9
0
0
9
6
0
2
9
9
8
0
4
5
981
8
5
6
8
0
2
6
9
6
3
2
79
4
7
2
7
3
4
2
6
4
7
5
6
7
78
541
7
4
0
6
3
9
6
9
3
99
2
27
0
0
8
9
9
5
5
9
4
4
6
11
2
2
01
1
4
6
6
5
9
1
7
3
2
2
738
9
6
3
0
4
1
6
5
9
7
8
3
4
3
6
0
9
7
54
1
7
5
9
4
9
7
4
6
0
9
0008
7
6
2
1
7
6
9
7133
6
5
7
0
5
7
55
9
2
58
4
1
6
3
5
24
8
8
9
0
0
0
4
6
4
9
76
6
1
2
1
7
5
4
4
7
1
5
96
8
7
4
8
3
9
1
6
9
2
6
51
8
6
37
7
1
4
9
0
3
6
5
4
8
8
6
5
4
0
5
2
1
2
2
0
5
7
5
1
3
1
2
1
26
12
51
7
8
0
0
2
3
7
0
5
1
9
7
4
6
5
17
1191
7
1
6
8
78
7
3
4
0
8
183
79
2
183
5
01
2
3
4
18
4
2
8
0
0
7
175
7
6
13
3
0
7
883
56
6
05
3
7
7
2
7
5
7
0
0
42
9
30
6
1
7
87
29
8
9
3
8
03
8
0
8
3
5
1
8
6
1
7
4
02
5
5
2
3
6
90
50
7
7
4
03
9
2
2
2
98
9
5
6
5
3
2
6
2
6
4
29
0
02
8
3
5
9
6
39
9
2
4
9
3
2
8
49
7
7
5
9
8
0
1
3
4
458
3
49
4
63
5
98
4
8
3
4
8
9
0
8
1
3
18
8
574
8
3
3
8
24
1
5
0
0
8
0
0
8
1
3
6
1
1
5
8
1
9
1
8
805
4
9
5
2
7
6
3
8
8
2
17
9
5
6
14
9
2
7
7
8
1
9
4
9
5
9
7
5
5
9
8
3
7
6
2
3
9
0
2
14
5
6
94
7
8
6
0
5
5
4
7
8
5
3
6
49
5
3
0
1
1
26
28
1
5
6
2
6
9
3
4
5
0
8
1190
2
9
5
9
60
6
78
2
9
3
0
7
5
2
1
2
4
7
6
9
0
6
5
6
2
3
0
0
2
6
1
8
5
3
1
4
4
4
7
8
6
7
8
889
8
8
2
9
8
2
86
04
4
9
87
49
7
40
0
7
5
8
66
6
71
7
0
6
77
9
3
2
8
59
6
1
4
5
2
8
1
4
9
3
7
83
9
964
4
1
9
1
4
9
2
4
8
2
5
5
7
58
9
69
7
2
67
1
2
0
0
7
82
0
2
7
5
5
1
1
2
2
4
7
1
4
28
2
65
5
9
8
4
5
3
2
5
19
54
8
0
5
0
8
8
5
71
6
50
8
6
8
3
9
6
8
2
186
7
5
8
7
54
9
4
7
6
7
47
5
6
8
23
3
5
18
0
4
88
3
4
6
5
41
7
4
5
8
3
3
3
3
5
8
6
472
7
7
7
9
4
6
0
8
2
8
10
31
44
3
2
4
2
0
9
11
94
6
1
2
59
2
9
9
4
0
52
16
0
4
76
7
3
10
1
7
8
4
9
1
3
87
9
91
4
2
9
9
9
8
7
8
2
06
9
6
1
5
9
2
63
7
0
5
65
53
7
7
0
1
9
3
93
96
2
0
2
3
1
9
0
7
6
9
2
7
65
44
9
7
9
1
5
6
9
0
4
6
0
4
0
5
5
2
58
69
12
43
7
8
2
4273
4
1
4
0
0
2
0
0
0
6
0
9
4
2
8
9
3
4
8
1
1
5
4
80
5
2
4
9
0
6
0
7
60
4
7
5
9
6
3
6
58
7
0
1
5
4
9
0
4
4
5
3
1
51
9
6
69
5
5
7
01
4
4
13
20
2
9
2
5
3
5
7
6
9
9
9
9693
4
5
4
4
4
9
3
8
8
4
8
8
5
52
76
3
2
5
5
2
3
7
4
9
25
3
3
2
3
3
0
5
4
59
4
2
33
45
07
0
06
7
0
4
8
18
3
7
4
2
4
74
0
1
8
9
9
4
8
3
3
8
71
1
3
273
8
8
7
4
7
4
7
5
3
31
8
1
6
7
3
9
9
9
2
7
5
4
1
3
4
6
5
8
2
2
37
3
1
1
5
0
456
14
7
4
8
3
6
49
7
2
795
1
0
19
4
9
5
5
7
2
4
0
9
8
3
67
4
393
6
3
4
57
3
4
5
3
686
6
3
09
4
6
3
2
1
44
6
2
4
3
7
8
4
9
7
74
4
7
6
69
28
4
8
93
7
6
6
7
9
1
3
2
0
1
64
3
0
0
9
7
5
13
7
1
43
0
8
7
1
4
3
0
3
3
0
1
1
9
1
70
1
3
7
6
6
13
8
5
2
7
4
1
8
3
1
2
2
55
0
6
7
0
965
2
9
6
6
8
3
23
3
5
4
11
2
5
9
55
3
5
9
5
6
9
2
7
3
0
23
2
3
6
1
8
2
1
2
34
3
5
3
6
9
3
8
70
4
7
7
76
2
5
7
7
8
7
1
6
9
785
600
0
9
90
9
0
9
7
41
28
7
4
71
2
5
4
2
7
5
1
8
1
0
07
6
5
7
8
7
4
3
7
8
20
6
8
38
7
3
5
9
3
0
6
8
30
9
7
4
5
00
3
0
1
8
7
34
0
5
3
1
8
2
3
6
1
8
4
5
1
1
9
9
78
4
6
4
8
1
4
6
0
8
2
4
97
2
5
6
2
47
52
2
2
7
7
5
2
8
5
24
2
29
07
2
7
3
2
3
2
12
084
3
7
70
8
0
0
4
1
0
2
2
3
58
7
5
3
89
3
7
1
1
9
8
9
7
85
5
0
43
5
2
1
7
0
81
02
8
0
3
17
4
3
8
9
4
3
5
1
9
3
5
5
7
5
0
6
4
9
38
9
6376
6
9
4
3
3
7
2
9
8
5
2
89
6
9
0
5
1
561
0
1
6
5
2
7
4
2
9
4
9
4
6
5
8
5
64
8
19
9
0
4
89
3
52
6
6
2
6
6
3
2
7
15
6
8
0
44
6
2
8
95
0
24
0
9
3
5
3
1
4
1
6
2
0
7
9
6
4
5
4
5
1
56
5
4
7
1
2
51
8
9
1
5
7
2
8
3
8
6
0
2
0
33
2
7
