1232
9
2
4
7
8
3
0
02
6
5
9
080
8
3
8
4
1
41
4
7
5
2
3
3
7
2
3
0
2
17
4
1
9
0
2
0
3
3
8
1
9
7
9
2
7
9
3
6
07
03
1
3
2
2
9
6
21
18
7
2
290
4
1
1
7
0
3
0
1
0
1
7
74
5
9
36
0
7
5
6
97
2
7
3
4
7
5
4
5
8
7
0
6
0
7
5
7
4
2
9
5
4
7
8
54
9
4
0
3
85
4
0
4
23
0
3
08
9
5
6
1
6
7
0
3
7
1
0
8
6
0
1
2
1
7
1
8
8
2
23
1
5
4
7
9
6
6
6
7
7
5
5
97
7
4
7
7
8
1
0
3
5
4
8
5
71
1
9
7
4
5
00
3
2
4
2
6
3
9
2
81
7
8
87
48
6
27
5
8
5
5
6
3
8
1
2
2
7
8
4
4
1
6
1
6
2
1
2
7
9
7
8
8
45
9
1
1
1
8
6
7
1
5
44
2
6
8
2
1
5
4
3
1
2
5
2
2
65
9
3
3
572
8
4
6
24
1
0
1
0
60
1
4
8
40
6
9
6
9
0
71
39
8
9
2
6
2
7
96
3
6
9
3
9
1
6
5
8
2
7
6
7
6
0
9
8
5
5
5
3
4
5
6
4
99
7
3
7
2
2
9
6
6
2
4
9
8
0
6
91
7
4
3
7
1
8
7
1
0
1
3
7
2
0
9
5
7
4
488
14
6
5
9
14
6
8
4
6
9
7
98
7
5
4
4
8
4
4
6
7
59
3
49
4
2
8
1
39
3
8
3
3
52
0
0
8
5
16
4
2
6
70
6
7
2
542
67
9
2
2
4
8
3
6
81
3
3
0
4
1
5
98
08
5
1
6
30
7
3
7
0
2
9
5
0
3
9
03
5
46
6
4
05
6
4
3
4
64
44
3
3
7
5
5
5
5
3
21
6
6
4
2
9
1
7
0
4
7
5
2
0
8
1
2
4
8
89
1
3
2
1
0
6
1
6
1
1
4
7
1
1
2
6
13
2
7
83
8
8
6
4
56
5
4
0
7
1
0
9829
5
892
8
2
9
1
9
6
6
7
5
3
8
9
3
6
5
3
8
9
9
0
4
1
1
47
5
36
2
7
2
4
5
0
4
9
0
0
89
4
0
9
4
5
6
10
97
6
4
5
70
2
83
6
60
1
9
5
6
1
1
8
0
9
66
8
1
7
3
3
0
93
78
9
6
81
520
16
6
4
5
8
2
5
4
33
7
1
5
6
9
7
4
5
066
3
0
2
7
4
5
9
2
1
7
7
5
2
4
2
3
0
9
7
2
3
9
5
1
9
4
3
6
6
0
7
58
7
5
7
8
6
6
6
2
285
8
7
7
7
8
2
3
6
13
4
7
7
3
5
7
5
5
2
98
6
71
6
22
1
2
2
5
7
24
080
7
2
9
1
4
4
9
2
07
1
0
9
135
0
3
3
5
9
55
35
1
9
0
4
5
1
3
5
4
5
3
1
4
2
7
3
0
7
4
3
22
5
5
7
4
8
6
4
0
6
00
154
3
6
8
74
2
9
4
5
1
7
2
8
8
6
80
5
0
5
7
6
4
0
7
0
5
1652
9
8
9
4
2
3
9
8
0
7
1
0
3
4
00
16
14
3
7
7
4
4
9
46
69
3
29
0
4
69
7
3
0
9
3
0
8
8
9
4
6
874
9
0
76
4
9
17
6
6
48
9
3
4
7
9
4
9
49
2
9
5
3
80
8
6
5
90
8
8
7
44
9
5
6
2
6
0
4
1
9
2
4
8
7
0
4
6
0
98
8
9
7
5
3
1
4
6
9
6
6
9
9
6
0
7
4
6
5
8
8
5
20
32
2
1
3
6
19
5
5
3
9
2
3
8
6
8
0
30
5
2
2
9
0
7
2
0
9
0
7
9
2
0
5
25
5
4
8
2
0
3
1
8
1
5
0
0
0
9
6
8
5
7
0
8
7
3
9
5
3
4
4
1
11
4
4
8
86
80
2
8
36
4
8
2
57
0
91
3
8
4
3
2
6
4
9
919
6
3
370
8
4
3
0
4
4
0
0
8
6
1
7
2
3
62
7
4
0
5
0
2
2
1
74
4
8
0
9
48
9
2
0
9
4
7
98
3
03
1
3
5
3
4
5
7
6
4
3
6
3
1
10
70
8
3
4
7
5
76
3
6
38
5
6
9
8
2
7
1
5
0
29
23
6
0
7
4
9
3
86
97
5
5
7
8
9
1
2
02
6
3
1
5
6
8
2
1
3
1
5
6
9
8
2
1
4
4
7
8
8
9
2
7
7
6
1
9
7
4
5
40
7
9
5
1
6
4
7
2
1
9
4
9
8
1
2
4
7
8
3
5
4
0
0
24
2
0
9
3
8
88
9
5
5
2
9
9
1
34
3
7
0
2
9
2
0
0
51
3
6
4
1
5
2
2
96
8
3
2
6
9
1
2
8
3
2
24
82
67
8
2
4
2
5
1
4
5
5
4
6
4
4
5
3
4
7
0
4
6
1
5
60
7
4
1
6
8
8
1
5
6
8
5
5
5
7
5
2
1
1
6
83
7
7
5
5
57
2
6
2
7
98
4
30
8
9
7
2
9
4
9
1
5
0
5
0
5
35
5
17
1
8
6
8
0
7
0
1
7
5
7
3
5
6
9
9
2
9
50
5
1
3
1813
09
4
3
7
2
9
839
0
8
6
4
6
0
4
7
4
3
2
6
4
5
3
17
8
5
1235
7
2
1
38
01
7
5
1
4
11
9
1
8
2
4
70
87
4
6
3
46
5
46
2
7
7
2
1
3
9
2
2
9
5
7
7
8
4
6
0
25
9
2
7
7
5
0
8
0
1
6
4
74
1
5
0
1
7
51
2
7
3
6
1
0
2
7
3
5
4
8
89
772
6
5
6
0
4
5
0
4
5
1
6
79
897
8
6
64
9
8
4
7
6
7
2
4
1
4
0
3
0
1
4
4
3
33
9
7
0
6
8
3
8
0
1
6
3
07
8
3
08
6
02
68
25
4
4
9
5
7
74
8
6
4
2
6
1
0
5
2
75
4
3
6
9
90
1
8
2
6
3
6
1
9
6
3
8
47
0
0
31
5
42
6
5
6
0
3
6
6
746
7
5
9
6
8
6
8
2
7
3
1
3
1
4
9
1
7
7
1
90
16
099
1
9
9
2
3
6
0
9
2
7
57
80
76
9
2
025
6
4
6
8
7
7
0
9
6
9
6
5
1
0
47
2
95
1
05
0
1
2
1
1
5
61
0
1
0
7
7
8
70
1
0
7
1
7
3
6
7
0
745
9
7
2
45
4
7
43
3
2
0
4
0
8
7
5
7
05
7
3
2
1
6
1
8
452
6
7
4
7
42
7
0
8
6
93
6
0
4
3
3
6
9
7
3
0
9
6
5
88
27
8
1
3
31
1
0
24
79
07
9
8
8
1
8
3
5
8
71
5
7
9
753
9
6
7
4
7
8
0
63
5
1
4
6
8
7
7
1
7
4
1
7
3
2
0
00
38
9
7
5
2
1
0
7
2
11
3
2
93
4
58
6
21
0
0
1
8
2
1
6
7
0
4
5
89
0
37
3
8
0
1
2
86
3
1
7
7
55
9
9
7
6
0
5
4
3
2
3
1
36
8
0
4
9
64
9
57
8
5
8
2
6
7
3
0
2
1
8
95
3
6
7
5
6
7
1
793
4
8
6
5
8
5
8
8
1
9
5
37
5
8
6
9
4
2
4
9
4
7
3
3
5
0
2
1
7
4
4
0
0
8
6
6
9
5
3
7
9
3
43
0
2
2
8
9
4
6
4
1
16
4
3
8
0
9
0
5
07
6
8
3
3
82
9
1
8
4
857
2
2
245
5
0
7
4
2
4
6
5
245
3
0
3
7
9
6
0
1
8
7
37
8
9
2
7
5
9
6
8
4
4
0
1
8
0
2
0
5
0
02
47
6
9
96
4
9
4
5
9
76
9
0
5
3
7
6
0
01
1
5
7
8
8
0
0
0
5
4
7
3
3
80
9
38
3
5
6
0
4
5
2
8
6
8
7
9
5
4
5
47
4
2
2
3
9
45
9
7
0
66
8
4
8
2
7
1
08
1
5
52
1
8
8
5
82
1
0
0
5
7
3
85
3
8
0
2
4
4
4
4
2
6
9
6
0
1
0
4
39
53
2
7
6
9
0
2
8
5
3
2
1
9
5
91
28
7
7
0
1
8
0
4
4
2
6
6
0
6
8
4
92
82
1
0
9
0
4
6
4
6
7
7
1
9
1
465
9
2
6
4
7
6
0
4
9
9
3
7
3
5
7
4
99
7
5
7
30
9
3
774
5
18
9
07
03
79
11
7
5
5
4
4
9
8
7
7
3
35
63
9
9
79
04
3
0
2
0
2
3
23
0
5
3
8
8
3
4
90
35
0
0
4
6380
8
9
609
2
9
0
9
2
4
3
9
0
90
2
5
7
78
7
9
3
0
5
0
8
8
8
50
1
913
5
93
5
5
0
3
8
0
8
80
1
5
2
476
4
0
6
1
7
3
5
6
3
1
19
2
6
3
4
8
9
7
2
4
242
1
3
2
0
102
8
9
96
7
6
0
9
5
2
5
241
9
0
8
7
8
3
0
0
0
6
5
8
34
8
3
2
5
8
5
81
7
39
6
3
0
5
3
91
1
9
8
9
4
25
1
3
9
46
4
3
6
6
9
2
8
7
1
4
59
3
93
1
5
3
1
8
1
1
9
7
48
34
31
34
3
0
7
7
08
8
6
38
4
7
6
7
0
8
7
8
1
9
3
4
5
7
46
0
4
0
1
3
2
988
9
0
1
4
9
4
2
4
8
5
3
6
0
4
4
9
2
7
4
8
44
4
9
83
0
6
0
2
9
7
3
51
9
3
9
8
2
1
4
1
4
4
9
1
4
9
9
9
9
0
7
2
79
4
1
1
8
4
5
6
7
4
6
4
5
8
9
3
0
5
8
8
5
39
1
4
4
2
9
040805
5
6
80
6
7
1
3
1
0
8
7
6
5
2
5
9
1
8
0
4
8
1
191
2
3
1
7
6
0
9
2
4
2
5
7
2
6
1
3
1
1
2
9
3
8
61
6
9
9
3
6
00
76
5
4
17
2
4
4
5
1
9
0
0
1
8
31
2
1
2
7
9
9
9
5
2
2
2
4
6
5
8
08
967
2
7
9
2
7
4
7
5
0
3
8
4
82
6
07
85
6
4
3
0
8
1
1
1
9
5
7
31
0
4
8
8
4
4
8
3
1
3
34
3
42
3
254
8
9
0
9
5
91
5
6
9
7
4
7
9
54
9
79
97
2
8
0
61
80
4
719
4
3
2
5
8
3
20
69
6
43
7
2
8
6
080
6
8
3
6
1
1
0
0
0
8
2
779
4
9
7
3
6
4
6
6
5
8
4
1
5
2
8
4
9
1
4
0
4
9
0
8
6
6
5
6
8
4
0
8
6
9
8
4
7
1
4
3
1
13
3
1
3
7
5
1208
5
2
2
8
4
3
5
8
1
8
2
68
5
2
1
2
1
1
3
9
7
7
3
7
0
246
83
6
5
5
5
9
3
6
0
55
6
6
5
11
4
1
303
7
37
5
36
4
1
2
1
1
9
98
3
4
2
3
5
7
0
8
6
9
04276
6
7
153
9
3
7
5
6
8
0
5
7
19
8
41
9
2
9
0
9
4
8
1
23
8
01
4
2
9
5
64
8
6
2
6
5
32
3
2
9
0
4
2
788
4
8
1
3
9
3
5
1
69
4
3
2
0
85
4
2
2
2
90
7
6
8
7
5
13
2
91
6
4
2
5
39
3
4
7
3
5
2
7
1
7
851
39
4
7
2
0
4
2
8
3
6
8
7
9
3
3
7
5
4
7
6
2
2
9
4
8
5
6
1
7
6
77
0
9
9
0
7
93
3
7
9
3
7
9
9
31
7
9
7
2
7
5
8
1
4
4
2
3
2
4
8
53
2
7
41
3
9
4
3
451
4
4
9
5
33
1
12
9
90
3
8
9
5
8
0
4
4
85
26
7
5
83
8
2
8
3
3
7
0
9
1
5
6
3
2
7
4
23
0
7
5
5
4
2
1
8
6
3
5
85
7
534
1
0
6
8
4
3
2
66
6
4
7
1
6
5
29
5
7
83
5
2
5
17
1
6
1
2
7
0
8
4
8
43
3
2
6
5
57
5
9
2
7
1
2
43
6
5
0
2
3
7
8
8
9
6
5
5
0
3
87
7
4
9
2
1
5
0
0
5
8
7
0
0
89
6
8
019
7
4
9
7
4
2
7
4
44
8
9
0
4
7
6186
33
8
6
6
1
8
4
32
1
7
9
0
32
1
5
1
6
2
9
2
78
1
0
9
2
0
8
3
3
4
9
2
3
1
7
5
3
1
2
2
5
4
43
0
4
9
6
5
12
2
1
1
8
2
2
7
7
8
2
0
6
82
0
0
0
8
21
8
3
05
85
13
9
5
85
6
8
49
2
85
2
4
0
2
24
4
2
4
6
8
221
9
4
4
8
4
3
3
6
8
87
69
2
7
6
89
5
53
9
4
8
2
4
1
4
3
3
76
7
1
9
0
8
6
5
4
0
5
5
5
5
2
3
0
5
2
1
8
4
5
05
1
3
1
9
5
6
86
9
05
273
5
1
5
8
1
2
9
6
0
5
87
0
85
12
6
9
4
9
8
3
1
5
28
2
9
9
85
5
4
2
7
2
9
0
1
1
6
6
0
0
32
1
9
0
6
2
9
5
3
4
3
8
2
6
3
2
8
6
72
0
0
29
9
5
2
5
8
4
0
1
3
0
0
7
9
9
8
1
9
1
4
4
9
7
3
81
3
0
9
4
47
13
1
7
5
4
60
6
0
3
7
8
53
3
6
4
4
0
2
5
1
6
3
1
8
3
6
6
5
2
8
6
4
4
96
7
0
1
2
7
0
5
2
0
9
8
0
7
6
6
2
2
2
5
5
6
1
3
7
8
7
8
554
71
1
2
3
0
288
48
63
1
9
37
7
1
4
2
9
7
8
580
8
5
4
3
3
7
62
6
4
9
4
6
2
2
8
4
8
6
5
8
1
508
5
4
1
4
1
5
34
0
6
4
99735
2
0
8
4
9
7
2
3
6
4
0
5
7
9
2
42
0
1
49
6
6
4
4
70
0
73
4
9
6
7
8
1
9
2
76
5
4
51
0
5
9
5
86
1
9
3
8
8
77
4
9
983
0
1
8
30
7
6
6
28
27
1
0
4
3
0
5
9
4
7
541
9
8
4
0
01
0
3
1
2
4
3
6
9
2
8
0
82
2
3
1
3
0
8
7
5
940
7
4
8
8
93
19
1
3
7
480
9
8
2
1
4
9
2
1
5
9
8
8
62
32
8
6
8
1
7
38
8
1
1
0
5
53
1
49
3
0
4
4
5
4
26
8
1
4
1
1
6
8
2
9
9
4
3
6
1
9
8
7
3
3
8
7
2
6
9
5
7
4
2
9
9
9
1
1
5
2
4
3
9
28
82
6
6
5
3
5
1
1
9
95
53
8
0
6
4
4
2
7
27
2
7
3
64
0
8
2
7
8
2
0
0
8
9
0
3
2
0
9
9
9
1
9
0
51
6
6
2
3
5
56
5
5
6
3
0
7
9
4
1
8
0
1
60
07
3
3
4
3
5
4
7
0
6
8
7
0
2
9
3
1
6
8
5
6
3
6
0
2
5
1
0
9
3
18
8
76
85
60
3
7
0
0
7
95
2
6
0
6
7
8
8
1
6
1
3
448
1
3
6
3
1
5
8
8
00
4
5
6
2
6
3
6
9
6
6
6
0
0
3
5
4
8
9
3
33
5
6
9
0
6
40
6
6
0
7
5
24
8
930
3
0
7
3
1
7
4
6
8
02
1
8
6
4
2
7
3
4
8
4
8
5
6
7
9
5
8
8
4
7
2
5
9
9
1
676
1
9
9
77
4
7
74
9
72
9
23
4
6
7
72
1
4
72
8
3
8
8
6
77
4
1
7
39
3
53
3
1
12
5
8
9
4
962
779
9
9
2
2
0
66
2
7
6
15
08
4
7
9
3
0
2
6
3
9
5
3
6
5
62
9
5
9
2
0
4
2
0
1
9
16
7
5
77
2
6
8
5
9
6
2
6
9
0
2
1
2
7
2
3
7
7
6
7
5
9
5
5
4
3
89
1
7
5
2
8
4
9
68
1247
0
89
1
764
9
79
6
2
6
18
5
8
7
6
0
88
41
28
5
6
1
8
290
1
29
4
8
5
0
66
2
8
0
2
2
3
9
4
85
7
6
1
4
5
60
6812
4
6
5
8
7
4
0
21
5
4
88
5
2
0081
3
1
29
7
8
01
0
7
2
2
3
0
7
4
9
3
1
778
14
1
1
03
8
87
8
7
7
6
2
2
4
5
7
0
4
4
50
5
7
8
8
9
4
7
82
8
1
9
5
2
2
9
82
4
8
8
6
0
9
6
0
3
6
7
1
4
6
7
1
0
0
9
0
5
5
9
3
0
1
3
7
4
2
3
5
0
1
8840
7
36
7
2
7
9
4
0
16
8
4
6
4
5
89
7
88
7
8
7
0
3
2
2
3
7
3
63
83
4
0
1
69
5
5
4
9
3
8
32
4
3
4
8
88
1
8
8
2
13
2
40
86
4
1
5
8
5
2
8
92
2
5
8
8
2
5
8
5
62
9
6
2
3
639
0
13
0
09
84
7
0
5
1
9
1
21
7
6
6
1
2
3
2
1
8
1
8
5
2
8
4628
8
2
2
6
8
6
9
0
2
5
6
4
6
8
685
0
73
8
60
6
82
2
3
1
9
72
1
6
3
0
4
43
3
83
16
3
3
4
9
3
3
2
42
827
04
22
54
31
1
11
9
5
5
83
63
0
17
1
2
84
6
5
84
24
8
2
7
0
1
6
1
69
4
6
0
2
5
2
0
3
7
1
6
313
7
2
29
3
9
1
8
44
1
5
50
93
0
9
7
8
1
0
5
1
3
7
3
63
0
7
2
3
79
7
1
95
5
5
3
3
9
5
5
9
7
2
2
5
9
2
3
6
9
3
1
84
7
5
5
7
4
8
4
0
9
3
063
4
6
2
5
6
9
4
9
3
2
3
0
50
6
6
7
3
6
3
81
6
9
5
9
9
6
4
1
9
0
0
07
52
1
05
9
92
0
497
2
4
4
5
9
3
1899
0
1
7
4
56
9
7
23
79
70
5
6
2
8
55
1
81
92
0
4
3
6
3
3
4
5
8
9
2
83
9
9
8
7
9
0
6
9
6
5
2
7
1
6
9
2
4
6
6
35
8
0
2
6
0
0
4
3
5
12
6
30
3
2
2
0
1
23
6
968
1
9
7
2
3
4
01
3
4
5
1
3
7
2
1
5
72
6
7
4
1
1
7
8
4
8
3
42
2
17
2
2
1
30
5
7
8
0
5
2
8
9
6
9
431
6
2
1
1
1
9
9
8
24
4
5
1
6
0
1
5
1
6
0
1
2
2
4
00
6
7
4
7
1
1
2
9
158
3
2
4
9
82
3
5
7
77
3
3
38
3
2
12
9
4
3
9
9
3
5
8
9
5
73
7
0
4
2
0
7
5
61
3
3
5
9
8
1
8
1
59
2
6
8
6
7
1
3
7
3
2
2
0
0
1
4
4
62
3
4
6
3
01
4
4
3
4
5
2
4
0
4
78
8
76
9
8
8
1
4
4
5
6
89
43
2
960
7
1
7
4
1
59
8
481
2
8
4
2
2
4
3
0
7
9
1
7
2
1
2
3
724
3
3
7
1
8
56
2
6
04
55
8
8
400
8
3
88
24
9
94
6
7
4
7
5
86
9
2
2
3
2
2
6
3
4
0
7
8
5
6
1
6
1
1
4
1
0
6
8
3
7
9
50
5
7
2
5
9
4
13
7
5
0
6
1
99
8
9
22913
2
4
8
51
1
2
8
9
3
1
45
74
4
0
2
4
2
9
6
5
0
5
9
8
0
8
8
2
2
7
3
8
8
5
49
1
8
74
4
6
3
8
2
41
1
02
7
2
2
8
4
1
8
9
0
91
7
1
0
3
5
3
97
6
4
82
8
5
9
8
0
6
08
77
2
86
4
9
6
6
5
7
8
29
4
8
1
4
7
4
4
2
9
2
2
0
8
0
4
5
6
0
6
5
3
5
4
3
2
0
067
0
8
81
4
8
1
4
9
4
4
3
2
4
40
9
1
7
6
0
6
1
3
7
3
9
6
30
3
61
9
2
1
0
9
2
4
6
5
5
1
5
6
6
7
2
9
0
12
1
1
80
5
2
2
2
7
0
5
4
2
6
1
1
8
1
3
9
8
9
1
5
3
9
9
7
0
8
47
9
8
7
9
1
4
1
92
8
8
1
9
6
1
2
9
1
1
5
90
0
3
0
0
5
4
3
2
3
5
6
25
8
9
90
6
7
8
26
10
5
570
6
08
6
4
1
5
0
2
93
1
7
9
9
6
1
3
0
5
2
1
2
4
2
4
0
4
7
91
9
8
8
9
3
7
5
9
87
2
07
5
2
3
6
18
08
5
0
0
6
0
02
3
2
8
5
8
3
9
1
7
6
1
3
1
1
6
3
1
0
6
8
7
8
4
6
9
6
8
3
2
8
2
75
1
5
2
4
9
71
0
1
8
0
60
1
4
3
0
2
1
2
1
5
9
2
5
61
0
6
0
9
51
0
7
2
4
3
8
7
08
5
0
885
2
6
4
4
7
4
7
5
826
0
0
7
5
3
7
8
0
1
2
1
6
1
3
78
07
7
5
0
8
5
4
7
0
9
7
3
32
5
4
6
1
10
318
7
5
8
7
8
3
96
6
0
8
3
4
7
75
7
31
1
3
2
8
9
8
1
82
5
7
1
8
5
8
2
0
4
4
4
5
1
7
0
2
5
6
1
6
9
8
9
57
8
3
6
5
1
0
9
0
6
771
7
33
4
5
5
7
4
7
6
9
8
5
3
415
4
2
6
0
9
1215
9
2
5
9
68
3
57
8
4
7
9
1
0
5
5
17
1
8
34
3
2
7
6
2
3
5
1
8
4
1
9
0
2
6
7
5
5
0
72
3
5
3
4
9
2
5
14
3
7
6
0
00
1
40
5
0
0
2
5
8
6
9
8
5
1
4
1
8
47
4
4
80
7
6
4
31
4
2
7
1
4
2
90
3
8
4
96
2
1
7
7
7
5
0
47
9
4
2
8
8
6
1
5
8
4
5
9
14
33
7
3
5
9
9
9
8
7
8
5
3
4
5
4
5
9
5
8
4
0
8
93
9
48
1
7
7
7
7
1
4
4
54
5
4
33
1
01
635
6
2
3
3
42
6
9
392
9
5
6
5
4
27
02
9
4
9
8
3
1
5
9
9
83
9
1
9
1
9
1
8
6
3
9
5
65
8
3
9
9
3
1
5
39
9
4
7
5
7
33
1
8
7
8
4
3
7
4
3
7
2
94
6
0
1
8
5
3
3
7
7
9
3
9
4
0
7
6
8
1
4
0
9
3
86
1
7
0
65
1
2
0
5
49
44
93
5
7
4
2
4
7
3
5
5
0
0
7
0
1
9
1
9
3
3
0
7
4
5
5
0
5
0
18
4
1
17
7
7
86
3
2
8
3
1
2
5
6
341
1
8
3
2
6
61
98
61
64
7
0
71
7
6
7
2
3
3
2
98
9
0
8
664
3
7
6
5
4
0
3
1
6
2
715
3
1
1
3
4
6
42
5
0
3
0
05
8
7
7
8
6
7
0
0700
9
9
9
0
75
0
11
1
1
3
2
90
5
25
9
0
6
9
91
6
55
5
3
4
8
8
7
0
84
9
2
1
7
1
7
0
0
00
32
2
40
0
6
9
7
2
0
3
97
6
3
1
9
70
8
1
1
2
0
4
5
4
8
2
2
4
8
5
4
9
2
6
3
8
3
1
9
9
5
7
1
0
2
1
1
0
2
7
2
8
8
4
3
2
0
3
4
7
2
3
0
3
9
5
2
1
5
3
2
7
6
0
9
4
4
1
1
62
0
1
0
309
0
17
7
6
4
8
7
8
4
6
4
5
5
4
1
6
4
7
1
2
4
3
8
6
1
8
4
0
8
58
1
0
2
5
11
3
6
6
46
5
1
6
3
3
13
4
3
65019
3
47
9
5
1
4
2
5
9
5
1
1
5
2
3
0
3
2
4
7
0
3
6
6
7
27
7
1
6
7
1
4
2
7
7
8
54
2
9
9
0
4
1
3
1
6
3
8
6
5
2
4
90
5
6
1
53
9
0
3
7
2
0
7
2
4
7
4
7
3
0
1
2
1
1
3
18
5
5
3
70
2
4
7
4
7
44
7
4
9
0
7
8
2
1
5
6
4
59
1
32
6
6
6
9
6
9
2
3
9
3
8
5
3
4
2
915
2
3
8
8
86
6
2
0
1
8
0
9
8
9
3
0
0
9
0
1
8
2
2
6
6
4
7
6
0
4
01
9
0
3
1
97
5
4
8
8
0
1
1
9
9
3
0
4
0
8
2
6
5
7
7
92
6
8
09
3
5
1
998
9
9
2
0
5
4
1
1
3
5
7
9
42
3
6
3
9
6
8
7
4
3
0
7
8
3
4
9
0
4
4
1
3
8
0
4
4
8
1
7
3
82
1
1
2
4
6
9
0
4
3
8
4
8
0
4
2
72
1
0
7
0
9
9
3
9
4
9
362
4
5
68
4
0
6
5
20
57
6
81
2
6
3
12
3
4
0
50
63
2
2
8
7
1
9
0
0
3
2
9
5
0
3
3
9
6
4
0
5
009
8
36
19
76
2
5
65
2
0
3
9
8
9
9
9
6
2
7
2
8
5
05
7
3
0
9
45
8
3
3
3
7
5
1
95
1
5
15
6
6
4
9
3
9
01
7
75
6
61
6
5
6
2
8
2
4
9
75
9
4
1
03
7
6
5
1
0
0
2
3
0
8
9
0
8
5
9
48
88
2
3
5
2
3
9
2
2
0
0
8
8
48
0
1
8327
3
30
9
339
6
3
5
5
0
2
8
35
9
6
1
2
2
7
1
55
6
7
3
7
89
1
0
7
4
65
6
1
8
0
7
9
8
9
8
1
9
4
1
8
2
4
2
7
7
5
5
1
7
6
1
1
1
9
4
41
1
9
1
0
9
7
1
0
8
6
0
4
9
5
85
8
0
2
7
5
9
9
0
2
1
4
5
9
8
8
7
2
3
5
2
5
2
9
3
3
4
8
2
4
3
45
1
53
23
1
0
6
7
8
1
571
7
4
8
0
0
9
4
0
6
72
6
35
1
8
8
9
6
01
38
2
0
7
2
3
9
9
6
0
8
1
9
2
8
5
90
50
5
0
1
7
7
4
4
3
9
7
5
03
7
6
4
0
36
7
1
5
0
33
7
3
0
2
5
9
5
7
3
8
0
8
32
2
7
2
7
5
06
4
8
4
2
5
2
3
1
0
3
9
5
24
6
3
1
28
7
7
8
3
6
3
9
0
6
7
11
1
7
4
7
5
185
4
9
7
2
67
8
8
1
09
6
5
1
3
73
4
5
6
2
43
1
35
2
4
8
1
2
1
8
9
7
9
0
2
2
59
0
4
3
0
5
6
6
28
2
008
6
05
3
72
9
0
1
1
0
3
4
5
9
6
0
7
4
0
77
2
8
2
1
91
1
1
0
2
9
3
7
8
7
0
7
7
0
9
6
5
6
0
9
7
2
1219
7
65
6
51
3
5
3
6
5
3
9
7
9
06
6
3
8
6
6
6
6
6
0
2
0
8
63
9
1
3
8
1
2
3
626
4
278
0
69
0
04
9
7
0
0
4
7
8
6
2
5
8
5
68
72
0
25
4
37
3
1
13
8
6
2
64
6
5
8
24
7
7
49
71
3
0
84
7
6
6
0
9
5
4
0
6
1
1
7
04
2
8
2
0
4
0
2
9
36
7
3
087
2
722
1
01
2
610
5
7
4
3
8
5
0
8
20
3
2
4
2
0
1
4
2
3
5
0
2
81
5
94
7
9
5
9
8
0
3
7
5
1
5
8
1
9
1
8
7
24
9
3
3
0
6
6
3
7
555
51
5
52
343
0
3
9
6
6
3
07
0
3
0
4
72
7
907
32
0
7
3
4
7
33
7
2
3
2
4
3
8
7
9
5
7
7
0
8
9
6
8
8
1
6
1
3
1
1
0
7
6
17
5
6
6
1
1
7
7
3
4
1
0
5332
4
0
0
1
4
9
9
2
9
1
5
0
7
9
3
7
8
9
10
8
2
0
7
7
1
5
8
9
1
7
9
3
9
5
6
7
0
2
3
5
6
2
0
4
7
11
9
0
3
0
10302
3
4
2
2
0
7
5
2
1
1
3
5
59
9
9
9
55
67
47
5
0
6
5
06
8
3
2
4
0
1
2
79
1
1
2
1
0
4
0
2
2
7
3
0
0
5
0
3
3
9
3
03
1
8
6
5
8
4
0
7
7
7
7
5
6
5
5
5
795
6
3
8
4
1
8
2
6
1
7
84
9
5
4
4
2
2
60
46
5
4
2
2
8
4
9
6
7
1
8
0
7
9
8
0
3
2
8
6
0
93
4
06
5
1
9
7
48
67
6
23
18
2
8
6
3
6
30
3
4
0
28
0
5
2
4
7
6
7
1
226
4
8
0
43
7
9
3
6
6
4
0
6
4
7
6
9
5
535
1
2
89
0
7
9
34
406
2
2
9
07
3
8
3
87
78
0
6
3
1
9
8
8
3
9
7
9
3
9
72
7
2
1
5
2
6
50
0
7
9
5
738
7
5
8
9
6
0
82
8
1
6
32
6
4
3
6
5
2
0
6
9
5
4
1
4
9
7
4
961
1
202
2
1
1
8
2
2
3
0
5
2
5
8
66
878
2
7
7
38
4
2
8
1
67
6
93
7
16
5
4
3
5
8
1
5
1
8
90
9
2
0
63
7
160
9
1
7
4
75
8
4
5
3
7
7612
9
8
50
78
3
1
23
1
7
5
6
163
24
5
6
1
2
0
5
6
6
4
9
4
9
5
0
0
0
0
6
9
8
40
5
1
0
1
95
5
5
6
6
3
1
9
8
25
2
2
9
3
1
9
5
30
6
7
1
5
3
2
7
16
44
16
2
9
23
3
5
13
173
6
5
26
0
50
0
2
3
1
77
1
9
5
9
05
4
2
5
5
2
4
9
4
2
2
5
8
8
4
8
3
4
0
7
0
2
92
2
0
7
5
06
6
7
7
1
4
2
6
927
0
3
5
7
5
5
7
957
2
7
3
0
9
33
9
5
8
8
0
5
2
7
3
8
2
4
0
8
5
18
8
7
0
2
2
3
8
5
97
1
8
7
99
3
20
2
4
7
9
0
1
5
7
65
0
6
32
4
7
6
09
0
9
3
6
1
0
8
5
7
320
0
8
9
0
8
2
5
9
0
6
3
2
3
7
4
5
6
4
9
5
7
1
82
3
8
3
491
7
7
4
47
4
2
42
3
39
2
2
6
9
7
9
76
9
5
1
9
67
8
0
4
0
4
3
7
75
3
2
7
2
0
9
8
9
4
1
3
8
5
2
0
9
2
3
9
4
2
5
1
66
1
0
0
5
6
4
7
6
3
0
7
8
8
2
20
1
2
9
1
2
00
8
8
2
9
3
7
1
2
1
3
8
3
6984
3
5
022
5
6
17
04
28
21
6
3
8
6
8
1
7
5
9
60
5
5
6
14
2
3
46
4
3
8
7
84
5
5
6
6
6
01
0
5
0
4
7
118
2
58
3
3
7
6
5
1
2
2
64
9
2
5
0
4
4
0
4
4
6
5
4
14
4
7
90
7
1
4
7
2
3
6
3
3
0
7
2
0
8
8
167
2
4
8
0
5
9
2
8
79
3
2
8
5
7
5
4
12
9
6
1
5
8
8
3
6
8
1
2
5
9
6
7
7
39
2
3
3
34
03
66
52
94
51
8
9
4
4
3
7
0
8
40
1
7
3
4
3
8
2
0
1
89
9
7
3
8
3
47
7
0
6
6
3
5
2
9
5
4
32
0
05
9
4
4
4
09
8
6
0
0
2
9
7
6
1
8
0
22
2
5
70
4
5
7
11
7
6
1
1
2
4
0
2
8
4
6
8
3
0
0
3
7
1
2
9
9
7
3
4
2
3
2
6
2
4
1
1
3
8
7
1
9
0
8
6
58
52
3
9
0
6
3
2
8
6
2
4
6
36
8
7
1
3
71
5
6
2
7
80
12
52
5
8
6
3
5
3
5
6
2
5
0
8
5
04
9
9
9
0
2
7
2
8
7
7
7
6
3
1
3
7
6
4
4
05
8
5
8
3
4
2
85
5
5
9
7
09
6
4
01
0
7
8
3
7
8
2
6
1
3
1
16
6
69
6
8
7
0
0
0
2
5
5
0
7
0
9
99
8
4
9
53
6
0
8
9
6
6
52
0
2
9
8
2
7
1237
8
9
10
8
9
0
4
1
3
26
0
38
2
7
6
15
8
1
2
5
4
4
6
3
3
8
4
7
5
12
4
56
9
3
1
1
33
3
1
6
2
0
7
2
4
83
3
6
8
4
7
0
1
9
6
6
3
0
5
64
3
4
0
1
6
7
1
7
9
5
1
3
43
0
5
38
6
3
9
2
19
2
0
7
4
0
7
9
3
99
7
9
3
8
8
3
2
56
7
14
2
0
2
1
5
4
3
9
8
3
6
3
5
9
7
0
6
2
0
3
6
0
5
4
8
7
7
0
2
5
7
1
1
1
6
6
2
8
2
6
4
9
0
2
3
523
6
9
8
17
9
7
66
6
5
5
8
0
6
5
8
80
6
8
0
5
7
5
9
5
8
9
1
1
9
93
9
9
7
7
87
7
11
10
9
0
5
9
5
0
9
1
6
4
5
0
6
24
79
4
3
7
1
4
7
4
0
7
3
0
5
5
1
0
0
6
3
3
2
05
6
5
4
6
8
1
3
8
36
6
1
6
28
8
18
4
9
87
8
1
215
7
5
1
03
5
1
86
1
9
5
0
282
2
4
0
3
1
9
44
4
28
7
3
47
5
8
8
0
5
5
5
65
0
8
95
0
2
7
03
1
4
2
1
3
4
3
23
9
4
09
0
13
7
6
6
4
1
6
0
6
9
9
4
1
0
0
535
4
2
3
8
88
2
4
04
5
1
4
0
1
3
4
1
1
2
5
8
1
4
8
8
3
8
89
09
93
2
1
9
7
4
0
4
2
348
6
4
96
2
3
4
5
0
7
9
8
4
3
6
9
8
9
3
3
3
6
4
7
3
95
4
2
6
0
7
06
7
88
2
3
3
3
1
6
22
1
4
7
0
54
6
1
9
90
0
08
6
57
6
796
79
7
7
2
5
0
9
9
5
7
5
4
56
9
5
1
4
7
4
4
4
7
0
3
3
9
8
9
3
6
4
6
7
4
1
4
7
3
3
92
7
1
9
1
2
0
7
4
2
4
6
8
9
9
01
5
8
4
0
2
86
9
0
7
84
4
1
2
0
2
9
2
16
2
1
1
1
5
7
6
6
4
1
0
8
1
0
55
8
1
4
1
5
1
4
3
4
7
6
0
2
5
4
0
44
2
0
3
8
014
14
3
0
6
90
9
248
1
1
3
8
2
52
7
4
39
33
8
1
26
3
8
1
9
6
2
85
1
6
2
9
1
4
8
95
6
9
2
2
1
0
7
12
1
9
1
4
1
4
7
6
9
5
3
6
6
3
86
31
961
3
4
8
1
5
0
3
2
5
7
2
6
0
9
9
7
7
8
0
5
1
6
3
42
4
7
0
2
8
0
8
9
9
2
313
66
25
2
949
08
8
98
6
7
6
5
60
2
9
36
5
9
1
5
2
2
3
6
9
4
7
17
3
1
12
4
63
2
9
4
88
1
3
9
9
6
1
8
26
7
2
3
6
0
81
10
36
5
7
4
349
8
2
1
9
7
8
6
9
2
6
1
9
8
8
49
4
7
9
4
1
6
6
3
9
7
5
0
1
9
3
5
74
22
7
9
43
50
8
1
3
1
7
09
71
0
9
6
4
0
0
02
6
08
4
4
5
9
3
9
8
9
6
7
1
79738
2
3
9
48
7
89
9
0
7
7
4
59
50
3
88
8
9
4
29
1
0
3
7
8
2
99
0
3
5
5
6
8
61
3
6
18
9
8
3
6
7
3
0
61
4
2
6
1
5
4
62
5
1
5
3
9
6
7
93
6
4
0
7
4
4
1
3
65
88
8
0
4
9
8
4
3
1
1
74
5
4
2
1
0
9
5
6
6
46
9
6
3
0
5
9
8
2
1
9
31
9
1
3
5
1
03
0
5
9
1
9
2
4
1
4
4
1
2
4
2
7
2
4
29
54015
2
05
1
6
3
7
1
49
1
7
4
2
2
3
6
0
1
4
0
2
8
3
6
8
8
58
9
3
6
3
4
7
8
23
7
5
2
0
2
97
1
0
6
2
1
9
7
8
5
3
2
5
2
5
06
2
7
8
4
15
7
2
2
4
6
29
7
5
1
0
6
8
9
7
09
1
6
6
5
9
7
8
59
8
44
1
8
8
74
5
99
8
7
7
4
4
3
2
7
2
1
0
2
1
1
8
4
9
93
4
3
4
0
9
6
3
2
3
6
83
13
1
0
3
9
5
7
3
5
3
4
4
0
37
6
4
9
5
7
9
4
8
7
8
5
01
6
2
8
4
14
1
32
6
82
6
4
1
0
1
2
2
2
9
9
4
4
3
6
9
7
7
4
8
4
3
3
9
7
0
6
1
5
1
3
4
2
9
5
6
8
41
5
9
1
9
8
7
8
9
5
2
3
16
4
8
8
55
5
87
7
3
2
9
0
6
369
79
3
1
5
3
5
55
0
9
0
9
6
3
8
3
4
2
8
71
7
1
996
5
8
2
6
3
0
22
7
7
7
3275
1
6
1
3
6
9
7
3
8
8
4
93
5
6
29
3
0
2
9
9
3
21
5
9
9
96
5
2
92
62
3
6
8
7
1
9
6
4
5
7
2
2
6
5
5
132
9
5
9
0
3
5
40
7
75
7
46
9
8
6
5
1
2
8
9
8
6
16
8
9
861
7
5
2
76
5
4
0
8
6
4
7
9
9
7
8
6
4
7
0
2
1
4
6
5
9
6
9
5
1
8
3
7
6
5
6
2
81
9
1
3
7
28
9
2
3
440
8
6
4
8
7
0
5
1
4
73
5
2
1
5
5
7
4
7
1266
2
7
3
4
86
6
9
08
7
7
8
3
5
0
166
6
4
4
5
0
0
4
2
6
3
7
0
0
9
1
5
2
5
0
0
5
2
53
1
4
6
3
7
3
9
6
4
9
8
95
7
4
5
6
98
7
6
04
3
4
6
2
1
7
5
75
00
9
6
9
629
0
5
7
8
2
5
1
4
69
6
4
6
4
0
8
8
8
5
5
5
5
3
7
8
0
2
49
8
6
0
5
3
37
1
2
6
6
5
9
5
62
9
6
4
3
32
4
2
5
7
2
7
7
3650
022
5
8
8
4
8
0
3
17
5
0
0
2
32
1
7
22
63
33
2
1
1
3
6
43
5
6
7
1
6
2
8
7
1
6
4
3
8
6
2
7
9
0
7
55
8
2
2
5
3
5
7
5
82
9
3
4
9
3
0
1
4
1
71
1
2
3
3
5
02
4
6
7
476
4
7
43
8
0
2
7
1
9
2
5
8
1
58
2
8
8
5
62
9
8
4
0
94
9
3
3
8
9
0
9
1
8
8
7
8
7
19
1
6
6
8
4
3
96
4
9
1
7
4
5
2
8
9
2
4
7
8
7
2
6
8
1
8
1
5
2
38
56
9
3
6
3
7
9
0
6
36
4
7
6
827
78
0
4
9
9
1
72
2
5
8
8
5
1
7
3
3
8
2
4
60
2
68
85
0
09
4
8
24
6
3
78
3
17
1
14
7
5
3
2
1
2
2
4
3
5
6
11
417
21
5
7
6
6
05
057
2
1
3
433
7
57
55
95
84
1
7
4
4
7
7
92
8
3
7
7
9
0
7
1
5
4
0
61
1
2
1
0
5
2
4
0
7
51
6
2
7
2
1
33
0
5
4
5
1
2
56
5
4
4
2
4
32
3
4
4
1
4
6
1
9
8
77
70
5
5
3
25
8
6
03
97
2
1
3
19
11
4
7
5
4
0
4
80
2
9
2
00
0
1
2
8
4
4
8
5
0
9
2
1
0
5
6
5
0
5
861
7
2
8
16
4
4
0
0
6
2
7
6
8
8
7
5
6
4
4
9
7
3
3
3
7
5
9
1
6
2
1
9
6
0
9
7
2
8
0
9
4
45
3
4
5
2
7
89
0
1
3
92
6
02
58
5
3
8
3
8
0
4
0
7
6
74
2
39
3
6
8
1
2
7
2
0
6
5
6
9
7
5
40
2
1
7
5
7
2
4
8
5
8
1
21
1
7
2
4
4
0
3
4
1
79
0
6
0
1
8
7
9
0
53
37
9
8
5
4
6
7
7
89
7
5
2
86
5
4
85
2
1
2
1
9
6
6
9
1
0
4
0
003
9
9
5
7
92
7
9
6
62
1
0
477
8
43
5
0
3
0
9
5
0
7
56
6
9
9
6
0
4
7
66
9
39
6
13
63
0
93
9
4
0
0
920
6
7
7
3
6
8
7
2
8
3
8
46
9
1
2
2
0
4
9
1
4
5
8
7
1
8
4
3
1
5
4
70
7
3
4
64
27
54
8
900
9
58
4
5
164
4
1
9
6
9
4
7
548
9
8
3
0
3
3
5
48
7
4
0
7
8
2
796
6
1
2
4
5
0
2
1
8
1
2
42
45
5
18
7
2
130
13
4
7
0
07
4
0
4
9
0
4
75
3
8
8
6
0
6
5
6
9
3
6
2
6
7
5
4
6
26
2
8
26
4
6
6
8
8
6
1
24
4
0
23
50
4
5
48
2
26
8
6
1
5
1
2
6
8
7
7
24
7
6
5
0
7
2
0
2
3
0
1
7
7
6
3
2
9
4
6
4
0
7
08
7
0
8
8
1
3
5
1
4
1
92
2
1
5
1
6
0
92
9
9522
8
8
0
2
1
15
7
1
9
1
0
1
0
3
4
27
1
8
8
4
2
2
760
88
1
4
9
7
2
2
2
2
1
9
3
3
0
8
6
9
0
6
8
5
7
6
9
1
5
8
9
71
3
5
7
7
6
8
9
7
0
6
3
9
0
4
8
6
3
5
5
9
8
0
43
4
2
6
4
7
6
8
1
66
85
4
8
07
3
1
6
7
1
1
1
7
8
19
2
0
8
9
4
9
2
960
0
92
8
5
4
5
7
3
41
1
5
6
39
5
8
1
7
92
0
8
7
52
4
22
9
1
7
5
1
1
9
0
4
9
5
8
49
24
0
9
20
7
8
3
7
2
4
09
8
5
3358
6
6
5
5
4
5
6
76
6
3
6
8
1
20
6
8
6
8
6
2
7
5
9
7
92
738
4
2
6
1
2
6
7
4
4
7
5
7
1
4
3
9
1
1
3
0
1
2
66
6
8
0
2
2
4
6
7
0
82
5
7
0
8
43
2
5
5
871
7
27
1
9
8
43
3
12
2
5
5
9
2
2
8
0
4
2
7
3
0
1
0
2
4
5
98
8
9
57
0
38
9
0
6
7
3
2
1
23
92
4
8
0
72
3
9
1
7
3
88
9
4
4
1
3
6
0
6
0
64
5
4
4
6
7
2
4
3
1
86
9
5
0
0
9
4
9
2
9
73
1
1
6
6
3
2
2
0
3
1
6
6
9
4
2
7
2
7
3
3
2
2
9
8
0
25
8
4
2
31
43
6
490
1
1
1
1
6
3
3
9
27
4
5
8
7
2
2
790
38
5
8
9
2
285
30
2
6
3
3
9
2
9
4
5
3
1
6
9
2
4
75
5
36
5
9
9
5
3
7
8
7
7
04
7
6
3
0
93
4
76
9
2
2
49
55
2
363
24
6
0
5
3
4
2
1
28
0
8
4
5
0
4
6
9
6
6
2
8
2
2
4
5
9
6
9
1
6
8
8
0
0
0
2
6
3
3
1196
6
9
8
9
6
7
4
3
9
1
6
3
04
5
6
9
5
0
1
1
7
89
4
8
7
0
9
62
3
8
3
4
044
5
6
1
6
00
4
3
7
0
7
5
1
3
8
1
3
1
8
4
5
82
8
0
9
45
01
21
2
9
0
6
118
3
7
4
38
7
4
3
28
0
7
1
8
4
5
0
0
7
0
6
0
9
94
6
2
0
8
7
5
00
5
9
5
8
1
1
4
6
1
1
5
0
80
3
0
23
4
8
6
0
4
5
7
4
1
2
32
8
6
40
5
5
2
5
30
4
6
5
4
7
1
9
9
9
1
1
1
8
1
1
3
1
19
4
92
3
1
4
5
5
6
0
0
55
6
9
4
8
5
0
3
4
8
269
52
69
6
0
8
4
5
6
4
3
1
5
4
4
0
6
6
2
6
7
9
8
0
6
1
8
0
7
9
5
1
0
3
5
6
14
8
8
3
77
9
6
4
9
6
8
5
7
6
5
1
3
716
2
9
5
31
2
9
11
24
4
9
6
8
2
50
9
9
8
3
2
3
4
3
3
6
1
3
5
5
3
9
5
8
35
3
1
7
9
70
7
2
4
0
5
7
8
42
1
4
9
4
56
1
0
3
9
42
1
4
27
3
1
1
2
8
1
513
98
07
09
17
9
3
1
4
7
670
8
9
7
1
4
5
9
0
1
3
7
0
8
8
8
5
5
6
7
4
9
1
8
0
9
3
2
97
9
8
8
69
4
8
2
7
77
6
6
1
8
4
64
95
4
6
2
2
2
1
6
7
1
4
2
7
5
0
2
2
5
4
8
8
4
2
54
6
1
0
7
5
9
8
4
03
56
6
3
7
4
47309
5
6
09
0
0
0
7
65
33
0
8
5
6
9
6
42
7
1
0
2
3
0
6
73
7
7
80
8
4
5
0
8
9
6
3
6
8
7
0
0
0
03
5
7
6
1
5
3
3
4
4
4
9
3
65
57
1
7
41
363
4
0
9
3
6
4
5
6
2
3
5
3
30
3
1
6
7
7
2
4
3
629
6
2
99
9
3
0
8
1
4
0
9
9
1
0
0
4
1
1
6
98
9
6
7
4
2
49
7
6
7
8
2
5
9
7
85
3
6
0
9
2
2
87
8
1
6
7
4
6
3
7
7
4
9
2
8
2
0
2
9
7
6
2
3
9
96
6
99
0
5
7
7
4
9
2
5
8
1
1
49
6
1
2
1
4
56
2
1
8
7
2
6
0
0
3
2
0
9
9
7
8
8
6
65
91
2
4
13
7
72
1
1
4
5
5
9
0
4
0
8
3
4
4
3
0
9
4
6
9
2
2
4
2
8
9
5
4
4
0
89
1
5
6
5
4
7
5
36
27
2
0
8
2
8
3
9
0
4
9
2
4
9
7
2
8
99
1
2
8
5
2
8
3
12
4
2
0
3
1
7
0
1
2
20
71
5
5
2
3
9
5
1
3
4
9
7
94
5
8
3
77
8
3
1
8
7
8
1
3
7
4
6
6
6
99
3
1
9
2
9
1
6
98
9
3
1
9
0
4
5
2
6
98
5
9
73
8
4
6
8
0
6
3
3
8
7
8
7
9
9
9
4
5
8
8
4
0
9
8
3
4
8
5
8
2
8
0
8
171
303
58
5
4
3
15
8
0
1
4
9
7
3
7
9
47
7
6
9
8
2
08
5
58
2
1
15
6
7
2
4
8
4
8
0
9
4
04
8
6
4
8
85
1
9
6
6
9
8
3
0
0
1
0
5
25
4
5
0
0
5
3
3
2
808
8
2
33
1
26
4
2
5
3
7
5
6
4
1
8
0
6
8
3
6
1
0
2
9
4
3
7
6
9
6
1
3
9
4
3
9
6
3
2
0
26
5
0
4
0
9
0
81
5
7
148
2
9
7
5
6
1
8
5
2
6
8
8
0
0
5
7
6
0
9
8
77
5
3
4
7
6
9
2
6
9
23
0
3
0
5
4
3
2
2
4
5
0
4
8
74
7
1
4
5
48
3
6
4
5
9
2
09
3
4
1
1
0
0
6
1
7
6
97
22
4
7
6
551
3
5
9
0
3
23
6
9
4
6
1
2
3
8
7
6
2
0
2
4
3
7
6
7
7
3
8
30
3
5
0
7
3
4
0
5
7
5
4
4
3
2
9
8
996
3
1
30
5
8
0
6
2
6
6
14
5
1
3
0
3
5
5
2
41
1
8
3
8
5
4
6
444
9
7
9
8
3
64
8
7
3
0
3
9
7
7
1
8
2
3
6
1
4
4
8
5
5
9
2
3
9
4
9
8
4
8
9
56
5
4
5
8
6
5
2
8
37
2
1
0
4
0
7
2
53
8
6
9
2
6
2
9
71
5
0
4
8
6
3
6
7
7
680
5
7
3
1
3
1
4
6
55
1
4
31
3
7
60
1
2
13
7
0
3
3
3
7
63
88
6
2
0
8
7
7
0
8
55
7
3
10
4
7
8
8
2
9
4
0
0
75
8
65
8
0
6
4
8
4
9
6
2
6
4
7
4
6
4
2
3
0
0
3
0
9
3
8
2
4
3
0
6
8
2
9
2
0
0
01
2
6
1
55
3
8
38
8
3
4
3
82
9
1
2
1
4
3
2
5
8
25
6
06
348
0
0
6
7
8
0
6
53
0
0
405
5
0
5
1
8
0
6
2
4
7
4
0
1214
4
5
0
0
61
2
9
2
6
0
6
7
1
42
7
4
6
1
5
7
5
8
9
0
7
0
6
6
8
0
2
1
6
1
9
3
2
4
6
9
24
6
8
0
6
2
94
82
9
6
64
1
6
5
7
7
9
1
9
2
4
37
4
5
0
7
76
1
3
0
1
3
8
1
44
9
2
3
8
0
0
4
06
4
0
6
81
8
1
5
7
6
2
0
1
9
47
8
94
8
9
8
6
46
2
5
9
7
5
1
9
0
4
5
5
6
1
9
8
9
6
2
1
5
27
2
8
5
3
6
2
9
0
7
6
2
9
8
0
9
7
6
6
0
5
1
2
9
0
7
3
3
4
6
6
1
6
5
7
4
6
7
42
7
1
5
7
6
3
7
9
3
1
53
0
2
40
04
8
8
6
172
5
7
3
7
83
4
8
4
8
6
15
5
7
3
1
8
0
0
0
87
6
5
4
086
3
9
53
6
6
6
4
5
9
7
7
7
8
7
23
0
3434
07
3
0
2
5
9
2
2
5
8
5
9
4
7
00
4
7
4
0
8
6
8
4
7
4
0
2
3
5
0
5
9
9
70
0
2
2
86
3
22
7
3
4
2
9
1
7
4
4
6
3
2
6
3
04
5
0
70
0
2
0
9
0
4
0
17
4
88
8
3
1
7
6
0
3
2
9
92
90
4
2608
4
8
1
6
4
8
8
92
5
9
40
4
7
5
7
7
5
2
4
0
6
4
7
4
3
81
4
0
9
6
9
9
6
4
6
1
3
3
13
3
5
2
8
2
0
6
1
95
4
6
9
19
1
6
67
6
1
3
9
3
26
0
8
15
7
6
1
4
5
9
9
2
3
4
6
1
2
2
0
6
1
68
49
3
1
7
02
641
4
9
76
6
5
32
2
2
7
1
3
1
1
9
84
1
3
7
48
7
6
7
4
2
5
6
6
0
6
3
5
7
1
0
5
8
97
49
4
9
2
302
6
8
2
6
2
7
7
0
5
8
0
02
6
8
8
5
2
4
0
9
8
20
2
62
8
2
7
7
790
6
0
5
3
7
9
0
5
3
4
73
0
5
08
4
4
2
5
6
3
0
4
2
93
25
4
0
4
1
1
9
9
0
2
7
9
8
0
9
5
9
3
10
2
0
5
5
0
0
4
314
5
5
4
9
8
8
1
8
04
2
6
1
3
5
3
25
0
2
8
4
1
7
2
9
3
2
7
4
0
53
1
7
5
1
8
4
6
809
6
85
7
4
4
6
6
4
0
6
30
6
0
9
5
8
83
7
0
37
9
41
3
2
57
4
0
5
3
405
58
1
988
4
2
1
3
6
3
1
8
6
9
64
3
94
2
22
6
4
3
2
60
9
5
9
3
6
0
1
7
4
6
5
67
0
1
5
5
1
00
8
6
1
0
5
1
7
10
2
0
6
0
0
1
6
6
1
2
9
8
3
8
56
0
3
65
0
7
4
5
423
2
9
1
4
0
3
6
9
2
5
6
8
2
0
7
6
1
810
7
42
3
5
12
1
5
7
5
7
5
2
2
6
3
48
53
3
1
1
1
7
9
9
0
8
3
9
7
6
8
9
6
9
4
1
3
9
6
3
7
3
1
1
5
8
39
8
5
7
7
569
6
8
24
0
09514
4
20
1
4
2
46
0
9
627
5
5
5
7
59
4
0
8
28
31
35
198
6
5
71
6
2
0
3
18
9
1
4
1
5
1
168
6
7
7
5
0
6
5
5
4
8
7
49
2
8
5061
1
6
9
3
1
6
6
2
3
7
6
5
6
2
6
8
54
9
6
84
5
7
3
1
3
2
5
9
1
6
51
2
8
1
8
6
2
3
6
7
7
8
3
7
2
25
4
7
7
29
57
4
8
0
28
4
3
88
1
0
9
4
7
7
8
7
18
24
8
5
03
6
10
2
7
4
0
2
2
3
2
27
9
7
8
2
2
1
1
8
3
37
8561
73
1
0
94
2
57
6
2
2
0
3
9
97
4
7
2
5
8
7
5
2
0
1
65
88
9
1
6
15
8
0
7
6
7
9
1
8
1
7
7
4
0
0
8
0
8
6
54
5
0
76
5
06
9
6
6
6
4
5
45
18
94
5
5
8
1
9
7
3
5
6
9
3
4
9
8
6
97
6
2
0
4
3
7
3
5
2
1
06
0
3
1
5
1
6
4
4
1
7
6
1
3
6
0
7
2
040
1
2
1
7
57
9
9
9
5
4281
7
74
0
21
0
2
1
5
5
2
1
0
8
84
0
9
5
4
7
1
5
4
7
8
08
4
50
6
7
0
8
3
7
4
5
2
64
887
0
7
3
2
1
4
2
9
2
7
6
5
0
2
3
8
7
5
4
3
263
836
5
4
06
1
2
3
8
4
31
3
8
2
8
2
42
9
95
7
3
5
7
4
75
3
6
92
2
7
0
1
35
7
31
8
2
8
21
1
5
8
9
9
4
4
9
6
4
8
9
4
0
1
0
8
6
95
2
9
3
6
4
7
0
0
4
7
3
35
9
8
9
2
4
9
9
1
39
1
05
7
6
9
26
4
2
7
4
8
4
1
09
8
1
6
08
52
2
9
5
0
8
63
6
7
7
9
8
0
0
5
7
6
9
31
9
6
2
2
7
4
5
7679
1
3
4
5
2
26
8
8
2
3
1
2
3
67
1
9
3
9
3
7
3
6
7
0
2
0
9
3
5
9
32
8
6
9
7
4
3
6
3
1
1
0
