1224
9
2
22
3
9
1
5
40
25
2
5
2
2
2
01
3
6
7
1
3
0
28
8
6
7
1
6
9
18
0
0
6
1
6
52
8
3
88
8028
1
4
4525
0
9
4
3
034
3
2
2
4
6
2
726
1
6
4
8
1146
0
6
3
4
9
6
06
998
9
2
9
3
5
3
6
6
6
1
1
3
8
5
6
7
9
9
9
6
6
7
5
1
5
1
7
3
8
622
41
2
7
4
9
6
15
5
85
6
70
0
0
57
8
0
6
0
60
7
28
5
23
5
39
7
9
1
14
5
5
8
9
7
3
22
4
0
6
4
37
31
24
5
3
96
74
2
6
9
9
4
9
59
5
7
6
80
9
2
14
2
0
4
51
6
2
7
6
1
6
1
9
0
4
22
8
7
8
5
2
24
7
7
5
9
7
7
93
4
6
0
1
3
2
06
83
0
5
1
0
0
1
3
8
81
5
2
2
8
7
3
5
7
8
56
1
8
2
2
8
9
10
6
4
3
0
4
7
73
4
9
3
40
2
6
9
8
6
2
4
1
797
808
40
5
8
5
7
5
5
1
1
3
0
1
7
6
0
72
55
63
655
4
0
8
7
1
6
9
08
08
7
2
9
01
5
0
7
2
7
8
6
3
6
0
4
2
4
3
7
4
0
7
3
2
5
4
2
15
0
7
7
1
85
6
4
0
30
7
5
910
1
4
09
9
2
78334
8
5
0
5
4
8
5
3
2
2
5
2
6
8
9
3
43
41
6
0
6
4
0
7
61
82
3
3
6
0
4
2
5
2
9
5
1
0
9
9
7
2
6
5
6
8
0
3
9
2
8
0
9
9
89
9
3
5
1
4
551
4
6
45
8
7
7
3
4
8
57
0
0
1
4
0
5
5
86
1
9
58
5
7
9067
0
1
0
2
505
8
4
3
5
7
1
1
4
6
9
6
3
3
5
9
5
23
9
1
2
9
5
2
46
9
8
7
441
0
8
1
9
8
9
6
9
2
84
2
6
9
3
6
56
9
4
0
9
4
9
8
7
3
8
9
9
0
5
0
7
9
88
9
5
2
1
5
5
6
0
8
3
0
51
0
1
8
3
81
9
1
6
7
2
1
24
7
37
8
3
4
1
3
9117
3
3
5
6
8
5
3
6
3
25
59
51
9
9
4
9
8
5
7
1
0
6
7
4
5
80
1
6
7
6
9
1
9
6
4
5
5
7
0
0
0
8
4
6
0
0
9
8
9
488
9
44
95
2
7
1
31
8
4
66
9
3
20
94
40
7
8
3
8
1
3
2
3
0
8
5
508
9
8
6
3
6
0
4
9
8
5
5
7
0
5
4
0
1
9
1
09
0
4
1
90
26
2
0
0
3
178
12
0
70
1
0
9
3
5
4
0
7
5
7
3
1
5
6
5
6
1
1
4
29
6
8
2
0
3
92
83
2
8
1
0
7
5
97
3
9
6
9
28
1
8
0
5
5
0
6
24
7
4
49
0
7
6
18
6
7
42
2
6
8
1
9
1
4
0
15
254
42
89
3
1
3
66
6
5
1
1
5
7
2
5
2
2
5
9
04
1
0
5
4
2
0
0
8
3
9
8
7
30
8
9
3
1
5
3
6
1
4
25
7
0
9
1
9
9
0
8
6
00
5
9
90
4
5
3
3
88
1
521
3
6
0
0
3
3
8
93
7
4
4
3
95
9
9
07
7
93
2
9
1
0
8
9
9
9
9
6
2
03
5
9
9
0
1
2
5
7
39
7
9
29
4
9
2
1
4
5
1
96
868
4
3
0
6
1
1
86
6
2
9
5
9
2
9
0
3
5
0
6
80
3
3
7
3
4
0
4
8
8
16
3
0
7
13
9
9
4
6
5
3
6
0
3
8
3
5
5
1
1
2
4
8
2
7
9
85
6
75
8
8
6
3
6
6
2
6
5
00
56
33
1
8
0
2
47
14
6
45
5
9
7
8
0
60
9
4
5
6
5
9
5
8
2
0
46
9
2
3
2
8
75
44
1
7
962
8
4
9
9
8
9
1
8
0
4
05
0
2
4
9
7
2
4
8
4
93
5
5
4
06
9
1
0
9
2
8
8
7
57
2
4
0
21
5
53
33
5
0
9
94
3
1
7
1
7
7
7
0
0
0
62
7
0
3
1
2
7
9
879
6
8
7
0
4
0
6
0
2
86
2
4
6
6
1
8
8
0
9
7
6
9
9
0
2
20
2
9
06
5
0
8
4
3
8
20
4
0
04
7
4
6
53
7
2
1
5
9
7
5
3
20
74
1
8
73
9
1
6
7
3
4
7
9
0
8
1
6
782
2
0
8
5
2
3
2
4
7
67
2
0
6
2
5
3
53
2
9
7
2
7
6
4
9
8
2
0
2
8
4
8
4
879
4
5
2
4
5
33
3
7
0
6
1
6
6
3
1
57
31
6
7
7736
0
8
8
4
3
68
5
3
4
27
8
9
1
8
8
06
6
4
6
6
91
5
4
1
4
2
3
413
9
2
9
2
6
7
3
3
8
2
0
7
8
8
5
1
6
40
3
3
4
69
4
9
7
5
4
9
9
0
36
9
6
5
2
7
4
7
5
7
4
9
7
0
1
23
5
0
33
3
1
0
0
6
34
5
8
6
8
6
0
3
5
0
6
9
4
1
6
6
7
5
29
1
8
8
6
6
8
4
2
5
8
9
0
1
85
1
0
7
4
7
77
22
48
7
4
8
6
14
3
8
8
7
1
7
0
8
3
0
3
0
52
0
8
1230
6
1
0
3
8
7
2
8
0
6
3
2
1
8
6
6
7
3
3
2199
0
5
9
1
1
7
2
470
0
9
5
11
7
8
5
6
9
2
0
2
2
7
7
7
0
33
2
1
4
1
47
2
8
1
8
2
4
4
49
31
1
5
7
7
2
8
8
4
8
0
4
5
8
8
7
8
5
3
6
4
2
1
13
5
9
7
66
8
1
5
1
5
4
0
44
6
6
3
6
2
98
2
2
9
8
1
9
7
6
2
4
2
4
8
0
8
5
2
1
8
3
0
0
1
0
6
2
7
3
9
7
0
5
3
1
3
1
60
5
5
2
0
3
8
1
6
8
8
3
7
6
3
1
4
1
00
30
59
5
0
2
4
0
6
98
4
7
9
5
4
6
3
8
1
3
1
4
0
3
4
8
6
2
0
8
8
5
4
6
8
12
2
97
3899
8
6
8
7
0
1
8
3
7
6
9
0
2
6
2
6
2
7
9
6
1
9
3
7
4
7
1
7
96
3
5
4
4
4
8
34
0
4
5
2
9
80
7
2
9
01
0
4
5
5
6
4
8
7
5
0411
4
0
2
1
2
0
48
0
7
7
3
1
1
18
4
9
0
1
905
2
24
62
49
9
53
5
3
7
7
0
1
61
2
8
0
7
1
87
1
90
75
2
3
6
5
4
4
7
4
7
5
1
03
8
0
8
1
3
5
1
4
7
1
6
5
4
3
5
6
8
4
4
8
2
6
6
48
3
6
9
7
5
1
7
4
6
4
15
2
61
9
8
860
4
9
9
2
5
4
5
5
80
8
1
1
6
0
3
2
74
8
7
0
7
8
8
70
8
70
5
9
1
5
2
924
19
4
1
5
5
0
2
0
9
2
66878
5
3
2
0
29
1
0
2
98
6
8
8
5
87
02
1
6
9
3
6
3
3
4
71
1
8
6
3
5
2
7
0
9
6
1
8
7
5
8
9
0
6
846
5
4
3
0
3
5
3959
247
2
849
57
1
8
7
0
62
71
4
2
5
6
6
9
5
7
5
2
6
9
719
89
0
5
2
8
8
5
16
8
8
7
16
4
9
9
6
4
75
4
4
9
3
5
2
2
6
1
7
2
1
74
4
8
5
493
75
6
29
9
4
4
4
3
7
4
7
8
5
6
7
9
6
2
0
6
8
8
3
6
17
9
6
5
5
8
8
5
2
2
9
5
5
049
9
9
9
0
22
7
2
2
4
2
7
3
4
1
6
4
7
9
94
0
0
6
9
9
5
1
4
4
4
0
5
3
4
9
7
9
44
18
6
1
9
9
7
3
0
6
9
14
0
07
9
5
7
9
8
9
8
50
2
51
8
9
1
7
2
7
4
35
4
7
3
1
7
5
7
3
45
2
72
0
9
54
8
62
5
6
2
5
9
9
4
3
0
2
0
0
8
4
9
12
1
6
0
80
6
2
8
4
3
50
3
0
0
7
7
5
1
7
8564
5
3
7
2
3
8
3
3
6
3
3
20
9
427
7
8
340
5
4
33
9
9
3
3
9
4
3
2
50
837
9
8
8
2
0
5
2
74
2
8
5
3
9
2
34
3
1
32
95
0
80
1
7
8
5
6
3
3
0
17
36
92
6
7
2
2
6
7
8
7
2
7
4
5
24
1
8
0
0
9
8
4
687
3
36
10
9
8
7
8
2
7
9
0
59
6
6
8
7
1
6
1
7
6
8
2
8
9
4
7
8
8
9
1
9
6
1
1
9
3
7
1
9
6
7
28
738
7
0
2
5
5
0
9
3
6
14
7
5
2
6
4
2
3
7
5
1
6
08
205
1
2
7
5
4
9
2
32
9
1
2
8
1
0
3
3
1
608
5
1
6
9
87
3
8
3
32
5
8
0
4
7
4
4
1
9
1
1
9
4
8
5
3
0
9
4
4
5
7
4
8
2
7
3
0
787
7
0
7
7
1
4
0
6
8
7
2
2
3
5
8
2
4
7
9
8
0
51
6
8
5156
5
7
1
6
4
6
1
202
4
6
8
1
94
1
53
4
2
8
0
99
8
0
3
5
9
5
8
9
7
4
51
2
4
4
4
0
8
6
5
51
5
3
4
10
21
8
7
4
72
6
2
22
501
8
5
91
3
1
7
9
6
1
6
8
4
8
2
5
6
9
6
2
0
1
9
5
9
8
03
2
729
7
8
3
83
9
0
42
4
7
55
442
0
0
3
0
9
5
1
9
7
5
1
6
96
0
8
1
3
6
6
1
8
82
29
78
466
7
9
4
6
5
5
7
5
7
6
1
3
3
8
5
8
9
8
3
5
8
5
7
84
9
8
9
3
9
4
4
1
5
2
0
3
4
7
7
0
0
0
6
15
5
1
3
9
3
8
46
5
3
0
4
3
1
7
9
4
12
2
2
5
5
5
3
78
0
4
89
1
8
5
0
2
6
9
6
3
6
1
4
6
517
9
4
1
0
0
4
9
8
6
9
87
1
8
0
3
8
75
7
571
9
7
3
2
5
6
5
1
1
3
0
30
8
9943
9
0
3
23
3
8
3
8
85
0
5
7
7
2
7
2
8
9
5
3
42
4
6
9
3
8
0
2
66
2
3
6
1
5
5
1
36
0
943
24
5
8
43
0
6
9
8
0
8
9
3
9
47
1
4
7
5
79
9
9
0
77
7
9
2
0
6
29
8
7
0
0
9
4
2
3
5
2
99
8
0
7
6
5
588
0
3
7
0
3
2
2
31
0
2
3
6
8
5
5
12
4
7
3
75
5
5
13
3
7
6
9
5
1230
4
8
4
2
9
8
440
7
9
2
1
36
03
4
7
1
3
6
51
45
9
9
5
2
5
0
18
8
6
3
9
6
6
8
4
8
2
9
6
89
7
1
2
3
4
53
6
7
5
7
7
3
2
7
9
8
98
6
10
2
4
1
15
94
9
6
8
1
2
2
38
8
8
7
57
2
0
1
5
5
8
4
7
99
8
3
0
7
8
7
8
7
2
6
03
8
00
9
8
5
8
4
1
2
5
7
45
8
5
0
3
6
6
56
4
5
5
04
2
5
08
4
0
4
3
1
0
08
3
2
63
0
954
8
06
7865
7
8
8
0
6
4
1
9
8
93
1
7
64
6
51
6
1
0
4
1
6
6
5
3
7
36
0
5
5
7
4
4
9
1
67
1
5
2
82
8
1
9
8
4
4
0
1
352
4
19
8
0
9
29
22
65
84
2
53
9
1
7
8
8
4
72
0
5
3
9
7
9
6
51
0
8
2
64
3
8
7
1
6
2
3
64
1
3
6
0
2
5
0
7
8
7
95
8
5
9
14
4
48
4
3
5
53
1
7
6
8
2
1
4
8
69
2
4
4
8
5
60
3
6
3
20
1
8
7
4
3
7
6
1
43
5
9
0
1
2
7
3
9
2
1
6
0
0
8
6
0
1
7
0
3
3
7
3
9
0
1
6
0
64
8
8
2
3
7
0
2
8
16
1
887
0
3
7
2
0
4
6
06
7
7
8
97
5
4
86
4
6
1
8
9
4
1
463
8
6
1
6
1
3
32
27
5
1
1
4
6
6
2
0
9
8
4
6
1
9
2
7
2
6
7
0
5
6
4
6
3
7
1
2
7
7
1
3
7
5
7
3
06
7
4
5
4
6
9
6
6
11
6
6
2
2
3
3
2
9
5
3
0
9
4
2
1
2
3
5
6
5
8
9
84
2
8
8
7
58
9
5
8
2
23
4
9
8
4
77
9
6
52
1
3
3
6
0
6
4
8
92
5
17
8
6
0
0
0
8
0
27
4
3
3
4
2
6
1
8
7
5
9
9
4
2
8
1
2
9
96
1
7
3
24
5
8
5
391
2
7
3
3
0
6
73
1
7
2
3
0
2
3
9
0
7
7
3
155
3
7
7
5
1
1
4
4
3
73
8
3
8
4
0
1
0
3
2
2
2
9
48
7
5
9
6
7
5
6
40
8
7
7
3
6
97
3
2
8
9
2
1
3
70
4
6
2
7
9
0
6
4
5
6
01
90
3
0
56
1181
3
7
5
44
1
4
2
0
0
9
8
6
7
3
3
2
3
5
94
2
0
6
5
4
1
0
69
3
0
88
9
0
4
2
5
89
2
7
13
9
2
9
3
3
3
86
4
7
5
4
2
3
2
9
3
7
4
0
9
4
1
6
2
9
3
34
3
8
7
1
8
8
1
1
9
5
4
4
0
9
0
9
4
0
3
4
1
9
2
3
8
1
5
6
38
281
5
9
4
1
7
3
33
9
0
1
0
6
2
8
5
224
8
0
17
6
57
0
3
1
7
7
5
7
2
9
0
3
4
252
52
5
1
78
3
1
6
0
5
7
75
3
3
0
8
9
1
2
48
17
6
7
4
8
3
9
8
8
5
4
5
797
7
48
99
5
2
8
2
2
63
06
81
2
8
8
3
0
9
0
33
3
8
3
5
2
8
2
7
1
4
5
389
1
5
9
3
7
4
9
9
5
803
80
2
0
9
97
5
1
18
3
4
6
95
6
1
9
8
2
3
6
8
9
8
2
16
8
11
1
5
1
5
8
6
9
7
9
07
0
20
5
7
9
5
3
2
07
4
7
2
9
6
7
5
63
3
15
8
7
7
3
2
4
3
7
6
5
8
2
4
2
7
7
4
6
75
9
5
1
3
71
4
1
4
3
6
0
0
1
5
3
1
77
2
1
0
18
5
2
37
2
5
8
6
1
8
0
3
2
9
7
6
6
7
2
39
2
0
2
8
84
6
5
181
0
0
4
6
0
2
3
5
39
21
9
4
5
0
8
6
19
0
3
9
3
8
1
152
2
8
1
8
5
9
9
87
5
4
152
1
7
8
1
1
6
65
2
0
96
4
1
5
0
5
1
9
9
1
44
0
8
6
9
3
58
09
9
0
9
8
4
7
5
76
4
5
8
4
2
1
7
7
9
5
7
97
1
2
7
4
6
5
0
0
2
0
63
2
39
2
8
41
192
0
78
1
2
3
2
3
3
2
5
0
6
3
2
8
1
1
0
4
7
5
1
3
2
76
3
8
5
3
4
1
0
9
1
1
7
0
7
7
4
9
9
5
6
1
7
2
7
6
5
1
20
8
7
4
1
0
8
4
27
5
9
0
8
5
2
4
5
8
7
7
0
1
7
2
2
3
9
1
0
3
5
0
00
9
77
2
4
9
8
5
7
1
6
3
4
3
7
3
7
4
5
7
2
7
9
9
5
6
8
9
4
8
6
6
9
0
4
0
5
7
1
98
0
4
7
69
1
4
3
0
9
4
47
0
1
14
1
6
2
499
9
97
8
8
7
4
8
6
9
10
1
5
1
5
2
6
3
7
1
8
2
2
5
7
4
3
0
7
1
7
8
9
9
7
0
5
9
1
3
41
50
4
0
6
9
2
3
9
9
2
6
4
0
7
2
64
8
9
2
7
7
70
5
5
9
5
2
0
8
9
6
2
46
30
71
5
20
2
86
8
6
2
0
6
9
9
6
3
53
1
7
9
5
3
2
8
6
8
53
6
2
2
2
6
4
67
9
1
7
1202
46
7
3
8
6
7
6
7
4
9
4
7
1
7
6
7
9
53
3
8
4
0
5
4
0
3
2
34
4
80
2
8
8
3
9
7
2
2
07
4
9
9
4
6
53
9
5
5
8
3
40
7
6
5
9
4
9
0
22
5
46
0
6
0
3
95
1
0
0
5
8
91
2
4
1
37
3
5
7
6
9
6
9
4
7
6
6
39
7
4
18
2
3
684
6
9
9
94
3
31
8
2
4
1
7
9
56
5397
4
9
0
5
1
2
9
79
8
9
2
7
3
4
7
5
1
3
7
8
0
3
8
5
2
05
8
1
1
5
1
5
1
2
70
3
9
8
9
4
8
76
5
42
9
4
8
0
0
2
1
4
3
4
0
35
01
5
3
8
7
1
4
6
6
2
0
2
11
0
6
0
0
4
9
6
3
6
6
0
9
3
8
53
0
71
2
8
8
3
7
3
4
2
0
7
4
43
1
0
2
8
3
2
2
1
24
5
2
6
45
1
3
6
6
82
01
7
4
2
4
9
3
460
8
0
9
4
0
1
5
8
0
5
1
4
6
7
5
6
6
3
344
0
0
93
0
3
4
9
50
7
9
9
26
2
653
0
36889
04
54
4
9
6
1
4
7
1
4
9
3
6
9
8
3
2
3
0
2
3
1
2
2
58
5
4
1
6
5
3
449
8
9
45
9
4
4
5
24
8
4
0
0
6
2
9
8
1
6
45
2
44
17
0
5
40
0
8
3
8
74
9
5
7
0
45
8
3
57
98
69
8
5
9
9
20
9
5
5
8
5
9
0
7
3
2
7
31
30
37
2
5
66
8
3
3
0
4
1
4
34
4
4
5
0
9
06
9
5
6
495
1776
7
5
64
7
5
3
4
1
9
6
86
24
5
9
9
7
2
9
1
8
9
8
0
9
4
5
7
34
7
598
9
0
9
9
4
99
6
0
1
5
3
1
4
5
40
48
4
2
0
17
4
1
4
9
79
39
2
5
9
2
4
72
7
2
4
2
4
4
8
4
5
3
4
60
9
29
8
406
7
7
8
5
5
5
3
7
7
6
6
1
4
0
78
0
7
4
9
0
7
2
9
5
8
62
6
6
6
9
3
7
0
6
1
5
5
5
7
88
2
5
7
7
1
9
0
5
7
2
9
66
2
1
8
46
2
5
9
8
6
3
5
0
5
6
0
8
0
8
6
5
4
34
6
2
9
5
8
5
6
5
2
1
5
9
6
7
6
7
0
9
6
0
71
7
77
1
5
2
7
7
2
6
1
6
2
8
1
4
6
22
9
7
0
2
5
8
4
9
4
3
56
8
5
4
2
8
0
0
1
46
28
4
1
8
9
04
1
4
5
1
6
1
6
3
6
8
9
2
2
45
7
14
7
8
15
60
0
6
4825
9
7
4
2
9
3
0
5
8
0
3
8
8
1
9
5
72
9
6
8
1
5
0
086
1
59
8
6
9
4
9
9
6
3
0
8
1
7
5
0
41
0
6
2
8
0
5
85
8
73
8
3
0
4
2
9
6
13
9
5
7
8
8
8
9
2
9
5
8
2
8
1
0
3
8
2
0
2
4
8
9
0
943
5
5
1
9
1
3
9
2
5
3
429
8
9
9
7
7
8
5
8
0
30
9
6
5
6
7
6
1
3
80
9
1
39
3
8
0
7
0
3
4
6
96
6
8
1
4
4
6
0
1
4
3
7
3
7
5
7
3
1
18
9
2
5
679
2
7
7
951
9
0
3
25
3
8
1
5
1
3
3
1
85
9
8
0
1
6
3
9
3
3
4
3
3
5
2
458
2
1
1
0
6
2
4
8
0
9
4
4
3
1
0
8
5
4
97
3
5
2
3
70
9
162
0
0
2
8
5
4
91
9
6
3
9
0
2
5
3
22
81
3
0
9
3
8
7
9
0
9
7
7
4
4
5
1
2
0
1
4
78
1
8
1
7
8
5
1
8
4
4
4
6
5
43
1
3
7
8
5
7
5
2
3
4
93
6
9
9
6
1
8
7
1
7
2
1
9
7
794
3
0
4
1
3
5
2
2
3
5
4
3
42
2
0
0
7
9
1
1
8
98
2
2
8
2
5
77
0
3
2
0
0
1
9
8
6
8
539
8
6
3
5
882
8
8
8
3
104
8
1
8
9
7
6
0
3
9
2
8
44
1
8
6
5
5
54
3
8
0
8
2
5
1
8
0
5
5
9
9
1
3
6
3
57
9
0
67
7
7
27
2
8
2
9
35
9
7
4
02
9
3
8
6
76
8
0
1
1
2
9
4
95
2
2
70
9
0
7
3
9
6
53
5
3
1
1
05
520
0
3
0
3
0
2
6
1
1
9
7
7
4
8
4
2
5
2
1
1
9
6
2
8
7
3
6
3
0
6
1
9
8
0
9
1
9
5
6
5
6
13
3
9
1
9
24
5
6
7
5
9
4
3
9
4
41
3
1
3
0
1
2
7
6
5
4
5
1
1
80
0
8
0
8
5
1
3
05
76
191
6
3
2
5
3
8
3
7
1
7
6
7
4
9
344
8
5
6
6
2
3
2
5
6
2
7
5
0
6
2
7
4
2
77
99
032
64
7
93
5
0
02
1
3
5
1
3
60
2
9
4
7
9
0
1
5
7
8
6
1
48
3
5
6
0
8
5
6
1
2
3
1
0
6
3
8
3
3
8
8
43
1
8
9
6
8
0
3
9
1
48
6
1210
6
4
7
9
1
7
2
2
7
4
6
8
3
1
7
3
9
3
4
0
8
5
76
2
5
2
4
2
1
0
3
3
3
0
1
03
6
0
2
00
6
1
9
8
2
9
4
3
1
16
2
5
7
5
3
6
28
2
5
4
2
4
7
4
2
0
86
7
8
8
3
9
9
5
8
6
5
7
6
6
8
9
7
0
5
2
8
3
12
5
4
22
6743
5
4
2
4
2
95
16
0
34
2
96
6
55
3
37
4
2
7
8
339
4
6
7
4
2
9
3
7226
3
5
7
0
60
4
8
2
8
0
5
9
6
0
51
28
6
40
8
2
7
6
8
0
5
8
22
5
7
6
4
8
4
1
5
53
5
3
7
6
7
2
5
2
9
11
6
8
9
6
7
3
2
0
2
2
7
7
15
2
9
2
06
8
9
9
32
6
9
0
0
5
9
7
7
4
3
2
2
9
8
7
3
9
47
37
22
45
2
2
9
7
1
1
78
57
75
8
9
3
81
6
52
70
6
2
6
9
0
0
3
7
3
76
7
0
1
3
6
2
2
2
8
1
37
3
0
5
39
3
8
6
1
149
8
3
5
3
912
3
6
9
6
7
2
0
9
4
0
2
1
4
1
4
1
6
90
3
2
9
0
1
30
5
8
4
5
3
5
4
2
2
9
4
0
6
9
5
6
88
7
4
9
58
4
9
42
4
4
7
7
6
4
9
9
62
8
1
8
3
6
2
7
0
3
8
3
1
0
6
7
6
2
1
4
6
59
9
1
5
1
9
8
539
49
6
7
68
6
7
2
0
2
1
9
1
1
0
1
9
8
40
00
0
5
564
1
2
6
0
7
4
63
9
211
6
2
5
9
8
3
0
6
3
6
1
8
4
4
2
0
6
8
0
2
45
6
4
1
56
7
3
2
4
1
3
35
3
2
5
8
4
1
4
7
0
9
3
58
2
1
6
1
8
4
69
7
4
9
43
0
8
9
7
35
9
2
7
2
7
9
4
6
23
5
3
7
399
7
3
7
3
4
7
2
6
085
4
3
1
5
8
87
6
7
9
16
2
9
49
3
8
2
0
8
5
3
9
6
5
9
32
4
6
6
32
6
5
6
3
8
4
5
3
8
9
5
2
12
9
8
0
39
9
5
8
9
0
5
3
1
6
0
1
0
6
8
3
63
59
3
7
1
57
9
0
4
6
7
87
9
4
3
0
1
2
3
5
7
2
0
48
2
1
0
3
6
5
5
8
9
4
1
6
8
4
5
43
7
7
8
49
5
5
7
0
6
1
5
9
0
4
4
1
7
252
74
3
2
7
8
9
91
2
08
3
8
8
8
0
3
3
8
2
70
2
8
6
9
8
0
0
7
4
9
4
2
31
5
2
4
0
2
44
31
1
4
7
3
6
2
87
330
7
3
97
38
6
9
85
20
0
13
0
6
5
3
329
4
99
7
0
3
20
0
6
1
8
7
584
65
1
3
0
66
0
5
3
5
8
4
4
33
1
8
2
7
5
8
0
7
8
7
20
27
7488
3
4
07
4
7
4
22
9
1
3
5
4
3
3
3
2
8
3
9
4
2
6
6
7
6
6
2
5
8
2
5
6
0
4
7
5
1
5
5
3
2
1
6
676
96
0
798
0112
4
77
8
4
3
9
8
8
2
89
9
5
614
0
9
1
0
9
4
3
0
1
6
9
8
6
7
3
2
7
2
2
2
15
1
8
0
2
89
2
52
5
9
2
0
88
6818
91
4
3
2
7
6
9
8
1
0
328
0
2
98
5
9
3
2
3
4
7
96
9
15
8
01
2
0
4
24
6
5
6
1
0
35
6
8
9
306
3
3
0
7
1
5
0
98
39
22
7
66
0
1
1
54
6
4
9
3
7
8
5
0
14
3
7
73
93
9
6
9
3
38
9
2
3
04
7
1
3
5
6
6
73
33
9
8
7
9
2
732
1
5
6
2
8
0
9
0
4
2
3
4
65
4
8
5
3
6
3
5
4
90
70
7
4
4
7
9
72
5
9
0
5
2
4
8
3
8
6
4
7
7
5
4
76
4
2
7
3
2
6
5
0
4
6
3
3
38
8
2
2
2
6
4
9
6
7
2
0
8
0
3
6
6
7
8
2
5
0
0
9
6
4
3
71
9
7
9
9
6
37
4
5
56
0
9
7
6
7
2
2
1
0
7
2
9
1
4
6
6
0
3
0
7
83
22
5
4
8
2
2
0
5
9
1
1
9
5
6
3
4
8
1
6
35
6
0
8
8
85
0
7
0
5
4
0
1
73
3
8
3
7
2
2
7
1
6
1
5
6
70
4
8
9
9
8
8
8
9
6
1
7
9
4
0
94
2
46
9
4
6
37
4
5
2
6
5
8
8
500
4
0
5
27
9
0
5
4
2
1
0
2
1
5
7
9
6
6
7
3
7
0
1
5
8
8
7
5
5
0
4
0693
1
3
2
40
1
3
2
6
7
81
05
9
98
04
3
7
0
6
524
7
1
7
33
0
790
97
5
9
8
3
7
21
97
4
8
2
7
5
5
0
5
5
4
0
86
1
5
8
4
4
6
6
7
26
2
1
6
533
2
9
8
2
9
2
2
9
2
3
5
4
2
4
2
1
0
7
4
8
2
9
7
72
86
7
01
9
1
4
589
3
1
3
2
3
3
7
58
8
4
2
1
0
8
7
0
7
0
2
95
5
8
5
1
7
96
4
6
2
0
67
3
0
8
3
1197
8
4
9
5
5
51
3
4
7
9
4
9
3
1
0
5
7
1
2
3
1
4
5
86
5
20
7
1
3
00
6
437
2
3
1
40
1
9
6
2
0
3
69
51
3
212
1
7
9
5
9
0
1
3
2
8
6
7
7
6
75
5
47
2
7
8
6
3
0
3
9
7
97
5
6
1
7
4
8
6
1
1
1
5
2
54
7
3
7
61
6
3
54
43
1
2
2
8
0
5
2
7
7
0
8
8
3
0
7
7
9
8
5
4
9
0
9
1
563
4
3
8
2
1
49
6
5
3
1
9
6
1
8
4
3
74
5
5
1
6
9
2
7
8
6
4
8
9
8
7
1
8
7
8
2
3
9
6
4
49
3
6
83
0
7
5
61
3
7
9
024
7
4
4
0
6
9
05
2
9
23
1
0
6
6
4
5
5
8
6
6
5
4
9
3
9
3
0
1
6
6
4
32
2
8
664
6
9
7
5
32
5
74
1
1
5
32
7
5
61
33
3367
4
9
4
3
8
72
62
4
9
1
3
15
6
6
5
7
2
81
5
040
3
8
9
26
8
11
9
75
36
0
6
6
8
3
4
3
5
68
7
1
7
7
4
3
2
02
6
4
97
9
5
3
2
7
4
5
83
5
5
4
2
7
0
8
6
8
5
4
4
9
7
0
1
5
7
8
00
60
7
35
3
0
9
0
1
4
8
1
5
5
2
2
9
9
5
6
8
8
9
161
2
4
8
9
0
4
0
01
5
3
6
77
4
3
4
7
1
4
044
7
2
3
6
0
4
7
4
9
5
0
5
58
9
2
9
2
4
4
0
2
3
2
3
8
6
4
3
4
8
0
5
5
2
4
0
7
6
5
6
1
0
4
7
3
0
2
7
7
1
6
8
2
90
2
3
8
7
6
8
1
9
2
4
2
2
42
5
5
2
92
3
8
7
1
1
2
7
4
87
4
3
2
6
1
9
8
1
7
9
9
01
2
8
72
5
2
8
4
0
5
9
2
5
9
2
8
8
4
1
27
7
3
5
0
9
36
8
4
4
12
49
54
9
2
86
2
4
9
0
0
8
0
8
8
4
6
6
8
1
0
1
4
3
9
2
0
8
3
5
9
9
8
1
2
1
6
4
2
2
60
3
5
2
5
3
9
5
5
3
3
0
9
9
72
4
6
3
0
3
14
0
3
5
4
6
8
5
1
2
8
98
2
68
0
421
6
6
3
6
7
7
9
3
7
5
1
0
1
0
4
4
2
3
2
4
9
8
5
0
8
0
0
993
7
1
2
3
2
2
0
0
6
9
0
7
7
1
4
4
7
9
0
1
8
0
2
0
0
0
1
5
36
3
3
1
7
9
6
8
6
03
6
9
1
0
3
2
0
8
30
2
1
3
9
6
7
1
9
70
8
7
01
181
3
5
7
2
0
3
0
46
3
9
1
88
0
1
5
5
2
3
1
432
6
91
47
2
4
3
3
1
59
4
8
0
3
2
15
54
0
82
2
1
8
8
3
6
6
4
22
5
7
8
2
2
2
6
75
0
26
7
0
2
1
8
2
87
1
8
8
6
95
0
79
8
4
7
7
7
5
2
7
7
16
9
4
3
3
5
5
2
3
4
2
6
9
6
2
0
31
3
4
81
6
1
3
1
0
7
8
1
1
4
2
60
9
6
3
8
1
1
4
7
1
2
11
8
3
2
7
1
1
0
8
1
6
7
0
3
5
8
0
4
40
1
8
1
3
2
4
6
8
7
8
6
5
35
36
5
5
12
5
7
1
6
1
0
2
7
0
4
2
4
4
3
3
11
1
4
6
3
8
04
2
0
0
9
9
4
1
81
1
5
5
0
6
5
8
7
5
3
9
5
2
8
8
0
50
0
7
0
3
6
51
7
9
5
7
2
4
6
9
2
4
11
3
7
3
1
5
4
0
3
6
7
7
4
5
9
4
2
40
2
1
26
6
2
2
08
5
6
1
4
2
1
728
4
7
6
8
72
3
58
3
2
07
5
0
15
1
8
3
5
51
7
0
7
6
6
77
4
5
1
2
1
74
2
2
2
9
6
6
3
9
43
4
1
16
5
89
5
3
9
38
7
6
8
3
4
6
1
1
1
977
6
0
5
66
0
23
7
6
0
9
9
5
0
8
4
0
43
8
8
1
3
9
9
8
8
68
0
71
3
6
2
1
3
3
7
94
8
3
2
0
1
1
0
9
2
7
5
5
3
3
2
8
31
0
2
02
3
0
5
70
8
2
5
8
3
7
64
1
0
18
28
44
2
6
4
2
2
6
3
6
4
9
1
7
81
4
5
7
6
1
5
7
5
8
6
7
0
1
9
9
0
7
3
8
9
8
05
9
2
9
2
16
7
8
7
2
6
9
7
9
3
7
3
1
2
9
0
7
2
2
8
8
5
8
1
065
50
3
9
8
5
8
5
2
1
6
02
8
0
1
4
2
4
6
1
92
8
8
7
159
5
9
4
5
2
42
5
64
2
7
9
7
2
5
5
35
8
5
1
8
2
2
8
2
6
6
5
2
0
9
7
1
24
26
7
4
6
963
98
5
5
8
7
2
1
1
7
0
1
0
8
6
0
3
3
62
3
3
50
3
1
8
6
2
65
1
7
2
0
3
0
3
8
4
6
8
7
5
9
7
2
6
5
3
8
561
80
5
0
7
6
1
6
2
8
5
1
4
3
90
7
1198
2
9
3
2
7
3
5
3
11
4
2
7
0
8
1
3
1
5
0
9
6
6
4
1
7
2
725
23
8
6
7
5
2
9
1
67
5
7
8
9
93
8
6
0
78
7
5
8
0
3
8
7
0
46
9
3
6
9
4
95
1
5
1
7
8
7
8
9
4
04
5
6
1
5
8
7
27
6
8
1
4
9
89
2
0
7
2
50
2
2
6
8
7
4
6
4
41
2
2
4
4
1
5
6
9
5
74
4
91
922
8
7
1
7
415
2
4
3
1
1
1
9
3
6
1
7
6
9
7
3
4
3
3
1
2
6
32
3
50
0
7
8
2
14
0
3
7
3
9
3
42
6
4
9
1
7
1
7
5
7
3
3
27
8
4
0
8
21
63
2
5
5
53
8
1
45
3
7
0
2
2
73
1
5
3
6
4
3
4
9
0
6
0
2
6
30
40
4
45
7
9
4
4
4
5
99
7
2
9
0
9
6
5
0
6
6
7
6
4
2
2
1
6
6
4
7
4
9
6
4
19
1
6
8
35
4
4
9
3
4
2
1
4
3
1
4
3
1
8
7
1
7
7
6
1
4
53
6
2
5
2
8
4
1
5
6
25
1
6
9
2
2
4
627
0
2
8
4
9
8
8
35
3
3
3
63
1
1
7
2
4
8
7
5
0
8
7
1
5
2
8
2
2
7
9
3
7
7
3
3
4
87
9
2
8
4
9
4
9
30
1
754
9
0
3
3
3
3
8
1
7
6
5
7
7
57
5
874
98
5
0
7
12
5
35
74
9
8
8
3
6
8
0
4
3
8
99
5
3
5
1
4
5
0
31
8
73
4
0
8
6
9
5
19
6
9
1
8
0
7
7
1
4
73
28
67
8
5
5
2
4
43
4
1
2
7
7
6
0
2
6
5
2
7
4
8
4
9
5
4
6
1
2
0
3
8
8
4
11
6
174
9
4
4
95
6
0
3192
1
0
66
4
7
0
2
9
4
88
1
9
0
5
63
5
5
4
0
5
8
9
6
8
3
7
7
30
4
2
3
2
5
2
8
9
12
9
235
3
4
63
1
2
8
5
2
22
0
0
7
248
5
5
2
2
3
7
7
07
5
86
7
4
16
2
7
1
5
0
2
8
8
0
46
43
0
4
45
5
5
33
5
8
8
1
7
5
2
5
3
2
9
7
3
3
5
8
0
1
7
7
6
855
0
2
7
64
5
2
2
28
8
9
9
2
5
7
8
4
9
23
67
6
7
1
4
66
5
6
7
8
9
4
7
4
2
7
6
78
0
5
54
2
9
4
6
1
08
9
3
3
74
3
6
6
2
82
4
2
07
0
4
7
2
7
7
5
2
9
8
2
14
6
01
0
15
99
3
4
7695
9
9
0
9
6
4
5
0
6
6
2
6
3
1
3
0
2
5
9
6
44
5
6
1
5
43
4
6
12
07
5
2
6
5
4
3
2
5
4
3
2
61
92
7
722
9
6
7
2
9
5
6
6
4
5
1
4
8
08
63
9
491
4
1
71
2
1
5
7
7
5
35
5
2
5
5
3
4
8
4
3
5
3
9
5
7
3
7
2
8
8
9
5
66
3
08
9
0
64
787
8
7
1
8
8
5
9
4
9
8
2
3
70
71
9
4
2
2
5
9
5
3
2
8
6
8
4
9
028
3
5
7
3
9
4
1
7
9
4
6
4
8
4
4
6
0
9
1
6
8
0
1
7
4
51
7
9
79
9
5
7
1
6
3
7
9
1
2
8
1
9
0
9
9
665
3
7
0
9
0
2
7
9
7
7
5
3
4
9
2
9
1
1
8
8
8
5
0
7
6
0
4
9
29
5
50
6
3
2
2
7
4
9
3
3
2
8
4
1
8
9
2
8
8
2
9
4
8
5
9
3
9
1
5
6
3
3
5
9
3
1
3
1
6
7
5
6
0
5
7
8
3
5
6
9
53
1
7
4
3
3
9
5
1
6
1
6
5
6
25
90
4
7
6
5
9
3
1
1
4
5
1
5
04
6
8
0
43
5
2
6
1
3
4
1
3
6
98
32
3
2
68
4
4
1
7
2
0
6
9
40
1
2
5
7
910
4
9
5
5
8
0
1
6
8
9
1
9
1
5
8
1
5
77
1
0
6
7
2
12
6
4
7
4
0
6
7
5
7
8
5
7
6
9
9
8
72
3
7
7
9
0
2
0
7
9
4
3
8
4
29
330
3
8
3
539
7
4
6
6
7
8
8
6
1
8
6
1
41
8
8
6
8
7
9
0
9
7
4
1
6
0
5
2
8
0
9
89
9
9
19
3
5
7
2
2
4
1
3
9
72
6
6
9
83
4
8
8
24
8
3
2
3
3
2
4
8
5
4
0
2
2
8
3
9
6
0
1
8
58
8
7
0
7
8
1
4
6
3
5
1
8
5
6
1
5
4
6
4
4
1
79
1
9
5
7
1
6
1
57
2
27
8
3
0
2
9
0
2
2
30
9
9
2
9
8
0
4
6
446
9
1
0
5
9
6
84
5
1
7
8
3
5
9
3
9
3
7
1
2
788
3
6
1
0
2
7
02
4
8
6
3
2
5
6
6
5
2
21
3
3
1
50
2
2
0
4
4
7
8
7
3
0
4
1
6
24
2
9
1
4
6
9
4
9
6
1
1
9
9
1
02
161
6
09
9
1
2
8
3
6
0
3
0
0
6
1
4
4
1194
0
4
3
6
16
4
5
6
8
8
8
5
85
7
02
2
7
09
5
6
7
9
3
0
8
1
4
8
6
1
0
2
0
4
21
6
0
8
4
3
9
5
17
3
8
0
3
9
4
5
7
3
5
8
1
1
5
5
59
4
8
39
4
7
6
1
4
7
9
5
2
0
2
7
42
7
4
4
7
3
2
267
4
6
1
7
62
0
4
1
7
2
22
3
00
0
1
8
6
7
51
4
7
7
28
6
8
1
9
56
3
7
1
3
9
7
0
3
1
4
2
1
91
51
1
74
3
7
3
1
5
8
6
1
1
2
6
4
1
7
6
4
4
8
8
5
7
2
2
6
9
87
4
2
5
6
3
4
5
6
9
0
40
8
9
37
93
40
5
1
4
29
6
7
8
2
8
6
5
37
2
6
9
2
5
2
69
7
18
0
7
8
7
4
3
7
4
1
106
5
5
3
9
7
8
83
4
4
6
4
2
8
2
2
0
37
5
4
0
1
5
1
4
2
4
7
6
9
0
0
2
0
21
8
9
9
5
96
9
5
8
5
8
7
2
5
8
3
2
0
0
17
8
3
3
4
6
50
9
6
7
1
1
9
3
24
3
8
6
2
4
6
8
8
3
2
9
2
4
7
2
6
6
157
6
6
2
6
0
0
0
0
1
3
8
40
0
3
1
57
01
6
83
5
4
6
3
1
89
7
2
1
57
2
35
3
9
0
4283
2
1
8
4
6
03
8
5
00
2
6
8
5
6
1
0
2
5
776
0
5
3
9
3
1
8
3
8
1
9
0
5
6
1
6
9
5
1
60
7
0
9
7
7
8
20
1
0
1
9
6
5
2
6
9
4
9
5
4
0
3
8
2
8
0
9
82
8
1
2
1
1
9
9
2
0
1
1
7
3
1
0
86
3
0
5
1
7
7
3
7
3
4
5
65
8
7
4
8
1
60
2
0
2
6
2
2
6
2
1
48
82
1
034
69
5
2
91
48
4
5
7
94
9
9
4
5
7
98
3
9
28
0
7
4
84
4
4
58
15
9
0
7
6
2
5
0
1
1
5
8
61
7
72
6
1
3
08
5
0
7
3
2
03
07
2
5
2
7
0
9
0
2
6
9
61
1
6
7
7
8
6
0
8
6
8
7
1
5
6
9
0
16
3
0
5
3
1
3
4
1
3
8
7
8
6
3
3
4
9
4
7
8
9
0
4
6
1
2
8
6
2
1
9
1
2
5
6
6
7
5
5
28
7
71
2
1
7
57
3
14
3
04
3
8
3
6
7
3
0
5
8
9
3
8
4
494
0
94
0
6
3
9
8
7
1
6
19
0
94
3
2
6
6
8
7
2
81
5
9
0
373
9
7
28
04
1
6
7
8
5
0
7
4
1
1
1
3
32
0
8
8
8
4
3
7
9
2
8
1
6
8
2
7
1
4
0
3
4
6
2
54
2
0
6
0
3
3
7
540
18
8
6
4
0
9
9
2
9
4
970
8
0
68
06
0
9
7
2
9
2
8
0
4
70
7
8
0
8
6
4
5
4
2
2
1
1
2
2
1
5
1
1
1
8
2
7
8
7
5
4
5
0
8
5
3
1
8
4
2
54
939
6
2
7
1
9
7
5
7
9
0
58
6
7
4
84
33
4
0
7
3
9
9
1
7
1
2
76
7
5
5
4
7
2
94
1
0887
5
4
0
7
24
16
5
0
2
5
3
2
1
2
1
6
7
2
8
3
9
4
7
2
5
07
7
8
4
6
9
4
2
3
2
9
9
0
5
2
3
5
9
4
5
1
8
8
7
0
8
8
0
3
1
4
1
0
8
1
2
3
8
7
30
7
04
2
3
1
5
4
3
5
5
0
9
6
7
0
4
4
3
8
4
6
8
9
2
1
9
8
9
0
3
0
9
128
42
895
61
1
1
67
341
4
2
1
13
27
9
8
75
0
5
3
0
6
7
3
1
3
5
50
7
12
7
6
96
6
9
7
3
6
4
4
7
90
6
2
99
2
6
7
5
9
7
8
0
85
2
1
6
9
0
0
5
7
4
7
50
1
2
781
1
0
8
9
8
0
7
8
5
1
1
4
3
7
0
4
1
7
5
7
7
16
91
5
5
0
1
5
2
4
3
1
6
0
2
90
3
2
9
65
7
1
8
8
7
2
1
6
64
7
8
2
7
08
941
1
5
6
55
4
5
87
3
54
6
3
0
6
3
6
7
0
1
4
2
3
6
7
0
53
7
3
4
9
9
9
6
5
8
5
7
4
4
6
90
67
29
1152
8
6
6
7
4
8
4
1
1
3
53
61
1
80
0
69
6
4
3
1
87
2
8
4
4
55
1
9
6
3
3
2
1
7
1
5
8
3
4
2
5
90
3
6
17
1
5
4
5
5
8
5
31
9
9
4
8
2
6
7
0
4
5
5
9
1
0
2
1
5
9
92
7
1
13
1
1
1
3
2
4
2
08
3
0
0
0
5
8
96
2
9
7
8
2
7
39
9
1
0
5
71
7
4
8
3
7
9
7
87
3
3
6
5
82
1
5
3
8
9
9
9
8
0
63
80
27
2
7
8
8
7
5
5
0
9
04
8
7
6
9
39
0
6
5
5
5
7
4
5
5
091
0
6
4
78
2
9
8
7
19
8
2
5
6
8
4
4
19
3
93
8
8
9
90
68
6
3
2
5
92
7
9
3
2
1245
7
765
0
6
0
5
4
3
22
7
6
22
4
1
1
9
6
2
2
5
2
3
6
3
59
0
1
9
4
2
7
5
7
7
0
6
6
3
6
9
8
9
4
49
35
3
3
9
0
3
587
3
5
17
1
47
5
7
7
375
0
0
2
8
2
8
1
4
3
3
2
1
5
2
7
9
1
7
6
4
6
1
8
6
2
6
1
7
2
5
8
49
46
0
7
55
3
2
6
5
0
4
1
6
5
5
3
2
7
6
0
7
7
6
50
5
7
07
6
8
9
0
9
1
5
3
6
8
78
9
4
2
8
2
4
8
7
1
6
3
9
8
7
9
9
97
34
6
6
4
2
81
75
2
0
32
8
5
4
0
8
0
4
9
2
0
9
72
0
9
4
3
1
6
9
02
7
1
8
6
9
1
1
9
5
8
9
5
8
3
152
4
0
9
1
67
49
9
21
5
6
7
1
7
1
94
7
6
1
1
3
0
3
2
5
5
8
5
5
20
5
8
1
616
20
5
3
0
5
3
8
5
23
2
7
6
2
0
0
48
8
3
0
58
2
3
5
2
08
3
4
0
2
6
40
9
0
47
8
7
0
76
0
7
9
0
1
21
5
5
6
3
1
5
0233
22
9
5
0
7
0
8
3
0
864
8
2
0
7
6
8
1
4
3
8
8
5
3
0
6
1
0
5
8
2
15
1
7
1
9
1
2
3
8
8
8
1
4
1
6
3
5
7
311
9
7
6
6
47
7
1
05
6
2
9
3
0
3
2
0
8
2
3
4
2
9
1
1
9
5
4
7
8
5
4
5
0
0
2
72
5
4
4
8
4
9
2
4
2
7
7
6
8
4
2
6
4
0
7
9
27
33
1
8
0
9
3
6
8
4
56
737
3
8
06
2
4
75
5
3
5
07
3
8
5
8
3
8
2
0
1
79
691
54
1
9
1
0
5
4
7
4
4
5
4
4
8
5
2
5
2
5
6
68
1
8
98
2
3
4
0
2
4
1
4
3
47
3
0
8
9
9
6
5
601
0
4
0
0
3
3
4
5
0
87
6
6
9
8
0
0
0
0
4
9
3
5
5
9
6
2
7
6
2
6
8
4
4
1
9
47
4
9
2
1
1
9
1
8
3
9
3
5
2
4
5
5
0
5
6
9
7
2
7
3
5
1
9
7
9
49
9
7
8
9
5
4
9
9
1
9
0
8
9
9
1
1
0
4
9
6
2
0
10
4
3
5
3
7
7
0
7
0
6
2
6
6
3
6
7
6
2
9
6
0
6
0
1
8
58
3
3
9
4
6
4
0
7
9
5
8
90
1
8
3
4
4
5
7
3
5
45
0
1
0
69
6
6
4
8
4
8
335
3
92
186
8
3
9
2
3
4
7
8
6
7
8
2
7
0
0
4
7
1
5
3
9
26
7
91
1
8
21
6
4
30
3
5
08
9
8
6
8
76
7
2
2
0
69
90
163
4
3
3
7
50
3
1
6
9
0
4
96
0
9
9
9
6
4
5
3
2
7
9
93
1
7
6
1
3
77
1
9
4
3
2
8
8
4
0
2
1
8
8
9
6
4
7
1
8
5
1
1
6
7
4
5
3
0
86
2
5
3
74
7
2
8
8
3
9
5
43
7
0
5
4
4
2
3
8
43
8
06
0
7
6
5
4
5
3
8
7
704
3
1
38
2
5
4
9
9
6
5
8
9
4
3
00
48
3
02
9
58
9
46
9
0
5
4
9
4
1
4
8
7
0
8
6
3
8
9
9
1
31
6
96
5
25
5
50
5
647
3
4
1
1
4
6
5
1
1
6
16
6
4
9
3
7
2
2
738
0
5
9
2
9
3
1
11
3
6
5
1
6
17
2
2
4
9
2
6
7
0
8
44
6
5
5
04
4
5
4
5
9
1
9
1
7
5
4
8
6
0
68
8
1
9
0
2
8
8
54
3
4
7
8
0
3
3
95
5
7
6
0
5
72
6
00
79
7
2
2
6
4
48
44
4
3
3
59
96
1
72
9
8
6
0
5
23
4
9
2
2
6
4
4
87
6139
5
1
8
4
2
6
5
6
2
1
1
0
1
2
0
4
2
7
0
9
0
6
6
7
18
1
8
2
2
1
0
7
88
1
9
4
8
1
4
3
5
6
7
7
8
5
7
9
2
7
1
2
0
7
0
6
7
2
5
805
7
30
7
5
9
8
2
3
9
1
1
7
3
0
9
9
3
8
5
4
4
6
9
6
5
5
81
1
05
04
6
69
5
9
0
5
520
8
82
3
5
9
9
9
2
4
56
4
3
99
5
9
2
0
9
0
4
1
5
6
3
5
6
5
82
0
1
2
94
0
38
5
9
5
0
51
6
6
8
0
7
6
1
2
2
1
3
6
3
2
5
4
10
76
2
8
1
4
1
9
2
9
3
61
8
9
4
1
85
0
4
2
5
6
3
3
5
1
3
1
0
8
8
2
3
2
2
4
9
0
6
2
8
3
7
44
1
4
1
7
7
3
5
1
2
0
4
8
89
0
9
9
7
9
9
5
2
7
1
0
1
6
85
4
2
9
3
2
1
8
0
3
3
5
4
4
2
5
5
9
8
9
8
1
8
5
96
0
6
6
6
9
65
3
0
5
6
8
6
4
8
8
9
3
4
9
4
7
2
94
5
04
0
1
8
43
6
3
9
05
8
1
5
9
4
5
5
1
8
6
3
5
45
3
5
8
5
77
13
9
5
2
7
3
957
2
2
5
90
9
2
0
8
9
6
3
3
6
1
0
33
8
8
7
8
5
8
34
2
5
9
3
0
9
30
4
8
1199
0
9
0
6
1
1
2
4
0
7
6
2
6
67
0
6
2
19
5
6
6
6
2
1
3
3
2
3
5
3
8
5
4
0
3
26
6
2
7
8
100
1
3
6
48
7
8
3
4
5
3
9
7
1
0
0
2
5
0
4
08
1
84
3
1
7
6
3
7
5
3
3
8
4
1
9
0
0
75
6
2
7
9
3
9538
6
9
8
3
5
75
7
3
0
8
7
7
1
4
4
9
74
3
55639
5
8
2
6
9
7
1
3
3
649
5
1
29
5
3
2
7
64
7
0
0
8
6
04
0
1
7
2
3
04
6
8
6
1
4
2
80
1
6
7
5
1
6
8
9
1
8
00
1
7
1
4
8
4
7
0
0
17
1
157
2
7
0
4
9
6
8
0
6
5
1
9
3
7
5
4
1218
3
8
4
1
7
5
4
2
1
2
5
3
7
9
9
6
4
6
9
06
0
3
4
3
8
9
8
9
6
2
1
1
1
0
1
4
9
6
7
7
8
0
8
76
4
6
5
0
7
3
6
98
8
5
6
8
1
6
08
3
1
0
0
8
9
2
1
9
4
4794
4
5
0
2
0489
7
9
0
1
4
8
1
8
2
5
8
6
7
4
88
3
2
7
13
1
9
82
07
9
1
9
87
36
2
13
5
3
47
9
3
5
6
7
0
8
8
8
19
8
7
9
4
4
69
0
2
0
3
7
8
3
4
5
33
3
06
1
6
8
9
5
9
1
0
9
8
8
9
4
1
0
8
1
4
0
7
6
3
05
1
2
7
1
3
38
7
8
0
0
827
42
1
0
92
7
5
4
8
6
8
2
7
8
4
1
3
05
7
7
764
4
53
7
0
1
8
9
3
8
5
6
1
8
6
3
6
3
97
7
4
0
3
92
5
0
3
0
93
9
0
3
8
8
1
9
30
0
9
4
2
1
5
7
5
8
5
6
95
2
7
73
66
0
7
94
9
2
9
7
6
6
3
6
28
09
9
5
08
6
0
7
0
6
2
3
7
7
2
5
2
1
27
2
6
8
1
8
85
86
6
8
4
4
9
3
9
20
5
3
0
2
5
7
3
3
6
2
5
7
3
4
6
4
1
1
6
0
1
4
7
4
6
0
3
94
2
1
5
95
2
5
8
2
31
4
8
2
4
4
5
2
8
402
54
1
2
1
9
30
7
7
0
92
1
2
2
6
0
136
7
7
61
7
7
6
6
3
5
2
7
6
1
1
2
0
19
9
6
9
6
9
9
4
3
9
9
6
7
1
0
1
78
4
3
1
50
4
7
1
9
4
3
3
4
0
7
5
0
4
7
5
6
66
1
8
21
8
6
1
66
5
3
2
9
71
4
3
0
2
6
2
9
3
3
3
7
2
5
8
8
29
0
0
415
7
15
3
3
5
1
90
0
7
6
98
9
0
0
4
1
7
7
3
5
3
9
60
594
6
4
7
8
3
1
4
2
2
9
66
9
5
6
85
8
1
7
2
8
2
9
2
463
9
1
7
98
0
4
2
2
9
6
0
266
1
0
2
31052
5
6
9
8
67
3
1
9
88
4
65
0
18
6
0
7
9
7
4
1
09
3
1
5
2
4
5
3
5
4
84
86
5
1
139
6
5
7
6
9
5
3
0
9
3
9
82
3
04
5
4
7
3
2
6
67
6
9
2
4
99
0
7
1
387
1
2
6
3
8
7
5
8
8
2
5
4
1
80
8
4
8
9
7
2
0
3
7
4
9
6
3
3
3
4
4
1
3
55
8
0
9
8
0
7
4
9
6
112
1
2
07
2
9
8
9
4
1
0
6
7
3
9
4
1
9
99
3
0
2
3
9
0
7
6
1786
66
82
94
1
6
1
9
7
0
8
8
1
2
3
04
1
9
7
2
7
5
8
3
2
76
6
4120
6
8
4
1
499
1
5
7
8
3
04
5
3
3
6
6
3
7
5
96
3
2
5
4
8
7
5
8
8
9
5
0
9
3
76
9
7
1
5
8
2
1
0
4
7
8
8
1
3
6
2
1
3
5
8
1
6
0
9
80
13
4
4
6
3
1
5
7
0
5
8
3
7
87
3
4
5
5
4
4
01
7
8
8
9
7
2
2
2
1
2
3
53
027
3
51
8
0
5
7
0
1
25
6
9
4
1
4
57
1
09
7
13
5
1
2
9
04
8
2
4
8
4
5
9
1
2
6
2
86
6
8
7
1
5
4
38
4
5
7
6
98
7
6
0
3
9
9
0
3
30
4
2
6
9
4
8
9
1
5
9
7
5
7
9
1
5
2
5
8
9
47
1
6
0
5
4
0
7
6
40
6
6
7
9
13
0
6
9
7
1
3
3
5
01
0
8
2
5
82
7
93
4
88
8
9
5
4
9
6
7
4
3
0
5
58
71
6
8
6
0
5
7
2
8
7
3
8
7
4
1
6
9
7
5
6
7
9
5
9
4
7
1
95
9
8
5
1
3
0
05
2
2
7
4
9
1
3
1
7
14
2
05
15
6
09
1
2
8
6
6
8
0
861
5
9
7
62
9
1
84
58
9
8
1
0
19
4
3
3
8
7
7
14
5
0
2
4
4
5
2
23
3
1
4
0
8
6
7
6
8
6
35
92
7
8
2
1
6
5
7
5
3
7
7
8
3
9
8
9
18
0
9
3
6
0
47
1
6
4
97
3
94
4
7
9
0
1
2
35
2
36
1
2
2
4
17
