1229
2
552
2
1
4
5
7
04
2
18
2
5
5
926
23
86
67
28
7
3
03
6
9
9
9
328
0
65
196
77
2
4
3
6
6
5
2
5
7
2
1
8
43
8
8
4
1
2
33
4
3
2
0
0
3
1
4
8
8
1
5
64
74
0
7
790
9
26
3
5
6
9
3
9
0
0
81
9
4
1
2
4
8
2
2
9
3
1
3
3
9
5
8
4
7
8
8
8
2
0
2
4
9
1
4
39
3
3
8
3
0
2
7
3
8
6
5
7
4
8
5
2
3
20
57
6
8
5
7
0
8
2
8
9
57
6
7
6
8
65
4
7
7
1
7
1
49
6
2
3
8
8
6
9
89
7
4
2
66
3
9
8
0
9
3
6
27
1
5
1
3
7
4
6
8
7
1
2
9
7
9
1
3
0
49
7
5
4
6
3
4
8
5
1
2
1
4
4
1
3
6
1
1
5
1
4
1
5
7
8
5
6
4
3
7
67
85
7
2
7
19
1
8
1
908
6
4
30
3
9
10
80
5
59
6
0
6
4
1
1
89
6
0
4
9
0
4
57
9
00
3
2
94
5
8
7
5
60
3
79
7
4
1
3
5
4
6
67
7
7
7
798
9
2
3
1
5
5
1
2
7
7
4
9
1
9
2
7
9
4
4
3
9
89
1
9
90
8
31
3
1
9
01
4
1
6
1
0
9
5
5
30
4
3
3
1
7
0
2
6
1
2
4
8
9
0
2
77
4
0
9
1
6
8
9
3
7
3
9
8
8
2
3
3
77
4
7
3
0
2
3
3
5
75
79
97
7
5
0
3
4
9
6
0
9
4
0
0
1
5
4
7
6
3
8
30
2
13
11
9
9
5
6
9
4
5
7
4
5
6
2
8
8
6
5
2
7
9
2
6
5
3
6
9
6
0
1
8
8
1
1
2
8
2
1
9
9
5
4
9
6
2
3
9
5
1
1
4
7
7
2
5
2
4
8
3
0
115
26
14
833
4
5
3
8
4
9
0
3
056
3
9
7
2
6
7
0
9
8
6
9
2
0
6
4
96
0
71
9
0
5
3
6
265
1
9
2
7
7
6
29
7
8
9
7
71
8
1
1
1
2
1
46
13
2
7
9
4
9
7
4
0
5
8610
5
6
4
3
6
7
9
7
4
7
4
4
4
5
4
2
9
2
4
7
16
5
8
9
7
19
6
7
5
3
4
9
3
9
3
6
8
5
46
1
9
0
13
1
8
0
8
0
1
7
7
1
502
7
8
1
9
7
2
3
5
3
3
0
5
2
3
5
0
6
9
21
0
1
8
0
8
4
1
8
5
1
6
6
33
2
8
2
2
1
9
5
5
5
9
9
041
9
3
4
7
8
7
6
3
87
2
794
8
6
1
7
79
8
1
1
5
0
3
9
5
81
6
2
5
1
2
3
3
0
6
78
7
9
3
6
7
62
4
1
1
90
6
31
1
7
6
2
5
3
3
0
4
59
1
5
9
1
8
0
4
4
0
9
2
6
4
2
1
449
0
5
3
19
7
9
9
7
47
70
7
7
0
5
91
4
6
8
1
4
6
0
9
4
5
2
2
1
2
4
9
6
8
8
06
0
8
8
3
8
6
0
3
1
9
8
7
2
0
5
3
3
37
5
8
1
7
6
416
4
5
6
37
3
44
6
3
0
24
2
1
6
5
8
10
7
6
6
7
3
1
9
9
30
7
7
1
5
2
6
5
5
7
9
1
5
9
6
5
8
7
9
5
47
0
4
0
7
8
9
0
3
21
1
1
9
1
5
7
6
29
0
1
0
8
9
0
0
8
5
9
1
7
8
68
8
1
9
9
1
3
6
8
6
90
9
0
8
5
9
5
3
2344
64
5
1
0
25
2
0
65
7
8
3
4
1
1
51
3
2
78
1
9
63
6
0
0
7
2
9
3
6
515
8
8
3
90
8
9
5
532
0
4
1
2
44
18
4
0
8
2
3
2
0
6
8
867
0
8
8
6
4
3
7
0
1
8
7
0
9
3
3
9
2
7
3
3
40
3
99
7
82
54
7
4
6
83
9
3
5
9
8
4
2
1
6
9
2
0
2
3
8
7124
1
6
60
4
5
817
46
298
3
3
8
8
4
3
91
0
2
1
8
7
41
1
2
4
69
7
5
4
8
1
2
6
0
0
2
7
0
2
2
6
72
2
6
0
6
3
3
0
37
1
42
8
5
2
2
7
4
4
0
5
4
7
5
0
005
7
3
60
5
5
1
3
4
8
0
3
8
1
8
56
2
8
0
0
9
6
24
0
1
5
5
1
3
36
58
78
4
1
0
0
83
9
3
5
6
0
47
3
6
8
4
5
8
5
97
1
9
7
8
4
4
6
1
3
2
95
3
6
27
6
9
33
9
14
7
1
0
8
7
5
2
2
1
0
95
9
2
414
67
4
8
0
0
9
1
6
0
44
0
5
0
1
1
4
3
3
0
0
8
9
2
5
5
0
59
2
7
8
5
6
6
4
5
9
6
11
1
9
0
3
0
8
6
6
04
1
6
2
3
8
5
2
4
7
99
1
3432
8
2
5
68
2
9
4
95
6
4
2
1
61
8
9
7
6
8
54
7
01
2
9
5
1
9
7
20
3
59
0
967
2
1
2
00
0
4
3
4
4
8
0
76
10
8
97
8
2
8
3
24
7
87
6
9
2
4
5
9
3
7
0
1
7
6
9
0
5
7
3
3
0
5
6
3
1
47758
9
6
9
362
3
75
5
72
5
1
8
9
6
8
6
5
0
1209
5
2
1
35
3
6
75
2
6
2
7
3
4
0
78
48
9
7
2
8
1
3
0
8
8
4
70
0
4
1
2
5
68
0
5
99
3
1
4
12
2
3
5
93
14
3
7
6
7
58
0
4
9
66
8
6
28
9
8
3
5
3
1
2
8
7
2
8
3
2
9
07
48
19
917
6
4
6
2
5
6
191
2
82
1
9
4
82
0
2
5
713
1
3
8
4
5
6
4
0
3
6
5
2
1
6
1
7
1
9
0
7
5
7
6
3
9
8
7
2
63
1
07
6
36
7
2
3
50
3
5
3
0
9
6
2
88
6
3
73
54
0
9
5
1
7
88
9
7
4
7
1
3
5
3
00
5
7
4
6
4
8
3
1
9
7
7
8
8
8
81
58
1
9
63
3
5
8
3
7
2
0
88
33
0
6
2
5
6
7
5
2
5
6
9
6
74
2
32
2
2
97
4
6
6
18
8
9
7
4
6
5
9
3
8
8
13
074
16
4
7
1
7
72
9
4
1
8
0
4
6
7
5
5
5
10
4
8
5
1
8
6
19
1
2
0
7
3
9
4
9
9
7
5
4
5
7
5
5
0
0
2
6
9
7
5
3
2
4
3
19
8
5
3
1
3
0
3
7
4
5
5
7
17
2
4
9
4
3
9
8
1
4
0
7
8
7
6
5
214
5
638
7
6
6
01
0
8
37
3
4
1
5
2
0
9
5
5
0
0
7
2
50
7
586
3
6
0
6
2
2
6
4
1
275
3
50
4
647
1
2
5
304
01
3
2
9
2
37
06
5
2
6
0
7
3
2
8
0
7
8
8
0
4
2
6
6
6
2
6
19
3
49
6
5
1
1
5
0
8
7
3
7
7
0
9
2
3
5
1
2
5
80
9
1
946
0
3
8
2
8
5
4
5
2
7
6
8
3
4
2
3
8
4
5
9
2
3
8
2
6
5
998
0
6
3
2
1
5
7
1
5
8
0
8
5
0
6
51
4
8
84
3
1
3
5
1
1
6
5
2
0
4
600
2
4
1
1
5
2
1
3
0
6
449
1
53
7
4
1
6
6
3
7
5
3
2
6
2
8
6
50
0
2
9
3
13
5
0
9
8
5
9
5
8
0
5
3
9
46
4
49
0
8
6
6
8
8
3
1
11
1
1
2
5
2
9
9
6
86
9
1
8
0
2
4
18
3
0
9
1
4
5
3
6
2
5
43
7
7
5
5
7
21
33
6
4
8
1
2
92
6
6
2
8
4
43
4
4
51
2
9
2
2
1
9
4
8
2
2
12
8
8
4
22
8
7
3
6
80
1
5
79
6
21
0
7
09
3
9
3
5
4
7
3
4
8
5
4
9
2
4
1
2
2
91
9
9
1
0
9
1
62
4
5
3
3
76
34
1
2
6
2
5
44
7
63
542
3
5
8
2
1
4
0
3
7
5
7
4
5
3
4
4
3
4
4
5
8
5
0
4
6
5
6
7
1
3
4
9
5
94
87
3
9
5
4
4
3
0
2
58
4
8
8
8
0
5
5
9
8
63
2
3
70
6
5
9
7
2
9
5
7
7
9
1
6
6
1
8
9
7
4
97
39
9
21
0
4
5
9
3
9
74
3
8
1
4
4
7
2
56
0
2
1201
3
2
81
4
4
2
3
7
4
6
5
8
2
2
2
4
1
6
95
7
07
3
6
158
1
5
8
6
9
5
3
0
0
3
5
0
0
64
6
2
4
0
9
5
8
8
0
8
8
83
2
9
6
8
9
42
0
6
0
3
6
36
7
9
6
2
01
8
4
2
62
6
0
7
9
24
7
7
1
3
0
5
4
5
4
3
1
6
77
5
9
1
5
7
1
8
3
0
5
9
3
6
4
8
93
1
9
8
3
5
9
5
0
9
3
5
6
2
9
6
3
3
2
6
2
4
4
0
0
99
4
8
0
5
1
4
0
8
0
6
5
5
9
09
4
2
3
4
3
9
7
1
3
9
8
86
1
8
0
02
5
5
3
1
6
5
6
2
0
3
6
1
0
2
7
4
8
4
0
2
1
9
3
1
6
8
9
5
8
5
45
1
1
1
8
1
6
2
1
840
7
5
1
0
7
858
8
1
4
6
091
32
16
6
3
1
0
1
2
2
3
4
6
5
7
5
7
6
1
5
9
3
1
0
1
2
3
4
5
5
5
5
4
4
7
3
7
7
3
80
44
4
5
4
7
2
3
9
0
3
1
5
5
9
2
1
0
3
3
90
7
06
9944
7
1
4
0
5
0
6
5
6
9
8
0
3
7
3
6
2
0
07
5
0
4
7
60
5
2
19
0
59
29
6
4
53
2
9
5
7
9
8
8
9
2
9
3
4
0
2
2
9
8
7
3
5
81
7
8
33
47
3
3
5
1
3
0
2
5
1
1
107
4
1
6
7
7
8
0
6
0
7
5
0
2
8
5
7
5
5
9
1
8
7
8
9
8
7
9
58
4
9
1
6
8
1
82
1
9
85
3
1
9
1
473
7
1
6
9
9
0
0
6
1
9
2
5
5
18
1
62
6
6
3
8
3
2
1
8
9
6
4
2
4
4
7
2
6
3
1
8
8
9
5
7
5
0
194
9
7
5
1
1
6
7
2
78
7
2
51
7
5
55
9
8
0
3
2
1
4
33
4
8
2
0
3
5
9
4
7
59
4
9
0
2
0
9
4
4
4
4
0
8
8
5
8
3
2
4
1
9
4
4
4
1214
38
4
8
3
0
3
0
77
6
6
7420
6
2
1
0
5
7
9
9
03
9
2
75
6
59
3
4
34
24
8
2
19
6
5
10
3
74
29
0
04
8
56
8
5
0
9
9
44
5
9
6
6
4
54
6
9
6
0
9
7
9
2
2
4
8
1
0
6
2
6
5
3
1
3
06
4
7
8
5
6
0
0
8
5
1
68
2
1
3
9
76
9
3
6
1
8
9
9
5
9
6
2
6
5
2
7
8
5
2
1
684
3
0
1
24
2
1
1
7
5
2
4
3
0
9
9
5
63
04
6
1
0
4
5
7
3
0
3
17
4
35
5
5
0
8
3
8
2
7
21
3
4
6
73
1
1
1
1
0
1
8
8
52
7
5
6
7
6
5
9
3
7
4
42
3
4
9
5
6
1
62
8
3
2
6
7
5
555
13
1
7
3
6
5
0
3
8
8
81
3
9
0
2
1
3
7
9
6
0
8
05
0
5
5
2
4
4
35
4
9
6
87
6
2
1
5
9
1
0
4
4
1
3
22
0
2
2
2
4
9
70
7
8
9
5
7
5
8
41
35
3
2
09
6
4
7
2
7
25
7
87
5
5
0
6
1
0
7
8
2
7
6
8
2
5
7
829
6
62
1
1
1
708
39
6
0
7
7
6
6
9
6
3
7
08
63
5
3
6
2
2
88
7
1
1
05
4
1
28
3
2
4
0
10
67
7
3
9
7
9
2
0
9
8
24
29
28
3
3
6
3
8
9
34
0
4
3
7
1
2
8
4
7
3
0
5
8
2
7
50
5
6
0
6
3
1
8
7
4
4
8
6
27
1
0
9
65
1
8
20
0
4
8
6
1
3
6
28
0
9
2
1
2
32
6
7
5
0
0
7
8
0
2
58
2
7
4
9
9
5
4
6
85
1
3
3
6
5
8
6
5
5
7
1
3
1
8
9
5
8
9
2
9
5
4
7
57
5
8
4
6
9
1
6
2
7
9
3
29
5
8706
8
0
4
1
3
3
99
4
4
7
11
6
9
4
8
920
5
4
2
0
9
0
3
7
9
9
30
6
1
58
3
5
6
4
5
54
2
2
933
0
07
7
1
7
2
9
3
7
3
3
6
7
80
3
7
2
5
5
5
79
4
7
1
648
6
7
7
9
4
2
6
80
5
9
0
3
2
3
2
2
1
0
84
2
5
9
3
4
7
0
4
6
0
0
2
0
2
42
1
0
0
5
5
5
44
5
0
0
7
4
3
9
7
6
55
0
8
7
13
3
4
1
8
61
7
3
1
1
85
23
3
2
0
8
0
1
5
4
3
3
77
4
1
8
1
0
1
1
8
1
2
7
8
9
946
7
2
77
2
6
3
8
96
9
0
4
7
97
2
63
5
0
550
7
1
0
8
68
19
7
8
7
0
5
5
6
9
4
9
7
7
35
9
1
5
0
3
4
6
1
4
2
54
2
3
3
5
8
2
2
06
51
5
7
6
4
5
9
5
7
23
0
10
2
9
0
8
2
8
44
7
5
0
1
0
6
9
8
5
4
3
1
2
3
89
2
8
4
3
86
7
43
10
0
0
88
7
7
7
9
0
5
1
40
3
91
0
1
5
8
5
9
4
1
9
6
8
4
1
108
0
0
5
5
6
6
8
3
7
16
49
2
9
2
9
3
68
9
2
3
0
2
8
9
8
00
0
5
6
7
4
3
0
54
6
5
6
7
5
1
2
8
6
2
5
2
8
9
2
5
0
1
1
8
5
2
2
3
4
7
5
7
9
3
6
22
1
3
79
9
0
5
7
0
4
1
4
2
3
1
3
4
30
8
98
8
3
3
5
284911
6
5105
7
8
3
5
7
9
0
8
0
8
5
4
7
25
2
2
0
09
8
2
5
7
95
85
4
82
8
1
4
93
0
7
9
6
9
23
2
7
5
6
1
6
1
6
5
4
0
5
1
6
79
06
8
2
6
2
91
7
0
4
3
5
0
0
032
7
2
03
37
3
2
1
2
8
2
07
6
66
0
7
16
6
8
7
70
1
779
1
81
7
7
04
3
6
1
83
4
1
6
2
9
1
9
88
5
4
4
7
5
1
3
9
6
3
2
8
0
9
6
33
3
6
5
9
1
7
3
8
0
9
8
0
2
9
41
4
0
93
9
1
4
3
1
6
2
3
1
16
6
3
0
7
0
1
3
2
6
6
6
3
0
5
6
6
2
5
4
1
7
9
8
86
5
99
0
8
7
8
1
7
2
0
2
91
5
4
2
9
4
5
6
2
4
961
5
3
7
7
0
2
7
3
4
0
1
5
15
6
6
3
49
0
06
3
7
49
1
25
9
7
4
8
87
73
7
6
6
2
8
0
0
5
4
3
3
5
3
8
2
0
9
6
0
29
22
3
8
1
2
09
0
3
9
0
4
0
8
0
88
0
4
8
77
1
78
1
2
0
4
8
9
36
9
8
7
7
48
2
7
4
1
22
0
7
4
4
0
4
67
2
5
7
8
7
7
5
7
8
4
12
81
8
0
7
6
9
3
1
0
7
1
6
5
4
5
7
4
0
9
2
2
3
5
0
7
4
5
0
5
8
4
4
9
39
1
9
12
9
4
6
8
8
3
9
8
3
7
5
5
2
7
7
56
9
5
15
2
9
8
0
4
0
1
2
79
7
9
3
6
6
5
68
6
5
9
0
2
3
3
7
90
1
35
5
0
3
4
7
4
1
2
1
99
7
0
6
0
4
1
7
20
1186
8
2
4
23
50
1
2
0
7
2
2
1
8
6
6
3
6
3
7
3
3
3
5
4
3
6
9
3
3
0
4
4
2
3
6
7
9
87
4
9
9
9
00
9
8
6
9
5
87
5
2
8
3
1
04
47
9
58
2
4
7
0
0
0
14
3
8
49
8
4
9
02
7
54
6
8
43
4
80
109
36
2
5
3
3
3
7
59
2
4
8
7
3
9
4
7
5
0
96
4
8
9
124
9
3
5
3
4
6
2
6
3
2
6
2
8
2
4
8
8
33
5
6
85
5
5
86
5
0
0
1
9
5
3
7
7
2
1
7
6
8
9
5
09
0
9
1
2
6
6
0
43
7
0
4
1
95
86
4
1
1
86
2
4
5
4
4
4
6
0
1
6
5
0
8
9
6
9
0
7
7
40
2
6
6
1
9
4
3
5
2
5
8
6
8
5
5
31
9
2
15
8
4
8
1
0
9
9
48
0
8
1
6
3
1
0
7
1
6
6
4
7
0
8
7
0
2
0
48
84
1
9
48
26
8
8
8
7
6
14
6
1
9
0
6
7
2
2
0
0
2
9
3
2
1
748
0
7
3344
0
62
9
6
33
4
9
47
3
4
8
20
2
8
4
8
0
0
0
06
2
34
24
6
8
9
8
2
7
76
0
5
4
6
5
5
3
5
0
1
9
2
0
3
3
768
8
6
9
9
46
57
9
81
6
0
9
8
6
1
1
4
7
58
7
7
9
939
9
5
2
00
1
2
2
8
5
78
5550
1
0
9
0
5
8
1
7
78
8
64
6
5
1
1
76
3
9
3
67
7
1
8
4
0
54
9
91
5
6
0
8
06
29
3
02
6
3
2
2
1
20
0
7
7
2
06
3
8
9
1
8
9
9
59
5
2
3
1
1
4
1
2
8
5
0
5
0
5
4
40
6
1
84
75
3
4
8
51
8
5
2
6
6
80
57
4
7
4
6
03
2
6
7
86
5
7
07
8
45
5
2
7
6
3
8
3
18
07
9
2
6
6
4
9
0
6722
58
3
2
9
50
7
3
4
1
3
87
9
38
410
5
2
2
0
8
7
7
7
6
1
2
0
6
7
2
4
0
4
1
58
4
1
4
2
7
60
0
0
8
72
6
3
0
6
79
5
5
4
9
60
8
2
44
614
7
6
5
7
9
3
5
40
7
5
2
7
0
7
5
4
3
3
5
1
7
0
7
9
8
8
0
8
6
2
2
9
99
1
2
1
6
3
8
7
1
3
2
7
5
5
1
5
4
4
4
9
065
9
94
3
04
3
9
9
83
51
2
1
04
3
5
0
7
1
8
0
84
0
4
164
2
1
4
84
2
44
6
6
2
9
0
2
4
84
95
3
4
49
2
39
4
7
3
97
5
1
6
4
3
4
1
3
33
0
9
0
1
4
3
4
9
3
0
0
3
1
45
9
9
5
28
7
40
5
14
3
0
1
6
1
6
6
5
7
1
9
9
29
1
4
5
2
6
5
2
0
8
9
6
6
7
2
1
7
3
2925
95
3
7
7
8
8
88
2
9
9
2
4
1
7
37
2
8
2
5
0
8
1
9
0
19
2
5
13
0
0
0
4
0
1
1
6
5
24
6
6
3
88
2
1
0
5
9
6
5
08
0
2
0
2
7
85
0
4
59
9
0
99
9
6
7
1
1
6
3
9
9
3
4
1
4
0
3
9
8
0
0
44
4
0
7
0
0
7
8
88
0
5
4
4
5
4
94
0
2
8
5
57
67
8
62
6
6
7
1
9
9
5
39
8
6
4
4
7
2
0
3
2
2
6
7
9
5
5
6
7
24
0
4
8
3
2
0
1
0
18
5
2
8
7
4
0
5
3
7
0
3
4
3
26
9
8
5
1
07
9
7
9
0
3
3
4
0
2
0
4
2
23
9
54
5
3
7
1
9
9
0
5
52
7
4
1
8
9
42
1
2
2
0
7
2
2
3
7
2
8
9
5
6
4
0
3
5
27
5
7
7
2
9
3
1
4
6
8
01
2
2
3
3
9
1
6
67
6
2
0
3
5
7
3
8
7
6
6
68
445
8
6
7
8
5
2
6
71
1
49
8
0
49
9
0
71
0
3
3
3
5
02
6
2
1
3
7
7
0
5
2
465
9
8
7
6
1
9
27
0
1
3
69
2
01
7
2
3
4
21
1
9
155
9
2
7
4
3
9
3
2
6
7
4
9
6
8
34
2
1
8
1
3
4
6
5
3
8
0
1
5
1
5
3
5
18
1
6
910
7
21
46
9
80
2
9
5
3
5
1
8
4
0
9
92
00
4
0
2
9
0
6
12
17
71
9
3
6
7
7
7
4
4
85
8
1
3
19
2
4
4
8
6
7
4
78
8
4
9
19
4
7
7
5
7
7
7
2
7
2
4
1
06
3
33
91
3
2
0
3
6
9
4
4
5
7
2
3
9
0
4
8
4
5
1
5
9
9
22
4
9
0
5
5
0
9
3547
9
5
5
5
01
0
0
9
9
7
6
0
5
4
88
7
08
7
2
8
3
3
9
5
7
5
3
2
7
9
3
0
1
22
1
7
06
2
817
4
8
7
1
6
2
50
86
3
0
9
3
0
56
59
2
0
31
7
6
4
5
0
1
36
44
6
2
17
0
0
67
5
2
0
48
2
1
45
9
1
4
1
8
0
1212
07
6
4
7
2
2
7
8
4
6
7
4
0
1
5
8
94
3
9
78
7
72
9
8
19
54
8
9
3
1
0
6
1
7
5
7
5
6
8
0
5
8
17
0
6
5
9
0
2
0
2
8
3
2
7
7
0
5
5
27
7
1
98
8
1
9
7
4
3
9
3
0
6
6
3138
4
3
9
0
3
5
0
7
8
1
6
8
5
3
0
3
8
5
7
2
8
693
4
4
15
1
6
5
9
3
4
37
8
1
6
1
35
8
2
9
0
9
8
18
6
1
1
1
6
9
1
5
7
8
5
7
8
07
8
8
0
4
5
3
0
9
4
2
7
10
2
0
7
6
9
4
45
4
5
2
0
0
4
3
5
1
8
0
8
4
3
6
8
8
1
7
0
0
5
4
3
3
9
5
0
4
2
5
3
8
2
1
5
8
2
5
3
3
44
841
9
7
5
5
8
8
8
0
7
2
64
7
7
28
0
1981
6
6
7
8
6
5
523
7
4
9
9
0
8
0
6
7
9
5
9
6
1
59
631
3
4
7
9
2
6
3
2
9
23
2
724
9
5
66
8
0
6
2
4
7
8
2
77
3
5
4
9
7
45
58
8
8
8
5
70
20
65
1
7
6
9
2
0
3
1
6
4
7
6
6
3
9
94
38
1
66
4
2
62
3
8
1
0
7
4
9
7
8
4
5
87
8
0
0
8
0
1
3
5
4
37
4
7
8
8
1
9
211
6
5
2
0
555
3
3
0
56
1
0
2
55
32
0
8
0
6
5
8
08
8
7
52
21
4
9
2
4
0
925
9
1
714
93
5
7
912
3
2
3
0
6
5601
9
5
1
6
49
0
72
9
3
7
06
8
7
0
4
3
3
9
0
215
1
1
3
2
5
00
1
96
5
5
6
7
0
8
0
1
9
9
5
1
81
7
667
1
6
91
8
4
9
4
3
67
4
865
80
9
7
1
3
5
0
1
2
9
0
9
3
3
8
7
6
8
2
90
3
5
76
621
1
3
9
7
7
8
3
2
3
0
9
8
89
3
4
7
2
7
0
1
053
17
1
4
09
8
4
24
5
8
0
04
9
4
2
7
8
1
7
6
2
1
3
1
5
5
8
6
9
2
3
8
7
1
2
8
59
0
3
9
2
2
8
67
2
5
1
2
4
8
36
1
7
3
2
07
6
9
6
346
81
5
3
1
5
75
3
0
9
85
5
1
7
4
08
95
8
7
5
2
2
5
8
9
13
9
3
1
9
9
56
5
14
4
9
65
57
8
2
1
0
7
2
0
22
36
5
43
2
2
6
1
4
2
38
3
4
4
8
6
7
5
2
1
7
3
1
0
5
4
1
4
3
6
8
2
9
2
53
0
74
9
9
879
6
9
4
1
6
6
4
93
2
6
8
3
6
8
1
7
1
3
5
6
4
47
1
62
0
2
9
8
8
1
0
7
1
7
08
6
3
07
9
9
1
3
4
2
1
4
9
6
5
4
35
0
0
0
6
4
4
6
9
91
3
4
2
9
9
2
5
9
5
8
6
6
9
4
1
1
4
0
1
1
4
1
4
9
5
8
8
17
1
5
9
8190
6
6
4
7
0
5
6
6
6
6
5
7
7
3
4
5
9
3
49
56
1
2
3
3
9
2
6
6
0
5
15
9
2
3
3
2
5
9
23
89
98
5
7
4
76
6
2
7
1
1
89
2
7
8
1
04
5
3
7
5
2
37
8
6
08
6
3
0
3
9
6
6
6
6
01
7
1
4
18
8
8
9
2
3
8
1
0
2
3
0
89
2
5
7
4
7
3
3
7
7
0
9
5
8
0
3
3
1
8
3
0
0
0
9
9
8
292
5
9
15
1
2
4
3
1
6
17
4
9
4
7
4
4
66
0
8
9
1
5
2
6
0
0
4
0
7
1
92
4
9
1
75
8
6
56
9
8
6
7
7
3
18
8
2
8
71
8
1
1
8
0
6
9
2
3
4
2
6
5
4
1
4
8
5
0
2
6
2
5
1
4
1
7
0
3
8
6
8
9
0
1
9
4
4
2
7
0
65
46
3
7
4
9
4
7
7
8
7
4
4
5
5
4
5
4
8
06
208
5
6
25
98
5
3
5
7
8
90
1
6
0
0
7
3
25
7
0
2
4
8
71
0
9
9
9
1
8
6
5
5
3
1
45
661
3
0
9
1
3
3
9
2
0
3
3
77
69
9
1
8
8
4
7
7
1
3
1
1
2
7
38
1
7
8
1
3
8
7
079
59
1
0
4
7
4
2
55
25
6
4
7
7
6
6
34
8
25
8
3
2
6
9
2
8
5
3
4
9
1
67
4
6
2
5
9
8
8
8
24
8
5
4
2
1
01
1
3
9
1
7
4
7
7
4
2
7
1
4
1
3
1
2
8
0
4
68
4
80
8
7
5
0
6
0
5
40
1
8
7
699
6
3
2
2
660
9
1
1
08
3
3
4
2
2
1
8
8
3
3
88
9
0
3
9
1
2
42
3
5
6
0
849
1
3
0
5
6
12
6
0
8
5
4
3
6
3
1
3
5830
0
1
2
3
6
8
8
8
2
1
1
7
8
7
5
6
0
3
2
0
6
47
5
4
2
3
6
6
5
3
7
4
8
92
2
8
7
0
1
0
3
87
4
6
0
91
1
0
3
7
4
1
5
6
2
8
8
0
7
9
1
1
2
8
8
9
7
3
1
31
4
35
6
1
4
9
22
7
6
4
3
3
1277
2
319
40
0
9
9
4
7
5
1
3
1
8
1
5
0
0
0484
7
4
1
8
81
6
9
6
4
5
5
4
7
7
5
7
8
8
3
2
6
4
8
8
2
6
4
9
6
4
4
8
1
7
0
3
5
7
6
0
9
3
7
7
0
72
0
3
0
0
9
2
1
78
1
65
8
4
6
5
3
3
64
4
04
9
7
8
0
1
4
6
7
77
5
7
8
3
32
472
1
5
8
9
83
8
4
4
2
4
3
7
34
62
9
8
1
6
9
7
534
20
02
0
7
1
09
8
9
7
6
4
8
3
76
0
0
57
6
6
9
6
1
45
9
84
91
1
9
0
6
6
07
1
0
0
1
4
6
4
9
5
8
9
2
7
7
9
7
6
8
8
9
0
2
1
2
0
4
0
7
3
0
9
1
9
2
9
1
0
2
2
8
28
57
5
4
9
5
7
4
9
88
1
6
8
5
81
8
4
63
4
4
8
4
7
9
3
2
6
4
8
8
97
6
32
3
0
0
5
1
1
2
0
1
7
3
5
9
9
3
3
5
2
6
1
3
10
3
39
1
4
7
7
8
9
5
4
6
5
9
2
1
5
6
5
1
84
0
5
3
3
6
9
8
82
9
9
3
2
6
3
1
8
2
1
5
3
0
7
5
4
9
6
2
3
7
9
1
402
4
8
7
7
8
0
5
0
68
9
3
6
91
63
2
7
45
0
7
74
2
6
7
0
3
6
8
6
8
6
6
2
4
7
7
7
0
0
9
3
3
0
3
3
6
7
1
97
2
6
1
32
8
8
6
9
2
05
8
5
9
22
42
7
42
8
6
2
5
95
1
75
6
0
6
4
3
3
3
62
06
8
8
3
52
4
7
61
7
1
9
1
23
7
0
5
0
5
9
54
6
2
4
1
4
4
4
77
6
0
22
1
4
1
1
5
2
508
2
9
2
51
07
9
81
0
81
7
1
5
4
0
4
3
3
3
5
0
6
2
46
3
5
36
1
5
0
120
4
5
4
65
2
9
23
3
351
3
1
94
2
2
3
182
0
1
9
4
3
892
1
7
26
0
029
31
7
4
86
1
4
1
9
7
4
9
0
2
37
90
04
0
2
4
4
0
9
8
2
1
0
0
3
8
0
2
4
7
3
5
7
7
9
7
6
1
0
9
9
5
2
0
5
4
3
581
7
9
9
6
0
7
1
3
7
3
6
7
7
41
81
5
7
3
4
6
2
0
8
2
1
9
073
7
4
1
4
2
8
6267
07
1
1
6
64
31
0
2
21
4
46
3
9
3
3
3
25
64
1
6
0
0
08
2
4
7
9
6
24
1
0
2
2
3
8
04
735
2
0
2
50
4
0
3
2
14
0
12
0
7
7
1
4
3
5
7
5
0
5
1
98
5
7
2
3
6
6
3
9
25
1
16
1
49
5
3
1
5
6
37
00
9
5
0
5
1
5
0
6
33
3
976
01
9
5
5
6777
6
92
5
5
11
7
8
6
4
9
2
1
4
1
4
9
6
8
5
4
4
5
7
3
6
612
72
4
6
0
36
6
8
1
3
4
2
5
1
5
1
62
09
2
1
3
9
8
8
3
3
6
1
5
82
4
6
1
8
1
5
6
5
3
6
6
1
6
1
2
9
4
0
2
1
3
9
6
5
3
400
593
9
1
8
5
23
6
6
9
9
03
2
7
6
7
5
7
8
5
6
80
1
9
0
5
5
9
1
4
3
0
3
9
4
0
6
6
99
4
7
2
06
4
5
4
4
7
6
8
6
69
0
8
2
0
1
31
8
3
0
6
3
6
5
19
1
47
0
0
9
9
1
307
5
6
0
7
5
35
7
8
2
3
48
4
5
2
6
26
1
7
1
75
4
8
3
5
8
9
2
69
57
8
5
3
20
6
9
6
5
6
7
89
5
7
2
6
2
5
3
6
21
8
15
6
1
4
4
2
2
6
24
7
7
2
3
5
1
3
4
34
5
8
4
02
8
03
3
1
5
8
40
0
01
3
7
6
9
1
1
6
9
75619
5
2
2
8
1
2
8
0
8
3
1
0
8
08
4
1
5
0
9
5
91
99
0
0
3
9
2
4
08
5
4
9
6
23
7
3
9
8
38
6
2
3
9
6
21
08
6
1
4
11
0
7
0
0
9
4
5
7
4
7
1
7
1
91
1
1
47
6
3
8
8
1
1
8
2
7
4
331
8
892
7
9
0
4
2
8
2
0
9
3
4
1
5
9
17
2
88
54
32
7
4
1
3
2
9
29
52
0
7
3
9
7
2
3
4
8
4
5
2
0
1
2
1
4
5
4
40
5
5
4
1
1
6
21
2
8
3
1
2
49
4
32
6
19
9
0
1
5
5
4
3
32
77
0
08
0
3
7
75
1
21
5
0
17
2
08
8
9
8
4
2
6
9
0
5
3
6
6
5
7
6
8
7
0
2
0
9
03
3
8
4
1
4
8
5
4
5
8
5
7
5
1
8
8
3
3
03
9
2
4
3
1
83
04
7
4
0
7
3
1
10
4
4
4
8
204
5
7
8
4
9
5
0
5
2
14
3
6
6
0
2
6
6
0
6
7
4
5
9
8
6
9
9
0
83
4
5
7
5
78
1
3
2
6
9
0
2
39
1
1
6
6
6
1
7
3
9
8
6
0
5
8
9
3
35
5
5
9
7
8
3
92
8
3
9
4
4
6
5
7
1
7
7
5
8
3
09
1
3
3
5
2
2
9
7
4
8
3
7
6
2
6
2
66
1
4
5
2
2
1
3
0
2
9
6
4
3
9
12
3
1
0
6
0
0
9
4
8
9
8
1
4
4
8
5
2
27
8
79
1
8
7
8
1
6
3
3
7
2
0
6
34
8
6
1
2
8
93
1237
05
4
29
4
9
8
1
5
0
8
1
6
3
1
5
3
6
4
4
1
5
6
8
512
48
20
3
01
0
9
681
2
3
7
0
4
2
91
8
8
2
2
8
06
3
3
9
4
5
4
9
0
0
8
0
9
3
9
7
8
13
9
40
3
1
1
1
7
5
0
9
9
6
2
0
5
8
1
7
1
9
8
0
4
5
0
5
6
8
4
08
5
8
4
7
1
65
9
4
3
5
352
8
2
4
9
3
1
1
6
18
0
0
1
7
00
4
5
4
0
4
5
8
71
5
5
1
2
6
8
1
7
78
1
0
3
9
4
6
4
5
9
8
90
74
531
2
9
9
5
9
8
011
2
0
2
76
2
5
63
4
7
5
5
1
5
5
1
2
2
6
2
44
9
72
4
2
1
5
1
5
3
6
1
3
20
0
7
0
1
60
4
9
9
8
3
0
4
4
5
7
5
9
4
7
7
3
6
2
3
73
7
872
9
9
1
3
6
8
4
9
4
7
1
4
3
7
2
32
1
7
9
6
7
6
4
6
7
6
0
8
9
8
2
2
6
168
3
0
9
3
0
4
5
74
57
0
65
4
0
2
2
3
47
7
4
8
5
8
2
5
75
2
8
0
0
4
6
7
4
9
1
0
0
6
03
6
5
0
79
6
9
1
40
3
2
6
0
3
5
5
5996
48
7
3
65
9
1
6
0
0
0
7
4
9
1
8
8
8
0
9
5
6
98
0
4
6
3
1
5
17
1
8
8
87
5
3
9
27
5
4
8
1
39
3
1
5
1
3
0
7
55
4
0
7
3
0
1
6
2
3
8
1
4
4
0
9
5
2
1
01
9
6
8
7
6
4
02
14
8
5
8
3
7
8
98
1
7
9
7
99
5
3
8
1
1
2
1
7
6
647
4
1
5
9813
4
2
3
058
95
82
6
5
7
0
9
1
0
0
71
3
8
9
67
7
7
2
2
3
54
0
4
5
40
1
5
94
0
24
28
15
3
8
2
7
3
8
840
1
4
3
7
7
6
1
2
4
6
9
4
6
9
2
6
5
9
4
2
0
4
4
7
7
7
3
8
9
5
3
0
310
5
6
3
5
7
7
3
5
26
6
3
81
95
2
0
5
1
8
4
7
4
3
2
8
3
2
8
84
2
43
0
1
81
3
9
8
2
5
4
07
7
0
4
5
88
0
8
0
2
5
79
89
6
8
93
8
7
13
37
4
1
8
9
6
2
3
1
60
3
3
0
30
4
7
2
2
6
5
4
2
9
4
4
5
5
2
0
1
38
8
1
9
2
9
3
1
9
9
1
0
039
8
2
9
4
7
1
11
5
8
3
8
6
5
0
5
6
6
9
472
3
57
4
1
4
5
8
6
2
1
3
8
4
26
6
7
1
60
6
51
08
1
2
5
1
2
7
3
6
5
8
2
8
6
2
0
5
2
6
0
8
6
1
5
9
4
7
020
0
21
5
5
5
9
5
34
1
6
3
77
0
2
5
8
5
1
1
1
1
6
4
1
3
6
2
4
3
7
9
72
5
4
4
5
7
9
8
0
4
8
2
0
6
3
2
4
1
9
6
061
99
7
5
6
3
5
86
5
7
08
6
4
72
8
5
2
2
6
3
9
5
23
10
4
75
8
6
0
1
0
7
6
1
9
1
7
4
2
7
2
2
5
53
3
0
38
8
40
9
919
8
6
2
1
2
1
23
8
3
51
5
7
4
5
5
133
55
5
8
0
6
2
7
4
6
2
5
2
8
7
7
0
4
1
7
4
7
6
7
8
3
5
10
8
6
6
9
5
3
3
8
77
1
5
6
7
9
9
57
3
5
17
58
7
5
8
80
2
0
4
1
3
6
8
6
9
4
69
7
580
3
5
4
7
2
3
1
9
5
3
0
0
87
5
3
1
9
73
7
2
0
9
9
9
8
1
05
80
6
1
7
849
5
3
5
5
4
8
2
174
92
2
4
5
2
0
9
3
1
4
6
7
3
0
2
6
2
2
6
4
52
7
0
0
4
8
5
7
3
1
9
4
7
65
3
4
8
4
1
2
8
1
0
9
0
76
67
6
57
8
5
3
8
6
4
3
6
6
0
5
6
2
5
2
0
7
2
2
6
8
4
2
42
4
02
1
4
7
64
5
7
7
5
2
1
1
4
5
7
680
3
3
80
0
23
6
4
7
8
14
9
0
3
8
8
0
8
1
9
7
2
22
5
5
2
8
8
8
9
3
4
9
8
32
05
6
91
4
8
2
1
0
4
7
9
3
3
5
8
52
4
3
3
8
0
7
6
6
35
9
9
3
2
8
27
34
2
9
5
0
4
4
6
9
7
8
2
2
3
4
36
1
10
1
2
04
7
68
8
0
4
0
5
2
7
5
0
0
3
4
4
6
7
0
4
0
1
5
0
7
9
6
6
9
1
6
4
7
9
4
10
51
4
0
5
6
4
5
4
8
2
3
8
0
9
84
5
7
8
3
9
0
1
6
0
7
2
2
8
3
18
6
919
8
0
9
5
1
3
8
4
220
1
2
8
7
7
4
5
6
5
0
2
6
3
6
7
7
0
1
8
9
0
9
0
4
1
15
3
53
0
8
9
5
23
9
6
3
205
9
2
5
7
0
8
3
4
1
31
3
6
33
7
2
5
0
0
3
2
9
2
1
0
6
034
7
8
8
8
0
6
01
3
1
84
1
4
3
8
2
84
97
3
2
6
0
55
3
6
1
1
4
85
6
5
8
1
4
8
3
9
8
1
76
9
64
1
7
4
1
2
9
0
24
0
65
1229
9
2
1
0
8
0
95
6
3
9
7
3
6
7
97
0
9
0
6
9
6
1
9
5
64
7
8
4
8
88
4
6
20
5
6
7
3
7
5
8
4
5
0
7
5
1
8
15
6
9
5
6
8
4469
4
59
5
5
4
6
9
0
0
8
0
4
8
8
55
9
8
8
8
3
4
8
8
7
1
9
7
60
9
6
8
2
99
8
3
4
7
9
3
1
9
29
3
2
2
0
4
7
5
73
2
5
8
5
2
1
5
3
0
6
5
9
4
4
6
6
4
814
9
90
3
32
4
2
4
9
6
1
882411
7
2
7
6
05
1
4
9
8
46
9
8
3
4
6
5
0
3
4
9
9
0
5
0
6
3
7
4
0
5
4
2
96
9
7
0
2
80
8
1
2
80
5
19
0
58
5
8
6
5
5
1
7
6
0
1
5
5
0
6
8
8
7
6
6
3
2
4
3
8
2
3
0
9
2
5
2
0
2
6
3
87
9
2
2
1
8
5
0
7
8
35
69
2
1
6
5
0
29
6
5
9
7
6
4
9
0
1
8
5
6
542
3
61
6
4
1
8
6
8
0
4
1
4
9
6
4
45
4
4
0
4
0
5
3
7
0
1
5
4
07
13
3
2
9
8
8
59
5
4
6
3
3
12
00
4
9
5
4
1
7
0
7
82
9
8
9
4
1
5
1
5
6
6
06
4
9
1
4
0
0
6
3
5
5
8
7
70
4
3
220
5
3
35
2
0
3
0
2
7
5
4
4
45
0
1
3
685
72
7
5
1
58
0
8
5
0
79
90
9
4
4
4
88
6
3
4
6
7
4
5
5
2
0
1
3
4
9
86
5
47
3
0
5
28
3
2
8
8
3
2
8
15
4
70
7
1
68
6
8
0
1
4
7
5
6
5
8
2
7
2
9
77
1
9
3
4
7
5
0
602
5
107
7
3
3
2
2
83
5
5
14
4
7
9
1
2
4
0
3
3
8
6
69
2
6
5
0
0
3
8
3
4
0
0
8
13
7
6
69
1
4
1
6
5
84
3
13
8
2
9
1
5
5
2
7
55
4
5
7
0
7
9
2
8
6
7
40
7
9
8
3
4
0
4
5
7
4
7
0
9
6
4
0
0
8
6
1
83
0
51
85
12
29
0
3
96
12
5
8
5
5
84
109
5
0
84
9
8
9
35
5
6
5
8
4
11
1
2
2
8
3
0
1
77
8
8
8
5
9
92
4
4
88
8
5
8
1
0
39
0
7
1
1
34
4
5
6
6
4
17
1
6
7
74
4
5
3
99
0
9
3
1
3
5
0
4
5
18
8
6
6
4
4
26
41
2
6
8
7
5
0
7
6
0
3
6
3
3
5
0
7
4
5
7
0
6
7
7
4
8
7
2
3
3
5
9
9
1
2
8
1
4
4
1
8
30
3
3
6
3
7
5
0
9
9
7
4
21
6
6
8
8
42
4
6
3
0
0
6
0
6
7
3
2
898
7
6
7
9
518
8
6
1
3
4
139
9
97
5
6
9
3
4
8
5
4
53
24
7
6
8
3
83
0
0
21
5
5
8
3
25
6
4
0
4
8
9
2
86
4
3
2
6
6
2
7
6
8
4
6
2
2
82
0
0
1
4
5
2
2
2
2
8
56
4
4
8
6
8
8
3
5
9
0
3
0
4
7
3
0
5
2
2
3
9
2
1
5
8
8
0
7
8
9
4
6
8
9
8
1
4
4
5
55
9
3
45
4
1
9
6
8
2
2
6
0
8
8
3
7
0
7
5
2
1
9
5
0
5
1
69
50
2
5
246
4
6
3
14
7
8
7
0
2
7
8
3
6
0
98
2
1
6
76
6
0
2
2
8
5
91
5
7
30
2
5
7
7
8
0
2
4
93
78
8
701
1
7
8
4
4
6
5
9
7
96
6
2
0
4
82
8
7
17
66
6
1
7
8
9
14
63
0
3
3
1
8
9
8
9
2
1
4
57
9
40
1
3
9
48
4
25
0
3
4
8
2
9
0
6
1
4
52
1
0
7
97
8
8
7
5
6
3
7
1
3
8
4
4
7
0
7
4
3
2
1
02
8
9
9
9
5
9
2
6
1
4
036
0
1
83
3
0
552
5
92
0
8
1
7
1
2
4
7
4
6
7
1
0
8
9
7
5
8
1
9
27
1
0
7
2
3
7
2
7
5
3
3
8
08
9
4
8
0
4
3
4
8
4
2
9
3
1
5
4
8
7
83
95
8
2
6
6
2
2
1
1
1
1
7
74
44
3
8
7
6
6
0
3
7
1
8
1
5
6
807
2
6
1
7
1
8
7
4
9
4
0
0
5
2
3
7
0
8
1
7
2
5
15
9
1
3
5
9
7
6
94
23
7
5
5
7
4
4
2
8
5
8
48
0
4
9
2
9
0
0
3
3
23
2
5
2
6
8
7
99
3
7
2
3
43
7
0
9
3
6
5
63
7
7
1
5
2
39
5
1
1
4
8
9
5
0
2
6
97
1
8
5
0
1
9
2
55
2
5
03
8
0
4
2
0
3
0
4
0
1
3
8
5
0
9
2
4
0
9
7
1
5
1
5
6
2
0
8
2
0
01
7
8
7
7
6
4
52
5
4
120
6
1
1
4
94
34
6
8
7
6
1
8
78
8
6
8
7
5
3
2
6
5
7
1
1
0
1
2
58
7
4
0
4
8
9
5
4
2
7
7
4
5
6
3
5
7
6
4
7
6
5
3
3
5
7
54
2
39
0
9018
5
0
0
9
1
2
9
4
1231
0
4
7
7
1
6
1
7
3
2
34
1
10
2
3
3
5
2
1
8
7
5
4
0
3
9
2
2
6
7
0
57
25
42
9
9
2
2
97
2
4
71
16
7
44
5
7
4
5
9
6
3
79
96
7
6
8
5
2
30
6
0
7
45
8
82
6
3
19
5
43
1
8
2
3
9
9
6
8
9
4
1
9
3
98
3
19
4
3
5
4
6
8
77
3
99
6
9
4
5
30
66
9
4
6
4
8
6
1
9
9
72
8
1
9
9
2377
63
3
9
7
7
9
7
73
5
3
1
0
4
36
9
4
4
2
828
5
4
0
6
2
9
6
1
9
3
5
5
8
6
9
9
5
5
8
9
4
1
6
9
65
8
2
4
9
3
0
9
7
0
4
0
7
81
8
77
5
5
2
70
5
1
6
7
4
5
9
1
0
8
74
1
9
2
9
35
7
1
8
5
4
9
7
5
1
8
9
2
7
6
5
3
9
0
7
6
7
9
6
5
0
4
5
28
2
5
2
11
6
7
9
8
4
3
4
3
9
1
5
8
8
8
6
43
3
639
50
91
9
96
1
2
25
2
6
2
5
5
73
7
0
2
0
3
6
01
49
3
1
5
2
1
03
8
4
2
2
18
8
0
9
25
5
4
5
5
5
0
2
2
1
4
6
0
1
5
7
0
1
41
7
5
1
8
9
3
45
2
3
5
3
95
6
5
6
5
4
013
2
6
2
8
2
3
7
19
7
4
0
6
75
4
2
7
1
5
0
7
11
1
8
8
4
73
5
1
1
7
9
785
81
3
91
2
88
0
54
0
2
2
7
97
41
0
5
6
4
87
05
9
5
2
1
3
6
3
9
7
5
6
40
11
80
2
9
5
4
9
2
2
8
5
5
94
0
52
7
7
4
2
7
7
4
4
6
67
73
9
3
3
0
0
5
78
6
4
2
6
5
9
73
3
5
7
16
7
575
6
1
0
4
8
4
0
7
40
0
6
0
3
7
5
4
31
9
7
6
9
8
9
96
4
0
1
536
3
6
8
58
7
5
9
0
1
2
7
0
1
9
7
3
3
9
3
4
3
7
5
4
7
4
1
1
5
1
4
71
3
5
9
3
5
1
31
7
4
3
5
7
5
23
0
4
73
7
4
5
7
5
93
6
5
87
6
22
9
0
0
437
1
3
7
4
4
4
1
1
5
8
5
5
4
874
9
8
7
7
2
03
0
1
354
10
2
4
5
5
5
6
7
4
5
4
9
7
2
9
2
9
3
2
4
7
0
4
10
2
9
8
5
7
09
4
0
5
2
2
5
1
0
3
6
5
02
5
4
7
8
4
8
0
6
85
3
66
1
5
0
4
0
4
8
8
1
727
8
3
3
0
6
4
3
8
90
9
4
6
2
2
8
2
7
0
7
3
32
7
7
85
6
9
60
10
6
5
9
2
4
6
1
7
3
8
6
5
19
2
46
1
106
3
82
1
5
1
0
1
9
3
4
5
8
2
0
4
9
6
1
7
4
26
7
0
4
6
4
9
6
8
2
4
6
2
3
0
3
3
4
8
020
5
7
2
48
6
0
0
95
64
9
6
1
5
0
2
18
5
2
1
0
58
9
1
4
7
0
80
6
62
7
2
1
8
8
66
92
2
3
6
0
9
8
51
9
2
89
5
5
7
1
4
8
32
3
5
6
6
68
0
6
5
9
9
2
61
01
7
7
4
99
3
5
4
9
8
3
7
2
2
0
3
0
8
5
8
2
4
9
3
7
0
3
0
48
0
97
5
4
2
12
7
6
1
5
8
4
4
54
6
7
5
6
6
4
3
4
8
0
8
3
0
3
0
4
3
0
902
7
4
2
7
6
2
24
4
8
2
5
7
7
5
2
5
6
1
2
5
1
9
8
3
2
7
3
2
2
1
6
5
7
6
1
8
5
1
1
8
52
0
52
49
0
3
4
6
6
0
8
4
2
46
5
1
6
9
3
8
3
7
2
1
7
0
3
8
4
93
4
6
8
3
558
8
1
1
7
8
3
3
2
2
1
1
2
5
2
01
0
7
2
42
4
9
0
7
1
5
3
92
7
0
3
6
6
4
1
7
6
938
4
4
7
7
4
5
3
2
0
8
1
96
6
5
6
5
8
3
8
8
92
0
84
5
5
2
9
4
0
8
5
0
7
2
2
3
9
0
87
062
2
71
8
6
0
4
5
5
6
18
03
1
0
6
5
4
6
1
6
6
8
1
0
97
5
2
2
7
6
822
8
0
4
4
3
474
1
4
72
2
9
0
5
698
1
79
1
8
8
5
6
42
2
5
4
3
0
73
3
1
3
0
1
0
5
8
0
6
8
0
4
4
81
2
7
86
31
9
831
02
2
7
7
98
2
2
5
9
1
89
9
6
4
88
04
0
7
5
2234
6
8
28
5
4
6
3
823
42
9
9
2
7
3
6
1
67
7
7
4
2
4
9
3
4
7
9
7
5
4
9
0
4
2
2
4
9
2
1
8
22
34
4
0
2
7
7
14
07
9
1
1
56
4
2
3
3
7
6
6
9
4
7
2
1
2
0
0
406
4
2
0
2
4
1
8
40
0
3
3
2
6
1
1
0
2
964
8
4
2
3
3
7
1
4
9
4
2
9
5
1
1
09
4
8
8
1
5
6
0
85
65
9
6
4
1
0
3
668
3
5
5
05
78
3
7
9
3
9
7
7
9
92
2
8
8
8
8
1
90
6
9
1
8
0
6
17
86
2
4
5
5
025
7
2
15
8
9
2
5
5
1
6
1202
3
6
9
5
0
9
0
929
9
1
0
1
4
8
9
7
602
2
2
4
76674
4
5
8
4
52
2
5
1
9
14
8
5
1
3
9
0
0
3
8
0
3
3
3
8
9
2
9
4
25
5
6
9
2
06
5
9
2
5
5
533
8
5473
1
6
8
5
8
0
6
278
5
8
42
2
0
7
5
0
7
5
60
7
4
4
2
3
13
8
8
5
0
0
0
1
5
8
6
2
4
4
0
3
4
1
0
08
85
9
5
1
1
7
0
6
30
4
1
7
1
6
1
5
9
0
91
3
7
1
9
3
9
1
8
054
6
6
5
1
3
35
2
1
89
6
0
3
1
9
7
5
16
2
6
1
11
4
4
203
9
3
4
0
5
2
0
6
5
0
3
0
5
0
02
8
9
6
9
7
4
6
15
95
2
5
1
1
3
2
7
2
6
8
4
8
3
6
3
7
9
10
4
76
5
0
2
7
1
080
1
1
8
2
91
14
2
2
42
5
3
4
5
3
3
4
9
2
4
52
3
3
6
7
3
7
9
84
5
4
8
74
2
8
5
3
8
8
8
7
4
0
0
5
0
9
0
2
3
7
2
0
6
9
5
8
4
97
3
5
4
7
4
9
6
8
9
6
30
5
1
2
78
3
9
4
5
49
4
8186
9
8
6
3
6
5
6
7
4
8
2
6
0
5
4
3
7
2
15
3
5
1
4
30
8
1
5
00
97
62
34
32
0
9
9
8
2
2
11
5
9
2
5
8
9
0
3
7
2
5
2
8
5
6
2
1
1
9
1
0
240
9
77
6
9
2
18
734
1
1
7
5
5
1
0
1
0
5
2
0
8
5
3
56
5
0
9
3
8
2
03
62
99
0
3
3
8
1
4
7
8
75
5
3
3
9
5
9
8
4
14
29
7
5
9
44
5
54
6
88
7
4
6
2
7
9
8
7
89
0
3
3
3
0
9
5
50
0
3
5
7
67
2
4
2
7
43
89
3
2
5
0
0
37
9
70
7
0
4
1
6
2
6
0
1
6
9
8
3
4
7
7
7
1
3
2
6
50
7
2
4
22
2
2
8
4
6
1
4
9
6
9
47
3
5
915
1
1
9
9
42
4
8
0
1
73
0
8
2
8
72
4
13
6
20
0
9
0
2
1
798
3
5
45
7
7
3
84
8
51
2
098
7
4
3
84
3
2
5
1
7
0
9
1
9
62
3
83
4
8
6
9
5
9
3
4
2
3
7
0
8
3
5
6
8
51
3
8
9
6
73
0
8
2
8
4
6
6
8
6
6
8
5
2
4
0
8
11
7
1
9
0
2
9
41
6
68
8
5
6
8
7
6
2
67
01
6
5
4
3
0
7
6
1
8
5
6
1
1
4
6
3
0
7
9
7
2
8
7
0
2
2
18
0
9
4
7
2
5
5
8
0
5
1
59
1
3
4
3
3
6
4
47
5
3
3
3
9
0
3
8
9
6
2
9
8
9
6
2
3
45
7
4
2
7
6
61
59
1
1
6
2
3
4
1
7
4
795
1
04
9
3
7
50
0
4
4
3
9
7
7
2
6
6
3
86
4
2
6
11
7
1
02
07
7
0
0
9
9
7
1
4
3
6
82
6
36
3
4
3
2
6
0
2
2
62
8
12
9
6
9
32
95
75
7
5
288
1
3
6
8
91
96
7
4
8
1
0
9
1
9
4
5
0
3
78
1
4
2
0
9
9
2
3
0
1
6
3
4
1
2
3
2
9
4
1
5
62
8
4
2
33
2
6
2
1
6
3
13
9
7
5
7
5
5
7
1
5
6
2
90
2
1
3
3
6
4
7
8
6225
7
8
00
73
3
9
1
0
4
6
2
56
4
4222
4
04
6
6
0
5
7
9
9
297
889
2
6
3
5
5
8
1
47
5
4
22
3
5
6
5
3
0
0
5
6
5
1
45
7
2
0
8
0
1
6
2
3
6
1
3
5
4
95
7
36
9
2
7
6
29
7
8
3
03
7
0
24
79
7
6
2
2
0
1
7
5
62
1
5
2
93
0
7
85
5
3
0
4
8
6
9
6
5
2
7
7
0
6
0
4
4
77
1
8
5
6
3
5
9069
0
0
9
5
49
1
0
4
5
3
91
9
4
2
5
9
8
2
6
3
8
9
6
4
0
20
65
3
7
3
2
5
7
9
8
60
7
3
7
8
8
5
1
1
7
0
29
991
2
7
6
9
9
3
8
8
5
1
6
8
0
6
7
54
3
0
7
88
7
2
7
0
2
0
4
4
8
7
4
1
5
5
3
0
53
7
71
9
4
0
0
1
87
4
4
2
3
5
0
1
52
9
35
2
6
4
9
7
4
9
7
8
76
9
5
2
9
1
9
5
7
0
6
0
2
604
52
1
6
5
1
3
5
3
039
220
4
1
4
6
1
7
3
3
4
3
4
5
5
9
5
5
7
7
29
8
1
8
6
1
4
6
2
41
7
3
5
7
4
4
4
5
3
3
10
3
1
2
48
6
5
9
7
0
6
1
7
0
1
0
8
4
5
1
2
36
6
5
7762
9
5
5
8
19
4
70
6
7
7
7
3
3
1
8
0
5
7809
9
0
00
9
3
2
7
8
2
5
3
3
7
94
4
93
42
6
4084
1
5
5
66
6
4
8
7
57
6
0
1
9
4
37
2
8
94
0
9
02
3
1
7
2
6
4
9
3
5
5
7
45
2
4
8
6
4
