32726 16 16
32751 2 12
32755 56 46
32633 11 0
32767 42 45
32759 0 28
32739 31 22
32630 0 15
32767 86 1
32756 70 4
32752 50 9
32759 25 49
32737 10 30
32758 2 63
32767 20 9
32767 36 20
32716 28 11
32756 34 22
32751 4 1
32746 5 12
32739 47 11
32759 17 26
32762 14 7
32767 30 25
32754 13 12
32721 2 2
32760 58 52
32767 54 5
32753 22 15
32766 46 19
32765 14 54
32681 14 10
32766 18 25
32760 28 49
32757 45 25
32763 42 23
32466 6 11
32764 26 21
32713 52 1
32750 20 13
32764 4 18
32682 11 13
32726 46 26
32766 9 27
32767 59 43
32752 2 32
32764 18 17
32729 7 65
32753 4 13
32758 9 28
32765 86 12
32765 2 20
32654 3 4
32736 4 28
32489 1 26
32767 46 70
32690 35 8
32760 31 14
32767 48 38
32766 33 4
32698 6 1
32757 65 20
32731 37 26
32765 5 60
32715 10 6
32744 73 16
32759 21 11
32759 2 26
32669 1 31
32764 24 4
32754 44 71
32766 27 21
32745 4 5
32764 3 54
32758 30 33
32691 10 9
32757 15 30
32298 4 1
32766 46 14
32760 40 59
32757 54 58
32767 21 6
32471 22 3
32748 51 1
32766 6 79
32741 11 4
32764 13 32
32700 4 41
32762 72 15
32764 24 38
32757 22 11
32755 0 28
24898 0 3
32761 15 2
32715 3 57
32765 65 3
32694 22 16
32707 71 1
32755 26 35
32766 25 88
32765 55 21
32766 29 5
32757 56 9
32696 0 25
32753 90 45
32767 19 72
32685 40 1
32743 42 1
32705 19 33
32763 12 8
32388 3 19
32762 6 5
32766 17 35
32764 22 17
32767 8 68
32530 4 0
32761 33 45
32750 15 4
32711 10 70
32731 21 3
32755 4 73
32767 28 29
32750 36 27
32765 48 6
31830 0 18
32731 13 28
32750 1 33
32761 7 41
32708 1 6
32763 46 18
32592 34 1
32724 11 28
32240 6 1
32741 46 10
32735 16 6
32763 14 31
32765 8 16
32758 38 23
32740 26 23
32300 2 1
32712 0 57
32762 18 29
32582 2 5
32737 2 55
32760 39 23
32714 8 0
32763 13 35
32665 2 72
32759 62 21
32759 56 6
32761 10 29
32667 1 77
32764 17 5
32753 81 12
32764 54 19
32767 8 49
32758 76 1
32764 22 5
32744 2 32
32767 37 3
32767 20 71
32727 6 93
32767 18 4
32661 0 36
32752 51 10
32760 67 31
32763 87 1
32758 16 3
32763 46 1
32740 53 3
32738 5 0
32746 5 13
32763 33 27
32739 32 11
32767 5 15
32755 53 19
32767 16 26
32735 4 22
32758 16 22
32761 70 80
32759 21 73
32751 18 13
32763 83 36
32767 4 70
32752 18 45
32754 0 10
32753 6 18
32752 43 38
32763 47 32
32765 17 16
32767 29 47
32765 1 5
32752 36 3
32760 86 68
32766 56 20
32766 13 79
32766 22 31
32765 22 2
32764 37 38
32763 43 67
32744 10 48
32757 24 81
32656 2 10
32764 43 10
32762 18 8
32722 12 22
32749 32 25
32404 0 10
32521 3 1
32684 12 12
32764 14 89
32698 20 11
32765 24 64
32764 18 28
32753 15 47
32767 22 45
32732 13 19
32739 0 26
32761 43 25
32737 0 30
32732 11 8
32748 3 18
32702 19 3
32735 9 58
32767 17 84
32729 59 24
32554 68 1
32176 0 9
32765 11 19
32761 44 36
32766 77 12
32762 10 20
32754 3 40
32740 15 25
32767 17 22
32736 23 8
32664 10 8
32764 55 18
32755 27 38
32745 32 8
32766 24 9
32710 7 54
32757 12 53
32573 3 4
32435 0 0
32753 11 71
32227 0 8
32764 19 5
32764 79 1
24061 1 0
32767 22 28
32755 32 22
32767 55 17
32762 12 30
32761 29 40
32766 50 15
32758 30 63
32767 27 86
32748 18 27
32764 17 39
32358 2 21
32597 2 2
32753 29 40
32751 16 45
32767 43 22
32722 10 28
32762 17 67
32745 23 12
32758 24 41
32761 1 50
32763 7 48
32742 25 21
32759 22 16
32763 76 37
32745 3 0
32691 1 36
32715 58 4
32724 1 66
32751 43 37
32754 36 49
32757 53 71
32761 8 33
32766 68 36
32766 16 20
32762 16 77
32767 43 33
32760 36 7
32767 22 23
32714 25 12
32767 19 30
32767 26 43
32760 1 38
32765 9 27
32749 39 42
32763 24 24
32689 32 4
32757 15 25
32767 74 38
32767 0 15
31774 16 0
32691 8 1
32736 22 9
32763 2 9
32758 31 50
32745 36 51
32767 94 17
32741 15 5
32763 13 50
32766 72 50
32767 38 72
32746 46 8
32748 13 28
32767 62 21
32765 25 13
32766 37 58
32756 13 9
32517 1 11
32742 4 77
32704 10 1
32749 11 64
32763 7 14
32767 29 40
32752 31 28
32766 74 38
32735 11 2
32754 15 23
32750 0 11
32714 28 47
32765 77 0
32745 7 58
32751 19 0
32751 76 6
23243 2 0
32765 70 55
32766 32 6
32767 8 8
32739 48 7
32704 8 12
32736 11 8
32748 65 8
32767 0 15
32767 5 73
32721 1 1
32761 30 43
32751 2 28
32742 1 2
32767 9 47
32711 0 0
32752 37 2
32426 0 12
32763 9 3
32754 18 6
32080 32 0
32754 8 1
32766 21 56
32756 5 6
32695 31 17
32742 70 6
32760 13 11
32765 77 0
32764 8 1
32766 41 55
32766 22 16
32759 34 25
32762 50 13
32759 7 13
32676 2 36
32766 2 27
32759 21 16
32766 41 15
32702 22 2
32757 13 44
32662 0 1
32762 21 28
32741 81 2
32757 5 53
32766 63 15
32750 4 72
32750 19 6
32763 41 8
32755 2 37
32765 10 22
32766 16 16
32665 6 30
32764 72 34
32748 45 5
32767 32 27
32760 22 13
32678 2 18
32708 12 29
32742 46 10
32766 5 10
32753 22 21
32761 8 0
32767 57 13
32747 26 5
32767 6 4
32765 12 53
32759 48 21
32400 0 13
32764 69 20
32767 7 25
32767 63 81
32757 13 43
32767 39 36
32721 61 7
32751 36 50
32765 70 1
32763 63 16
32729 12 3
32766 95 47
32753 49 12
32760 52 5
32761 14 20
32689 69 10
32767 25 6
32766 80 33
32762 14 15
32714 5 29
32757 39 14
32765 10 31
32741 2 19
32767 69 15
32765 50 41
32602 1 4
32747 22 26
32742 19 24
32763 20 9
32761 7 23
32767 4 6
32758 9 38
32710 9 23
32756 22 1
32315 0 7
32763 0 40
32725 69 1
32740 14 0
32688 0 42
32767 26 7
32732 39 4
32757 28 6
32753 3 64
32753 11 46
32767 8 79
32759 60 6
32767 70 20
32762 85 54
32765 25 23
32758 7 2
32743 71 20
32619 3 15
32761 27 41
32755 2 25
32766 13 19
32619 1 0
32767 13 67
32719 31 1
32742 34 22
32701 16 2
32075 14 0
32758 53 29
32758 30 76
32661 31 2
32759 7 48
32645 14 3
32751 31 36
32762 8 34
32740 10 18
32689 1 4
32756 46 29
32736 4 9
32761 39 32
32760 7 14
32729 5 0
32742 1 27
32767 48 86
32763 6 25
32757 59 26
32759 59 9
32755 26 19
32763 37 15
32753 40 11
31844 1 16
32702 33 1
32766 23 4
32767 34 37
19736 2 0
32765 3 9
32764 40 14
32760 75 6
32746 20 20
32753 65 22
32761 13 2
32753 12 18
32757 3 19
32762 30 17
32758 23 38
32767 13 36
32763 13 77
32733 13 17
32758 8 2
32732 16 25
32762 36 5
32764 1 46
32765 61 7
32767 5 25
32762 13 10
32167 7 0
32674 5 27
32717 25 1
32755 11 15
32752 25 9
32756 4 21
32745 6 58
32687 2 48
32636 0 8
31126 1 1
32758 66 66
32740 24 2
32766 2 3
32711 8 13
32737 38 10
32767 68 38
32765 15 69
32720 61 5
32750 26 5
32707 0 62
32734 36 1
32761 40 42
32750 28 9
32590 4 10
32759 1 3
32731 5 5
32720 1 2
32757 13 17
32737 18 54
32763 10 26
32525 2 2
32764 38 34
32756 30 32
32756 21 51
32437 14 2
32449 1 12
32747 13 40
32761 23 27
32765 83 17
32737 59 19
32763 5 45
32745 38 51
32765 1 54
32758 5 3
32767 17 52
32750 56 10
32766 55 32
32716 3 10
32718 3 15
32766 34 2
32766 26 17
32759 18 48
32759 2 53
32611 4 10
32767 67 20
32732 20 9
32738 16 7
32765 6 64
32744 4 17
32764 10 69
32757 76 78
32712 39 1
32759 35 12
32682 25 49
32637 7 31
32525 1 23
32764 40 11
32740 23 28
32713 59 17
32761 7 1
32743 22 17
32765 33 22
32756 38 51
32764 19 49
32728 8 18
32767 48 23
32476 0 38
32735 13 72
32766 39 31
32756 64 11
32765 48 9
32735 1 10
32764 72 65
32731 0 7
32734 60 8
32736 24 18
32756 82 28
32750 2 49
32766 74 13
32764 4 42
32749 13 8
32752 83 36
32765 48 32
32766 24 16
32735 65 5
32730 42 4
32749 6 39
32767 7 6
32759 74 18
32618 7 65
32755 13 22
32767 2 28
32759 8 39
32597 0 0
32756 11 68
32741 4 9
32760 35 9
32767 95 44
32763 31 35
32755 6 9
32754 2 17
32748 25 37
32760 57 14
32761 19 41
32760 69 18
32755 10 1
32744 23 11
32763 1 85
32766 3 34
32674 53 7
32766 6 26
32761 9 4
32765 13 22
32766 2 25
32764 43 39
32672 0 50
32757 29 5
32765 3 54
32764 44 22
32761 25 31
32761 39 29
32758 9 23
32767 17 33
32572 8 12
32767 21 57
32766 30 71
32764 42 26
32712 61 24
32760 15 34
32568 8 1
32748 33 3
32761 2 30
32750 26 2
32710 25 52
32763 47 11
32764 51 66
32765 6 0
32767 35 13
32755 44 35
32761 7 26
32708 1 2
32751 4 56
32707 18 25
32691 9 11
32701 9 32
31945 31 0
32696 47 3
32767 24 18
32674 0 17
32699 2 39
32742 27 45
32767 58 47
32699 0 3
32746 44 51
32687 1 0
32746 18 34
32745 2 12
32749 1 8
32745 65 1
32763 7 82
32731 28 40
32758 25 46
32656 3 7
32687 6 13
32746 65 41
32205 2 0
32690 1 7
32762 67 37
32754 13 8
32740 9 21
32722 8 1
32668 9 8
32767 51 48
32713 16 8
32467 15 0
32754 25 22
32760 49 8
32740 46 17
32700 7 2
32766 83 18
32540 25 3
32740 0 40
32762 4 22
32747 23 14
32745 12 15
32426 5 9
32736 3 12
32738 28 23
32743 4 23
32716 6 66
32714 2 1
32731 10 11
32759 28 79
32657 30 6
32732 9 74
32767 3 25
32760 6 31
32719 32 10
32759 25 7
32759 3 2
32765 26 44
32760 23 5
32730 0 71
32670 14 5
32718 53 3
32379 0 43
32738 13 43
32759 18 38
32737 30 5
32766 2 20
32766 30 53
32767 8 9
32714 6 9
32767 34 64
32767 22 24
32728 0 9
32743 10 50
32708 6 18
32764 6 73
32766 36 69
32743 4 3
32766 0 7
32726 7 10
32766 2 5
32755 75 37
32760 6 12
32397 10 0
32760 57 25
32724 15 12
32765 10 69
32756 18 6
32753 37 55
32736 15 16
32746 52 1
32757 9 32
32748 14 14
31994 5 4
32672 3 7
32765 36 8
32767 80 28
32755 4 29
32749 0 6
32687 0 4
32671 23 23
32767 11 16
32764 58 20
32749 27 98
32716 1 0
32748 5 59
32766 26 22
32502 17 3
32628 43 1
32755 0 2
32766 9 51
32765 31 6
32709 4 18
32749 2 0
32596 2 71
32760 11 16
32758 3 43
32563 2 2
32759 4 11
32761 23 61
32761 29 24
32692 0 12
32767 17 38
32730 9 18
32755 21 56
32767 78 50
32761 8 16
32765 58 38
32741 18 35
32755 4 12
32751 63 21
32761 56 21
32762 13 2
32697 85 6
32741 29 15
32766 24 28
32715 86 29
32762 30 5
32675 1 6
32762 14 16
32767 8 21
32762 19 14
32416 19 0
32767 4 76
32627 30 6
32761 26 18
32749 1 51
32672 18 2
32764 0 23
32750 23 12
32622 18 6
32764 43 17
32758 13 32
32752 1 43
32763 38 92
32765 6 36
32758 46 12
32765 79 45
32754 30 15
32762 4 72
32754 27 6
32685 1 13
32743 38 39
32753 21 50
