32765 66 34
32722 21 14
32747 6 86
32696 38 1
32752 20 38
32652 0 33
32753 46 19
32761 18 51
32765 10 46
32718 15 16
32713 9 18
32767 0 26
29767 3 1
32754 76 33
32764 15 39
32766 19 13
32731 4 11
32634 76 2
32765 27 37
32728 4 10
32741 13 32
32762 37 80
32749 25 10
32747 20 6
32763 20 63
32766 26 26
31702 2 7
32737 11 26
32748 33 2
32698 6 5
32758 24 5
32767 24 65
32751 15 4
32098 52 0
32624 3 23
32762 48 37
32758 3 72
32767 8 63
32748 14 24
32749 63 9
32754 34 4
32675 3 17
32758 4 29
32751 6 21
32755 71 8
32767 33 7
32767 39 65
32755 37 26
32715 20 11
32766 8 31
32729 45 24
32303 35 1
32713 26 3
32685 23 16
32748 10 1
32754 3 23
32710 13 43
32447 32 1
32731 8 32
32699 36 44
32764 64 1
32745 28 25
32710 58 3
32734 19 3
32767 26 67
32591 1 7
32767 0 29
32755 9 10
32765 21 88
32765 59 11
32766 3 5
32755 10 35
32739 5 6
32767 23 32
32714 33 11
32764 42 45
32767 41 74
32657 21 2
32743 41 4
32750 12 1
32764 38 2
32766 44 7
32760 76 61
32640 3 0
32722 13 33
32755 67 22
32757 11 16
29494 0 4
31936 0 4
32665 8 10
32741 44 18
32726 37 36
32709 19 15
32765 49 64
32754 9 11
32752 3 39
32744 10 75
32767 65 15
32766 11 14
32766 41 2
32748 23 48
32760 18 22
32760 92 41
32746 40 0
32742 33 16
32753 1 40
32763 9 15
32720 3 2
32739 3 15
32636 2 42
32621 9 25
32756 44 79
32765 53 54
32767 8 45
32693 21 2
32766 87 45
32733 9 1
32723 3 21
32765 29 51
32767 17 31
32762 54 17
32765 15 51
32765 75 60
32709 1 30
32761 5 42
32724 8 5
32763 22 11
32693 6 86
32724 31 1
32757 44 49
32766 6 40
32767 8 42
32756 23 52
32740 7 39
32659 1 29
32764 29 17
32764 9 4
32765 24 38
32633 3 25
32766 22 21
32759 52 7
32763 26 15
32767 21 79
32765 55 7
32766 7 40
32742 38 34
32730 58 28
32757 23 37
32766 9 65
32762 18 18
32640 21 3
32721 3 3
32763 29 41
32762 24 12
32610 3 10
32764 83 15
32752 21 1
32766 52 32
32742 19 0
32761 0 38
32561 36 1
32696 24 21
32764 41 0
32763 92 16
32757 32 5
32688 40 1
32761 36 12
32765 35 60
32740 40 2
32756 18 26
32716 61 16
32752 38 14
32575 1 21
32762 17 67
32696 17 10
32766 13 65
32710 36 9
32746 2 29
32230 9 3
32721 20 21
32767 44 2
32766 19 38
32764 26 84
32749 11 2
32744 2 32
32730 38 4
32767 58 60
32673 4 16
32640 1 58
32763 8 12
32766 14 20
32765 39 88
32744 20 15
32754 12 8
32747 45 1
32737 54 6
32744 0 23
32713 0 8
32767 58 0
32748 20 27
32720 0 59
32764 34 18
32732 20 19
32764 40 88
32764 79 3
32761 19 83
32702 1 57
32388 11 7
32765 29 45
32732 7 29
32764 2 23
32761 17 56
32754 35 7
32757 87 38
31780 1 33
32715 45 12
32763 15 16
32764 3 28
32763 28 42
32609 6 45
32732 16 11
32765 44 3
32752 20 0
32755 39 22
32736 22 21
32727 11 22
32756 46 8
32763 23 31
32752 21 11
32655 27 23
32719 13 7
32544 10 4
32765 5 3
32752 85 45
32767 8 2
32748 73 4
32767 16 16
32766 72 43
32738 18 15
32754 5 51
32716 0 4
32763 21 12
32766 30 0
32747 15 4
32762 17 27
32697 36 2
32732 27 17
32756 57 20
32764 50 73
32767 17 10
32764 53 85
32767 32 41
32762 1 6
32716 6 1
32733 3 14
32736 7 45
32756 0 46
32721 4 12
32736 7 6
32631 12 10
32676 10 20
32754 3 29
32765 61 54
32583 5 42
32723 13 51
32755 20 64
32765 47 71
32762 68 58
32762 52 3
32723 6 26
32759 27 29
32765 21 21
32748 24 25
32767 10 54
32675 9 4
32764 32 59
32734 51 4
31556 0 45
32764 20 31
32750 37 3
32753 12 25
32404 1 53
32762 0 51
32764 9 26
32754 19 35
32767 4 7
32761 35 24
32761 18 9
32690 0 24
32737 16 0
32763 31 19
32764 31 72
32713 33 15
32766 48 26
32723 6 25
32758 43 29
32727 6 8
32758 68 12
32754 17 37
32744 4 6
32767 1 33
32705 33 18
32767 14 27
32747 1 38
32765 39 30
32739 5 0
32767 9 14
32744 86 23
32766 10 0
32760 21 13
32762 13 15
32767 42 42
32767 24 19
32732 27 1
32745 37 38
32307 5 1
32764 58 11
32763 62 19
32762 47 49
32765 43 30
32699 10 0
32765 7 38
32765 12 69
32764 59 21
32761 37 54
32762 65 13
32766 16 29
32684 64 5
32761 10 30
32754 3 20
32676 16 31
32745 30 26
32761 13 71
32727 23 23
32758 35 43
32746 4 22
32747 14 3
32754 52 14
32760 23 28
32760 23 2
32766 3 19
32764 31 52
32763 49 12
32744 79 22
32707 18 70
32752 32 40
32767 27 27
32765 26 43
32767 47 0
32697 31 4
32764 62 65
32740 13 11
32750 47 19
32748 24 26
32665 7 5
32733 12 44
32767 2 76
32766 28 49
32764 9 93
32762 52 39
32759 22 35
32697 48 0
32753 25 30
32761 10 73
32757 17 37
32740 21 13
32766 53 44
32767 3 61
32717 20 62
32737 20 28
32765 17 65
32762 19 13
32696 1 53
32743 4 54
32761 41 1
32728 5 38
32743 58 21
32761 22 26
32744 11 33
32695 11 5
32767 53 1
32760 62 24
32764 3 40
22041 0 2
32748 51 2
32766 34 39
32719 11 15
32750 41 5
32659 26 4
32758 19 42
32762 23 74
32756 56 18
32763 15 4
32737 22 28
32761 1 50
32751 4 13
32761 5 18
32532 1 22
32767 5 46
32730 24 45
32701 9 9
32759 27 1
32764 11 38
32445 7 3
32742 43 24
32764 43 19
32767 59 55
32760 6 0
32665 8 2
32761 57 14
32767 2 82
32765 18 89
32751 30 12
32756 3 21
32764 6 88
32766 54 35
32762 23 45
32708 12 44
32748 37 36
32618 11 4
32760 33 8
32763 20 34
32757 60 28
32760 40 19
32767 67 64
32749 26 8
32762 8 25
32754 49 21
32734 21 25
32636 1 35
32767 66 11
32755 62 2
32507 1 40
32709 14 30
32763 20 41
32738 8 0
32737 9 44
32699 1 9
32766 52 34
32765 26 18
32672 19 6
32765 0 43
32738 45 34
32762 7 0
32765 41 1
32766 36 90
32766 36 42
32763 13 23
32762 6 5
32767 11 29
32766 6 26
32761 5 65
32759 8 19
32767 33 26
32711 1 4
32729 11 71
32757 46 20
32766 60 52
32604 4 17
32765 58 40
32766 8 24
32755 64 21
32760 60 5
32761 66 27
32759 32 11
32766 33 40
32766 22 13
32765 21 9
32743 10 18
32748 17 6
32523 0 1
32765 45 24
32742 2 10
32719 20 25
32758 24 26
32729 29 52
32765 32 46
32751 9 30
32766 35 31
32756 5 1
32767 3 18
32720 1 16
32764 30 31
32374 3 4
32714 7 7
32762 14 15
32765 17 28
32742 23 17
32767 63 13
32721 1 3
32592 26 0
32757 6 25
32758 19 32
32652 12 1
32724 0 13
32756 22 18
32754 0 20
32765 26 12
32656 57 0
32767 16 78
32764 23 61
32761 72 0
32767 15 10
32764 74 17
32757 70 1
31546 0 8
32762 6 40
32310 14 3
32767 46 13
32760 6 4
32762 52 17
32698 16 24
32739 21 44
32764 6 27
32726 10 2
32731 0 0
32751 2 37
32759 47 16
32765 8 4
32754 93 4
32762 50 44
32119 0 9
32639 1 1
32763 16 10
32764 24 23
32753 12 46
32764 46 2
32742 47 2
32764 39 16
32760 31 42
32753 8 20
32765 17 73
32697 0 51
32729 57 6
32763 62 16
32761 72 38
32767 12 14
32766 83 59
32697 4 12
32765 94 2
32765 27 3
32745 4 37
32749 71 24
