32610 19 1
32297 0 5
32766 53 57
32739 9 31
32261 3 0
32754 10 94
32767 18 25
32754 89 5
32767 37 38
32766 46 76
32722 2 9
32750 8 1
32760 0 63
32761 4 13
32765 80 7
32762 3 85
30585 15 2
32767 70 28
32765 40 29
32533 54 1
32764 54 8
32765 4 36
32732 14 16
32749 8 25
32745 16 30
32740 45 7
32481 0 0
32747 19 0
32762 10 16
32763 14 56
32745 18 5
32761 45 41
32743 9 9
32765 9 35
32747 20 4
32747 0 60
32721 20 33
32747 23 7
32754 37 74
32614 1 27
32766 45 64
32751 79 0
32766 16 83
32749 31 6
32756 52 3
32644 0 0
32759 53 55
32533 20 0
32654 0 76
32756 9 34
32754 29 26
32756 31 12
31696 45 0
32415 0 22
32721 44 5
32755 35 19
32765 2 23
32754 44 8
32765 14 44
32731 30 43
32762 91 39
32750 9 42
32749 16 32
32705 1 45
32766 35 26
32767 5 64
32743 5 3
32761 72 1
32723 69 2
32715 37 1
32767 17 9
32746 7 33
32759 49 44
32601 1 26
32765 6 74
32766 75 2
32532 7 1
32422 35 9
32759 0 19
32746 20 42
31983 2 2
32763 19 20
32627 23 5
32754 48 0
32740 18 1
32715 0 29
32765 22 27
32757 69 38
32715 20 1
32749 17 4
32767 13 36
32767 46 80
32742 9 6
32755 38 42
32761 15 11
32766 45 49
32719 8 6
32757 2 17
32718 40 1
32758 10 12
32767 19 23
32767 32 1
32711 2 1
32752 4 78
32758 61 3
32739 4 11
32767 25 10
32767 22 45
32767 28 68
32757 77 58
32717 14 74
32663 59 5
32760 70 6
32720 10 42
32766 52 8
32749 21 48
32662 4 78
30338 0 2
32760 17 6
32736 19 41
32672 1 8
32767 24 24
32766 32 22
32498 7 6
32730 34 5
32742 14 13
32742 65 5
32757 29 18
32752 0 26
32766 30 58
32763 40 55
32737 32 36
32767 30 63
32758 21 7
32695 14 5
32767 23 9
32764 81 6
32565 3 17
32756 3 35
32604 9 0
32757 59 28
32766 52 12
32760 7 29
32752 36 8
32752 28 3
32687 7 13
32765 4 19
32767 0 15
32761 34 7
32748 1 36
32764 28 21
32725 7 11
32751 9 18
32756 12 2
32731 30 12
32765 21 6
32760 5 17
32754 9 29
32762 13 63
32767 25 2
32750 1 34
32697 9 69
32706 22 2
32759 43 24
32676 7 5
32605 19 0
32642 1 28
32766 8 56
32737 40 18
32762 54 62
32639 3 17
32720 10 12
32759 6 14
32764 42 51
32764 10 18
32765 93 26
32752 92 15
32754 7 65
32507 12 22
32750 31 9
32766 16 30
32763 57 47
32133 28 5
32735 36 11
32767 8 1
32759 44 41
32741 10 56
32749 19 11
32737 5 6
32573 2 7
32395 2 20
32758 20 9
32767 7 60
32765 11 66
32749 45 23
32743 51 31
32566 25 1
32753 79 50
32670 54 16
32733 16 10
32764 12 41
32571 1 33
32765 5 21
32700 4 7
32766 56 36
32731 39 5
32026 1 3
32767 11 41
32765 3 32
32310 0 8
32766 12 29
32767 89 0
32765 21 11
32697 26 17
32766 58 37
32763 20 2
32761 9 45
32767 45 57
32760 2 36
32740 52 7
32737 39 12
32760 65 60
32752 1 21
32763 8 26
29488 0 10
32621 29 8
32759 1 5
32760 29 60
32753 1 18
32687 73 0
32754 1 45
32676 2 16
32766 41 61
32586 51 3
32765 43 32
32765 31 47
32758 8 50
32758 18 9
32740 14 13
32763 9 16
32766 9 5
32673 6 8
32398 0 13
32730 59 7
32709 11 9
32739 38 6
32617 3 70
32760 59 23
32726 9 6
32608 13 2
32745 7 37
32746 9 52
32763 19 1
32765 25 38
32755 37 13
32759 12 48
32756 26 15
32762 33 34
32751 23 42
32734 4 8
32752 2 3
32759 12 65
32766 53 41
32757 4 11
32727 39 33
32753 2 12
32759 54 34
32766 6 10
32760 16 11
32733 5 7
32762 2 42
32761 41 19
32765 38 32
32697 2 20
32765 11 17
32765 19 68
32753 19 14
31584 27 0
32737 71 22
32728 32 61
32724 40 8
32696 5 8
32766 4 4
32733 9 23
32763 1 74
32758 40 51
32740 1 7
32751 42 1
32735 13 68
32737 37 3
32759 13 36
32754 16 27
32745 28 26
32689 15 2
32761 67 61
32373 3 7
32744 2 21
32747 44 0
32632 7 71
32743 13 42
32637 49 0
32767 39 24
32767 28 13
32741 22 3
32764 83 5
32767 19 46
32767 55 48
32765 32 21
32766 28 14
32761 59 21
32767 52 28
32732 1 12
32765 9 72
32755 3 16
32764 15 63
32542 3 33
32753 11 45
32721 46 2
32761 23 5
32759 23 8
32710 6 61
32759 49 45
32746 48 11
32739 37 57
32752 9 5
32746 40 33
32767 0 78
32758 52 69
32708 1 8
32437 25 2
32715 70 26
32766 34 17
32767 40 8
32762 9 74
32766 6 64
32755 3 17
32753 14 1
32730 40 3
32653 6 14
32698 22 20
32763 79 11
32741 51 4
32616 0 1
32716 28 8
32750 4 75
32754 31 4
32762 46 56
32767 5 19
32767 21 5
32746 43 5
32767 37 18
32766 17 47
32763 19 56
32682 0 15
32761 34 7
32717 35 3
32765 2 78
32592 5 23
32764 33 22
32649 5 4
32746 3 20
32751 4 63
32745 50 27
32767 29 59
32766 35 24
32767 9 6
32713 4 64
32764 39 38
32759 46 98
32674 6 62
32752 4 6
32767 68 5
32757 5 36
32762 15 13
32765 3 12
32766 47 84
32761 12 2
32693 24 3
32762 15 46
32760 8 67
32510 0 22
32766 23 9
32755 11 89
32766 8 49
32725 4 8
32627 8 45
32757 29 8
32762 5 21
32767 39 31
32767 21 68
32751 1 1
32724 33 16
32758 15 65
32760 17 53
32759 21 8
32756 0 20
32697 1 9
32766 31 32
32613 2 27
32629 30 11
32619 17 10
32758 37 10
32754 29 4
32750 0 7
32737 0 0
32749 28 6
32766 51 9
32116 1 15
32753 15 0
32754 1 6
32765 31 15
32766 10 55
32757 35 27
32760 26 86
32601 1 5
32742 61 6
32755 6 6
32760 55 3
32767 35 8
32695 2 14
32697 8 24
32761 55 23
32763 45 5
32765 59 1
32760 20 25
32736 67 17
32765 64 76
32748 49 10
32766 5 3
32677 13 26
32733 9 42
32612 0 75
32730 17 32
32767 44 23
32727 6 3
32691 2 0
32755 37 4
32764 30 43
32752 12 84
32760 42 48
32755 5 15
32712 35 31
32758 66 24
32604 1 1
32754 19 8
32744 53 9
32740 42 4
32746 16 0
32759 14 94
32514 0 29
32747 29 1
32766 31 12
32703 5 1
32763 0 43
32765 17 58
32765 3 58
32738 21 23
32761 5 5
32763 2 61
32760 19 58
32761 78 21
32766 85 15
32648 10 8
32767 23 11
32754 23 0
32732 11 33
32755 43 62
32766 15 16
32693 36 5
32766 31 24
32177 54 2
32761 28 31
32722 2 6
32715 4 7
32721 73 11
32766 12 1
32762 29 60
32755 88 8
32599 0 11
32750 16 4
32759 30 55
32600 12 0
31959 1 18
32724 0 12
32764 61 9
30412 2 2
32766 18 27
32750 54 17
32632 16 2
32759 16 7
32766 7 63
32453 30 0
32767 68 22
32762 16 38
32766 0 23
32747 21 49
32431 5 1
32707 53 1
32767 42 55
32667 44 8
32694 10 20
32744 2 45
31305 0 4
32766 18 42
32727 4 19
32758 56 40
32766 31 10
32765 68 64
32763 38 2
32751 13 57
32762 15 70
32761 18 1
32751 37 8
32668 7 6
32711 30 0
32762 59 14
31659 2 1
32741 53 7
32719 5 4
32733 16 14
31521 2 0
32746 64 6
32765 1 50
32765 28 5
32594 10 0
32689 9 29
32744 12 7
32744 31 1
32743 5 39
32734 24 12
32752 12 0
32765 24 57
32469 4 24
32746 33 8
32745 25 46
32752 1 52
32720 5 23
32765 64 68
32764 28 3
32767 21 22
32762 37 29
32510 1 9
30803 2 10
32765 71 3
32753 2 71
32732 50 23
32761 19 4
32758 7 17
32733 2 40
32757 2 29
32761 30 4
32765 22 30
32755 47 6
32757 23 31
32765 28 3
32755 22 28
32338 5 21
32761 16 0
32657 6 15
32760 3 32
32712 40 3
32484 11 8
32733 0 6
32619 5 8
32675 13 32
32765 18 52
32728 2 37
32765 42 9
32734 13 15
32759 70 56
32743 5 66
32760 60 8
32739 3 16
32765 10 57
32752 11 26
32731 57 0
32759 11 7
32051 0 6
32758 28 23
32761 27 41
32742 17 58
32609 33 10
32559 9 1
32763 28 4
32569 22 1
32767 73 14
32762 27 9
32767 25 3
32747 17 4
32763 8 14
32379 3 2
32765 19 44
32746 43 7
32700 9 4
32765 15 1
32761 26 5
32752 5 15
32615 1 23
32756 27 4
32765 22 24
32757 63 10
32761 38 54
32759 4 41
32732 27 3
32727 30 1
32757 46 12
32758 11 6
32674 11 6
32756 36 34
32765 26 34
32765 9 20
32722 17 48
32670 1 51
32640 2 19
32764 66 31
32760 26 32
32748 8 23
32758 21 49
32745 22 14
32581 13 1
32747 27 2
32765 4 75
32760 3 11
32767 4 11
32644 12 10
32743 91 9
32767 15 84
32754 34 32
32762 62 32
32745 18 34
32751 0 8
31951 8 1
32764 51 65
32744 29 16
32751 94 13
32739 14 7
32642 3 6
32763 1 69
32586 1 32
32763 47 9
32755 15 1
32749 0 3
32728 43 11
32739 5 22
32702 3 19
32767 3 26
32708 5 62
32763 16 41
32767 8 25
31914 0 63
32765 17 34
32760 3 20
32723 75 16
32632 60 1
32755 21 12
32764 4 22
32765 40 4
32758 16 3
32670 4 9
32764 11 31
32767 33 61
32740 10 19
32762 24 46
32762 57 36
32746 12 20
32745 8 7
32719 41 29
32660 8 31
32767 35 53
32758 23 44
32696 12 3
32755 66 2
32462 11 1
32761 35 5
32767 46 21
32767 14 39
32721 26 11
32755 6 10
32766 70 47
32762 46 46
32735 36 25
32766 3 2
32746 52 0
32745 13 12
32749 13 19
32764 30 17
32718 53 23
32765 3 28
30711 2 3
32762 13 57
32748 31 16
32744 4 14
32383 18 2
32622 1 6
32633 20 0
32746 11 55
32751 6 15
32753 22 40
32764 14 0
32676 13 27
32764 12 27
32746 76 7
32762 11 11
32767 37 14
32765 62 68
32463 12 10
32766 12 9
32759 48 6
32767 63 77
32767 21 73
32737 10 25
32767 24 70
32753 3 4
32757 14 5
32634 19 9
32762 16 14
32764 60 2
32767 20 29
32706 22 23
31393 1 0
32739 4 38
32766 53 17
32765 31 50
32756 12 20
32744 51 3
32741 50 8
32279 0 50
32716 28 3
32746 1 28
32765 8 39
32767 26 20
32748 4 6
32753 7 48
32486 2 1
31350 0 0
32765 35 28
32724 16 62
32767 27 1
32758 7 19
32761 23 44
32767 9 10
32766 66 94
32736 36 0
32762 19 35
32767 44 23
