32767 53 21
32767 20 37
32733 13 2
32752 11 61
32685 0 51
32767 30 4
32766 10 77
31767 0 73
32765 68 19
32764 20 19
32757 17 30
32622 13 9
32764 41 5
32760 12 36
32745 43 28
32738 20 10
32737 18 8
32765 7 19
32590 1 3
32699 47 6
32595 0 6
32766 63 0
32761 3 4
32722 0 65
31702 10 2
32590 11 3
32765 63 8
32759 9 9
32756 59 9
32749 11 32
32764 71 90
32765 11 8
32767 60 18
32153 4 14
32750 44 0
32756 17 14
32758 2 41
32228 1 85
32759 25 17
32761 0 48
32629 4 5
30650 0 3
32766 62 3
32743 16 0
32695 2 29
32719 19 14
32733 10 21
32761 71 50
32757 51 10
32750 27 85
32755 6 4
32763 32 10
32761 0 24
32761 30 33
32754 0 10
32746 17 41
32756 63 8
32764 18 3
32761 25 50
31420 0 0
32757 19 24
32752 32 20
32644 15 6
32730 54 11
32759 38 24
32746 9 48
31836 9 0
32765 6 4
32758 22 31
32765 3 14
32754 8 81
32761 21 71
32758 7 26
32747 0 18
32579 13 5
32759 52 4
32767 12 53
32764 8 51
32763 13 42
32763 26 10
32758 18 28
32750 57 15
32756 19 8
32737 10 43
32767 72 5
32743 16 24
32750 27 21
32764 13 43
32619 9 7
32762 15 38
32691 22 6
32760 24 22
32752 8 68
32739 2 12
32746 1 40
32760 1 78
32766 18 66
32760 47 4
32762 40 71
32767 10 74
32755 26 18
32767 31 50
32763 13 69
32674 0 22
32767 0 38
32753 8 1
32723 23 9
32767 55 65
32762 65 78
32762 15 12
32767 0 4
32620 1 27
32761 8 15
32766 21 5
32766 36 86
32762 40 19
32749 1 4
32767 60 41
32762 26 47
32638 3 2
32714 57 0
32681 54 0
32748 13 17
32756 29 1
32761 12 7
32767 30 52
32321 32 0
32755 34 12
32765 19 11
32726 59 8
32766 55 33
32752 24 2
32716 42 11
32605 14 0
32766 41 56
32727 2 1
32674 3 14
32758 42 24
32761 4 70
32752 3 38
32767 20 7
32503 10 4
32766 11 34
32732 10 12
32725 66 37
32763 69 44
32758 30 36
32043 7 0
32767 10 24
32765 21 82
32731 7 19
32766 12 61
32758 22 20
32764 34 7
32764 15 28
32767 9 87
32748 6 56
32754 33 2
32717 9 8
32765 16 14
32557 10 5
32293 1 59
32681 1 60
32752 16 0
32642 8 3
32619 9 4
32726 19 6
32767 30 85
32743 0 11
32765 55 39
32761 18 49
32756 42 30
32736 22 11
32764 23 34
32748 12 41
32710 23 1
32704 2 19
32761 6 17
32540 0 25
32763 7 76
32744 50 5
32763 24 17
32639 1 0
32746 4 34
32726 0 5
32666 8 7
32765 0 65
32731 15 11
32258 1 1
32681 15 5
32733 6 11
32741 16 33
32758 10 42
32716 2 29
32757 12 12
32765 2 31
32763 20 3
32767 3 50
32767 71 5
32717 6 2
32501 0 3
32749 11 13
32748 6 17
32136 2 1
32766 11 6
32760 71 66
32709 2 37
32765 21 43
32519 2 0
32765 36 57
32760 9 9
32706 14 37
32764 0 1
32767 36 2
32714 0 21
32614 7 6
32763 48 54
32655 7 6
32765 11 22
32766 39 45
32766 21 33
32765 17 25
32709 4 4
32658 0 8
32756 1 22
32766 43 72
32745 24 47
32761 4 24
32709 1 8
32636 35 0
32758 6 5
32720 4 8
32763 2 28
32762 3 65
32673 8 41
32491 3 3
32729 55 7
32762 8 95
32762 39 43
32728 15 9
32635 2 18
32762 25 10
32725 10 8
32746 60 5
31768 63 1
32714 20 9
32748 31 15
32706 12 31
32739 15 0
32748 34 12
32767 55 53
32762 7 20
32767 3 80
32675 0 6
32766 18 29
32705 33 2
32762 0 84
32764 3 1
32762 30 9
32766 39 52
32721 38 1
32727 0 48
32765 5 56
32748 33 29
32726 14 48
32652 36 3
32702 7 35
32763 58 32
32765 38 67
32761 25 42
32767 6 37
32766 52 33
32763 28 30
32757 73 69
32734 0 16
32757 48 3
32730 15 10
32485 2 8
32469 5 2
32761 41 6
32743 30 10
32742 2 11
32759 43 0
32763 17 17
32759 63 18
32755 20 3
32722 12 0
32749 0 26
32721 31 1
32762 62 37
32766 41 23
32720 30 45
32757 11 56
32726 27 29
32581 15 1
32758 0 14
32762 35 26
32761 25 34
32754 25 46
32739 9 33
32766 56 93
32736 29 9
32724 4 5
32762 46 7
32765 93 53
32748 1 22
32757 71 47
32748 4 29
32765 13 54
32758 0 66
29855 0 0
32724 4 58
32764 70 33
32758 51 11
32761 14 19
32527 10 4
32737 7 23
32760 19 75
31627 0 31
32759 43 4
32765 23 42
32767 43 17
32747 4 66
32767 8 73
32739 3 65
32757 26 49
32764 64 4
32759 29 53
32752 3 76
32689 35 0
32711 6 28
32691 10 20
32540 0 46
32762 1 24
32767 36 37
32762 28 56
32655 11 6
32754 6 14
32760 80 63
32764 25 0
31738 5 0
32763 16 27
32765 46 49
32756 34 16
32705 1 12
32589 25 0
32754 47 44
32693 2 0
32745 9 31
32664 4 63
32760 45 50
32759 24 40
32745 55 16
32610 43 7
32714 14 6
32764 11 37
32748 9 79
32766 0 10
32758 50 51
32755 13 8
32760 10 15
32767 51 48
32714 10 38
32252 0 23
32766 96 2
32729 39 22
32767 88 4
32718 19 19
32764 44 35
32753 9 52
32754 47 20
32754 8 6
32766 14 4
32669 0 3
32597 2 23
32750 8 26
32764 3 10
32740 20 1
32767 17 0
32767 50 40
32764 89 91
32767 67 4
32763 15 2
32528 1 2
32764 54 37
32762 0 17
32765 20 5
32721 4 11
32742 32 4
32761 22 20
32142 2 29
32759 36 22
32765 20 60
32753 42 3
32766 36 13
32762 9 42
32726 5 0
32535 13 11
32761 6 57
32693 13 25
32767 21 45
32732 10 0
32403 12 1
32448 0 25
32757 6 8
32767 22 71
32763 90 35
32767 59 82
32759 5 50
32758 35 18
32742 30 22
32766 25 1
32755 21 96
32756 2 10
32716 3 9
32761 90 30
32766 19 40
32742 1 20
32757 27 3
32731 86 1
32712 2 6
32766 37 75
32761 71 18
32759 0 34
32765 37 31
32766 27 70
32701 0 1
