32533 10 33
32766 78 27
32509 3 5
32758 4 24
32767 5 90
32759 23 0
32766 8 43
32767 6 54
32751 24 13
32738 11 36
32766 24 13
32767 47 22
32524 65 0
32766 45 32
32766 3 20
32765 13 20
32758 23 4
32756 5 19
32766 45 11
32710 11 0
32729 3 69
32767 71 54
32697 5 37
32717 9 15
32762 59 37
32762 9 61
32763 61 16
32639 1 0
32749 27 28
32690 7 0
32749 12 23
32753 28 16
32749 17 3
32575 0 84
32232 1 14
32757 28 19
32725 10 18
32728 15 86
32758 22 19
32758 25 72
32764 36 13
32748 42 24
32765 81 10
32756 24 17
32766 80 49
32764 33 75
32699 13 26
32763 8 57
32758 1 6
32758 26 2
32714 6 8
32760 35 59
32741 28 32
32727 1 27
32760 3 40
32763 0 19
32737 43 7
32764 37 28
32420 71 0
32753 21 4
32751 54 26
32766 32 60
32766 2 60
32767 18 29
32760 30 35
32761 44 0
32708 11 7
32708 14 0
32749 12 82
32647 39 11
32730 12 56
32766 33 49
32767 38 57
32755 2 45
32763 11 39
32762 8 0
32760 12 75
32766 73 17
32702 1 53
32407 1 41
32747 10 1
32761 48 59
32767 6 15
32762 1 11
32735 13 19
32759 0 36
30492 5 3
32767 11 22
32763 46 9
31142 0 0
32719 11 62
32715 19 27
32762 41 42
32723 44 4
32760 30 24
32644 4 25
32578 10 26
32738 7 27
32727 32 26
32761 56 62
32764 34 36
32763 16 58
32761 31 49
32765 91 75
32759 8 33
32766 6 37
32734 10 11
32500 32 0
32688 37 1
32754 48 4
32753 33 49
32767 23 35
32713 9 71
32753 22 25
32758 3 35
32705 24 8
32734 13 36
32747 8 7
32759 13 17
32670 4 0
32733 2 33
32766 19 19
32748 2 32
32735 24 7
32766 26 63
32757 28 29
32754 8 11
32762 11 50
32765 38 62
32739 6 4
32766 3 22
32767 52 16
32665 12 37
32760 34 55
32523 16 3
32763 34 12
32763 82 75
32760 32 60
32759 12 21
32759 2 60
32766 37 33
32745 16 2
32753 46 28
32767 16 22
32474 0 22
32764 24 96
32747 22 8
32732 9 63
32763 12 50
32755 2 19
32678 4 64
32764 61 4
32690 45 38
32669 26 6
32767 3 91
32711 9 27
32764 20 77
32737 17 31
32728 23 4
32744 11 5
32758 31 19
32690 16 8
32325 3 1
32755 0 40
32593 76 1
32748 11 1
32752 20 6
32760 12 27
32750 15 64
32763 20 38
32763 5 28
32713 3 28
32761 49 22
32741 5 38
32760 9 61
32202 0 6
32763 21 50
32758 16 44
32767 29 68
32759 64 67
32762 92 56
32748 25 10
32763 33 24
32764 6 22
32766 25 0
32751 26 11
32753 16 13
32767 43 41
32740 5 4
32757 11 3
32753 72 19
32758 10 6
32751 60 1
32709 26 6
32757 7 50
32760 36 24
32755 32 8
32723 24 10
32764 4 0
32765 71 30
32766 24 46
32751 9 14
32749 57 11
32740 6 28
32710 0 38
32764 0 6
32740 6 5
32765 7 81
32759 9 67
32765 44 65
32720 5 29
32763 1 47
32766 35 49
32752 3 25
32356 6 2
32764 10 4
32724 22 0
32609 4 0
32742 57 18
32760 78 36
32764 23 4
32755 79 13
32756 8 8
32758 48 0
32657 0 24
32738 3 9
32553 4 8
32761 30 19
32762 26 20
32756 27 61
32710 2 14
32766 20 32
32764 35 57
32767 4 25
32655 10 0
32766 22 15
32739 50 1
32766 1 79
32756 8 27
32762 2 74
32725 13 1
32764 0 24
32767 22 74
32760 85 7
32758 18 21
32724 0 10
32764 57 7
32657 67 1
32607 5 11
32590 8 10
32762 9 17
32753 10 10
32756 16 0
32764 21 10
32481 17 3
32748 22 10
32325 3 17
32661 2 15
32767 15 20
32767 60 32
32749 1 57
32746 41 19
32767 51 35
32755 15 42
32760 0 49
32765 31 1
32717 36 1
32758 33 63
32762 2 22
32744 27 41
32767 25 58
32763 8 7
32742 6 19
32761 9 17
32767 85 87
32767 0 1
32746 81 11
32623 0 15
32757 52 11
32766 1 74
32756 21 59
32616 20 2
32555 60 1
32759 5 9
32652 0 66
32760 66 71
32735 21 2
32763 4 29
32746 62 51
32719 15 11
32756 32 36
32767 11 64
32759 44 17
32753 37 18
32746 36 10
32705 14 1
32767 14 45
32754 9 41
32751 75 5
32749 59 4
32750 21 41
32754 1 64
32749 9 15
32759 20 5
32766 10 45
32759 10 47
32762 0 55
32748 8 88
32708 12 8
