32767 60 34
32759 32 19
32764 48 3
32766 88 18
32756 59 12
32735 15 40
32764 64 58
32762 0 45
32748 6 0
32761 10 11
32751 39 7
32763 88 19
32758 19 46
32766 50 0
32737 10 26
32613 68 1
32763 16 10
32742 62 3
32757 15 9
32765 64 49
32763 7 6
32763 86 13
32763 5 13
32568 9 30
32746 75 15
31866 1 15
32765 0 33
32475 0 58
32745 16 7
32745 4 23
32765 43 2
32766 2 32
32732 40 21
32748 6 44
32708 80 13
32754 57 38
32735 1 41
32762 27 16
32766 7 41
32741 75 7
32767 14 55
32754 8 17
32766 56 19
32764 35 54
32751 4 69
32760 3 63
32767 18 18
32740 23 61
32758 20 11
32764 13 16
32735 19 1
32764 2 22
32763 13 18
32748 2 22
32691 21 4
32751 8 72
32687 2 23
32766 47 10
32760 33 43
31618 0 95
32746 15 3
32749 55 7
32734 16 25
32677 44 0
32760 22 67
32615 1 21
32721 2 1
32761 59 10
32756 14 70
32752 30 6
32766 68 65
32766 16 9
32766 1 21
32763 8 27
32710 34 36
32746 13 84
32764 71 35
32722 61 5
32766 8 29
32763 44 1
32731 31 35
32762 19 7
32711 11 11
32766 21 21
32759 4 27
32759 30 60
32753 37 11
32752 89 21
32766 40 61
32690 2 94
32760 5 80
32767 14 43
32767 65 20
32749 75 2
32707 38 0
32764 4 1
32750 11 4
32743 15 21
32766 15 62
32767 3 36
32715 9 4
32735 25 40
32732 4 34
32764 8 49
32766 79 52
32749 14 30
32765 30 20
32753 80 6
32754 3 3
32750 67 29
32693 29 0
32741 6 3
32746 11 8
32763 54 4
32765 14 20
32712 1 26
32726 27 25
32695 2 6
32494 1 7
32762 0 65
32498 2 58
32747 40 5
32690 12 37
32763 6 37
32762 21 17
32765 57 2
32721 58 8
32766 64 54
32753 25 13
32763 57 5
32352 50 0
32753 52 26
32758 41 23
32758 17 2
32767 27 59
32756 6 96
32725 8 6
32689 5 48
32708 31 2
32754 71 55
32762 18 35
32750 23 44
32560 2 22
32762 15 22
32687 38 6
32761 40 37
32765 4 26
32744 10 5
32501 19 6
32745 9 27
32765 47 6
32754 17 7
32606 1 4
32767 82 23
32764 53 78
32749 0 58
32760 1 6
32764 54 58
32766 13 62
32733 15 18
32726 53 14
32746 43 21
32432 3 21
32765 23 4
32765 34 79
32606 7 2
32766 28 1
32721 48 0
32751 4 2
32740 15 7
32731 44 2
32756 27 18
32692 45 3
32767 9 18
32617 21 1
32758 3 30
32748 32 29
32766 2 71
32754 5 87
32653 3 17
32755 48 38
