32719 4 7
32766 35 33
32760 0 73
32751 6 0
32721 15 3
32763 41 11
32709 38 5
32735 26 0
32762 50 50
32408 3 17
32766 76 60
32758 11 21
32760 35 54
32302 12 8
32743 13 4
32750 2 35
32494 0 7
32757 1 36
32760 70 4
32743 25 18
31839 2 1
32743 9 9
32726 50 0
32717 0 26
32734 9 19
32766 3 55
32659 0 76
32483 26 3
32760 62 32
25438 0 4
32731 46 18
32665 13 18
32749 5 8
32647 1 3
32767 76 18
32751 38 9
32763 56 51
29676 0 7
32742 4 35
32726 13 0
32739 14 68
32761 90 8
32714 0 22
32765 44 4
32755 2 14
32749 0 1
32754 29 32
32737 64 8
32687 10 36
32765 31 38
32742 41 57
32761 76 1
32689 17 31
32726 17 31
32751 7 48
32766 2 6
32739 17 19
32767 76 59
32763 23 68
32692 25 0
32755 12 45
32623 6 5
32314 39 0
32758 5 45
32613 44 2
32408 5 4
32761 6 7
32669 1 9
32057 3 3
32667 36 10
32761 20 0
32767 41 27
32756 34 2
32128 0 15
32761 2 11
32767 26 10
32752 37 19
32751 24 39
32761 42 77
32758 48 0
32767 34 68
32718 29 5
32760 54 0
32767 56 58
32758 6 39
32739 38 2
32706 24 12
32765 4 5
32754 76 14
32759 63 9
32732 14 4
32752 12 50
32765 13 20
32763 70 21
32689 0 3
32766 54 35
32764 10 24
32754 28 71
32752 84 45
32750 0 46
32767 49 48
32193 18 2
32766 59 29
32764 19 3
32757 1 1
32763 77 4
31875 29 0
32763 4 8
32761 18 40
32749 43 26
32757 23 2
32767 90 5
32736 18 39
32738 10 9
32659 9 5
32724 40 1
32753 34 44
32667 12 30
32662 3 12
32758 8 21
32683 12 48
32766 18 24
32767 59 27
32755 2 53
32758 29 45
32753 5 10
32747 30 5
32757 60 27
32767 8 11
32747 11 3
32766 27 29
32763 1 20
32697 4 2
32752 23 23
32758 35 54
32758 19 18
32767 53 29
32765 14 42
32747 52 7
32751 20 20
32761 59 52
32766 3 42
32758 0 72
32757 21 26
32767 2 37
32667 7 8
32763 10 54
32212 2 8
32741 9 46
29716 0 0
31503 0 0
32713 12 11
32746 5 28
32763 11 41
32761 5 24
32743 19 16
32764 34 5
32762 53 38
32748 13 20
32761 19 1
32749 0 8
32761 32 5
32765 34 76
32761 40 70
32601 4 19
32655 23 1
30628 5 1
32646 1 72
32640 1 53
32765 61 63
32757 30 5
32767 49 37
32743 20 5
32755 17 8
30851 7 0
32765 24 81
32565 0 20
32678 0 16
32747 1 1
32763 7 35
32748 0 48
32701 20 43
32751 5 7
32760 0 50
32764 45 0
32732 7 18
32428 15 1
32709 8 14
32757 30 12
32751 54 32
32732 1 44
32766 10 37
32729 5 0
32744 42 20
32714 20 8
32760 9 27
32735 32 30
32754 11 23
32761 0 44
32721 21 4
32761 57 1
32056 0 48
32739 56 14
32767 3 45
32755 26 50
32762 17 25
32741 11 69
32716 4 20
32765 42 64
32766 3 62
32705 28 10
32537 5 17
32663 1 33
32754 12 36
32766 54 44
32752 12 22
32749 7 36
32767 66 83
32737 15 1
32756 91 20
32766 67 28
30422 0 19
32744 5 90
32763 46 24
32763 97 3
32724 60 7
32762 58 0
32752 40 3
32716 2 31
32734 23 5
32665 0 10
32764 73 20
32766 40 18
32739 3 70
32753 10 22
32763 18 88
32766 25 64
32161 40 0
32727 83 48
32718 13 5
28732 0 10
32760 27 66
32763 59 10
32763 11 92
32763 52 55
32766 38 1
32757 60 28
32754 2 15
32763 8 80
32681 4 13
32743 36 6
32767 83 4
32711 3 7
32719 13 2
32747 53 16
32637 24 0
32761 21 17
32734 55 2
32767 8 79
32766 9 9
32765 20 10
32413 0 28
32752 21 23
32618 1 6
32705 56 9
32759 51 15
32759 30 28
32758 79 5
32763 61 57
32744 3 28
32641 54 0
32763 74 37
27410 1 1
32751 37 44
32750 2 39
32737 2 33
32755 11 6
32765 45 43
32762 26 14
32761 14 3
32739 6 14
32749 12 31
32759 4 21
32752 16 18
32758 61 62
32767 91 19
32737 12 1
32114 64 0
32767 87 85
32753 18 73
32485 0 6
32713 10 25
32760 10 13
32759 72 13
32766 20 75
32767 70 7
32750 64 2
32741 3 29
32755 42 8
32542 30 0
32741 56 18
32656 0 6
32750 17 4
32752 4 4
31944 1 33
32753 9 1
32747 79 0
32763 3 84
32744 4 25
32739 43 27
32748 9 16
32761 0 53
32742 15 54
32286 48 0
32764 4 47
32760 31 48
32752 21 0
32758 38 13
32759 52 34
32710 16 5
32753 13 18
32761 12 59
32757 0 41
32766 45 61
32767 22 2
32354 1 12
32767 22 4
32722 13 11
32763 46 82
32736 5 17
32285 2 2
32622 4 35
32764 67 23
32765 46 59
32729 22 44
32652 61 0
32724 27 12
32767 13 68
32751 21 47
32763 4 9
32743 17 19
32766 77 16
32767 44 19
32763 26 1
32767 13 7
32760 51 23
32577 55 0
32765 13 8
32638 15 5
32766 38 42
32765 44 18
32717 10 62
32759 51 51
32767 14 58
32765 45 4
32766 7 20
32654 0 4
32740 25 10
32766 30 18
32750 15 31
32767 11 52
32711 1 20
32767 12 49
32763 11 15
32750 95 0
32645 20 5
32758 5 6
32761 20 29
32763 61 39
32727 1 13
32757 59 87
32766 27 59
32761 15 8
32750 1 70
32766 8 36
32760 54 1
32748 36 13
32760 13 9
32764 3 16
32759 11 74
32765 41 72
32752 0 92
32766 51 16
32765 52 8
32757 41 30
32758 25 34
32755 26 34
32739 14 3
32764 14 5
32761 57 8
32755 1 5
32752 25 18
32737 30 23
32759 3 25
32754 16 71
32701 14 3
32767 11 23
32696 39 7
32764 14 2
32751 42 30
32767 7 24
32758 2 24
32765 43 19
32756 2 18
32762 11 23
32731 5 2
32704 1 5
32750 1 3
32734 0 32
32742 15 43
32744 69 17
32764 13 24
32757 2 47
32737 38 1
32713 7 29
32767 37 5
32739 0 14
32762 9 19
32720 17 34
32724 18 34
32749 33 7
32736 65 3
