32744 1 47
32767 25 35
32761 8 18
32759 21 57
32539 1 13
32765 11 14
32759 8 8
32753 36 10
32767 23 21
32754 6 15
32745 40 10
32748 2 6
32764 2 33
32743 45 33
32747 14 81
32761 29 29
32767 96 67
32767 8 21
32700 24 2
32748 8 3
32508 1 16
32738 50 15
32767 32 13
32754 18 37
32735 27 23
32561 4 0
32766 45 43
32765 51 28
32716 14 17
32766 5 44
32765 4 15
32670 15 0
32551 1 30
32747 24 53
32668 3 54
32714 1 20
32652 19 2
32639 21 2
32758 15 5
32724 39 9
32725 8 23
32727 14 0
32766 12 6
32751 16 52
32730 38 22
32758 80 1
32767 8 61
32716 9 36
32766 8 80
32763 1 48
32756 14 18
32748 16 0
32670 1 10
32743 27 0
32757 18 41
32656 10 0
32767 40 9
32689 7 24
32764 18 25
32759 16 11
32751 53 14
32765 68 64
32749 5 60
32450 55 0
32763 14 6
32751 38 51
32764 72 20
32766 49 81
32751 8 15
32749 4 35
32762 11 13
32755 17 4
32565 8 17
32764 64 8
32319 2 8
32681 0 40
32753 50 13
32757 23 53
32756 32 13
32766 43 48
32734 0 18
32681 5 0
32751 46 26
32765 22 33
32763 27 54
32366 0 36
32749 15 15
32169 9 1
32766 24 11
32753 65 1
32763 32 1
32762 79 34
32731 27 15
32410 2 8
32767 38 8
32733 9 2
32764 3 32
32739 0 40
32188 2 1
32643 2 18
32761 28 10
32751 8 5
32720 16 17
27078 0 3
32755 3 3
32759 1 59
32576 0 15
32760 53 35
32694 24 4
32764 23 32
32745 13 7
32767 8 17
32761 40 0
32750 5 19
32746 27 23
32761 29 6
32738 34 18
32767 43 41
32726 23 3
32441 20 0
32755 10 9
32767 50 56
32754 11 17
32760 11 4
32728 39 22
32756 61 7
32767 15 7
32762 0 23
32754 52 22
32744 28 0
32724 22 18
32757 5 11
32730 27 3
32757 4 71
32761 2 3
32766 2 43
32716 21 34
32717 19 40
32765 18 30
32767 1 16
32767 45 52
32746 62 9
32601 18 4
32764 26 10
32759 72 5
32765 54 65
32762 43 66
32393 11 0
32612 11 11
32757 49 79
32766 46 16
32757 14 39
32766 25 82
32756 43 45
32746 1 35
32759 40 26
32723 71 4
32176 18 1
32280 15 1
32757 32 1
32752 63 11
32747 28 20
32762 36 18
32755 8 15
32761 76 32
32765 68 63
32688 21 18
32758 11 10
31982 2 28
32759 24 5
32758 22 27
32767 2 5
32767 42 62
32762 72 69
32452 2 0
32494 10 5
32761 18 8
32765 0 3
32763 58 20
32767 79 3
32751 31 2
32723 66 1
32766 15 60
32491 5 7
32591 50 1
32733 25 1
32766 21 69
32764 40 41
32743 11 65
32567 77 2
32753 69 7
32752 2 38
32764 12 81
32697 38 6
32767 41 71
32744 6 60
32755 50 24
32765 17 5
32744 34 5
32718 3 2
32738 85 17
32763 7 22
32767 29 7
32740 3 2
32759 13 79
32761 22 5
32755 64 31
32757 73 8
32750 5 6
32588 9 11
32736 1 21
32761 13 43
32722 1 6
32697 26 8
32734 21 3
32767 10 58
32765 41 12
32736 5 27
32749 44 62
32732 30 26
32741 50 24
32735 18 1
32767 7 6
32754 59 32
32763 7 9
32744 78 1
32754 2 31
32761 29 64
32658 2 22
32747 26 14
32761 2 17
32765 57 27
32690 66 1
32767 71 1
32751 0 7
32758 83 10
32762 39 31
32690 3 16
32760 34 60
32766 15 77
32765 20 2
32766 10 5
32732 41 14
32741 33 12
32765 9 30
32764 47 43
32765 9 3
32767 55 51
32740 1 40
32767 24 72
32765 64 10
32741 31 7
32730 63 1
32731 2 36
32745 19 0
32756 11 40
32638 4 7
32691 19 2
32761 1 40
32763 7 14
32742 23 17
32761 9 91
32696 3 14
32753 78 6
32761 30 17
32767 74 19
32766 12 26
32711 5 30
31759 0 1
32755 6 52
32702 9 14
32762 5 23
32744 5 58
32761 55 53
32766 17 35
32766 39 61
32758 14 2
32760 13 6
32764 54 10
32479 0 9
32728 2 5
32757 15 30
32766 75 64
32710 0 49
32750 4 6
32763 4 58
30837 12 1
32748 9 5
32766 29 22
32760 16 34
32744 13 0
32737 8 7
32751 15 12
32762 34 19
32735 7 31
32659 20 13
32767 19 38
32767 51 49
32739 8 8
32766 25 75
32764 37 16
32756 0 70
32751 59 18
32761 19 47
32764 30 15
32756 46 13
32758 40 25
32758 14 60
32760 33 91
32758 85 10
32760 2 4
32766 68 76
32767 31 38
32748 13 29
32761 54 33
32748 10 83
32748 22 33
32765 33 50
32746 15 31
32756 22 27
32724 5 71
32657 3 30
32760 16 52
32693 75 1
32767 79 30
32767 8 27
32766 6 74
32759 10 9
32761 19 20
32757 6 33
32762 2 40
32710 3 0
32520 1 20
32757 13 9
32748 11 4
32765 2 43
32745 42 2
32754 30 37
32760 8 11
32763 6 1
32767 67 50
32755 8 6
32765 30 24
32764 26 9
32737 7 10
32685 46 40
32767 12 46
32760 18 0
32767 12 52
32726 29 11
32767 36 53
32759 4 55
32766 40 64
32502 5 40
32753 8 76
32766 81 31
32765 3 53
32760 78 49
32756 18 57
32572 9 2
32767 33 7
32760 53 71
32499 18 0
32753 11 5
32767 10 32
32763 41 38
32745 20 44
32733 18 6
32759 14 20
32762 22 22
32726 18 0
32756 12 7
32767 32 28
32766 7 48
32749 52 34
32742 2 20
32745 43 2
32325 0 15
32765 56 10
32365 0 41
32765 28 44
32766 65 8
32618 36 0
32767 46 46
32736 46 1
32738 11 75
32699 2 23
32755 16 19
32751 4 83
32736 2 11
32723 0 2
32659 0 23
32764 12 10
32760 16 30
32767 53 7
32745 21 7
32762 39 9
32743 37 2
32764 78 40
32757 46 23
32727 45 3
32678 4 3
32764 13 10
32723 12 81
32728 5 23
32729 6 80
32760 9 28
32740 3 2
32757 0 24
32764 33 27
32692 1 8
32758 0 35
32740 5 6
32762 4 31
32689 24 3
32413 1 1
32727 12 12
32759 74 51
32618 0 73
32760 3 68
32764 37 9
32764 22 38
32759 40 25
32767 13 14
32738 3 76
32765 1 15
32759 72 7
32767 45 20
31842 8 0
32760 8 23
32727 47 31
32763 13 22
32754 8 0
32762 55 21
32648 2 37
32766 80 22
32765 44 34
32682 59 2
32750 6 68
32763 0 75
32733 1 7
32761 35 63
32759 2 35
32752 23 50
32767 8 72
32681 68 7
32765 21 2
32756 13 8
32766 2 54
32749 40 6
32748 9 4
32766 14 48
32767 35 18
32740 36 15
32666 1 31
32756 1 1
32766 37 2
32754 62 4
32720 14 6
32764 2 61
32748 23 11
32766 19 1
32750 21 49
32637 9 18
32766 38 29
32758 61 20
32736 2 7
32720 18 22
