32767 36 79
32740 9 15
32761 63 15
32715 5 48
32727 7 3
32766 1 0
32726 28 3
32763 0 9
32766 45 40
32723 56 10
32738 30 18
32398 45 0
32734 19 21
32766 1 55
32737 8 46
32735 9 0
32755 17 29
32742 64 24
32748 25 22
32767 3 9
32762 49 12
32766 39 7
32750 22 65
32767 34 61
32712 38 29
32572 28 2
32735 13 34
32761 31 9
32752 52 10
32736 79 1
32766 70 48
32712 8 3
32764 3 31
32736 8 35
32755 57 17
32763 21 35
32764 26 22
32765 19 46
32723 7 15
32676 7 3
32757 3 63
32758 19 12
32756 48 4
32767 3 20
32749 0 35
32756 48 63
32740 0 78
32754 38 0
32709 2 22
32698 20 29
32767 26 17
32761 31 52
32629 7 14
32761 14 17
32738 44 34
32734 42 3
32733 2 16
32753 15 49
32746 81 4
32713 3 2
32741 3 49
32753 45 17
32766 21 74
32728 56 8
32760 1 43
32767 21 8
32766 56 16
32750 19 10
32754 6 18
32764 15 0
32731 14 4
32758 11 37
32730 2 63
32765 22 28
32734 6 24
32753 44 12
32760 17 52
32753 0 43
32751 45 20
32748 63 10
32742 19 6
32759 2 32
32749 0 30
32763 0 33
32764 53 5
32752 17 14
32633 10 0
32730 54 8
32634 0 11
32742 33 15
32653 23 3
32752 20 13
32762 52 23
32764 38 7
32748 5 13
32765 13 51
32761 37 32
32764 45 16
32625 11 3
32724 68 16
32763 0 45
32764 14 12
32753 15 6
32239 4 18
32155 0 54
32751 71 54
32765 32 60
32761 55 25
32763 1 12
32767 7 46
32743 1 35
32766 76 47
32762 11 6
31924 1 0
32763 33 14
32753 14 10
32746 50 12
32759 65 16
32252 6 0
32754 87 18
32756 27 20
32756 3 1
32714 17 56
32765 19 6
32766 22 22
32707 20 12
32751 27 9
32765 83 67
30417 0 6
32737 27 63
32765 70 42
32763 13 45
26655 1 0
32754 24 59
31648 6 6
32637 6 37
32746 8 9
32738 3 39
32735 59 6
32700 1 13
32747 12 17
32761 29 40
32757 19 56
32758 31 2
32766 15 8
32756 17 28
32540 23 4
32759 31 16
32577 7 6
32749 0 37
32766 24 67
32752 11 17
32758 8 25
32731 9 9
32767 44 75
32692 6 18
32751 53 10
32741 8 25
32764 19 9
32764 82 10
32766 6 39
32764 56 4
32765 18 16
32756 8 5
32760 7 52
32734 8 2
32757 80 29
32707 9 29
32757 38 0
32760 41 5
32740 29 6
32758 17 54
32706 16 32
32760 3 60
32758 7 12
32767 3 5
32684 2 12
32763 19 55
32765 12 3
32762 14 37
32757 4 3
32733 50 1
32465 0 27
32764 3 57
32767 77 72
32405 56 1
32705 18 2
32725 42 6
32766 67 65
32764 30 7
32752 1 34
32748 18 23
32767 49 38
32696 18 2
32583 6 4
32764 82 11
32746 6 32
32480 0 1
32762 35 6
32753 2 2
32756 19 46
32766 4 68
32766 78 57
32733 17 6
31256 6 2
32767 2 28
32728 16 4
30928 13 1
32766 32 42
32757 3 11
32765 28 6
31768 3 0
32725 21 10
32761 2 22
32756 23 13
32766 30 37
32752 71 80
32761 21 15
32735 9 85
32684 8 4
32755 45 5
32718 6 7
32764 8 7
32749 6 47
32754 11 26
32765 6 50
32760 17 68
32759 38 14
32765 2 59
32765 2 24
32745 49 5
32765 31 11
32764 14 22
32765 36 13
32766 48 7
32767 51 25
32743 8 31
32706 25 11
32756 25 23
32755 52 60
32708 1 35
32751 2 1
32742 5 16
32752 18 62
32762 6 81
32730 29 20
32764 8 10
32757 12 45
32767 78 50
32684 26 13
32726 23 4
32767 5 33
32766 68 12
32764 4 65
32722 50 6
32760 23 5
32526 16 0
32764 6 3
32756 87 41
32725 5 11
32750 5 9
32760 29 24
32766 30 16
32767 88 75
32715 21 1
32764 18 6
32757 14 38
32767 23 51
32736 24 1
32757 20 10
31314 1 3
32752 7 22
32752 29 10
32756 43 49
32758 6 4
32753 68 19
32764 7 61
32751 2 27
32758 59 31
32747 2 23
32762 48 46
32730 25 0
32643 0 5
32765 23 28
32765 47 9
32761 53 16
32626 1 2
32760 2 14
32765 0 23
32762 28 16
32622 4 1
32745 29 4
30725 0 0
32766 38 4
32729 0 25
32491 23 6
32655 6 12
32758 27 3
32757 32 24
32747 29 2
32760 60 39
32733 19 20
32763 16 10
32765 26 12
32748 16 47
32422 7 11
32766 45 1
32765 17 38
32153 0 30
32749 13 64
32766 26 19
32701 7 24
32532 34 3
32723 57 4
32689 12 8
32754 65 12
32766 6 32
32711 18 54
32722 35 7
32731 56 6
32764 21 20
32767 13 58
32739 6 29
32765 15 47
32691 16 3
32765 38 15
32750 9 39
32661 1 8
32713 0 5
32744 32 7
32760 80 23
32752 44 13
32500 0 85
32767 34 4
32767 13 37
31914 11 0
32767 31 73
32757 15 32
32751 4 56
32492 55 4
32716 39 0
32764 19 34
32762 3 13
32744 13 9
32753 16 39
32701 3 34
32762 0 7
32667 5 61
32730 29 7
32656 9 55
32665 20 5
32765 2 60
32357 0 9
32746 34 53
32760 24 2
32760 86 4
32745 11 49
32351 2 11
32720 24 43
32762 16 43
32764 6 2
32739 25 3
31538 1 3
32719 16 20
32756 9 26
32502 9 6
32752 7 9
32669 3 25
32763 26 77
32765 20 86
32744 22 19
32764 1 24
32762 11 10
32748 15 67
32767 7 9
32514 17 2
32763 77 11
32760 63 33
32765 36 74
32653 86 2
32765 31 33
32755 4 10
32763 21 16
32765 57 33
32765 6 7
32763 45 7
32730 6 5
32759 90 53
32760 8 69
32764 35 54
32686 0 1
32753 29 11
32766 49 11
32766 5 5
32753 42 17
32762 10 60
32742 18 17
32767 51 22
32424 0 35
32766 37 25
32763 22 8
32760 13 2
32753 3 70
32738 6 27
29248 2 0
32767 36 20
32764 16 15
32762 15 32
32723 22 1
32688 1 4
32758 1 64
32750 76 14
32759 44 51
32722 3 17
32765 5 17
32735 0 4
32673 18 0
32758 38 11
32760 61 85
32757 12 12
32754 28 28
32767 5 65
32752 18 13
32703 26 2
32683 79 2
32576 8 2
32766 18 14
32677 11 4
32756 13 2
32588 1 16
32741 82 2
32757 12 6
32716 3 4
31292 7 2
32764 31 41
32757 10 69
32762 1 42
32765 45 1
32663 6 2
32754 32 52
32766 44 60
32704 4 45
32711 2 12
32758 18 1
32738 47 29
32766 31 9
32756 25 34
32766 57 15
32743 36 23
32733 56 13
32742 7 55
32759 29 31
32715 12 71
32744 13 25
32751 60 8
32767 6 33
32767 10 27
32744 37 31
32765 13 37
32759 1 0
32748 20 5
32716 10 33
32753 23 4
32731 2 0
32764 6 17
32732 0 1
32764 24 47
32735 11 22
32764 4 36
32759 19 8
32763 76 29
32758 51 13
30269 0 0
32747 4 25
32764 32 64
32762 44 43
32762 41 43
32750 16 62
32692 3 10
32596 4 20
32757 12 92
27394 1 0
32746 83 16
32747 72 9
32720 1 1
32758 36 23
32741 31 16
32756 64 4
32762 3 15
32763 0 35
32758 2 41
32621 41 7
32742 4 26
32763 0 8
32759 51 2
32764 59 6
32681 12 20
32735 10 55
32764 72 67
32757 4 58
32761 33 38
32736 26 4
32766 46 82
32766 18 75
32766 23 30
32740 6 9
32758 41 9
32764 5 5
32548 74 0
32749 61 36
32749 16 6
32766 28 21
32730 11 7
31294 74 0
32759 29 60
32763 18 0
32762 0 50
32747 0 60
32678 4 70
32752 83 46
32698 24 13
32753 63 19
32751 14 1
32718 19 33
32745 79 9
32719 11 25
32764 26 38
32756 20 38
32765 53 16
32765 50 11
32739 3 78
32700 87 0
32761 40 25
32702 4 39
32758 5 52
32763 44 18
32765 35 7
32760 14 35
32690 65 10
32706 6 76
32766 1 12
32740 1 7
32701 0 61
32757 55 28
32700 29 28
32762 81 33
32759 14 71
32747 34 7
32644 14 8
32740 22 7
