T#YXffTR+a[MHI?(L$^`M.;DU4`9[C;X(_/";&Q8ML[aP^DAXN.('/bN*700'&[VID'(.S6D-#6@dcICF98Oe2W[8?XTecZ(8.]U
a=+J_9=4IHC".(HP0"KNe(>^Z)Y3SLP:M%F;Ib/3XFNEP`f_0;?0??AGUF&+;W6R!e`Gaf#*!`1E5d_P!6\G%;5;R@c6\L,1P)XR
Cc<RbCF;Jc3,E^Ec;\*D,T=2_XXS<9F^HPWI)(^\<:7.__YJ7Gf,5JF*OJ_XKF8[!^5MK%,6ABAa\7UPX@V;.#*0.fcQV.9b*b9e
,4YA`H8?;AC=%K"C[\H3I^f\8c4?QD4.fYQL6,D2V(!*Bc\a_&!=1Y.^Nd3QHBHWHM9)f)"f@[\XM<^cH"6.-'M%$Q%c`T6\;GO9
G$="=PYd,HC*?dVS41RC(dYWG+<,:SH?,@>R$9?8J'S^[+U%8:+0Pa8I:,aX)7aGK2KaCdI"LN?0H$0T>AMG8R,YFF8I"V1aZ[,_
!N4XDLTM\*\b/#+R*+.[\!:,],(2aV*S]2OY#1aM@O_2ZZY>*[16WW@YP(I>,XXX:,4QbJ47<I0,E5bG@T&#]P#C5#MB+;V2fC#C
+dTI#VD_`9L$eEfQ8bd_-KRG(LFD11_\2C5ZMV/$"Q9;GNL_A1="WNF5H3Be2WZ*?X(FTDL?BTIJHZc,WE^XecO>RH9I4:-![6T%
:@^I!<,YE3J(:DD35DD>]X^7O>$"^00R/?b?]A(6<YTS.6]'Q-32eLXG2,&J2)T!T>JVF)fX%C8`E\D23QYaFGGOCQI>,(L"*4@'
.dI/JC^^VOS2)b?3:CJ7C6C-#7P+M4DK:J7c0&;)X,'b^JBTZ+5.G!B9P7Ue".EG&07QWI'#TH`HS#`YXLS>31"fK)D$05>$$[WK
,SI['ES>;<Bb',CUWJ75P)ULCReLB7L[SLV'M^>7L``#8!edC2^)=7*TLH%\4O=.GG60LeZ(4@>9(]37d!M_LR]T5d*DZ[UcR"2>
?bB=#6;b:<WI?&c!Z?Ne8'e"=<CM&Y8QdD&ad`R&N@U`K/@G3R/OT68eJaU)U2&NJb]R0FbIT;X29=I8//9a[KI9FBZ%RB)K"<&T
0N,c"Hc:H)>FPZ,O%RUU%CMf![cNBY*+20''79Z^%R2V4Q5E[`'+:W</[[]BR>K8e4<dR6.([)C,9+RIb$^0Y"&)/K++8#Y>E@]E
F/RL%dL4A$3G<^9TP(@Ydf&;L'I-F#A+L"UX!47I-=4BXX&`"eDe/$;@'OJ?M"EK"<"LMH#;!,R4CDJ.D3;UU]'R0QT]@JC^OLH:
FDO3A<d8-+.+KT<3I%719M3=*D?-,c`&!?KNU0)`!B<&GZ@`9C[d'F%%"#(G/YUQ9ZCHU6M:.ZDM6-%a.6/'X)A^bT#\HI`,RMba
,#D44F,K&$%@NX@H".5E;)]f:VWJf3e8O,SX$5*e03/JM;6f`!/Bd0D=E9+J8'3;[7;:#71@QNB*I-_AI"US7bZ:C2)b].K5#)Yd
6b9S$;fWe7;Q%H^Z1&H-\^Y9J&[>DbJXO/e!f+ZCI:G/2$/cLb(e,2H:JYB-VYF_CAO_dR-0b<S';_GM2fR/JO^b%abfQMJ-BP8f
D3<Z"9MVO.4_<NFeX_UA2,Ae["!cV6H.<YW)^XdTO3Ed.F3Z-<VGbDI3O+9I9LIFE,&'_,MWf85:d-"FIc6S*H\`(E=31[Y)HPVa
35:%MR66WG6W,db/QQ7Fa,Bc9=)#ac%#8+2aIL((7FT*;O-N8`B^:/9B:O9d*Ie(R<$`CVI(BZ>.!G9+D`VN(WX@K$.<E3H0V#A!
%_FTLXQ<HF<FA]HG.G@_*;+$#0ATbO,B%1V$_#V>I'>9U)(.]R"]\QAY9HY.5'D<IH!2;&>J+B&RdG).PB5Y/XW>=NI)R8P'V1Z"
^>V6=,M)dJ%&V@!D;G2$0&2\1Y+B<&cJL<#BI8_FQXE^XK@4/S\6fYU]YZa52?MOce^DQ^WJ6&JJ]M++U9)AJ'39+)^IO!/,20Q]
a8\Pd`%*FZ/1!]RAdP5"7?AfdR1%*I>[OG`_0O^BE,OTGE\W[V?Eeb_'DYYE=QJ=U!?PIM@.[]!0)9\aZ,d'%]8S'S)']KYTQ#aQ
*?=,&*_3LE\bULOF'Ff&Y?Xb1e%$HLNB+8O+R-MaJU_=W&<5SNGaOJ[Y:M!8(`!L+:3@f.$T+"CY.)9]b*,]]6V*="Z=*\Y4eb$S
9GD-#J-@$;X#/=`130?_C"=E2W5#M:XX7KM9%<0HB79K4Vd@'eb5T.%"aBadB!MB>F.Z>R9$a^\M4[,UG*XQ*^$0*@>K^HZ_/cb2
+_DEa.(1$X([NGR8$Z4L1e><XLN@#?T,[:dX\VQ6<b6FO^A@:>YeZ!AY,7L-b>=2#*b)ON1.d@I4#I>1@M5AH<ZS%QQ+[&[A/AL-
%^Of93=B2]\U\*>4PL:T7Y-bH>DOaMc-,-D966^MfFZc$,4$!L)$+\/`G^-O-9(@T=*CA2>P9e!5TK_@U"f%@O+Z#4d3H<6B&*N*
?(7U@?%)3I/W]E$17LIc>/9<>&!5.35C>H<R*\-JaWP\UM_.[-=Af@?Y$$NA/E[=3$Y@)L[c1[&T0XEOQ>`3Z*?V(!O6H#?8L9)T
TL=+SG&;7@QX>X0[Fc.,O,MQS5@\:3&:WEAOR=WP]!\FE/JB?d1?GRa@cQ68R!?-/!R0[;`LA"cS=*2S5=eR3=O=B@J.A$W[5'@3
;A-H40S"7+6"SI4&VbTCHT8b)9"5<fTJK='*QP[70&>0$9844I\2f1[P9?#%^/2,c_e"b80_;65];%!D^I"ef_3,=SWJ)bWd^2*<
\?%$5Td/'#d#P3=$F9KA5^QS=]C<faOaS[B?bL`b<VW@\_];<I'V.>/[S^TC)4SIfDOeG-:?8]1ba7bJNUD>f6"QKN[2)^(D,F2R
'/WHR5_.>"YId*N&F=TJ7:bQKR$;)PWa2b*5>LQ;:J]Z9P)$Q8TebdQ06U+AXd=[-2;"EW+cJI!e92-88"WDCY75Jf^d8b8fS?"T
BU'K_?@^-B>8IOSJ#]8*CJ<IZWN([4&+#]PIX$OY1*?>RRMBR"1AN:=BP6PXN5?@,(6XSWWCJK6EbONE'5:UGG,4\3T71D8d#%&.
\SCUVEcI(^RD:HU^:/ZcDF3eEdbYMR)S+fMZ/OE4+V0'PR9()-:7Y4COc$[#S/^IRMLb[7BS"@!1`O@,D;M'@R`E&:RCQ9^F&P,$
C^.X)]G`MOQ,-3J\0Q3Ha<I8d[[>^VI-A;AYBdZ(`D(O=Ab0;&-NT9AIDYJQ`*aEKI532`@8*&-'<9#*6*Ra]MW)Med7!K36MNW4
F,5"L]KCKe4?D?@2URVaBE"[OHD$Z*5N?2'OD-TC'-OPcbRHQMGIfVM>=`)dU1(PCE)?%#"BOK!WQ46FTVVc_$ac=Y_Q"N</e@<_
-RD585cE*]6Z?=H/RFP'#TB9b8&@(a:5)9DBC8`aeI-A`<\[>V)#A0K;+&59,aMLD9*J&KL:F3#SO+;^)="Ff7$[:-CU^(S*_;A#
T+UE9%;JHHD3)Jd.CYZZT"e&..<!0^N?#(F%0?/$HKUZYZ;^4#.d/TQK<313D[@RS+?[Q;I(#Y5CB90d(,&.;19Ea6H=BP.I4Z.+
*B0@2I"9LWV[J!FJ.KF^Zf[U5S;LMV7WT4@8CZU$O6&=';/S+4%\,\3_$>$+D0=?a/VS&^!-Z!%3\%K)8<,*+I#<d+[_%H`34/1-
W$9:8fA5O3#!V6(eFT*cXA@<^&BYLD87:<_WOU0&"Zf:YGHJI[C`=aS:e^N$I`ED.^0.E"%"1H+RJe\:[-I"]31N#$b3@HVOAfOL
"La;f'X]!LRdSUZ^"\'O&)W.Be%e'>2`=Tf)1X?'D8d"3#fO(EE/Z_.W9V*<./J*E7b@(WD!W1*"49>#R`X3*<`=0X]ZPK3fFXV6
]IQL(7#-1NeR**&(>+d7-8*DV-4eM\;eP?Hf4R#5GaTc^&,?_<Hc`G5I5a]d.72W7_`1Q.ETM:"W6&Z^ZV[S"X9"@N;\F!%,^dEW
CZ<>HBRM&([cWMKVf:IW&K9H?.B)-b+!^E.QR'+@?fe9NH]DS8@UODP%T@R3\BF,DI+%!5UUOP4NCQLRV&PBKHV3&"GIDEB>DF1,
VSe42VY01%(PK1]W(<L[]Je)EC`7"6-*"@?$J94#?Z]/P]BP"(T.TS.3J?a7f\I4O"<H]?Y/9!>c0J?/^:YG@B:,YHRMQ`VdNE=W
bVEE1_)HT\K\[B@B^eXWeR'K97S-PFL];HK(4I;MI39_J$5-#>1"Id%XCM3B09-4'N-9QNeTQeae@cMINJ"<W8Qad$!A`#@14AR/
F!85Z#K#b:##\J6cf;O#!&a(.c$Ec@)bd[WEC2,U[WHOB4P]D^*R1fA"`KW8`-Dd+<;4\96.(NH1#3f=U#V4*6eCNb-AXK4HES,8
B81b<\TSIQMFX)WJ$aB*:2N)F3:/c^P(a4MT)K)I'G<L%L9e`.b63ecV-!TM+GedG7!AbS?N[(/<!8USZO:2?<3J052d"LF7?T;:
We4@9eVb#e3cN"P.MMP$NCM?E5K>H*OG.DVK[#;E8[M7_"WSLP^@d?1`@R-c0UXB&5>:,2&QI"E6?8W<,F%KJaS^3-=!cW0T^81G
7*<L5V+d!a*%5ZUL_!SC)]V4DK1D-]H8deed050E'Y8\A:#)=3'UGC$ZS5`1^M00VCdQ)aY9H_S$TYK/7R^CHe<F'NANABR-T.HX
H]V&";N:B5G;aZ?FQL&9'+&@"^BeYOLdD]""YJU5.D_6`:[$S&9O7/XBL%)BX//'-_I&W"[O=DBD0WTI,M<^b_%I1.c;044b8Z_:
:E[8?$>2MQ+"<>K3"6>89LadA/;fA?XQ^YK3JG!/4THA;?Lbd(8D1FT(=FMH[`=a+WZ*IR3%1BD!RZ3]9f%ea"+I@ec7bPYSdFf\
/M@U=&8H0R$AN*'O-G$`WE$@LN6!KN:*-2*f^NT>2W-#1M#P)`J%UY++>2"-XFc3MWX#IM^@EFQ(Z)*O_I?<<+YJ7f?UR`YN3052
<3UT*,Z9PQKS=T@&fMEZ6D"McY?RCY1!A'E16481\4T"9;bN@3,,:S+6O`VE@SB<:\;DP9K3IMLO)/744?=;b39N`Pa7YP^aVZR>
V%3?e5I'W9*+]+M7;D%dZ\A`%f)4F22<Q0-T72/%aT5+<0)2\/X()`f(-GA,8OC%'\<]CRCaJB]3L81`[NP&XAVG4FNbMLL1bB^5
BNYVFVF#\@BBBJ=YV#VQRD:MY#8:Z/b%O,"]Ie]]d;TIAFCR-X<@M!OV>V]DE42UUIH;Q`SZG0V385QK,X1HL,'GTB]7X=.@LR7H
a)-(d1=!GH_%d@@NFa!BC)P+-X[B9d<SZX_3-f$1L=^`(Fb8^@O_H\__EDLCD-aGW,OC)MJ=A5@^Z*1_W'R#_TVe^V7N?;Q,C4P'
KV6!-L"/@\1b:'IUL6f!:_M=2!,a,*CF"&>0N[6A1<>]0,)_XH+c&+Z>0a*K-9Q(AVaY4.7ZfWZV]GP%LR",9Fa]><5^a@'3.J,O
EbRGf*M&&DJ0!0N:_J>OA2fPbe`Q-+]KaV:S9E"XeRSfbBP9LfJ3,79Tf\:8+QR_2B,cB/D',,0(C_MC&YU]5d$F1)EeFJ@f,2Tb
/2J!JW!2;)6XC>F3%1E?Y3O$cLUV;SFY2>]5$VIM'65HNB)1@?T=(RU%;Z</I_^GVGCJ'2Ke[>,JTH<e<+OJ/9a2;EaF0T'9A_('
2Jc\L('_'`E+eW\@IF>4EM^I&e[,>-8e303L;I\:NLFJ/_I#aD;9!CJ@MfH:+-WOR7F5/^0I:8J5Z]$)%)G;$MYC_SK:<aIGV#3S
^\MI#+1P8%(@T:8*\KZ\`;#eI7O.C6I:N1,'5);'<-7DNN9B"eI857T*"'#X;BT)D?<C,8X!)RDd]VJ\FO^[Q*U<]5WANQ$.LVRK
cT`NMBY##L><#H8=_D%>-d!f!0PaMe^:@Ga=PdcD+_0;%E6+HffV8-T)f]0/A,J%)cFd+!5L)J`%dO_O.CHD,>?1UA#Y:<1I0QM:
B5GYbaIC2AO;;>ZK&F9J&ONN\V@IFO&3(AGf"+/>]b.'eC109&T76TSW^]B<7b%KB4Ca]B@K!5IW0O=-@2^^#^M@U,*B07^0OG5#
.3;Pf'\#A.(QCG`2R?82)9M#`G'LK`#O0X"A'a+_<bdP?F^-9'?Td-1%%5UU&=EQ:^`7fKAY)GU,<'&D(Q4Y.'YbeT6@,H2YU-<&
2AJKT8Z`4^'EH5#"Wc1C"Y9ZEE_Z(#9/WU[b^R0.'G7Z`,2)**MWbCef&U<2aYL`1K^D3b8X'=%Z>DQ4'XLDI=e#7QK0+7$UVCCb
_@S$SXFYP3EI3J+_%[K"8/:$UKH;.F+-6O#eK%NRUL9N]JIPD0'$'=0XK3GG:A%V!U*1O7KO>*]I00%W`]0]E2aV:NL:dN(_Q#Ed
7\:\H?%WdWB;/4PYO#T/OR[;F&f"32U?Jb4R;7AH&P%*)CN8RTOP5;+OY`9?C!=!K.&VX,\@a%O=]b?QE4%(7?%Y,`:&]!a<H+b`
,Te]M74P9)-F61O_MNLIa7V88\eERX#]^BQ+J_W)0!eS;IZS!UFB#TLca?&+<b!?9Q&\H!6a3/.(8Y^9a6J:IGDUAMF@Q^0?/6dB
!J!bB-;@:E\d#"X/ER0GT\bKX1bY,T."BdEC6R"%9UO&cH@%%U^1RVaF&V;BZV8d%I7e.D^EJE=S$Q:4"/^7>LIS7[Y_A[/WSC):
M4\>31;"3?P[C:)D$Q77]UODR*9K]SM9L&I%0M68%YJVD9VSRF7$fH0a1RJ2FSfK.<%SK*9\,IPK)a(R9`QNV:`^c__3>FAEF-PY
J86U@*9PS/\dF#F&^FK<F$/\$';0N]&4/LRNV(Ib$IB\e=TGVYRZA0S6\?)M<%ZZUTHAG39IGEM=6^4XU>DBOG$"C_5O&B%"<@ae
e#Fe$Ea_"SL>Uf9@.IM$!]#JRC.9cF-.:8b(6]1"7,M9K*>W##+P[0[b\E6GA1fH/C#4'6d+6<XTD-"+S(FL[U1C<=B?@c+H-K_+
5bWQV!Xb1&5X<,]RHU80;JA%1;\C2@X/=50eUPe1BQU<8>&_Z#*;I[LZVE%4Q5,CLVKIa0:ZL*L[&?:+>2%)O4.fcI,PW<KJ_1!c
R<<X6T*^5'c(>9'\R^T_PPE/TT4EQ8b\*>*1f&B<^,OB7UV2:T9$\O>bFC9G$UB/&b[%=Q)A:Q3=X&P!!2IWLA=Q!%-*R$`"OP00
*E$C+$QRTTTc)R@Kd5+1T\;''KdZ#6FL;[U<*[*d,?G97AG%8>G1[^=Yb#'@KN#8%W/#DS'8ecZF:"K?A\Mf&$K3[IU$*YLT*P9V
OBZU*=_PLH`:(*Y;d5WZUWJW0bd!KRZ\R#+4$][&>)3%XeO']Y<5`NU1CXOX2^4H]E7WSb.(,9`KA64_F]N[[R@L*%M6eF("<`fN
L5+JGL4dYF5?/`R5Xfd&'Q(B[JJ)//&/VM[Ad(2,/*LX,^(Z;PQ@(.8`\C2d$K9B];<N\Y2!H*<HIW4F^L8=(S"dIWM12.a9/$P%
]+<Z\Y6+H+V8W*`>:WJ8\M+:MZ'^+'*]#S+A.?8VVZ([R]^Pb(`?b%N'J]T"VcT?O5e$D@K0NUOS9]UAG\B@cAc7:74UP=:`'*,W
6c(X__CT'WEA&QK/ab">?aA7ZU3GK-B1IMB>ON0R"_>:%-A8V%Bca&QM`;))=d[Pf>Kabb`ZGV7F#T4H:aW<I<M0]X,Z2"JM2FN-
dM_B@@G4V72QS#__!c.d3`/3>DYe&6^[_RN-#-Jf5*DOaX<>eP_TO5d9I#AO1d6/1($M`:3MY*SZ#$OB)_VY;I9VHW5Z!eQcL.d/
?/&<K3[)L<b[Wd0X]6)FQOdfX8aGHA18:538$@`7*7\$A;`+>&d9C&*ZAR!<_9[7D8C+dN0aMX)#&13e<M!C,'aAIIG>4Zb3U=V`
CSFd+IFd2Ga]LGD:aR'&c1?RA'dPDS`R8^R-9PP9Y[AW>DL!RH<69.0F^T:"HR8_R[SZ#2*7OK%:7-K3!J3Ff]3]W!,VR?+!%L,H
eH-8.JG;U9Q*(^^C\/@UWL]Z!2Q=_VJV"-5QI]K%/@2bE<f[a!KQdA'6QZZ&I8)T51:GOX,aAHC2EAb%*Oa>5/Q/-&]6G),EDaOB
?UUJ_9c8U5=*?'/fB/2c2fJR."5F=#V4<T]DS3:8Ib%=D9Q+QBHOLL@^'5`Y(^e!_?[ER?]52f\6`W\:RA@%5,)V+SOZWT@UM,;C
96(LZ_;H/=@-$/4f13!(=PScN&Z>O-HC_`b?0PcM]&0aa(FI9%R#M,+I,OY5(b=:B=S6G$7Y.S[JLQ&bQ;*QY--'&^/a$WCD,F8]
Ae;%$(YE]-WBV2a(HVe*,"1HK`/Uc"G'SB:\PfT-B71W>1-O'7<b'"WdQ'">]&eK^3A7.dF+$=7BB;9+U!a!D""),bK]PR]G_bO#
=>`X+H!;$&.A0YU:='R.M*&[X8F*7Sd/<!*!Z<aFUd\MQ4FLNd:M3D]V-S^6N3aLc]?2H&)F(%]Q%.5LCF<.*(?0H7?'H?bQ1TfG
>"e98XB@Y%cLG[_b@Dc[F'-&<b2@9C.*R.4Q<1;FRNRTOJX1_IHR-D.,50VIbM[9@J^TTXK'_:RDAD(/#L/.+/NS*!`FF]C=5/5I
MW"25$D&W5!,X)/;&C]OJ]G6U,^C9*<`3.EZ^!F9#]^0'GK/*b[]#,<b&J*J^"-:QO7[K<@A_Y.W1Z=Fcb'GP<<#N6-:-H?;U.@%
#08E)/ZS"&a7]5DBF=/*3fOLMGWbOC$de8O9\f[CG[cO9^a85P[";+KM(5f7$Q(SB[F@WcYSMMKN;[AKf)S,.B;O7^VK_BKS8*SO
U/D.;-4PWQeY*L)USZ3C!HP8Q3$N(XH`a'<`5#^ZC@daU>2(?#PdAMa[K1WRK>3[.J4U*\)5(8fC!+@CC9H=%'>Y!2LYQ1R7W'Q`
]C'W`Wa;2[VDZLG>YJ-&.1@UA6CbL5C'KR]9+)'<W$#[ZaD@(5<BF8N!P>UO*K4>!G9ZN2P\8T`,22<aC#2_f!G6-SO8J_%H3/W&
QKGHJRM20VF,HL*<HR4b,b2YPE]W6BBOF(L)['D;!:']1^;"/\JQ(V''KAHV.A)*e>OM78C:$]Q4:0B5A$Q\C$;=&:<CB=-W!`72
Z9"$H1MRC5LeFf53+\0Y9A%@#CUHb93#X4*=_LT*%7W0`Z^M1W-<H;YJ.B%XC0R;8;BDJf(P=9=IeWM-f,cUe;S3`X=HII=BF%IT
FXf\V(3!@O#d69]_V,Z(#cF2DG!K6EZAQ8%(]*2]L6*8O5L5PdR.E%A`9E0<,dE)9X[/62M@3_VNGH"e7G3P`?_]BR&0RM!c[1_P
A<=J\C`M8Bdf]0[-%&*UA_C9_8W$4(_=f2>A_&O24[DL\!:DUC4_H+]C#b@G4C\b/+fZ;3D-Ae7G?W\'/K:Q&;15"F@C^/SP/"V]
<M:GZMV'(Ac%83NTF':]3<?-bL^c:4#<_%`'GX#><5'/P6%<]^T<%/XK8IYK<7-^7+Aa:*B8SB6fNQfA_=:ac*0"N@aW9>6'*:ZO
L%YDO27V[)"Y5K<DZDIc>,ZDV[e5)'1IF"B)3L$cGO1P2\/$PB`8;aN;eR7a.^Y!(]3,7Hd#_LT:[^X''8R%cO;\>$!TFIe:8Z*Y
Sd*UN:K&+R-7]7H7Nf,!:!8CS3#6TJ@=-LC>^U6.?d4@Q(*^S(NIYVN+-N-XAH8<?UZ:2U#%e(Rac>"]D2QPf`W1F6@f&U.f@@XJ
K#7-d'1I'AJcUNHH\12/b?[VYc+"@HN=\Xe_K?Z39+RCS(-7R6[KE=#QH/RT"89@SE59MPN@fcd>V)/_%'9P/FF,Q:##2S9[[=*0
D9aA`-0EG2Z,Y7KcC-C"=WG.UMc1&A`3RT($JE-K%"RX7JbOA\UN9<^Y?@U[6^8%Y.Mf)+&4,)M=^4cB^9]@$;AFAZUeLQ/@"ZDB
CXa/?(`VZ+SS'U=KVQP$F1>&.,Jd*e$,HGRK4R`5:C#6aa(AS'aU.4W\`b6;]YRfH#G83c1QI'3W%7b,?;AEf3$8:GBPA`E0S<Y2
G=#)!L4ON=:#13FG94)dOT-eCG$+XLT:-\P\e+?ERB(B0#b$a>@[QdB>CAMK_YcJTHa8^1*O8@aYHQPb9c<[<"XB'2?Q-6G$9VY5
b/(SJ[_Q8X0;G(I(Q;3F[;#J/d^'ZT(D?U207],R;/]A-3"023!K^JTU4AZ850O-OACHM89OTYD#'B\dE(\+[U'RG1/,#3,$@<.O
