1[(?JGaJ<RM,^_d[RY?d1^"dfX7K$^!be9%'."TfOa>5V1.e,b7,F;IaZ=`)70IUAc3J2']G#ZR'EZMPM"95d]P%$(+/ACV$+?YQ
;7b`+N1G'R/W=OAeQ'$dYD$#G#$I)\>LAV!"fY0P`6GZAHB"J0S(/##<#[c+SA1FY[`b?+?6dB!H5P6S]\OR_ACIfZT_$\#d^cc`
.HKMC3&+cW2BfSdV=X*=e)]_:(+P/`F%bV)9$[$*)+7Xe))I81OV)M=?(^@%e-R1eBAH/Gf%#&[4%dR;VI-6JCZ(c694[T4Z/;SA
16Qe_O97cZ+<`&eA@%,7S0@dHV--&\1,f7XY([4D2KdO6]@9*:\UIXGeR'fG#dL((9eM.[-RO1QJENKH82]cS`=cL?F1%9/>+&1Y
']J,Vd;&-7c;^d?H,A-W@9512D:`G@#(.+RI^[%!]V>IX1,I)QNQ(?/U2<T7C4FSNF/;,R\L,QY.0EM5:N+2)3]N^S!b6<E`J-O&
A#dU36X<\&F3*6V236H=1G#H4Z`fQ]5R=Y5=6E-9,G"]$J;O)A^=Vf"8M<[G[2:5e3dZ6EHTF]TW"CE\WO]$`De]>8KJ/d:?`R'2
@02KCDOS)Se72%D])\/7ECd\P)caJ<8GY.,;G&'Y0KH>1eGI4Q''*9[S\?.Jf"=)_"XdGC=X#/HLd\)L24\Z(N!RJ\T8Z=d:AX-@
3aAb"Db+R/T.(;Q9;+:R+(2-SK:SH-:K)%W@)V^0CA5QXI#ZQfc1!>_F(2C%`VRf$,PY=+MOXcO`4GX=_PI1O(]SPSR!%'0&_Z]?
cfZ,%>A)eUJ`7L-.K7D,.3;,+*&@:\Xb-Z1C(]Q!*bE@RfKaA@]PO-6)R)P)"`,/Y*Ydb7].<,:X+1C*^CORd0T]D:a+N+/2eB`)
4=^?bMK0eRJf;=bVcRPNG*d3N)IX86FUc=()b$"f*7E5M\51Y::cc>=eO\Oa2JO%8;=3(AY\'?d"6;9%K?44ZE61^Y@S<=B:S@!D
DGX>93X^RMIMC,DF3#c,@]_Ec'#]b*1"fa4S(@(%GXN,3K]4:?RZ)P].`>#>RR%:QWJT08H>WYd7/6L^5a^J0F/Lc[@DJ8;OX6[!
I/-B1Ac%HFCMfKd3,RRb'^YI"I/=._T_=+V'P6=DCb+K;U9S26BW(I&N90>6aUb.1FB:_bZ2$^-.)00&`TLYe=%2`5/:e:+f"U]P
NK@5OR248B=U,FV$ZC:17e`b*NTB,7CdEX!3cdbA6Y6=N0S8H75+/Q+@_>>\;76eE"9*;^1DSMX1X-1:GH@UPK/E0G<d:Da(f6+U
CMVa9d\Y\`@L:<["c"Q]4"O\!^'BeO^@/;a4J2/%/S!E'JX$[CBD%Q-dA6N[K8+f5,]Ec!*;'KJ4e]>17+f>a(.'D#7A:.A#9!#K
3aOX^ZCW&^a<J<K)U,)Z&9*#U#Z*YAbC2?ZE0FH;aY/f?Ne1bVM29d.;"M]-Y[ec#!?`7K6V2MH^XTUZ;?8C"`E;T6AYaf,7]'L+
XbA<8*+,^37%[3005V6&!GC1)_^0KaE4K5BfE(3;=%!6`S2d@BC]7?dVT!<H1V!]18XLJEH</3#^S>EFGV67d9LR?U:TET/[GITO
]#XF'/9R--\bW_'D37XE._I4P^:N(Le>63[3Y,AWeOP&b?0H;0I2BJS&a?>Q[ML?%6b_E#PFV-/NEP4ba.1"X)4HLL7Ra+.G.E4E
"%%HN/P`(P,DM^-$AJ:O\Z0"[7P-G'd+<CZ+N[X2+"'[[09aG-!BNJ\[E9V=KI@HWCRB29Q#>_!KBVY/YKRac$2L5+0(TO.d^`bd
WYJ`"Q;27HGUcV3[&'C/f!ZO\%A#3eG($`/R9FRS%@_`a,cV@X[//MQVA2B^(F$B(FAd?-V+0bM.I]-=*c(C]+["&K`:F5^.!SOU
SB,';<K]PY<M^KT>_72eI_aN@d^?"^/325D__GGE=cCe.#2/T"?]#`A^X1+:V<3S_X+ZY/]XL:F9M2S>]D4JG/E,%<[9GU@9*K,@
C!C%3D`7WJ82Rf`WOEGaU[!PU.W9e495$A6""#"66Wa"9"Q/8A"-`8=GO7_IN9d4B5V#_S[75I:F^TZQIfb]5LL3"XC;!,()?P!1
..17[15)?R^JG5E,35IMBb5,0=B71>AO<#9_)34*==NK8$*ECI.A<E1+ed%GC5NX]8^3*V-T.OZFR@F'@5J@NB-7Mc]DMb,>&&6e
ZD3:*e-ZFYc@D%.@5&ScR^*@!dAUE8%c7>7]ERe>$&BT`/F:A#,Q=GEN.EV.!NS]Z";:AW%E'V;CdE,V<N&KS!9I=SeI'CW:"!Be
?aKN*T*LF8!EH7__*3=OJU6(30M*fTQ!XYb-TVJ[1)&0X038GeLd3(B8!IK-)LVWbPcQ;Na6(\<BMBYW*EM%YfQN7<*V-]+03GY9
`$#Q!5T)(%.Rc>:8LD.1$P06Q4dS$b(M_J$]Q$<^**H;&[`(+e1CW@(f"#'!P&ET'GbWb.T+,'#HS0!`0'/1[<6/^f>=WaKKe(5?
a5*1*3Q7CUCD,f/"Qf`ZSNPTV>?Q4=):dD+a\56%&8RYK%5b%eNCF50OHbb^MB5\<H$>/Z@0;`?M?;&&#V1<_1[3H?81e.bLC"`0
18c;!'$^N2U9@GU!/SD]CJA1,8cLYb3*"'?]Qe+I9A`?S2>(=!&2".)/C?QX?@C0\FC@!>(e99/DX+*#K-VbX1`L&$T/<E1a+[:D
!5/UKO^#_(O.U:5I?ZK_%#f7`Dd3<`7S1.-DQ'L'A;8OecSFOA`d"TV0)!aOc+(E61B76B?)c#]b8P(.U3FSGINL^OAT<878PV2&
^&3*-H[^&O3/"U,P+9Te:=<N3-Y&<b]/>S+,O(#bA/bBLb5PM.SN\7*5903>`33b9G'G`8><XA$F,KL-S?+^^.,!=%#<I>LC".FD
Pd:#CU-I)]6LHWFMIC<M6HRQ1@2#G&aK65O/84\'[:J>'_!<-F$#/_N%1K_#JC(1#ZAI.SER=^eG^O7K[>*<&)M]C<U:ADLdI'C2
%&;K`>/P"d+YN*;>?Z\XO>'C_6O\d#,>>M]3cBP</8/"I\S1HSF"CXD##e!T)K]\%([?$XJH%DeWT%B>'N*:/QWU_KaaRF9XU6T$
K716]/04b1J53>7>aC/*6V6A)N*JJ]6eUVD;b6KG1B[/e17[aCM<M!Ve=E_BIZ&14X&c!C[9H-SFfJ3M(Z0aN/F0>!Z\*QIHC,'0
bT[P)7'O^MC&&d$L-#??)1@746H-U?3I>&a1=-G<G[52<b=0[QMD8#*Af;ZE$&+aIFQaO@CcU]+CE_5W+)!La6b]*NI-R,"^91%+
=QLK)N3#b;'F.Ua7]LU=:N6L8`+`%*Z-=L$a:./O!aC4%OO`H%+C3S^9XZ0>#,A"G1"!;_G!<4RWX.Q52:C]$J/PWMbP0^)HG])e
+C3]M8511bA^`_@$9+ULU14:$Pa]E,I]UW_0]=O+'83`%eMC4PDc#,I+K9VG/M+)3%eWd1c5NP;G&*YVW+P?*6&Z9@HXQQG)1`26
Q>7C)-c;c4bV^"#E-HV0I*R7^JB;#O>U_ZV4=V#0='+X_&J#GZN%aN524fY9e(NTAc%?,'PW#9ZHF1>5<"&2X&8R.TBDB+?>X>,"
@V/A.V@ZD+\@4>;aeG_\`S5,e4K.0Jd@Y]OGXJ-RDS(YH`7SB&I5&GNO4$1=PES#<H(37SHGXUfV2`^W$ea(P[^?d7H9DM)C?f&6
?]c>)M?6@H9Fa(Z5FUf9<d-<`\#G3?9`IY+Cc(4$L``)QC;ZHD1);G!"?9fRf#:$I,-IaSH^VD6`AP'0-cW%/G-209N9(bB]EB/X
W6`<MJ,!WPF=!T'!UQBAW#/O8-)BXdf#[eQEb5'#H@e:CVSUU=HN''F06E\2S`RUA6C;_WV^YT9.+"LFT[9D\!R"57=[6:389b[J
JHQ@)H=fA*%&YW9Y;:U'H\S\U_D6MH2)\fIa!=VZJc880bHRe=ERCX&-[6N4;A&aS@N-G@"UVb"G#B%FX0J^;@GBPE/(bR2\%8Z=
_&XAG==+A[RRA$TdMAD;N[)IOG&Z7>U[=dB;-da#.Y;%#2GS8Ga%)E^8Y!(C?R0L/A96`AI.d.6_&X-(G^3?1RT3FdP7U.B%+aCU
(Z4RW5*I==bUPc2\Y'OY:CYJSFXddDcX5VO%4L^FdH\SM6_b9=`5>a!ZJSM$E,NPE="U-8,+RG8<eCdSY1\B]$5M]OIa(+9NOUa!
>^#dJ;<d-FU#ZYR15$21&3)L-(*W>fN>MYS<8Y8I)&bTb^cRPTfX:[,;,]"d@9;8=U/>]Wc^YAO_N>5SIO@VP7dV($@b>6H$?_Z3
`10eN,,],3(YcdD1W6T/PAd5fNc?S@GYN$?J%KM*-;4X=W@<:]D8f]^>@)*?T3N3M],G="S>?5`/R#E2Z\QM>#S7K8Q,DV)+"c-7
P%++<6Qe,DUPWTEM'cd(XTCMKZTBTXcMY8FPb__Fc&a>f#4eb1<EG./',>eR?Q,bA*I6(Rd"$5d@$O*TBM<Y4@f(3dIeHEH#;79,
B*ZbR22I(G]FHMOA#Y`)%VW!*dY($DJGS06f0-`?/5^N5XKA7LeHGCB6Y]Z:^$6="X-*M>L01:]C,dHVf>+/030.JOOcQA3E_;96
Q_A]`[IVTNT(.8ea88:f($HN,Z.1`&J,'S#M<Z6[1R;@a^*N-B,?Q\(Z,C@A=5!,=d^S4AT+UT3.`\TL3)N`[L-e%]P4K^d]CLFb
L.\@UVLG[fVAO!$XKN7!6a;*LFK:G?!D2FA1,I%?d2eDF.U/'2:"I!MPKO!\B];cXS(=-6"&I?LW08X&0SX,L^\"[eb"Z=$?%?&"
^`^$<`EX09K)R1&:a"X.WDI]"8\5,K[e[AV*FX`E:/1\0V8)bb"^2fZ57]<M_6<>+PH$`_-8IQU_R\8A/#WMZ&2H9*<G45FM[Y((
T5!;a8-+*)M!`=fdA%..O,R3Z2.Jd&5)MW\c+94cOce<4JF-W27>bB0!,Y8%HLf"7@Q`e]_J3IR[=%b9<=P@Nd(DU!NF/,dVbc[.
e?_[<@"dcF!LK=#eCfe!^<5^)H@cG_"AYSN2=)Pd4YZV$J(6(]DGd24RG&e80%DDDe;T4GOY[WTf@KcI6Y[<.:$69'f<%5NC="Lc
S&N3:+GZ<C_Q';^`9=PF1D_\-_LM.c?*/MF^56GD*Jd/PI2Cd7GQfB4?&;524J6(?(=..!N0\+H+H$WK!L,<K\';Zc%]>`Q?,/#!
R$9WE3Q>^!FR$Z[?JPe8TW)@VFaBUF4X4cX"'`c^QEITSS8;>2@X8HN86a\*^/3/R28>-;O=7=VR-d22SX)!AJED52G*=#3`'R6A
&K0B%O;U>aE\M2O'E1PAE*ELL]R6a"$IXaNf9L0#%P@:/+b=_a/+eGH:Y"1H8$f.*A/B6A&#18!9ZM-26C8&>W/G(ef-:cD4!B5b
%&+0;_+A6J/EQI-2RO4!X*E!2&\-;-?;cB$W4;\YTV90+5JB7@::'XN<5I#MHCYR9;&X:_2S!d_ISH+Ve;AY$4&$<7(3>O6/(F%Q
*'.+7AD)B34)dW9!QZ2O#\SL1]?aG_e@BXM\2B(?F`QQPTaC,(P@EQa<(.\G5Zf>7SPR2]W*)UccPB2P:P7dC2`3`0-2F*,#`LNa
&!BJ5fU(K:&c,];:"F9\9d.,['Sb0>%ZJ,GO+&36Wa*-Ue<MfK'-b^(G-Y!U.BU*#5H*<#50<)9'RaV76R%"E:'"aU]CIQ]*3GFB
C&d"_>SGL!;2^A>I54AY_'LJ;.,J41`;a2;;->#+0c8!94_STVPT5a.Wf.<OaD"9Z$.1FU(=D/:e7N]W&L;QJQM6AGABOJ$H#/A+
$+D-`5PMDK$&Z,W+G'\.$'D\Z3Q@WDX!XFL"6RB@^="S@HaMWPZ<?=MQ*QTT2)U/CDdH2D8-@2JOS9&<R?bWNN$Q2_!&3PfWcaZa
S))9$.FU?5>.\e5_W14FBV"E1N]^LA@_P%M(+V2%%,YFX`>%A[]Lc/`CEP5'(=Bdd]D`QGS:c;"6ITW;SeS+1[&&f<Pc2cL!).4E
,"f+214HIS93?1aL&7"_HHf.S!L=IT'F+0U*>D)]e]=Z47&[J`9)d3d^]E3Z*CXX'>H18SSe.UE&DJ5O;X>6=FGA.K*51D?!(.N5
_!'b\6X=+9Md??U,P0f6DJ'H$#H>8I:FNPIDQI;.SA.eD`MP(]+J?%*N?":9@CU+I'XQ8B].%V[-bB,I<6B8&/fG=.bFU'e#_E/*
cc="Xe(/H[aWbC'f-"#&G7)@@@03L13NdfQUf+!`9Xf9f@3:?FWbHBG]"?I!OMN8R]/.-ONJ-5BI1?f\c[1<f7b)&VH"Df-L5=>"
Cae$=QJ+<a\7_H?"%dH#bZ[7;$+XD6UKR6!2]1aN/FPI5WEF>T:CJDM$aOcbfJ+-1^_+VC%T8M")D]F%b?TJ%EGS+e9%]0R7!4<C
E7M$TN.ZV62"LXD#^8R8<5F5N&De,"ePIV_ZG]L<#\4)dO2-,YL>'ZN<',89Rb!VN%"FK$Ub81+YF$VN:U@]#+K$;NVU2+ND[.T[
AS5)C]c^c)3"<1!G$K.+cB:R6d`MC;CV469CGD2PPBc$.4`#;$@==RPQ>$$+Re$=":4^eCEK&%S!64CDV0\FeG\A_N55@'^Ic=6_
@B0,H@Cb^X9^=!G10R8dPW^V)RfPV:+03"0!5J<dT'4LMIe9b"?LS>B0[(VF4^S$Fd@.$c)1&7$$Z\BY(=H!',]<H+X*(8.,<STI
aOH]E8*dF/H"/Kf?#@#/=<LR9\FE`Ke$TOCH3QR<<VE?U4\_V?/NC50ZYB@./D2Z;(W6P/8'+1O>YeKc=XI%<+\'WX%`+a<,><KU
,B40?-*1)d8,:H7=R?*@JU=Q@D;b[cD-'c%UOD(R(+%C[A7:_Oab!<_VM888,^C[BF3+P21I.P_cOF7d7',F=-Sb&QQ5_F5P'#aK
/-I>%#6$1X^Y\X6:dHN%E%;N`,f-!9Sc*:6GE$BJ3.]E)XZ8I9`DET<@D_L9C`_"AR;-Z;*KY/S7K_>:@-_FL(0%,D.\%1b&8M\L
Y)Z?eD7/46dIN-"b+'8.8%*S:J*Q+FII-aP8%S-L[e!Ff`B@K>EJ:GY7,=5[Y#J%<a4]Jf;W'8O%M*U*#W$9T0UTY35E(c)Z/U>;
02\?f&,W!c+[51@G+?b04%PS]S=.3,a3@2,eb.d`>,D>b3UHKB#4e'80_bGF-C[^ePI21PIc.eJ83(bG1*I=b^4[_%*\@R2aB4f6
TX/O"^VJC:\:()1WE>0&*C`9\b.2b%X#$_@^'&Sc2V$JPEDPN>:&T[)1)XPG!#C7DT3M##;,Y0O7Dc+N&V`E;T?N9%>K20RfK;;c
<!T)*-Eb7L*9dC/K`J,6aa'&E&73J#G?AcFHZ;<QU0RKA>C=-L0S+8J&TUb,&a><C)eHAC/;c-8a&L5RZc7PGRMaFN$fABdKF6/+
J8S*`UBe4V_`1G[8\G*8U,<?MX1`HJdBWF^0/46O`^-7;MF5$?;4`f/L+*D2J=3a(@E=#$CTMWV$A=/G4E;!4-=V+faR05*M6V>\
!P!?.?M?@N=V$T5Ba.3*$.c(W'Y2*c)68c_($6PQ=^C&(2[(7B$^.bd]U$fH6'A60!")Q^1][Ce*+.6V)/c^>JUI_DFe6'aVYWQ:
54)>F(-e>6T.I4f93V<%/?&de%*'..TDUIPDP5dQEdd"9+!(&<6>dI`.)A^K@!V=6;ZB_D`S]7f"?`]83!>]%1-7Q@?#fC2AK",Y
cM7;*<WB"EARFT&>OO1^$ACW'=RZ32PHKFRJG*VLbYCI_Q3"3Xa/Q,$O+,^DZ"@<>d.K#[^@1YS5ZRe1E$&-YS&R92fZ#f;>^JD#
1W$`?$[K;6Q,>08"Q>R.0?HK6^+OA<YPDbGJ2bFU1@;`!'CAG..f/*-CJ1:FL'%LF!/=.+;M/0\]V^G>5'YDRC<R$+#X];1/K"JE
.$P$Q&a.RWMZ,1/&*$[-]8IA?B)+c%2]$)+/`.R'XO4$9FbVGc6D_9&7,J9R>S#F'e.01f>D#>8:0K_E:P%BSUEFO9b,O#SE6HP;
V+J;\.MVCFN;1W'JZWfW!?HdQZTcPE]:$GYa>HPN95H/)6YI0QH;+3@Z/c37dd)0%/S:FJF_K9f4$QW'8""T#BGHaW7O,=W!7L/O
O%9^@8UM0GR;5U$MKK)?Cfb%5A>U;"M^JR7EU&[7HP85*!^Q5,<5RLR:A3a@"3.K#I5L''T]/a!,?\SIYP_=RSe17Z0['VOaE[OS
O/Pe<K)NM=Q0H!9`MU9B;DLSHDf![SY]2/_H+WWX%H(-Q@KB1Z!@7^GSB;&1-9HZP%CL3JC]1-e&<58'MSWYJ,`$8W"!E.,cWVAA
SFQ*VG=[d737(]]M]IVAGbWF''9\N)WFE-=S*P!EeIe#BJ28_,J7[e.[H[Y0GcWHb'&R$P7&(4,Se%$'>\;[:.-Ib^''f@HRdQ#c
[3?VHb<!bXC!e>OV;6<G!d,@K=\O3fEC<&\c@>ReU<HB"0Nf&H.#O?OcX[eXS+@(>XXBV!bO@7<Z0CG&E+KfZ=!MR^,8aKe7'O28
#_DHYI4XeKQMC&#ACA]WI7$7K%R7)bU$KdSD)8<9GL4`W4#VXBbE8VY^0"9d%`!''*GBQG&_0MV0AS!XU]Y''66Y/8^``I.e;e/c
OGCYbUG%B2aab?>eZQ!T,OH5[N,YCWLYaf8#@/\dV"*GA+OYaD)Y.9:(VWV.C"8>fe4JQe7Sa^V/T=2fWM\<3'Y>(1[WNMT<OJ)I
$4Rc71M!AeDcI#QbcP:`=PLK'Y/&a<V4`4/IH+W@/.8e7U#$eL>M?0+^U,0\.,VZV`?&?2b`VH-P=b-!AfY#WTD45?AL\@6L0"]X
$aOVXGZ]2XYJ[F"JP(-dG"X&$&_"`S6@+]G8\S-'%5W`>2\54CM%*SQLd78*=L-IEKT.=,E<eOXWUD##09H\(JL!X8/?WXC^=Zc3
.D1:B@b`EBOWJ;c61SQ\-Q:#S/D#DA5eT4K1EX*1aNC./2/RM4B!<2#2[!G#$#WH1K/D=02a$OVXZ%"3I.`6YLZNDT=IW:O6W%?)
<I#T\WP[F0G?15;'N,f";NL.P[QB4PfFf^'G&6"@49?IaIE4CJ,"UUS!_Q6Pc7(@V>#1IX<;?ZCbQCS(GB[:YC/a<\YWBZ^;`Ra>
^(^CY!;>P@4S!`W8I=C)EF>W;W)e8!4a:5XA!HH&e)VKV^]^B^&a(R`G#?;I=26HX9>;;+;Z06PH5MJ`DB2(WDMT0BF#0+BQ755,
I>C_%5#H<:O5M>F!YU"DLC;?[OUd1FT:&W\27S<>D1_J$6M;c[]G6[6&F)7,\;TND*@I(%P752IR(Z"OX#P"@*3/53K*0fX:KZU@
=EGeL%d0dQI/1#A#3-f>bX5K^_V01$#3e^_&9d=06e%XOWVO8f_EV"C2/5$Ha1OQ06X;UZ<ee,R^98`^'J#[GfSODN]!/5a05E-4
6GUbP2&c&_-3K_$LCJ;FDQ32I@1/DP3B.0QQKDGY+,,'bQNK'A%K5=8VB2&A2`2S:'&$GXe;XLWU99PFQ.Z!8N2W/Q;/Mf8_S#+&
0<=M*5SPU,bA--`A6S$'Y92L=[AD^$OM_cS<>(BL@NPa&W!I/-*@%<Z&Y"e766#EQJcCD,[DY/>a?/Y_EK.@NIFH#;8eXZF7(Z_2
"@H@4Q/N.KT#"`RT*&HePf=`^JEaL<c5\ML\.;9S+8+K1=0(-D$7E`^VZWM`MRW[3Z+I'4%T$O%G,*J"A*J9;Bf)a_I:2O%8aL]E
O15E`9UO+X7UO[=?S.L/<"YaF_@A9)YHfE/R6GYdA3_Y]=!bPb<D3K_9'"S.Q`L\)*[!=RP=.%%c))98^a,C;?,Fb+%W+E3QU&-B
PJ11#CQ4f<K)M)fYe]K.*7.C_TA$($df8EbKO_&`Y-d_99]RP,L)#c#(.+9V)`#JH!(Q]&Q.c_<[9:^R^D$JF6'5dW2UD;9(eO+G
U'Y<5"da4!RE[JI:VC5&8W!IP/!W9'P)Y5Ud>IR#O!FX[Mf]</P8:!K(*;HNIM"0Z*C9M#Nc]2JP33E7*</*^:V)#]3/6@A2abX8
Q>O[f"MR!6]X,?^!.HL;P&<J4K$\;%3C[5PZLMJB<-2KK9\=c(2LcE4-"aeNQ1UX5<E'!\G8B`eS:f2K(`0a)V6^)DA"H+SB+NZ2
2NGA9"L$""ANJb5.F@>&FPH`"3I0'P^NG2`Y+^d2bIK>$XH!_f%Y`\;V)ad'2=?F:B1B=_WFQ[\@>=)&V'd*_OR)'+3-e'],IPF'
S[NL-`"!01%`=0"MXfA/7@^2(S7Pf9SKMbI[IScYd6JR$<;H)/''Bc0.?We_-J8I0YLaWFC[WSCCMX&5eX65QE:R&.;L3/WKN*eS
"5@bHR/E.I_b/"XQ^d$D<$;f;^':7)d]Vc/\*(TL%/QFWM&E]/`X44H:/f[C&0<<<@:'X)@29@#C`]]0K",D95N86Ce^,*C9CJY+
<8.OV**)@.b=2'59%.C[,bMCIY_PZe'(<G<ddTP.EfG^BPe]9V,I'1=NLGZ40@0Z2_LET4M=O1A^AYEDEZ:PMX;!3Z7&a7+D2'SA
Jb4^R06/'8HR;7/F5'$TP>6;#ff+f@TYDQ%b[4<fIS9bIP1?aCWf\$3"$8S@;5_VB")0&(bb$'J891(!3W+9#Y@*#X<[W*.89<B/
DO>B*^WWUE-/1#7bD)H%_PJaXEF'OOcU0\O%2)"@#EVEBb@0B7S)B@9^74D=X;C.fT;FBdU9%A8M.TS?A>1!<B7V3^=-WXZ57B@U
**aW"_OHF-C.Pc]9VRGI7Q@O$K2-AHP]e*E0G[XZF'!cM!2F(GLGQcH#d,@2*M#f'G)(6[Bc*'Vd\]T.X3'e8[[KIJ=&M\K@GI,/
G[9>TKHCU#2974\V6IJ*@5)Q\3d9[<N3e%ZRTF.@53DXH@*9.#@_#,^f2c\#OO&[L_?GF"/PC8JA__Eed?^2@24&M5VZ+C<K!&?/
#,1AJ)"&c@eCcRW4*^16WGNVOd.c9F.LPD^d?#^=-P^[KL_#^e0=+YE!MU]fCCKfKY[EDS'SJRMc(-cN[=B1./Nd)M38.6&WE+Q1
`Z*_:KNR'-?\-:+![%<e8902c)$V>/ZB.AW@e]'N@H*\Q?W.7`(f2W'Ya'.+^C#DKIY\)CLM02QSU.5<>URDc%c'>]12Je7AR3SQ
1,$]12O40LI0&0:ODOMN7,KdI:Xc7=,f:`F]T<1*7V9PLW*aE2%b\/G'")$CH*7RV(D9:VQV^SYGbQe7WQOVFM2P$_2W8dd*SXYb
Y)8=Y&`G"?N9RCCCD=0d&C%X`)8%/V+V?8A.*/S)6^Hf)?Wb)e_4JCXM&%V;JHP7S7N0\`V1FK"dd)1LC,d(@K<FWWU>?E0#R]=e
N?dA[\WGA?"*S,E.afI<<cYMM$'Xe[B*ZAIe,Y)</8/@O#3a591%&3Q_VU#`/%UA(XCL=c:=TOJ)c/M^L@eV?HSa>AWVL(G)0eD`
F^E9F&(Uf:&4M3%D_PA7)Ue;UDPG$c1U#!<,F%9[DQ'''2ea!'3]^^/;#Vd0`\;#)K,!J7DW;3ZW0AcLe5'_3<?.Z2J8_5`b]<<c
J67X.\a'`,!LU;8#)C*^\#H('J6,4UV81][)5aP$:T,dVDK7CBAZdD5DM37E0.#B7A%?$I=6\EQ!"E'VJe>ZH?\G1V_MUd.aT+5Z
OQO/EVa/P.'b?`cM(Z&cV_b.SV4Q.B&2)`e**&%0d4=_+B?eT%K=(RIL62-4`B3?YD_0HVAU[=!JH_^>^%(eE[PB@4!XQ#$?<a>?
(9+P%DbaRWI(ZAJJ.51F.\CQA_I.b!97@AfC6]>V$DHD_;LDPKQ<]a?a"GUc8UT*NQ&+c(')Z/S/H=Y$&_),d#-AL,IGWWJW`[X'
Y=HGK+?I]^AC+XV2([!.!=A&`NaI5ILdcD5b;RSYH-P&b(4\'8U2P;P),7])(_VE=&QT,M"I;\([LBAIDO`CA>[$Z[R>7JE>4Z;Y
6I2Me2DW2[fV^=SQ3FD"@,>H3JZ>MHJ2-Q6VENeXGO#QWaAWTO?_>BIP`JfLC$[&B69<@.S[;^Lf4*PQ^E*B0<5$f2fAMAHWab7Z
^U(30M>]I,?A0V!*@D'(=4]>J[b>0)Yfc)fJ"\6RJHV3:(&7RPQG,R5Z^C/-/G)#I23T@@6:^N2=NSP^9:Gb:^PeTI:78;O]9ECe
G^0:f&A1Q[CRZRJ2GMBDW3M]]#K-P7aFZ@bNKHE&\*'+eK![@e+`\GSSE"aGY`;H%-cfS\;<%:Ne?V%$8.F@F:.X'\=2A,K[OG(M
TOAOKA\R8U8ZD.Y3_a?SJ+K?eG\!b'Y^Z"N`'DI*Q*3J.6B`,F2b-^&AKB8T$*BQ"_;TBD;I`.YK%+7$LfEaW::W6L83L!3+W`T"
Z7'X[5?@Z=AL8SSZ*ZD`37-K`+a,B%C=YXF!.I8JS1:OK>I##a"2A8:]0V@N-:@(#M(]&!6>`.6*2Y-<QWd/^Z/O29c1D"]$OYAe
/G=Pd5PL-e+fJfSB$WHLaf)"P$G"!_ANMPBe;`HW+QcI39PDUdQ$B>3/L$T*]_:,N/PW"P8d>BK.PQJE\G>-PUV;)H$LC4L%OVU_
N?@DORLI&&=.-9L._O(aUH9@C!TeK0S:R`^=C0@,+bN9=<SSf8MCGc(2N8.R?=Ab%98!A<f%NF;Q"!de'F!HH0O%@SBS4D]J_YRH
]V]675DQX!GZ@d#\Y0ST@SB1L]\$:/*V#!$C^)7"8=fM@T[Lff$;*FN#:D@fTGD"$?]1_MY*Y:e3]GYMa/NR^ID''0UHJ!C4X0BU
<DXSI!G\?O_S.[YUe'OI;%F/IC@W',WOH_b"7aa8I6,/4^IHbP!J7=@_4!$N*)`EN=^_'a`e'Y=*(TJ&]6Q-17O=D[4-,T(a*>D,
&HQfW.TT2U@G,[J,2RD_BMP!6f`HB,/';.9J5(KG`>9&]'5<*/S4!]a!]$9*T]$^L&#P2<M8+L!Z)!X)P^&UOC!V[0fR739$'G3[
:SEf*7"1"*&YT5#7+_OAdB]"(-d36;DQR?!eXV?TM$`-TfO>@7\dVT4:XY7Y@+Q`D'R&?IV<\2<OP69d)4(LWL'6b_X19G?G2A8J
;*&D9D!B/d(!Z?";HK2FX;EO[+ced8B.0,eHa.#%d8-1?E7'8a"DQL[DcGV,<"e<4@L3BML#^^G"'FX,%).GG3@:N$%N+4MLI6+C
`2WEG3^T\f2F]c'(F4&O7Pb\)DBR+QTS;I.T&;3+1\\dcB(LZ?KG.LL?L81E`-U&";9`_QQQ+".L\6@(7FS$_I2S#bU%N"?(!XU>
X7a#)??MQ+0cTc7WNZe$^aaU515^YEJG&NSW]$<4BL/c;T?D#>:eeMN"H4--]BeT"JcZ+5#Z;#)NT@`8T!`*'F"FYL;K$2*Z8Bcc
?OQT9V?c,KHZ1cIWR^;&Of:(K@V_(-($?(*Y%(Ic#N(Y2<@`>V!DOW?A]O?N6=^,1A/#9V,BHV4-.A;+)%0WeXaFGX=<7J`0K/BY
VXJ+Z#NGO$"c'@!JPE@G-B`7>`E*e[02\$1.">PI0XbV9E()-ZESfC<)J`DKVa60ea0]']B]QAG"D2?[%R/A(P>>O+HHM-O:8&Ef
?Af>c.R2>a`Gd*^52(,$3eaK+e:7*//)N,"3?Z;a)b\3D]Y-\[e=P$4',GQ.O\6!-;VD7JaU-?22QJA66/A;c-#dT;0`QD@ab?32
3#+8Ua$:K5-HC+DU]-*GDG2"M-49="4^%*f:[>%e5L9&,f,_51KSI0B6B*+a;)NS(5Z#P77D:$OGP@7b?@!"X`WaYX9>aKCN3T67
SW,R?9_'#643VP\TTV1Pc"/-&6B4bF5[-P(YKJ`^=>ECX#`_-`M:X&81S"R)!W`7f'L<ID7.=S#,J5/e(!NffL^7/&e\)X2^(>XJ
C''KYfSW>^N%EZ-V\?:&OJ_M!f>UDSbbX(9)2RGB&^(,[d'T&Lf(eSb+VeK:UH+A'&HK*Z('J[ZZG1-B>&OCK5X6&`1K<5SR',$X
.)",L"RZA3SA$_/]'E&:ec92AB.%2306/%T.bO?"KK*8:BJK+D=Yb\;OYSG]XN?@-_$@Dc?7H^B5()`AU]4R)9+Z1*JBf(-H\4QH
/'9XFV9P*H*93'[O6DU75W*aDCX_#cB&0UccE9M0\_4C,X#f2[=H#Oc:&@W&%",X*4S7H$!H7G6eTE#ZL2`fT4UaH[@T"DW05Q;E
(1B/8R9C'%H:9@db0TC(#F!="B;e)\^M8%FRa?#W[**A]]\_,K4*O@%,LA$D?KYU,>>e!YUN]E%<5AGW?Q./1e#F64X>e_2Q\='L
R3BE+'>]f$QbKSK#e]JQV"PJ8,GQ98O<%\'P`5fG@b))e@;@7fY/IT5bH_(?]fO)KIf=3G_6H2[I^KcS)[0=UYaLH-0[`-N;0OMB
__71A7@=KP:VPXZF(`UIBTE)63R+VfLb%_SN/)e#QX%7W&J7=EMd;IY03"P0<fQ?<A(3cX3KU$_`CW*5PME7V$P4XY(V1M[!N$e@
X`HBR(OcY'4_D,WQc,GdZRbR\F!a/S`??E0#T'C/R14[7EFF4O0OP;bac7M*%%#2#G,449>W3&Q<=b1B.+,,I.UPKX<*d/3\54Sc
2eQC=:!YM3TG4IGfP>R,$MEQ\\1@&[9)<dG1,5'(440I3@%*-'1L//P/bMD)IA1A%\3L4fGX0ES-ARf="YHN>.cM"M7)+%N#GPc.
Ka3\9&GMQ]\e94IM\7:P3F\B%KMefM:;"X(&!["2WD2_/&X':VWB.')"C$Z\JD?P%KY?C>=ZPT]A?%(?0ZCD_O)H(f'CVZe7;DIJ
(*<ae+A0`VK>>#"Z27=NcE.[%eJ.2LTD9NZ/)_8TGO3^'/G,`A,*\E6>G=@-T*:.68L7C.)S9<4(A#P(E+JX".4?W-NX]3Z^=-&Z
BT;$@+7L8#^6==:I:JabC%C[b=9R!9^[`#"/<.E%-M-R=SV*)>K_>20N)'"B@[=41F+)d9-P+b./6':Uc5;>4(NXU@$^P]YJ&.@[
3@.W15J&EdU4/c<B,""NQHP3_()!$"dG^c/OPA`-(OW_VMSM!YaX=+YX7:A*_fdR2]J)U[*I+f)Udd280c2>&^^U$fL?_*X@]`U#
=8$N7XbfAP!K^0_"C>0^Mc8H<P<L)6W]Z<5BA0-:[bF[EdM@'PI#][UV3-?Nb"8LE(P2(*Z38.Fd?$@!W7;VBa36/((e"[=F!JK+
6:XGHF#O,X<*EbKeGW<>CGERe+LD;'&%f^IEGX@D[=:[8RdLU#aRcGKZ6)D5Y_Z[`.EQZ*B^-$[,TGD,YY/K23QZV#9X<BARH(2:
)R]*@'%IHV!CVWK0d4A=C&>(=d>&f@d:#@8`[=4V\>BEa#C^\c6Vda>JE>5D*END`[UU/H[3>__Tb1H#6A[9_0(V,6@c.Ff!\<R"
7'H$bS#$+D14W7R=G1&;8D$TITK"c;SJ5P<;2`C.Tc>`WNMb;P@`>=d/OI\"&PSFe<%Lf)-,U&5AfY2Q=M/b>K$9a>c=QX"$HRQ0
-&&,.K@A`/:5PABF68W/0!Lb27]B=-A-0C\GFKeSO"!eR.JJ/+S_KS0FG1V6]Y,\Rb#BJ>5-N8?A;Q0.%^)SH@)\LY<LF%UV5.8+
0?X>1L_>b<&e`9Y,3F5>b*T:@c0O("NBO2a.J50e5XKHd*'2(6+LLP?Mf$`d6*VIHWc#H=LC7VGMG9NVYFTC:;-=A!^<`c%KTL,#
1H2A]PME,A9P5#R5"$65:IBRA*.I&^1IVBG/=;*E\b-ZcNE*=0[B_J\9N/.a4eH1_,&]21@UYFS04^'[A0U`\Uc7?Q*L/Z`66<c=
9@eIN[W:bTOB#!.;K>#RODbd?R9<c#U8WM^:f1+P`e0/L(ZT`aH@[2,JPO@HCK.HR9LCGKKbV_55\#NG<`Aed*WZ&TXO,Fe`N?TS
=O4f_,6e?J9-_`eF#d4:"/X7f'fVdOMa\BC&X$a\A^5f/`]!_H;-K+46\1/a-[ONK<'["7(P9KKS!$M-AJ??CK-f^5-ZC!$)W58+
>e6\/1L&b*0I(bOM\=*CP)"U,(c)@@+,!FFZ[TYIYbe)BWZ:,b;"F1.(79W#]FG"f#b+]1aV>4K=90\QPRIb^?9eZaOH[5K/4?Tc
*24W3JdVV);*&.I\`8^ZG[;.;'H9Q_XdYG?#fbd!J=&fd`D0)1AHTc++W6/RAIMF4Kdc:-\P4&U?LbYV:(#^(Uf'ZDV$:&;D*&eM
,"L/]:!$!A"WJ'=[/\W\SQKV4',@^R@'.&?",)Q;('eP7Z3)]MY$!8HS8Z>eSJFa(Fe_WOIeRbXS2P7d1H2J4KDR[P\T9d+Y2%%B
K4`]dE)->UZ^<!7H*0cc'e97-Ra.0"<#2TdT##,.ZT)*I*&#'N>#GQSE%,&]Y_!,@GBaW_cG$<:?3VTO1!9'(":0/(/D@/@%?\(V
5*MH:3+[b\1$7E#E7^!V3\<X>E*0X^5*@1+4)0G'/WHP]f4]9,.++'>@2)_J1PC2?=TXSeXU<W"S9N83J2#a":L`5K'S2""<XJdU
XW<1%>04Q9?):T+(4+,DR)2JPMPLdAOCX8]b\D2DVb$(/cAI1WU8N7(aGbU-bS"8U-^^N"WD54RXZW"I+9dP9N(ZKK:9b??M:C2W
>QS3^Lc,:K]-Y-09MA#M:0G+UJZQd:;d6I><>W>X3)G]6;PZ%U4a"[(VXZ+CY,:"&SQ3Fa01TM'VT-Td[P1*-0C<2eSZM8_>HKU7
d9Y(Y<.\1(U-UT*<\HF'M=X-V,>UePCJ/'@T'+X`*5,.-0V'O#4>(Ea!_P0N?'d5W4E3eG4)eZT%_"/,BT``d1U+!P0M%J3WS9[#
P)e;.B]f$.Uc2ZaLZfA/&DH;NX7RWEJ9\#3_6PV1EV.d9,e!P>LJ*%_NfY#E9fcLE\FT@]W3VQ+-<(4X^cC&0M[#Q$8%]]1I/Z&?
H[.:+1d,?5A$9(N;55_AbW5EU6Y*!Ka2%LCY,45f*8W(<=WZZIeH_(?C-/bI(#fTbTKd+76f3@[FJYB:I@P3OR`G39^!<W!UN+6f
OI'+<K5090Rd1CC*+P4SZ2>(,PIV'T<O*1G4F)%#X]S,UJ`>L"X3K=IBH<@L4a[O^#H]H9\NK/_)X;:(/9U[8Sd?5eW.1IB4We3B
4?8B:dN&7`#\;SL8)Y:WA<;.TUN=B[J9ZS<5!H02%Qe]]C[M`Vc<"1>:MD58G&VK]ZJ\U;,DW%I5TA+=3fP0$+0/=E31/dS!a3a6
(@dYC8>0a.bX/]B\baeXYec8B,['3+e8A<SON3!O7M0UC7A;&S+1<K?T+P=)\G)G97!a01SMO0,I9=>()/NB+QRO$b61P+OR:@NX
[K)3QT`YJWD1OCfG#:dM1?"fP6LE5N>K2;6TFIV_cJ*.<Q3-5QJ0Z6*H[9b@d;^P;V6MaB'=SU08GTa[P69HRBXN,ffZ?:L)AO-R
KKEX(,U$TQ.2?bD$>^8W.eXKa!6SN:-c/]$)L8/>1>(LA3f7_I!Y(#GSGc4W![.N;2aQ2VA5#+V2O4'L`3;c8FIJWS5@TT@;".XJ
<K)S;V#d"C<#_=P;M!`R1G_C-%G!#TWH2.VMb6HHb*/*;^L9J$c_N2bT'+e(5:;?'U>/?`![e%6Y6B!.5]>C\S5/$;C`GE`8LX=$
1L-BQ>'?8>UUIRD52\8E1.?BM,$VTf<;=]#QG2L!W/%9F8&&T^TNSI"P4$EX*@=I<LYX8_6VA,8LD#P6VV87JAGLfKH:C.DA*^d\
!SWc)d*5>b_QI[;^77GD\CI+f-_WV-AQHOHEY!9]"B0@;.d'=%;Gd0UZ7M&ZQ;\7_J!1+&)E+.Q9W1D_L>OA$^H&\5)4X$B-VQC6
f5<MB2\F,@QF7$0+a,G)R!JcbX317+Dc:+WZ*`bWKEZYDY)?[,71]0H$c.F><Z5PR(-CD/-Ac;YTBYC#'I`UM1:eSCUZ_"K@<&'a
H`W;P+%@!?c9aKXN"%T.Z.#!5c*KM[]M'TTW:YS3S6&UKd/PR%5PdMe#2+Vb:F7V9Uc40VT!VfC2K=$#U]-UFZ1e'7(Cca4&)0O`
,[/+P?EVRU4[S]P`KZZ:!O$&d^M8%=BK>Zd#UFMf)0R/RAZ@\M&]MI`6TB.^[2V.ECfPO"%f2TaOQH/YK(.9)3@3;2BaCD(eGW9,
,@)d*\5(?bT)dA!c=()@M'-!>34C*HfT5(c)Lad]8G-TJ)M=>*QTU,FNY4eNDU(8.W,@P54TR^3'#"E4:G<\C?A]f95a.>$[MS7U
UZ4f"V06,2Z7H0AaL[7c[fTa".Hf6fVffDRMV[64\1@Be,8K%/L9$GYH__$7e.ET-f/)V:&R.\'CI+F(RI7Z;/GC2X/TZf%=!0;L
%F'A-VJa=A40/(+#aXNDbY3fSCQNBAQ?9L*2V,c'5%H61G\B^[08=-K'5;e.NPHIeC/&(,9CfWOOeGU2E]*[K7GO%5A#8-27P+V?
Fb$%H\V//2M(,(%+TR9f`QQc!D'E-[UOIRTR480P@";VcMK1H`RIVUJ=E'65(DX@:C6&S@N8IM+%XaZNDED/V=Y]6.U!]@Z[DY[4
(K%eHS.(G.ec%@'0F6GW$<<C9-%OHccc&K"A,`;X"V4cX3%K-^XR/\Ab%K9KS8^'fT:CP[76e[@.D6=YG?K(;-Pe/[F43@`^1R5<
VbSSC,7`bVX(X=JB2.JECB)K5H&):P\I6'Ja7;<)dcfR5#YfRFUd7cU$M[3[>Qdb<CH<0#,"d3^5/!^J9^"/A/[_:<b<`1ZSKID4
0aL"2(\L(G(%D-]LY^_XABaa5+8*FT0e@c[3O)bG5Ca%UdJd>"9T734U=U3?%<1PDBDHAWL2MJ9%!0]NV(IIZ%G7C=:c$<@bE+>9
4"R(`&#=dO<G/d)1<94"c-dBZ@8XOe@'Q72EV`4%)\%&GAO"J!,d*8B"8U"+[^Q8O']H.4?0!.9-S1*U68N/`H\SR0c8@C*%;d<X
=X?AB*R)[*XEX>$1EC"B^P?`2^7!Cd:'_%,;_fXZS6%:'DX:R:G56)36B6VU"7ce[b@=d&c.A&a??%!=*6PH=R8PDK`^D%=WZ^NN
f=_4'&)Z`C6I2Sa!A]AR+A&#'?8V&+0V[/Nb6UHZDaC9-3VIOZ+L*^V/TGYa<<R6Mc[VJ5cc`&-?C[V73FTcb&5?"C]()I]?f0/N
cAZWE@G?Kf*SI]^aN;N(F!7=*W$R:$QHV8XQI6)7*-.(+Y\M8GT*#I;^BUFJG[1ReX!^?2NRBH+6HT%#G+GN<X6XIRJ:DA'[41&M
;CE:fWI.3VXM',?2>I5;`Z5QT<M&<V:f.)D.)@D+YPS\39,</`*CJJS=P3QUB&$>.fFFO?\J<J0HJSd$Q/U[:"`+$?93FE'FQY!1
!!$S%BY/GcO2^AE:9b';_aHRLa;8=\J+M.L[c:>E\!P0/Q-I1&;f\1P3,C$ER*ZZKU^.4`XP_"OQB2BA/=),&4+=5!J#?'VJA\/?
]^V$$]MV>!7`1fO'_O$L(2C3()@>GcZ3KZ3+%c;N\.>2\&Q)?<(C+3U<#D\R]>(+25-9TV3$1P)4*$Re4Y&_G0T8U&CP'R=ZTSSJ
U:@I\%HI(AG6X0J_FBG^CWWT)(e1\dC:P=7_!a=JID?BPA7&6V_DL*_=7^5Y?.9&JQG1c=Y*$D,T#Bb16[I:)!S*N'E=?R]@6R;e
XX)..0\UHX0?#-TA]>4%QO./JR]5\aL3S\93#a^/c0?;H*ND]SO'#-9*^G/6:X+(A9Be`H723b>-`X0X8R/`(-"[4X*-(0&!L&Q1
!Y5e360&<<["^+`KW#NQ"ab4!\=P!OSN3dPA7d?AH#0B83_#UOdJZc@/2E!VPM3DB28VWSf<]O"7!ZER-77+/NcaUMd3!@+97[[W
K)"L/[G:L4OO0V*GfZ9I4HMH/\-?:c4698^ZKJ%?B8P>-D/4cMeX!9Lb1+>6I&>N8>PKPJcXeOA:)%DVT&[BJPOfY8\78/;_dY9"
34N-;aI?@`aNG>;2-*6T?#e"Z\S(Xaf2+"`\F_Bf>(;@:>;?^&A^fN<:8aU"9RS\N%P6&A8\UD$]:?_dY"W18]\,*[+AU(9`d!W@
'JNG$.=$-TNb[0^Q`#!cKP4J/1T_cJW^P=N;^]/HI^8R9")f\CF694\8D9[HB:T)=[_3[+ReGFL-<Z=R*L)c>OFN$(d/WLMD8/e]
cJM'\G7M9%PVM^4@`1%$+Qe&DbOa6a%>[Z\ZCf!S<=X.d*"$0W/;GC),KJIT6YH\.&eV"aX,2='PF"OE0^-!W44C>1:]<33cE/Hd
&bTeHB]\!#LR1Y!_QN',?`:.L933Y.*Eb6bH/$VN$D&9=JO4Y#G"5;^CFdKLNL]8Y&(bZ!0HX'A4>%D;c2TWOG&"'C*7&L[$Q2AF
8B,S9cJ5P+Hd:<7^L5cWP+^#E0?NL5%$H[,@!Q38;+<KI"VT*GE!M2"#AXOW2B@D&\_0!`^E^66WR\\NZP2O(4[<AM2E-^&O7@Dd
#f$H%_K?1N&$>Pa3-/]#\$)RS[:$9E/]VF;$bFLcH4d"aBR-H5QdADOKa#=1CXJP]c#TQA`?Y;58(9-*+$8:XQ)^SW=!&cREDXR6
.D4,;2)JMN[OLHW6\@7=A@5C=e9][Y\@I^?.YO))H3`^AF#C>IOUC><-9TU`]1&`57=A,@Na"8cI&KZQ&QI<V'UYP^b>_)8D,RG:
-G2S2Q#J4XMR&`C]M9,f<C<cU+bZ?Ne#HF\0_[Q%5))4$JdYMd-KD&6Leb4;$CJ_J6!J_?dP.4.$/VAPIYe7JD5(CZAW^)Y8Z6I"
";:T(W*XLD6N,(+B4.F2P8!A$>;V\*Q$EEN1^)E`5d$_-bD5K?UC>'#R%4QD1OU:7J;7"I8S0-;_7PQX9W`;]Ve+P:4-15@bUZ\>
5NS<">LH-^A0L%0\Q\%\8>-W[DWW[3(%G!B/b2;>SH`.^9/4<.QOZME]R&B!O[]365I@QBeLI&Z/IE`Q2>\:Y;X\N?V_'d/+1PFd
:UH"^L@8,c(;(!59\a<*"@[?'`IWE_6S-M]IaN:RGOD4\YRT'K=(#d"NZJ]6DO(4))[LbZOT+"IA%H_>;;^1NC;K$!?H*S'CK5'R
VDf7+V?=BT^.*1M;G;d`V,A@1d6]Gc1=IF<W<"MN[f8A?+T)%_V_96;f@!B4K+]X<8%dUQX,bEJ8[Y/GX`dO??7-3S`,+b#Q.G:c
S(,%2*:EP0V2:.B=9)4/Y;<E@)W6BU\/<!'(bL3\]#&"7Y>/,-A[K9N4GYa#'!VQ/+2.*NMT/b;^$-!c[d;eD>SWWQX<97.=O&5P
7=4<C`5T,S(b!/N>cF&CAB9PVSW+<^.)<L#*^4:!FGF422?80H.4/>7c@QH>0ZBQESSd4I["?,!KN:9fFa%F%A.)eHV(Q#8\Q1^&
UEB6(Db&U.>A+AJ^NWbCVCG>\6<%6X"=111P`P]ZABe$We@\G]=OMQ;Z*>K_=>9%$0]YO-#O5MA<_K=a.*>_/&CF=Q$-?J.C9`=e
V=?Z8CB7X<%dG(#&=/29JNH3*`HE!dN['e,1M@H+.2<$"D1+(S>0FYOT1(C@.2VFJfA^RI.\T(-?"Ff9=Re9[e,_P.A</;7[$-S"
B%@aBP+e#VaY_BF<I4BO_CdNYHC=PH()N4W"c3OcR5`K^J]Cf=a"*-)+Q!@ZL*95IbY`&7@AFP.$_6d(RGJIH>R"TSdSKK6fMM/\
*"%U;LUCe=)\2@2$SfMLF^RR'HZ%9"b2;/DI)#Y3+[b+20aG[Tc\)V;Yb"\<"9V\!#32dLIMS$7Q/#a;e=U&H?Z.)WO9a]?+@@VV
43&'M2F,=U<JZLIMQC"XSSZ_d,"5257?La[Zd2[W]V7f6O%%ESB:6=1Q9DJf@(.+**Z:Q,B5T;[F)?O%SMc:(>Ke;FW?P8`XB*c]
MA&CVEQ[AXF#L^L"C%?JI_EMPHH@,]B71>+7%^34Qb#;48%&$-QJQ:a(ZSR@AC2+^N<$R=',)Q@3QRAP<GZKE%`S!&'2.C5D<]1'
K5>&YELa"cK\!bF,PTc`6-0BD)H:G2+J;)#$X"*Z*[MP+A&$G"]Of5P0$/2P%L`fU9/,_-Q`c0U]=a%Y5M3I2NM#NUB$&T&B7]5a
_?N(:.21?f7VKB9O;1SS=M="^RZ"*]?F'T9MQd?HXO7P1>7"B/-MF"!KeMa'$X<3;OF<^?5Mb^S>#6\7I'da60fL*f?=5Ab*THZQ
Q?B>-.eLQdRND4:WW<M[Q&.GLBVf['$dL\JO^`Q2#Q)OS63%%2(>0SN=V_E@DLSHJ!8cX@][2:C]886e%a=b+44OQ&#2/U;UeN)@
Dbbd)50fBfDL*cHMGf,M,WP86I)*!'0>*L,Y>19MF4e$@A1Y>H2M?*KXY(5I=Q^d(E&aG*#,c=d-`:.];KeS,U=aS7D.80.W=-]_
E^8#&;9E?-<"RN5[c)1)4?M.[>(/:Cc,Y/f).<1_59aa<@0C\e#*9\U#=7]<58U\cB\7U0P!6&P$2!KNZ=):=-8=SDY?#_Z`1*=>
[G,3N[^Af&5++VS(H:a/M<;MAB2T2BNaF@MS5Q<Fd9TO>J2__[>TQ?,98e<2F8JM<2F!#,RcB;^N_*++'5J#YJe13=\.EJR3ZL?N
8B\6WJ,Z1#3IL?4%VC;6`/QCKFP->4*Y!`@)3@K0Ef;H`0]C0&J2f(P6J;"`FbQRcOH1">8>-8(^[6&ZcA^:4FPeWDQWBbb^:292
!f.'YSAc3`AcL:`ZMY5I[*`1\%DR?QH?AJ>`B:?8>:T;<9XbF,E])$VcX&P!00GI/%RKL"FFS@VNC3E#M']FN;>&)9"5-Le;T2M#
"W\9A^(QK"\[-/VRA[SKQ<$D+V<>?F1::_7_UID-_Gf^SJ)2+NXSJ+E5/R+R.>fG#T./S=G4#;I,aSSc)(^4]8'0VLJB1,"LeV%%
-$H;;Z<?A*LTRG.>Va+<4,Y9CD/LYG@^Z#c5d**[)6)c?H&=_UVD(<V5XV'#AW]$L*.e+I@%56XQ0O0FI*="2]*-]4.5(Q$@$d*1
f`PcS[-]==TM4%H=Ae_'Z!2);4_B/FAFMf$91]E8C^QGO4A+788S\-+$f$M7\N*[I61U6F#BQ)9$7f+KKdH5,M[8L6^CGfdN[:bD
cGeMZXB<L6_9:/f=)$KC$L\T2ASWfHC1Z:@2;0O*3:'Tf:J,<<3?9c,bY*`^5>*d*O%)JSM#-SB^[N^74@TS+=QI(A6<A!E/`/&!
KcRF]SZ&Q[W),BP0HI0>_Q7$"/HBZY@Q)[Af:X#I21)c=%:K"N=!:7UT-/S=BOZ)M:1.(-(D\]<8XU&9ADA\c*(c0OB]H>IO<(cA
(0(MdEMW>&98EY*:A`/89FT#O+`0#N8U<+;';HKN1d]G7YVWDPZDLD480T?eSJB!RAR#SL^K<,HM3=0_`b1ADU[L`^&OUH=?cVC7
`:^"Db*#Ca72FGT*+a.[DAS7\`>Y&SK65ZA.\=<DZE'_K?=IL\-=]G@c")M&B3@,.7(W'O%&]2?Pb-NfA^@-<3_C-%-_+A"eJ:[*
"N0fT-F/2Z#TLQA-dcY7e7RG,>*E>.F5`-:afEH&Q(Y;9+?H).K7e]%Z6I+;Hf-UST2,H'acHY-Ia&fOARf821E5STVV6!"UJ>Q;
&bX\O:TM#NE<L89=E<=VXe$"G^9J`+FAc$(F\,==1J^fR"cJQ]e.'2CX8B7^"92Hf<T2<:.''F)Q)A"G>S#cF2$&`!IS^U_ZR5B.
:^DDD`OIS[a234S&*2%!(32\3P'U+M0\Cf5+CN5N2!EbRGL("EL)R2JaE#T,)5=0=[ef=>/.:P[S$0L3RY%)10T"L8MUPE8U\PI^
d2#&K_-=JEbAUOF3ESVVA/L6)$!?5&Z20S_#,BV[12G2XN&>0f)Ua?M&;T=0L`#V(@a=TKYY[D\B/1_3E>O?@D^2.V`dB5QCBN,G
6Y)A"GLcMIN&8PWP%CcYO+T&C@0Q+Y"=TS2=6WfH0#@a($YIZ@>"]/;_Q&]<C#,>/>VMMKZ:SO3#UXYCBa'S1e3)@91d)DbU+e*?
bR-_fPYB,CTOP%LD-)%J5]CV",%W:O\BG$5FP-=<3.\%b]EVYWNX+M+B)Q);\IU`_O5%4],f/[d;Q3$GN=Se.:FFMH-G;JY*^$%Q
L=X5_((QPJ:S4[0&`<<Z5b$dS#%8*G(K&RR#IBe%+P3(Zc\PR[?OJ%YeTYZ2fX-_*[#K1\4Ob-:07@U*$M,)H\M-]P(:e;-%[S=I
WX6HTW,)7`(I>7B230c1HJ&F)#'He0C.N^7H:X!(@Y+--#V#RH,++N4##YbA0UO.!=P,-K%_Lc$)=J[\YUS`4ZI0Fd%CA-0Xb*I7
Fa7"d+d<>!,:1>X)^DA1=!;Dd`\a.U]EXA=$?S5+aPVPcPI+[4H]WU7$XVK[.&,CK<(T;AbJR<0;2-a+CBb=XBDU?cKb@)/SL0O>
J_db9.#YRZ0AOE:[X4FUX@37/,d]!7@KHHH3SAa]SJ&RI:*$*>D+=LQ;2?F4%62\DYe+fWFEBT&ZR3^LSd[W3=+&b+*c:;\[YNJ6
@1BJ'3O'R`@PDa:]'$36&.a;$@:eE!&+18f\"G1?3?T8X"aT#W.4R9aGa#a(!/I>QB)]GN@E*",a%,DGX>0G][$bHYa*AfDT4,c-
bWAE$f]E&?D[JLSLAQ](d+>7(CKO62`_Y."*U(PXMXC"X>DF^13ULR9e9A>BLaK`Y/&0D6dN9cBYHaOF5f;][c#>)/`UO@)M[/M;
GX%2G#e,O;__f/"1Q#4D6R+1]L:92`(CFM7Z^;"OR%2R1)!NaAL3P'GLMdL<(84-`cBNEe0\J`N+GQQ>fC#F%ed:(a6JcRe/V/F,
(*+I6+_&A%Y%e07-4YA(,8=C4Jb'&_CbJeF<_'QQBWPWB:MCAD$2??:Af+BAeQC^4DE8H]C[DJQE0E"R9'U]S+T'S&Fe52_DP`ZW
C!)?AK8K(A51SBE\C,1!$O"f%1[HM>Y`)AJ<c,B,b?KE&c7>9@\Q([\CGS@5O49Q)I(Fd'XU6?\>0^4-B[3Ke`N]<4N>O-SeTZ4M
W^]1?)<>9LO8Q#KEbS`8SE0$VHY,`0RW%@%JV",%Y;H[M5B^Z.?#$?-W6COfY!`4F$O;Y1Xc51BJ,f*0^3-3&"+3eY/b&$CC^f5\
+U7SA!@6=XX`!FQOZ,Ie,S'ST-.&&I=bO0K#A?<:!PX8<`*S.*c-M63ZH#[c"SY16"UM-3X.&;VSA4C37HLYRL-Q]-(dD8'&,c!L
S-"6fX)I$J?f;1^`&0L\LG*b\AR5@CaTS#,N*YTU+6A)HdID;?:0;EO7aaWW(_Q=[eZ\9RCY]:-=6#8CX6N`8GY3X0A5M>G>2G5/
.^R<PLX(E[a`0G+aQ4E`(a&/ADa+:\@!Z>I"+-dFcL$[4"YVFLQZX&DXc:9$,6QF<dF?/);W'1U_\fFW[-P-0&,a^(=$QM\^K3*)
%5c2S9IPPM+!SK(G*3<P^;N:8e-5+CA@,.&7IF1$YM5Q,8S4f&>F6R5OB%,'ZT-SEaV?T894e0M%Y+Ea!R+V'42I)HZC*M"d5/4b
/::\#.^[.E\$K:E?+O[S-?P("N^c8*MG9KREB,PEMD=C#*LO1OL5%TeLd%9@Gb,be51M1GVKPbS.;1=Y*JF?0WLN9YZ34;)/]_XP
%UPF:Q#b?5/'b'W`fI2T_X;8e3@J)EX,,`V_+IGWW'6b>M,3_5YCS=-4Q)LJ;2=I$*Q"*-,*2X\5%1@ZYRfM[!;%dC+$\62N&@a<
"NQ1(M+KL1e.bG+:U)![I(.2&H<4''NNf^ec9I,.LSD%DCG<#@F.+(E%YJ_&)M"3+RW/:S&S%YDKD\@JEZSZ!+^f!HOdVCab>*Y1
%Z[?D<G$_OD`(6&*,6_2@H27C;d*+$SF5JK-TPGfWCL"V0'_I!6#:(W]<Hc@[%79QT"]Vd"V)$Z!,3M;=:73PRA^>D?&b>0).b;>
[\4d:Kc]^B@H,O!1FIedSK("JM&G1b^9GTc)H);d_"ZL:'J3MSR;*UCUB]4.Q*^M8GUMef7_+Lc=OKbCd"M,f8@&98S3Q@T%]4%B
e*-8V\Xe4I9I%>%L<W*\29L"%XdF.P2MF.MMFA@V>Y?^FBW4`I_]]CL:]30Z5QVbd7&?\";Q8,^PLE4-YDa[DZ[+=D#\M$CL;C_B
#;T)dJB["fK"K</:V%"=4+&M<NO3fRUad7R$e^V736I'3\*2L^,V6U%=`Q#V2<V&Zd!VP[H?a]H-[=@/3ZCM26W(>.dG[eC#YZ3^
Hcd.0\0f"2G)Y,e:d5'/%?3X+8IVED02/H-=A(",9_YEH727.DR-"VR!,M=4)\][LK'(X4%PD44,2\X^3"..[[.*DS6.Z:a-42#Y
UBMBe>IP?MRNT`2P)$B3[E=W<d'6#9!:_7O06-(MWfS:LO[+2`G+_\^)MEPK4B@O?,&QW9_#[F]0C=O[(`2RB?I7"M`RO^@VYF8P
^K+FF[B4db_Y2!aAX+XZ`.:[(!=/[cB5d6!JFGM?F2=J\IbbAbT15KaQ-7RN\V[N4S+J/b$(,eN0R%1.S3R6S0=D&<7f>f$P,,\>
U/B[$5S(W&=FI-D7ENR3#3N:/Z;1cHb&YJ")&T;!XT"O[=L1KaR780K05IHeQIAHM#!>C`6Z..1UYS3<:U;<<3?<)`O$A>P2Q61D
+-<*YVLKNFO__R%8.A=Z",;0=/8*9!N%cK1#$R1X\[f3DYO2,XAF7%_<_>5\0f>e;)/&HW%:X5,2#L&$--Jd.X@ICd!#8.5$1'X`
PRa8YcU*[YLebcWZAd@F)f_];S``b.-aae%#/?-'QG'E9PH:?![eRF#]:T/S:EW\*#d&'BJPP+aPKSVRc[Y0T.EZLe\GBXJRf"4&
I-ZJM:"H((A(B5T@LMO'c_XHS#Z]0@VY'W<1,/QP'@$,1b3\)?e`N&7R$D2]!3A5(EBYT&:Y_70PdFW2O,T<"Z)?XHKS;`ZH;FB!
!@UG_G&\b%1%ZQ4*\&0]TW8(5dU2cEV3#M(Y_@F4^R.`O-c2B%QfA[<UDUK>><+KD0%-B`MYU^@(7G[eRV7'S[9]'Q7:1=Y7`2_;
)-f44>3IV'HN*`O1:J'`;!46JVeF10`,XF'_G1<-#bG:F0e]D_B\+Y2S)d9N0YM36=\'E.5MXVKRLW=$5V>$3"OcTU/?J:b%]L:a
T4KO(%IRZ?aQ##L5F:(06fJ)4Z>KLU]P?&]U^7JWNL9"0>fADfcV/$8-9>8]Je?:CJ\0H*?DLFd(UK46Y6F=^RZP!<.6Y"?VZ=_`
&;&CVWS2fC2CT25&))>b53#G"CXeFZPNE4V4DK78T)!O4,U!CCVeXE>S%(@BYN?V?S$[$-!\>'''WaH3GQd^VXR:X!8+3@bP,Y5C
"?`fSdIH@1W,:&C:aDb>Ha%!@\=;:M48?b$RK/0\$d!aO8Dc+9S)FK?&c6cC?CX6M'8aGa\1!^/0Ve(:G4S/LBX">`,d&"^OcUe^
P5[Z+$72J$)FW<Vb8AbU(]Z$a2XVN>.405+d-;I2403F(T6Gd;'"<W^.65NH7OUZQKLXJ2MX?WEc1X:N!GLRD2&3Z6LAQX9(E$;[
c&.6*6T&70SY'<<_Da_KC28E3"N8BA4FO/[S3O&?(RZ26*Z6CUe+VU8),,61Ef+]`JMa+F!/2?F6*9;FUC_Z"ZLW#4-SE#Ae6\T.
?f[ED7AV`=O-DXP^GXb9eF3NF(KV#5#)1S:5d59%LaBF,/#ZUNL5T2-%4*E+.cBc"4*F@AII3e5]*`5-Ib[fUGAO)G`@%dZ><R&/
GcW0T3dWC(L.dJWJIDL%a?$X";>Z\]556*YRCZe3V<]\4R/cC/_7=(eDE>)2"^A1H*1M?daE*EI3#IFRPPT\)feB&da"7)W<#9EN
c@A>WS0M=PMC0JYC_9B]CVHS^VT*'Z\5XG^;!#ROP5&$:P:c\)1A\9CP(A9/X[#`I;P'3a.P2%ZG+0)&O0`MP?>;T\3R^]?>PF@<
C&G\%<`T.I7PcL\6]@2TB>KI[1XVb:Q+)28L2]_\P^'A9_Y7?HK0G$/-J-=OM40BKAT_#C>A&FUZ]b)W;8&V881d/@32YO+d^MQD
M:aOEP;S'4V/#K41-A!41ZQ6EDT-<'/=Je>C@NdK>/$2C.4"3\fN+`^7,U`G=M%WH+>;<bf%%1,6T$2K%<OR^7>#+NK!SF9K**G"
%dULZ\M@"'^+.:e'M9E=-ZQ&:_V0+O`aY"YH3a53Wa?bQe(RG3QD$Z_C@bJ@7Fd!$E==+0`RA+HO43Q.4Z]I?e'/=`5K$BVcLV)7
:=9Z<4c#7^:"dA/2M:Y_;OQ7PRULSaR9X1OPY(HeJQf\#2f6QD$J"5UJc`>2XJ>faMBQ3F<7"e]&],2?5%9R*X)>APTWQALaOLX(
eB.@U>P?_W]cDQ4\a".[;[2Q:c['U?V;^(.dJb/H!->;6JI1e25+O\L(V8)4V%^ZCR2ND*C26/M;\79U,*NG.V.`LRe.M,W8OB1+
?:-<XKaU8_QCRFRMAQ:eDJZ%ID@4PD9@eSE10,(!9VW.ad3X]dF<2X(`NU_A_1&@D4$"aEC+L8+c>'#1W":OYPQR1OU2E=VUeNG%
B%VFNWGZ[-!K:)25[02EYET!MEF+=c2c58/9')*7P4SBX1WKG%KC:B0](-P8VC&T2Z&%08$6,SZ=M@()8Z=d'ffVGH?(N^9<)("3
Ic^[%,*P/.e.&JR#&V;3T[*WR$H&27<Mb@^2&!-BGLQR?8%;C!ea#DW,'.UEFDD_ecSaS(4cO_W6(a^BWUDJSe;"!7<K"YC\A8$R
B;LKZKA3*H-?!'==%f,TKd[23M&N"8"1;NKB996_&C?XI]DA$R"-b*55<F%"W8DOCN*+<,-6=F,f0!UE.+W"@VbdM*%I;XW?6G@@
H&+-b?d1C+*I6`[eee';M/-V,f%A1S52H`M&\%\<R&L;C&26^5`)L$H/O5fXA9`Xf`<,S%fLVV'%=N+6/'?+,@Ga&bcd+IXSd1/U
b,%]&6;I[ME"d37S>!5^Q37GDF_1JE[C1,8*42SB?JY1#A=!&(4+bB-EXJ#SOaI,GQReY"d5e8@R#]OE'cDX+H;HCNN%`?"2;X+R
I3?X@<'?T&5519c55+V>SN$.d@)$\_I&9:N.]B&*!X`KM532KI<H>0F4&)OL<1;K2<;T@4_S(c$B*7^/^7,Be'+)TI%cGfB%dO]@
aPO-G"G!,BdC*e#M1:U!O.58)&=IZ7L&2WCb?MHcPba\:/-OGA%S$FNI5A_64G4ZMe*E-BSW^JOF*%HfI\/dD#`C;ZeG-AbC"+<I
*b0BfYFUALG<F#UMILL@Ad<E1(3!2Z=.&1VGQB$T;0C;Y'5"]X)>HG!C)Ya9N>?X,;O95-RP0SH,R>A!]#^(:@(<'S8MRNA`"+OY
@"G3;*N?!>P)7b?5D`_>U/7+C<S'_M`Y9EXHT\QbMD)A.Y+&.:fd#ef^*2GB,<ACUCYVWGVBOM<A.f`#`UJX6XBT#Zf^F1SZ`b8#
NB$1_TXUD;ZE=J@/Ee!7+E6P?<Z>IBF(BX%CA=[NW44!=BX`99JK/ZG31cQ*ID5QL@B(0X,WN$a-+?@b4H(U0RI-#BDI,?(bD)@L
#%K1\dF04d^J!XI[6=VF#B617A7CN4`@UX8VXHQcC>?.RecA#d0?D5PHV#S:3#6MWQd(#49H%BQ&_`+H=L<GTA!WJ3;X?$G:SKD#
,d_P=EV?YF&H`;^255"D88!QfdU?1#EP]I2<UM+FS.0"$6I-UcfRJ'QH^ZT"GN<[`$E)(9&>/[J((Q2A!S7.>2&/Q*U+DUC=#&91
QQ!PSa<f<\PbX7B[I>XEQ)%+^9a?/T"c<OHCD\E+,TW543>0U,T@8bN53.<PA>RN;!BU.<*/:3PS(Nf%%$QI@\W='"`9CaODB=K:
c6688,SKQGP)K>_fQU^`_O.)\>8V(E@?DUa?_>[ebO@c;.G!BU,bH$&5bN_AYFR"`"M%PYF'3`K<'b&]Xb17`21I1LN)SI9+V.6e
b0Zf64[=-6\&NW/IX3A4G'%Y[)"5/.GEW`;LKDI?A%JG:5Q6Q].2"FH?(eM3>&HM:N:&BS4<S3*;$F]JC`e)7Y9!d`%4=b'%!6D!
?<_Z64!=;CTfB^B_CR[!9NQ"4W;O37EE*A5@SC*7UPd"D8Zc[dZ@!b!LMT:W,D$<Mb^+6+2YF-E11<UQ/?c-E=(.:5('NWL;C+bD
,+61`#ECN>XL9FCIPEJ+&!N."I5DWL8Y>F*ZXB?P6&0a=+*&_7U:0.P[GfC\@f0_+)^D^fJ%C@W_(2AcP?8RWOM,eCbWCI84@^KC
Y#]7,E!P=2>/H*d*X)fD1\/AR`IMKDeE]1^Z<&H4*GQ"=/*@BH&X/^@\P_^4:'ZJ[(%!DY/<f[U$G2\LNWSPQ@2E'-/PI\DBNd.b
PR@XV*??\;_+EX'X%&A'.+/Rd$W&D:_[H5:8##Q;fLCST1bfE$-fTd/d(<aBfe?[0^L6E`]#PWZ+!LG=PV=!,*3EcJ@W6"b@-VB"
JMP0Y*_WNa;(C,&dFH\XGD(^/O-1(\UcK&GDC2QB$!e[[=.O@"L:d@._LI+e-OJTeN:;7!/YU@<G#>?c5&]ZTFP-GESC0+K:[WIN
8#J[NaKbCbHOZ591U$TX,L[ZE(V"*e%7bH<"Y]$($@YCR(5&LcRKf-)KW+,=a"%&HEZQX$^2,O9F/H-CbbOG9F]&f)cb-5)+aJQM
,$.!*+_%S:9N2@=3AW841$)YJJ\6:U<_?GG0,!+GXZ3L0RX;-e`!/-()W1D^_6]S"O!6=QA]1K$4GRb-[Q"3DHU>_=bD6O<W^1b5
*c"9X]D`UK00IO]JfTS?&'NF!]HQ@#>U(0N!Z\_Z#2caM`>d'5^@f_$^C1_>ce0<:36);KcA#![c#I=\`)Q8Q,<I\.LH-F`H@e3I
%HQ#%#4BHK!>9E`UK,\*;NRXH>W=-93\W)J!aXJ12CFXLe[,3ZT/;(R*,)Ib29M/N%8#ZaFKd3EANBP'eI,%R&e"L"b+!eW?6>=a
]N(FC+#KT$Cf31#&9PG&\!VX(c.W5!#@,5!2b0_/b5)V9K)#][/=5#7YU(`KaN>b$YL\'F!*<]SQ"Ee6dTLfX?Tf_BfUX_Y*c,@'
DP_#:G03EOI-G0ORMd0)+f=T4)T?99->SEHaQ"XKUP@'!HS:eN+Q+84]'2T/4V5FZ=-e#=__9A3#1/F-W>`[BT%.G%-aUe?F/KTd
0B9:&F:MTK^T!J]*I@2Q,ef6<#=%)?@T^50cfTB]SfJ*8IA3$@%Xcdc?bQ0`8"]P?e"[;*FY4&NI]YMW%\>#<!2"H%6dVS_ZE*0_
d_PLLT@4-V1MP2WN"A)A"!)9:_WM?QC@&0C(/J@H"=<;D$b2b$C,76D;"cE?"Q08T$BOV>]5[`@MGK>ZPb1>^TLP)C5.Q&/TQM[.
DU<)-:>"\-(DG[-fbGBU&9RK:G^V:+H&cM0fH0=H:P\f)"(%3I)$+6[E_U\.I`0_aY%(aI\,J(a@33aN+7F/$WKM?:9L_9<UBa/3
1IZ[VV%/c"]&<97&0XNSW--.06:YKT6($DdD8F4:#OYH.FU(H,'-D(JH"B,#E(*H8R@1>ZPK?84I^_RcZ/]P@6JB$=6-B&(-NKBM
T+`HZ!9^`/'^%8K)-dVWSRcQb*+Ha2S$(H_J$=O_,A3XD`CJC6A+f4YBY281cI14FaPHL!>TO?0`D*"4UPN\GMa8&.6E'`]X=Db9
ReF-d'K\Ac'ZOVXV0<^OaB*=I!B@<W^T"ELT&A!C=1*9EN#UU`IQ?JXCY2+0*J<\%ADedA'TUfNL&<&W)301>WQ$+\:Q6+VIZHMe
]<(5b)RXWYB('_aLS(4^![Ta^U6V1cG&Zc<I5D$D_<)/\40XN+aA7T/0AS"E('a2`ZD9MK4R*4:/B%[VP89&3N7.Qe#<H9-L7W0Z
_(XXd](d#XV$3J-'Q`/Of%#e&K&H>,@L_!2H>LQGbS.\WSL&d-!<7CFeR/2E]'5\7N.F^:27Q7aH,5D,FK3eL]>N<YIN>9c'*0.I
;YAOZ0_&NY_YZ5ea;;Uf'T4/[7EV%4>H)!B]J]FVDF?Ce&'K$a5;`IQ)4)`Y=WKF([/c6+2I]9d1Q<#2K93Yaf3.?P^WDP@*]Q84
Pe'R(9,U?*_eH.$^#-SG@:,,PIaWcC$((>cU@29(`*K/bAcGQL\.2X':Z,GEZ?'"P$eE,b*^Wa;="=JS+!^DcKCBDL79YA\J>J""
&Eb;DJF(%CcE(?\%%L8-8^Tf7[)O:FU%d2"4D^b]:`e@R3BTLGS4FDJ&V_179NW@00^>3A8<'?MIeKa.)aKe#\K$#<>B@TM5X^2V
(?NPPb,^B4TB?TM^U$^ID*]</<ZKGV9^cT%UL,M]4C$Be$?`UKV*K"V<ef`@7R@K#+PbW=TR1W*$@!+\DL,RJ]fT4D.[AUOcGI5B
B*M]A`4,^5P44";QK%&Q6Z@\0-P+Ca4_%.H5?V0_&N8NDHB!T:D1[T$Y_RA$I2_S3"%5[3+U%W?e>3;DRP<T9d"%\O\>TI]]:Xe#
].?FJ$I,^=!)0]NNeA+Y]LE0ZF/YO<^#5A&cbce@_*''_cKa"1WcN%!DBB*8dBAF(/F&"C>DKdcWC["[;&dL.CP^T^Z"L>c7-I5B
/D0?/a3:BHMV3dM0)+KCF2=M*B10?W#_,7)Rc5V@7!0d+5_X_d/HVdPcM`FbN@Mc2ISZ1X<f6FH5-/!C*'@P2/EO:CW-CW[F4e4/
,]/'_X'>KDe2R&;(%Q\V+.`Q0)(]86;NYD_c'KP2#L85R@^<W2OVb!6%_+;e@SZ^+MVGCJ(H=B?J0Gd&AZ,",dA.:/9YK''2)]K?
UL>cH.Q3@2TA,^W1$@/>G>\N/\;aA(LET[!J*U_49Y_N`YP6G,)>0<A([OMAVV3N,"Y,:J_fRSa>b^1+T-B"/3P/I0G43'Med5K'
M,W17C[?<7;!/%VS1^6a%6(9FZf;6eV38P8;_IM+OR@5F\#6)ZYb5#Q/3+4<Nd=TH;"EA@->.]I1MRb*1OcI)#_;b-5[EK=B@3R@
>WSN49#HM(V(!.Gc$R%f;>cMTAD]X30_&MGe05=>Z\%[/:08;N+[W"ELXeJ>+$B!P^:4[8]50`+&;HL[#QNLHP>[>XdfMG_%@]^Q
3B(@>.!3EH[=(AcQe'PJcO84!A^"[J8(_d7PSd[%16_d8)<Laa+UGV)UI?F@01[JJ(;9&SVW<\PdH?/6B%$S=A@e7_35Y$.SYLG%
,a_dL@1387Y<?FGQ\'17-e1S4XCCKWeARWUY;OQ*S,66NE3&/f]+VBX18QXd?"eI94QIc59_6[7@A>)'T<#8@49^,!Reb2O(eFa]
*dUCNV;R9A.4d+LQ('?3S4V+<\M<9L&!f9*K'&ZL]P66;KDG!S"aO7<Z'NDE9F^R,?J?5$M=FS+D@[D)D9?)[3-S+>O"87N0P:;B
`)`Sf=dI=J^AYE/4d"eQ:K-)bLSO@@/Td8fb2($46a@0]3[I(,@A;8HeQPW].J?G^2<a<VP[+.4%4e>9CO>5WT=XNX#3ISa^M5IT
%b9?.E882F2N]>e&aMa`)C.P"_!U1%EO/C"G2>7348CaK0Rf>K&'87T.T.Y!<4RE<Nd2"MdEeC"D&bWYL,7-&9M;%D&F0a=TSXLb
THM2>`;a4-5/`7BB8`-6dL0,#$\>e/a/9:6>`fU'_-!F$*f>IDB@^2/GK\3:C1NJ;*bAKBb=`]E=>1%&2(D2`$L.]OBeYOefHO>e
K>$_QNXcFTAIS=/(7`:3TaCN95N:XcAeD7V)VOK;HZ,MG7PBGOCG4NbP1V_@0B=eI[PG#b'OK8_+d&GbN3b)&1dVHdA8Hf?6A0TQ
BG3-#\#?FZf2E,]_WSXeC<'_YfY&aPYM`V$RQT:F#X6ZNc=,LJ3V"-:QT+8'N$I8d5160*]7aL=N+_RGS$[&F5O<$(>G1V3C42N:
6.+Y1U0>KG>W.cf+<_N.]O4a9.]27HY-]dW\+:0#+CK#,8K$,<D#$C(2[3_\OMe$I$14\\^8XX[@!T\THC!+KPb.aQ6WQdZC$5.-
YI4aY_UaT21OEDf&U,)KDWeFR*>[61*V<$3EVLO>bdMO#'@d^'8=f5S@3>;Y-^6>"Z]FM(0U`9"dPV!/[LZ8>R_`1530\:'T82S4
R;S^:,^EZ9GdYM8@YJ*V#`G*[D`7a`QUeK:bd0@(7-Z2TY&=E#\/*.8KPLE<:a2D8NEC#-d3S5:",Z-QC-,ZOG"^^19eO7aIRU7R
#QC\9EAN-RfVb*Y-RF`V"b"]^D56'M4WEC1K8MM4+$EbA:LPAJKZ</JWDQb&_W/O4V0ERCN:("F3)^<cQ@?S9M$J_RfQ@SB6aD=[
A04Z1*_^TMKR_P:PO1(A="J8XDN;7/"*./f>0E\^730)Ue;C0&e>Q^A:RSXR^Mb8W54-Q';UQfI]VNNa\0)/$#W,7T2]^,8NV$FF
I/$2>'S<DEA_<"QIb:57DZG2Q`H]ARa&.DU+->WL8Z*We'T*/YV10;`^[IOAK^7=4*b7a+EV>P@8&#*Z,6_Z\2#0^Y,DJ5D-QP^3
R`V+HP-]N8W@"&/Aa%>;C'U=eb,JJB.BD=d*:CY223O1[f-b0SJORW4-b,W*DR74:VA+(5KSVbbG,#".=[);?0CXb[$2B^Z_\;<Z
F9DB9/Q&*R&HIOfBfI*,c'LfP@&ST/4[G41`'K8c=WIHM;><?FXCY&f5eVT#J8JX$&MC&/UXWZ+QU2(7EJbCW%']'(ZX<OY2;LTY
)/P;Sb%AdW8U`4=XY9(TOANF1.XH7X!MB;&bW'eZ46^W6H=C6MO4`^A`82*6L3U4fb]2,*5[Y".?AB?Rf&')*8AO-KIe*?J6$-<1
W)dG]@1_F0\]F=OaSV*X>V'H`"&QfaVV591PGcKI9C=M,"`98`a$E[e6IAOT&EJCdX"J9U72^(NW>+5<Wb1%<52C,8&9b>NX8$G$
/2fM6!0`I)/R(F*[4Za'PEb\2Q;=Z?'$5HfTeJMPT>VD`PO1aR;_*!>6N4-LRSS?e3F#)\OD))TJVM441(fGX*FT\eW$;I)+76KE
_]!^K/T#$K[/%:R.K<X(40",'N/!./4?-.%9>QEf"T*QRe]+4\$G^\T29K;)%/`01JcXf_01(B4<5ZJ]f*L3>UEdZW^WdZ_Z@FL3
02GH9L`%KaHbd_?J;EN*AAc;[+W7OT2AE4aZfU*T;LH.aR;'cbKIA$$+*I8e3K:Zc;[;1/X%L%XW2`(2S6K3U>4Wa"e3"f^]X@AT
Z9H0eH1b?5N[7+@[4/d?\fR+P:J!-#`EH1]8U[6K@HFe=QS=&-/9,L<W$7f-`cQ/+/.&SbNV4>C2.!$(Tf:V45%9]1F8<;HX5K^5
L$K7(*78&B,HW9eC&SNKW*GQ(&O[DfJ)<,:HFAb=T+$['3IM<"_@H^IW8:%=>L`$7+__`V!)A%c'N!c[8>?%H7bWUC=e=`DFM:*-
H:?526-Ob5@*4^.N0#7]e11UdY4_JL)-\-I&LY:PI6^YY8%R,>D"/C77)/9R"8=>[$$RK9$%F\S4>ZO(;GCVbUGK2Q?K%QDR(C4/
"M<+K&0.G<VJS-!RFLb$@;7f.SW8D_MHB4^dQJA0\".H<*$;OW4`VFUG34\0Qd)^X!4T];R1;PVB]cR14$$5Y_'V[dXGa!Y=-[!M
9.EXaQFIK_-`"`V:?>fQ@2N)!ZN\7e)cV?,!Y@;`[^b;P6)WX893T([YJ?+=`4Y:Z%XAI[ABS$3_F`I4E.UHT"5>P<8a7&P6AO%R
C9;4E5]#c$G-caDV,=?R.V`#V3KR\[B(5R)RT9E>`VdSXX0f(5]0-dSC\!PA&7&TC08I/,&0KW33b)%:Q=['3PZ%"W&Dd2f'/e;C
VSX`('?5N7W'CM[9%LUE[+afB0Rf5(fV]#'+HGFD5H-5C@&`)[6C$3]K0;21VB1H2+P=S4XFD<"3?Yf<XI6``a6MD,;_<XEIA4?[
E(-ObBRW30>U1>KCf)!)4IIV9?-Y#bY+A?VU'2'CWD???%f:#'&]M!^1aL5E(,4KB[TM^."$bYJ+3.!E)fDNceL>R5HPKX.CN92J
+.66$.fHO2b2e;+(8E5R%Y^UfL#23%7J_S8M_a0IS&_S9),b&!#WE7@ZBDSQcHDD6%Wd0JCb70]VXfGeNPS-cbT^:VWfM<]LU]@<
RX`F00;W`"Y,(TPNN$+B'01<DEM\DN4$$>](="./CJ?.6KUfMRd$/N99^A>7_3JXZ'C_MY-^eEQSD9-=4Y[b692PfWB?RZ"DVNI7
:P8U7)3.W].)8N]V;3"abB3$2(L*THZ;:IH_%38bI$J$L&AdeT44WO&K7c4ILO2&'N34bBC*F6#4`FZ->'`-.G.5&%WGW6TJCB9K
7b4Z"W-EGaN+&P25a6>;=6/89?f)K+G+'OQ9,7O"]E&OQ`:X1+0[5#<.(8d`3N9Y.LYWS*;e;eb4?1*0D/9=GY7&/9>\N"$Z*\Aa
a8O=c^[d[E*0:=G?'c>P1GJ$SD#c#T(UMeaBKU%Q4>^Z)P7Y#1H5&&I1!-L9c,eFTHP-ZId(C!,Qaa78<DB%I?THSb@'0@M+$W`X
IY>&\6@M"Z6e&$"UcRQWG1";<0'K+fPJVE#$S-/cG26O.cDc=@/Y-^QR_0FN2FCCU84J#@;c;+>>&KJ&%+)=`-O<;c@fQ%cG7b%4
V3H;:6DR4H*(]b\O9<8NVXaZ@L@)[fU@&X`/De>H#eI=+dA4&d:N2U"H1+!ZW#>V./7Y02O#"a9(F)/572#.!)V'E(@DO64d^d9%
aEfU@SSI/F593]"A*>.M*e_W):(XF0JTHS!REFV-K]")d_5(`CC=1F#51eS$W%fP#MHSEZN2;^P_'J8)R5D1B)JH+Pb#T:!eEfXE
Z8V4N3>\Y@O@fb+K;4Q'Xd3RN)HeNVAbJ+5=F?J\]]GDYd@*cdLZ?5N`CfL`:4@?KBP(XNU!I=(C2!\AL#3?6INLa+?22e?^LL3U
PQdSHX]K1B^MU`1#I*Q&Y-I^["b3>=\Nf3(U/",`YE6bT=KCKS.63"(+8$Ic2%TD\_IIJR<;f,P)-?(<f:B>(;_'0I3-PJZZ`BC.
fCS#YH[638(Q5IXG8/F?R6(W/)L'[WP1U\DLQUVQ<%F&3+`"^S5CK3%>P,TD*Z%Q3`\eB1XX[KQNQF%,XOKc/O9:fWBK#4!)f[-W
$ECXISL0$H!'KI+#/VQCISHBd.7b!`GOb3"!UA)X3:Td#'K1P._*Y&+J5'.2GcKQ%U.0]S?e=<4(H^LU#0-W1QWE&&6c=FP5^L^f
YW^&1BPe)E_a\bNILf*I!_[W.-R78.9D`eT!^])XB4cAeQ-&5K&d2#P70/%5P6OP#G+1!b:/*;1a:O@NCS$1b8Z;[ZNGNPBL*7J/
PUaC3B[&fH$G!/J+9WH++&G52$]`^V#^.J93XD8\S5X`T-9T@4V5L($B9\JZ=OR,G6WSf<CEf[0[0`UJ:WLAW.1M/fU":5aG'QeG
%VKM7$_C_TT<^E_A>2[CQ+\>3fCMM:02Pb-R[FId!H=$R0[0:2];I?SDD%ZX,aXVP%NW-[%=!29!eUX)(V2GIR(BE^NSacO^QFZ_
:e]4NLL2.U/*B91KZ/!!(-F8B[d!FN(dPCB1V/"7P^36B#5W*%#9H[:F[$2*a1$363.A<X(GEE5;94"HKeee'`#fWKT$L"Y6G&-d
bB\/A*%HUC_&K2]U$bJ*U<89',J8Q>]U#,F,5*..#d?&0Z<\-b,`/20%eCE8d)+8GT5#"Z(S!BD@bKS8SEH`c9C'XH87:VEABa9<
$Q$#W"=;"!4H(JQa7'VAf8bSQJ<[PKOcCQ'V0KR_EO"CA:G"7X<a6@"VJ,-5\"/,PHb'&<(Q48D'J,%RH7G\<R8&2N%P2+<E)("0
Z!-1#Y=3O4`:_/LFZ<44]D:cXBK_f?44:P1Fa*f(b\2CZ2S_3O%VNf1M,S7*;T4/A<@Ec^$b#SIa/HR_e%)2K6VTZ.8Ad2\?fN@`
NJC#BR$N%085'20:$e=/\WE&(LS`O'4JI]1/>(d1;R1W#;dIL,]D<^M^JObS'<Ue\!F)IRETGH)KHMfUEH.5JWN$W1<c%=RM>6_#
16!6+LM@c])<X!M<5VK?]D6\<<-.Y@MQOP0%J/Z:6)/'WI@S`S:c*6'5AY#.4R10#:8F*Y&5M(/MY?+;4fH5M<GF>MU!!A=eV*Aa
\)5=_J17!XN,8;*S76D5'@_1=6T?I*XZUN[TGK="J)3:6Z!B=!SS>?,H?"]1d)FR/'-c:"7?IJ%JN(%@N:<;$c4PWY\PA>Z9DI,Q
E58]#?f6Rd7cbX#3$0bYZ;b1aOC-cH>aB#1<b&>=e7&[I4?)-IRQ7;G,AQ>!`%*#P/!Pe22QZ9^&;BR,TXe[.K@ZD/PV$52d(*>a
)ACKE_=MTXW5JNW,4>THY\U<_CXF<@,N#YTP8G3f]bJ0-*NP:0I-V!4!bAVND]U^KCf-]cQ;aL6V0%3_%L\MG><;C/O^VRNM-NP2
(5;*K+X?(+W!-GWDJ,%9Rc/XdHS94NOJc-7D^'2]c=aCUY;fF%Q.#6!R6()H?+3;501%@`KQKc2+8&"SY"@6=YG798;SC]VaS0&K
#CV0^KU">M=a-G7#>[FV)faZGV8KRR4&%8,dM$ON,fLPR:U8*I(R\O4`0C?3E8;2+Xb')C^ZLDd-Y/R:XGH$/ZG7JTaN2V!.W0=Y
'L34__SC4>/*9!_$4!.XK;E`Y-Q*-#P['7F>].Y%INV6.-"+$UVN8!/Y3VSC/VO^MB=+3fK7LU6%7O(GC5TXVEQ#6>fH8ZW0$J?V
IM2c"HEY)];,<`)LF3Q_Cd_Ge<DW:U6F10_Mc]JKPR&"0;U25*f.533@RXe9`\,.*65J`7AeEPTcC8d<RP+CB6XEZ\(dVRVN=[G)
P/NGBZ8:I%F#@S;B&KTG.aT-'4EEfXH^,WY8<YJV:f$[5F@^4EF_[YMR*@BSUX^(JIK;'$%U))SM;?.bd_2<fH/1\@N7BFT;WTeD
@f&e2#HL[-.M#d"[W@4_2%<$T69J["dT0;$b[D.0I,=Kc#WS';7b%[W!=K:eV*0[PA8Q8T\Z(QNSNcPM(:[==UO*OScAD&A#3^]3
*Q4Q&R2M51@P*Q&-Y<$';)YQ6!@/-D9Ef\[VP#`610>29Y-P43-7'.A*eB2)2e_?<6%D,\=#F\AcDQ$>.612`XMJNd63>$bN@(9-
XKc,*)^BK<E;bWL+>fdQ+S2H^)4ANL5KO`)-dJQ)0!3*1^IFfETFeC+X&M\/2<&f^^"LY-*D9_%J`),ACG'JQ_A'N%+SRJ063E7[
`(5O[;8W_"^:<d_="37J:aJ7\7%(8:GCR`Y?P4Y.^I,0!CCb\X'F'Q[DKX="$%&Z4BNP)fOcL4W"2E5"25W*A6H@S,_e:/<NOM1+
4\PfVQ*^MbXeF2RF^QVPf?8T/;(&"@Y&OYUC'_(^G-=Xd!(-8H.&U.^U>-(7e6RG\P/&:KQH1^NTL5&G\Q_-AZ%5SaH`83U-K.00
]]\-?OdF@?e%]XAYNN36-5b#YL,]\\U'QM=;/GZ_87ZIG>AF^'#>&)O;f[:?&5]XB^bfKAZ+2d*E.7R],N&ZRCU_X6ZN:Ja$C_PG
K<;G$.]VXRCbc$7[VM),["U8@W=c>&YCQdS\[_R)FW;)B5;O#H\e^f(E=,;<IU.$[TG#@c0-SP66&>:K)C[!X)OO-"JQBJRCa3U,
.@)V.::S6e'JA-:1;'I'U28E3#X+5-:P-RN@!dH>N\6O`"^_]#!Q#D+^A2B=:a%1U=$EW@.P]J,e[f#UZN&9MFM"RE`?VaR:6OEb
KS<c2AJW,+4R7]GJZ4GI#@*e"3+fO]S*#@$22Ncda"+2O?KML'8fZR2=&X=Q-;#J.a`V"$*c51[A1D8[3J%[*[H&DC<;Y3NVdUPV
cL%)1`S6*[<\#cC:4WeaECH-9_".V^MD1&9`<2LGP2[IAc0Kec(['+VA3_'R8C`JO.VYJ2FB`M\3f-&/Q(4I7WbR7_)P2[7WV)&(
$X:T8*E3A&4`[788W0%QfBc#-PN$WTFI9%)\'_BAZS/2db7[5I/(4"G6@Mc1;(5HVW.49?TcR:WfKV=4A?;cG5"2)FL6Q$e0[1*#
";2Q;R>S6_:f8"68/c^_C&//%G@c5._c&?XFY)+Y0Z]K7CCI]4%'9bVXZaf]A&&%$Ra9:0![H^M2^Rc+7JRdA4QFf,7SMK'Y=*W]
#1UAfPC(:5Md;PL33N5MCGGX$78Q,ad%V\DK$Q+Jf3SWE$f.'?CEcSR,4^V]!?Pb\`I28U\)bP:TX42`#eSc(%JONEZb+*G+))Hc
/e!B^LV\(bO'WG]>U1/Z]&c#Yc,<86K3QHB)X$O]XEUDO]33_(4acBf1Q>MDW3@K.X+&Q7J>*<]9Y":&5,Q3fXfJMBG/eO9N?GYG
c=e;.7]GHVKD\]C'VQ>8I7FJV7%#<]V15D>cO5<K!ZYSR$c!\fC.$G56Lf,8[OW;^J+?O@fWIUK00+E_JP&0-5Zb+)V.'OR#OS\K
7Y_5<EB[VB[WHL=MXdN9R7[eN@\UJAW8$:)E*A'"O<VHeeES0WDfe#3Z%R6!R$DM:>,DfA#7E$BH_\5I=JK(BPOfM.&a9aI-/W/I
2;^U$fC*4.N_]FVf\;@cB`[O7:e0R?N-[3T>MF9<d*`JA[CSRD7O^]$=;V$>Y/W6[eR1S,P;>d_c&JM&BF9bI<Ub.F>NVC0dS?*L
`FF56(-?F2GH.WT`.H>%d<#F49_R)B`4SOO;YYP\.K7#Q;K4R1YNc*T5#Td@^+JNNAM@6%O=aTf-$L:CURZT-RT]DOed(F]J<*2_
C^<3Q/2c0^!4dT<d-8I'JTLCCGaN1>/P]cFQ?%);G>aFWYSdC\fI(?P4aaPO;aF6%`Aaf1D&HfH_>Od>/))B=0fOBV1O5YY5WE+/
Z0=9[:aA*3U2eGBD4Z;XK&+Q].RFYE49Y$7H65)K^,"8B`Q,G@;<b?KU<,PG+(89,c,S!)/[PeQ>:.Y%*MJ_-_fD)G'=<_FG$b]b
@e_[(X2K9Ne1de9-+%OfL@898[N2&O`L%RJ#8_;S5NQ&@=R=L4/QF^@G/0FJ4Nb3Ld>fXdMfC_RdJR#>fWXBD)-CR'Rc@J9c)eU_
6fT.%$fCTe%T)\HH\+_b"7>A)UX0^N+V@&L.R4H<>0U+3Zf-',*`;;NXQ)_*!7FOa,ST+VCa35(1#bW/FZ(8#Y%RGX<VcWOE5\@=
C3-_(_5>+cDU\NB%UV6^Z5#8>1;ZDA!?^']'=OBM.$'Y'JIF8f2:_aGA'F4P(_$WCJ\Gf]&a)8(`J%%TUKS@"a6"R;3%^4c,.6O9
dXB4Q'2NPJG=#6-89%7V26>+dDPfbNT!(OTDFX&Z)d:H[3<SI4>X=$+L<f>K1<<XF&SVE(*W[%K\ZE')L0Ub@B@HP&a.0a$#?FJ"
d5&ZA=%":B)\%69ILS>BP#<'156(EJ2X*=-2RMN73<CNB004]('X:::<-&[Z9FI6d6]JEO[cPVfId*SIMeE3)%LN*;SW;@CBQ@UZ
C:R7$)LGP^JbI9,QFMR[:fb@XJ)(H0-.!Jb)Y5b#?eI,#)+ET$,])-O@1)9]_f=[1^R96`"<3TPG(dK6^$d=&6.+'.EJ3`GGBCU!
.V'aHTE6[Q"5'dIc!-:-`LXa9&0G?DTIG-64IBTEc*d"O4YFU9bMe+C!a@0W!8\_LVOe;&SJ7Te&#Y4AO+!f2;'&[a9=D\B?^?eV
S<"6@%GZ!]^8Y7J.A6-U;1MCaN*)^O?<`'?.<faQGKG>"YUN2`=WP%MVS='>')I<[caa/;BJ><?[ITF33DVeICQ<4N!e`f`1D_^+
GMS9CR*D%TT>RIV&,U0K:$[Q@%$T:Q-H4Z-0[@?6G9R)02Q?c-5d\Nec/!<<JSM8b!;@B23?afaZX%NQV7KMJ9a*F:UBB@`$U-P(
cKGC]44XLa49LO54;R(RL"F8^:=R'C(S@d/?O?\Ec[d#_+&W]>cJf0U"G(?1\UGHH3#<SfOQ\UPQ?6!;OS)X/ZCSTA<Y3(I.O&@:
X[8449(Q["/f)-K:IZLCKT/CeSKL99#0EA7V]536d1Z[*R(f^8!(1Yfd^V/.'E`\^=Q=N>Z8We[EA-WODH>?6dQ%TY+[6)1OXdR@
O!cXJe2:A]:aFEY<;5J,?4Ra%D%)SecZ*e/LGC(`XfKGdP<$Q5.U;&O28=U`U++)HD/FB6XW[b'"\S;/(Oe+B8-IL>MSGHS!FIWf
!A1U_$<7^QN9G*D]L-W&'AU<H858'ULFE=UG+79\6NO"X=!\LSM9(=9!!_%F6#K',$Ce5T-&c](&2L;MDa+Tf]:LQT4V,Z9HCee6
Of7*C`Z<&^O"R3Y98Kd/!``=KF(P#<[+$H,+R[/ZYKZ0/`>-d.<bAOX/b]8!*bSD+*NCG&X(<;fZTc8*B7N0<SN%.SUGN#5CbK[;
%XR>>"%J!CPZXJ@cfBW3^%>U3P,4]O^c9EB68_Z"aG)1R^2O40IAR;$1?D]*3Hbf'AUA-acTHOO$`P@AIc(EE#^b>M+*!]L6X0*c
!>1A59?0H!ee$MCR!$!&;!Hb2!8X?*9*e5C<0ECW-6.+&X\OZL;d#=)HL@<>8UPTV;5dDfSJY<F9^]eIf&)!KU(H?;]0JfLLNBb4
!0#6X117KI9[<U;7IH[cX`V!/%&NeXJMX(Z+S?F,O5W2=CG>Q?d3`X-+\K<c6%Y+`!)NZ)P)5D8-_SM#ce>G^+Fe*=C%Y.ITU"/Z
K6\,I&4;!<\fCfG7P6IE%@*WSc6a"L!S+e$D5]!FRK/T"-])]4P;I_X!UO.8d)A^NV>f('%Xd?7PX_TFQ]P`DG-`f#=a/aO+6)2/
V&@__G*c:+'KDIOG,'G)^a7X6)-3$_[Ec<=&Fd[$1X)TV)@1GN!(F#Q]ST7I_3'^E6aOf)P6d'60DXJO*F-eD'B>O-W2`&LLHNR*
RE)eSD9UC0=b"^,fc@9QWL`TCR\JA9+V/-Pae7()<M$N)2RQG_'8bfO5(K`M/3(K<D]9Pb(*a9^UD%R%%VP(cV33*)C!`6)+P1G%
CL5CH5`:c!A,ZS+O_@AA3LFa][b@,a_0J451YTX^:G#UIHR7MR,,?bCB2Ad7>4b0\b'*5$c'MXH49Z,60Z`&&,P&bXC%1:B]">('
V37F(<B9%_J+Q]553=%34`;cQc?K6.U`'M_L>DCaUY]3VVN"F.JEO\!C"Lc?S^B:*W;\LV?%]`+FeM,-.e@P!PH\\K_>GD2@Dc7%
"MO',>F<PL6XSGJOLJSL(b)Xb1E<#P-/5-^,W`/BNK?XX!e`9K#YQG#T#Ie`G,SeW(NNC>%Q"C>(Gc67@bSV?D1de-LL1$$OUQ/D
*^6P)RYM)D,aK-%!A87*HTGQ@2cXI0e8#V+;7bOZV,M([S@]O&DR1(B+R'_"%)L+4.?3AD*c4Qb,>YU^!L#3W:c_4[;;[08:(Od(
@cI5R0$BCUDH0\H'Y9GA;Y8$Na9P2O_-=RV&1T(TD&MQZEa>WeTPO/(=1`I(ZO;BF<A>>US%J7a]JWU$d862!cGBT9\f>E6R]H#-
,"LdR9Z:FX>>G\`aPVc>O>IK?78CHdP%da"#5#+@T&>e!TQ.^1$0_\,<-*:XE6J13fLCQJOfU;a'"D(/P.a?FFVPC,'?$=H7`V]I
-BHF01TPaK%C"/1Y([c\GM28)5-/!'&'>*6XI6]]]c7,H2&)$R4111UI;2eV8>=N?;ZG1K)'@;6NR+eH\0?5WC,&M9RR=.H%$E)?
%Ae8Y)eI6'<1$"d"$Q3!9BZ^?P$]1&O@Gf@=)b!S2B"?c6O@116*.IeaR83&8=cL"_5J_.)543E%cc2W!YWc<'IJ0"\!N?\1a$G0
A'48<c?eK1SId@-\1,95[L`**IM9U+M5*[PV,-:L0@b.fW.^TE(_&`\c$Q]&#%83McWG0XOH>fPU-1\$,SaZA[)=8T^R><9=WHEP
dO<UH+M66DafD)6QTH-A\C^V1S@/V0HR_4S+5D?,CFe7S'9K+LN]F-V3Y'V5C<#N/VQ]/S"OT8&^)@*Pc!QM'$6Wc5E>A^023V61
cH^0^]%\`Q)RP)AUEO5J0X_O9dRR/0!L>IdMUCA#>;:YWbY4/!0+#+>(R0BQ84SHL]e^0TaKYM=N1J?E=T6('K>-`c7](Gc'`QVP
3M_YY,0I=$I>8-=Me>cE_BM[fZP&PQ4_JN[A.,10VHQYD-WN^'3W$G1Id#N30*M+ZH-DaH.L?B<?KY,D1.\\S*O%PV[N9[;_K=b/
G2MdMGN2EWPWc54I58%W%"3"1!5A#-?GZ$.[L<+^*!V?31=G=@-#BG.c;.J:J;[9^";\YUF,$%NDO`e:B<FJNIZ6?%GV>/2&aC@'
B'_RBH=d*V022_R:0RVVJDcI,O)Q`B$K_FDUb)>!dG3[RG6LY(c*14f4T-X<G/0'/.^]LZ[=9f+Y\Ma@!:V#U$<^JWB($YX0R=5K
_`BQWQNQSB6N%EH1L/-"]D/-U^*LMda.<aY[YLJ(4/WH_/6$&&JZ#**4R7&RDC$CC6I`>S$S"T3VUGbL7!)!='4W9+?UTA+.6<X*
>`\Da?#)`0;"&3O9aS!7:*RUI<XM!'\,EC&NL/6?RQVVLAH#G+54&;fW:0c637G8[Hd2e9Z4`QB&"#C4'W".+B^)82-&J+f#CAUX
-'cf2\Q`/7D[Z>@HVU^V!#-113P:P@eUf;"X8VM<7[U=Y4$UL$2@>=9V$`VKJGY$Xfc77.XVB]*+H*>]-:HUV[`'b:6!bDC!L/";
)!fA4$]:dZfIc!T>B0f2$c#Z8;5`^Z0cY$4=#>Q>^62JL''T27R=R+RBQ?@A'::9XEW_,I]N0+;d@WR:U/2%_I;W)Id%27]>?)[5
[<B\MO<@L@CE3RJOf#.):Yc6X*I@A!7)WW*YIAGAKPR-c"[ID^c(\A&2Q'f&JO43/TG;^(2^TESdP*G:)._&D/.Cd=B\R<EP"EWb
b\bNB4C4S]af7+`.^[Dc==O6*3!9/IMYP1+'2X]MJ&O5>MS)_GF^H;LG*1Z%EfM*GQ`RGC5M%"+_GE?Z)a:?>8>U8.\&3_X9>_G1
X=S__U,a%S@R9T='=9<!YL);>&3F?B.*b*`R>ISJJ!R&Ma1^K26C_K3HYY:A_&M'=;Hd[EOW?PJJ;(\<R7[@&/B)+-dTW>*&"3U^
8aQ/%*JdRY.D`P`6XKDfN1(?M9$0IVB&%Y;K5*9B4X%:_U(TcZB2AeK.(4RCFJF!>Z%Q-Wb3BNR]VL7Q3=ce#J-RINHX[aB!Z&J'
*+.@UB=V[3(?>P6GZ>)0Z&C)R4\5<%aYH>,-V97>$?J[M1;/)\`]*/0VZ7T;H%?3M_!67&VS'.OT0G#OW<!Q5#dBG[>[]$@CXK,E
]RF![F*#)[Z:aZbU`NH@190Ec,']V>K#I<FXKfbQ2,!YN3BG1HD?'AWO%T@OV/+6T)5H$X(]aP]"ILJa]O;X8+&"=+fNLOQ/,XHc
_fEN^c=&2/S9]#c$3@BU7HVFMA`?W_+$J`W:\OIJ`\FD9D3&BS@Ne"I&:4:`V7V]DfA>LZ(4$bVc5M[L[Q)Q)=b/A#dAVA^--NA'
dA@&(YO-)2N%3212*'M/)?=L_F275G7(`f5^@.G>Td;-[Q`3J=\>:@X#H7Ea-L#2$@,+`"HXZ.C)QU32S".D;4/8R0,=5^-@<USd
2!,5!8[c0e<GR*2OZ.*INU)EW*\U\6cCY=7'<.0C[a4KN(-WO2LI#_"*XaUI:F!OS"cL>1!4aJ/>)E&O%@C&Z&6UI13T>I<)@]27
E4[=cIB,aS`LS$HRJa52f3SXe;\%fH(Q85`.[55V,ad"IVB2*V:*']/^XLc'@K68GHQ_'Re-B7a]>.$f)7#a0M/1?_SNe=:P=/.<
,0U7`POL8@TP`;:D-.8]FZ2R02U%bY,[A<>I7>[fG;-H*f-A@V&0'6QF.Rb3A)I!*YCY"eX*Gf-f9ZVd?3a/b&;R]MV96]0I:PNX
BG'dUZ*KUA+R6A9=]H=&!Q=('b#N175:1TZQR^UN]fPb%\/c-bb$R5SF:1+EC@8d&;$f:'.NHfG$+3Q7!4(_[E7TFaU'F/cZ9>_T
,*.C*c/&4NcWHQ9@B?">@9`HH-a&+KME><.aNa&S+[!e_;>#'I/ZGD]d&;1&+8JK/OYJ%=cJ6f9IJJPH%KQA?'e&Ua]GK%#c\Y#E
9AZK,_O/8'2%DD]D#4A^F^`b2R^aLJD(\TV%UJZ"8*LeF&??.dED%90FOJc<M]R%B;4J27&VFVM!b(&(E28F6d6]fdcN!(c_4=Y0
^DTY(77'\6Od9K'J@I(/e[XOXOQ]FD=IAaQ/RVKXC:]*PT]:#KMI^^,0EE36]BIM_VT9\Rc\b2XAI!ENN''7;d"[_a62=PUeJ/Re
TB.J#2L/,9,(+`0EQ&_0G7[7.H.Z=V;e8M$!d5VHWS1bU/1/.\$fRI6I>\MR>VaKUF4_C'-e#K!$&.BQeE^;YeO@cKG]B1GLK&U8
S^9T*0*f,$J[(,__AEa*IA:#VXKHGdXQSR"3E##$f?^SJQ]FC0AA,2?'_dad?Id1#4W'M/c9)Q821D%ALe0VW<.UefFcc%f-5Q.a
R/=`-V)8ZU3'L.#,"*9>#F5'S!$&TT^OF!A9X<:2L4<7_O94>O(KS"8HMB8Je>2KV7PX1S9KV;^><&"]OZS3=?26A_%:bL1I7`Db
L-$F0YD9;%<P0DcTH(#D1:,b4Y03U6Y9TA4>4J6JF&D-P5X\)-TK"^eZaJAXM?>9+5RTI`FN]D(*,)XX?%7eJ3M;3"f(>R*T>1.f
I0Z8S=(H=J%O@Dd?@eD1\(EGU3_B@%T11`\GKM!([$f'[%T;OOMBaX89FIfS5G(L^5PCVCc(Q5Ha!\cNN&"6C+O`-]*0C#&a+$a7
8*S-7=ZA\/9BP]\;JON5"LUa0:-K&e(8-\09BW_.%cBGXeR@1-:XB)&P><HLZ60RE"c:,R?<aX3N,V0!Z&+J`!_Q%7D4$^+e#$74
'B%G!*01_I#SPfPJ^E:;\TJWP(-&""Y+>-4SCdK,G_f2#K5<!^8ULEF`AeLFY"]6N;&&/f<TdS,Y>C(XIC^QI-bbIV71fGG$TJfZ
BbPC6"GT6LB87KTaS$-f^G^5#8\OCOA)&[9NU`e6b"U4FHYKJ?=JaXAF,!2KCF,-91;G&8UFT:`65_=@ScV#1)d!RV86e:80@C%&
0A<),.;@.3bcFU^09<2N+f0.>=!>X0-P<+SBG]_^-NMO'PE-\$ID@*>UQA69;*YSG%YGe[,d9W,&a0U?O?(05E!JGX!!bc_`R%0<
]O=\>`,bMOf6[DOCFL"0TfZA<GBIX2%<'62[EbS>#*KP0ZEC&fI5?IfUQf#Q(X0=DI07Q+,TY$Sc>*.Y4F#@Q&EVU*@5ZA!CE^Z=
Vb1RRf9]F_@]$(G>Q/;`(NLIYND(F-Me;Pce4%:Gc$!b7]<Lad`J\X=P1+YJ&G8a>=?H63M_R(V-[a=4OJRT9H"NQ$)T!`aMOOSV
E1;?e`1LV8J'P]KAWUMC*#5O:B`EC>DAI6K4OPT']W>T%,^(d(EWJ@Pca](%*X88O1II9Wb32&d6`]?J+PA-WaY3ZH;J?95L6f+2
^ccE]f2OM"*@K@.A5`Z_e(*@+HJ^!Le@fZTc]4bTF/94'dd.\-:R(XX3I,&*[WY(/#B+<O0fND.P+f!;c0KRe'dYc]O+W'MB[,;F
?R'*c5`1Y<,[N@PFC!L9%bQ;(@#c$!92.O56/'.Ob=R(]"-FA5Y['[R\0OA24/^MJOI"JQK/"(SX/P^V[DAH=e'/1PS9-9:cHJUJ
X)TR4ZTU:APc.RI.I!#L[A+[RI(c*?D[;=!0ESe0f=+-/I5_>2@@?D1Y1`aUXR0Zd#8_5-9?B"VP?!1,P^J#b.^f@*;!L56d/F0(
_R_-P;SFbA7DF"6OCW&0*?Z_*!U0FMBLe7NH;TP2NJc@.=$Q<$Ne<J$Lf-_<3^D.E,)#c?A[+K/DGFLGE5Z@`@d3[.Y\;WN>%OJT
*8'<M#']`+3CC?-\>Z[X0=Q%584)W91GX9///HaJ(RL_a&?]EXf6e,T[f,MYF8ed4E0*8W^AIW'E(f_0L6XD4O[&?2<MEA+]G&Z"
8AU?7F*"F(G'3aXSS'M#5:88,/@`JJ>[TQED.=MD0e=M?!\'/QN0;U%B[b3#ZYaJ8*?:43`0(@Vb\cXW;G'SK:PJ2?()eZH=YfP^
95>K'W>e;+[b*<fa1'E8c><U>'$M+?)2P%Mfb-X\3`bDP7-HH@O)d/FI1H#G*>a%U1[*N@^a2$-`aDW(]E]2J+e/#a&ZVYd0-5MI
`KEF^''C=/67JMR#W/1EL&0\3H4#4W%2PVfT@LAOa]?(?Y2AdVVV!!&,>6<J@dV7ec^W]>844#8IT0TCX%R42F@C2*bXJFI4N[Z(
<61bX0MHCEcfFfGD"*D.Q@]F^#BT2'.$=La_5^@d6CFI5&075.eD6I`+Tc'<NOF_O>0M>QVbL.HNW[Tf"P[4D3$T6SSSUb#6(Sa;
JBY)IW\'*C:+a3LC4BL%K4dJaRFAAD$"MZM++!EKYA.8UT#PX1ME<c"ANFIf;@Y$Q91=UXMW_2:W]*WM4W$_>e5:MQ`R.\E'^R5[
U%S5a1/aU\=.\LS83J'=Tc8Z#XB!KQ'BQ.d"^->9E/JWF]%[00Yd0\U8V&_H-@U0V+EEIBNDDf<G('=[AHU*=@\6:ED-D1W[A^'a
K)/74?a4SN"UEbX53O4[BH>G(UCD<MOP"9>^^%=-+N*.$$/O2d]10+(d$'HQ1QOMS26DRIF]aAaU]>NfBEf>FP2%`'9G9OW7TDDc
MdM?GQ[7),b*_\L?"892BeP8,UF!dJ;L/2[^0-47cR[d@e.!%5\%U7Y@INO<7C[d:(X<;NW'RWOc\-(Oe1fZ1]QG*FJ'F:/2]5+&
-)%;X(JF83$*0BX!77B<9H!dOSH\GA0QTGWT$7V3`M\6"RE"5H$U`#L?d&dR61Z2/Nc=:`"&)f]K*!-FG]e'a84f`DbH=FcOE"H#
ZH123*:^K4,a'<]`+Y1[a4d"W_4/Z#/>@.CacO*eV>Z&'=S:.OHY%V3Kbe.S2%#')'Wb'BG<,`.)-@(IUG;*e\-BN]]>:0U-_D%^
&K,C[;+\GFCA?#!f,<2`dENed50*:eYdOW0?dX'bD8="*SSa_#\TZO.]L#)_4@_PAcNF@8SULI:TI/W6K1^2RIH9fBJXJ;5e!E$d
VW,%Wa+MBBObW,a\b"U#*@?(<8K3MCH-Q3:+*K.7T#*1"KfZMY94J:_(!c]:L53PLDB;11EV@A(LV7O6ZT^f?a\%_IW=%H$:%Q%L
,O9)SY`C4UH/865VZ8fM[G264fc;-cVKNH6-C9b^ZP_c[D_dbCUR%c1KTP*)Zb&Y\'!/?[KfJU)5QMN'Pf($?D%,H4+/,/aSE\Z=
@7WJI&OF@B2%XG-cbQ9[c99_5d"PR)D;a66c@5ZZ\LOI])>d3WDX[4]b\3\X\(]-V&RP1L:`T](DSEfCT+EK&+S_C`UA*'P+QNF,
>fK'CUAI5e`FS'%&e]RZ&NU[YHOO^eXQO1)db&TX(RYTW8d[P+F)"Q7385:J56&M.<\A5UQAZ2*)E^<M?)fA(@7LZb][f>a&Y[7c
\'K"e,$XA6G7D4'"YT9N5Q:MSQY6^4BJANB`*(DJ\C7`2VE"X[\&T+08d#SL[%S*V,H3INKb$7\B3]]6`f<0?-$8-\E_I5Z2EQ+%
TR175aWY:-9F"CG'?[&JAG$T;:<&EEW%0!XHIHV-NAOfVV5G<PU)*7P[?=WE;)P$<9.[Ce/KANT!](*_]YSQQ&::)0_^1,4_#=?6
;\bS:^5-Se`[;BY):c->b;;+AVO0=UIE,(&FNF_'JB_J:@]M*74FI7R1_3FPF<25f1;82[0KFG]?cJ'&$LVA4&IR_2..C3<D,\\W
BH%(%2Hd1\Fe[P?]bf#a01"1_A/8V04':Y2AB#E<bN_PA0Z"[=HJ)5.eC;DBN0TIfI?(1I:-\]]9,2"1[1=LU"P6R(IL-XZeK,'`
*I>E\VbJecLOJ7)<IT@_.P`2NUfaJ0UDKE5(J^b)I"4<)/0dZTWL(2>36a6UVQ0M6eN2IC](GC?.R6Z?A^3cAD"4"b2;2$Y@$A!(
WCYa/@0<A'B0F->`G^ET0;27XZM/D"=NbbMN5b4Q'<CYN'%)\46%J,9M&O]A`+R=_P:*@Y:LA8$?O(d67:F!AS+']0adfFD;C`U8
*WZ>WWY8f_=Lb5;0GH6--<]O++.$-<17\Q+bQ`L<R%U\)"%)+-).1IRR1@^E'F2'JBA8&4=BJ&@`$[MD^W'5&$=U451\::IB1f<E
HeH#[JWX)"`]5K>B5\\HL!Z1$S;4cK=Q\*bZ`*E9=X<V/%`@Qb`TJ`f2>Z,.G3_QQ3e)DO#=J#].G9T]2e:57dF`LF+RZQ+/[U5K
P,aL41.D^O5)<T"TR]#D;4>SK+.)4\E`4_c`+;I^XU(A.H/KW[:9'c;d<1Q8T,1dGeeK+M9\+95\KDHB%0+Ba4c`:2D[?++(E,1\
KBTM&Q1eMLIIKdDb.S50AfY"R^?Y1J!E^LXA.,*).D+BB(?2\'VL9AJ6dY2S[X5X)^Rf<^_Q[-Z)AA?IGaSL6,4e@B]1EQH#_KD)
6)1#Z#"EX%"88^E$T)#D-_&e3*Z^XfTW&:$_P,/1a`Z5:^K,_*HJ'\=DN"#2/_N;@1I4^Ce#O"Pc-601BCX2UL2:C6;&38_\=!7%
X[a%X1RMaSB-!]EW!=2`+J)$4+&5#NNbLfJFM)JFfKS_X&3U-Z])3:^`Q8D&:P9FNS4LVKfY)ET2LD1=>PB.C1W:EJKf:R+V[f*L
/V/O&=?V8["6%DZ,<SLe+H[@`,*IZ/H44SRFIU3(HO`2Hd_<b<UfQ#7JWXP,7;3Ye)FGF@1>LG2:bG/32;^$HI@W_W!IEa[A-2$Q
>6F;eM)U=+Ye5"e.`FF.KBE62.=VN<8_d^1R(8J^R\\D:\U)$VDeOP%O2ZN>e33/FN'=<N\eVQVK`_J7K(TM8]=S!.V^6JN:NT]*
:L)D]"><ba5I008@F!!9IO"B-2\I(;-<Wb24748RI.,T]TTd%\_d)H^Y-`Qb5&N%9R7NIU19=L5:8$,=F24AH&M2I">Xe?76[_'J
+Q8ZHa$9Za471!*%N9Z8^`;L>M)&fV*%L2Q1N^',G0*P4,f=#7H,Fb<b*fJEA3<C,6:`@0(4F&2b<9R?>\'UW."]DKeN-D]0&!GE
Pf"e?=Je!"VKI0ZO8a*1\T%-&0+,&JZEcQ21Zf]"6c@!;eGb^B>6GGYR4Y"A#EP!\+*V5NO3Y(-R,9T+,KWdK=d=/Ed[($G7]dV1
;H7+HDU[SVF7W_fNZ9-P!V]7(MS8-b&PMSQI0JG.PQSBTffA_O#P&3N\cL*PQ9$K?8$..EKP91R,TQ0YLF.1#a9AeF+KJ3)S/J\>
*TCO3?2a[SBT5%a!UHK(9+NI*7;A(3TDc<TJee:W(^eHS<5)B5J(]'`6`Ld&HBI^>c:*+O?(G[0G'U$LU'L@B2JL(IT2<&D/T4S^
V?KMHXa)H7;5AA@3:OY"#)L<53@T<5Pc_\"EF*/aZ)-c7VT']F_#PP3L6cKN\Qc`+ACF8`]$(_8`[KP=D@C26(Va+L=cDN$'O3(R
67MEH2MJSNX[BNJ[Ka[U`G>..HJC\DX&6@H>)U0bW<0=H_"P85I+VfVDe-fMb#J&85YaA4,;`b\V2)(SR>Y?Y<N?:A`?B*eI_HeJ
Q/0X8X53a[C[9,@a4Vb'*M,]>D\=bc?Dc';.^DA]fZE%"6)_"'&%,9\Z:-UO6H^PB4=8VX#D`dWcdF.2Lf,\I-W%0"dC%%aA,H2F
VVc^,L^R3=(H.J5I`];O+[$d3W*G.SDLM4;.UTI=aG7U1>$9YI(E$e&8X\YHL;BW\`"88L=8:+f'$>R);5483@+'A8.QV1LS@L2J
bb[;&=E-_41NX=_[`=c!K;ZY:&"_?Ya#:<OUQ8)"N)Z=D098%Z.X7[S:Z'-S`'O>2A`Z<#S.<L`1?JE>9;B!:\Y,X,_bWS\`?O_3
9e@'<_QS50=Qe2A`fb3-&a_D*YP3Zd0P033@%f7]NfA-](%/M[])@A0N`Sa:a\[D'cQGH)CdTB.6;V-&?-2:_`EC:+8>'\/11R\$
07a1V)Y&CKYa]WLI-!YNNG_!(B4Q$+d]')Id)%)*)K\D-4E+1(RD'.+KZ:7NJCM"99SdG&`.D)2L<9*Q.#)07:BXe-dcQOI9ZC-9
/U;+SNbAW</e[B^!;/SY4QR_![FV31`938R<+C`,cAC<NUa2WW2Af,A#"&_K$/-@K%81cfPTB=7.L0S"[?e`La%=]4'A^%e3K`)`
KKOdNbHYXTR%%_(H"!X5JCQY*aG)(/A16CJ;/Zba`7Q/<__(0\J$dNNb<"/"U(>.L=AaD1YN><?,X#VUf>^.T'_]T!1UK#a$1WJb
1^8:."ES5Xa:8L>_a1bHM":YVb#B,=QDN-UZ-\Y6JKfJD2*La$+G7]\>Yf2ZMV^M+$M'a=B7_U$fc0\7*8LcQ#f7EO(*"TP/EF/M
B7)U?P0='d!\1R%\8U5E2+99LZ1OHVe[!b//OWZ4@?B_WT2>/a9#MW:fXbJZ`42,80H`L[@aYe(PF:S97460aXd`+?#VCZb(1G4J
4=`S23O3Y=Q-LA6%D;6L0`f-^,D4DYa<#9HcCERVB%4Q]X'4-/fL6&+3ED0c&;?H*M%KX'C4R`_78OVC3,YXb_+a)>P7F(`bCA)2
5e%2*!1MD$"W(DL<3_V-IY+e5be7<2`McII*=)*cJ-;A`[Je(^F7>fKXb>4&e@G)KR_27JK"+1=*P$O.66-QX.GAS<^QF5''<JZN
*=EIcTPMW&(29Ic:AIb)fFS^d!N+!?]5AcC,75GD^GOTb9LGc!3(@%=\#)$+&!LF$aR%R#4E^JNf(=`Lc+cf&2!.Rf4`@_'UCCDV
T#WFP-TX4_C4>[54_ZaLR[K>MC,e1`4)RZ259>aO33M>/-c\S%9N4A7ZES4bKI_-R\(=f(\-fNe"O8;'#_`S@d0U2#E!YPU./aVU
`7OHe7^!-V(9@X?[]Rb^96[B0LV^1]/-+e:%JM(CZ":VG2Y*NAe#R9\"[$8/!=&-P.N9?2H*#Q80L%44B#"Q`9/4S]CZ*PQ2SISI
=fE:1)AJ:N1.KcAKEOAYDe\1?^Hb0H*J@YQ5V,a07NR]V+!NJb)$)$NWQ,dR/M"ZZ+A2O-ae"]>d4cddL0[@<4U\X26DA;(!EPc[
OY!)Z6:=%fA58NE'(Ude"f?V\-*8EWfG0NB$*'c!JQV7+;VVF:^'0RMXP*/UZ"4AQVPI<ZEG@:QZ%/XLGA0RUW\>V7c445Z4>26;
!Ja_&*69J9FBCR0P*MGE<CEX&LcW.5@LWW4+faP>SKS+cHa=O5:LNdS4J"A,05&b#;UHJ6K2R-&TO1]B3'<S2$C!O'1cE[Y`V\F1
A/Hb2146@,YJ$5\DHC.>7>5GWE:WZ%U3-TQ/P=Q^M;*J@"T\R`78f$0'+`d4<(5%QfO81(YX_:_:&#_cCH_d;,9\T\R=0XaN6&+d
='eFR3b]bO!aOOUC@U@:?O3+bMaXT`9!#'b;c.[#"K?CFJQb28A=EeWU77&b_eUeH6`-SfI@P:K,b,PY<#O]?K>;G[5%"PY8-_A%
f\7b&?OZFY2*'&:N<^Z[F+..[Xd`^U,?*MU^,/"U7>"fdDHC32=)?N@;*"_]D`NA13dX5(6%JVV'[&f^;7`aYI!4P:b'*V,(#W2;
=2F'.da'I,a=Z2*(*+J<CH)7Kc&><I!RQDL-R`!',2QX\,OOfbE*/(d'&(0#+B,-'2-B_8",&9^=H!`.$1DN]1]I`J]Q=Pe2\S8B
APB/-M(`&X,!/c)/WSV(Tc]^W4/LWW660ST>[#THdVC`5(R_3)'X:ZZACT1Z&OQ1Z()H9-O6K=K,)BI'd5[&09SG[DMc9$Md6SK-
K)]?JQ6C4H<G1;X5;Y"Q_C[,V#[d['fC,-7-_5^/T4)!ID<+(0c9^`:FLc35]P.b,`4T)1:"S8f-?A;5;;Q>H3bUAeZI\+#9`B'6
'FI+*<dYW`(IM-1@44?-bd$]KV[09S>S,T2<]P2Ya_DUOC/b*cO[$B%DEZ(?)\@NY"-fKA+7G`QfR:ZdFD@IZ:Q+Q^WaM=A];`Q\
(?KL$AI`L,ZI5&#)L"@&@O3E:RJO4CQ.3*d%\fTeUf:"FLL"GIV#'>$@#'/"=YeGdHF=AdVMJ"%LL+8!,F<,PEVd+34J<K#c7<a9
F+fd0#6!S]:?XQBHAH[DU=D7!RL]IYb'P'2^>#eB<:$I:+!%UQX*ZY*GZ]!K,`TCLK&K/'X@DULHC9*d=0*EI*#\1/N$L"M,E//I
GcV2*E<C>Ef7cQ@3+M2\ECT"<e4^f`;**H^</S"[TP`R]f$US09,I!$OMQ`<17ec7M)E!VA@GXFJ-S3c;.<1-[=eJ44UY6\O?E#A
4IV1H^!E:d-G%]LcN8-'9GCE\K1)?Kd1!@FW4(N42U&T]3]B>U5XH5ES!<a7])f!=A7=@5=<d?=TMCSe),013E9G)O+B?`YE_4^J
SR$N/H^]<8IA)+6_ba&&(_C]U"XYf&%.<@a:L)[BK=@Z.E31_K-!84&0]YA;<(_f:YR5$^@](?'eVE8Y9G0JS>Z!'cf*2b2De-=W
KZM6P$^C<IKc/9^I+"a5dc%?E_DTR;A?$L%0B:YB6MD3SRd]=QDA/a&X60AP9<?H((HP9(@`F@^:"T&/)23R6fMT'/>T&Zb.D4J#
dEAL<KMfV60O%V#+].WRK@f'X!#&JE(^MeJ+9>X\JZIHN=,?A6K^RK[8I'</"d;@4+\VE2"'NW.9$/"U;45d/@Y_"]_;"F<BU(9c
I-P@GeS:.$F_$<a`W)Z]WTC*MSU?\0LCaL48+;`@0fL8J"-@E=J%0\#"]W2/aa!+@0Wb50*U#\/+YR$&D?CGbY/IUXEOD31J]^I.
#$;L9_QHHa7U%2F"eGa!NRN?bE',eb4@%"@f!FABL`J&LT&->6;@M+$0[@;d!ObX-K.'0L\@.Q53R4YPDb\TFRN:4f*P2%beIf#@
14J-<7OQ?#ZKJW.d_JXb6ca7HR-8R^b4PP]O,%?6\>9FGf%D*:<D_bHOK=#_;OYDJSSN!!D7!`9@F2RX%HP&SacR9FFU1.(!8)U*
8>_,<__%fJ5#ULZ-FWF1.(6`?)88`$*IH`9MP+.0<.BO^HWVbY`^"_]90eY!:6.X:QN'UK.L367$a1eQfNZ9[0>EfdL*[5C/D2KV
=[9-X<(`"#]CRB?\IY=d8.3a!TRGB`O;=$;YfF8=<N1"6SeK=e[H-%#IRB2!0a@Z0HEBW]%:-O77c&G:W;%PBd#?aM<W9JM(J@-P
+OcCB)A9>?\*AR&J%\^!O9][b,DW[R"e>9^XH0KLAcE)?/:'>"!S#^<ca4Z8")c7JT?[F!ZU$#KLT5MJd7:PNCMHQY;&Hd.TIC"0
dPR_c:RNb`MN^/:2#Xd,L/9(ffc#A^36e7WVXX)dRK>$9OOV83&6PQ"K2d"0/NNFW7fAF2@a81-3W,)J],7Zc;B8+#-.c$I7=T,D
1%K2;3$b8&5VFKN`eN$W@=PH'XP"7c)4.;'JM]WK;c;%R8[O66McZ42.P?YD<:LYOdF8.@W9>7E27"e'_Z,O&F3"#aKQMZTRK1"\
f,VeX9#f,PX\VG`T>]W+afA%ET+<#VWX%WM*/D?c;[*XPFM4$`%3X;Y1AXL?_=c74VdAfF2S-R,^EU*&?HYRMCN*5f]]?aE/aP3T
'JB>!2$"AbDK^[<L5a6!)S,(D"WIR4H54L)^3"Wa"IW5&+(="[aH%TYdF@G-LSS)-BS2\ENdLXUN3KKa/<@S9(]B<N/*!4@M4!Q;
(BX#J1&K.dB2%=*!#`MYd<_#%+Q$DK/0QTZA-%I?6C.`O.K8+RC(!RE`GP!SAA-;")(,R/Z;XC#RX%L+WFR5`,e,cSIfTWf1,OeZ
N#\B,-Tb-2ODIM:'B)2RLQ*QE2d((RC*>7[WAM.G6'U6>(4XVFVL.QO^%;!CM$7#X3JI312#cE8f<]e8$[ZIKdDS'P:aO3e;L2B`
;J)MJK7)`08CBH@@CUf9e*<#W'.[%NUH6*]$&$+H#0&@c]1&OcCH%@PR(E@@BWP!`1=$=7S'P2=<0;.K4?)=DeEWYbE(6CQN2-Ad
RbM,#Q!8+Q]@f%d*f3#2!U8a\ac5N&##93eZ@_9&FM>bTH,-+5Y8UMP!19[NM\dPV#Q]_P/C;^O9SEC>[6e-C-27-==e-XVLE*1T
W7,#W@=Y=$"0/:8FC7>=^&]<,02&AK1$6@,-R=W%\;bf<VC9*Eb#%MD6Z.$Y,ZQ*1M?6!@-#H`WAP@]G&;#X!NFf+!Z\>IK$^4XR
Z"9)$YI@1Z"&',<KSaX3EHa<#4\\X4&=N_IT1("4"aL-E\J!"L\R:SMGN#:D;B+QDH<*\d;7SAO6Q_))EH:-&M=([?[QFQ.=V_AI
>Sd'b,fK/;N/&B%AT:`&/Je;.VEH,.`^BWQ3P$;++!fG"*`CK95fJW!VQ&V]O2:"VeA`a7d+(@&3R/"+d".+9FP-@C7ITe+%#.NW
PBG!+V"f!M/:2Xc<0)#=RQD2FN'NXR\7R,GFE+$#;).;ZZJI^<:!X$XO[R:>$\*fHd@W=4$ANL;L>(cc"Ub`=-eW@)3*U$=LD($/
0fI:VPY-Y.09?D+`:c@KKE(a>0H]+CZ>0@['EKN<T>X$[@^%abAMJ1X:7_USNIY2].,1VE`[3'`I^9HSP\&eQDW=0-TeOf'Te'"d
V2(!'6G;78VZDD&8Z%dB<BIDR%,CWLNMT89Ga7>'VIW<(>$(]%8M1.`b)"(>P_0"4b10N7-Y4aJ7OfV>Z#=e"3N@GYeWD$S7KOF7
cJ&TZ/L?/8V;4@/8c`@BUA@R,$M(De=8b-5OL1D4a-=Q2M4N!(]G:1JXX'f]HIb7`ZC>^A-@OXc0C+!(bIGFMIP!:J=dNXSFI5+W
&eX0_Z?AO24dK#P#&e6WbU\^4!>W.M0WSOH0A[BdI0]*^=E-F>aQOEI?e:31a^&de9Z_716La=KAc[?3<^]<VJ$P*AII(aCe:Vf^
``I%],=EJ@SB(JO4+YBb\,:d#VO#ZA?;\f]c"S@b$+Je_S9A<"eHPPJ1Y$'S.QNbDPe\7R4QdGf4>._V0fU'CJPb[/+]a($B?MJM
$$5Z5V-Q$Z6P5L2.X/XR#MSZ"9fKB;Ia=15`^BE*NaO]);?GX=72TD?5Ne3.c@XBW`];2#7J_=eW0_a5$QZ,7J'SaCGY\2d8J0@,
?Ee5T0ND\1efA0b_!Q^6H5RFa'%JEfE92/R;P79UDL81fb+K.X^Z4,8.e7Pd[O\*2<+Kb5K1c6aH<f^<AL=Y"=+>'V378=;Z:0=A
Sd]E-3R[[>C;=Kb-=0R3@!FE+53Fe;2+MEBZ'aIG80%-WBf"+-%;eM1$DCW)6U*UEE`#T44K$ERAEI$/(fA"cF(E`'cfP)Ue@cG@
e<&^7%2eG`(RV3b;?JNYL=.P;d_,(@((KGSRQS//bQJ8XHLJUN:-LPZWTfXN/8>U\F"D9]c<T[6D=](,'T$5'>\cXWd5DX)B5%LX
4[;QNZ*WV8"Ne9CTL<P2>4JUc85IZOM*NeG9V1\<*D^e^86L;)G(OW]Z%dSYZ-WRSHF)'.5DC"A[?0%Ba1Ze3K8%TNF,Y,cX)6bf
d??,W!/cG8bNRc;XLf5MM:H(H2^YWP_KX-?;2:1-5Z[,[",)WDR_Mf<G,AXRX6=-:I[c7eP2W>(PS*]E-EYPO%D2_OQZe7%+'/.'
_`e&WK-/O9`FeUEI@Wb.]<!RGY4#)]^>(U5L%A8Da`E/1<WHF!"bUO6/.03S!`aBJN@[LV&#CLSCK2Q^@d=.+8F7U2+.-8!5;)9Z
YeA+`/`IF1@D2-]JN*'1/DZT5/[#.$Sb#]ZHNR^3G7C/+'(R#3SZMZfQYec]=1JEM,^-E5Ra"Odc"8O,`S1c;0-5!.)%c_:$\cQ;
"7?`U?ND"%D;e!R_@TT$!FXLd(S./M"45"MX,;a"+/Sb0DeL^V<e\V-,0_QZK<K\?8#D!8H=AaAS""BB80-4,YF\YY<@P*A6I01;
8b@%C$T)A6_!@V(:42Xdf>MGTRXM[QWTd0<]6I*(Ld``0ZEA1-;NT)%WJN".WFY"4R*7SGe@C'`)a@7I)%>d&"^Nc9WfDWL?c!G`
]$\;Xd:,``bBQ&?#^`D(<?:09S24>)c\"Z5!'I=@I7$7OPAXI+GBF'?^/AS+9E,PbJ;'aORI%9OE&@N^/FB<2d,UR!69@=7/KT>=
S@$J?]?"D+2U]AA<`U&[7#8dM90c+UP-f,J%(4^8$15Y`DE]@YN]V09M+[<8\aW[$ZO6V*=P^XXBf&*"B!/^0<.Z`T]:L\_TAD]R
KNS87b9#&33aCd7\Eb9!-OA9'9OH,+:2b^;>)4"4"60MQTeT9O<^GP3$'TGaHNI**Y<A:H^5;(&_YA5-C^W'%U\T%?Eb1:+K;+9Q
*A.$XZ#:/=f,2'\^9P>2c%EE\*e=*cY9"8W_a%M&PM!E^T(]9P"TU>e\,+'RIAfA*[.%7LL2>7B,?B*997%6*d^f`S#16]FB7BX8
"DFec,F7(MaEV6>C7.e@%O(HZ1*TI/VT[/K1[?DC8O/;?R,47X=4!OYU=e4&aEL3N@CXb!&RIM#&S>!WT77&V3=/[1J1PaO=OO@=
1`$_]DZ3A^eU;3:Z5Z[#,SdIL=@HW0K0<ECDQU_]2'^)/[`2'_[Df.,aH,+0`]IL&,b4.G``8ORYHfT\RU7I(&W&13TDPMZfX^^Z
0S?I[RSbabETRS0E$K_)$D@C^S#%__[).=Jd-#/KX$:;N0:#RP9I0<QRcf]T/9ZO9A,-5(%-bJ"YPD>LRVP4L+A+9'Ma/'1;7:?$
%R4=W/]&;_)*R7?-JA^ODMaIX,F+>$:2SH*F\6I`5>5]*+V\B45;WSO>D,c!f5N`Ef*G\,R5_I<RAKVD6V1V!@6-S+1#Re-5H5Zd
@]]L&7RG8CCd#;DF=X;Q@d.U!;f.b^&/Xc_&B)BfV/=9XW9==%YH/]X,a6#Va.9.\$X$(V!b!7=1J[CE]5&1:Lf&0$M#Le]AXHd2
GE7)8b;#65K*P222J020M'K*#X3ULI0,GFOa_ZUF'1N@+,XI/)TQZ4H8-3e!R\W`N(7bf/!Z'C@dRT\7=8c3MA>)deU)&"U4&[aT
>;IP41O[1ebA;?/09[7:T>ZH_6c\3?Y4I>AS*4]%1TZ"*/A4LI:MZH6[,7S/&DebAe]U*K]ZX+WO1G]>!O<VSQQ]F,]]GcMBL4F_
$<U6EZJ(R+^&e8<$6,:7ZcNb3M2/%A9f/Q3BP["K$_G`:_1T#aT:G9)TX1[@Dd_I+&!JWdYa^$!:B06U<13<1==T`%H=4VZ2\9P(
-D0WJ&9&(]V_U@EQBeL0O!UKKT#b-Q;FO,;J;>YPOVA,H';+fPB#[VPI%K3NfSKDTF,+&.]`#dfe>f9(e92.d9L]-'@"LW^&/1T2
)=FA\!9]<JAZO#!Q4":%Vb*Z9()Ac'"HKPS\,1=/"/[+bX+UB7L.*(\A%U'<,c_MAe8"I0$BX5GcKP/V]#8]AL7f7QeD$LXZO$:3
JZJNAN]C44?3VJ*,'0ZVU-@S5@O`D2IKBT<6-3#1;7A(N4.cC@K>T5<Q+#<L#eb!adR97(-_NV=A@VJ4VUN0UFVbA3"aRf$&_B%6
F]eJ$ZfP#,6)3(N(K8MbBa0U>K5F?:!T15Y2O)6#MF@[cQDf+bB5KSV_/LK^D8-M7O])CB'BA[2!7FM<2UMGJa4YcDK4>X!0!:B1
L'DYS>S#Y`J(_1ST4YM-*OS(#9fOP!_c`%>aMG(RC%feSU]F_&PSd),f[?`;TITB'd&4dNd?)E86-8fB`D52JR;X?>QQ;4BYX;.0
[E6_dPA<2W8O`d/c7$T`F]WBV&A3`&5-HRZ4_)_E6DEP6RMF]Q^.O=%2bTO>BLL,SbDC(\W[*/E"[`HaaG#QFJ$\GY$`Gd](28#A
IfRBMF#?cWC)@b7_7'>YMBc7O,8"F$)@,8D`M7QU)""]QHW!YG+%QB<8%8FODdN5+17T^^VX0dT!F6%J_/c:SF+YE\[dYXQ7:'.5
\8BO@QKI"G?.`IVAOS8=EBAUJ('`=\Y]2eH>IZ%7!@J7(/_-'G3d?6+DE;/A9"N%c6$,Wa\B+Y,21f.O9ME0A`RZAfe,VETQ2X!G
@Z@:%>#c_@b*RWTJH^5"PN:fI"#Lb/,3AY/ZUc(EW`TNDC<L@/GX:CL[&+1J2:&a:<.K1fSB67D%E3@S@/ZI)IDGU@M7aI?FfBTK
e/>W7/'=RP_#VM0AVMcA#*aL:a,I.J8RXf^5.F8Xcb_'57ScZ5=9f>)?KYKY)J#4J%a=,F27*[H"0%^!75IWE+T<c;4E$%]XB3'>
R^#,7U3'L09V\4`FFE7EX]^Z*C5]2NE\.+GRCHM;af073_E."C%T%C9=Q4`9W+PCEHD\1(=Z,<0:,;`&QV^.a!2G3!VFXKK*%1O5
)3!FPDEV$(f=4K=1e4#VdHCEecTKO^A0*2`@*d'9T$M.Q]5d%1]B4[J@?;bbD2MSb<Ka=3R#(I?3O*R:BONMea%_AU@1SJG%.?1+
(\\^KWf3b"6:b0@>9D1I-^4Jcfe]GT7-9AJZH1C!3T*7Ccd+D&bb=7)b0F$`YVVd/Y/L_eCFLTB%X^83.d5=#d@/Q&K[]ZA7E!C"
:W6TKE]_6JQaG9Ze3#V"U2,*9/1bNfXOEKJ4P#&8'7;[DI\5#!?XGR)P5-%-D.H9Da`#7>Rd#C+M@<^QO^,TCL*aTRL;Q/8ac=/-
T`13)-4aKa;W2*0$e(c:/WEQW?B=(ERW^B[a\\XCLP.AC&E#NB<IMT?A-DRf-;7F4Y\F#ZL=,B#+OA`/%L(I5,:F[C".>?"fX'9'
ETM_,eD1e:a0TS:^a3)(2fTDN!1#4\`'=H;/Lb=:;.3/>B@:8b2NH^>9,+L@.M#B?BT[[)1GCdJ^OAYG)8)[2TAN8\,__F$aU/QU
Z.=IbVNWT8Z\I_)+P\FD2(SUb<)a97:$`Ia:](X@X%DVR/aR#Q*(LH"\]$O'#T#]VQ9`@f9c_6\9TAbH\f3cKF10(Vb_B+EW"`Q/
*YBR:1R:5'<\>X$.T^)@UdZ5.f5PV82(IL>eDfdVKe(<7a19"*&S'&W<J<YY;[c5Ab5^!6V[;V]TNRa8COTd,Vc>!#e"BeV#fV"A
a/c@%5-GF:>J,a[B`N2$b9dLOYUXeJIYDX,@!V`ANeb;,1ZOI=WNM_:D21?0+.&AU4FCRN+Of1#;bQ2DODS)0.G;L5$OM65LG:eU
#P>;cWb-R/;]%]=83BE?O9fN(D^PX-ZR5$@8NY?GY9Y,VC!%Zd);&'BSX1C_GcHbe0J\_D"8+K+<%97T^G.1<E*:;1S*NQKPO`Z0
[)ISMXD0&)^eZ,@Y5@UBJ]Q(@%,-+5?@Ac-,Xb]V=Y=-=@>E]bGDA,2RE/,aI&'=M71;JZ239*"!;:0aK.[8-M&cL)6/0LZ3!WKQ
OP:J"24Id*0+5-=Q8Bc)%9:dfLcVH6W!J<"@;^.OFZefA\&=S)eba0.GQ"J+@W*'feV-'*[[W?,I]!)eX%EQ[c?)JIN#7@0[dbB5
%a:Z@]"Q/7AW@-JEI&[4G8N_R1eV2=#)Q"KPf`IDF$*K8<bXN6dP=OR0"fdQ+Ibc$f[A,M3-I$5?HZ4XL:/MS14/)2DCc+4\1=GK
PW=_X(c)P280!L#@&_W]OL-3>'+M_1\B>*@X:DIC&X.Z`=KXEb!M-R9J#S*V),e!U+1L/[/OR[?@(.Vb>C\?(W&JD-O@T8Ge26=\
GX,^B*SK/"7PL!11SF;6U<caWY?NDeK[.9E-;X&X%?SY<Ud;!##XbP,a_TWKbDWDUaO;K`SIU!#E!2S9>efY<1[R;HW7=>AN,fV]
<N$;2U:H*cV-UZ)#?+9KKb#/D9-4FH.@:_=LeRMKF7;C7Pf2PYZ\F<b9C"c;-SK<U.#EJTN:>S2HTWSL1*$bL.ALI<*dRK93@BN+
(YFA>D?EN=BBXa@8:YPNc#VcTW)^0a\a)PK!Jc7bf2@RO\V8N<DN^e",R0XK"7_F[^:a\KYQ]BEM/IFN$$[!Pa))P)cW-cG!4(;Z
=V1/[0NTd<6AdO9N_NAK'#a0I_#S9N$C8)1-d<:=8Eb#TM*&4CF6G7^]JR*(?UI(],K@M>b?Z4c((,QPc.eP7:)OZXG5VX3UOX)_
>V'^/<bUZS;eX]IT[BRH/Z\Fa0fOB8DOWa+b\,8-1Sc.A=YW#N>S,d.#EG7Id25=;^WP_6)>`Va115JaAM)2=H;UXRZ.V/?70dNV
24&a'UJEWC_,>DVW5#@<Z=Z;`[W$?O,G,F;7DI&Z:+@N@/900S9/S=c8/%-XWJ[5U-UeON1;?FD-,99-I=?BIT:8UVL\@',05$/=
0/9!GK3[C/Q)B&TY_e0T9+YH.]P]:M8%4^R;,J#`B<$-@4_VK#@F!+D_>2cNXTTVX,Y)$E2%><;_V_COE7'aF/DL+?YY=T4.^SC$
IW&GMG/MI.&LZ(O&?/^X(">O=]SYN3>+2Y&SM<$aJ_eRK?G%D#"M]%0YLX>FD#=2YTWU330_LG2$APC\D-77\["KI**d(V*adHc.
!4AKRB6+LC%=4?&5@H\'cDJ0CWN7,VUMO#VD,b6]WL9!CYM*dd(7_<5B38NY'[`;f3(f"f+VO//?$S3J`,Cd4DF+88[=Y'Z.]VN2
8J)I%=Y;R-&:FVJbASL!?#1/ME/-!I":c-Ja0TW)8IL_DK26e>[)ZG5bFM_8@RR/cYJc&<*`PZ%)Rf]A-!!U4.USaTV">51^%[&F
14KG]*)@05Jfd"Z]3UeX4J$<E[QL(1I@_W+O#1a#2f@&N+_6Y9aN--A1C83<M4@A)*$0PM6W`$WS%T>&X163]CQMc1[;43dRH,Y,
JR3#Q-X$14I1!P%cLWJ"MR3@CHN+HY3*8fT,L"ZMKf!'L>K]6cSI/L_aR6+Mc#A51^`#N6HG8\T0]G<V`1acK)+#Q=+cJQ&BD,`N
^89(N]9F]59WVM]3DKV6^PI.UE$"#X$5*VH7^+1@F\?e/?BQ`<T22J4`[_2&K0Z+bKW">(CbZKBb_e]%#TI=GV-Z\3]T0.V_KGM#
Z2+4A#`/[$*HQZ,SccIb9<:RWZW%]bdTdJ6#fGW/CBf1R9%4)>7_,N,(/5L&_N67I4>H7D^44f-U3J#60a"A-\<YXdBCX=Q\!aXf
L:*71L?83@K5V$9Y"&2EV/>&-7!BZ%-8!37b3#S9\$1B3\7YY6aH0QIAef$dZ5_Q1_7ZP'TfFAC1]9N+!_NR#;\8\?Z7N]=%D3GH
-=fI8<LFN$./3B>65>_Y+!W`0$UcX580#/D)XI&fM==H?f(\dK\@^1^DHF:L"@+TGR*9#"8@NF7='Pd0SW*JF,<a;&U:KY88BW:-
c`ABN$QL.$4Jb8[C_=d2+9Z9D#==4f;(ce*/F*SI5+D&WW9@c6DY[''/4>!DW1'fP`K#9`O0B7BVX3cSY*&)[cF568(Z.%6TE:@Y
F!O[O9^7OD'6I?02/$Z!`Hf3(QZALFT;D%7V`F/TVL(c3?J.2T^Da"b:WF?@V0<BGH$87)9UDDS2$`%(.@O_90a6#]3d?]C5P>VI
TVAHP]!(eM1R5RfXd72P(:?FRfK4XBS&6F('!M]XWcS\UX)a1UK,!6da8[/<%/eXC^^$,N"%:5dA,:cWfO9QM-ab8C],'H<H`PY,
%.N=CUA!c+:.UC7.cQPAE_:-(8Q:c=_?_Y);e;cM7G6JS=D7,PZUUX<2aD#,:>_Ua68RBS)YX[*PX&_2Ga]L4f&(H82]$G'e/"K`
Y\A'/b_(6Ydf.aO*#e*<^S4>%a9H%9'/.8"cfTJJf"K\US^*R!N>`N&E!FLEBO17'\.#D;dP1>"A-[CB&S%L-2N'B0,$<V+,%Za$
(aX4U5H0c'*(Z!f<7c\3Q"B@\@$6`.:4Yf.a:OC]F!Ze/"I$db7?DC.c\C6MI.'\X"">PSK<L:5O5V'"$YQW'4GHaS!&@=H&6^)Z
_H!V`!%44KSZLb"?eP"U+[='#0`(K@):a;+0D^(H(b/8PI8O=a/=)46RE9Ja=;$>f)D67M/FY,[=e]NbSb(-8L^"QVD)U<3L.KI%
cXWNd%Ab)d[U%>OIRN<M&N>A8(SM]0.VAWTMaMO1H@Hc?+-UWMU:G).7(R"d5:R*67[-O/=]5,%+aPR\Z(V:VG?*cG"W&_)6FB:G
e&Z_3cAXR@5^2';JM0RJ*eCYERK>a^;_@@TYE=/!R+(V^OPRb!3S?e/JNYL'eUH+3@&FDB%Z+`;QNQI'043[Ld#YI#U(-V_BRC_L
%N_*Y*?PZ$?T]!BA6"QS-.;/A7:^!YT5f(1aS8WJ*Y#4=HJEA[@QL<8[TE6X.FMe;-^:N]e)b*AQ.R2#$)=X102)3C7C)X_P!FK+
f3>B*(K/*=#A?,]DZD:>=b3/#0TZM=1FIKLW2B$L4D[M'V-/RO+%\.#6fa-Z40PATD6L661eC`]e<O,,-.M!Ne?/A>_2NXE[a,G%
P2J"Q2O,HX>9N4FJRQ;?@!A=&BB<PA$[)5Q&FKZT[5+04/fN\#89SFD]Q]*f/+&b$#"%"HVC',BT(!)_8F)'J?>d>D2RLH#I1e:a
WVD:D"@-UHQ=&ABK&W,dI/L'O=2.PXXN30aVf@dNc+F4,E8'RP$M(D<Qd$-7d2V[WTS!bFd.HJJM&FJ<(Pa![]aMb,6/MK+2DIc1
DU-ec^A[a[fHK6be[Q33=3M69C"0%!P5[VIDQ_f\T#bV$:d5EG'!&dSQXOdM,`YI/>638OCI?A+(@9<W+VBbV32S!;T^`[")8UBJ
,?4EH5Tf\5V"9$FL1)?Ia#9*1FL7ZTW;2bG0)(W`D*^^cY)]V),"PfXC%>'!M(<b.^$WfVfP0FHW/V7UG]?90U3U(E3aML%:@&O>
?^Y^cBADLGW!5]><M$\>R%0)/>C!a8(4B"5OKDDdZ9NBC7[(#5;:=?]/?>\'+PXK\b.d34aSKF3b;SCe4cZcW)\F\088H59;!NXC
KOVF8BZ7H3!S!4RQBG!+YK=*L;6:c\E'X2V87!<UFF;@R5X36a6:[#9"Za-`;d<00dQXfZF5Id/O+P.68$G,L;d9\7aP:<U;S-69
ZMIMDKUP@IWUX;_1#*+"4c_&BURR&QQ`<YB%:D5/KJH*.U,d7XYe?T6YWW9'2`YYL?KOU,.B'QTZ+8T27/2@UE!b-QOTd\faE$D6
6cM-#TeR5bFa2N7(J9,O8$1X#2fL/41HZ/5<9W1-DHB8;c"/IM(PWI7@A'JSP+eG`dT9*J2f+Sa\f\`LAX+!>cMX=##fBZ73[IJd
7+]c&F[H[\R]8+`JKO-VQd@B6DL&C)7MDee>5L"b!*0C[\W]2]N:):eU'@-d%'_KZ>RF4,N!7d--+YF^-[M#a1&L$b(?_c2R?,)M
$H14%[:1^#5$OU5^ZHW6_@'BbO\`Db.%MLCZ"=1*ZdFC-',\^a4cJ@dZO1E#7\$IE-$dNHK\)1eM4&aBdBHFW$\-$3R+DZe)4$T1
E\8CGF;0PP(G-#)\>=>)<;8?=T_e,V</)H].K_a91<%6&6&&+;0R'>5F?^L7de2!)VL`(MEBPDL*>SX3VbQO%$!eJ=^CDZ!&Y_3G
@8QPT-+M$12?/(#?+I2L84U&0Z2I.T+K.>@D4"0CD`E=N\fO1;PU*+G*&;H7H8FR-OaFU]^A%PJ%6^Y7B[D$(G0V"^>6(\?-\?]"
P1>-X$$Me7ZX:#X@Ub],&MPfG:=fY5<eD@/e\eEd[b)<QEUPF6>E/P&&.14N6WW1P31&5MHF"(^KW2YT!-DIQHP'4_7H(I+A>IV7
.+K/a7T$KS`MWRU:Aa;4S_42QbLaK-YZH)HB1.]Nb!;3O2@bCX6U"&@+RKd;a%:$Lc4^'BAb,H@94C4,*!Z2(:.D:eX)'?&N'VcD
.H[IUc,[>7AD!V%<ZFT/YDUJM.TP5da0<(eKQN2)O:5GN:%1a/'.X792fBC7\1HbDeA*BC3a%LRI.4>;A/XB^K,FX$K!&O?ZR4I.
ZKaLFT9KGV1%eH/>@LB.,H"78OX@=[dU<OcTSA8U4<I.6+!eUU/NQS#?*[7.:2@'9e!eH@,'H*V$eJJ8UR)\QU6^:(E6?cO5F%<,
Oe)94*&1E9@<`Y^@73?;dc;G%MK]H?M;-I#:-A$Q<3c'C<2_R1PY-ObX.V4I#4RF#+!*<4I+a6F?A4Xc`0/>3!F`&T#.\Lc<PR!L
HPRB3Z^A1XC(*)d,DY>.[6?`^VM](1f"26dQ7GU"@a\Na,Q[acU9%e%Nfd!(a(1B>0XCL;Q#d0\fMD`)BY0<$-,e9QNXA';9WaWJ
$%PV3faOJV])S@U82b.=3N)^c@@;12=O*;WTQ4J[cI-:D-.dN3+\e!U:0DYf#RR'09P/<G/U2Tc8)ADP7-EC#666C'8f1CE':[e,
f@IXOeWU7ZD.H%.H4_+X4GHFH'..%3.<Y"dPK6bK4,K-A".`FR%W[JUZY6G,9F]1PURKC(72%>\Q6S/=Z:_'JOZ;KN/B$!#QSA'J
U[/@H(73.K%RGB!K)(aJ%F@]e$IO7*MMHI""7MO"B/#+?XQ$41Q-#0d]SR$=>91f\3_IJN">!7UN8(53$H$D^\X1UDeC0GLCQK@>
Ce?((Ca%=S7aNRS=EP7T+Q1;#a>BHLa%6*7f]P/G^X5\4f;RNR>C5B2'"+@C35E<I`X;$4(;bA0>FMZ7e:+XART,(2NA'+8C`E-(
/ANV)/WAE^->ZJ!H1NdK#DAd-+&\2?K&A^!^5!8_W84NNd>+XCAM62["L3^1:=L]V$IPEB.1,C#X[d0faf7M=]Z3E3.6;2S8NEcU
ZH6\J,T_H(M?`-3+OY!R%RQ+_!fQL8]HAVFa1N8>MYKPP$*J.b%Y#@Z']T"\'^1AJ&#JQN3b4>RAF>P'MF6]4^N'eVYUP7N.bI_2
#,e8$U_6S*1C")X@"**dN&8D5"*KE`#I9R)!6(,R21+dN_1"Xf1;$N"S,:>@+!%fbUGT?G#"FF3NSI:'Z>RUc@,c^9ZS>K_CB($N
J"BDZ7a4GQKWLb4DcGC<K[J=,`8YE)#`K_,$b]ZK,9f]#bED1+f<A!faTfd^]T]?4?L8T-ZFXTI#/>(/!O.JP6"d#GXd:+0^M'47
7;1]BA/"$1d8T]9(H'5GH]`C(/MY:]N^/^F(3^R)K6F")aY@<E,''/.)P9c0#_K5FK*&I(K"_0Xb;;>Tf7B&79\FD+::S@;T,%97
AI#*<SM>]O9%O3b+&O"a+HK[_/"0Uf`>I<%BE>M,E;D[>(J)26`8d=7U'6\J26-^GdG`WOS0F2AZJ$GW><J6?Z^;IG&d3%S,A5QM
8L!`?480E$.e*B"a*KXGB8&4D*%3WJ/0KGP$QR90(@VKL?2C4^]6=c[7M/_)-ZS*R=f%'0a:`bP9VS:@"8c?0)7Ed]_$4,&VBIC5
0&,29EI1^Y5(:9JQTB0Hb0(067&+.c'6V8GXIe<V#eMP,L/(9@,`)I'GZ0+,WTKc/Z,`!@'<eN#/2d*($2SM..[N658_VS\#]<6;
T6+B"E>)]?fW3/(<WXW,W>e`-aIA3M*=[cB37[N?"RNTXBfMS')9$^-!V2)#6K9@TJ/76:/bP$:V&JS!:6aYWKC+,<B:N<0JaX7d
S`XDWP3"<J0Ef...Kcd/eb]Q$3=6;[G#?FQ<WeY108,.@GdGC2SPJScR#B06DDT'79"(TGP0LJ1!T'_8-.2;*XIVf4JT=)"D-(AW
.F5af8WCD]/<I4fGUU;*aVHbS*<:ebTfQ23G3'S3fM[df1\"0d]NW*?^3-W>,<eC>6,*3^V=V;K-a;B2(0PF\R4:J^O/.+L3M4+]
I[=:@ZL>c?"W/dT0I`;IS;KfE8836V^fW^12_Ae,*(C*0DH6.@3e3+GK1d"M4L"C>BZaZQ#^;b;[C`@@8Q5!<;N^;bSd9FWPN/E0
\CXWCNLfD8UcY1>T*O7.K20KMGbIPKD&:4SJ'C:PZLc'`;YS<:.2DV[LH=I`B2N-XML'cR!!55MCDK/3-LMQZA!U$.S1:"+CAaQA
T8/UAb%TJdUUCZ?E.9E9DCKW4`ATS2d4Nd2caIHK6SG;*a][;#NF%HV/9+LfS>Y^Wa)<$:D[TNAN3\ONU%cW*;R+U%S)6+A[Ha@6
D.fV+93e\NMD(R:JKZJaR$MS\=>S"E1*RN>>$>&&14,?'E&@a7_/6F^TT30;J9Kc>3FAe*""Jcd*3d?JW>4&W,2M'XWb$.>>Sed[
=;Z$[.R$[;I`,!+1@+]/AY<.@8BbS^Tc#_,=0Q`3C2e4eH+!!D1?0f$]J-*JK($dA>4(d_f:UA/)7MD\R@48+B[^7$Y+"@R^V++=
N8&3CO*@5&RSf;H5(:]!$eP9#;&&9ILdX#D]-V,9V0>DM)I#=VSIM4)XN"6Q+A'0NBJGZW-ZYe]I3)F/L;dGO0HV121MfXa>A2GA
6X[OO2#Jf7GBN77.!M'4F)ZF5V<BQQA^J=;E&F$!@CGfDbKRF:V(OfYffK2XS\8ONY8$GB&dfKS7APZR.c0]*'c;82<A7EG0$<,F
0JK<'40)S;+`-B4_\AEDK_'@((b$@*L31$MRM;1bG6>2:&`$5D0S.F)R//[6]@:^O8SWLe#-@$R4]'?`/(O6QV,;B)C\U7F"fBG0
f<V=Xd=:M9\-?aHTJ:dAZ8CQG0\e'c^IJ'UQFW97.`_"Q4a6D<+d*US-XM2`K6;\f6aQ[eB^WAQY0WJ:'1D-QfF\Q`d.ACb(&^Nc
D8']4C`_H5H]1VbN7RP@YTTD2*(\<^>80T1B)IH3QJR-97S,8"\_I<M2BNP_.`A#=]'bB>8V&c<9QSPBX048T[.Z^LB#c_\Q70-&
_-46H2)44Q3_C[c,G>W'^V/':7#^$T48O6V@==68\2:3b+--!H=,W,GR-`YH026e#SP>X+3N`#52)D$WWYG*/Xd288@3J@;4\S@`
@SaGLNX,:7cQ.NP$0#*68CX7S"!e^.L?@b1/S5d4NIDP,,T)dP*0LSW/fJ)5199:GUR642A48^F\0NDHa0(JWeN@9%:]L>+T7+O[
B:G;C:e*#<,<!dc;P,!W\,!d9U[\<H?=YX(,63(CH@:)c/>;6_OKK/+UQ_G,S5**GP5.U1f^(fF<4H95]=MRT&1?;ZSQJc=K4,Ra
%_SR7VV/KZ%@'F!FcL6L(Y[O3eb\]9!O/JW9MSH(68H5M"B!@MP/_ce+bXX<'-D1+@%L-_P,f0"&f4'[;5+ed.\8_WG@V$[F_,[]
8GG9Lc8_+B9<IR'_\?K%*B:,L3:S$cHWPOGG*7=R2?37J("J4GD<WE;L))"eFP8@_)QU;]d+&+Z4JPdB"KI696-a;<Z[$?^<^E:Z
D[$X>P9;FN5eC*S%`Q!f6c<^X6S+@e@/\#9C/2R=G"7?dJ6@/)^O*DV5Z(5QVO`LHK9b4a&d8^Ud*.,be.XG/[a4P<$^KD0`U%dK
>.]YA6W_/19E`BZ#$+QTfYW)T>GP,eY$RWC4W'-d8SPM7K%QZ;HC!\d[MUQQ*/-PO;RQ0A87*CX5fFbAR:F^\e_:f-d/RKYT[1B8
<a+=Rd'2aH6Zf<MOH!*2H7K<2E4FUT`88!>H&1+@X3$+N^Q@-93)R<ZQQJ,[+-SH9A*e$a,6P'G@e5SNbAUV,N@P451^NVRR\$YY
L<('d7DG96*P@;$0UB+/5a).QRc*0]AG3WG6U&1S>;_'G6<fO9,L[<'!-.^Q2`aO@e0EQ&\+\:4#W&-R\,*:>c<NeDZ`P/-1=T*a
;YScf3[M;3%,?:+LcaY$>!P>,c4d>+$0B&]7\\:HKa?b+W1;O#)U#':RIDYCH-!T=?^7VH=^Q"b!=05(>%$XXa&J+%LAB3[LY\25
5%$0Q`,:H'F-K3`,%8*VC4+"C3e&O0E$.]Q0&'7ZaB3,EYEC_NcK!T;@?S,#@&55bVOA!@eQ5V1c-PIN90c.bB/\^->a",=JY>6C
LHSC^OZ853HQ"M3a;3->>S"*P7M6/**(O'87P<E4M2N.*=+4TZEK\0]3Ja6STbD@Ia;G0,83U'#A^@HQA/KPJY8GLeIdG^G`;(R=
S]H%B_U]fY`P1M]_-+`2SfYI1*.@JV2R"$Ze'=7AIa["=Nf5/^>40:W>L3^X5KN[G['`$A1Ia"&]M+O;]),?!#;_>0SSB*SMI[;(
?<*'?I)7d/CQ3W2T:E-9B8U6#*]5SV-),RG!O_()<R`<WZ=S"Q&)N<3daYG])`VW)$KHJ2^a3T)1Z^aAU8J2,+X^AC!Oe[e0`Y?%
T(=#L*B;8A.$93Y@V[#U+E%U/C`JBQ6d"SAW:KD\LWKaOM[b'_>4+;2VB?'VO:,[^N!-A`'2fR'WOD\OT\V+=:]A-4>D[Y?@Z@#Z
5/2\N6\AU/?&C1ZUB-H,2aA]OQ)%G\C5\6N9.I?V7e+`W`H'K)^=>F8bV[GE3UP%ZR%Q!]0^0U,*&\I!_KJ^9)MLY7AS$X1^HD&'
X#.e$:R!*D%@\@U>=`GM#=U7N.IG(ca=1Z:-c:fb2)d2)F:P_(Y'"0#%Z)'X='ee+5X&b:%RV9dSD@]M3))JVQ&S'CKJM$UTc5-e
:3!-AdK@?DNP*FUB^c1J5DM!6bXa\DLC]2VAYC4%-CG[/aF3>#');,A:7-JEG!RD3#8"Z6R[c30R!K%85,H334N\F4f?<49I<$H<
c%\cY58)*e3.\:-KK0I.HQd*>_%4D+^2*R3G0S:]<H2W&\Iee0F=)\1V[F@[FM6N'Nbe/07X;;K+6M<'PC*(@M)5fS.d!37-eH)R
)`<2VX`c?JY)EHET@T'f7<UL]JH6_XM','7,Hb48W=T/a-I:"?9JKYZPceUP7VE!W+FWO=D(K#YD*=*<Ra_'#'SaUSbC3efN4#-)
CP//PM6eIH)#&`"P3TTI"30DXN/">K$1E<W9B5Kf=63%RKNWI+R]HIX!L]a,`(?_X)NMUY;-UHL7E$'"T!RHYP$!S>33CXbLIL?$
e:4C[_XF:".P1/$I*[6=I010TUYD;O/Ha=IP`:<%>b!T,#WE\=,T;&V,OVC\:B<=M`OR7Z9"Q<&^@E&&M@SV,*dUUZ6@&R!;JY,?
:_,A..\XJ"4cII`+!95,cU"b;_*"%C#C,X.=O[GX0=QKB0Q_9RZc,ZBR-)_a9Y@YD9-D!)fa-17T-_9bMd30bZ@eAT6R*Pa5.52T
#;2%4)?MbPT#;!XCe!P>HW^_FNK"HBST/\`f=?&7<_BI*"#X<139;&R_cDP.+bC41].K<]2Q:2&,&6H5B&Wc5:SW6).eT//Z),&1
6-D]55J:S50CEU.G!]e\;R6ERC1(PNPa6(U".@7.C?#T^Rf`?eK*!^NKfL#E.+d6cFf@.A=(SW;3RMVbQ*L8;.2/J[*>c*H;GMKP
BM:9A;AD..6WA[,#S'B<=Tc'0YE1)C)UMURQN+O2FTcQcRX8Z5Bc;+<P6dAG]%3YV1#Y6D.-/aRY@A][&0cF#MD-b7,?.W0/*E>Y
>f.$=?IW/>?BWV<5W..H.*9G#6::KU-2$`8FW3cKT%JBU`Qc8<:K=GFQe(RC<SKG1T(,P9B$_>4?:b-,[W%b'GRRNQ<.+/B):\T6
U"QI$5&62[^TU1UB*VIW7^)HHILY:V#4<E!Y"S1_BcFe?B2>.8J8A5P;&aW5C@$;4>+8!B9"A_aB(fZ63M>K8C#,=/WDPd>D$F/_
)/!Q<=Nd`!04KL)7d'QdBKZ451<)QBKbfJdX/@Ka0%,WF.7AW@+1?9Y<)08AHKD:XC#!=b+,*a?Q7ff`b50@L[3GMCCO8_G\U/UJ
@6!4L9W(R]>JL!]TX0OS4E>WU)ASCB_&2U3^>@cS,5^/bdb5L0SN[IZ;\'\3+6dbVTMC3L./N&E0;U.!O6-J+@Y;cRHMX:FL"c;[
(>SY0Z[;XD,\=TZe2_JO\Z_8A6EC8O]:^<-:A)Q"ZMQ@_8R,5.UM`bdT#KA_(Ca$-8:0?1eV:"Ad"?:(UU@c.$MeJ1->I%\_5$J$
cO$V@Ye'GaF#b`,HcbOW>7@UEbIU4DfT5#7!e3GeSW)Q.C)ACc6OD'K+ZW]T)8)Z9^PI1R19PGB'BI69!JWF&O/2TT5bQT$=YVed
P,]NP(='ZO]]MKD.A^@a\Z;6_X(0YJ(*ZP4H@942T%)>I]7a'Ce2]!e)3N&TT[EUTNR+/5M_6c)K9L&)%N.Ac")1e@?X3"UAQS\f
?^;^J'12?5Ub/AeM#'a/Y"7)%.C*VN`S/3'UTS7&-1'7eX3Ne_2:G!'M4C1:@T4O%.;2_?G:E5]UMb;-;e]KH^4Q:IKC_S$!R/0"
1VZDHabR&PXIR^94)F*_B]*&A]W;J0"BOJ*OEWc6Y7(&-&TAFLLIG_N=EZY.b;K<d5^2U9#5J2(C+6+<('L2?:SXKBKI?-97D'%,
,'\6QO(R"I=DFBVOX[VBNXQ=K!0DGJ*W)QaQ^(Q0_c9b``!9\5H8Edb,V>`)/)[JT::H&Q(N@H;8`D*b^T3UAL+'fXc%"FA?P.XO
[X-2L_XKR=6.[58\?66@DU/d`$f]MCe*_+Q'H<;'9F9UR8BEZ:=;:cG*#SK]A['NZNJE5OE,fV@<#7I&fA7I6SNTF3;%<@UGH?;)
27)]L9K]We/I<JV9=)SeJ]*[36>TK*Z04\Q`GD!fSK&JfIFFT-4QZ21^W7(QTFdR5TFS6DMZ((=Z<?2D!1[0=T[Y<BKEQ$_V/-a'
6]&OZ(7%FS4'TJPY"+B%"e$07&;C"KI6*#\f-YU0*$K-Y-'dM5+1?3[4U5SLJTZD8R)<\0c]-dcN.D6%RO<;E'Q-D%>M:IETQ>>9
>CW[D%IZ\5UM']"KQ1GEeK<,d@Q=DR(^BW+P6J6$9(G(:-04AC]3B.9&Id@#*9e#]DP2R33<&EK_)J1%a-"dT83E;]61<=_Je5/_
>61*$(bTQ/?@e^X5)B<_>PdI'HF2#P:/1`\X:Od&HeRTf2f.'Ze1.W#@<M$-d$#=IQ\=Y.?](4S(-`G.4%V;3d!DT6E[-3RJFaB5
?EO@5M=J%36''X,"6KJ;(DYCS(O2;IKY:BXKC6LH5Z/7V@/X_e3*/<bS4B9HI29Mb1"/G+=;UDA'`/>%%"7,*,e3\+e09a*>7XY#
&3?<PES?S@6#:5J`55T"Y/=+?(<Y_I1J\Q'.Ef,e,TB2^#V]=).HZU_#NN$S%()<2GR^@YVa<$;H.:]#:?%#8cJYFeWY$56"`;!"
ETdWO422)aTXC4?E9MVN1/+R7Z^_S!60,Kea;)G(#!N(KPIHaXGV'QbG3D".#a>1J16fAf*>@ZZ%FZ&6"[PG&^*_XOSc:4+9+'H3
3;WGYEW1#8>D)Q*0">!?<.,9%:R&K'Z[OS`G6[;/'6Z&R>UODO+>Be9=[-&Jbe3$LVb$3Ad3-7"Q-;Z?UYcZ2&A4P&;;63KAH4ba
9>;_Q-5b5=SE&G85E6Z8GJ_aE^9/CWRF+:9X<T.>-G78-.*SHY[[f<7CT0V!*PFPE+Bac*(_LN<C<*H4eFGND,$&;_6b4E_B9dHH
X,X+?P$dF1CT\"#]E\aDM9*)W7<F7[JF)4aG*Sc.@CT$]I\/+-^)_K%:0<;M\;ZDL7,.%3,JNZ+##01eKA.Q\?GNTc=DRCQ?$T01
(^)c(3A*7((5=,"N7;1M60cN^G.d7&\0TAPV*.3C8@a-4>.K[3IB$VUO#V\:K[Q;*]8QL&FX#:d,4KJ4%ZUD?[Re^cAV,4JMc&aB
fK0B2b%8>A^H&65LAZR$SR.$,!_9[E*=`N,*4$^R$49S96,+^;DJ`c2D`N^\'122:a,ZED9Y%*@FW8H1_9<5:5F<e[0C7'56.X]A
_f.O(B@$O`#R49*V*OOd$]*0@-be!L)YcB&2"D#ZH?&"\M*'Y&F[X'^eb!.5^`Mf'&.8-#MD"CFYF`b$^;#4c6:]HF5DM+&JSA"&
;0,R<0CF*A`A$H:%I4Pa^8ZTO3\&bZ`DM-/OF)#`^*7F'2(A<:29GJ13%Y.?W;=2^X!M11)E/\)&SS$.'+1[aV6(^-.O]>,N+NZP
C8$[eaN8GVJ)HDQ1/d+Ge6@)]!-]3%?W;P:0\F[f0+4E>3#I2c>[9SOD#+#fN'0$H#32&T+_OU"B&(*F=_TTTcE-72W?,.bOJ9.Y
YM.S41FTJOFQF0YZ]T#If0"UN.D,B1Y6J?#;7V;F2L&<>ZAa4.!WL^D>P?NP@XLLRdQ8$bKT6EPOJ'\1BEE">?J)\-G-KIDR.A0]
T:M`caC63?N/a!5X+[.`P0B#K67.aO$.3O@d@-_:F6-J_;F9R@$RZ4I>L:A[.`#&Q`aZN;%@E$X?[:(N]::G"f^$HM2[A]Gc,fF#
=@E;;7KZCMJ:+<IK`N>4!4OKbN)J9L#YK#Ec[)W2C6%MK%CJ[,?b><#N*ZaeO>^8M#G#))a:Y_=9JPN:8J2SV&2:Of/Y+LM[A[Q"
T4V-?\72c68+DLKZ.M>37]Y-d++"P0-FS(;F>MNPAAdK&6G<K/+3+84NC4'_MK-L=#bU]"P`K/2HHf$F/I3WX_.8FW<f9W6Ma(_8
H[eZ+#IS+NCT(e"&EH:fKbf=<THG@=PbF3?">([%$8Y"3";^%VMM&'C2',Fd8=N(-:DL#\13:Y*QW)T=R@/e)YW7;P6a?_E1&$R@
D>>R3MOaPXI4,<(7NK/M"BH$b,e=^&]M3=b4XQS\dK0+ZN4)`)(-B"N<+=047cU@MA&Q#6^O)H-\KO*:TDb$WG]eX9[=C4LC-ab/
&d$>);M-43.RFPe1)U9Z63S?We;T_b_)eWFK*?^2B2=a!*T&@>aN_WKL`a#>.NFZ_YX,TfJ+Z=Z+`A`@CAGb(/<cIPKWcCX+KW(\
Xa7)N"TSK6*.S'a.JN."RO6IAQ/,S'dDAca^8S[OF6NG_X?2R<U$MB]&O??-UFAVC0NW&cSUCb+8eEc5b^@4>'1C/I*[P%TC>XF:
f'V=3MTbf<HF&RXMIeW(61VVbZH-H8\Ge,C@Y=`ZWDF'^'[2J97dYZ@13D^@6_=YB:3O2X%WY*3[=*Y4:Ne2$]Q<XN"8-$*(]@P`
"Y-PO73.*D*P8G#*b0`G!^`;M]?D=00Z(fSA.+dA)HTA,1"FY;2+=AJbTKHEdU*2d!?86>,$.2[SWc%2)%a$7RG3`3J8''8Rb:O+
@&@!_d\K35N^X:X/OG]_3/Of7(TB*<+?H--/$E*f')dJ8!:4SYT!b$7J0*LF0TAG#B?cD67$#;Q,?%J%9%V>=J:W"UW`>)5DZGCZ
c.QF>LLM_4_^]`>)7OAU<N9WXO0'YO_A3KbGSf%'9T2;A<0]N5+a>Nd0-0J",C/@]QJH!9C70"c"OHT2a80`S4AG0(4KQ1)L7/0.
6T#20$XdJ>'/_GK`<LXf'>O893OXGT^\'SPCZZ:b<L3727R*^+/+,4R>&P.:_(;2.L$GdbHL'44dJDBF)abe%%,6'![;Gc97W"KG
%-3)eGJY\$<[/&dQ@H*^9I[Y.b"\9MVRG(K6A_T)$P5&c\PV^55]YNJ(2_^("!.#&I^,=.P:JS-X6$(f%I1Db&HaJX`H%MJ=6L3d
