"]2D5?6N:097RA/!c0V*\,E?DObA#'@D@1"-GN-$I`$=.19:X!QD0NOffB<N%HXdTGY(c`2V3;(<W0-2G+-*<1cX?QJ1f`?)!8<9
:%];(MRE[B>GV!3#(7Nb57:5P74K/,/*19KJUc5_YbMaFXbJ&R)GaJ)!A8IP8:?%+\X5I+dU:46W@LDQ6GXDF-"USC&FQ#Y8U=1N
"VMV'Y,A#.bN/QceEVQ-C*?1KU;A7C1ITd9>W]Q&I;8$;/EOF>#Q-+*b)2.9SDCJ^WZ4@JTLZd41[VP9WQ#G<dC)^1G6P)48<b,X
7S2R+I:R0LAdd.68(__aI?GZQP"TX;`;56^NL(A]X]:YV:?TUKIe=\[*'C8aB$4='3EF[X0Z^[9B"(4=ef)=F#4*GJOc>SY88<!)
H8;&8_Z?YG[8*WT^#D/e:=E%E-_R9\;4UN0EFE$Z=-%K)f@NSR$9J6295+]GM$C"f%Ab5=`74@&LMZ(+3/fb-8a'[".-I%FB3?I\
'[ZbV>I9:Y9Q7/[Kb+&U%V8T"NA<6\SDe7cDA&02',QV\477fPd95YX!5/,WY>aK.5QIHS*2KB.(8&3]2fCePOE/=3UB9`ccG.6N
fM3.abG@FPW)X<&UX-.D.^2IMS,SG+"?dPNW3]H1IUQS5@+!^X)2*:`6RbUEB7?ZR;a?VA!L!%A3#7=Xf_A%X4.aXTYU9S+.,T%B
U)\4]T9-ZP5BUAa59@8b%#NAVIS6A,69S5bEOeN2H:UbG1<*<MQH$BO3TN@\)8;Db7eVOR-U9#:DVf^VJFN?e(["$W1:?(_P4DR6
6L87GNc8+^;UK*c1%$b69HH0`G\+6;4W<N#0796&-:@CU623::%-&[4_e`N2H61d8;;8D#XY`>-19:<FfBe#W2K0X>-N%AM/;06e
[BD23Na*LKc6$JAGAa]+L"9YW3eN;(9&D?9%_N/Tb>ed?.:ZZ(;c0b;`XY.Z/4=C#!9M(H!Y4L!N2ad0ZN"c=,%B^LSB&I_!W`Ke
@WUQZAJZYQV/CL<WG-!5O5L>#X2!Yd4/88?.SB(Vd..\R+6VN3P`PXUS6L<>Y<J_]`N"5faX++T<.-_U_"&66*@I"`G\Y1R%4,f-
D=Bf50OO@^N5b%Kb332/]]>5VYAYG\;XV,I7'XY.%%f0>7`MDF@\3*)8/_^T7S#4!E+(&/\Z,++7eMBN672]9aK4VLP@98A>6-`>
$"(fcQB@DP#0Na1.76%P!N%#.\;X!IAL#9KSR#ffE.=4[<cKH&09?Q5cX?;"W$K<K?FS4^/^Gc0"`)TW2_1NC[#=b'?.3aLXN9NT
*A/=4.3P3YacR-aT@V-H\72%8*JV>2MJS.%V0"48V`VaZ)c5@4W-.3\"aVOd-&a)L8`cKEYd<faDR\/e$/XK"3H'W!\2D1Y#cK8I
@^Y7_J88G<=Z4ZZ:.bUdP@'6L%"@P>9K.'b.[TM\-,VB*!I1^E0Y&R%\V3%C2V5&1=/2K,&_X&bT7]F3B!^[*AE(:NNKD-$4-KI`
(e%WLEJ`b(")!a\2(GPX*Fe<V0P$^E)6D<Q[U_%($bD1Rc6+4LN7>'`@/\X*``U&I=C5C82UK2)]XY!L*#YAZ99K1D@31B+^d/NR
C_V9A<>TZ`$a?eYMKG9JB`KV'eW0%T(JfE;^c8H8PY<BGWN(Z5P:5WH1OE>=fPI".HC1XGT(O?e$[K]85;Q<UR*7"APWRUFQS`=G
974G>;4F[_?b-LK=D?c\7c%=6S(a+)Hc?!"((QF`S*dL-I:3a?6%3[b>49b3+'0Z,Hf9GXI/-.=:."M%&UAb!OK4$A'eRFZ``I0F
41*DQNUe,O.TTfSMKT&4$%MJS>:RcAJ>&#,OLK2M/1c_OfB#9W>X1X.0V)BT*9^cQ[*%8.W`^5*Zb%&<SYJH']DBFa;:80L_&U.+
KB=JdW$SQB9Z6e-`)%@L+^S(09XE-X=3<A>cI%0H:bCNd88ZdOT`PI'GaBJ?R/:6)S!33+[L1')7RY4*1>Ua_?#A`+01?F[N12VZ
93:_4ABB@dd`FBYbb*I?\7a3%#:e&a!GJ%O7B"f]]!9AS:+6]#_+,1K!aN>VYLH[ZS[>M409=B3H%95VTM3"c<cWd+.GOO;-_+>@
JU+G_%]a+54E;CL%=P.G-f3QD8<F6TTLI(a/QA?YO:I+Bd#UD:RD@,^GN3$->B"&\<ba6K*AF[4B3>8Q/H)U5`#JI.'c8;QS2F9"
_XJ4L0+#&2M;!aSdG4)9U"L:<*F',"/=Z<P<E&@P9^;2L4+$aNO^;;b234;M5W]']E!.W4OX10>NZSZ`'%ac?$Lf^\c[Wb,V@\df
A%DR^S7B3916KR>:>A+M1RB6L";]e:]3AYBR7SB9,-3@,9\T/$\'1;?%\_H]@I23%)[=c!a7XAIV^+E#+;ObIbH#QUXX/OB(`<TC
aYJ!%.';3!HKOG(F-XU4/Y3_M51Pb7N"O2?'^TW^2RW3LUd":F[((cfb,M[FXS?>4=5U7ODRP")H4-cN4F:PL4IC:[KDbJ5QRLX^
2*%X%QH-E0]F1/%bS*DfMTU)@T+UPD0H"RH5Ab_fOMKT27O7!249GG@#f3;K[]EHcERQ`UHA@M.1>bS_S6C)`&)^`T$F)R&M!2E-
T-f0ED5EO1@"W1e>7)$\]Nf_%>B2f7O)_3K<P0%*.NO&SY>\=a[58%`d%(G73b2G`[ZQALO0&A9_`O'8SaT/O,#>^K5.&KFH+,-`
PbBRUC#(916D\XfV7>'"9;Q+.-0Ra:I$2#/Q43BCT!3DOb7b1e/X3=`HeP%`T+E"UPcA>!E9I^+SM0C5aO9b!Ga(@P.\$W@ST&$(
?;H%J$V?VaUO\:bR1R+EG'/#K4X<&G$X2N[$\XP6NTHN1,6<+Pb_40C.G5b8:-VSWJWEf3OIRKZ$'"K0aaU6YNMF1,$67``80a=]
=]M-::`+D9\+`<K]$O<(8!M:DK&*6BXaV9#@C-K_T#AATWZCN10#Q(S_)I#Q_`""_UFDV;,b.X/SB7T#5Y#Z+*I.;G?#WV#X=P=I
K2QPC@Md#*&2%APG@=!JY5N3-0bbfFHA@)CH'8.!-JeQT:IGIA]X?[,1T5=;NaBMYX?\^V&0/0%%/^f-O*9PSCcHG:R\BJTdO!<]
M$JVVS#?/)3@8Le&>[!Q'<K=/aF;"'D)5(5VSUENT3L$d]1I=HeN'JM&%@^bW_=>?*;^aU6Id!JMJa]I4LV:VTdW+SM;!dS^IHVY
<M"c*3#_^!'*3%.C[+H7`*+ME@<C%EZSQ5bJSb0*3UI`*R<A]#45!eIJV6QCQ,aULJAN*eaV$YT6F8bU=e'S_%$?FSN@7H^K:@#_
]Y7aG7UU#S3\=J2fN.-+[OATZ%V4*.6H:,VcbK6ffG383[:0.L$6)XNKT-K>LbI7[93d&b3:-X5'\\^G7/+*B8#$5_),1<NJ;BNT
/ZX'8&"O8.dC\/R+FMR'G]\\E&\dR;J](81bCKbPJ:%A^3<=7e^5;<O8CE27M^`=(f"9#J%OSS/-"+".,*&X.-_*GWDF2R\abEV7
*AY9`HH;P:a15cN2]M$Z$9%-b[e3K*7R1VNe_JD3bWUF-LN19&GM8%N(1=1!*U#W?DcK+CTFOF@1b4_\YLC?I/CVJFG1fI8P$O:D
E2U_PT^6a`?9?0]d@IV17PBf3_6/B`P0!]8A")[:f0X@4KWf;'47%H'RH!FdO)Z/WII2'B+e9>!=O;B\FF44M(e&B&QKUPDc]*00
@``G:\3Z60ID9^O_P6A\DYG-Z_%'2+<0fW@K%;EZ$8^T"e%G5ST(NLO`/*e\S4T3]Q.POI@W@G<3_YJJ@_<'\W`/XJf1/N^&AB)3
LG1NTA]-05F8Y2cb>;\cY-KbHQ/d*F?*CP;)(HT;$^M)AVfI<eW_)GK*F1.+Z_1aE'9e$^CK,.b2,_+Va9=1c?T5N->J7WQU5S6\
GHcGEZ3b5Gb2L1O1LNJ<7Y']`\1bDOdO?W0d.!*!'U$WJ9>^2CMZM-Z=4PL+;"C,G=1W(f'9@]OIW=X;@UOeQ3dRY<GL@/*AZF4M
B0L">DO'I^CQ:d!PI5[/c\-)!N3+T35A+A)\Z".'F>X:6+WT0Pc>?M:94/#6:+A1NTQF61W3?]BJWP<%_4^8TZ`_!D+:RYa'T0/b
")B8V)__<4V2VB7WN+H_eX9-b:+HP(5=_J'daG;S-b"=!(WP*QD/RHe;M_;=U6f9*Y1AGd=:fR8/VNBV!+7cOG">0^<1+TZT,%N?
N,_8\.OL$dE:(54_Pe8ZB#b#P!>a^dS_LO6-MDL""acL//#_9N5<#XV#cdf01W6=J-G6\\b@Q9:.@+J#DY/J9>QAPE]Dd`$A+9T^
Ve\c4e@(;=,7`PXaH=Y69Z"6">^e`aKUQO5Z*JO,/BK2)3,eH+cDGD)$KRFbc-9])8*]"T3,FbV;H6FBQ'[X"-bLLfDYT<f`QYLS
;G*N_V;$P)L>0'Z[P'I&NH34]80P761[,6^J/)Ne026^L2_L(]eE3GO?/cHT'=<$W>=V!_+_@.^_P0`*N;:*.I7HJFFM0H&c8Kea
$(X[%[`O$S^GLf^2)dfJ10@=3UPG,:I2/b]@;M4S'^YX/$YE1UZN1D/(<GC#K9'^`*TA(!9D0H%d;[)U]9W<F<D6Q.^G2%$7,NV0
G#M30J3"edB6)cIDWKB\C(!!W1a(Q+!4a]<,@TM/>9L55Q)4FIFX.".Cb(Qd]74`DDU"*Lb[XA::+-G?]'dR\AM(SM\B@SC.&W"\
U6Vd/F/dR")PO\HfJO.d_H$Q.][Z???4R@6+\!$'/UQ><=Y6GA`>1CB@[U+^4_T.PE?W"@=2\*b&=8Qe=`Z@NIX=%b_$ZN=S[<\O
)Yb,Q0B]&*$/?+Y[1&MI*\Z';&20/TD&K;0;ICZS'f"/(A-_]B4W<"3f<K6c1BKAcTTC1CS=2dT=?DL93N@a?[_KJBN<AeS@e3D3
+'?aOd5[3MNB39'cd'/(?9,2IA6/ODZ7HEWT=Bb&b]Ld78TI*!<7(];,V.2R#JV[7P5`X!/G=\HUe!^:Y8]"KH?6;aKY(aTW&`"$
c)_D]%9IWR7U5X"+MQ<)4,\'K>H(?+4/*?f<)OY%1?B_'TXaXFK3M2UTd,?V54OL*:C"T>\"L9V^Xa1H]N<a+LQ@3:S,#6^3:\e?
*6d2M@Xd+-=C%N!IU9Me,?c]%V-CX(L6-'>FUX=Q._0`-fQ*^\1!#d39[@SF</M:I817SP^#G%!5_T=[H/EDL0LQ`D#[**1:-:Y`
+-W"9$J.,U1J<P=R4U)."e6]9HH&A9e"b=bQO_!>0f;:@RIEHa4<41V[C2LQW9?^a`C45UQO$?@Y9.bCVL3A9B!?EYe%-/VQ%"fW
.Y^I3=>`ON,3#Q8H,]1CH93/]5K+V!_!P@?)U)3R<>LeM(%3KP7CX)F?CX_;;$(0,C(4IZfUad?2e6>2@_+1S++L/5^E7W`ED!<^
]f)"/%D8?,Cd*3B7^Td*KITUV"_`86?cG[/07&FGc1JXILQNOL@1D6@E@1+2;.W[++(2_<%ILQ-^W/&%G"UFe:+c'aD]`XLU_E[@
]?c92->K<=W;)"S#IZI;EH4=H"+\X0^]P[L)"0&@_$^A';'08b<PPS!^23%<DGWGEb#KGL,')\B*ZO%6;,T'+T'UV-=e`Re4)'2P
:T#GU:U\/?V'&%U%KFYbVS8',-1=E7'"?4[O/O\IJ/)^cV0WdMJ>+*+JS"(I7(+^C=KI7,C,<HCdK@`%*d&N5].?E(Y$J.X&#)9T
be&!%0&d.J+OZ/=-C!Zf8C!(DI>2[@JUN`INAc;@I(K=N9e:5EP@!U4<Nbcb1_\[:Q(Y"CP/DQ#^Q)]OT!K&97\=<LA`*[>'5%&`
2*S-PY=7AF$F49;!T8F(&LE^`O'UJ7TP?@@S87Ra[c>9L'&6d;RP[)[J0a1JA0QOE774IaV!#GUZ%A`P_+)B7`.0P-/$XF16]JG;
;c+O(+3:'DR-(G=^0<B<aBJZSXR08PW)F&9X21d.2e8<d-9>G_P0C0TZ7B+L1+Y=2=JS4)Oeb@JK1`!C+*7J]*MNGH"49S"WMB>K
.bJ)2`S&[BIF?Va_d$5a<9X1#=Z_(ZV)"dY*-'?5*S%Fc'$8>.`=JY7@MBL.B!;I6DX!+$=I@=/P<^A$^!*DDFeDAd`bIReA3/1;
(4,5Z#62*+e>'D%$e=M;N"ACN93?L%3ZU$KE5=W#*IY?J\eY!:Z[YE/f<']'PK!!3OHZ^U6<=Z,Tc_TdbNa-Q7)5:dfEN:_^!bF*
,=/`B0&8:I!](EC^S0%#Se`KSRM#W6cF>OT0KUWY>2WR?$&MZK<8F.58S**@[aP=;)7OZ'!^#RW`H$O*'eO*N_,DGJ?;bS9!bZY!
%X3^=]Nfc%BXX"R"-Q,:D^MWX-\HJH`KK;F>1+D8ZP"_SU+b#.a_beP^EU/\CM1(?&+`\MALM?D.-T\d>LR>U0G[AO65K_'>,SSU
f0<;J]d=U-?&7-3)Z9'"V%f3X,$d/;V[W$&QAdR&cW74<K&QBeN:-7J2_SSENa^`8I!&OQ5_99&`@(++%)[!eD.aBG5`:fM9JK^D
U^CbLO-9dDJV]32'#dA[3JE%eR/3QF2"a3R=]S-WO?=+Ldf,&8RIAX;<D3<*C.cC^^=5[3LaV%/!>?E&+S,&>84]`"INU.XX/f7T
cK8`[TcNN73<B&=O4@,])85-^c74/9A03U:HH:[BGa\X+&ITI%eW<>$!)I3Pb&)\S8MPdI/0WOb_B-6EFU+P\'d#LKeV<$KbbSRA
e&FZe=XK#?^PC!$-Ee"Z3QE2[G`'E`d"]#[<2@67[5>>YdD/4B2`aL(OM<J'J/'1-!1R$0&1',b#NRPR6NQ8@;L-C/\7J<DI3#CI
%><'+N2(*OL!&;Y#7DF,_<PZ933OUF:A;d>P:)U$@"8H\')NYVT<]?\Vc%\K!Q8?cV4KK[+P)94cZNW&;VZ8]3Id,+G)>UH6;-]/
..c/TV\-XeOHD"4:[4>:fc8C>82;8c>!*D<aH!0W>c].0bF_8Y`*d,INGTQY/!F5ZH356M*UK2[1@+?f"!Y`*$5f/BR$IPAU%JS-
&LI:`aQNXTU"(BD7:,ED1UA\6.K`9IHU)K_e%TYd_[`I<,ceX>VO&D74WK_C190\0<S__;Ae[8NF:aITYY@cC0$=:K_d\<:YXcfT
IMWLRf6>.&(Q,Z-"QBHGXP[6CQ>Tc7?""-%FF,.-JbND!U?7`9FT,Hfd;V:$LdS%F'#W)%3`cdO`f+Ebb+"JMF;?fe:a:!F-8S`2
Y=Db@I),Za/fTU2SO1fG8,Y3;eQ?aKJ0OG;B'-?BP+;3<T90BXA91HT>6L%>7fH+4&(`@S\$<BVcQ5;=S8LAG<CTMU$$&\b'6P:P
`aW+52$^*BUM)WEAL.Y%W._I,;]&:=^^PTO)T7TH';V?U;O7eMA=@1I.\R`E$f>>ZG'J)@5,J`KZf]3X*b3a;/T;`eH,$7BGKf/T
&S4:6F'RZPUZI[X5d)#=46-42<bRAH$d,VU$B*C3^=J2=_4:$V5A.5"1-86\YK8cRB4-[#MH9MC-`.T)AMRUaTaI@?;W%?_3<PF1
WTHC\(I%We(EaD\<J_"IAVO\XBS$Hb?U@X>B,Jb:&+@)eKK<G1+C'C8K&7G"MET$-7>KW=!#;.(8`PP3b)82\0]b'SJ58L=0KbLd
R"aEW_ZC)1,T-c^=Y(O9&)M/%^37U;Obc*^5)"C-2O/`c1%af'^YTU,$Qe&.D+!<aQ#&Z!$9(]!SP`^F:GF@.;EPXLVT9EUSSCcS
/:TeH<UP"d)&,HSBH6*!`I78*eQ/WeP(OQceFQPHGH^L4:Wc>46,d+1`NL$"/T8PB1Vb0;b4NQ$O`$fJV?G#QZA1`d$HX5cNUFN%
&CDA371K+<[:1=$^/^6U\9PMc:fNB+"Y&X[Q/GZ`N!NIP`.0;JJDCK+>a#]O]PMC_,JQT(`.AY;9VHdJ1V("4Q$0.<)VO2IKE,$+
0eG;:4M'61(a-aV:B9ND#eT?.F@L;_N\S"UC"@O%ZD6W0a#!7$/*bVUe73ZG=D1$X'6$Tb,1'DXFN3JR23M8)^[[I.^5df9J<4^P
/d"5?$$BN;-$2&+fJW7b%>@VK1bUC-$DaI1'@%J`CPU'c*Z=^;De!BC&;WENS^6Ve'Y-?/@C?-(NXd@80eW<S#UPAR01?\,,/$\a
YRE-_:3=QI.NFADc9*OCT.,LS$HXeWcf.P)NM6YLfY;K5+OX!R:,N#:-LT0<;4C>MW7;:/X4'^-\;d.;[f8Zc]F_@_7QHG.A)LQ/
O*.C$4ND",1G)dLA:Hfdfd`K%O`\98B6<3cB#97NZ2YB7&eSSG39+=O3ZG9R>_$""@9-R?'G'K5KQOM)@YPM=_*?Q$#1`RF7F/,B
:>@3cQ!R0;*F4/?R4BPa%_QCDHP._E0JCYAB)[V@8b(fDI1aC;#'P]#>$`Z1DBb>dY**'0*H6J`VJ`5JS([H%@:I8R\U5\6bIMB-
Y0Rb<W?ST#ZY`RBU$I7![W>9+:E';:H\bY^C_I*#J1^Z\a54Df-=8a\FCE?/DQ=Q\`+R33]4ZXe3aJf\:D+\<6-Nf$9-AU#W+S3"
a5%T+4cW:,B)V#e$)0`2;DKKMJ88d-`B0_6Ab9;<DGD#c473MM<IH6P*KQM>EBI>:<00K78/A+V]R\=\bI?)_PXNTP-,R1(0L;KL
8d:[^GeOD['A6S+MT?2P:cc('ADXV&T_Ee)S0_.BPMMYA,T45*eSc;#-TY9=+]<,%8J@=Qd_QWN/a:QVC"#T?&2:F;%WIBEV,"#d
XA6+@V3\$KTaI#AR/,<@8V#b>JJXH-'#C5T7`,[N(2d\,'D?E31_B43!>[ZDPU>G!e,0WTPD^d_(a7QGLHC^M0U7U?c[Q@Od]J0"
R/UQZ=(YdD@"=<3S5P'?e0EaFM#b?<4M-K?M3G_3Da0H^:1Y`MW$EBZ>M9e)![*^;F`b'$W%?Z<c0W,B*S3:W5MYA-5`1`4E4Q*R
A[>0TWSB`\W,N3!]f'`Qf9Ee#/(:'N$U7;MNXW7ad\2(:_8&Md(@@T.:3A998=79C>KA+dP:-A#%0%Z$[K?L<[W._!O\TX/?1;R_
=I0Ze*'S68,!5b'Q45Ma^=b2PUG!GJBdA92D>-7,HT@QH0%U0UUR(If\)R$f.=;@!76TW49P158':I`dd^D6?N*O2\<1e_^E[`f[
Y9_PN.a0)'=?V!IAA4"KHFM2+cJf5TT2KEFeWZ*cDH(#*c@W4K4E!)?7^_%aPPJ^2'/#Uc.S!_-X$H%<S2:*]2.c,:&#cfT`e4%$
<7N"U[@)#:T!"),bNXE_3QS9-QJ^=%?MQ9eH];4L(T5)3^7X^^7<2?PXV4fV:ecdL+`%GD,1bc-F&4)96LQMH?_?-U?4QW$S%@N3
I!P;>[d;[K@>?^AGP^OS^:3=\I*YcPF8<DIT#;P#*+T[DESM?:H%MC5/KJ_H87'E<"$RM?1&`4"%\FRK9X[N0&b[6`+>RJ\V1J*(
!`cD)6YcPbI"cQS]*2O%\$M8E4^>4!?c/R2;d59Z<9>*WN8H,R-33)c#)N0BaOTJ6R#0KYE:M_F7?D!YT>(:<"/`)HX)V=F\'+G$
U/&LZI-&=^/49DH[3E_L9IDI8L8Q23F2]EH5MVcTQ]$Y?%55%\6Y=cN]WG`4fI<:VUb15.B..0DSAUM-ZO=<)(&C&PL_?8^..'\%
&cR@4!4,V_V;"AOJ/BcC`;Xe]Ef5W-&'S:>]Q\aI)U"SWaBB`+6&!c&8X-0cMTZS294FUF&<`=R.Kb"GI+'T0R(PF^EAX`9QU^Wd
X82B!R\RV_<>+FDB:":ZN:&ZMO_EcNGa=.JON&Q047MLNBUJ.d1"Q3&,C0dQN#-IJLb@X)+SN-8CXT[3,$9A5MW&f!OX01$,5Z_*
'&>?3*;D-\HG@3OP9C_dIB$#GA'\O8]bX$K*2M'T^!a65;U?1OP#Y`O^6&?2\U)=%67MK27H=%B?dB$,>EB/1Pd=4W5!1PVC9761
/0FY%N_)][G_`Z+`EB7A,=YUb_I@ceVS\&3*Y@P%,#!C.0W[IeX"G^9MX>4T0N\?K\OPM$'N3%;`0LK=E\=-*?GJ9%[M67'1/0;M
I^d[]"+3bM1e6\GV79??[?&""2TZ'<M7K:G%VC\;]U8O]21R*"@MKAZ$?2b1b#/BI,Q2X7N7+%8?d/'>W;>_77?f$;')O&V.\&P0
bUAKaV-L$,'^X9<1e0[=LOQA?L#Sb=9+VTSaU"Z!Y(F,A;@!6E:UF08,(1#2IP8Q&Hf"4YMZ;+Qa6<'ZdVYcK>XCFZ1`K#%8MX8-
7_VcJSS1KRKC](.)I^O(4+QZ0$%3f`G0-CR=*Y@[UUO$]aF/DJW/:F:d,5NIJOEM/^4>dK7^O5AcP]'I%E5P,/8$&'/`RcTR+SG=
?d*-^HO/:dU;3_UcP0@M.GB%WG[N#cB0,;,K^8SN'a<69)0;O(L*UR0_.@5CY;V:GTNJI:U^UaWe<C-HIL!%,I?I0-K-U311TA3J
RH)C86.X)#,EK#1FcI9QfWY>M>2!FYVT82ZR4-7a4<^YP*!XV&2%_<,S6+ea/6LaTO7=]B,&]L@"82<CB,`.0CSKS5&88F4DU/^'
CSM`W+`ZWN;&]N(acH"$?Q1UXP9=%]R!YQ55RA85.1^J77"-:,HI9=&eTVPE_4!#>?4!X\2"YdO[:e,,)X>2>_O6H5ZQb4U-.R^4
K?-R+G%6YfI'=+/'I2:1=HGD(SE%-8*X>2JV%GC3P,%ZDWW7)L#;HQ&%2W/:!Df=_Q1CeD;D]$dPZ-;PCJ72"9@$ae-*-*6'T9&b
0[If,IOHX>Z\=DfA*Kd;"`0I`3DT-R#Bc>`f>e(5dJC.J5RJQeId,(/5X9E/[FU/Y8SS_5a7+YdT,-MG`L(D4M4*GUbcZ<-(74:!
Ec8"I@45&"dK*U--G/BM"E.#b/cZ<([&Q5UW8$A_9VET83^>2c9UB16A=9A#6E0WO25Mfe2A'IP<>_6*:^)2F.Kf=afY0'W]AXDC
L<^'R]RV5b3DTFQ0BKSb&NXfXO'N3aK9c!'2SVK>T.#0!EE':"ZY4`"Nc\D\T\F[;cFXUGQ.)Q@":,3+SA,/J_-"7EbZNA)A2/,1
.f2B(>9]TA,TQ$ET'Q3RDQ6ZY+AMG0BJGQR[Vc^TMM1D&6(^X1[BUWTG^'I^^0)$""YPX38?EXOe.H8IO=<)L*cWKD-[*&0Rc?ab
]<\*(@7Wb>0Z`,K`P4!KcY*UDQ2-?LfTBA`.+/PND,MGZDS8(M(#J]e*aOQ0USAW!+eB.>I,bNS0M<BAE%R_N[9G9`-;\&7U&*M6
K\cT[bH<.+E[Jb]VKQU>_HBGH?_?5KHJ@"+IPdWT?`^1[R5'.TS`ZOLbE3Y(`3/6P3!<>W3P5\;eL-U*(7CB[c"@Q6W7$HbC]ST-
"W)PB>$(L*6&_0#*2#YX,%e23P.!J"ac0b5bP2fa/-7%U85E,Z:I'C8!D3"F]!a=*US#V^<<?5GbON_2)8@[U@*0HB60Aa3Z:N[X
B)PG#%KS)a"U9875;a\._3e0NK4(ZbIB);"3LJ\ADFB]N>fG==NSc]^%D#Nc(TW>EOIJ!Q?P@7U"\(WR2-G"GaKcA]@fG"]OAZXS
IY>b0C[B%JQY2E0A/C]W")74HW:Hc7"I:2/QY>M'RQ(LX.'XO*)1`V=ZbW34`FV@;K/]:^bE6eYT58YEaO8I9IEV'N=K)%S>_D>^
H1L/*IbPA!cQ'^=1fV2WY[,NZGf46*\2TZP!UD[Y.26XP($\C!#W5="FbEf2`*bce[3K*C45f_O.Hd$XEaQ;2bC@R"d@L^]LQM`"
613?c)]X*M")RX?)e"<?])3H*:._YX$e(+'/*S>.L!2,QA-d&fIC"W[OI0BLW"fF6L1O97]!PWMIO\5-ZCVba"(&P0"b]OI0V*#>
S*!Dbd6#'"B6%R\8)(a"2BGOI#E07BZ;R<dS^!PQL"9O(E!*"!H5$57ZCSN2!8K%)3%f2;NJ[LT9@%EfA.^^K6.1J+;J*G/`6L<d
3X3W0/UAZC1)ScT"U$1H5b@P2R^baUf0WNKea?EMN,^*J8[]:`c"A\@Q$'WUG)fIUP7+!T+EVO<%JB41Y+II3PNG(NWaH]V^#8aQ
"9LJd[V-+0f?(3\a]P^.We>df04P/_32LH-1KR66)%4Ef)I\.V%<#K!%_1J:H@#O1I_:*G%d+\!&c?EC-50fBHdF(f,9/I759`2a
"?0eRRE%Gf*?\a>fUd)!eO<D,M3P_QY+dX95%O[^SI6EVNZL@?4`.)=YW*;@=(@S-Q*7]8+`M_,$;90dMUI,$0.]\;KHN1`YB*d^
*)=/TNC.%8IB(H@3%K.ZD.">Mb.)`SG>MB66f#60@F^;K_;/R*(D^!;7!\8]7%573cL/d:SIB+R?/;>._B"7;S+-&9HX@O-f?a$*
JSB+?<2F*HFAa'JE20).W`,8,0eHe^cL'!L0SA:7G3%9<L7_bV7XJ+H@-"8:J)S0abC@WY@aJZ^D>C7!;0Jb;U[(S;Y8LI%&KdS(
8!c5N?VUSMf$>C["H?XI>_c40=W[S=X55/0V2W'2)PVfJ1*&[TZ*P9K\OeF]S"#:*!Rc$O:]U^BX%Z-YY>"R-XF8+KM%;K6c+*>R
4T9?D5PcT$_1T0HF7SN]AY8@3?NF;$?"-f?KeRD?)==K_G)%FSEW[0G@dS:CE3E*a=Y2YY-*BW+1=cR\/fBIC;']G6GP!7KJ3+BN
bVA<BGQY;^:0^H%?X]6K;b&[N<e]O%[P]=IQR#>!?K_$B"A(.?J!\Z3SfDKaZO-_O\-93H02Z`<<e_ZY)L&S8T)&4GYL8`1%H*\\
5H3B_18R$XX=DR,M+Va"Y$)eJSf>\0SZ_CM!N>]M.<DXIZ.\O$8>f@-#_F/:WWUYaVY]1Z=D%O,BN;#*P*[%Q/&Y[^NVP(;E!0KA
#G_8>[8,B(&>DW8WV/RB'+ZLdT$]3[/J0ZWH^5KHE8;_RS^;7(IH"?S*SNAac_AXVUEfTK+RXSYW!<!E;N2Y1#6D$=XQ`N3/e2Jd
?BI:FcHUf;P!F7MV:PR_2E8`.WR>,c%Bc\NO#-R,Q/e6ZSPBcI>?22>!b1,XRI54aHH3C%=&<?K%BQ=;717cf_`##DLHTI^1:NXX
SU=OQ&8WFc2P_>Z7K-A#\HPO1V"7C-S(SH3&?0_?SQI1;>D$>#Y<1Se"#IAcd,:_L(0R>CC2e%:9M5R8.4]-Z]IPS(Eb'[N:H44#
#4!'@>d7SfEUIJYZ2HR=I7,4_NV,0`?B3+HPY,b;(><.Y&5*@#VU1\Y;ULW'e2-`6ebe/E=9;aWe$d2/#/*^f`Ke($??*\D\?KO1
&e9"NR+8U,-EL-%SNIfYXb[]NQE-THR[,MOLJ[T,U=U+44%NZ07L8!K9*)>\FU-PAPJAO</R[L]7@::WKF-?Ta^Rf0c2!NY\JTJ'
#`A&_QRGCb\@X.X(DM]L$H@5X-JZcC@7IUbeBD^.K\Q$aSb3="KeH]&f88V`"4&SXCKRS!==I5=7HF"X'Ab5/8JKLK0bN3_!.COa
TIYdb.!;392P@/H&B.O1BZe1/S@fVHO#WAb)VI+HJICY-NaF;!7`Oa(+A+6X&`,58%E)4)ScRa$Yd%$?1:_DN<F4Qf#*(R>La+L6
S5_WX`VQM?I#2A8<@CP>'DYZc9Y*"[0%%a59EJHURJHRAZY6D&-_5%Y$H6;b<YKfK1eY1!<YU:(9JOWCNZ.%P?],C9JGDSKHMb`]
R[+G[AA)ND:Zb&GS=]@\LAE[20H]Z@JPW1$Mf4N7\3)R,)QL/E3^=fU+9Z>FU98X:-"66!`%L_UKP6cOM4#XDXN1;#%'^2SF]@AY
<[=N61+VS.T0CAcSRf>f$+(K@*-%7#5%)^,d"&;R5f+!9PIOGff+.*@*+c]0"LR6c8VMOKQe-#;E^""_c-&?7P_4>T.-B;N6>5@`
d<JL6cKL3E"bJ),-BCPa\))+@[^W%(LNAV`^'TX6`WP^W#a:/e,^\K_XRB8HORPA^HBH.BJIff]*GG*FT7b-40<_.;\>.7-QU2Gb
[@(#C\7a0'T#<9U6.L5^4\_C'ZN7T!e@AB1+RF'X[A2->P+$,#CU^`@UZ\^K"G++D:,[FQGVf]F\*ePcHT`#%/OR=B\(M0#]#R&M
$R'9C8N"X8DVZEZ'>d[EV7_1"-.UA;e-S,Ce;0NVK!fCNQ'70J;f8&1"]1^GWF-'=\XF/P9fc%a0*'`.(:A7X)X1a\7`YC:QT9C*
,V:"I*/\Lc6I&fBCa)8/3cRNL$3I3?,N>UeYQ&](VQ=Z+.9SJAf*7[[OdM?2"eI4?7=9Mef5AZJR0"96I1e"$%Q$XJ%<%0`;X(-U
J>^,]G3X1>LTK+$ZZ&!AW*6C#aH,MS%("W5;M%"I$b(43#4_3!RHb(C;>,&PR$2;"%%KD@@`f%SFS=4c7JX8.@E1_A*#F:*K4FS2
^V64_1:3Z7H_XXa/K+$'M(3:.)MKD4"=d//)\1!*TN!+eU,fE)^M7+(dXe]Q!*]9K//Y,b76\9*]OJ_/%S40@OZ)\_;IQW83_FMJ
*=`HbI-@!?Z?VRX2%a]28a,:!H,M\'_]CCJ*1*9+2N"*!3c)W.ET"=N7M[\RSAO2>LeH^O9c7T6@^T5cOC*'TR'e7RJVb*&A>$P)
/WH!E5ZE"5Ke;c/>>:MEQ&,[J=#+;G7(K9QY%OR(W4[4.3TWP00\,AT27V6AXBb*4B'B&^KG\BW<)>Y74'\RF=aLG\/*D4e)["^#
=5Lcb<+BQY$7,1>T4C0\,:54G^>fU#?MfR^[5L+5AF[V\=Sbe`MFE5.@VSB$O>ZP0`-E9ba1:f(%;c4d[-/a1LX("SY24Y"B#/%"
'bDA.1c^.D62d%>VE3,RE.+_[7^!cbN9JT#H<bH<7.4%d03S1^XIG-"7T*KWbW/B`.X;ZOR%=P.H[-5H\=Z_TKT&+I^MfC0L&GB6
X<>P(93M>f^RL3W7N9L[.E__39T[H2:P7M@!)=M(JBB;QCB,T$&H^Q*KJ**$-J1FWL<+bC=2>D?4525$>c]H_AY/*<Z?HF;HW(7O
Q"%(`*(c'f%2U,BHV]de%*2WC/+L_?K%b2+NWAW=HTT%4X"QAK]f>KdH&-*>_bR?YK/N2HZW@HPc1[-G/I>,W3dUS>8L&_a35^)>
!RVS^OL%EA=G0S@^eZ.^&dXQO&)1KB-:LA)"HU`:^ODU7#V@)d?D:b>3c^E#E5+!>K)VV0K.1KX0J?F\&5-$(@<)%'H]@d-<V85d
"=5C\%0/20_T&O3cD/DRK.$G+:7VJE'N&`V&N8(W2>4bVe3F=dH&'^)Y05*"WK6ZK46?OR<JMV!+^(ZR>a%CGN,)If?B&3#5Ga[?
JL66`^JV2!%9"$*!RM;EE`+B%0,TZ5WBUaKK/A+I7b&DWKb`0Le4#SDAdBcHLcM_*KWR#0<1-&c;BI_H-QeZ-[K5_Ja^7QC,I7Wc
e831^B:bMDQ%:]0+0fd,@F4?fY*Ua6$7IPMTa!L0KEJ&PI\D*I#4>Z<2?"WZY%SD=GcL8@P8>;?'I8*%2$,[T*U:Ka:bS'Q#,PGD
0+fZ"^XQ=VYYWbWcbM>#U>'Z<HF^LbfCUK1!Z=/"B.>a`W7Y8Z5b,Rc*:\SO6!3F82^@[NMKU(&B(HH3")WPE*.6B#-30C.Y!TRC
,7?[\Q<b"dHN6N9@JO1:]D^)7"I[VA[9!7N49^<cd4(C&L]_&@'#3;Qe7RMNL59%<(?*,ZXe^Rc5FC?ZQTeB<%=JP39I=3$Z2Z`J
(J?F#_G[$YZA<DaEP!<;K:FU!-dJ#UcV>$!Kb/2C8#0!.2X6B#E#])WKFD=aG!V.bH/cC@3<S:4](#cOZSP2D%FeT61<2/0BM>eX
>)>-5@L;-,=Z<066Q7HUUWa`;_DMJf\"7TT1O$_=)^Q-'GX7961Z5F^7UV1F*/1+U+UEe8IC)B7I?8E*,GUZV7T_SFYB\C!!1$HJ
>&%H)c31N-:\&=>Q:2P?fO=&;]^1&Z@0?J,&%bJ`bO<_1N3;)Y7J[^ZB;W*DIB3b;-A;HTFO=3/]X<8aBf9&FFNI/AFN)95`c;:_
KO*ZGS[YW6;$`E<F%E>8@Q(UR'ZY>8N'P54''%G$S<:JLSXWQ`/Q78=W8!1_[[5T!Y2&a1[,bSBT?[RGEaA,DJWcZREYfT'!A"KL
'61>%TQ%b`c]dHU$+c,I1&R[<VPU)Q_#?%%DB(-dd/IOe[+cHeQ$CZB4%XF8Z;)D'3_I%S3U=HfRbR@a>98`!N3SG`=aPYP7(KE^
D'EWe$>W=bH1>Ma;3!?'M:>"-.5!VN4&$HIT-BQdc+#"K"4dC1ed>>FMN=65IA>=+I6?F"[@E^JM,45Z'%a@O[bZ0HVKQ51V^Ce'
I]J.^1GJF\U/$"T!2AI5b`)5XZV`P.5PM**DfQM#]1R`*M<CI,YY;"K79T-P+:]HAF0'5e)>eL(BJL[.!5Z=O\P<)X0,AI2#.b1.
95I;P'3+P^Q\(cS4S<M/_J7)%O+Kc37eR@[;F+=;U$NI*&:W:]QYC!S<C<)>6S2C""-68V*c)@K;,_+871(:H^*R\GaKO\YG"P#P
X*H]B<`=21QXUPVW:8$VURbdY`[W;+Gb`*`.a5.b]W<VK(c6C$%IUT[D"-EZ?[,O/9HBI`*18f1KRD"]#Z'8LBYQ!N%#(##TX%+7
"b4ZeEfYaD)8)@$[Ua@+>J<EL_P3+IU\^<N/JV>E:aKMf/HJ6JA'a+=<03dX-'LEfNG;\T]=$=O^S]Z(FS(S;PX!=K*Q0>[G4$KR
`_BRTM4dITGU@O9?O2.JDTS<c!IU:V<^D<6LJ*HJ(,JGaY06&bO3bXQ=0:S,Z9M.=7>/;ce"@WBR_cHF&/[KR!5D=HCI7a9CW;%#
2%8DUfMM'L+BS<<2O7O"?;,,PDSI<fH8>_#]f<6I9c)47\/AcA+<6)%62`'=KF?URR@;S6[I=AA>I1D-Uc.`bB"[5N"_0'G_,*6c
)HP:+Vc?W^0YT91RZHM.@*<--DF6YB6(f3EQ,D.#2!c%I5$_,aQ&MFc88-2L"]RP5]5C9cQ`FDa!LJ18F#Z-^XY]a.B?AX4We,0$
S-\b1R==Q7b>I7R)(XGc?+D!6e#WK1P."PQEW;KC$)M]X/HOS@!TX3&9G&4D-VM\P]dX+O>3S<2I.aIaF)ZFAVP"+K?D:/9&&8'a
@#"A<H+R-*)9\Qa=O@eKH]D1-FbI/&G&NK>%1)9U03!U_;F8S7Fa+LDR08?41ZKQQ[TOX7#M(8Y,`S?LbRR0IFQ#W3!e;('E!*E*
]D2G]^6J'Q`VN,7:14W^:95!b1&[f.?&#62998bLP.;$&:E;UY-[aVM.DY3I!.JVMXA@GHb?#HW*A]XUR@-_6M"9W]'/'M1G'M2?
0M4a_-5<H.-K@(%&'I^'OK"T_-!YX&6caL.Z<L+>`1VQ(FNT'eP@QJVRMH&3:KS>aC0],53=)FFUX5d#0^C82MaHS-4%6c9B:+UY
**MOL;3C8K/L>L_N(/GG#>!dX@`BSS+H2;%O?O.RJ@;RVKb/WAV2If'0+$M[aB'0S+IQf'PG6='&SI+K7M]MNb!,\>=MM^7e_'Nc
'CAe+-])*88DSP[(5M)@*[`.!#>[4^)(7#KVG*<@&JFC'!-F`1BF$&H@aY+?F%1S#5%Q@9@,b?/,!4b2ZK/DDYM+%4!5B<4bNd!*
/I14T.$L*B]_ZX:IHc@D>^(ZM5f1;[G1aJLC$d#\FACJR"K[/7X9eQ?/B3M9d&P3aR9HKR5B<`SL#)],f+<[CR%G(BGGb$-,?,!?
MX1$YaXT>!O9X!>Gb41Nd'"H+&J)eBAK78.fJ^bL-T]H[*)QQ@X_QRX*9\BC84THZ_+Ie/!b3JC#MbW(:*-XTD3^@:eaBQ4,a3W'
edM@8aB%.K+"-&=R1?*/a^dW/a#O#OQRLE-K@.L*`542003D83M`+Y1]@WG:-:%bf(-61B+c'=U\U<4@G<b=E.@XA\P+HD#""@-_
VTZ'J.V\#XG,3-)B1`b5d5`+\H-FVT(QA%:&7D^*/\/+HE(3\P&I17)a\'@Sf746bY]PfMX9@)^[!I9$LeX']=*Y!O?GFJ2$-a'_
QLPA"Q5$e2b74$\)8V7cHaN=><f=fb,C]*"PE@28Xa\!Z'V]=4]]UDT_6AJ\5+aV4/8]_-P]=I&73,-d-*J<6$=fI&WU-<T:9aKE
"NJP#*3Y0#/2&U"L)VCFJ*:R`LcZ.G_(2^MKEF\3+7cf!M\U\86LM'!1U2N'bOV:TTZ(40<PIJP%e=J'%.L$OPMcc.=C8MPOGTH8
FYS8]N,OV;H.7F%CBA$?EPAaQ"CSaQ>Z?`15]K5WeHXU00A-"EPL+6eKFR`Pc%#.;&+SZ8P?F>GUIS:,OA3\HL)//XD5<D\]]/GK
26+DA]A.H=<%M*5CA?YF[E6@JIJR<?[O,;OGGO'RGbcR3&UF2b-;S2Wc<,F^LI(+W,eK&T<9Z1*8&^@[ZaWAU7;V7^2#*)O:Y_G,
Ec?8>J*KQJD5<R,Z'OfB#.3<,^e^B1<F-RZRYVaYV.,M*6B9aZ/Ha#4Q4E+9bf5=Ib]8T82[IW42;H[F3$C2WK5eM+SYB0:d4M%;
8=G+^W>#E5*O&F]0P9C_$UbG`b2^?$+>b)-\B^90Z4)4P<SRL7V`..K6?70'SR4<PN2P1W_*_*GcY<c-MM;DG;;C?fE>:=#LG3R%
]&6%J;V.Y6)'59VI(`SDIF@GJ>e).?!<0=.M8EI[;!614KUCE#,<_"=\AZ7X*b^VX\]4[H]22)_Y4N"*"d-EDR&.=9@'_2>_7d<Z
NLQ/?L!UF.a[F-:--<>M74-5Vc:7K)_Rd4Qd*=IeC+>/(*FQ,`)^KGA*GH-6DZ=12d>4^P>Ue#bU<;,N1YO%/2D+GVLMEf!d@#fI
D_A58'9J[KW['\T;+O5"AP[OEDJJKcNZ%CCC3O(,C=!16>fa"U2$.f-AVQ,U71L@1)>>b,a/L^K@CZH"#(3-Z6Z><Bf4N5%CdV(*
U6FcDX)3JBc35\J&2Fd)'bC.7\Q%TQ*5MP*1#7:8AU4^4P2TEaPPd764-J\bX=[VVA&^88'/O;1BERWX><HZdS-C>Q3>(!5RTd&Z
-9bHQ'b@(-1\]'+@V5"[W3DC\aZ_%:LDN9J2bT)+FM,2c0*&'B/JDALXb4)$_T0O;f=%Ec!H;!((?BC3!@=AIfQ7*.d6[b@)a[WY
+OeX\e&\Kf;+`!GXfL4:^T_3+*0^<QWdSOZ4U`P1*:KK:OMR7)`%.1Ra9RcEVDcN>-M$c&"AZZ4M,8O[5T%HTB>)8JH583bS8*#R
XSY:U5F8P2"+]!`3U)_24b2#eYKS%&.SbeOL%G(ZHQ]E7Y210fMJ_#&>dN_P#$.ANJ'165H`H]F!Df5Y/6e*"$dV)H1ZW?NX>8$@
PQRAEOMU/09a/eb&QWU=Re920^[-&\a8,Q);RU]YO%@&Z@C,NN<?<d^I?O'FQdS04=68I5#C9N4WY5'V%5#^6"(R%F6c]fL-(QE!
!VQ9>DcM%$\%ZP%&:0Z,9,E,^9]O=7aa&Yc6VLP]CO)5RI-&2(]/f#:A?[D;QO]YF45?H5@MN>3=\Z\F6:J=9Rb,WFA,+R>74J(N
1V'R>0G!<8J[06)YH-X`M0)YaM]QGe.!.XK('5N%QN"dXb?ASI>C?eC9JbZ3f3SBJ8B1[@ITKA!P^E"F-RL^;C([R%dC&WXUV=$=
dN+e3?dLCS@&V08Q^")-DXJWb3e+WW.`Lb9;Yf*a'W5/fe7T+#V*5@#)$"1#WH_("4d!e!%$H)f$Y<b)+#_)/,P=aaZe8G)cMLE)
!1$d!\\>'LHM/%)U;S(%HJ!+(..XHS0.,Z9A0W*;R!a:@QWVf7$1C"=/6!0(5EH^7^3!U(LQZ%='V[F+X'/'&$!0R+3V(*QcRL,$
\dOF7F:9TBEXU3]#G"?72:L/IG_)$*/HY&f_"16='d5KbF!-(8NGQ6PB&01cU\&#!;!?TN&DIPDWHV\[<bIH&.-X+?SXEB%22VN3
EX4`[JN/TbFcR:"L7%]81<aHA=bd&d)D=\&e(BI]'_?.YD<V-CSV%%)9I(5%*^MV##6U(QTTdH`bC%R)2/8Z$aO.E#?U9G*,4YE_
Fd>8NH\e>T]J>3D2WU5Q'Q*H;OO:M,[4MU*'++WV;MTOdc<K@"*>CJT"BX_eQ7:XeTe5!7,V(ec,Q&)U;L*2BUI[97,&G<&2;6U3
W7GMQ06S,J1M8"U$Q;^"Z5^L]L6`CCUARB/PeX5:LZO+UODW&@-P3RI07QU4@S.]Y"W_7[aa6Q+//^R\!'\8dM5aJ/'2c:$?Q&B(
!2Nc+D0:ZMGU#CWAN"3(`K/QWc5BeKG%bC?7:Qa@ALP3X$a!00U0CQ#!X6#4K1<&>f/>I_C7+;C`fP$Q*PO^eY0!!7EMbY*F1H:9
Q33Ea#9:Je.&BdC8)`U&Ba(`OI5XaM1.01J'3P2LNOQ`B!@U[:CB/]cb%=Y6W]4(Vae%/B-TBP$#+O+-'/$OPDb2"8A-N=a]_D#1
"7/cX..D#5.VLe@_d[RYUdbb$VW!P<W(P'>Q87<,!d=CH9+,FF^N\3SZ`e2J0MT)=YQ(4H:BSJf5HR0e-ZCULYF(AVXcJ'[[K=#?
eFe:1<X8Z8E`R;&O#Fa&YScWYDTc"S`,+[f*N1\eE.V[FR\!I=&DN')fOeIMX)a,;8>>.;!G--272IK%-060I5ACPd[;1GN>])0a
*BDQN*:E[XU0ZG,"K,XT((&#O$)320\%:'c,!T\1S'P+@AHIJ+1?@Edd\*3(?KA(,6,UeTUF@/!-Sc\S`ZNRQN?"5G"'E!;J5%@1
'.F/*Y"%"aW]D_9V=X/d"XSII^,Qa+JO)4V\Y:*A]A&=.&`^V>\.*$J&QW<\Z.AG)b'#5]QH*a\2J[d=8E\3[RD[=R8@aE3XBU*1
Ud82/H?bMBEXeD<ZeKc&B*eJM5VA]I]@T"6f7GDJP%&2f>[1#&*c8T]e]d>?:\5\DF@^2J.?b$M.(A1@5F_a]J>O8WAfNE1Q=Hde
_(5K<cZ"aD%a,TO%?b4b4Y9R!:D$E89N?#XIcK&YB@80KW&VEC9BPJH^$+"F]O.EPP4R>b!;P`7-e%0G_,[fK_bHV_FZGCK%;c:c
Q@cMX.9>7M:aPXT8I::%^fCQF.1+X&-d+TaB48;IJ`A9Z;-2=/PT^L:(fNL;$MEG<BK!YS*<_D`d6Z>*1bX+91+DfOB]d>4V>f[*
'+A/!_&59b^P9N>^#.39,cN9Nd10WQ#E0!H*QDNa;"]ee,<b@dLK-PUFM3[`aYMZH7*-Ad-7`7G_W&9:a)d3('F%CR9.K#;X@X,6
/18O<G7)19C@!^+7R-b\4Q&%)=SMH3GJVH=1VBPG')58[SSWUbd,%,-"[>2,IW6WeaMaAZA2*2?(C@@BM@0),3N<<:>FeU_F9@C]
L4#aaV(,]XO\fab5,6@a29"LSUE7D)1<(>'c"%F]`72U2WSM`17&V%1e?ZQ%/+M8Sc2"ZD/bUPR>X%]:)M2ZLTMBZE]I-S!/[OIJ
c>f,HYU5908-/%7#6A2VbI2B/eI0=J53XT][I'UaS`$/__GQK>W?_XTcG>K4[4aNf%7C7)?NY8#'!&+\eP*PI,]'.:T9,!YdR9G;
;a\DIM88C^+D:$G]Z23\,)O.O4'N7WU&;B:a7\6!&)P;"F+D.Q3BYRY1B$JZE1\QI%N)UD4;;I!aAT'/A680G/S-\R+NG"a;&3F;
NL?9^\AF7KEAW#(<9_8>J31;NM?Gb#M["$HZf5"696X2URP41I(:Y2--MUU^2Y@1R.M`U+3[5e,RD+RQ"HE:/[N1>WaHZ5Qe+A^7
KUT""EV/];.8SbA^9W(DJa3d!F^Q7O,QN^EG_]cJ:<f_8#^RC:#RP-E/)VHV[.D[TATSZ4J*bMf1(/@^$GCPdE.0[=&e!T-He-:<
dIV&\U%U??3$N*N]A*7CI4N>3HGY%2.=!f*&'YKZ*_G[]L!]FQ[3VO2R$18$MBT:!@O9]-Icf@#e?3ZfQ\Q_X*7Q'.2N36;SSE:2
%@5$6N=P4/>Y2,Z`fIPWV7-FK%AaJ*!Q,*NZGOPCW(Z<+b<8<`0-T?%T<0(SLA'7f6U_Y1KYM]7N,!?"-&b(]4f,9FWT^Rf7%Jb&
&.^)^VF$77^B!SQ_"]X"GG))2*b>c=c;/b,HB@/?=)ZVM9>IOAZ>=RJ6JM_QM-\G?#*LU6TWIcJ.3-/1NXTTY:UZP*IY,<<I3%&J
+Q7WKGBA'DCa<9YADZS7#3Ua`<B0I`UC1Y3\*AAZTb6""Z5(@fP$)R/\G;9-'ZF)CCW+dMdacOAf2ZJ5RAdJQ#VU!?%b/5P'[-%G
/6=5T789_^$_\a&aPD7I<"%bW!J[.5T@-;T;#1RCQYHC]`40=1T$aQFPCI[B\MECSM_:K7G;M0D:bHTJN<.'@Zce0*e?B'0_D#N#
fV_B%*WZRd5bdF*$,BX.^G.8ece5?\G!(3XYKW>&0[E249[4,(_!+EHS+?YJf.4[V]%=+a4)b.$<3UDDR)dI&._%5%/-"1)Y46E7
!R(JP^I6!a56e+(eL[P&`@_S2P9f6J`8$C,V2GF6Y'M/+/#DS-8a%MZ+-(INJL<[RDY/a'.E?IAS97Kf4bFdCDG\C1!*ECL\X%H7
<2/?(e\4SKd`66]eCNGF/dQ3cXG`^K9<=F[$R4L#62c8`%!Z0W#bJ`/JAPOI5%B0eM+)QbL-,$1f-3c;a[0\\f^#0+eA8<LGFT,^
#ZBd(;^62:/bMf!98]DAc7@E4<$36G\!PW50I.cN.BfWE,cObO)_38=$!'6OP8FF*7N53,&=BZ31]P;$CM.=?H)9'-IVM]&Z"\`"
F]c4R++V_b?E[,7L@PUE*ERb[/Bda,Z\+'>\QOJ5F+^'X,F027?X'=9F-SU.)_0`?-aFL!F!UN$]Hd)P7f*$fK.4b\G%,SW6T!Y[
N5=;N^2<^4,0?:*XLZ(#Q0_[X7>T\BZ./DRHP8)*.5cF"WMBAOI<E`#,S#CP"(8f0OQ0\,F=.EN]:VY=$HC9e;4!W>c0@AB%-B`d
63#18QJP\)\M5DQ5*[M^[?3M*EZ>++fS$]I&\4I)OIAR9;!#8N4@b4J\=/6Z_VV(b9KEBe,@/3&1:WL\efKL1`+8=PfREZPSA%^8
0"bd#I-*,-O;>dIf]$U+U+16\-a@ePVb%J,HK3%F1W0O6Q'XMK%a&LTU:0_N>T*8##LFe#XbO=X3I[^S"'Z?@XfE0C'LaK2VZBB=
Z'<K8&<TO:T%@&G?c0<9,$IH'2X5VVNV4R41#FTXDD.3(.D.<0E&7C!1Z&c@CXD3#c&G4IMf5FfLI@0R&BJS:4KH=fPK_2\!:ZIU
2>R[L:L792=_4VA#O3JW`P-&S*)S@$99R]YAMI:>:`78e'4?!)e2[Q56\#GTc"XMeGX=N],f\>9#67-6M6Y!&5H#$@cI/L=GC4d3
K7.O+::<6+Q_ZJ=W&4QfPYIP8MM+@e[W<R=!8=.UVBJ_H*3X+IGXH\Td;2f</GP/@a<3:0]#LPXV==-J:Y,>Q:7C+[XW@/F5+eEW
HQ7WGRK71GWD2SOM:'/?=S:]8N`YSC%:P!O&J!$<DP'951:,/6Q%%\5B@3\Se;UI5,-T;&f$34`'WO@>`V2fR*>GZWC*<%QL4Z<K
f_$9"IWME$%3c>8$N([157G*FV.deU;?a,37AU7,4L?D-&,aS6U/.@=e^IJ@,->H%++S+1E3eJfK*:H8E[B'D-#<Y[50$#2`aR'5
KSN`!3fDeK&7eZ"T"LG4]Q"QR,Gb"?M/*Z:EfSf;:><IKW6fNK;"TJf%SEC&-d]'E>\2N7*DcdLPSb^W=<GP5P&@29N67DD%/f;B
6B9%KcVV_60?7A3cL"NdK"$M)-K+bM^C^E=L,.@=c.;.I6^5+aOfOGC,[/I?&fa1=dA'Pc@9\3VIeV57(,/IW:@FG^YL.),0/DUQ
#f)6D.;F!RC!,TBFX+-:3;+1<)&ESDf$#:(Lc.S@=[A7K%CTEbEWO'F0<*WaS6$96:=<P-Ke`735&544K@^?4%XMZA>%S>Xc<2)&
NdW[''\SbMIIS`D;STE;eB,^<+[OdC&7:0aBWd>"5We]5^E2?[fAPQ''QZ\673+WYdOR(.!*JcY:#AYJ=VYBb(R_W6Rd)M1X+b6e
S5E+'f4cWC:WD\<?2IY'FMUXCM$1U1%J.4L9FN\9'=#`JF<-a$83!)TDF@*dF1,TCa"L;;!W.K4BWA%E`HK?5)[a'(/A`TEP0&.+
b%Z@&fT#.J@?be'=NOU;_e3fVJ-E+O"M@@'`.d"^M<T?T!\9@%O!F'6AQd1>M`C+*Z(V+U1f=b9%=%S8`cG,^K<J&0/QNa78E,57
VB[L6*(b_S&I,%fM)"#Wc*U=H:/.b\.ZBcT\]c-&;-46QZDK(ac8MSeA?A?=`K?'F_F5?`^E8!E_>P'"&PPF3^ZWUM2ZT:_=?R;Y
V=M*\dFYI$H^\O:!)X=c7%MeDGWYKF#_-dESDc5a:16b5#,@fEY+2*-[J\RQ1RXe=^^I[,GJK5V4+:!e?Xf,a,c+?O4f,%=."[(A
1'5]e*Se.D_'BeOY$LDX7F::d0JYUA/=G'K:ca9.D%]X.:%[eKY@2]+<EdaU$)[7@U-'T`!.(&a!e07,CENVB(>]F-WT3-e/+FaB
\F[$M+LQ&`?O,TC%YVGYA^"Q\_[>^Oe;3/L]`QRJ5V;$Z/8`NNEJZca<Y?<Z)3JD/7@[aQKC1&0KR^M"1R.T;1ZXaMH4>FND!Y_Q
]FR_^?5+LN/C`L`L$@+^%-3T!<&B7LB]`b'N5,;%P/0B=_`Z7E$)Q#L/4RQVK5&4$S)Y-Z_):\!XfASE<9_K=+23DVLM$(H)7X7M
%2[X(P.I9-cI*MG'=LW\IM66`aLH2dZd>L_!?\IM"J!#)9RWe:098AW=O]bf2;%C'FG^N9BON"+2+ZM'E(=)/+K=.'$65Rd'2ba=
E77/]!].4PU4F;^WU?I6QOHL:6bGPBCR)L<-c'B%G>]ENO)OeIHb#B^.0([$N0#[\OJS'&@(8MA^7!II*D`2[+NFDIFVW0GEcL3b
9U,aK0#O%47V8#SdAWE%JKS#.I$X,YV"+>)$^VP15-^155_';[&)Zd;:_fLE80].0E?aSLef2T=)CPG?5/Zd@JZ>9EH+.ME"+&#A
7*NI.;E`L&YH;Lad3=[8%Q&!I4cN1ZVP7?&Lf@4F]@GXc&CU]A4C,"\Q=^BUXBEc%*%a$MW#2%,a_N^PASQ8H'`4?;b`L`<$".:;
@'P_fA,6$P09)B/Ua]+DS_P=S-KcUG:0@DP-YU\%Mb,=P_@5[6="/d2#:`+'KP0)/7MV@0PI(VbI>#NR/*8c:A1[Z0`f$7$H*#W%
!WA]S>5f!*3X.JZH]=X9-O8,\F8B9+!8_ZW/^BZ4&LD&["\Tc7d2aZC:\b>RJaE/Z7385SN*'Y.+W%YA$b8&A*A^,S`,[I8FCOIJ
Qc3D0`.:f,_TY$9WXT1L87W(KE(GI@V_F'5=M3Z>P,V0LEQ]&e8+%5.BYBI'.S7W,=V(`+_F8b?TD'/1]G$:(#]W]H<Sd(_:7+9'
GH&,9+aK'a,ZK!.Z#W$HW[I?)bc"?MYEK\N429[#?c^K?`Aa!^?<9]N]'@NA*DCcadP'"EM#HFT2)2aG4DDf*bV\@A@MJVI)Kd-/
R_[#E"7Kd@)/c,*Z8YZ1(FSLW.?;J%cB>%3PZ/+^43Zf61]0SS(_b6(b!8["$7!HaHY"=9eJAM#MP.+MY$>"C*=$Y\NW3IX3bA'D
3^[K@E+(2+G[@.<\a,B3HT@0<=5`%J1_75EFP\:\,06]@`L\*C^P2\/Mc$,G9QSX9T&OW8I!Kd_"@#)Mc-'.8CW9Kd@OJ[V4%N9N
[%5&9Y!"SJ;!L6SeH>PefFAPM1U<>ReDRLV$22$[RTZ6fa3#]K&U[CB"LN9&3A(=*DBSYU$0]`/XR(=^AH5_63FK`&EN"G2H,10V
c2ZC62P`Z7VZB.W&.A@dD)V$H6;U"R-b<:#NZC\0'[K,%fG"Q+3]M<)<TMXRJ+7a@fI'K,9a\Ic^M\I'0U:VGe;J`a<3K"=D=JI_
40BIJV_:6V7,<'F\@2M]cF"(20+KG7&PJ%U_aJV=d1aNE(]J#W(^GGP6(CU_a-,%&/8;.\1#(Q;;71;5"7M7:.8O?JV9TfcV[9>+
TM`57=41VBA0#XD()Q70(R@,<Kf(Z^%*V*=$(O3Z_A[VMT[)5=#A">G%;[E%dX!5$a#QaQ:I=7W1f+H?)9V01_SYJI*5764'4G;d
/7aO.M2;2c`A*a0B$JC%+LO\BS)9BDB:KD>=`!/"_d2-(]K,-5K9K9-#8IPC^2LG!@7f##WY5-Y[b^:]$*&[<+R)_P90)C'F?OSd
[FL221]aG2`0+Od<XNPU$_AG>0I'HB7Re^`=."*:&(X``)XXODf36,K#a>N?4JBSA'?;U:A@N)!JLR%2,<(+SLX)=U^,,`LFYJQJ
57K`caZRN!H1MbIYZ4[*aC$3`:2A4C:2e#e<`^VJMCLfIK$%4*^Q7L2PL[J<0\YCYKZ-"@(P3N-K6H*0]>`W@MO/_(?8_c\]8V00
R)$;f95[U=TDZW736166CK>F!'AcI(-5!F\=L$13(JTVLUR]ZD9U__OT[a#2?Q5@d7fPX^%V1I<<&Y'ecLfU`8R6Z/Q>'LI:4;@N
9*BFO#T&I>89?FL&>1`GHPM<.#CIdU[7;=LH_fa@[cc17?=?\FSPY-BdJ)N9:f1TLMR[S#!0/f+ED<b>\e&IU1+3#<MU"\DM\$+K
D,\9\cKMd56d$<%)E;+'c!"._aBNVA9X>5%QV[DLL@=Nf4>H1F63U\NQZ>UeaLK_&\5A<#V3HAP+G0+aXO]D`f;IVD$5L]4(:$=X
<1:@5E.)a>7\C="9/>:HU\%M"Lb;FSW!TcG-b&)I^S/=OO)D`I#-#'X&^L9`I>7*)^D\U>\<EU90YRba/_<PQK;9!J3=NY2c='DT
_+_S]E,AI&?>_cdJf=[^@cX>2/0C(N\1J[1J7I`;L.?VT5\6(/JQ5Z(fNL[7ZG3XcA""]6Ma#:T,?;).e9Y`6*]9_YS'QJNR+bF6
_&.3KeV0=J!dScP:?#+>>f22,K7U/U7S>(f95.'.eS*8\c,QVO;N(06,*KAO1I7<bcFBI1#c`J4K^)"IC6R`/`AP)(S[I\&"+$(V
=<Y_b$><H!@'X#UNd0JPYDF>Z;QA+T-2a\N1$STfB>G`15!^.>f/5^WdA8Q:@-GDJP`8DeA8Z*NFY?9+MAfH/4&N.<8O_#:*]Q`-
7NT7$SE=&`/ID)a)CI:W<J&!3d1[B\(4@7A3JYUT*^%Z\,%X"U*T?-V9X]@,!W]DF^N@S6b%EQ:[FM@.F-)2K>f"2>9a^-dHX/`]
(E'0F9^]b3[@Y9bY,B+dN`!JU]\\\J&Bd)J(X^]8[E3W]c^^0&\[S$/=AZ3(G=)XQ;38H9!?UfZEM9Dd/OEI^7c))Z7K#@JEYBUf
6YTH*f0N%*60Reb]1->0199('94T>FeJIa*B/P"2!"NH%Q17JXN)[*dBFaUF]$X2#/[-18SfY(a4?de!%NO%7'L"JB2Q:-$(']UY
X(CSK-a%DTS'J"BU@TV?<M+Q0+DU7S15X3,a$1XYMP)MF.&_b0\!R+-8IAWJ.YfW(9bI?#^d0N:(//[ZA_3FOdK%7IIB?*S*=Jc-
CG+>LcSa%*R7RfWC&0PZ'MUFCEZT;.Z]-_EJ*7`a8fd#(%4Le5/I*/=BJaWS2cPF0eG-T_T;+MPC=CVYcd)aBIa*2^0IWbD?dYR*
T*MJOeY/$:(,IJO#+Z435Z_@0"D.LUO^/`J(cDZ!R-&-3f+U?+GSFPUaB]I=P1'6P'E-@,FN(;O\,M;E+/QQ"GE(W$RcYK1`Of.K
D[,NT*&'4a3)Q#]B!MQHM=13cB(8fT"*:Y7?R0MeY-#G6]I"GK0:K,33K9@?:;7c;#QbM3\^DH2]KQdZYF^_"C5VfKP8Q2KFQ"`7
4G,:W0X%DSWQ[_;'(eLS`D8'!;dI.]A"Jc<,"7\K-`(/%NDGQS]&'-Z0%E9U"&:/XVAK3:3>2G!^^^8EW96RM*:V<Gb'O$1YSL+?
X5DMM>$6Z"a+IZ/.GYI-4ERTIb*JX$6[]'4TYLc-"TL(^2.1+H>X!(=&;<]^X6AYTR]$':HBGT=46H4G"^"+='JcLG#E2dL:6)@-
/c("-SA<1R,\>c.GOZ#>NIDaQRF8H+WZ&@+f!YUX-aS+>O(A3J>CSTSA8!2eK67=3AS\Z*Yf`T.1@R7%R:]>X6W3$BO]U6#<+,f*
":ZD)`(5$#:U*AB6?T7e0OH)OFQ9%)+`B5^A;+XaIUeR$"Na_L8=Q\Q#Ea[Zf%'6b_/'^]bOF(\b4H=5`CLJ]W1!:F<eP.!>^V0_
[+ZFQf7952U!9AIV6G*/\MXYeYHd]N"WT24XZZ9+Y;6\VHWE.$M%V(`Z'5[)dN_]3*`:T.47#7>P+57LTR@;/$[f=TD_YEG%AR@[
/Z!CD!:IXa=^G\TJ"9V<SaTUZ&M."EXc&,84^"75MZPaZR--S>T73ZG0$N)1FaLZ2H<*4&OW`(Gb_:=A/f?PbX("K2TM/,P@Ve#N
H]-+P3.'P*T8KO5Z^!+TR8@T6YN)D,"GSI%L5>MYYI&=S/BQ@K#;!O?1\1c"7eK@UA-LRBHC<%@);`:RKC1_Q*D,7CY<QY<'0L7O
'7PRd#9UOc3,+WMd/Pa&YRH:R'+Le@bNa9\3G&.D]4ZR=(B)N00?YF.Qa_]5JdK^=EOY?GN0d.]&@`cBE(-.b:M<,SHM0.0a.6\K
<b?HEN4[K8c`GP>/'WB*C=1e?OX+cDV>Tc;d,UA)%M.NSGQ,GaIS]C+S<PJ4JH/6Kc,b0Ff/Q3D=_<,:D%4HV9#67*S9<[H\\.-U
S(_GC,2MP=EJ%:eM]!ZEI2(D&P=V^F>K'4<I2@UW===2*AO*--K)%X.]Y]Y*?.B``c!a9(2//5]TNBP?J8dH"d$8%KG0_IeU@H13
15a@a2]FS+!cQXARKN]H\P1RR!]DSO6M3ZJ.R).V+=c2ID?KT^/""Q!JRE5L?.%M%[^GVQ!7W@SA4]-]\'dZ80<JX*,c,^J,"41`
DS>(703L_1CP:PI/%)1`2<-IFd,6?4S"=5.7NFF?A>U5I^NCY.TWfI]?UL5==8M/A541Ka[A18NAZOXI;%,0@91;2!BF7IN4:`:Y
/-094'Ac)S!GC2@=GP`4=MV?DR@VC4d80CdRTS3=K:F>0Ybb[1B%3>O"LT%:SSZ2"`-O6X,WN;+`D&/*JW].:KLH#RcH7]H]c`F0
TES)[S28OB"G'Je<=`^cMO$0-=VLCaD/CV=ODdJ]['VI@R6ed]NA?019)'K'B_J4%eB']V&_EL:7DK53ZWL&dR5P3f^_OVcCF1]>
.>3P2BENE3#-PM&_``<LEHf:8'I1d2Fb7;_c)A[e,#/0AaXSYA-=b5%9R-9$2/UE%T/TNJ,$:95(X,[1dO6=EY/N;'',c$XEEMQE
-U3?2PL[[C7Ec,c`F_B"^_@LF;]=4NXP)LXeCbQ*&KJ&EOfI7BBBV888R32?TWPRK4!UdDE_0<^?8-#]f>%6/<#A4Z4SKIf%N#DA
9N/M_"]4[($VZ&-``NZV@))4N^P2c`M>\af32(L#0@6@MG0e5E`:%ZU`2GC\A46Qb1N>A'UY%M>"@(VA:`X"3)`_S="0`d]@A*XG
).'"#CA@T))UL+AQc"!.deBWNF":%f539-O2'NDT7#F?#AXYO)/'#V7M?@TH(@:S*#VK/DO0PDJ*?F(GEQ2A1R:;,2e/'2F#^E]6
G%$8+VGPS6#B_c(L,!;!&d<31Z-\V)XB>%$Qa[1QBEZC8/:V=G24XU7DTH][bB<PL3a\!K-e[b\@L"2U?\\[^N+\!S/<10dT[Me$
49/bX3>WWf6&>36[Qf5G:SNDN[NK]V3C`D.)E422^B/0.BYe]UD/^CVY3QOL')f22VCN:X1ZbXG&Z@&O;F3CBe%4]CM3%49`U&eJ
GcPG4Yf[6*$d6.#E$]=/H;BQ$Z#B-9M)aKN`(7;Q^6aSd[,RIKfb$)YW(U3F$*D!:6!*Cf^?33VVdT8YI9G<K+@,N.S9d:V3..[D
N@c-1OGD^L#JHF93E%@'LPM+dWOT.OE\N_a.M?9N<B33I8]8Se)`2^d^P@+FVYf3^J/;PY:Q![WS#J^SB<M(8<F_TR/F&>]?RBDb
(M4A5?7e777`X.^;TG>CNI1.Kf@HP+^>X44GW@QO^dKX7SN,?"&,d8))B%*c0eBQ?[2A(,1A@2J.ILV;:.Q0L"H,_9HdD_aWGPU!
>).^`VP(N1WMYAC?F4<>@=P(\I^]HR`61]7-&RJMM8/-BK];G>ZB+(#\BM'QK&8'RQfbA"_Mb)XHOO99&06%+5R=b$EU#Yb->0,N
b(@XG36@ZK]RJ$^1+f0HSUYEB"]9$(U[:2[6^^ON`,RL3H.,YWPc?@`@_$9'@46X=]%F=X:(9]C:&P94*1\.;O0\ISJ;IJD7C%!5
[^c/-@1^'C0Bf6J4><HDR2bW(-LO9<Re)";c2U9ZH97Z';?LR0CGKDX9<*C@GMK^\\H)b;a((@e@cY$[))<-c#OW`VT*[1c^QRbF
D`)MC\$*+D1)1M]1L/YBfW73^M,/94EA-c"^e5#[dKZ+KZHTWfeKHI"6D#/8+Z;!?+GNf8b%]$b)TM$PE#+X\b9R"CH"]BO1<`LP
`;1J7B(Ma5f7U?#BU';V/?^LI7.EeX3;KE%"MUN])`T=PSfU!V?LU/6f0+X-H\b=U*@_,I#Db%W=C4%AMV>aK:4HfG1T'Y?L*Q?c
*,4*Z@&LfC7L>&1&A3DIE1K=2)^0!?)dJ:*aV!,W&>Wf((RR&%>=T^f16EUPK0Ye0*YF8(Q3$5&0O<MW/]II0V=P'<(`5?ZVe7,d
!7DMNd;6e<)Q@-UI"PH3\"10PM>6S!OaNaZ5XNN'Ie&"MD(=Z!Q@4BQE=9#?LC0IPG[bD,#KaV@55:W:K8^JF.C`B)*Y!H9baKCD
]O'cC0=+eII__/O9TSZ(N4%2Y]*3&+S@"3!QJDAS/3W56Y?Q97Q&WP:']KMNI=PGC5d,>96]Ncc`D0b@dc@(FO+ML"cZR/DHZbP@
%!"\bP@Ccb=eK!:;Gd!@:YNC5E?P`]e`7P$`QKf`"TeKV]ec6T09LHJ_3P0!3_fJK10^49$:9FbA:SVe0b\V9V:1Bd_'c[(N"YNC
LfOLe-%9Y`F&H\M%Se$KPd_#D1X?VV!5][fNOD#1M7;+)\_7*5d4a+]*<N<^>E.F;HF-:9Y#&fUGGa>@?-X`UcX$^S44:Z6Q@Y+f
#@f+b`Y-=b#:A%S928OU7#'PO\Y/$VPf1#PH>Y=>Q^H%(9?#D!Z0bIcU;e;KG``'c/U.*(O<EfV(c[9A<7c1]A=EB_$Y-_EcIb;A
4279?.B`f;\e*CBaG&U;TdB5O9VK\?bMCHAe#[fcY9BH6_C=9:<!GV5&<S:G!5Y':'0a'KGM\Wb3"%`_;W>GVJd"=5K*5Q6<:L"L
[J*.OH_2RAB<4>IcdY*5D?S;K*\+$/d3.UW-YAaPY#]\+NO;RD:/.:62=f6.J#3%.B$>#fdJ$X1,NNUEb_'ca>C-6LTKILA",5>F
I71L;")NP]2dD4V6/U2&7=8SC$(J="I*/2?H.UD>`6+36JQNTZ,-+/2UTVAIa2S9`?L`(Xd,4;!0`U.Y)aVBS]`\9%JZ<1WX+A@B
MG8ZDVSG=*.1M/f3.aD\U%S1,6;F*5E4:EIK?45>C[.ZY0)GZdIKH6=cc4D:\fYcN@/S%fDI^>-DLLOPfd_J:\TdD/-Y#@407),Z
>Z0&['[$*#Q\D7G/f8D9\=[0OT;J8BM<<Y35D9O%!cP<Q?*4D&Z[5%&';QE:53IA-7a-!)J?TN3`*_Y1:I@W$G@V1P13*.6(,;E#
SYU%J68ZL-Y*RH$]JD>WF(R+X25`_I7d[f#H"e0^I-PB1P76NU6A44'4Xd.DYfO:8G4=Z$[2M(!9[`Rf<$]'EafQ0OP,c.A.9FH:
J,d)^(Z!B(TA?>)8M]OO#9Z-26=-=_*a:J[UZ=,([D*V0eQ<]aJ\-''01_fX!NN*I"T`-9I=eVM1=<!@T+X]Tf.%N7/:8?24`NXA
6;/Pd<+<64]/"05;4"&)\P_BR7@XD-a>O)T>CRWf`?*4?aNKAN>INF6NPe/PP+@0O!Ye(f1c'cV8eP.KJ98Q+BDX'0KL6[C';&>+
&&dAOW.-JRa1D.DJZV>AO]"C=26?-H(:/"PD:@</78F`@\Q3?6G71XAG?$^@'d.'!8-%T=71c'^EF>Jc,D0HJE36!ZK"HG/2?28[
TL_LT3CBSe,+?SO:J!0#2):3-0OZaIFLK/M-7!H^_"/>$KeaHXPG4.^QJXJC8Fb2Yb!d!E-]/dSYb"B]:M`(1+(N'S?\AdF+[=*c
"2+3"]G1V'e"$T>;QQRY/,(4&#1%B=_$2ePQ8J'RIPGM#>F2,Z0Z;/`VK]aC2PZ'FfT?M)b.7.NQA)=-`bE5IMW<aNH)MYK!:ScX
8"2S#dc/IJRfU-^&DJ5)_WASR9MUJBC??Z76cQ&7FLP3G6FV,=YD@2+OWQGOSQ'&/.L4HTMSFb*3,4?@[.W\N)I%PUQ6IT52J2+M
4,aZf,1L8G(9/bV+DU:3J0`)$$I!\3`d[5`*d*&dT'*G^I<aTHHDCXMd%2=H5$a'"b$D<X47>.BF?80)SCFR&3eVB'L.aQ&4:SaD
8^)7F6L_;J`__DJ*8'!N0XQD(Z33M4R9e!91S&RcA40!S<%]8bWUO"*)e&Zb\,F\[V'bV_I%LcGRZ!KITJF]6VL#^FZaBZeZWMP`
X4\?>&4F+"OY[LE*[(?Q29:2%^+GH4Z$KR&V8b[d[HL3^I7!:S][;!XSM^>GF'c,6DC7M)KQW/='WED2fY:3*F?>8RI?F&[&^.]5
9B]J"d9aOB+;(&X;2$*Gf!-K['.]X>.Q?3@]5O&:L9(D#X&fS<9`Q_^-O4HVbM=WZZET/X@LWJ'?NZ]9C/*T=(Y2Wd`+e+>7(LJ*
.(JeS12$?)58D^c-%UfX0<W'T@U)aL;>3-,S8;[-=II8@^>**,XW#fF&:+A9OK%%7/E@^d!UH391<^c,L=V]%P>>aOLB*N!0bd-!
^HC\/DY7$5%!5d0+8WG7#$.$_<b);CIN2&3P2)="Y6F/)>?;N.:.E%2-FV@?%/<^``TB?CI_%51.dQJ<Ae,T2a9=#6LS'/0:(e(3
J'e/d-)\DMRWVR2:#_89>UE$bC7F,C4^b&<P6-42@A<M&b*e]'XULbe"G#4^5<YYR_X==UY"[TZ`QU\fDCE.R$#aAEMY)/(LaR-'
f_,6I!/1KfL5J_17VPS'@M(1X=bKV@4OX-a1PG`(CBZ;]?f7a0;\f=.8-f'=b0FWEF]JC%).@5f76"P+P058"*LAQY_.E);IN14J
14K;cOW:R50JW<613NB%H8O*]="\';#"cYbZSKd(R:GACT+;PH$\?;V+)K"Ma&+ZT96f2IKG)*V-]%GWB@J>Z$HCS7dRI-(fX21W
T[TSLZbF#'OYDZ!&W1RWSHG+-4KeELKW.LI_B`G^#L))'$V-MeZDRV9A3XMFT;.1fSaJ"S!Y'K*?3c'Wa0G!:Q;*?P'VHHB!4COO
;RD=)PPLd:*;83OG;83>82&6=YU):_1-D$`,2b]&_Y!F=TF%`PDdJM/&B8`#@8fZ"aT>Yd2G7"E=L1.F0D7M=1>%%0NF<c6:H=V^
FRR]e^C!@>=ED(%$_D@/:8M=#cWcH.H_J%LSQ?0=4U@TW\=*2,YdJ,0_@eDYY'[1*:T\3%A6%WRD?&=>S#`.GVN'5A2&Ub%*N[YM
V0QX2TNJ)_N79KcJX.#'):0I8`.`@RdB>6I7R`F@Wd1W/&(@$>,XAE"QP9`<POSE-dZ@J>^,C<)e?RS+;;;UIZ99E"%X=C36cTd?
";@P<,1$#3_U"'eE`&\X!A%-=6?5.;#)LaCZ_$c$5\.OY-D7a^ABc/\N#,MM."3TY7+7TYdL4G\%B]R@dZZ@.?a:_(=R,dUN,;\1
-"+:N$3<$XA4IM`_E=U44#[(<)'"@dB^4U5SPBDIK1$cTSc.]4B@,f;J9&DWTOVF;a_dS[<T,DKN0&EBRMG[:<^H61&3b"HE5/DH
H&[d$f*J@G7&T1F*;Q''$NfA+>]Z#9)71T1FWUX<Q3"CS9R@MD^]1H^<;4:Z9>M^?/<D]e&;J;55V#]J6.'AJ!G?*;"DAc>Y,f^"
/0\%J*\3N^eTd*a(]LX6L&,*J3WKPSeZ_W*UHL,4&<W`b583%%]=eU8&QNH.C9([AWfUA:]Za?MY+WJ;SZ*(A_dIcR*5JL?")*4!
ZK'VVUE#3H%[-$%[W^b<7.$!K]Pe=IW9e,-OEU58-e]2]@L9J71N`-]</ROR!f0HC$#'NC&1"WSEYF_aZXQ@4W=f/IH^d[PR1VF3
7R^7.-8::]KcFQfGC@><"=3W?@2G$41%]'M7VKU_R+1*63,*13"3ET/^GY\IJLa-N@b*d"YZ0d"@Q6ZYAQaGZ[_&LRUd.G%_82=4
;d7cZeD8DX;UGa[.FX(Y#,7/H$"(P*Z)O-,NYW@b(e3&8GW3TWDA4A?UN%:f8TK9Be.//^=02Z)PO_1,:cC9^aC;2K72BG>UVdHD
D=WU(B\3SO-:[XMQ)04_5d!V#,_e6$&AG.`OYWQ>V]c-LYPLI*#/)!C$-SB4::"LQ%a;0J5dA7eCB/bR0\Ba;P);1)U&B[_]eB/:
_++".'?8[DC>)_BVM4\cK$S.RB3HP]%>TCSBSeb0KRbd0">:_fOJ$EDZ`HL:3>GQ^##1]D.d+O[_/3a-T9bd;)-*S2TVPB"7(S1+
?6VYZ]#=Dd-;GMP\Z%'(3F7ABf[&e]ADCM7K4F7>@4T2`aGZTML0A3J9[B_36$ICcPe4Z+0NOS#E9ZDW-%L3d#b_ObM4a@#9QM>e
2D=6E8FW7J<,&H[88^PV!4:0<5aV"^(\W[!cVS240A1=9a/D=$&XK".9#cJ](B0PG),bP^b2"]^\0E18<#%(\=R.(FJ#CCT)83ZA
R]E,eR*HIY"UeM]L8;/@d"`R[4H43)L#,&*fc6>W&>UCL?J1Q!W_1Q/HN%'X-U*NZ3`EeH.RLU$:=F.-^%@=`>TWAf/7#$BC-KQ2
9f=Dc+$Q67\$d2[6/%[$%$\U5:7e5BTLUE?9(%aCLOKB^NbE(#;M\[U0Zd,X^JS\5XE-S6.K0;+C,;J\(@C55]X-3SM+!S4WOS'*
!e`:@L3ODOJI7aT[G@7#W$JU/O,M8>8W[E.1$(GI`ORFV8B(%]6G.I[5dE^A26XTF"I"'32&5\CY"4dPU>>\B-eD"9*B/Md[K:K@
OIIf*OeJf9-^0N#e^95fa[GU"$[Vd9d<MeN^H7=7JeI\M9f^!:_D^U[R\2"*4?)X%:4!CdF/#_5,>5`CI$-R[!&S5Ua#4R#K;DR.
!/M3NNWJWU(Z.6He5L&8(!6<P,$PSZ2"GLe^AL2G6:F)\M?<T1ALdBfNVM.[aL0]-/>DCNNL<93%PMG@V5Kaa?.e<S94C[,Y^7G_
a/7JfI*-=HTYQd!!=6$PF#'a^F4E_7LBJcO'H+EZb6fQ9=<)'[`-G+b,*2=:CHC3'%)N#N^TV?^?YaU,)%CS9!b@&4\]\;1+J72#
3U;0D`](%3.Zb1).[IL%/cIA[O(6B#,[=LLAZ[.G:Xa$B;6SM]Kf>FdCWD3V'()`ARK(B'b\+&Md+/MJW75:'Rd&\aa@?S>,.BN:
Lc@PH^3e&H)'\QeEUF.GU""->:MZK'78)*Oa6"H98eO)9&SCb!EF-+R;[=4,SfO3>e".P+<$5*,&C5KG^&HL[^f(:2@=6DACLR;_
'I:V5KLUSCGLJ$61=_'<Sc!WSc4RW69HVI;RJU>-ZVVacYFHU[C/H#\1Y-+TJNP^!4R4+\]]d-B'BI%)@N<P-;beFZSR_B-FU;%W
?"+^%!Ud'\(8Q7aW""c6H2ZZ^f9@ZR,@R%-G/L+RBB0(3MLDD*GWB`bE:X/V!LEUT6IR)SZD&T'[,\^.9B_*:(/.MZG(N2a6U?0I
OJRc,P%44bK'a<cDdc9KX@%&T77d#A[.+/7d4/D>TB1_cL-@+F,d8\P*QB@X4QP1@IY:(?ZOC$@fV+2\<E/)0ZKWOE^?#[POSJ5"
NJ5QI52G5EI/628#)ROa@aW?7c08%LANN$UPQ*%;4SHEZ7''EGAWUbI+e37YULdKQe]3?<EW:(17NU@\]-"1(O$,SRKB%e7N!G1C
BaN_K&IO;LN>HRH?A::*,;#:2@aaLYD<-$;J#IOBKFF\Y7NQ8BPIKVI2">)dW*>27]6<"X0.Y%P72U\]O+RILLT&GI3/@4"SP=^W
2a!1IX]^O8V3dS?B3/Z5b^bdFb\VeY!Q>:F?Xd<.!\&&B;VLO4A6M9]YOD1;"I(O]H%900[47b8<LQcIY`/FB1<GN[\I'b:&O"@f
'`UY.a`Yc4H3'4:NV#U*E`a\6C8G^8/;LJfU.3.8+d@)f@8:$^"&Q57_LTX2ATQ)'+-+]2f:cN>@C6b'01%9?3c_If-78LVJ(IP&
eHFB7/F#'/dWRMN4\X%!IG/R]6,HW?Wa-OS>0H&19Z9.JEC1&e?3B+cVe\@!5]>]6a5f6IT_P!Z(H25;fNH!I]0R@UE#e8<Yf?VG
+5ECc7"ZANQ>5'B:BXL+4EPK6Y\:IBLD-UX-1CN_c3YNC5"Z$8?.*RB19Y)-_%M0I3[8Ua+>W6Nb[5IcLC?cH=L[]KENMLV!,b_H
,+\>;085V_]YQaV^LK*J398,[0FK0$L]#;f&-',]4:59=E!<MW]=>'3*_I$FAL29K`^J4'bIK(`T'068JA6-/&=P_NTV;CO^)@_^
FeM\)1</RF5P<]JE"9WZ:-?5XS_))eAY9eAJ]")ME>A<_MUR)Gf/aa.L!.X<0A?#7>:T-B-?OL8:D->?D,)+@M,Y.7*)?&.'af2_
T4,?ITHb$6+!OeW.?`;E(!2H7B!:]U6cJ>@#R;`B;WDXZGV3?*5(''24e#2%bC'R9S0GY)Q.)\A\9I80c$84S7V],,+P:_'-;A0Q
#V;5*ST8GEP:8$@S*@Sf1:)!Y,5=94;V)9K^/LeS*%KB%1f2R`<=QfK'A/K"b$7PB!DH2185-Q?(/1GYBJIC17JI3675!eUNX!.V
;`6^E"cRL-T>U/99deV6MQS=O=7.NM&!K@G[S2799]N@aCU$cSDJIH@"3$;L>"UFXa52'WOcZT*9Zb/B2f>X.2NK-\dWcLeR@^Ja
8/&\Aa9"e&54>b?#@Cd<Y-Q>eAJcPe87T?AFQb8LX]7&P.@-79=CPdS/A^^M[JI=]-SX)TKJI/$WZ3[*0a4e2M`c!GTT_AL0:V->
I[B:G'-=.B^ZQdN9:I@$?*])R<`O3SXfG1,TT4SKFG^U$DWY@2>7!-Bd80?$[e9FACSP[fO*7TPTdZ13!&WI).f-V_*7+V?`"(G3
GH@/0aXP2"T*)1Fc@bVe;1JEP<"4B]N'O3#F3HH&"F<V8c_#'E&PWY)2TPX?4AC2>XG%<QEcIc,09YSB*H%Xa%=_2b>^V4OT]#+)
R\4X,_:S,1C>4N"Oa$>U9#D_Wf>S!H\UWYP%[+\1R7'C1@`E!Q;^.U@;EYC0dER&)d&C/\<#b&BR3T9^7YeO=7b%F*@E,'FL!"\d
fM&";d.55NKIce\f#.$'^&Ia;6B0([*$Ba=DDRO8AU4C*]fR@4HJ#-U&f#SZEH7R(Q3\d@#=:!*c_Y(Q@e\bbV&C$D,P/TcGF3(e
P,E>5R;b"Z$$Q&Ac86D1aY($BF)3%]VQ,^>AXbQ5-+[VYLXT<<)Gc;X(FI%[CB5EC9_#0\!>5eP1!W1T;eeSQ")2a./GZKXF4/:V
YIUadc%BO0_-+*[KcEC><?$e3ELC2&TNNV<W$(="G'\<\N<FMX47BG2P=Yb\'c@G:N=VT7WH"-_U=.(8M'OFI09f`E_:Ia4ba5()
TN=+MbM3@<$\G-PXB8HCJ`"0QB1YS9T.GD\>']KFWCF53V8=OR/%,[GW<=\bR.23QD9]aC?fC6Q("9164-/a?9UA1$O,DDR!.P4Z
'&'W355d)\de-$H9YV6T>^GTL(G'bX*_R'bZE.&'-+>/a$MWOGKe_>QJ,\H(TAIM<&^$7DB:OXTF&YJ:R/7'/E8."21*ZP"@05M%
eDU1X!b/`+V<6=7JfbfL+/ad;U\\`3AdDQS?+U+aH"^K9<&"P109KV=ZYTR4R+9TPIK"CE,O[Ec2D9A?fT?>)BPYBZE!D.D^&1?C
#%?ZSLe[_1IF#QGO--V;K>1A344I_\f4`0;F/ROF*F2";Ka1.=]ZVPG8N]!$?@W;;?,UB>EdC]=/f";#%[]W]ACHD$Uf6C1!1\%^
GO*U.'Ad]-_`U+B/0BL=UK=^?:"E_\&E,O#"QHU2*'e%f=<e418,`Z6Q0QX2?K+QX%-R_QEZN:T?RO_^H(A_F]]ML;&@0WCU<MOG
HSE+4IF,.L"(HNY/0[d??^N>!L!ZS_@&^-\5e*7KZX"^@?aFL7,61>)f#Zb#Rf1;/;0ZWU<.OS"&XN92aRWD4$+H?Ya^B-3If-5X
=aXc=W)@#>NV=.abTdE34M[)Jc;5&'0O^'[fJD*+---3=R3d8dVSV%2#EGG2YB14.T@]L68&fDd$2^DQN3'c@I4O8YGA@I$48FJ`
dYN1V18@JL,D+S1aPCOacA(%H*J0RH6%15fB$@4AR>E0Q+b*YCR*Zc</'#8]*BAYfXa5.+;O6NdHc33W946?c$*IP.*efDRE5E5!
1UaKb+!4'R40A:)HfDY;(L(B[UYHO9$!>b\'"SbJ`B(D(Ac+@;O>KK(Y-\IUIV5X'E0'HGTI[N3B2cX+KZ=:>")>D"@U8M`_PWB[
IM0'd'XY%';FGN]!<DFG8A`RbRN"O\a.:OK!E`508!fN]P`^T$GS5)E+;B3d"8!]bN>:fc5=O_.9/9UWLN,+_d;Z/8F?e4ZEJ7<8
QG:CNUO?(CK(^Q^7\6ZbTK9G2dCF-4D'CWb8R$!bcQ'_V$ZUeX;(4W*H)11?,5VLYO+'X&!=)Qe0$O_dJH:MFWB?!8RA5+,P<?>K
2@!?'?-)LZ<1TNYcQ*)0=a?e1&F`:*;Qe>SJP6F5>O^\F>*/C+/I]D/2AN;7SJ*9ZZ':7%(C#3LQ3"fZ<b+33"5,Y(*<>&37b?eI
4!1+bN)AX3IQ^L$0!dfL]$+Fa:+b_*Q@'U4`De/[8Of"H?)VB;-e]<`>(?-"d9dH`BWY/d8*)>6>^(<C[%@TXGM&KX.FJ6!a"+D-
Y:KW?'0DX/;O+(*PBUJ=;KD$R'11U>J@IB5eSQQ^<Q9K%JWWIWRYJ&b&(>GA,@B\*ObQeS34[BacC.2]&b"4c?T_PbJd81X'DaB-
04BF%^,WLe<N%![cZ$+J/F_!ICJ_6LB]*Pf<.F>H3O_MTC4T/;f_*Wa-M,(df=U6FO9TU,)YDb-a;A=O$G:3AbA3@c%PVad_T:bS
