N1=W\J)CZ&b_VIC:]-C>RM5RGJ04LOSJd.,H$`RW],DRID\#OU;PJ"[".C(MRfb.1PW]]PY[/7-%AC:V$CT2d?LKM6S)f/e]TL@F
7N$I$ZH;=YQRHG")M29AD^JO')%aFTSeD?b:*2%5VV^JINbIHeW?\ORD']<SPedAN.YP@X<'G=MaFC.U^a%"Tb&3-K^K=HcS!d!M
5UB4T\_H5?b)'T!d@1)7L('+<X/dM<"(d`N$!KM6;VP4>D`)SV@]]*$Zd@<C:LZc*fc'*V`^IZ%Y(.VX4&QNf//`FXJZ%1LJ+e")
+?_T9@8GA>1ZA,\X\9BSI'[@[EP?,;EM`*7e?/;,TWYBO+600JSF\1&W;+KVW<R3<8ELeX^f?)==GKfZe;X';5f4OPQ3`@eHZVM9
c&=YfV<5*F:))I9"&SIIJP(L="GU!%]X-*#MX\KJ[73LI0[5]$M%V$'P@a;FPM4[("&XS=1S\[<+"KZ^Mc[(c09+9BR?9F8G(\F#
@UE8!a1U9D[$A5R)L(Fa-a/*LMG)d23?CAR;]?a:'\EN',]>+3Ld/f>V)'eRaMf.4!$.J]-9[-I8IQ8U=&8S;B[$=W%#T>?F_^D[
-c7@[/`3F=-2]*KcF(1QT'][0S4;%VP/F6B#Y8<e(;%VNET,RBW87$$[!e5TMEd9)^2aAE^7G<@P@P&7L=YG5Dd9V[.bV^F/%-"f
]H>>&L?L&QOF;%B0I3\;K,/Q'(-OI#OWFH5YR<2?U8NMZTe]5$MR-Q"Mb;'b`T=!EG)<6F#U:WU#QV-0F)W^STL!Zd):75-Mf$A<
[(@4]JfeXZSX!\'$N-=MeKT)5:^:"@V29J)2\I41<=/LD.b#8Q4caQ"KYRf;2PR"=[E)K1TRVU'c:X1A&YU33]MOc35e`,Z`BbFL
&],UMP?9b<MXFL]K@I8-Y8H@\_$BVHE+06GQ3P]DJb`\L*K6"La(eW[N[f_D[XC;1.;Y&\G*)0cEM`LPTGG=8\\YI_9M@&GT5_>b
<YB,^7PJOe\aJ4.NKd2\'U+7@a;M$CZa?1H+Z:L%;34E7A.Y]ZYY#fU%VK7X$=Y[4A6LIL'Z];'EEV:>4+B,Df.6TPUQ3G(?SNVR
>0Te:'`CJ7/eMN35&,O&fc&4KM7CQaZ3?cd[C<4^W?^Ee:3'B%AGa\B:=<!VfC,)"D'E.(6N=Q\PW+0OT9=BcC%6?,G$K6CD4`"U
>9Od#?[Dc&(TaW_#.HM73ab*d%f9$M-;H=LR;Sb')/;RO/7.G,XL`^4V_%.IJWWJ9@>K7[K/W%@PQ3C,^D9U`\@5,F>W-#V=!_?I
Y#-KVO@RE\%'cS6S"!S/<MIF9/aUX^XRGS>P;Ua\*&aVA_-F6F:<L+2A1Z;c&!e)@HH7`-QWL;R&LJ:.2X&6COT0M^*U"B-),'Q^
UU38!)Xaf$eNG-M!&3:/,;b4?=F'^&`&'[IGa3K7S@55M3<888",$R:N5$1IIWOZS@Ge-$Y#11(_;@#UEQS]?aS9!$*Q!;P&7XD=
FMe(NR@FC=Q2%]W>1-c\[B9VYM<$E4/,]!\DQ*ARF:,ZC8;]E)LEMW8MaJI(G;-L88Af.T#c#:edSU?CNZ&9%I]'LfBZ,FS6$3Fc
%CQ8]<G2EB*f1*E2)e/KHW#687=/eBQW8.Q/,_HQKISM]DRbS!aAUQ%[%F@0Qd%AW/IE+E_U1U7*-L[)4&$SC,X#O.%5%@f:cP$9
(45[-+SD6NKS4W`Xf;H7>C=8aTJd7RS7Ta:O`,=:VWTJ$W^%QLVX+&3;^`<_S$>4A)c(++0Q6+H%[(REQP%I['2`D]^/If%?*[@2
^$9N:W)AJ+*5G[JP\dd*eDb?$<"&)c5:Q@e.382cV7f"`),E1XWF3($Q"*3V+c-X4Z2#)2'M\Z9[OS<V.27M@C?\%CWf^'BB9Q?-
',:Y^OGTO0[8&9`M9Z<[[5Q=))'@A=(/M84>A0bY,$b/96F[KAQ'7U(a[?1=B?E^?3E&0(`Kf.BQ-J<J2J'B;f-V^;`(M]8X!]U/
`'&@RfAc&*;<^'Y.Q/X(SY>&36>N]=5XO+.IMJZ)J-'JE?/?Nd[`"Ia?H2$OCAb6$O;.^A((LBdJD;d!1L!/K.:DJZ6K"P#K@aA>
Lc[>3[W7ATc2SId.&CY"'B;*#CJ"<+d]3BT4!_D]CALJEcA?SKW-6PKIU'M:W]=-SE/[>^=?(C?f9@a+U2@F3MEEN:S@36177FJP
>a:O>UT3MM@8"W5;1-3&?1EN1^5B=P17!Y"_]6cbJ-=Cd*Z$&e3[[4NE!1A&&&H$<89IZ-;[D7(O>)K->G*@=D<87#-2XYY.b[!R
%R[@!"K'+Me_R5'?=]*HW)I#$b%,LDP&UK88KZ?RMU2/T+<M\0Jdf6T=%b4!ICcH6$3OBB(AD$]YM)'_T3MbS>%37TJ*[Eb]bF6=
;F'UeR;P6M6;E8+^<#21!?f*[)9=`"a,32J5TOafceM,=d:?3*bN$%U"Z5*"d"U0aE*,.7:ZT&^!F)!UJ^L,BE!P,()HeC"e$)E"
W<M^KHXd"'T,[W355*YX94Pb$*.03^b./L6CAd%=3*V_,Wb&XT#F:HYN9/?8"a:&%1N[&')K]7fFQ$9^6];fFD;fF.>`,a2KCY,D
W&H=`FHO(?=]'HOCG298]06Wd1?'`R!b,4F^cd,<M0XH;2bY\@\T*4eDR84EE`Pfa%'6Yd35(f9*f?DJ-&(aCCTP:#OU"ON4M)PY
Q<>VP+?SZ#62.EAPD<6-,<WNR$(=,Y.\X(BC-^(I:Zb-7R.,P*afI>0*A-FN722GOK*Ne'L4N!G<V]DVW&WY.fSa*2U"[3YI-L$D
2,T#%)P-23D8ZA"VJIZ&HaL[VJYG"e&$2YXNWa[+CE)QM_c,3HY!S]V`RYR\AQ_@)IM47@f*MS9YA">beZ:@I>B5)NHV_-;Y:[Q9
5e!IKRQf$<b1A6SKW8[3@8CL,<$+DdNWS8)UJ-77f2V=,L:_+OeO0*#(.3a/0ZNLCQDTe[-1FDBeI,COfC]*?e:F%S6`3.]:SePG
fT[=#EAGC_'Y1SYE7NQ2FfYYQaLb$=GCFU?GZ4"a`[1Ed1.fWeXF`'$&5Y21T1b-[8,"5,fR+'Z"3a>X\SRb*L'=O0eT*YKET6bD
I:U=W!9dL_TF_LLR7M[<5>b+&Y`^/=]M6D(CC'%**NG?U2S)[9:f*&3L_><QD-'$H(R)E4EO9;6RP%Y@_F[&LfB"\BM^)^aV+M7%
3%WV:aCbP,I7"Q4.D1QMU*`8#&#4CT\*BGML<a4X,V,:b,SLbI;Q^.2PC2,-FaZ@X%bAd!I7LG5fA)C=ITe`>P!^c2K\1Z&^;7I*
L^c:XGZ[3?R-T?\K@Wcc%=TQ=<f2-aS:;[OUa+*"f8`''G$2FV9Gf8UUA4d49"`C2%;P/[LA\:>D@LBH'(f$'ML(G6cR[]0c`=@J
/fZ,*eK)&%E"*EP4T%Y_Z!`.RRWcD-ff:V;J3&Z-be^>'70[+A`L;/fRQP+0?9F\1H,'H@!'0G'CZL)b4@,^%2PP'"\4IQTLYB>A
+!F6;73>d;<Ff@<(CNJOTT?](M=.NbC11.[T')3S+^(..df'"-$A<Eae-(ERUG(J8C$9[`%-$,81`!'S<f]G;b(U)Sb+MaJ_fQ,2
DLEaXX)>[)+05?+1fKYAfA_WQe,Z#"N!4J"QHY&.0cES$/T$:F\8RFK,CbH+_=e_1#!XVVUadSbI%2G4R5Wa>S<SKN./&f+Q-RD7
^%c>G_`(/N#M_;/JFfe6[H:07K_c3D;%VaUQH2CcQTfEO>#;b,S7\+BPIW6\/GD0['M26WcVCW+[QPbB&e=JWJeEH!?aG\dfaX=/
>Aa(Z*::,&`ReQEY*<%L(118,L[f&-+SQQ;)'Xf2#C%`\-dGeTB1^_dO)fZ:R:%>@P$;--)BW!9FWA&K)DF8=3+>1_6]]2fZ;R0%
TN.V-6-XEB77ESbQ]`?[#>cX$!99J9_e%6C9,;S'DA)8aZFfJ!:56b,F3>V)G?/E<R2*d8B"IE^1Y#<:Q==5)@08K\9:?"_JaB=)
`]'!NdX43NRedD).(L[UZ7\aC-C')2#V)WNE*&c'+N$14KGYN)Q!Q`WZP`ZPe\JV8`)C`[*>Z66<dSC\G(cdVHF(X8?P/_FN`./Z
G6(1-;?/)d.E.\0M+F9?B6IYKT^<5W\GM(a-!0&IaA6R9XRfF[9=M6_KE=R$+NQMDMOD$U;4CWRH*97B''94>#72[M/VWTYHHME2
(%;,[GD(X/\8A-I7=H-)L#$dZf)!KH,_4/Q`KKbE/RTH=EA=I@$2>M7LQ)="8K[NVU@e>/QUEN'N/N+%]>%E,P:PQUDF"56U7$I5
A?F,8EGba04H9RN"C.]<$'@DE-.4LTQ8FVE>9C$V$`IND%>B5N-0JZ\HM,0EM?P^I`Wd3`(E5C8a7&"]a)Sf70a1R$>8UGMIZ>K^
CDODP.a4%N0\!+JI0>N:UFEd=7Y:<fQJ*H7.8BLa3-PA#N">9D.(J(XROIdZ"/eP)3@\#QQS_@T(T'=1U9QSbbS1P7GT.(X^fLB5
I</&5<0Y#5D\=Y(4"TM)IL*c1;HP#0YJF)&3#7Y\#'dLDed*LT#!b*$EKbQ:1-T8e/c&aHAdZ@^bA^c%c?aK_3;<T8$=%A:BAMZe
>_W)'(^aZ<Q1caU:B<'5e&e(,M,/W.EQ[&@W3!UA%eH&5`NIOA(>*ab.'`Vfa'IX#f#,P7E0+*-/AY]<5c283+S<bb>aF"'2>UKD
=(.WU*?KVfAfI**/YC'J!.ZJdEfEe3F+*2L+Xa$5G>;@;@b#DbSM6HJY2)@9%5,Rc!'a@SR8d.$)e3(A3]Vd/J%V(!BB^?7QAWHE
:,)R%%Tb/[@<X:%&LJ8&N8PE@->WWKBB2XXWc>\RZ.)EM62=A4NJXBLD1=KJ;,MN],BZ3P*@5EP\]3WBaE9GF5Ge_#@ZY(Y)[CHS
Yf6\T0R;N(Z:<WD437.5U!Ye>5]LX@7':@UK\"b0+V8T\]^f@BJa8@e5\</:fD@"eW(XL@\&&X]>EXbTCAK;1VPeL;H(d#E`CST#
HXV'!GVA)L7%<H\F7@9.;KWX\<:a7V#U8UQ%6'QJZ16Z/7cZ>:J"b<?O'_,>\VCK8+eRAXQM!PMJ@WKVU8NH:FA<^O&>UA)-]/"\
cU%;);;6XID;=7#b1=VbeBBU2O%V3R,b&J;UWRDV1G:-cCHWY\S*0U',PB9@B^)1#MN]XK$5e/I3RA-%)5??#IQb()d9;7P-b$U+
+$-P>9ZSR'@*!f"0#MOK\!,LKLL7O^8!+%5TP!R2(;XCL;S`),2;-T/a$N+NPE)]7ODSWf#bL=I:^#RFD,B]A23VSXG!8cS,Y</F
@$B@3'?V,-&4NS##Y*:PWZ>D`#f^'4@UHK:I>6?e2B6)a=CZGS"1*bE0FcZ!"fdBOKG(.IG7Bf;_WUK-)aHa0&[`U/bE=&W@VPYA
5YV7:"#1V_R1V8=92LA63We3C"T&cKF9)/IQ1O3K=[+?G@K46aPOd=)O=QG!CZLK:N7[,f"dA?%$KLH_2%S/>5=+fEfeM]+7A;]"
3:C?#?/^;AL^<B,V:bG;Z2O4$KPdCF35S5I\O7]H"VaL='HV!O^UX"3,!Mb;Z(&BN]*#:;WF=AIEVNT=Q0YJ:843K>U=!>-OZ@Sd
`\:K'[=?,E.>^3S(9J-T.8435%H<cIR995C<\D"['H+]."2?XLDaS.b*/5.UB;.57OCZNYE7'_dG5"(18eEUQ#R%U8'7HaG7<JR%
B(GYdbCS([Q9<J3!L=eZ7!R^*B`TaRX2$%GK(=0-Ue?:!"8<C@fXT./H/PZ>O!IbTPTO"0%L;/]DUP(<,;WMCeB$RC;.E,*$+73b
NCQN,De#0T[#S/TZ`9Q@$QZe:SeE:(%7_SGB+-2C[0DVWeSQ+`XS/BX0JUR>@UH!IR#I=BK#@*0dTE5_VHQW`C2CeY_.cfBJ$(2c
UGNb@KOD!W[LcX?MO?*Q!W`$IdK/-RKNRR"K<M:_"]D^I1dB,;d5HXT]GCA1XXc2Z$b.U#?NVI]Sc)7D4=CS60JW$+\JD[C'Z%3$
D\`2TI;\&)1R2a]U3EDPM1K+P(9Q3=9(,#dP-FaNf:!#P#7D5WN]N2!3%Y5U0!,4UVF3]SMb1!T-_.K;>EL-MZ75aT2*Q!NBc`B&
HY;S"(IV^X$K9L6`HXWS34M1+@2cC;(\%%T1\%Nd)CB162J&$$>EP'_9*E)+LX]DJ<D%`-SNJ>>).VH%8GN?NcDXVAN#&XfPW1?_
#PH/PYGU\Y&Y/*IHdbTMQ?(=U=,Aa*?L')N2?,X4?_11:B#]'>'YXU`O"@=Z$*QfeDQ@>C6Y.G$cBcbA47,(F*>2A%1ET%0B(&^5
+6OPW>"G+_9RUB7DCKQ-8>-40W$2a1@VVBd#[@^KFEC"@d&Hada=@/F=4I+\1[4bbF@GF-H\eT1-_6?(W2&?SZ;P:;#Z/Q>MRb`M
O-E1I/U'ZH[F\;_.HF#E[W1+9-SGfHA2"RD2AN0[@W**F+L`\/S]JB_e`9(PW]Z4'UVHR0R)SYY;V)S+.7Eda(10`%f?<!Ceb3FV
CVSLX#L0"=A[N39a:X8I.B&Ua:IE3JI&9'94=']Z'B9M+bNfAF*fWL5+-[`A17f3H+dDA*V<d/9,K?:1XM$0RYJXDF/F?5ZR+)2.
SZZX<<KZS>X:^O>6b46X#G3"GPA17(CG2dfW+9Z%3GT&!LGJd/69@b4-YBb.ND5]T8)c>M9/)_f2*\3@L90*`TWT]GaI\R^@7`<(
'*C0<:+J1d"GO:f']^>M>(/^Y'Wd<e13RB_E%E+8>)&ZeA'a+?VHZ2Z%.F^aK>5M=W)Hd&eI)9:CZH,KJ;=;1^V%@1VfD+%C_Y$O
U+H36LUM(K)#/9L0PYb1%F7BR1#QL55-`""\;3d6'>cc>!(P9R`$,_F)HW$DX[!&^+B>#*CQ)HS16Db?,F[\SZ-[-=U5f?8Z-DCK
%O))b4MP:I>Se5"+&a8[OSLN[%"I">8cF0dV+ALS"YX3/GfV"181+LdC%G36O@X?!6?/'OW;<R@_G@0VB"%J?_2<&KKW@N8Q!?"X
T*eX:LeTKe)6ceG$]9OB>MM/!K])7;C2\A;"1GV-c#<$e81CTR4FGL,aBC.+5?P2AF^7'Ea,Q='0.9TY1V$\Ab)5G%X3aSQ(CK<C
*%O=^2-PI+F=,P.]PKC9ZXPa#%'D4ZZ7E+!Ec^G124+>dAT[+F6fdG0V5.Ce(WR!`Td1P'ZQ:?U/"6_4,=XKHVa4AR];!+P]W>#:
_9DC]!G@=-:4b+(?4NG?c;JP^-6ECP(*X?_>fTT3L%e+Ff=F"Ra_/SG_;69*/[+$+Z6(8N-KJ_G^PTLMVGPF[]O7[b._HVI]K*7+
[FU:ID<4[O&8_^B'6K%ZSTIbS%-:%,O8![PG.&5[NW9TEFCeK@f'715&;_0`K+0@*=43?Z,T>#P+Q*%bZ]B/Sa,CL;fQ:Q30cC2b
dB&@.<=\8*9'cZ(;F":Q;0@d28">@E_>aYIMc!"4@!8`f)G!Y#@#EPEbbN5I/H0SV5)C@S-a\14NR&@#-B0;Ed@%1@O2-CP2:O7b
DY;_@0LP`5ccLb/`eSRLX9:Fe?8Y[;,!dLSCG#CY4%HLO"4dU7H*<U9f>TACVc2G$ZF?[AYND3\XUbK1/O>MLc!P[`7EA/N_??$6
9]%-G;E5JC89L(Y/-UB_E!A\>=.41<]4.5J>O1K&\MI+Ve=:Ff&,0NOD(MIEF`/`@+6aMMR[,^]&P7^<("K<0\G`;9(!0*Lf*`GA
>R0?B'77GEV_6>fR*;FDE_8ALcdV,VfP0f;5e_;b2#d[]`>TA=!\Ic2b29(1@J]F?4C^@R?!Wf17FRIa/+#)!'\^c9.R+CU[FVe,
bPRQM`4BYaYdHf(`DNK1"DH'4If\*#4_I=XGDSZP^EBA=.ATSA"Y(^K[>NTAT<?NK&PV^%4<=@&BZN9P(3CS7@W\P)U0&-b8*[;6
'$:@+`@="]G6'd!5'a!@$`78f"VY0a=%%U?VMe<I!9F!/[I"/7$KEM[&^F]e:MY0LA7b1)*$McNA"#:W%41XJKOT/;/b#YJD3R+0
IZ!FOWG.(bOE9CCK@Z@]2,fI(#W%UVS`#$W'I),*N/5%b_#G-4J8+'%-UQ[CfbQdX%&T_'DBX'45)7a+<=G1):"2_LZ6O"%,b7R^
BMa$E7"]\\KV:^93<$(5^'F)C:ZM!$f_'P?XKGe[HZ'N.,DLC#d_#[dC>.$,H9*\_7H">QT*B*PZa\-V\Y4N.,<!OI9,D]@=N,*S
V:1I5@fa^0A;&`b$:f.QKRZ(;,APC5@4^GXaeI=.';Y"*_F4`K6'=5,#<e-@&)bK:#ZX:2BG2'(UBRL^6PCc@6BZ;")a<!H+f<'V
D6:,FXR3JQZ_XWccND3KW,X`'_!H*,J?!`e(,#A'%]M638/L14;ZUG0,D-H@TTf(V)JX3U$(,/.9*KL/MN]%R0JF+<>Nc*T`N/[M
/(!AWQ@_!I-7./>HM+FY<-Y`<'*V4#c_([7-3`7#FQK:TIL?BTJB%6`;VJU,DNG-)eeMf?)XQ+4.=_G+N=6K*4E@4#<d!#U<MN.b
\1MP.@[_a;faH+C#\O3!3/([:9V1DdV:/O9-#=0X"GOD-VD:<O?SKJH]/fP]\:3I9YO-EOG_`*AKK6:Bf+/Y32Q8?#7S#Ma'4BPb
ER8I_G":;I[6@\b8?f^?VFQF1<<^e)\4!&FP^:0=CEEF0d4e6`<RfU-IUdS@1a=0(7QaeG1e*a_cJ@/W./1_9S#S[Z7J0Q3S%Sd_
K.E-*.b>1)!@d.?S@+EU0C_YI/G=B.Zda>56)$R"&>V/F!45D+.'K!ZRH_I^_`"f.9c"e88(_GH\?D(V%$[A5,/e7+%"F41E*,WV
GC-2D+eNJR^$(Q:X*2?KP*@S,=8@L\,Rd-0IZ]Z6GHT/&LO"=\)*81#AcDH?[d)[=!2;.O%![ESb\]Xa*.cGBKHO:Ib0[G&;E.3>
#'7,_NI78X9Y]F&[<U%b%7Z]W=WJG%2bDZW%K]S!"0FU6)%L-_GCZ3MeeVQ0Xe!_Va=N/e;LF>@%aNdE,2VWC0"R6(-K4f:M%7T&
\!29(`3>6S+L@TDX7NMP402RCV#]9>f[IX_X@JY]#*B1d3^*eG%:'EJLA)N<4fZ$S@?((0$OAe.I4?X(^:^.(.S1bd%F8`d]FC:>
GGIaH3Ub>)I&>!:dN<9%.9`T5,9T?\?M"GJ59[SU-ce<RFDN6,I;DZN+A_KLa38e;P`O=)GMUf1c_,a:5Q5?E:.,7OH]@H?C9T%E
W/RMOBc!7+`dbZFMSY"2$VXT+FQ)0@FL;D]TI0]eZK>c(2b#QQb#@:6RRd`O.]3Z*:.U;W:13Y(';fVe#@c,GZe22aF8JM^TYVBe
ZV]YW3aE<B+XN^QG=EY6OAbK5\'1G:V:3eH^)+AY01T%UHVF.ZKd4B'(;%X/[HDVFSB$J?)J\B[Fc,7RZNS%W`9)3/fG9S3A(e@E
C+QGP^>-fON*[*,C[TEbK>b5.B3]<AJJO_A6>^K_]WO,):FQO"c=[TRf_Z,8J`D9^.UW,GFabc*O=W[I_'&?RLL*Y^Ff>:'\OE&e
d35eCU(XQ(8H"A:?6f$7UTa)0VUV@R8OIH*+@.'_1=a`c6Sdd8!>I$H#?[Q,GT2$YdK\B#c`A%:bP%:[aI!:8V.='(E_W6E3.8?(
*QW]G'@ad&]%A^R<I4aB#8@G?_Sdd/e.IRY15F'^(F%5dETL(DS:B=%"H**J\1ZP5_>(H`GQ8ZVZ*]C9C\U`0EGfH\<21fR"L9Zb
1Zb=N0HA16K63e_)UN7?MI`#.a[E+^-+D]A'M)'85>G;L<A^PL63\$"=M>#B_6"QM>FU8&eK08ZO*ff_:Y?$F0`XYb_47S>3A7Cb
->U(K.QXS#BDB/O=H,17B@\F;cF8+)15./;29`'[8;Y&Eb(/'=Z;6ZH+I'$1S2LYI8SUXM9>5K,+8DYL&FUPDI&%NTN?]C(>!0)T
Z9@W#NLdIDPT[1DdW\W%-)CR$0F-A.dJ.^31:1Q[G8,8^)H'*0F%AO3d/c!:VKR_8-?fNP)b]^&\a'J?2>>T]91H#;;;,Ub:`2)?
!S'+W*)>8MMDUP,c`K'#\U"5/$U\'-W*L;E1MF\FF^N@G7#5@$CH-90MN@\Y_06eHF[50JcH&+UV2G9'1cX3W.U#YXVSH)-M!,;@
T8XdO)RI(E11L3Jdb@A#c9KHK7`<a[_XaH7Y*/`;^,/"If!&`NWX$;bJ+=XHZU30eYB^N;$<]8USW:6dV22J+b5P8/&Ja('#>>2'
6dN75<L_@"R\a<S7TE>!Y,ZGLSZE92MU77O_f8*-[.C#15S@[7[\;fW6--<`R(\M9CC*,EE,Z8AKAVZBYcbb@Q.VedRKVed>:/.S
Q/:0G"X=>3:3NB0[D%4=>>O<+S>EME*&@\#P)/>WW2=>+A"N`A79[.P+?_LfAE4:IKKWXN&^Y-0WMS2SfRG;LF0YKO:=+K?].A=V
'$cS!@@B43)IEUW?!*E?6'Z@X_LWX[5.5.1YB*e'WZ4+QQJM:P^2^"1G(NJ6A&>/<0DWc9;C6)Q)cUR.Rb8=7`,9R(b6HfD!?/0!
SJI(%HZ36;3f!2(6aUX-dJFPZ"UH!8%L(R2JKM8X+7E.^K'T61e^a#BX@NOT=K1^W`fPPKQU!@W%1C`[$$BebTAAf+6@<OJHGf<?
\__ES&5'Y_P/::(.<AKD6K*-NYRY-3Tc*]1^7DZ:>K>4-`Z5Y'7L%'!Df!]HIPE@XI'E_6EW;Rd3d9G^c4X`Y:S*+*RDG">[B82,
bGWL(&2"H,C2a32(dY=/L%:K!QPS>HVHZb$SSHD=2=`"KUN@ADFWNbLI%L9QYPZGfJ<-VX!^Q]LaFe;G1aa[F)_[ANY22B`N8;J2
d[7"ZB0+]ZRab`PRDY-V.bORBWC!6#.M7!!_!9OC"F6`?fY><BF=CB<W`&R8EELMPJ&RS9ZI%_M5]DV>]XW=e,`:5GLcKf>?TedH
"I_/$G/=b/,*H`<V*WH2)LVWL4f(6F'Y%HSQ5'2'(D`:1RWKIZL.6/84/.9;M-?]-4('/$'HFfcLP>c?Fe3<LUM'W^&Z=&@F9W9C
3:AV&,>%cN.W2`d?d^8N&3+]C1`&S.#e!7WW=OD%2JT5OO<Q@LfS0R6&G_[<fTLY[<fV+RC+=I&D.cc3GYZaYc`\N/T($/:]b4fH
dB=TfD;]<+O3d"b-]SQ:N^+%3V/Q:U5EL_X92.Nfb@U8L`df=;3RKH=4Ra9[:(TDc?_8"EG7T75:QG=^>P%6.D^P/*;'J$2BWcV<
b9W*V?]!V]?)>T)N@9]?T,a"4"IQODZ*OcT;I"M/()7RVRVaLfGEd*-AQ6HW?Q4]+CJ,<%I:@T$M:DF@*1G\]\b+(Me>Z46:L]L?
cKRU9TI&LLc-B,a)<a,.44TG&$9G@SQ%1VP-O(^fbf.[(T/"'HT?*C[J9WT$>1G;=QS*TXY//,Z?&*M%L#8O<dccE)YMaWU;MX9J
b`+OM1M_.>O'H\2XW)/`R#6c'UUF][[f4STb-9I]K5<Q<$\9`0/:f);;X$@MEJY>__SKdNdE^;3G3a&;3a!-"7W&#S[_]8a_YaZ@
T#=B:b_E;]abDG7M55_!F(-AZ<04O9_8\!TUc9DN@R\RV5*E@[YbLc^]UC.U"@%3eEFOZdNc-&]d'C-ZO&-SeFKSb*_QO'[)O5<M
J;'Ee]?1WBKE8)UO/]0"^O,'H$E]C;H#Q.'NQ29\IBV.d!B>3!+V<KX7-BH-3H5%DPQ2NPKd+)@+8>!_b.Q6_DX)89f3bX:ZbQdJ
+CB*NA/$0W\GE96)_*4^CTQ4T\R``[.[`8X$L_TfO[T)$N88?`@,$f&\b_)@BR;C429>%2Y<V>T6-#LKcG07#9:b"!V<NAc6?<A@
H=G3`F;"<cD\RZZ:]G7LHeI\TcS0VG&92.?@-$SBE;Y(N8`6(&T$$35;[DURIK?J4;(eP]Qc(9QdaC$5@/3A13`'B&P^6-;@:+fa
QE0.;-Ie1IX*EG-'c@dF,,$9"AKVfC;N5"GF[$Ud.KXFT,%L\R4.?Lb.8(@^K*-.&cM4#GS&.][UK'c6W)=4.>(853<2TbISC?>#
$0X,HAR%J@e:1Z7]\+Nd)7^H"6#`G=)(EaU+(];+](@*]B,_L^.8@A?KNeO(*1,P:$7F.;)CQ-;(N^<aZ63MZ,2e=ZHB6Z,U7e&?
(#f'3($%,G8CNJX(J_'T8&U=EQ$NW5WQ5XR-6-:dF5LAJV'Ed-dDN,4!,<PRMf4Ga=;_c\'8=V3C/XXAa/&\YA2[KNb^WU(<]1=I
QA5#YV.FW$#aP<*f9<W?9?YN/+e6J-478T:X5QKN2@8).ef6ZdKQ#/8HEJ^7eB%8\b,0QR4`0@fH7L6QT)2;X4#FW6HFG&AUa+6>
'G@;[-$S>ecMBEd83>*HXfd:U0V;VLWM99'/D"cB%d\A`&8D?I[I`]W9#UXR=:&X\&?<=&@LU@IQ*8K*;-QV-cSa7F10?EQ5ffLe
YL"C*Q)<WB@0(9fT`"1!Y+Tb_,N@UDV\>(0@1cb__fH$3**#deTBN.N!PTe38N-<Ad>CK>K@R=LRK@dI)IOIbIc9W;M_#b=IM#76
2+dMD3N-QWN7MTB;0EQO7\8"E\e6Y\C#fC#RMYWbAZ)8=&Q8VM!$B3_b:$=>P0Yd>69=+WGaS(`Q#GW$*B@SH$B>*LO/V]&D$E7O
T6"_0>V<I(UN*;cM!)6\<E%)CIAR9>]-4aJ2@!8JK`7!MLae50C_$%Y]d89"<PVF[,*PK.AVN`;_H7?;P8^V471,0HG6!J3L)75V
D*XLWL2LacRe2>(J>0?(a1]TeI[)6[)<#T"#+WT86MBVN\Gc/K@H0G!OZ=ROH:?d:W`K7@*M2W#IT1G?>.W5\0aV7VFAK8d=2%=(
K9#S<fGK&6FHVVHL\@`[/'Lfb#90\8'3XQ^QL)b?7cB19,M%!W$7I0Ac`#RQc:NVWT3-KYC'I.&K^U\?O&XKD866,6<WLcI^8TB,
\e2%9:N2<9Z#7c%Ae(C;Dc0>'f4B^<HacK%!d[6$53G/eNb&*$!Re:]F5XD=)B%$@WJ(V.C^?VHB/DOAA_M4XUH3*<>FM6M_MQ!^
O+,:_DHXD00YV'Aa?-+9OSRV_&T(2XE7W/Zd1B!67AT^N-NY$E!G9H;8>8.I6f3E7H![_]:'-\<FdQW\a[S$7$$)IW^)4>6'fcZ?
H\AYb>_9-1Z\@G^MWQ/5/X.%eL,RVDDI9^>8C#)Y6X5H8AM[#4aJf>5$T4VVef)`NCN\d,<RFb*B8A1.X5\W!X,S>E@Ed_1R1b\/
;B/DT51YC:%b-9FRH51cY6M>.XTb`Rd*IN5a?O\5>G<<\5&CO"_-+A#BfL&Y]%E1P>F%-26%LV"2P>2&Ic5=%"b?O!3Qa_A"(>JE
ZDe"-GLcO.'\:_a3,C7RL@FI@6GFQ=V+`#T;1TUdV+EeI7G%_,2;NT]=Tf3dZ\8SXT;c:XV6Tf2;O(SaY0?/a9VP7CSH&,`Z:"Tb
M1?DH"4@e$L"!B[]RLU%/MT`2<,[1H+Y(ZU8.Hb9:FV9TESI-,%Bf![>)3L;I;XM:@?a)F*`Z=6%9_1I/M9DN1a2ddE$cKO.-XN0
4DJD#->38"'\c$H3)_C8T;?,KI>PYaI<%))aW"LNe"#'`a4L%OPIG#@aP`_,bK5+QdEPVIZ(W/3N?5\XUK5a"XdXf]&4HS)[IGbE
@G;D1ZW\L:501;RL."U#I3PZ>4FNEe`&#R\SZMfa'H,4M4N-#Y<3LU^<XK@dcY9?f4/FW,=V,/7L<31+T50Q)4Xd%)VZYJ$(+`ZH
WRa#E*#?!e-Ua9F7*KA,^e?W!)RbH];3B,1e/Uc(,3(e,TEEafUb.d=&%UIIY=?(`'CO$EP&8(LcC-P`+^SM2bL+@CQKKG&_7F]/
?(?9OcY[O>XJ4]O04SRaVL^M%L/24]*5)HfFL[/$(b].?MVT>@6Ya`Y>8:1G;B6\?f5]BE];NB6NI;?fME5Q4`LQ3C-37[ZL]f)C
YI\I_bIKAZ5:AXeE;F?DF3e+.V)*eP7-(<WN,,XQ93F7X9A)1]&;G+TVd4[Y69;#@/9aTfP9.U46VO\TVL+5UB)"$Z<8E2TERCZ(
:5(F`O4'S]GLcOOYNa!3<!)SNOAA+4.6D!Z(&e^EJ>6R@c4KC:I4J?@ZPSb;ec'/!_^LbfNPQI0d?\'_F-1*RGDSE+!C`)7c<e-R
GHS;O(>>QSa=(HH;63/W5\I6(&)ASKSAUGfA:2B@50'dOS<4LD*:d=3$B`Q"FU8NLKZ'WdM^L`VRFVN4Q]4d/2)Wb;W5c%6f97GN
KbF`TA;e4M1bX3LJcY_?@;da.-2[*.H1PaI6'K_df76Ra+#45G<2^'`db\M';fM%5G[YfY.>Q]_>+#;3#RZ-7>/\BNJ?5d;XM[J?
a(A#Dba]8@=[SO&?A&[JFf,2P1)a+e)G*QC\OD6d+Ta4,_d/E[X<SJ!4!Rc6NKT9/I=]7VZ=[Ef,f5D?KJ<<@KPSJ44]5L+eUANc
_KGTWAZcb`/P@V!').IaHN<U>WZ$`JIQBAQ*O+5G*);8&aP#],6RZ-$5IP(EED"A[]-@*c/LH,:bRcK7^?@'JV(!-G3A&G<$?#-V
9eG-b4#<X9<?0"+3UCFd;:?ML.I<OTR8=.H*[f95'&Y=I6`R/9[4*KD<TB@5c_8*@4(dF0G.Z/bE#/_BG3!K(>*fd*8"OL.^/1aM
/L'1*Hc2?!_U20F`[bE2!VVE%;.VGeQ,c`Xa\3#0"Z>*Z4A_6WV>BUP.WU7[_F[dI`*_:4d)#NJaA2:F<0[HOP/Y&HeJ-1LRL8/Y
5FGK(RN3RM[eFM:+cOKDfP,5a3LX>#;fPEE8GZR)(^J1G\=S&2[P!6A`V@a0S(SNO/G&[d>/`/e&:FK0.D\+'>45*a/&dN#V39JJ
I:(5f99Oe,"!FFTVE\3U9c/.a*&T]+)F4XIN";bY3U!7_PN(/HIe+IX'R/aQ1*?=95,OEGCW=4<$Y@,aR+E")"H[,0L2EVA'/D>6
@&?5.[E%J-bL/-`,>eIf,[[c.c4YAMZJMQ/!H:8KYJHS&%'E=-Q'%8&0^^!^PK,,W]eaE5O"Ma[YB>&cF06e]%MKb7&fV`?!HU!T
c&c\=79L-'Yb7S$:]!"U8Re^IR1=4`8Y%Y_aW16P`$:de[A88"2K9<HfR3_]#)'DLAf,Sfc`C4!'(6;60B3aMCEcHcL/#!9/J\O7
2a_H"L8P4&01L,ee`*?J^9"Y"@IO)JIIKAa^Z*>F;],U9]<][dc\U8A?+$>>":R)IPC0b%CIWR)dD>]=KH325F+#9R<&^MH8R6WS
dIV`P>M>C8e8Q1>:(0L%#FJW7<U]+N>@(<0f[`c5(5I8HYQ6=<W\GQ9;SJB.$eX5G;SQF,O,:\%KYQ#[f=!9IUCS(DA.VT\<Ze&:
Z=3C!+fdZ55%IXESVb"1J(XU:(^LB_ER>E=8%1S_B=XX@K:C,2,FG\'fN,ec!93-3dJHT['(B5RWO[I#-Z;W6!6S,4A'Y>5B&5d@
;/DVKS:LT*U$.&)OQEI.E840XYW<%&*\82"7]ZA].9X6[5))B^GFE]01U4[D;fA]dN<+!FbSX[G_OQ0=WAa,>;HXDK'M.J]PD.$5
,AO)]:`e)I?ZRF=^H1/8.XCB(R,!fOSJJ']D!]GBd'3fC.Y#8..]7Y_L%;LQHVHO3,*&*XNXHP=a\V:5P@%@c!*MMK\JS+>>^C((
DVW"GME33IT2G3C8]I_+6JdM/+Cc(UR2;28W\Z81/Y.T,ZMec&\L8cf#f_+$KI.=CZAdc/6K4YaY,5LG?>*%\<$fU1-'DX;%$C?,
%_)/IbTIX(<F=]6&"N0XA[C)W\`Bc/`3b\RP@`-U6Y*EU@WC;^QeBD=MM-JHf5DVX$AL$eN19WH]a$&QF6)fK+`AT\V[*',J@F!;
B$9!:7X?T=%-"5ZGM)OND*8f!-4,:;9-;f_TT"VQ)LAE#?c0_#bMDM<)+R"'K[.ecP+60M8+,L;6RdWQ!$Y2K<[?f)-OY)>`)]K!
)%]SI7@/e"^U%4?&*;#ASDfQ#/Ga)8+Ze[`bFA\.=TY47/bYT^Pf23%$0-ZI!=1`082##<G:GHYJV3L>c%UR"QXYN6bf*-`5!?R9
D1UM'3UMKR4!BH_9M@O9DVNERC\F=\.DT/)=)Z5?=aZ3a>?cYG,&6ICO:9a`5G*L<9$'LPO5"9$9/A[2<(-@VSd*518)?PTY"OG1
US,2F1K4=%*_>aN^5.?K(B/"Ze:MdcNVP+Q_;TdUMO1<=9[.&:MPRU`*['#9Ud@9$+0b%(L!!2SLLe;^XP9&U0;*;02NWOHQ'V5T
RN:+>63S6OC*bR:C*#]MS8bSVR-1W+a1PUGP3a'Z_H/6Df]+Ef+QPEDM3_I<=X?E+RcE?-#Q_*?T,P5[TI\YW.N@4V=a2BI(H'Z#
_FN*^W8Q>Le6[2cQ%KN.?Jc0YAOb1L!Q9JZN]!d`!$P'1dN(X`QWHBe1OLfG8)K#>$G%b0,fU_6S!eZ`XK/J07`I2F#>8A:/U&+'
a#J[I1QNO!7@e([8"9eCU470`>27\cOQdBc''\<X)XD>3X%1Q)+S3S<SbSW&Q1_I0@0#[M@"L%;Af(HF>V#2*6T_B&eCceL62(\7
#^GEQ,a":*X+++82\95EbSIdXXXQ4<Z<H(d1,P"Lb274PERK.H&\5!<AV3^40;_a#=XBe\f)+7FC<#f1S;YN5#RKM.1dJSSK_XQK
?]E5:7_>3DCG/$7>J2Y=*>bJLX^;['_-TI'".+6a;@9'1DeOf!,YQG,N7V1K)Q9@TB@WIF?#H-*BDFN`.U>KE:=95<B-L6L))f<T
^U<fIC@d^L<AC!T65?V`R@e,J=c://4!:>cQ\F4[./3!M0D'LAR5I*6/*PSLJ7L?S^H\f?aC$9<`FLD7K'KO,)<U)f?(1LGd<05O
b<9b3/F0$(B^Q?.[[@FHM#N:&83'!UFbEKPS'I@[A^b[[4OEef+%B9W28LOa]Aed4\G6=LYVS>G2(M$=ZJYV%&/'$MTZZ3/\69LS
f[=R"*ME1:4c<.5>'Z.Z->-b+3XNeD\4C@H,V$-H9d,D\88aeS#S"^^\c;b*A'65"$M?T"@OS=9T*d#M36.)9A-GWSN:OZ^EREfb
+IX^Z_f)\JeN>H_9d"f,J$Xe#J'D#?O`4YL%RAbX%B0?c<!:'>&_["!9a,-SAW>bAe.70UbRf(Q4!!\=1Q@'6GGaLOdN?P/f+][I
f9;3'1QdQH<>1%:cS<=0A$!0YI2)2_+(W6D[^79AL7:6@8KF$81Uf!^;E8N(&@_W&f`f8;fKC9f-8S%$bAdaBK8G5&"e=#(*d3-!
_B)#_EXI]MRf/U.77+6NKD.3*3%=PB#K_KGI[["'e.*)<D\R:LAfOZFf<1P])<MN<=a,$IW-JRWGcb%UWNb"%+R059E(5,41GT#D
c91OIXKWX<GXRH3&2A!3I12,YNR:CE];aa&^e)9Y1D*.C'>8O:LH7%?B5D.C$KeCP^']&+@7L?f:6A--/._.IUH"'.aDXO8%#eIG
dV?dOdRO#P,A0+3;5(YbZ/DE=G&%5SYBf:=>$7NU,X`_N;7fc1"[IX6#NaOG[U8bcd6N.]!)Ib82OR([$7c74*TB-N4)[[\aXQ4G
_H.dSQ4aD`JA$)P(?X8J\UL9!\W"EDaSSd8]+MbOePNY%YXI=FCPIU\*N4f:feD(W[ZMcW<"?MJ(\WSAD]%KLX#QC_,SY"?1b<K?
Y+K#@f`8W-[-O`].!bUPfFSU]a%d+PF`FL2.*Z%"B]W6"JGTDD:f&$/SfLEb>J@$"1>]<Q2ZI2\@<'!bY+U.UTA(IDC2<eFM;9"+
[T3Da:_/!=#S"BNeJ'PDEC016C]9WV_\WZDOd(5_,Q]"]<_@'[1bS`2aV3%QcPQ81#_c^P[0<DU\Je[GEM3P&Pee^K._aC<SO^-A
_0!=IM3WE>!5D9A?I$B&J7BR!9@WfA-_QA#+cMH1$-$,5WU&)4$GCR&^eK9D-^e1cHNZH=Y$K2KZLZ'!-NY\7Z1$&/;K!7=:KPB&
9&`=e5:NK-T]!K[+/YZf5c:4>D^<?)?-3aC5$[@3)U"KU^3bJ\c>((G]>1>MBe@-FHLT8d5L:3ECCS!aBV(;acb'X><^E-:&O'D8
!R8d.HOG^&%*P;f%;8YaVCEO-7>fUCRKJ<6=/GB!*EO+9&Y[!'P(%d.CJLaXDc$"<D8e$Kd<\(39Y?7"=8XCXM?L^aZCcOa-^;#\
>5S(J%F\;.S+DL26;^cC9(/S=>?KIPE0$@JJDOL>I%>!UW=.aNAbIXRd_/G^^&BQ8Y?P&%b.B[/#W/'OWe7]EIed4;b+ZN-bRE_^
X.+5%V!_'W5A5^bX4:P*YER11+TI?]2_&&K>1TH:)!M!8<<EB7K.+8#,VU+=ELfKVD*;%IK4f;LTeOc<!@$J:TAH]_</_Y%H%R-4
$Gf6aVd4AC\>U9:R$Z::/`UN^#3ME!bPLHQ;;FPe:=_4P`[D)R)a_-^U\_5D0dEd6@MEX961=GHcI`0O3C)LA,-(.IRV2dVP_,T>
AY!&@Q8-9Y%_<H,a&aH6bG6$$(Ne3dS5,TP'-BO>QBD>]CO[L5?4Yf=0Mb&\HU4)@(H<R=J:@UbAea=8`"K(?IMTH.5&>T0@;,9]
X@%e?+Uc3QQ@)SD^b]_VDV0;U;+WL)>YB::9.%L\5QIe<SC63P?6G][\SSS=dQ4LbU&d)3]F)eG*Z^J%cZAA5MIZ_Y2cef(]6#DW
VHF_eIaA/@K_6@\a*Y.'^25RY1\U68;%V-!]A:`Q'R)E?J-I+/:?3R\D<^$_YC)KM.G:=,W6ZKW9[WBd2RH!["OeE"",3U4`"Id$
L*7_W3R%*\+JN.NF4a4%.'02OU/@U6Jc10eH'J,#;A8JD=Q4?3,/V/FMMX8K@S<D,A#2`/;"KI<)1U$0&OAH4DX"%<L(cL5ACAD>
828=3BZQb]JHV[.Y1]`)R5eTS8$cQeP9[)M-TC<Uc<#!2]3LWTQG(5[/#X.2T9)?WDI:YP<X/5-Hd.T5S+#CKK:RN[N?EH*AQT0%
\7J2#!![:?[?:[.S).N4TUd'WbU@LaHVbQE?)'517RZ]JOd"FYdES-W97A.C?P=;c#8+@DAddV59I_/XN$31+C:D:K._6+FY/.)R
DI)0G0AL_Q?fc-<461P/GX=0OC=R&XNCE`XX*Q27e>\M>&;EIX'SGD`[]UIML7c1H`R+*?7#H4E\9P]V2A%@<<-%d:PSD]N,\%LT
@e7eO\FcR;U/Q`U7\(\HHQa515#@9>&V-/+5e=)N;;]Q%PD&aRV3-$4ac"f5H1ILfPD3%KfKG1$eE3E)S5_I%E?AT+b0+DTK1FNL
"?R%9])X4$=c@[A[#$_A1YA5)+0+\#c3Y37XAW(-GLMK2,YYYMLa3"VB:8f-&W6BA)`*Y,VGGAU%b?])X*O=/1_NELF2B'FUN_*7
b[UZPbNP#PQS]!S55FN\b:3%]V7+_`4YALfYdAIL#Lf2\Gf,6?Ka/;TVd9a/)a\';7$1VF3HX=1K2#U&$<")IOf?KIOI*-[K=;d,
0L%-]6/[,fR7.1d;1U0#b,7_&`M=2M@(X_?+V$f);3-2!61UC60^S@7<6*&D0,HRB-\DQe"a$S06MAd]eE4ffM/3fM^IP(Fc.PU*
&O9FZH<"#R2("M=E)1T:7WdY^]8P6^T-S#9DVcVP-"GXV#KO]1!;S.<Rd4,aK#!$&"%'OU?&I7H^fPMJ?K6>Y290U@SDKCUODB*&
U502T^@bAT-.ACE5K=e&$3,+2X4Y!&W.?aaLS!9PN2_2UPBW,#,c`ZM:.415A!_L!fUd-&Q"6JE,NK1F49G(-##c"9;A^7V.AP_O
]'%fVCda/+(_!"FaB%9<fWN:1ZB;Mc'dP@7T'ALLR\EMa514K9ObHc\E`;[ec*('7$\PUB^eB61+J-CI[PF'(G0GbdHXO%>2aZTE
5d@a'27=(.L77-.J[]:8$"8@.F*@cO!:SD.-+6`\'C"7SD\Ye(&YX2@;E&=LdfF<+.IL8%[@8X*F/dF[T6SZ7:3NQ\=<--EJeQ!M
c8'B%1JCbQ]D(CCL;":P]9BMT2'\Gd%5!J:U>L^e!T*A%;=CWLP-U!)39;"`7XHTOAP16-;-/1.LaJMGKH\=/&U+6O7KMN==SX@%
->1-IK#YPM%>9__96N6(Q]ZO;Y2%d%ddY-Q/<KU`)NLTfT?J1*K;@60fR>CV]:>-8XNXe'3*@G,1;Db^L`ab(D$U2_J(-/8'a7(&
CJA";^V$U9H%'1BQ+_>5'-;.05e3IV&&G8X:RV*Z6L*5=@U.feD>'>`AfW'^cHaA&P/D%]:++]DSCVda8!#Qb[W>XAUVNVa@bVT^
U^BFS:'B(:.=PWYBaRIacaFLOJ:X)"]\-*)9':#A8)>K#XeXa'LV<=adWS=E\C.JNY-0S/7d7d-8:X54%b=7^^';f"G,;@#,PdFT
R82Y37$DL,A=&S"7>,_ZO,I:YUTa+4HWL''>JG2Ad>*XL6G#FKc-ND/DOYWR30-%&"+5L`<LHQ>?CF`!9@"7$[R[)Yc.Td:cI%JV
NRXZ(8J>AR])bT1-'=#V[%VeIH*C@,,R;;R$,T]3D(LHJ"$e&bBJUO7'NF4)GX9T9\@cf?:f<]:[]>>4*:VG50S<\VCS%Kc1_+S5
/G_$2]BDO38<Pe=#A<U-42:JTJLAW4NVf'KdFB$F/LZVNJ$'-DXL/,QMQB.8*A^._K2`DLKP7!=W41\@7fQD#+PGNZ2^LG=`@;B[
>*\?E+4#Q'\R;W_&cR]#4LN/'b*H:"226,Ee'f'EDd\'b&^F/5*-730!>,5[6faU%Z<#PE7:[a^T</bc?=H6PG9,WE'0PU8<$QUY
^-(5$50dBbBL.#C+Sc(F,.Ydde0ORCKQLZ\>L6T.-.:1!-^#&LCL,0#$1+,^DAV19Q#-`\LTBSV7-4,2<7U'0;S'KNT6P_'Dc":<
4"?3<P)LfbFI_,$7eKAX]10%eAVaL8A3^$'&B/fZV20D=a9c<ICb92/c0&$.bS?<R;I053H>c!I!!*@DYb)]=>)?>c5[P;F56b6d
RW)$?dePW:=!75Q<]M"dWRWJHW?Qb)/E8B'=2NRM6JZDH(\'"-($d$OdU.")FJ<GM`X);cOEZ`&[IR*JE(-QJ2%E)ee.$eO*JAdM
$$dY"!RbY:<TEP!DBS'ST,R[.=MHe'e:0UI*G9+I(&9>W\'C#b?]Z+>NL<TV.,*c2<&OG]b')>N+0#:LL85J'b]*%W74V6?:!EN*
*1_!BA*K2QRW'9^CP^e:J]115]*b9V">0_K4"/VV]186&?,_D\N")VZJ'+NL2a1^]WC#%SO6>W0cJ,HV,B9B("RM=[);=",!V(X5
WKfG[6=4W#c%TI7dIT6a\4+P,5"If2-JEBf`/L]TaR+L.+A'6]83G1I6`?''#,TE())P5W`KYV*96@@YGQ$;^YT5`21`7"d=`Je3
7&R'G\BZEQGK!5^:7^WbY&4'25%X*Y6d$#$4V-1I3HA%6![^VXa@KIP+cS^;0SACe^(MZ543>aF)a]7(FaQbC>#M;OE+A@P9^b=0
NE@@M("YJZ@:G@,$%"[8-G-)&Ra7C+KVfE@I_\@:)1HD!!5B[0)-@V(B_:B15&$1Gd^<>YWIF(B*##(<XMSR&@G]^'__9HVF,8$A
eC]$[F/KQ^.5N3<]P5[>[!DFYG2aA6Qc7,[<ZD"7.32=:aU-cI#+@QC">D[&d7*MTU$0Q&A_f,0347,H(++U*FRM4B\Y%'B;B=;d
)D=C\+6J7E3$AD-`/*Ob7V)FT?cc7Xf.CR#UBe]b,#f1/DS5_5>0[2D$:-:+%*_eK8A16)@+;D;="0BB%Q,1L4.=Y$He4(.3P<&"
faTJ+9Z'"F.$=MV)1[ERTD1@B:Y/2I<<?ZDd8XF"ZT!BQ\NQ?Q0H<]%ac83,`,GS=7>*,^`<A"Z"c5#4`2]P!<<VM':/6V?`]&+U
"Y+A<X]fJ%\Re*?!MB![6C&__fA#6?W:a6J$_H&KeI*[),(;D[?MM1[3+LX,,T_L!bEW<,eW)3aF`N]=GX.<MQa_c,f6HO0cSFG6
1%U6L+L+,^BX-e*+;HIBYB5XB8[1)W/Jf=*c<8YDB";3[Y)A]4G?-`"&TIc9)D_9;XWC32*8AJIOdEJ?5P1WbZdM<@XYF[P>;WC)
0"K^;1aACL7^:Qb+X17R@D?`$D2>I2_aX'*I5IFL@JKX!'T*FGM>+3*e&D+\^4PB\I8bOZ^$C^f:R'6C97RSe*;LT-<<%YT';@ZA
]edDQ!KVV9BG\+_eFU9@18FW(M:+`JG=7Y+7U+]8`1M<:e==SVAfUV1X6>]32#3-AE2F&a=b3Qb&#!:+[Y*V=M'b@9(SB\P"$^W,
\^]C'&`68B%[:1<+BCU(1`?&>M4`_?5>A*L.5#H&!Na-5Z-dJ1I#cFP.>K<89.U-CZB2;Oaba!01+^,;f39L@'6"C8.Q*Za`&#"5
KCO[F0(Z2VPJ>Z@^9(`8V<7XS>*PO<JCH'B]f/;FdCL6)25ZO^Y&B/T[!6`+9YF36/+886N,LOO/'"V.!Y]D!W5E\CXP'<UdF#\^
SC[SV)M7DX+Z&D6Ha[&-!6596E`_+a65MG19%3%ZKC_TXQ:RFDfb@Of7ZJ\HT,OZB8#(]M$`J6O\$$`7W&P_e009RF`U,K:M:H(P
bHC?DL8NAJ\'?;7<f%"WB<^!ZZ60<3RRP<N$-M/>=(4,$&5"!\?cJ_F+WdNI<*>W"X21N9^@)"?CWA>%?GI8Z.8ZQH^aNBDVR?>a
T.9Ga5B[Y>=<eCf_R)1NH22AY)5^/U("B2=$D!G2S?B+#cVJd[d<)JO_J:)?`;YX>HRWcAJ8SF9!F]I$[,Y8/fZ>.bO=bFK70Va;
.Vf\7DP.8cGb0_83E0XQ9?0L/;GE`5^GaCe08bX!Sd%#JX0:ZGaH!N80)=)H6/V5S>MW3Ae3\6NH+51WO["7MC]Tc!Y?G+Af*J['
G@#+KeZ&e/#8[/E$R0\LI.U&$c?Tf/;3LIYDRKf8A8N":d(>9)1YDP4$+'5-[b,dK9^,H9*?cc\$X/GJRC*:P$IT3]fY.c0)/\Te
HMe^d$#NQ$VJf96^H+V"VNF*N:HIe*)21$O1.`%D+$]AKMOXUR/L)\0WE!Z5)S0Y2SSF=Z6IFOaM_:=cD=;d3E/^7Y2-YT,RU4=N
R!LD4A-E;-;-P1?_\L&e(IE5/$#4]J(f*6%0Y0[R,;@aM8\0B$EJRbXHfF-QE\%DC^Y,EKH-4NO((%#b1Q>T0C;a&<4F$_`.>4F4
FOHTBTEe!9XTQC`@*NQf4:2#QQ+fRHR!H?d4+Lf@$'b<R/RVA++<%'W)#'\SVT/[7Q_R*I=-+Eb@/e3QS>5f?5\;=,XdT?!d[LA[
A/B9%MF\=O!@ScNF1=;5$EGU43?b],I^bQ0=(2cAROF5%F,f<18NW8>)=$'LId/a&/2DA$E3_2d.0C;e^?D=1^)?_=E\\,=P%[:F
ceF%f\SKF'J\,7.A>HFD:`1#HPR4/1&^\$4-X4%b]\:#L/SCDP3,DYFHc'\AJL<dT!$<R]T8c,.=!OeX_RWE8.@_R9TV\"7YO(N'
(.@;F3>YZ<F+B[%)<^'a8>[9$<f^9A&10S/@6O]HAXXPOQ^<H^O2,!;*]Md'C)_WZ;FDB3#QL2:GK/ZB)ZQA0Ce/2M4OO@Y]54>7
U0]Z!.5X3B`eRT=%%.Z=@?"A]<1'CK/%HAc3aWF'>1GQLf_SHN2Ld,F"D^%a`$C=-,^CM\9P\&^WSPXT)Hc1ZB^;=?0^8HR"M,R-
M_(^MBb#M7G&,Y3QF$OK?2B5>@TW()*VbPIQE'9:$)\,7;2,dJbCME.BEMMOYR(O<H&7TN,'LTfd[YKD;312b!2D^ec6GE'!GL&'
,"G[\AXII'a=$"NI0/WdW2*$!S*@991b)]?#RH'."c1@G[ALW)-KZ7$9O[,>8S$1^F#ZL/EUD3J2,`H-,f:Z[>%44A]'J;(0('f4
1)0,-S,1HDYTJG]@C!>bA>fTKRH\`)O3DJM,a;[fG#&2W+Q!(<D%<`FVQ6WP4ES&N_7X2b+-="'-7\b3+WUL"52;MO\*bL%;5D$`
:"12)Z?CUY`7+/)Be_:C`U*J_.3B,+/_/PdCd-'?XZER6/dY90VW9;0.XT++8'UXQ9>9e?c0M?#%RNSYd+EMS7#Ua/R(:UQ&#M^N
4*B8#)O4`S*caaADIU&!a)SFYdY[=^_O7EFLXLZKXYO,D#KP];)_VcPa?b$M_-TU=757'6F?7;FI;*;Z*6[;?BcaX(:CH[R;CP,+
%Z/eXC0a/7X2B[?2a"I[Ma_PX3@Me^+!Fad@_9dT]I&H!=6TX&fcI3#bQ)Q0N#UbUQO^C8<MXfXc/O)#Z?96)+#B7TLeC8eZE2UP
G@,,P@HNI>KfaH:dCMfa[M.R'#[d=a9@e3+NQIWa](KKfa<_+;4DGI>1;)U.\QM_%Se`N,f5.JCY5@1TW=R9WS"$'DZd$-X@JFW'
3d$>8Df*X^H7-!#)V#ALS&5XX:STQX"&<Cd4Ed42aJKHcC'.=`44)9-!55P@M/#*B62CL.[C_`=b)6J1'ZXDQ;2]Y:CM(4P]TP2M
Y;_F]Dc6bMS+JOE'1U4>Q]F6TL[H/)+cSaU64UYTV3+//eP3!=);AcK8ACYD3;(C,I8ed[RNQ)>#X;D*J&*A[)#%3HA#d9FT0[NX
*&)BYU8DaSM0aQ(;CO=a.Q<,8.T)eR+%\A\^[eeE&ARLJJK`dY[#Sa&@E`eR0?UXbUS'bXC1[RG$BE05?Ge+U0'QW@F9!"S\c*c5
9P,+.4!K;)]"aRK`<:VV*T:Fc`5^8.26)fYZQ[/.C)e08$?//N0NVD*R]bTF()#%/OSE$QI9a<#\2D[JbH>R90c<L,&(I"K$^&$4
>c5&R5bRa,CW+#LH=B]LM_<1;RKA,KdXT"Ta<\[aOHA@Yb!Q8;I42;<5[PeBJF"H;'=L!B?AA)JH=$JR<D_DH_caaY5D\4Z5D!#!
"V^3%VHVJ.Y9]=/Q2aT225/='e72O/\__5BQ=@U]aJ].WQ'PRGKI^fe]&G8cDO>_fX+`\A$K%CEV3?XK=aH=24YHCDNF5X+70$HD
MQ*9L+'a%!:.Q[QU/\N*YcTZVD[/!J,7K<%Bca["3N;f+Oe]XdEO,&LM2(1\P#[J4AX]H0S51S;)XbTZ'bbD.S?Ld,=NEa[+0JfP
#5FAJBP)CX&WR(:(bCRA>)!6I>S$M"9W>2*!/N5*,C@."`O.LNOOS?MGf8RH/f!a#e2:bb"9]$N:.JNI<1,"B"a(!<%5O7Fd"_M/
->J0=_\L*?1]8H9bA#aD7&KN_4<[AV156/\HKGb0Hd'LM<*@8C?K=9,:(TXO\SP_H9Q!GG<:VMM[*XCIM6X0WQ]O;O2CT."0GRbK
T"Na!RMU%[E\QUO$X9,'LcEC+C''@P&Nb#fGB?K6deE9#HLZAeRbMC\\TY&Nb-`E_M&_?0TYA'UU*aUa8CS3)HAT.6_=WO'K)+E4
"YU(&1ZDJ1Y=.O\7@-YIV:?e)RFFE)Q_e"`f*R;</`B3T/5DP_G=;NV96F1ff<K%7_+#f\C+5O`Z/cRR:X%\G+3C/46_RG4T?/HU
J0''b.VV-H7I3%K,F%dF85`5GVb!G]>W%Z8ELc!(3_%?-a]\F>;8@]1614Z\_N>=^BT1/P_!f-8T1[(fG+DfE';/NFa;@[f%/(.N
[#^O\@FIc'5"5IYa^6S(8UCfZ(bO=(=L1E1*EU[,;.,O3!$:^8_XDUABCbCC!GRXOcL`%G(+-7W%Wc:eR=,JTbX@V_68Q0.0%I"F
IdMU5:^cXQIWUO_&VIBY_/*^:%CMYMeQeJ#4[#cA.I1AeD9a;1SEA$0WH\\K3R*&fJ\0f:7M,KZ=N3eR=QIMVdRZG-91W4)*'``B
\;ScEb"]T)9XI&2J<dVOH'?WJD9]6)_YW(J<^;S/OJd;c0'.I@(A*E;L9JUI+1@2XBY[II*YAJH&A+/1H*'PFN"?93%S-d,dE]E_
ZI#ZK_+B7J%Y-DK4dd57)TFOdc(<\+#'d]8*Cd/8-30Y(b1=b$)?SFOe-?7@_WMS*&U.W[M^&;+@Q&=F\(3-:N/6TKVI]N(<S+>e
&2c4`:CKB>^'Vc`(Q)D3:RRE0M#JD/f9@Q>:!F3<2JQZZ.6@38(Q=KQ7)H48ONF>;"Mc;`N$-3,PZI"7Oc*/IFDH3a`JODdKY>1"
D.9X6S=c<V\Z`-LN$'XbV&P4\>P*'1BUfdTS"\ec^@X<;1V8@\;]2GIPJM0c[BGI=9IM3?#PJ1;`2[5aHB8\I$?1e3`IUK+CcO(c
\7'.Off'ND/99P2D@_'T$;QcKfA'a_[EbB*@bZ3Z9[;K4]FD%'/9#84_L#(K[8-(RVD@S^#LT/4a%D1!*%Z",Q/ZbRe/CS,@Y@Xc
PFdI]B!e*Y<$+bd.>dTaR?^I*'/d/,#7d0"BT#QK"MATOM5``"@F`_f/KbZK4fE4AKQ-&+;"RM_MU3TXE_VPYZdeVJ"'_%,9MV9F
YH!P3I93S&T67Z3">6=Uc>D%_5GD&5X>$.6dd]PE^d_+YY[$7Q-bC2403*O?1:!6K;52<_EA>2Fa:H,70fYd89Bb6?bQ74)B$2_%
NZKG,DOZ]b*@.%F4c>b\?FGc=P$J_:&4@DFaJP=9"C_cG3;%$X#\BQMTFF%FN#6.VN:>L;WH:F/1%65;HV`"^!C)RSe^b%&K0K!I
9P"KcZ?*f<:(QcUVLcb/^b'"c)D@\CD\(G#-3,1`T%[CdR-1CPbaKI!X)"!(M7.&a+b-<3!WAI7c+e$H'f'/^fY.Q2+_19],D#;J
1<PY;0S9Fd?!P55J0cfc@:9=KSI@1ZLTN6.I[2X=N,MW)AcRF8cJ!W_`;,Vb,TaAdEI?NPI6S$WfF:=,,8cOU2=-[)<=8'X%01S`
,&QYNUM&O1<]F3N89+)"J.R3DICVK)'AY:&KHI_'.K[^$2*9Db8W_YP#^a=b*9!)f4.>FTcW6R(&R%H-*3eJb2N1H7/-V'2;aaGC
142L5D5'&Te@X5G*`\0&@LQQ&%7@L'cXWE^=0G%K=CMcG6!+YF]!=%fJO-[M.#[F"[eAV9YM:RbY*WBF_3EAY+UfQ1DIR<9PIc#N
`EAL#T$6W\DU`]%%M*-"?.Na9JHF1.H(M;dS_1NT&b>3][8%ZJ\&W7??YDE$9Q\/3/d[CdYf&7a?DILX)b"),,Pc8]<&N&'dW*%d
A<-V%Z7F>-[#F^`X2S22a>W@?F2-.M9,Y$b9;S89L!08'<`d.Mb(QV&E_UVCK_3M7*T7O/)LaK^H[D-B!.17#81`bD=CV836&MP?
+cQB8BDa9/XW?Q*:KTc*]VUJf@;WQbD0(@7LO`8d73`]2V\@Y\.Y)WZQ->A>YU/'+;^e(-Pe5WM;-#Q>OW!>]'(S[C;[&;@K"QF0
+N7IMM"F`_<!$7CZ1U^<fc=B5d`V%:U/bYK=aLR92?R[PQ>N;aWO,a@)[^&89?O84<O=SJW*51E_]!1LVQ(1A)-adT6U>_P9?.->
$N#Z8K(XRLW$RO3JOC-eRYK73S_,25E]LR<^<[cM5>E65PW]#Zc&1cXS5-a?(S\f\fFO/B4U\8E.2[YFNR_R82D'aL6%H)Gd;-SZ
BCN?"e13]S=4=]"@A,5TE=M-,RR^(20.QE/L%2^$#DccUAZPSF9WK#H7?XZOEMPSEZd3bDJ=d?)<3];"<W:7YL4FOf`fU06(WJS9
6T>]!CS'0NY<fJ7JM]/R&I<f=6T`3U4((aa3[[Jf%KSDU0UXG@dX#R1,T5fD!HF$P;N)Z,,%P`LM7%XMSZ77[2H+`FL7\D&KEM.e
DA:a]R9f`=LC7%E::@OQ+=L61b+Z#X[A`GZ^\N`&dN><0beI@.V1_&SI_K05K7:!,*"Q$E78SMNcaOHU]4N5_"V]_K0R+!O9&3RO
W'<N'2I2==\I0&Q(-6-GE(-,O=J=Z(/P%90*eTFGGX/FSe4M^FU0(A@7:^6%/aAFU/E9c%@!7':6\T)-X=2#1Zb(&:ffe^:ZO`&,
,d@&]BK4W"I=-Y55!d1+!C-f'7C\<1&Zb*@9"7^>XcTV89/C\(">XN#>'JBH`a>0VTS/%$A'L?LB;`a98>-4-"bR)M84E2c0HIb[
:57$V)f$&[&O^EN6cZ\0;3Re%<R&$b*2LZ5HF"Y>*WSbNQJLEASU-9?O"cfd$TDLPKP$=5R()I_3+5+cD[QLbH`X7Fa,\0)R?2Q3
2\05R+&).S!E/@_+6`B`XM!=#'&\TKE3!W;3.GA);W@1:)!6N\80C<GR/ce]531T9!D&'-E3")9OP3.G%K.;fa$I<(_-VCZb<",N
.4-0&"9J5IA%"@*T];%MAX"T]4JF>SKT`cDU"Z5'8a](c/GSZ2SPN=d^.)$b$.XLBRZE$&%3bJ82T\-*]M8Xf/!L*3CMM+Z6*C;e
(JSW#RXR]F0APF=T%8Td/[T^(-7*[>G(.TR\@8OQ2C;:5fBGQ65?-$L;H39+ed!)(+IWb\G)bF)S^8P"FU'5G8eM.>9cG_+Q3:"7
[`=Q^`G<R)Q0Y,[[J/Fd>/?Fe.+!ELcbV#/D$QeM5I3OX>)Z5<XX/=",`^UO@$8QD/Ld^R>HERBSX5FIL[RUZAUVTZ)JT]C:)Ya#
"XQRJU=@I3PP'Ac+NdR@8D9%].I-/(=V*[/F,@0aKFM,))@a2e[:dF(>3T?90**;VX!\0_@2a^O=JDC;(+;\e`?ID![Z-08>JCG@
c-F'dC_1OO9#/\<.U.da[9+/!*!XUF*,e$TJ"*PFS!WC2WH#VM<d=\E"!L`,3DbW)"]*Q#<JU<S@&!4,R(C$`L=Ld<8\/D.P_a)C
_LOB?_QT[Se#RR(<P;ZceM.=,L*c%;=JI>PPMU-Z1?!U@^+KQB3_S3EM_U1b)#=\QOLWW>K,PGUY`%"<e44E\<J5L7QT+Z?`6BCZ
"(![1@EQ0\/:6##<J>PQf\^b!TS^O$ZD2$MBc"9<,X,`.=E?(W0=&/)6>U*a);D*=5b35Q[S`5P8aZJJRG<PFS8;2=VaN$_JZ:6X
H'5`T(,QRFd0Ya&2e<1.R*=(]&XI&95]S!,'XFb+I:6%X)>\b7BG;CY5YA:F#R(7FeP=V1:[3E@$#2+V(_^RUT";MGAU#R]0:?H3
U_;=cBd\.>\cf[d'9F>?W];P8"F^f#S#DNfd9A6..=ZX^K=Pe:JWP7"J^)10IGW40DV->#"OVAbM3;>J.C2+<Gf4C@CfQJIB.2%K
,d(8EI0/E93%J3-Q8V.G!+Gd^(S0`80Ua%&2^!(,!G"!E^b#]ZIa;eSJL@8*0"W89<=7<ES4][>^1,#fE(,FMX@+T^-8VV?"?O.f
S[)HLd"'_aB1d^F;VM!+ZQ;9&^.bL^0`LX:EDK1[%7TKc._^U<O^'J.D'M;PYJOG/@RIJPY=E%e/2W_La4H19)0*<0`K';`-TG4Z
P93;K"Sd_K6;>DE5Kc>b;8)Z,d+"(!(K^f%F*cMJM#!$d;^bfFfJ#PCSWY-a[RBe0<OK-31*34S8&GW\a%-daWGS`08;5%,#3\`C
?P>20!G0%KFA[X/81<&F*$++[,DSNQOY:WC=.NJ9H;/\]L81BU94JAI?8P49H.\L1Z;b]U`N9a.]dRGXQ)fXcP2#(/32@Lda6b"&
RSF4]*P/2e]NEA0bQ0\`TI4=@ZbG^J$JQS#I5I`WZ%M+\$BeQ2>1[c<9VB+/KAD?#.,5EM>)?`_M;CN45Ra%5)N:]0I$:EMcESM:
-A%.Z_G-R;`X*J@[]4E@=(8A67&VS?N9KJZBIV2ZOfKIIbO*dVf]Q?3UILVX(>?5Y1P'6e"WV93`28[aNZATANO<fZ=3'(G`),K8
Y;-\[f;2\I=OV;edB4AA8S6J7"<e(OS1>85:C$V`:;ebL_+]==B*3&*\T$(1`18M)H2`(N"7]%>2CU8ZBa,O5ZA^'O\%FR4VE5BJ
I-D[$ZV%[-`%@>"a@-`C!ERP?CW6!"(&FXEX<TVX@Ueb^92*,@NMXYV284F%IXM8+5bEBCSI&N=V4$?b#V<73%f"DIYI;\6(ZA/&
'eMe[f:ATOEH<XE)>I3%S[MWFV<E62F\QQ1Y)4`S?-G(d09<>64861C7a"-M[Me06CC!V34&OH=.N=GPT>M#BI_8(,<*A#$c'6$%
P_\=*PBO@-EIVRH#CIe-76Z=`UT$GZfa?L'I;0\8=0]Zb\6&3[:d/f#S&#P_'"*`f^.8U%*7,\"B#JY7e'07c]C:f2(`AIN#f9[Z
)2-8#&]7;8I*0;TKSNWc3[N[9EU[]4F!\82H&QJU>A)$F?!/LXeB)RDY3O'%:H;E#@5"=84E2_(.!f0I/!9V^<CUKQ*Q-/b%EC^C
"@@e,`/ea-N67LOK5EdL>MAB3=MU-<%#-_^$c(I,M:5T1A<0%45'C>3b@Y^+?!)U!2!.&RXf>eI[(O`_:E@T#&I\&_F1(Y>WGO"6
[K$J<\6L@>(;_Z.;]2I(;2PPTcCa*3/S)KdG%K&,aWGG>-G9P5.4LB(Q]4%N[E@]9Y2M^]42S]K>M(Ac3Z;.=_%2R4+(?V;,7#%8
*(!PG9&Y*A`W4&E4*-FSTKZN8>7+DS*Cc.dD\^&']A;N7DF)U%d;PdNH*\"O+Q=WV-O>-&A2'S-7E%(cV"*),<3K[_PU0eY+0EAN
d6J^`A"7'A?GD+P4&%7H?`bd$C72?33W/@[OZeF<I)EK"+IKKb+V+->PP$@25_!&>]^&]KO$"[a<]KfXf6]YdeRUU;HF<9d`eA&K
QQ2Pc7DH&2>%+54A1b+B6;,/e528XY/HPM7G`KZ/CW<!:#C5?B5ILOAN%:fC0"<Ca+M.cNS,T<6ScX2cBPaE4.e+B$HG%J1G!VJ@
.N5"D#efV!SV$HVR;e37J$P5N0eDF2GYTK?>//!ZP,^$\YL8-I]d*K[-F;YSbTeR`"12^GMd+.86F+?*MaHMKNId<UX[.E]]Kf`N
$V4I#BJ@a?8]$[dOLSVVD2921IK$+SNK[f`F`PcJG+bLf@'ZP[b*5%NJIN"K1,GP\?V9YG#PSQbW1<G(ML!8HYA/U):WQ"D14'IB
)>Ea"`[`G>Od-*"?UD/`UZ11MeRT<POJD&+34:bY8Q5GL`%WY48+@MJO[d\8fH03(D'YTA%$<6cTESG6cXC0AC[0=M/Q)7`!K_@d
