cFR.,'6NI7Y1BJYY&;R<=^K=R'PGS-*d>CLVP?Vc->b[2%$>HSaTFL0&@UNZIXV7?1M2G/L8KW\F0C.>Z2Jb^MECN6`VLO"B2B*"
(H>e4+J*-a/db[7HES6(('SSN]bR_7D<&FMNC7SG0$Q1[f7=^T_[fGTbOKK"2H/A@a,DZ4e=-,W1Y@\_83eONQVXeGH6((QP+^GL
\3II!F35\]/^`Y.9F+!#)P.Z<^T=($W>BR).=^SCO"9B<]2@+2P7Z.+\?"A^KT00\**b;H@(ECBJVb$!UQ]&>3ZV2?0<-RW2d-*2
-6_\'`2_CJA"MQF+D%-5-4T]H%!2]+a.f,0RM>[]>dF9?0'f%,AQVK-O&=2^/.#&*^\G5@OD0FQ-Z=='ID]bQR?I@<FC^C#ONV&f
3;W[(ZG^/]DTA0VSd&>]O.;,T1-F`TD_`;.I@\Xf[6ddKF*:Q#R*d\X`^U>Gc/6ERE1V'_0f4R1E+_MU8:7;NRY7bR<([JLPc3NX
X.4T/NWP6^T+`30NAPO3^7R[M(A"'VY7fH9$=Bc9"1d.:%e=T=(4:S5Sc$dI@6[2[!e)3.\XEO]@J8Q43D@5H3JH\*'JEK,EVa$F
9L\EdOTIBMVEZ1X0=L0^>Y\H%X(;&cW:5W<aad:^E$?9HE-7KcC,R?RXbPLQA7>^U3J7]DGcZ)_@!XT8KXET0cPV3<4)/2*_IWC^
IaIE6H4)I#+/#^)`aI8W(*5[-1_M$U8L$=f_P/Q%FE[X^H[=,H/J1N(0XTMR4QV`DbeP:?]JLNS"?[c]>N7-WTI&MJT+-J0IPL,2
X']?!-\#e%%%HBWeV/;6QK/LE;+.R%b:3_<'=UTe^7D"*P5"e8A2H^/3+Bf7$.29XKTe<'.3+W(*%*>UKJHd,0M.`[-JMN9BcTOP
NIbF^Yb=c[6-Q"KNbRF!>R[R&W7%A%4UJFU0Y;3+28^!K1X@5*@?^FY?_(-'@?S=]PA&'3]@_^bHD\F3U[PR?-=?4?2##MVX104M
\FF.(6K9CZ/](?&S[!I/,%F&+(^J!#*B^Y(2^H?K6,Cb,V726W<!4Fb^&fWF:X/-ZB\%C.N,N]E$F^WB0XVDIaC61I:-EIfZO;?+
X6G:7@b\X/Z\IJ0Z+Za#d=;T@>^MM6EZ'I*UTY315\_RGI5"H;N6BbfGfZ?*OR5!YXMB&$3](F*=Uc]_'W`=`8`bR^c%GK'U@db;
Ja+_7_'..IY)U(f+^W95-34Z<MQJH9?E)cP>*.Od%88O<=?.4N'Z22AJC4'9LJeXTeA\6&X]'YCb,fTf>^@JZHY-4:P4A<-HV3_:
OP41Q8T_;c:(DG_TaRAJ]7LT9E(VN8MZ-G?.8QP,VeG`cHc#%,C<IZ'R/J7N8GA+8dc,?KcaA^%&Od0H@UL"T21HLY;\].a1_+\.
I*FeDfC5X2>1OUEBP1&XWV,ZcX><WT`6KSGb.Gf^b0bHZV6aeEUa_OZ<3Fe9J+/$WfN!I$Z*DI01TZDIfF7"&[-G]CLAY7Y=@()M
3R2#0K(?bQ(,;e:5\AXDa+OP5#X94TXacfe6/7&`SKTB`7<XM&4K;)80'(>DG(ZA_Qe:I>"Uc`1*M$:,TM95\V2@M5!RO0?>Sc<X
E3@1)LNK5,e*JLH0D%9=3`dQaB#MM%W3>?'N7dX@ANGS3><P2R>c?9,fK("H!E\.-\0&AG2,T'R`1.UW\YX;P+AW[&8Z5MNE12aI
/96F:FL)1dN=_7#.$#+57GC2$U$=C5N<KSTT5(f$_^D1O<>5/8WD;WM)8S(?<O6\<IQNX4K@+K.$fRfW!N.;AQ#8-<MX.8&+5c"'
1-!\'@Af;$dO)?]`9\PK1+_<]$G5B4ALCQ0B9R?dDI60/T6S3.R+_]R]"-59D/L<H1*(9#b:a1).)\HUKUO;T_?/)Je\c-IDK,1D
/#/d846.H<YY)'Z<=0JO:TQ:%0%`T)C.b"5W6D9\C):(MS/";M]e2)aZO2XdA)_&G`^5H(`PX8_dS,4+"G_D69OCF-=JQ\6:28`%
(_J?+HJU%b;KfQ@29.72_F[Fc$E;Bb6-[!U%G_e(S/L_RG!:#_GM[Q%\;MeQ<N7=)U'TSK!M"ZVRG:U%Y]USPaS%e!2dMTJ6<J@;
?.bcWXS4<,U6EO`$6.J^<*;cfPF#fFdUCZ`R];`M]MJ0>-;IA3X323AN5+OC;0%K9K+ZNJ&Lb#%4P-L/&VN=FQ]*F(&Y[A]3"T*'
[4E5'018TAI?C8EN8;,Ib&&/6*`B5+PPB)`Bc(>EQ8WAU[("a"G=<@-.`4>^X<$^I(N31MU83C[I[:,3N)deE/0e[2H%#7D6V&QH
8bfO@f_V`IZ:LJ(d`Y/e:U.-5M7V77@WOKC6%^\%43;B1C']KZ/G'OQ07c7`V;H3aH`/?%3RPS>%d8=1M4X'>U)3Xb@R]X&.V7_[
4F9a+A1,J>BR(,PYcB3[SD'E&3I2Pb$YfH5AcY`)&`#$GIGN[CUdXG#cA+)?S)P1HR"H3,$TF*\9&_NJQPfE7R4A,<,,.:!aQWOa
d4[`4?"ZId$PLST@\ffG6Q/d*?>f_*`9NB4(UHQ*_.)O$FEEGRDKBFTM=ZO8IdJDA1-190MIS*.W_QJAeWfQ/SZ7^-b:<\).("#_
+Qe*;Wc#D#F(_a`D\B(%/,J\:!DOUX!a9KKBVGcWc1@^)Y/_ALS#?")SWa>M6_RZ&)5ecOdT\b3TDSE#M+DXGPUO,R+'(Y_`1Y_,
6$`%J4X+Y^;a95&6Z<;!M1@#I/Y%#80YDQ9EE@ZG/BeJ;H4Xb$\e"5>B[c:/CXY050(IU]Y`'2_a\2D4e/_&CFOQcCB]c+NN*_FN
c3*e[c:H97-&S?Jb!?dZ<eSN4)#A6-&2N(WN#!A0LV`M8R=(C%2I1CIQ$:WSee>QAQ:6G*'V0*K;`Oa2%9S57[4@\W94<%83\00K
IXfWBbN-Z]&RA,[[C_dS`K;3W)?5cJ.35)TGGXb1d!-OFP;P4f'AXdL>3X)EDUd2b9!,)V!T6U4Y$(6GB_]c$f^fPN%\0,YaW5%A
]\<*^(4c;AWP`D9;^5U%5-R9"(N"G6M?P[<[F3/`.U#9JR;$#L0\?Z=<TC4&6MVX(?2.H41/aX;L8S$*e%UC8M[GN2T#-CbW>?D#
CWa%EU9KfM8fN19C4I*E",@&V:^NdZ7FBcY,;SecRL;\fF.`J@48NF3d=dFb#>`)"271]`K:_+^;KbWIK#G14^&QMbcI?Y5%BU=$
MT(W'=V$]:QY'L2^&K%^?IUV<%eM!0^>LZ%ac/0L7E"*b!"0!S%_aS+\b,FD0B)L,+EUMda?QMG?E(L(0T8DfLWd*_._(eBIOTI%
W>!"=!].Q$*80.1<()J>6#KOYZ[,"V]PeZAc[N4a_)`fS8W)Z<bBcbdDCS$O>:TC;EX*8YM=O9TU[O<'&O`f5dDL([2]?U_3G^dT
IF6b#,I;DSaZHTJ[WU#]:[1P))=(ZeDX:)B;<8!+ePaf\O$A]G.#^P&M_[[V_U-<C&YJ$;ea"dT/&/C5`=[O!:8JPU.C(O!?SSVV
e6"Q)??I>F`\N/dG9OVfTfS]->c$D*\\P%"8Pf*+[VGIS2.Y>ZJS(VeVS0+<_D)I?a6BT8RGd;[M_E*/GY*`b=0XJA,467f'+S">
3E>+X2$4S]@=$M^D*V,$410]8!-_-dc`A?HI]Z!HDYW>(*XPfCW.e!?E;<RfPH)XCcD?YMW3+P_.>$&8KW`^/&-%A4eH2\]eT=YY
L"";(6*IP0BIW,;:_CK>ZS<L*<@@:%8G[4U$S7Gd60'J7FI[-aHa((Z3,.0[8L)$D;TK%6\>J:R(^@MZ!-WW>4=6B+d;>5AA=C7<
XEGeR&eYU<cEN8X3^M*!.*J2,GGV%S.4@DOefR0)7++I"'CH_P8D&Od7Q?(J6X?_16bPe%cF$>B#8/M.&,)%FVe^B4I['<<Jd]^P
1NP5^+`'_#=+#,+Y2IK126RSZ"eW*^TQ!TS8>I'c*()FX!Sa&#NG@)PBF<.C:$f7%WHH+Q]cLY%JNCHF1_*Cc*-E!cR>QBV/Q4IT
d1!5\G:]OY`S]HW-G.N3![&E:SdJ*1]eJG.:@R[@<R2]AX!U*7f`+-\[I=>XQ2da]0U?AJdJ&:RZdE/dNBP,*(5?EScF"4.(YL66
f&+[NI69K=WB.:eA>A&<')2R#W,4EVZ]#IM8(TSJ+=C(+50WWE7K#7B`+O(G:6;).?FbC]%0^??N^CX<ffDX7^:e(TUCdcP+Q8,]
&KT-#&H^1Z?(a.;bP+;;/Od'&")D!"'D;@6H$1;:&ZPLN5^9e$bH?[Y5f`&_E3#>OU78()b')+]T_MZa/UUU8!']>2'RK^YBF$fC
X@RF0,C/=@(]+9OP=RV@]THa4(ENb%M?S]UZ1\Qd@15>L"=0ZdY+O4/X,M+H-"LDP5]@RQO27$_W%!d*`,a)NQ24/cVIWL+EcC+R
'3^&ePJ/V/@.#Jd`X:d]ffM\UHb"YB8,+#'6=4(I=+?#/6^ffLK\f?Z3ID#AMN0I)ec:cH&RW3!P`I&Q\]BGIBTR.94PA45A_N;F
Y>?[E0%OK2[T!(b-P)R-K'bW6TQ!*)AZ:aKbRQN&"V-VVLEaMP#-JT'e#,9>HKARI&-1FKW]!b/?fGG>`NPK[U)7_EX$+K<*RSHA
+a4RD1XAT-AXTYS.H@$`;+`bKO8_?V).e;99U2AOO!b=[dYOUW/%EC7%C&(RVDI&d<!-:Ka2c7TV#I=.D&QeNZ<%JBa3BdTfZa9c
W,PN[F/B<MF[I%e/ZK<L13B=4$9/MS36>OPa\Kb)<.QD=QT%**):0d7P!WR^:VEZI8a%)>+#N*1KBNaD8dF,NU4`eNOcYL;Mf:&,
;*.F=H>+<`O.++H9J1)XA8ddG=`Lb^;3B)6$;UY;$@-,$)$E"&PSf\`;=;&(.eJP9^T#P8ZTS,.,6-6`^%ET$[`2&4T@_!<I01X4
N,H;;'5JZ0?U2Ka^'.TGDc<UCdSV\>?\QF8A"@C<`>BM;.R^Ja1OYWE5HW;*(UXZIP80K]P](L\\LV;[W['E*%H]$D?V>TP+6>c"
a)`(O@KIFCY1Q;Z<!f*ZbCS"C1GFD45GP+I$e<86-,Qc&AR\2,U.7c_$A/R=bfS8f,G@;B@F<=f6b!;^>J3)PT#c?N:ERCXUfY-K
'H)#$RC3S#M$/(MFXdP=5I1"L)<<(8+HFD&NL_#Z#'Eb4O%(YE,\F6bD)b90*Y4HTGN:LdLQZ[SbV]WO$D_7d!4:IVQ:?*FPR1,2
8:4"`95;ZX8Yb*1BAUf1c@8%Kb:HH"LE'cX'Fa@JT4e&4GC?&%8[30]F0CGVPSR^/G!,#-<W?H(^Te/(I!-dO`)^bTFUf4>_?/['
:%.`WZOY$K0eeUA1-cP,,Q[[^OY(+SW/XX?+>I:TBDY1dM>8d<MYI4%EMI#Y/U,L3(!bO#;YbG>Q]F:MBI=VZ7e%SBF[f<Fd)@VL
/6@''9'Z^TWF&U-BQ$9FSM82a5=.<FdQ1B6&"]N>^6>#H?fURaE*&3@eIWfR>GP=W/fd5@#%f<<"O?_W7%53>5[R)5]92$?W\_J_
OFC&(SF1Gd(..P`a(O$E);7V2-VIR#3ZO=D2$I0'%bU@A[LBHOR*()\[P`DN$Lb;;><]@2:-d)3Ze^7/f+R,D@GI49=,B8T+"JU8
QVA"4'+0Zce=!/Dac(7b1*Y+QPKbM#8cL1XO?eM4=XIE&!7RGaRJ^M'adN[V&fNY*PD_6N,.Nf*D!cIV&LYI;3=d3Q89PE@-8.?7
660SX%8W.US2bbe<AIHGI+0$NOb!FX,>DG$'8J?B>5(?.TL%))4cC_;"?E;TO^JK.STFF$1YJNJ]3@3A\c?E(1F8Z<b'dLCNVU=A
ZNQFL;G-cH<PVed%Zb3SGeA_b450N[@Y6QTM>a+ZEfM/I87EN>+%YeIKLZOdb@&@H"O8#0S-a8ML``\_SGZeaE5J]S-S1+*<.Ea(
d/5=`XWb7LMC$0\]6S!PJ[9T=PS97KG5/5L]'+dA)(-fRITHWeQ:$JS<CQ(D<CV0?11](&^/%G-O[)XH/f-W.GHE>VF']L-9"@$&
Z=Q:3?&YDILX7J6"aZ(,6FfBOaSV)%a$aRO],V^E2U2>d@3"Fd.0M:Q!F?6:N^L7<7#EKS/@)3=V"V&UNY@!:Z%eE1&?5X^M=1MB
Y3Z.cJNI5"]-2)!JNLEW.Ha)VZAG,"eP5"P=2P+)(@)"ZG?`;Vf31[Bd*9\JGV]<'=3AfX:-WN+X[Yd_K*ZcEP9;]9:-70f_eN#R
R(#[_2)'D*C#-a-I]eI4K`eW$\5!.L!$#b8Q,9\+RY36C8PR2*.>#DTUK+@>8_&E^G=64>>/.Nb)EOG&X>)D[6M&!Y0N9=aA7a%(
]`>!`Bb\`(Ocf/.f<S#JS*]NfV8`VTIDfe8\`T=[^f\/_DI]QW^cPHI*+Y3R]'#&3+/L4>K4>'cEbf1R9'LZL[LXfB.c_Hd'S1D-
8eJS*XN(J1Z5)+\L/91".!X3`b!$Y.^("\%PRK_FL<1W:7-!)M/a`/":+ea?B56WB^%aZ)c>D;IY[W6D`J;A5fY,F+*7&2F,W\T$
f($(,5,Le;9.F$MOY$GeE)W!C1C$bATF3S%1G1OGFP.X8Xe?C>9![eU$R04,GVIZGX"S-]I]HBdM[Y_\TR6TR'F"8d!C5T=H#<KG
E=^O,?cDRXM#J*>"OMa!VZ];*?8"D'.GcYDI;Hd0';328!$`R"cWQdI/]/>NJL^Q,M=0+Ae>^12#a6#O;-K=a:(T[GWFc%X.\(VR
>?8-BZa4fc!^=8BdJ>Q=J5C0eOfG@F?0W)Q6!3D/,HQeR*c;##A:O2C%e+$.5S=dEEe0+T5EQ%[G7OC-J\9=`?LC\GH7O>f3\\'A
Z,`@4EW>%cJXQRW'&C,,B34f;XJ*78:V*N1KL_J=017I_/9YAaP>@RPHN2\P]II9Q;:Fa54!X]-Ne2`8>L+26->Z<9\P'.EFYcMF
0Q,`T>eKFc6%dWG)Z'XDOG.'(Cb2+I]"Zc7!YM;:f*1e9Zd8'/e.2[Dcb6;a?,UVf"DNJ]7SG".TJ\aC<RMfSDAZ4<J.(O7b3-U&
GI)E3`]#'A?:`HFDB&/@2aXCKEQ%P=U/^J&8?(C$7;(dVG.*O\UJ8A3<8[%Z,\AaE]`GB$9KDW2U=O!-8?DK]@,`c[TOH!I>U8NV
RbI;DNNJ2XV5\--@f72M.&@3;N[[6@.P&14!13P&_ZDM+Ab:4ce\W@]$OMS/N$(]=c;YKf?U,'`fU`_e4E'@cfB?CW#/3U]+3]LZ
K=<\Q6M=0#Z--3)AHcL),5Z,YI(2S8*T&@WEfdA5,-!dS%\19Q->>'ZAH;P,]Na51QWJL6(39a84&I$D&O'f67L-PFK0/3__f19&
B\E)1eD:Dc*U&T`/7_@b9QR1ZU4VQeP(6J<Y^6J/C)'2I65"]SBP3UMIf%d"5\:Q`RK>_S\+2;8;L>AY?2Y:$*Yc_\/?'bdNV4@Q
A=f#R0*Xe`ZVM-'K-Y16NB]_L>5Y.CNE:C..LG=F40H0P>$NQ>**TUD[;^K&L&D'LJTO.N>7KXZ&<87YX5-H$Z62\I8=8H>%6&E[
1#3"/)B`RZ!a3-5(d9^?Z$GI(]/:66F6Y<<XF#XK0bXLAeafE/d=41%F8-=&fYMc\\5IYUE:(D5@F>*3&,)Q>;5L--:2KEaBbaA]
"UQ^d-%K+^K!!,-c)+W:.D7dE8X^"258RTG,cZ"')e&feA=`D<`8WDN?'IQ9P`F07=Q(KF(We7S!>SE_46Q*Y:cJ$ATc751TCdX\
`CQL)"W0W(-9<FGZ!>2S61TD9"[%R:e0C^4\Z`1A@JKe<`e)>fR6)ZT(;90&`YOK.3N)UdF*91U(&Fc[<SS!#57Sb#,AT)=/I;bc
RLYDaC;&G:-ea6"+HC5.2RbO9V*:!*^*FH\2EHANX?9K+2G4K?AIa2V`>Zd;/.e`?V(5CC_H),]3S,%Q!HX9$E+,d>W)FVbW%")'
Z1EA8`#aZLX.[(A4!<9,^&Pf.:IQUW"P]8F&MN`\N33S&EQ59)DfO6:5FZ\QM']Z<IJ$=0OH_L:S-f6?5;UD>9;b`AU99L1+JB<6
#3R=.:ED:F;4\,U<A38=RJ>&.JL@8W%ObB)@="G3$\YfV`[]!Z\N2D]`^_#CJ>_:"@;,%3=cbX\5]Fc=CaUD1DNSA2_)`#U-e"CN
AY(;X],&[&LT_-Y_#a7V^-Q3A"M@?B<_K,[CVXD8!YH_7;^M1`(JM,/c5&4!J[;X\7L70_.`UcIVf+R>[8K+_-8WB%N[M3;6C@`U
D\I.f@b2.^D'I)+$</d<=;"ERe3'H^JI`Bd8U<[>H3:2-9K\OW[[!^)dLf+R2:_Z<U.^.GT5Ye?2S"O,DI^RA0Dc0_'-C9E+=QFS
2B=52B&.O9)EJ.XTe8_@f7Y28<d7JI\H,K8b]$B>24R.0\/#\5;)c`'Za:_*A.<aP7#?a)Re^W!?e%`fG9'BDU1G<L:2=7c\/eCI
$W$ZV%9]Lc($9ZXE0O\>]T5]P@bZ<-=5X<^@bG0e#aP'YbU8aRH2/#H-V>],O+aK8LC4IEY(We7ZF>,J'GW^)_`LI\4^PX$)*N'%
]X,fS/+VFG=?2EOU*=Z+J*FE_T0N=:_%Ic**$Dd!]VG<+&$SPb846>8UG)a7U"DPD%a7NH`G'fK(8(f$X2MI!KEHV^=Y6XQX$L).
=(.I)'D>U]YMTA&<`/D0FcI@_A'?X$2)Y9+e:)'ZZ82VB$X@A9O6:.K`D/R%c5'V7Z[e5,U--X$SET^=<3aG4BB6?_9'50AZ=I`F
%N#:Pde0[@.EO)*;-SZA!C?Z__F+9734700?3^Q_!"FS]@ca9_5Q%ZMUN+J$M#KDG$]/7V[*U/Yf4$ZKFa7SCIA,*U&R9SC8aL1\
$'AKKd2a65fT2S]c^V^`_*W3SPUb\"198d[/.6_4X%@a4Sd^7+%f9Y/`\*IE4a,J9fGbT1OX/B.7>]cN5O6RPa;9XQ_WJ9<b.F+3
:d3*`,eJBc+13)bI@.cJ$'(9*2E#ODRLIaUES5!%>9<O+PZS\&0/.G<\dH\La$`XS39^f7^I6:$=S4_K_`WLFa2fUN(<Q?'\;:CR
PIYP0+aO3F72Qc6W>999.H>e.fb9YOY>:B\Ue-RN$F;H//BR%^%0.aJ#+dd$(3\@ASb65X*<C\.[*"?**[93;=NP!cB(cGC&7`I+
7!)/2.>Q:@$<f0-9"Y^&AV/]U6'W<cAGS=,@dMX3/Ub\1]WS&2XOO`fPE[f84cQL^bfXW"ac%%,*#(b<GI#K$>K)G#G'-6?HPFU-
/00U@IIF8fGWE@eL*Z[XP!+eT0L@=aVT/:0dO%M`R@?=").,fZZ9'`#@c&b):,,bUAU@]R5>*dHTEF,961e+'=JFA<Q<MbMO6Z"Z
WZI8Q37D`;f\3,5?9aJ:(I%$E=XB^6$X%+dU(MKf-JE#;5.LHH,9HKc^a@.:W#<J\E/)^]=(R$La;A;+THN\A8GM^Pbc3e[99b[W
@)S/JV'X3>W5_Vf^+%^<>3`BX!*OH>F2:FCQ]V:R%W$GTH`VV:#>Q<2a%@DbbZ'#E1"]QSU-<A5LO%:I7#-aQ2-Q1$(c?BAL_`"[
V69<`eC3LD-;Z]8.==+]__D]!Ed]e($"1Lf5&!A>M\HO\+0-GAbO7?SR1dE#%8H@H[5_,8_$XZQ2W3fPCb+@!P^+W=PaMJI%;]7B
*[Q7NOc`#%-G>"P'`CB%62Pd(A)XCX0Nbe"N[K<#I(G[c-a>%;d)'><*9'VD>cHIW,d_"*%[Q_,]FEF@K_O,>8Q+H-`?T!=d>%$+
@81K\:G>;21I[/<VE<[6=&51)CLTaL\4\?))e`PZ7SA'SO+$W(K'+;VWLI4)O:'\R?K%6Y,IPe;68-LH8Bc-!X-U8_Fc@6G=]G_^
=N[[!>^D2\.,I3V`1PbGe3'H^`2W>4%]8;E??9Ib"MHU#E_`',PO]8ZVT?Ldf>'7\1&4NF-G'P[[]X$DFOY,;[;bW-P%=d8H:U1?
'a?Q6cZ+I0.A3@eM+J[>Hfc;.3N=Y55*FM2<R6<V)"fIAYX)VVGS9dA_#481A[=Hb(Ud-9&-3A*'V112KfU8\<`N_31d(%KOT]B,
/'Vf?ORRf.-M&PGfIYF,Df8R:CPN"9F+d!M$]),^V/P+;`#eF@+*#UH\YE+/1;!?8C3+#G2XK07?5N[BL#FA=R@!;&?B8L"*H:FA
)#Oc_C,2$;3e@1$H^*1VSdEQ5[601(Tb*N&B#QLcXIJTA1GX+,@/TKC<7/FF@+<"cb=SLZ/,R)^N7BT8[F^".(9B5B0PUT2RB]+;
,[\-8B#'&@]*[Zb[)bf1]=`eOQB<YQM%W^C>;0HHM4TP3CK7%3>J^.9'L[eO$5'^]B^OMVU8$P)]SA_I^?HL%DINP;@AdY#)-C+G
'#ZV(!NK(B)S4-"KMc!QB"7**RS2"#&/08)Z1Ae5#EYO6D&R"Q:4=Ea)*=&Bb3_dA[C^%WA^LQ6F?[C3cR=M"00LTf&KV1C`,\_#
8%cTN^"V/CaeaE)8$:%0=eM1MI/)F/cJf9JK-6LA"F9V>@0X!1b%GP55CBa3FdS]FU;AO;dTZFP4Ze'-$SaGC`GE^BC\2MJ'DeMP
9Kc4&f"G?=O*RB-"K$)!0%L:*;8[7/N-VAe@=1ZOU`1^]#3:9HZNdI`Yf_]dbA@)XH)+PB0!c,(N'AS,dSBWH;J[A$V=L-7:f*:!
Se$L=]`EQ(SW$18.`f7^A-?af:)3:`;Ba[)+YNL;T>NdQR\)(Y9?E4+7XDE`<L/6FNVA@N1$IV17"(]>5K"H.&(:^FW`>P]F24#&
.Z'#f_$+"ddDEM'88.\HYO76;_TG9ESZVL;eB$(#T\+?A+Qb>O+bXI_>&\A*e!C<!$D9D\)*C!+A^e?_LaO++D5Z@O:^`$@[8#C3
7,%Hd2aB6WcV4X$Z/Ba_F]1D()E;^-NO2+fA5ER;@;\6<.),7;K5"=Zf+4F<7.NS(D2B(8SBF]E.40)SDIcLBE(TNdG#?C3'"QZE
YXZX5V\\J-Oe`TURU2)d4Q,/.I$[^J'?`"-/NWJT14ZS3B/G'Nf*4&R2Z+!aH)_N`Z&JJb1.J3>/#IH=13Sd&[L`DVd&HZ$e6D<Q
1.=8$9/9'OU:?`CL=4&Z[Ve+AVHXQcaGZeP5DV0OXN8KR7UDW.W1N[A:S,^,W4&KYY[Mb61*O_O^Q)GZT7&]'@[7`_6N>XPV,*-S
O`(E?K06UaQV>]E%8_NP*'C&DW]%a7?$;,O]9+<:b"fe)c23&@WT$f1P6*S^KR].G*EYBb0f!\9QU9=6',4E8X)_[:fCL`M\B7ZL
bU?*[*?L9'd9IRD#]_dR?=[A1CD.:@]\Z?7:3^F$BC>6J==6]c."S8;V@4]FZ",D,LP0dYM*0)Z>XP';`;)3VAbHRXF$ePG\'EdO
[%_0-*,',c[(U]E%bW[Y67^:b(`E%9/!@0EC0,E'Z/f[ZEJB*'(1]f*AZF=J8Fc%00ND2/cPaG*(%f25!),8ZCN,e^@/I0HTYGK0
,_$#U0d''H9';/C`0]Z^-2E\e?60b?^=)_N9B-H.,dS3G/@+I%03^^T]6)71Ad00>OKeWcMEY)5?'.\G58P=$Z3`.]7%T+f@_56X
9[2[!FK$PQLF:&M3aG58+FW,^:-!-b"$J_4#:)Y[><2!K/!Lf[S`.1!daUd*AdPM$,0,_e^9Q"&-)1.b`_.&#\Q<:,2R&,HH:!8+
CW?[aX3CAAH01IK$L`BO5H@!W?4^FY8*5[KZ\'>2:bZC$fSLb4]+W!#V*A)dQdF"E-[<;\97ZWZ0")BQRG9EFf:1>N!OMa\<A_E[
%7G@.83_72aTV4&2),G<<e.7N[#B1/5DSA".6ffRB+!cJF-CJ/)XW\!'.>@99:ZE3.bYM92U%Q2]F0@WI0Q8L+eNU9HY,VAYU,!>
3KK)f\Hb<6/\.6W<IHDMQ\0fK!D39L$YcS[FM[LH9Rb_/(/&LPa0e1&W+SZd$[]P89#C.P4Z?5Z/2$2T7KPb7@cIRB<F#J;\,4>b
&92L<8GH05dY>*_E\.5L-eT9>L"2:!"4dbN7%$0;NVc935!dcPOXHR`c,BB855NfMSE"0cMYENO\RH.R\$'`0BW>E#<K\Y;>'VCJ
9U4RB\Q_+./d5893L&E.O6J5>=WbT/dS.&$4(<(<"44[OaE<RI>:S,#@*K[^UP#*#OJ*F-b[XGOR7*?;d4IW+QA.SC#&f\ZV6$Eb
d;AUe<N[Qb+'C6_+F=fX]TL_@SJRLLKCJ1BE*%#6c#B=:_`&`SNObF0"N%`U8\$"e%;X2;cVE`Z?24L?+PLdFI1cH0515-1N9;<A
-!T7Y-$4.\-_.OAI)GM:K^]f").2F@0d@$)[b37+Pf,C(\bfMZW-2bA^0P;P\a-C\SK`6DZ/0Ca;]SN&N1%*6RL*)e+U057d7^:`
OR[(N(Y@)C]#U5T1LOGUb7BZH![FNPH)$<*b,<>IB-MWJ"7<MeW3d&;]BDdN'L$5IS++;bcd<fRf0Xb_aYeHC@/6fbOUHOE(B7`/
H\-]%0JSfMB-YB@/&b$A?;]]#*:)4T#!Zd9c,;<;fJ4D"'_Yc3e'Bf9=305`39;''':2aLb:Z^^'Y^;5H;S$.W]eJ^\VaX"V&<I0
:6MH;P/S2OED5M((U!O',#-VJeF\TS:C0S2#f:<GA82-ccTW?T+e7e%2J:,X$U>'Df>[F_K;dG)CV7c%LfI6WST"B8PYVEf0MGEd
C*]74GE<[_e$0Re81=L[$[(<=PK4#\"!Rd_K*\.L`TZ"OA6H8aa!3)W7"7:3*;cV!)YQ0YT2?P-2Ce-Nc`O0db*2UVG7?2?;*b#O
D!TN).V1YX)SO(9@V;89JIQOR<f"LI0YfK4UcSN\[5N'LA4Y<06LEY4MP^D=$VJ<XISOU@&:>c7MbG-?5BKXS.R,A$C@,-FL0efZ
BS=CFFB^"E=F;XZONI[fc/'R7a<VQZO@a)A"K+)Jdc!U^O77QHA.c^)0&38RXG?0%FY!<"`W'!I9Q%2WU&B,)@:38KO+G7*ST_4H
Z1\KSeacW<L#fI=L%d_Kd3"6aBKN.,U2dA4/*LC+aQW_-2IH2G..9CJ)?0K>Y;'AE_a\c=f&O1%^4857&2$@OB.IH53/eb,6HFa'
dM1M!&(4+@ILZ]e!2+-BRb.7]DF*Uea:$d1#8C]+^f68Vc08S:@W^\,BBAFT=;8Ef.7X\.AB42:O_4]@,B>(*d/c`U5<dS"330UP
&C*S1!V@^M"(9G5_=NE"R=Z"7'%Hcf7[%)A`+d8TFbb?&M?N!bT+(*<Y+Y$+>2(?O>\.*FE4YM#3@^@G#>]%#RFPWPP`6RJGX1TM
<'QK#D],Oa"(-#19B+H[6URP6RB6Fd/O3#7.H:V\\U/I!B$+%4ICe],\?#<YROO!R1GR+'R]Ie*1@Ra9IbC#A^6-`!\$="K<^$e?
\5ZL*8Hc^>RHR;07':\)VR!,IR(N/fE\<RATI)\C=>T0_6_`2:>1P*=5dG*_@f(7!aZ=cS.Ac>7A-;d5&:SRN%O-Y9_e0.@=He>@
eR<(G7'?!7:NcM+CLB]>.S/<,/Q3Z+5TQTS_V#"*4$aXUA*!&I9.K]@W8Z\cd:W'8"!8cV-&#,$(P(7K.C6!0/6M_3]?OW8OD#FU
"5M_bM0T11LD=&>9R/0,2H5-+6_KPR.b07,+YYJG;b/VN@_BE>!GCX"/CcA1cOLX8+N[DcO<d6P<3MBV]7.f#bW/4;&-MI40'A<A
,BQE_0([50.f&*$C3^62JMWI._65!cc.H+B-`R.-a4$I3#3c*V'a/8C3B;GOaYEW]YI99)bd(eceOS>BH#(\1ZRdBP7'H,"ZU")$
E)&F3I?_O955H8;$.\bH!R$?*M=8Ea-?"&.:0)P'dWCUO)#:2ZQ@$OI(^;]31c@%3.#W0@!e@&fO7Ce]eT<K>!&/TJ5:c@"+[XL:
EC(&7(L"!Q:/L&<Q(Kd7DNM3]-\KGaa2b!6WM@]_UHaLYU(3#Y'6K^e<I):e9):WO46L'XKL^b#8\"]JTG]M1>+/d,*@&.LM9^XM
^O%8L%P*9d*)4%L7(:cbN)O`#S(@QRN[*A5(HH1\WG5[3G/CVY%ID;.]23I:'P:Ra/`S%Nad:_,TCQI!;IMLfNQ+-!d<;,<)Q25-
HPS4;SaAEBS7E#\'I)26J@03XM26MQA?5])X.-Z>I))']RbX'd8F2#O!I6\:V@\-W(1*PW8&%'?2XR$DQbYENM<F1/5[,%De%^e!
^\N>MGPFPJ;LPc5;FJKQ>=_f6@[".DT8SO%#9:]f>SC6B0UAF#@5b7'LYM&DR(T3IHL@beF>X5)-SS25%22?Cd].b07:O02*:`P=
O7$BC)S%5IO<`#S%^EfWZQ1*=#+=/4V6,@F8230QM`6CA'QMHMNac.,TRF$P;&\Q9'a,,bXJObVI/-:`5`5Z$4_.NX:HSOT&3.E@
D1]H4@BU,^U!,8&F6,;N&-SI+30FFZ'&N&&*Ca#(G8\e)/#<8AN%>::7#POa$_A-X^%<-@]<9BYJ32I.&eHc[GDT=+3J';&N1X-5
bF,76QT]&?(J+K553R!9(d3%#*+8\4D2YMCYR$"_I,6LTD?>2U<"!#B?fb_/^\8?F]#[KZNV$W?()%(+Y&@L86V#/T8,-FRdS9X_
V5KJDIQ;E]P/A!G\`C,K.YDf'M0ZUY2[$V50^K"]IZ21e@EXJ`(8cJELMA'=(][<6/a\U[dPUY%:(%U=?<^I7N!)[DM/V6\DZRN_
CQ-RR.K/NR6PJUQAA:1=*7QQNCO\IMK@/PS65CIUNI@=AF='\&!9Da%H[8R4*"UZ(K3GV@&f(9/L7.%KfG&=f(cP4EUf0]'%:LCU
6.J1])I,2>%Da+3bX^_VJ^THC6L?;"#*N]`SB;1K?AU`89\eBQAeNZ;(\,<DZ?Y36.J<Y91fY[*#W!&IO=cFbB;:I.169a-"<!(3
52"',.R,7O<[++0aB*=O%=eK5b3-4AADQU^FPf\@/5X<fS8/bYF*C"X2,Wb4?`WF'XKM+KJ?WcE]6L.d!#d]f*">GE/X*04`3)f?
O^0Q1-P@,%>P3,EM4:A7]`aa]E<4(^6,XU1RO$$e;!>OMX9)1FZ$,aI2/V9XYS3H^JJO`O7P[$3&7(&:eKbS(412*D\b:%Zf8&S!
XJ'`)%TQ7`2'-L$)=S@`EDbX8S6(:aS&&"(ZP].N:@e(R4EP2cZ%9"O_H`KQ8WTN@BY_<eV83%O_\+64D^0Hb_cCW0]9V9Z.9@VH
$<L(7JWe!930*#bb%M-OCcd$ZB$6H=Uf!;a=6Q8U>QUN-KL6>aVVf;CX_Z67AG#8V714W@X7bW>^bG,J0Id\I_YL&D(?@Kac7T4Z
PS(eK&%>4Ob3KSMJ<6.TGON-)#.S>&dR#!C)A8a;85UU6V)6<?B-74C/XI"JJP2(.;2.`3S'OdTMQU^94G>K*@Y!#;):</]dM[\Y
CT'*LG"AZ<`68A):[^ES:\7ScbSVb3QT_1Q0$V+]U<>SJLHJ7OYH3U[,%;KNPQ.Ieb@(8AG!0"FdG-LV>NKA"2#^81:!:CAceM^5
dD&!$88<S9CF'X7*[`NWE&Wa`Y_!AeO`$ONJ7C)(9P8QJQ5F$^I")$_0W*6PW"W+M?4e(&:Y%3G4P1@%'R><"Nc$#'Ue4SF9>ZA8
+2$X]=>-ZF;/TI,!R-\0&_&dMfG$e1[FT.G#L<6-4:-=Q6O5R8H!<+O'Y-aI?7%C]NVOIWW^20CF2P$d9eS[!`e]H;5*^O8Q2J[!
S;-@9IaY4^LG;B7cZ6L+MZGIZA=cU!OSc-Ee#1`dU_($".f7_,=T6WaZV*N_1"2Q#5V%FcH#D'^U;56L8-eQX)HLO"f*XUA%[G8P
)=[NOGP"BDN0=,X?(8#0U9Z%\<1CX`8C5ccfNa"A_-\7"UP8I<0(/>-CO=^D]MP$2K!a'=_VU5>>G@"KJAMMQ_eS$W'H\:b12'.D
//9cF34.LY)06:(QE1B:;(A\9KNU@BTL!c\5DO?![O78SX;bbI9Z?`(Sfa1!C\_/PS=\J9EPTK#X7bC.YeE6^7SH&GBB'4R[5O'?
-[5Z_)+5#ID>HQRQ<,TQ8Y5:%aR(1@f>Mac3+-BZ/(%*D(UFFD#1ZM(J#*4A,"*&M&!&D#b1,CXLS>50N:?;E'%\Pb,8>CZX=U!P
!fEEU8;Z=RJ>(VZ5\G^"#@a%!BA"`&4`AVP715X*W5MP:HN72PRbbM7#bM4[$+UK&JK^0(>DNA,3UON=>EM#DM)R)J=%I_B9RaE@
KN7F9$_"%PP`W"P7W`BDN9ZV\@,OFX7Wc!:K.=_cS<N3@$SS?=,ac.P@d:<d",X+AMDN6OH*BC=(@PD:B<WA66a%d&*Pc"&)CG&d
'Uef#QDH*c8QfG)<2#"K:2S#K=^0VXVS*,f'#HZ+@G\K"e!@.PbNb_6CB0`]F'J[aW8Cd>?=EP9b(A/L^&2!/#[644@M%D(`RPW^
d%+EN@2,-7<?.E8bQ`a\6"QO,2AA(I&EKa"\]ObUM6.1VU$IJ@b3$_3"&%U>%J%P[I@aYSf=f><R46GU8NORRL5ZN1!FdNfbVK<N
MJSG)^B[a29"0P0VI#faD[5>%<N`J.f?=Ud%d3?fIP.C4IX&K#6HR`P?,1Ef">=6[bW(/WcZ>!M>35$*BMD*&98FRI'M1]HI',Q[
RR?(-G&bH$*#Q?O$9T-Y\7\770*JL5OE4%="K(3.!Ie]0;\ZdfD4WKc;,V]G8^5H`5>)2Hc]\<;3)>Q.@V;[Zc,)<PecUNJeTCIV
9G<_?]b522>.J4e!Z4@`[?H'6bYO`687/?$U8PbL=_%dGGT1I[b]-/>cVGAU3ZD[#e`+XdTYY4RM?-,<*-;P>^^;`V#R"B3T//EH
.NQ6YKJI%N`6BA'35@H"9W/Z]8MU[T1]*Y:W';_c,e:'\B-R@:R7QP([A[e4(AX`E]eJAYM=?Q:32T3%)IH%FN&UK*PV^X`2Rd79
JT7]:F4RMW/-R7`#/3<fC--P`D[[AY%:?Ic?<f!W$.:D$@4'P4#>"=0^6IYJL-=A!E2NJbQOZ8C$>XaM^[1%;Nb6"PST$`KKP%;>
>)b;&G"F#.8S2I6f@b>.aOE'L#$N:T(GYJNO#1a%?K4/'3;-Da2OJ8("@_W@(TX0E8?8.Pba_QGB]&U!^T142*JIZ:aF(H6$>`:Z
$Y<</==*NQQ(HSI\00c?6>:4@6]0`Z:&KGe7-aSG=A")QR<3[&Nc(D`$D\^+L^07W6J-#G*A\/(5;"f3-TCD>/L[PK=JT]L6d?fB
L;HSC=)2Le[[,]0/=8CH_M=e%%\eU?8!K&C.I6]QGHYE1)cI_QcWH)-@.4&*A"f3H#VXb+5Q6:EM0FYA]^T*,SV`BJa5WKBSF6:@
1ICMD#"3@f&YV(cQ9X3^2G]aG!Fe`",ENF%(K81!'52.'Sf8c8GMMA`5;.K=BZX4d8J?`*96$2#fdK.A=U%FIMN@0^W:f>$TP`X#
';Z9d4P93ITII#3!G^J1HKAbf;SQ9BBFWdI`c2Zb/fU%2$M$La^I"K8<-DI<E?/?0(S!aT5d+^4D@!Qb\:J$1=0UCNUP*"H.(#EC
OJ_=ESLWTQ@41P_<P*7bS)IaV(?FNP36&XC2&S;^`5,fQL`X*WPG:*C"-WYQ-6INN-Mb=+b:,c4O<bS\XO>F$.&-.Bc-9/KcZ='7
CdJ3,cB%255;11CR.>X#<^A^a7:WZHF&S'4!>B'[,a9`Q2S-A_:/%W[JR3^Ba'H2ZCH`W-:\727@&*!X]]W46].Ied47+@]SQN4+
C<D,5Tc6%(<F'#Ma[WLb#77):=4S>cQdFU/<1BHZcNO[:ZeB1*')QO^^L%/G/MM?%b?'U[aYRb5d(cB-9;IYc`Y#)+KJ?3ZJ3':,
0-NX#X,1TPM(f$(?ZWO&<[:K$F7O]<LV:DQ,\$daUKQ]=!_V0!c,'Ic\,VZF+][b!aP[!Oc(=R3X?dOTS?GR1c"(4Y[54T*=TaMY
QSde3*:H/MB_I<J-5D`A=@XUZbH]B[<Y"%M]TO`T1@JAKC/E$755CFR"+C^TVAAd;d70@b8X-;$2c`M)=P7+/f&\[J<?LE@Za<;P
_RI(S]^BfaV]B6GP'=!^7]AeK52!1VO4U3B4E-B!CV,YXGJ7SGYIG!O8!b\10PPB1VQVcW\?='9Q5S6,A]]1aYZGU'!!]"?BPJZ)
(d$Lb@Afd]I%#.08:Le7F8e6I1.P"?&KD1?G!F6I2D]V3f$3J_bCab@`C2`X5/*cSIV7cY*^=,<a-4&D2Md3%.EJ+6Z-G:2/fNJ4
/Nd87a*[W>1>4>:]BadM\(0R7C,$H/XV`H6'^+Y:^5]J7K6Ha)<*Xe@XVc+DTSF=.-9=:[CX-DD6G]!]!^]Y'P.9<-\;@+a2.O?c
&)`P\^<EdHBe9%'U.,4L(E7Jb"6[G<,S!b]3M=XLb2aaP_BL.MFSA8%fT<&`b9bCX)9-L77^f>!c--?A]%9de.HcE\$MEeA>a"4(
5V+DD#:2P%%`?MH]2bSTeDa&`J&M&H>G8KfJK/R://>M/#>HLV>U",JL4)!M*U(G'&T9:Ba=@"927;a$K%,$&b$PfXV?7T5aAQ,(
T/(059UE#f)Z"WFKS8M]0XT75U>WP]f-1EB<D]7'F4KQI?d`(.YB#4dP7SYA&K'&[QU(]SBLW\[>K3)W"?12Y)9XQP9BQ)PNXL-J
:-6\?=>&0:e5`9[J<<,>YW!_:!WTF2`JC8A`ILL'E3#JL-7HO$M4K>%::]a=^0807IX\0G,,-F7dG6G<"%2HYe(b6]Q#:9&';>OS
4+LX=/IAG*`)JR`dU&OZ.-K/(%Q3Ta<G>ZdV^86EJ].RBLA7EOV`2Y=<S+\)'"BJSX6@?6U'$W+eIC$6;UE\4Dc"U#$=ZWPQSMX5
:(DLMKW*R\*"+>-YE,AOH,a:`\+X]:=`"CG"GQ5WbDDZ\!8Ec`\$V]2M"<N4OC(bQLR^7W[QdZ@SN]N?[<Q*?#eR:FR^_D]^@9*!
GE^DdH]4/5F,&`!cL8PJV`49^R]\Q+`#e?Y+$#[OC.>:#BK%M*5*>\9RV-J"50f*JW!E%LYA=8,N:MCAK.`G)L*:1O/1%_K^I34"
:.P!6">^@fC/]0`(OX<F_"L7IH1U-[;7d5V?VR8KJ!(f[f%V)$(3e_]"\:A(CbNJf`=Y`JC%N99Qa:X=2N'JK(8cT)-15](#G?0Q
^B:[N5R2-#@W8Pf-!&Q5I_AFG)4:8-S/7FBdPZ^]\\@`-*bfB-\M2=`N?,T"EHBA?"'-K)_;`!c&*J1"*?E0K1$!(NY4,L40^8<9
6?,d,._!9<H-)"]R+X<7)U+B`SIM]8G&`e03B!^M`@/f,$A0f6ZH'Td:7\?-X&-/OfB^5Gd,O9Ef@K!"@97F\W\;."O/JQbV2[c#
`_B=d\_QSS=LIPTUJf:>B-(I&2VZ.)V</+2d-D6NWW/M(I)M5#/P88R8`RZ?bJ8_GL2)-#,>:2$7[LZ4)VL_WR\.&8=fSO`'C7.&
ES:G+BH9&.-[4F!+FXe&<`6Z4E[2/_:3F3QSDB/%28E_We7a`Xff+;F[NP?TY1PZcKR*PO\@XI/)2FMc.74R0+-,F1IE>5d!+.S5
PKMMM#$/>b:=LO#]de1PU=(M*IT\cLEKZ$3%(DU$JDYTO_"+*V;A)L&.JU:P7'Rc7VN$7P@&X4ABKY+dMMALH%$=J*62E15D:^F=
bKQK@U7D#>$$;Z65<%eX'$3(\d]^ZVL^Nc2?;L]-L3'.B4U"-G?O4HH:D-J.,\G@W4D7;I$Y5W9=G?CLfd9R2K'>&RHI42YA`+(:
CX'cHY.;a/5(^$#&X:X0N0($S?GX5-L]*.0^GVL5E=MKH7[2ML!GL.6/\bST$UF(X(.+/"I-;=W:KO)ZH%"-(<AW'W60]bHL>!![
A8S;;X#3Q\f5VS*O3U4,/e<&TD-R7#HELG%\K'.Qa$d(.O2_E?F4$Y0`\$-7E%IMXZ_Z?J$#&Y\@>0#`TI&.L=(_+(D+$J"<YJff
B#fKPRdM@"`79S*7<%O.E[J!B=?eb[J=f;\BTPSP[Oc&F'+BKQ""*=@<M>@ZcH]8^9+7:D>OIJG#0L595?c%;cc*4YW^IZ$cC!$-
_;0dT5#ZXL0/U?I*8U7Y-%%"+]EH0;G*G#1;QH#YaXbT)2+Xa`;a_/1D41Jd&H^E.J1V0D(FTR7;O3)b<(7PBISZc&G`@M*Y:K'>
EQO\G,+?63MH&!1B8P%TDH,";NQ,)B]5a%C0XY*X@/?%AK3&B"%L?($?GR2MGTG.,F6&:>])7,%c3?7Wb>V!<<C\DI[dJ-dJF8:?
[@_:F<V<7Aa!5)_8B<UFc*&^OKHWT8G,0LOJ+O7F\7!3TOIDTdJ$Sc?XRP&;)]NfX-`GZ$=@@#a05CUIZG8'0bI5L%'Pb=\:EP,/
G7XN,(>7Xf)H<@Y!6N$!-MKd'>M6*B%=JYN0`[;AEJO^>!e!-UIQQ+`3^+a."`C\FD5]7(V04*<[?(bWe\$/K^&^(,-6QV>J\P1Y
_'0fGPCF52\bWDRPb?%0R6U%e4#LIbOK`.b5bM0@O_BV>.7:.8RfM#(!Ja%,5";(]VGfZY@BSc0.!;X.aU$/c/H@M.L+^=+;5>cD
9E*NU0=D4P8,e#S1'c')@3E;G?b'%O_"L\I!<<LF?b'?LJ[H*&WfM5X@T<&,))'HTXIDRf)*G*\]S@GJB=R&M52"@=SM?`/_,G%%
`==P,S3WP?),EJH<Q51.YM#aAO+#$OcYI%\$\"0e4P(/)+3*Sf>Y:'SAfFReK>?B?GCJ;X_Z>Cd1XcaDQOfC!/.]cd3--!CRSKC[
GVYR7D^`cW@PM?3bV`BJG*M`Y*?)T'WQGV*!7<)+S&%[:Ea&<bKF#2=L(DP8]FM'&I_%."&%!F^La*,/BR3LA`Ja<Ge4Bb=GDM6L
Q12R>.TD67$eHHEcB!`S*Hc.8@R4^*;48<]!E0>O1f=-`OP&ab5CEH5Y8'SCF]-(-'?;fXZ%_?e1dDT"?W)Hf4>1MTAZX+H)<cP,
!Yc#LaAUF5C<8=F*PUP+d>@>.<IE40\*R`?Y(H=PdN$T;f(RbD=0+2d>U_dCc7</PU(R;$%d,7S,5VXV1R5K$'V;)cVJZAS=3=S8
)8-PT%.8(&&dX25XW6]7]V&?(MN0`JN>Bb5S=`@:6#ScUG\cR*dGEI\P*W*T6D/TEd?Z+T]V3-?=X<ZU\A9.@2'I[A*)'TYP^-*G
B%<;7Q%*80TG)!.@5Fb_$$!=DCb&5NU?8/T=3R37)%_)a)Ad3a>#A8%M6R$K#NSWabL&>XJA4GK$4;AY^19=1:,Y9(J^?ea;?MF'
%540"/.VA3-;(_+6U+*>E!E'aH+7O$K`!ebdB33??)d>)7P4;T=/[NNC]C?.I#;!8HT<EPK'-)&!,"+_;+f;e4#LRT(a,eZ`705A
`!^J@-/4>ZJ^[N"^EX8P+eb-I+M(3dZQ-!TD22Kc8eK'G',d%(5NW+6QK):5$/:,":<]E!(2ZI"a],B5SL\4":=>*X*1E,O(:,f1
Q)*#/J8[+eE(_`)1LQe\>V+&DPf\W%"S4E6RDVB.PV7%T[&RO/7(-T[Q^NEUcW43Q7]=65OY5?GfQ^6D$^Z+:$YO_Hacf@<cM3(b
*8##'H@S5R<V3aP^(>2Y(&K,[8R*ZWObY7P6Be0f3C^JGB1"_@1RF5D`?R:)S9^B_/QBK,c;#!4=G%SX9V`&=8M#7WV*:8dB,@75
QMJ8;d>?@e=6aa`&)F.S&[0$INZI7S&3FF%;7:;B0f=ZBN?UJ2;@XX\bXI/P<:,N[+5SJ?X[XaDKU3.3Y;.\Z5DOWR2^'[L8d)SK
9eJGF@8[!U4b\)dFZY?SL.P:\V<aE/&=aG(RdDb@STJA`1(0cIU8X1+^9Qa4]"5))BANFY(*a4M9J=9BU??6Q)+]NYZWZVY1)L3B
H(LLWMS`T=J+4N?c!*M\A,\ECK=GaTbfB,J3CfC1>2*8Y)Y9-+3d7Q3a.X&fZWT:,a%YP!3M(#EHR8[Qb;De"Z/Idb>)?KW1;P&0
1'.;3%Q!+2RVWe6REB&7LN5'c%9ZKB3T.=B@GdA\+78.8cKWFCZ#M>[>91;K>?(T,S59]T4]>!TEP?Y4dA1]1K3^RY#S7O(JBTD6
`DFS:?;$&*QfU$Y?OX$[>Y?!+S^JO(GWGb+,^aMJUDR(WeR<9J$N:*5dA;;*@I^^eAQG'PfVKfTa3OFCAGH?W>S%\:1.$:GDHZ/e
APf^<I*P6^=`L*CE@85./CbP[ORYD+6^#"8'fU5(QOS`?B:=W3/A';H7=/C2[Bb\DVN_;][e$baB"N[,\bO&IcGa#-^aKA+A::d[
M%'e=BQ27CHXBd9"S\!bfKAJXRL4ULJ(-]^J0I.$S?W=&CL";_FU=%&3Y9DN.^OI[Z>G73Y(dQTCc]Z6>HFKL+dM^G6E`6X90V`L
]"<DAXJ8#:C2"ZN>W6.$U`D7E+YZJU]FZ++>RcQAPQIEVKTd"S8!\f8L`'$e&_@;b<'bX+/;NQE18QbbcfH>;+HS*cLEVdd7=#!9
8d@2\]FP%f!)\<6))>b<6GY.IAfd/'UODR$MD4)!4I=8>.&]QD]4YC#(CVQC`NR`E*:CeP&fQJ;?5XP&Ed3H",OR:B7*TUXN3W62
]CC;).b=K/#ZcFNDP^<C,A5PJ^6),cC6c!:-$DDZ=Q!9<[8L2#]$.Q05W'EQ3L0#ZaOGV=-N]8[H*-^b\FL<_%FbUHB25&T'E6^>
**d`W8YTF`b0";H4']UI?\HDY!@AGVO*6/M>9'PeJEb#/&;XAQHHE@S&^3cD[;U$FY44"Ldca?[GM_%8\DE1V6Pd`RU0X'>Tc[8_
f-7)<2)6+,JLCK+c+X%8Pba-VNaeLP<d/&"99Vb8@c]=Ha!\(`_D%=R>5_EILHL;+Ha%C=*5P,)&0PK>4!$KM,QK4!XL^:b:`+V7
*X8%"dUY+[!N*@=.9T<L0]d!S$OE3+c)DTL3[(QBb=S9'5'=Z,GaAJ7<!2+4QSCFRAW8YF1Y'2W&G7KO<a?a<,*`!8-'8L1M,c97
\2R?a.<IS\.:c`3.ZX]6c@W3]46e_^20_f!7e):cbV/$'c&_6P7eC-$>7K7RaFd<M".d`943N\E+2^!"0?DYPB7<T6X`W!'4!Oa^
,',G212UK.KDRM<_B:Q`^dLLc1<3BZXC,<@PW/EO(fAC8La(X6*\5Z)FQEf.VNd4<[5#;C-*,_D/%8L<J/'A^EaT5UA]d9E39d9E
.UGTT3[Ce6R&J-!2$<+91]#5.fL1?,20[WUQ5V?UY-bC-(V]D1W'$fd'Y<!R0:/:2"Hbc?@+*I@)d.(+%dQ?@5MKW+[&(TF??M%b
W=IR@3^a:0W"Y8+.:#XX8./:<H78)@"V<WW2+`_GO;/3"f(I!2Q'@4^)):^'DC#eTJ'B;Y''=EUO0"]E`cBKfT.]>#[?c]f3=Z<S
QBWa$R'&(>90S\cAG5H(J#_fV[_US#-(7,/3A8P\$%HQ8)d0V-))1d?EC254,([*^AN2B)8"2UeQCNE^MHZSS#@,\,>'/)bTb1ZH
B^eY&\>VT"=V]SI4-!Z;\C%WTS)=JDf[S_V<<NHJG.DPKF;(_@E1!#`^#ZG]=XFQ@6?)Kb]9KH#YHA1)8.)WJ2JZ2Q5dAX$*W/Ad
'JI-."-,;X-8;Q^eCDN2ZNKAJ^Ic]%0*eS,d\FB1Q&XBY,fbJ&4>`CEE?SC,G60Y%?/S:^T!.2=UcE,OI?>Hc,E*,G@1%]EV$'Y8
4*GFVdZQ!L&`W6@2[KNC6BeJ%:84V?$`GYK=YXe+!CRTSA+:M+dZRE"]6RAVJd:.M'6,d8M@C)!-.^D8;]LF:*!QA3Z!aa!7-[9Z
_4YP1,;3%&%_*V5HNI28=ZZ89QKH^YU_MP/.I8=_>^9EJ61L?T0D:=LY:$X0M<(S0,D)`=#[=_A;_!d;#=?M%0SR@D%,+<C0@,.,
E`d*G4[fP==KL3!J"IK00;D7-UBDW^F6A+HV#E$=(6P&_8`*#PN&<-,,X*:B/)Xc$W&b^Q3W*PLYbW+:(/5C!#>_fM#RO"/::"OI
IGEKb3aD@S:$1ZEU9V=$`e]YO807a;+<%I*H^4BK;6YSD1UZ5"G(TK^:SI5D,Q\9bNZ*H2.:Q[PB_YK02=J?a97<U#'1@U+UTbB`
@/$_`R;DfdJ@DcXESLH-$B)]NXc%L?`"&#D1%;O,->GOBL]$.]<P_+J-,^8\%&KZ)a;29dCQXZ&GcV"Sa>H/00[Nf!?QXR<?TYS_
Je"dW!>>"HW@YK?S_[JRGEY^L#8GBB>@O@.R_bYS2@D8$W;J7d*`AZ]:#^J>Z$_SW0%Q_UD*"G]!3HFHD<*P&UbFYf$S`B8b$5bH
[eLR?)CVS^@d1SdW<#TB_1K`$%]Yb/F!Y2UfS[)^2,fH.=d/-(E-_$Sa=X6:)/M;@_W60S&ee439>,)6X/e;W+=AeRKF+LO]Pe:T
:&GXCL_3--efIG'c73(`#+G4+S54<!,>:IN^Z3=[eZ:I&Bb5/d3f1]"ZU6)Iba2)!:V6>R`)a=;M2S#Y]DF)>\(OEG5P5F_#$D7N
&%\ZK\M5W7]ROGN\ZM0>?!^=U2N0+?F)"`/0c>):LL1%>$,1NT"N7J=c:e6MM?'D_*NfF&',^93K''ZNO(H0"F@NU\:^!K'//Ib)
3f>]G.II4eH:`=d%1/`D^1>BKc`A\Wd["YD.!3W6ZLS9].8O8GC2#')fcbX>0T!&SdMT5]VD-G9bD5+AdUDfOR1!%VQ`JQ**EOEI
?@Y;!-D6ITD-V2U2LT,0#\?<e^]eJ*=%D52fAWa9F/fT/82a%$-<FA0%\AD+-!fVOEQ1Ad+#%B^\T3`=`-Z*2RQD^+Y#A^Q]M2QW
[NN:.e.CS]%ebPe..(?R',+=ba>X`DD.WGU@BJa5D0+8+S4\#caP\LGNfCM/_,MS>Y$;GD@R'YM_ALf@`9>V/'3A8^%)/1=%CP)#
\RI90dU"^f1EMbR.'He`&.;O)/OGC,-ORC4%YR@U>["*0F2\eYH%-.)9SM8E)05']LH/EMA1%&6.@0MYA("Z6O2XI>?(".0eDLGa
^=-V$M_=e(-Gd7U^_CW]GH6/7X0aeVWf7KBGB:[",:<T_KWYNED-8W8N1.?M_)LYY1a/(VE4&A52'dZ+-0UMcC)86MXILM(WT",W
Ia"9>IG^NQC%>c3F_W$4CQ.8WaT"H6='a0$D)V-c$R.*)f519UCJc/)e+95fPN\dfZ5A_5aDKeC8WV-;!O60.$?+CJX?T.5X.,@E
`V[/TBMcdQ'aJQ]a?e@YE_bXU<*#7Y`=4T79Cc"VJK(;W1$<*'\cOV$\!%@?-d9J<H(ES@2*\:aO170ZI9eNTUS9#:.[a1\ZNZWM
-#!1%QGYKKA,IV5P0cM<DUd0).T]-Tb!04@_HY"3N,bT&ZM&N)?W[-5`e2\9%M2c&6ed6T+^:XZ@9C3ULf8UN)5O.+PbP1J)f`ES
:C8Qe,`^WK'DI-4W?@Y6.c+Ie/!H>X/WW?73NX+'";"0Sc4"<;<A2Z%XV,*#_FZ&ZO^IZ>QA+._TDIDeWU0f#N=B,T4D[#-3>8W/
L4cBNYXT"BZ'.(3&dII(9dSD@M@IF(=U7b5""UB^'+'MU'];!aCB05><L%74`O!S%::5"f<MEP$4U,T/"59.L,),fTb%JN090VAY
T?Q-965B1f5_"5W+5+CZY4Q%;D).<Wf)bXM1b=5-T(aPQE8GVB\b`dMIXSJ_+#R:EM/E2S>168#>PbM!2]+c0/RF)f&LZd?`51F*
+BQF<]RUP,OA8%K"]%d<$"#$+LGK7f@>9=^G5V?@dK79LfX:JdGZ_JeZTG=AH$4]UB:;4O,c]%U?.[3ZU$PW:#.d"1("[H,?(U[I
=$d^>&&L\b,@Cea&>-1\4^Sa@HQ9^"$UYJ`R2XNAf`dRT>EHeSJNTP;LRQ.<&Y3A(="9H6Ac/!+aHa/10L"MI*W-8aW9[51TJ0"8
"]&L*ea7[K2@A<\:ZGR(?,aWV%*"J`/#XZC8_'-J(9c7U<.K>b.1/Cb&KH06S7aEIcbCW8MGH'5$=[V)Z36[c?1J-IF5S*:X8-Ce
/4I?.8IBSPCEHJZ&Y1B!**P66T,_J>A>!Q2X\^&TZ1KZ*T`[!\]\&Je1L`0*OeNZ1GP<)'7HAYM)c";62!7WLO>""8*a#KOSTd^T
EH-D4?Y-;D*c#SfJe@=?DK,4<eLG7I\L'&\*H7SV<!bS=,-`CRMI_*64LMXD`T(,.cH?VT*2b8MX@D%[`+90Z`I`I6T8<_?b(\F0
6La#J]Te^[eHA#?AP&K@FB<`e&9$ZdTVEBaZQR1BP:eD!M'/*R8YL*_/e+=e??"bL_9+K6/JQN7**]F$)E!Hd0=:MPM,"ETd`RIZ
T]Qc9QBa9%T8MB<V@I2H%#ONFKL7MP?eRK77M*'RL$KK:<3;&<#&A.P,<IA"=V5ZG2HF,":)DDDE(5Tb='GBA5MYF%C1W8BdMc#5
U-=Y\4[+>\_Z071Y\?@%PEP/Q(?-OS>49'6A?5YT@b-T#G4\&=JL9P-%S95SE0^7HeCN>#%LD`E7-'7'K$4_Z.C)"H@IB1RO_PUc
)e08NObc(OXA-V^;+V.0Q1JQ'R5[#X+e949WW?[UZV&XI[eXR%3V8IcEcbb$3EH4<]"K&]](0**;cbc5ZR]=@<"JY:9DDGc$C62d
a5a+&@Le@"d8#bR$(\T>"*fW$;Y>!"V%e9G^Oc!Ra7+24I[W#+P&>]Q1#4`&CML@QM.L,K9'JO^VCPWf]-7P?]Bf83(\H(\SKJ^K
?/+G_ROL1c2'>Sc@Y&Gb2>eQ?-1@X28%('RI#D!(OZG??X.P`=ES)W?=#\DN_$Z5=4C#?aM,]64F%F?\QY0I7JXea.EN%KFe:e!f
;)2E\HUOI6)U5a)+HT@:,YZ6NG`/E4;L9Y_VKbX1c*-%[I'>c]_*1M7*'#/T`SF[*`886BU*;ab<b`-FEOVN5JaIV+)C74VQ6:R&
]H`$:C;P_9@*Y^<O&:J.]]&@Y?KHeA:;UF9A%P*U&^_]LC`I_:_3,XeZ8;WF1cW75*<;3X1[80bdS?D0`\[3NK)2M@I0*I+-@3"5
T#5Y$-1;[2=JIe7J7G/3=^*52[HQQd"U2?!B%Y-FV0'"/O0$C];UK';d*&;&`/S`T=Q;.E!)S!K^@UAS/7DR2ON<f+,fB;P-`[M7
X4=O?Y2G^?0(dN>3>XK)SD16K7@DYQF8.W>'Y2(N!.M+d?eRVUNF30P$<3M01"UXS<>SZ;R<II*L$&>NA;"ef'SF`H3aF+)74&,M
8&UKU]AEQ"d#e,Z$N+OQ.GA?^8R))D3GND@J0UQ*fTTFK2=MH@bLPO8('+7f8!N6D]:8O<!C%`T8$L(O*FTQV5FP=#2'8GUHO"'F
UdTPV:Hd@"+(+_3Oa,^%_5:Y%,_T;B?=H(^A,J-")@E_!`$+5EFB5(68aQOd&'+?B1CWbG)"%PTI;"2fa$a<\Y^/3_F`Kc#QRbAE
8F(%7'86#A6Qc4&A#OfR)cCN[>N1e=O."WM1*=0O81EG8']D6QdQU42E3/U1]K^K0CLaR%Mc7X!N-(5^!:%F<YEW=71K:/)E;>SC
,K/A0aeQ"GEE\#/H4I3?R%7+1"U:&JIC,^[/3YX0aeQJ_9'8667cZ.*4J@%Af\110N_4.')fBbK'8d)1cCE5G:5ZWaB6\WRZaMLB
^#^e2D3*C%BU.P'UW3B'AM=_X5:'IFEB8,M"D,\F#.TQUJeZBO?9TL.LRZ"JP>BB)K?JW,1MTS-52@c_^Y/?`/'5]:+AW^Q.80D6
LLY;/b!cDG5O8G.582E(DUQU_$^H'1Z]LcQ]HI`:G5,V^<9!$I(?\]]N<._^%e55PWP)c5`<bCBJ<.fP*2dHHB2=QIF413CNdXE`
+D<:I3<#U*)Z^=[;PLEaK=@]=OTBAA1*(>I/NN6C_%,P:*?GQ/fB+3X&HQRAb(]J98D6J.(Sa9?)]+74,S)AO=_TbM8e!)2R"-[-
UU!`FDVJ($L;CQ(0<VJD^]3F-5X03aW&0@$c]R@N!W9$%fWCZM0+$&'X@4T/Gf)$T.H+%#*MOZFBPc?+b/Y*>YFE_XLKbRUU#KJ*
&5-ZGHd!Q<A4PY"+@b6bYdG_Q^8O;[Ce_2]V`"eOfb%JM:ULRAPdBYP69CfCV1//G.L!XU"D;7.dc9&7+[AeYAT=a#*9f?!KT&F'
KB[@3E14a>&.[^eC>']P(,]F:=$C'P7?\S`LG5S$`!@;$\ZQ3Je`IOQb=G6[O_=R$:HS&"L89f13)&G]($&,\A#3D`5@2`=d"-TS
2O='Hf$N_WT,X:(Ue[=%[?N<f)-JfG/5'VP<?:V$Z:'[Va+*!MT\EM"SG6IDf;?R0PI:&)#805[KE&>^3L@GQV,,\/0e#Je`WFd7
01:*\3.R*S`d+]4,A)Le2]$BB%OX>T'SM#\F=3<$MT:%6e%_c4ff(D#b,B4*>_*(QRf7@QV%MQMHc>:NEZG>'9cYL@2.aE4A:J-D
*C4@MQ_5fEC7ZQQXU3HX1%%SS5PI(&P&e8eQE75Fb:$KT^.W]QQ#;:%`<BO,#Q6;!=Y'bBM_S]Z1O-]'8;3$0:"G,1NW?L+J7#Z4
"/W#CKK!dJeF41-9eBYHWHR(N>QAA1$.$58L?O`C:-@L=;,=IZf`%76'H#c2JdC?K"LCXXC_&")#F'RWK2AIb&&."L_e90O@OU60
N6R6$]<Z.=`QT&PW\W%`KC$7]EEU`^Md<00?5+0*.!E8/]3=#Aa3/E(@E]W;2A(T^e&P5Z7L9*GU"F9CEZ>X81!G7Q)#\cH6Z9&X
G5592.U2+b+M[L_c2OZ[f/CQK@?@.JTYTRBc!OGBbF"0Y>6O.b'G<^ZY5cC'bYbG\'V8UD;$\E[0S<L+7.3\6LZI8//;J3dA.7Q'
YK8NMOFDa7-?'3`2VA5O.<^_HARBQNY/=][@a0A9TOb7cF@\A`0S%QaX1Y3H?a&fP@PW.-d\U7.K><6aEbU<We161+C`e4B]8,RL
AM,<9^]I*VDYT>%ZOB<VdY^X"S/N[e&J#K_R_C%TYLKF<+]"<e*3&4\/J8U)I">[Z*"GL;c22_\e3C#E]\S[1C;/b6Q-T1WH`ZJK
XKb*//G4:S"bKO*/ID=,E!B4aaH=7=2K9L5+/b[J!Q/_)+[MRD"EbPKX>;\I''+K;(Mc(1@^>\bBfSI0E_Q&($QaR0aJ5"=$?-=,
5AAP7KT_+&Ed>CO8V.ZAV@658H\AI-,-'>T,[^PD0@Z?NdZJV942(!X=]<S\b;:+dfG4?I`T'_U;VH;V78Q,@^^_^H/;$Y1:Z)`8
!$4AR<UP.C&]-G[&&.f[0]/WS+N+;FD(bdUN6AIK\)WLb*K'2?"'QLE\AG]Td<G6%`Je+%96Z8BI[F/9$.V(PZC.BDa(@)129;@8
Q(U,(^c@I?E-bDA&K$6Q<%-/XEVZ(A;&R`%BBH;,"!c:EB3M+-HVL?R+#V7:f`@019MO/R\[T8U7Q5U+7V6FAS(N+U)0BM-*``;:
VV<3U;8N@^]>?R*bI;6*5*Y41dBW#)(V!E>TL$WSHdG_0M"BfFRX%58LH[MGCYeRN$6AGRGXTL0?"?II5+@JCDZ0P&US`\Z69Z%/
4IF63eb'CFd]NeU-BOCdXQ'*(-TR1)dAeAc;S+ZY&]1DA='S!K>;Z@_Z(NT??YP`.@6<P:18-e@H0Yf#A795=D#/'Y#/,<AM2E&K
RO&-fCJdP^7<d/]PQ0BdC+d.JRe-;>RG>#@.[%>S>4L3Vd`*5/0-"C!/(L^$:"EF>F1Bb;J,#),`6QP-7@WYH8Z,d)5BH^Q4Q^'Z
5MF(>/D)<E(G;R]X!CNZM5#=cFMW/S'&GMa5"VIE'G+f&6CfDRX-I4\1B-![6=G0S1X^"A03G+QP0%]!?5e)bE?9XHY+:,O=<_G'
KK<)BOZ;'1LR5F4(#+A7/F3bd^#N/%<\O3dZ.ZeaVDK73aW<M%[.N_8aceMLS#$#IdX'0U^&fLNPP^?I>JANFM;5V/`VMCY]Z-a@
<PNOIT?Z04163)![d(D"_,"NBDRV[$@PLGF9XUZd9`'Vec*UTdF#\PWF*BC-XB8;;M6$J(SB2@1`D!%)'(cR(@["^!cGaUO#\Ef!
:b?f6].7<2!U1]T^]2@++&H*9S5$BJ+ETBa^S#Uf2^/RMWH(CTQ755M'4RU\5bXVC>CBG-7c%a\S(VW%D#*<;M+I(c+=a4JA74?/
`[&4WJ?,"Q"&PTXV"R-]+3<W')U'[L%#48S7A2BSVF1Z"F$YUH!]N[#D>YSO24\Qd0_`F'c:A6AMZ,eK#3K;"Xa:EEJ2QOT"fJIa
]H1N`7A-O4XRK2\a!2O.-b-7@3M-25Tf[%<P+7K13I0)0:K)4RV'G.e=AUNb8I":1c^6f62#@M20[>`1J-@TDV2*f9#>c62))-CY
O"FT//KNP!c),C$4_1N[d-PS+b:8C#GY"A4S"(ZPH+<])G92SL@D0%8(>F^b;O9YGJ]\,XY:-L*.BWI4'`>3MN>IHbZa75cBZ0-+
T9f;H=,Y[daM.-^;B4*=T@@#>OaEaZ(+"*_cAGeM*.N[-_@C:>/e'V&AR*G:$N*,>.)[7^f.K9f;".5D1K^?_6):@N`1;[W2*?"E
`_&BQZR/ZBN\0NY1TY>=%^@[]JY#(cE5@4$0MSe/@1O'5C5,MSH6[/P<SL%%--bX)58Pe@<8"#/\DW/PU1>A(LFeX'>NW]SZEDJ@
02\!+Q!*BR0=D`NIbZF6Q*;Y+!':,1)2'+9,ND_O$`X6a^!b6N:/[-O]^UaU,S$J32W6K8:<9#e+FXC:/)H%:e2K2&BN"be'X>QV
=0C@']'B3Vb]@^-V_*@P]@C3;@ZP\]/BQMY57W_L+SGO51KE4UE9b$N5V-SR>;c:"ac_<MUJ5JA6*YE&OF6+;Y7B2]A1M2GR3#Y>
1'X;^<CQ/KJG5[@0:/%DdVBI40BC0J1$#(1ELaWP'7.EV=E!$+27TM)PI)6,C$D8a4\&UM0e9S7,DZ7Re0A-eW[A!\aQ_9HYda.F
^F.*4P\LcNR@FX^\5-TPZ<<*Q<B=W<HWf[9DR;^3bAIL9\I\:<'b8Z0O-N4&:ed*<\baUW6D-B*c(LL\G?=C0,MMc[P$!KeY$eV-
