!*[JVHGX'MSI0,B6;#W*K@%TCNS::E8Xf7I'\6e;_]'c/E`FZX+U[b3aV_$76FR#f]]KN@M>/9+PV%,5%!H;^K+Uf0//QOU-`BMT
?aGX)G/PY3>'\f/1YSHU?Ke45IR[Te$d*FT](2SfU$L]0BaMJG>79c#68d`ENQ'"#$-R=DL'!YD5YU5F,>4KJEZK%"%0f5*0_M..
/*DY''>AH%/0Qe\7YaE3EaA,8&f!U1_$eDRX8@eQ.YcK-8@=5%N0(/:TFT\H3*:W9-W5*_QZW\ZW4;F(]=R,-/;C`L[4e2_M85f5
*:ICRY(EN*3YU"8a`$,I*;T_A]Q.$62F]&KUWVB6JT$$=OIY&<eBWI"N`MBNbeVNY.3QBD8W$7bTU7>UVXI8GT+R%=TS'KVV_IJF
B+#G?.a(()Z074X<H%.XKIWQ<!E+IHJLbNV<\'&NbCH6.#b3Ya,`bD-*>X/6!6H,VK$eWJ=M$O"4V4B,U'B7VK\.?-/71ZF!.!;X
/DB-5REY4EWGD26;U2Da*K%26\Z0=LDdR[:H!.2e5_[)>R`VQM?6EdN.58%[)?8QH.a,W`A-'N289PE"+;&!G.=WTA2.N:F#KI6/
0ZZI/J'b15fYR3%V>ee1JENK=CFC"Y]^L#>c`[(e0*5AdBaWR'd$=427bU54-[2E2cf(=Of&(A:0b\<6`4T8WR/^f@=>e>N"MHfY
_7Tb195%WT"V:X]<?"BC>%Kb+03.8KNA5J6a+%7)L,9P@HD`MdIF,#A8FYf)PFaLB1(0L>GdWL'JBec"E/;DJc\!/6Q5\8^N(9X=
SH-E^6I1!UW:7?`1P]b.BI.,*M<I".f=`)P*WH"YF9T="^GR>P9NBL6_]Y6E_2e_3DO^RbP),*f,I).<FdQ\D-`,<J,e]49Y*9NZ
(=1>M%RJVD/@U1LN6RJZR#(aLC2$a$G8>?a`[>>.,Y(,eAHA++N#(C-[ZG=(>aX(.B_OY<=;<+_?WW[EI$<9+<Z/TGAeMTFMeU8C
b3&X*<N-PE7Ud*EV[&QQf.Eec"/0X<%eZ$W+=c2'e>!_Z,BUHI:13SR@eb/[&0&#PD+@W^3^SL:WH=OU-dZMCS;<(`N$K382f?WV
aRG&:d[:&XOL]R+TOKY;YZ^&a\@2#1RU8=B&e81[S.FD,3#8H247?W;Ze?FOXA+R+.(;C3d$FcCX\]WdeJ_2:E]YP4[0$X&`J_e]
@b.;Ab=,)-[)O)>`I>AE18HB#`[GG)'R%@H&:'d3EQ;73#ON.&<2__<>0OIG(M3,/>e>L6ZDdK*caW(,V)A;"MJ@:8[U3--W<7:f
38DY&'.M!eK#A%bSB'+b1]-]GWCY._4cbfWKW-8B7/JHL=0:EGF.)SD>,/@.>Q\?.6,T%[N&N0?+(QPd>*39B37.#QT0#KNO%JM<
2_*/U\QI&6IHR(>/'@+#2cWbX2WI#7HMCeTRKUO_MO-Z4H<e^/%K"WD<C=R4?4Kb]M:b!/QbR_0%(`dC^7<-WW?Y.;W+_b=8D?bO
K<,)/SN4R&67[@#:1A$6Q#J$!BV":JC4155?AN&".+7Sf@P<aFdfZ8$cI4O<f3ZX@PA":PLN5f#4784c*!c=`!%7C03:ID?-KC_^
2:<K[_.d.M8GHecZ*eX0QG.*[<b`\2e8ZO<U4>N=<Td>^O_Jc&"\SZ;1EecQQ<G;TS\P%31+aE,VJ`*_$Y]aOf9'%#S)*+MfLWKT
=E5'><)BfF6:!T-,'%^X/U:TdF5?5e^D4fb15WAPGY)&^H#B6;'#E^d1QS7I&cSc1Ra^DL.A9"IS?4\"'<29RB!e<f7HdY@\0)$1
*45$@c28(N@"$WR5c##;]H:X+IEY0=U%`S/Y7P&bRUacc2;<Z_<OPc=]#0bX"cLFZ($/L)=8$YC.<?'S=M23#EHdC[/6I:CK8I)B
[CWDE#`A`d,N]aPXZ)=b`ES$,]&.->T>(-[*:6?1`MR;)ba'`Be7+E/88Fd'*>5fcX+.O3]H$a_O%70Bd1P4EE5bF3["N(6^d0GC
P!NRD%+L`K!-=1HUROT+Ke;=*"LL)2@S7QPOU6P9@'`Z2HPLYW*0<ZU\d#TNTY8&4\8Y#+D/]@2T.O`-0X2+V-:4FZZQR*,F^Zc:
9RVA:]^O%P>J=R=D]6eeQ9eBYI_LJ5;L?'6%6/NOI)[bC*P#/S>JS`b$C6OCK@@D1V>dJ2IbMNb_*T>[6*?`M%c$$:<383UdP3]\
11=C?S>&Qb_6&MG/T5(-X27c1DU:*9\TM'9O,!J\F:[VK_78K6_=W5H,0`YGHXC?T&1#!E\5Ra.UEcPEJ"0I9.@HcN$)Obf<a87-
W\7KMGd3I#/3S!e5[3>!@84%R5T_D*^YRE/'=GeP>6Ncba]S7Q+V`B:cfb6U6@<?P(<;L+^!\`[GKIbJ\\>>]6[;e-^_feT.PL'(
U_K.G2A_WTb];=>8P+(##U']A-4d.+9eI9N]aN[L4)UH.)_eL[bLN)LE9609a,Ha^V@O_]e:D@DV1cLZ1+Z7IKHW=I.0bXTG&E]:
7d6(dQJA%f]).a>\`+P0_V]IG(EB9M;3;Q'Nd,!`R=.^eBf[B,fO$Q(8-HYTE481:EG&U8VGLS_U<O;Se$'LM^7$MR4F*`EBN1f?
Z<I.M8_16()%R;`1_>01>G4[VZ$$G.)4d+I/`cXU3W=73DK:5F&B^7aVHA?I92'R_C-V,J8>B&?f'C3f$[)KWS(:0`@)F,:*V1]!
:R?QY*Va.=C`!M6<&6G`%5dXTTe5<E^DO7_4Uc\NXIP'Z4:QGD0&A-!:O8HF;T#:&fKR,-O(!\Ga5+GZT&[aJUNEYVF:3]A?^!"d
[SUR>f9,QM1aT-`3)MQ3FZ`,:V;NE\!>L&'ILeed5X@)$H.c:<73S!cH`R;<A(%+!SM^.5N04-1Jb8(>91<W[3ea[FL^[OM4$^OO
WGDC$ES3+eF:3B)6M$N4)+(J+>V,#'Ic@U-'2c,IFEHcF+B5&Xa)OPZ._0'e3<T1I&T82=ISc`>G-fU-Q9R$4Y.(BSN'3GS;1(8I
$X#XLM!\?$773B-[MX_Zd8B14!P0R1-P%[7ab$cLQE%'UH'`3,U"6?HTN.a%a4@b63W-!\I,&`[K-:RFZc1-NcZfNF4WKLLDHcZ.
@E*PXT!fc-)XI)#[#S[[P6(@1J5?f@#8'\"DNOM%]DNA=Z`E0A6VU]>V""JL=:c&d#:1<]dW-OFcTP?",9(A0)]6#4MCBBDH//RC
3LS<:2W&6DD:L8"9/X(H1&*5b:4WXbP3f!c3;cVH>AWBJ_SMPc,>E(Fb'I,$;";K9-"@IS!IGMEGF&C#A&+[2D>(S1)(;Sf)JK7E
0_cK)6/;*3XDd9"]QX@QF?(A<!Q:[5!e^0d"B%VCD=P\+?AK8$`'%9OO9")M^47EF;I5D$HR+?8G60%\@M!7"42TLM-<D["1cQ/6
F?#QMH)`>-PF5:91BBf%GXL#A,SR[SQ#-ae84^3HYUIM=9BJM#LRC9S77/`9?=N?aB2W3O5D]"Cc%9Z2\4HX/G:4Q]a$^_E:(OV6
17^Ud(&J%H'e>G'X%0]-Q4`*[=eS6-dbRD*)#6#(f1I:WU3\"^:>-JO=NH!*#4WS#MfeB(P`G<&W4GDT&7!*@JH"G'ZH1d673S/F
$:EaYBKI5$NT^Q/*[GS(8FNFX5`0T!T'4@C'$eV,d-$;>"V]6BG3LY#XV#?$/Fe3Y;f,24C6e$ATC)Vd`?8]B:X)!.0[;`)/I@\5
Y56",.M*TLFAfWTGFMD/^JU)V!W5<`N1:(UUXGGKFE$Q/fFR2W`bNQW8D;*I\X&BCW:E.?_47VJWZ,H2b3P%8:O\MQ_TV\:3O2Z\
\TP&U?PW@K3K[]d"&IWVX0K:<;N?.*!B[Fd?_d2->XTQP;Z\c3`3KG@P;5\O.R9)NCQ5a$LQb)a,cW.+\A:&?[\dT7<P_7EU;->7
LS>:GAL,K4\U&6`Q^L&LF<1CdLUI/P@3GfA10B(E`-B(E*'$V/#GB*"d0a?IV`?RNL^EF/HQSBG]_A\F(>.8\@a9&OZcSQ])P!AH
ZSN[bY]D,:8H7>V#CE/+9_27X9]H_POP"EI)Kd+0/,$0!R@)`JZ!5I0FVd@a)-)RP*=MHJAXJ`bb,dBZ>N;%]13K')$?]#"#)V#=
0;2'>:1;!F70>[d6e[2?YOT>3b/,b9E1]6]]IU.X/aVV:)^9'_/GKaB9Y%^S@f.)8c.e<Ud<8YR6?EVY*M^84;7)(S[*"Te\:X+>
6P)")808/b7#@%XQ?`,W)QUXJ]&G2,7@"9M8>RUH_=:[<E\$6V$Ea);:S]G?Y%OU^d:Z9>&G5W/$a?+21IT0-NC/=ORA#/0^NB)R
\a^ZI7[F,IP&)J>1*`:b]+O*?>_%EL+I;-e?)F01P%<*d/\]XH7,\^)H["[^K*S?;].[/7"Q$=.1DdL4W:\#5R]'Z%5&8^.4(U@D
*MN!1[:]*(&U1aaY)#TCYH(TJ6dJ;)`f(K#1X>GcKV9%Q.B4SB<ZD:C4H7X:`=`1/[0.$H+S\\$N;a#VAfK4f,e6K+VV/<^d`=$:
4O[V.G\_%<*=8<KNJ>9#e4GJ8fW.M;A-+eQUY?T,W)<GK>UER`C,.Q(2.ZYR#3J]P<\>#Lc8$2-@L;0R.dKK7/HXM[:dfK2AN)<?
eLDbEZ%'+^"<X2^dfR#H4df=Y+O=YcK]_@),2T""+d;`R,Y\F.2?RVW2<RX@"`^b8$A+02*;KdE1H8J$;VD)TCYHE,(fOJBP#$HZ
,/R^G"M.8@;19L3K3:>HK@-F.Bb39IBXZ,N)eK%GY$!!V_<7$^'U!U;L,RUPG4INEa]@/<=,DeY2]BaFBUGP[<[7C]1:;<<(&c<"
6V*F0@2#Na2D95?:\Ae(H#HR(#G7.3/H:9U&B_,I4_4Z#9\,>LF.UbNe?HZNRWN6]3\N)DI4.B,(LS;Gfd.(f@fPFO7-(?\T.LJb
_]c"XOcO$Rd7EV-N1O,=G6A:ZHdd.:e]7J=B41fH?0_)1)NXf^*A%KD$U>9GA&)XQT$C6aa)F1T:!(I$'Gd)1BceARa"@Q'[b!d2
92c<OGA*-6&C(XBA]*](0;N[<;ScY\V%fJ!a($0@7MK9d6U8"UD\^-5*9E:8P$1C*cK\&.C&A&HB[?_AA=>U+,[O7cN$49ZIJ_>7
O9"T_S3CGLK>S(Uc\W'V037@^&?>'A0.;6PM_2#S0=HJWIN2HVT,HR7$<;$*EW5R_a4O!):&]e,^8"J"4E(6:D>]*N+^<.GW%3d%
FVD?1'9W2Y`d6LP1R0*,"BTO$,%=0![LZ!V(MSPV#/DICQ6BP[<6CbBA#HOT\Q`P>fCWb=eN.Z#[[84,7)9NdAE:_ccKA13,/:X5
;GWLDATTJVP1`_TT)c9RdSZK\SJ\/9!Lc"8McaHF'0d&A9&:TLb8<<#U/1*X"?/Q5QXd>2S!JZ?RNI2!ZD,'7aN4,F/OH3BQ^H6_
16OVJ2`\4c.`S@]d('Z0""U_)-Cc7FJ[dfT#LA,'RRL?,?A>-I=@.Ta[DXeaNR-cbU2W8)P@`[a;2"^`^2U>R*;8-J7V3D60^)0(
JK<K]+BbS"O<?N@$H."AR":b`_S@PdBY5(A]9//8:5_&/HQVfU*efaN)#;CO]1<&=U*8XfYOC,LeOC"a?8Z#H.B%O:d&`IK29a'4
@GGS6&JaG01$'A]-\W0+a(Id(%T,(7f#!"DS/=c.H/;<]=U38/.2e7OT7I9O3.+VbJ57?=aPDIIEX_b0Y*YLZQ>!V2JM\S!`I>LI
eVY;L8CfWB,^$F[abaR?U.VM_+Fa]U_c/<a(@RC'.UFaR#E1;L9cJZ,44WT=L15_1-+U@MY+4)_2>Ud[/CdLfc"+[8^#d+2cX6b=
0<4S1$aMW;5.G3G$)W_f;%F7-!G5O8G1WMDD+9]\N`aHW@T?;V%Q651`a+\6*N1#(:0Y,O%5*.?[OCXI[=:OX`FP_.:J#@e>5C@S
6Q=UbRZUd17H1GSS`/R-[/c90>5?V=O#^^5_!MAH-@[G74RY%T+1VLZ)Y$*='YL8aKB)]6QP@acFV'IL5H0TdT#/#F_SU#YefC%^
\@4^)L;DJ*(19Cf-!4\<I&2F+(Y1a<(@>X=!I$1R8\$5/K"JQd\50a^Vf?3Q\H8AH/b=ecX)ec$GQ_NU&+eX41,[==(YE@LbZZ&R
E8-E%)<P/;LP?%Z/^a*:Mf(8V`BK0cO9!LDQHdTa`V+E$S)]QZQaOLHS`VU06`#QCZ![cH$6(N9KdeS*2b1M?Q.$C3\CL1^aL8a#
b,00,dDb8*0b**9bI3!D$\J=MOF`V3Z".K)!d/dFX]D)?^Z%_/4_O6`@;[&Q*A=(7@27'5B=3dd]MI</OK9BFV_:ACfdD;Q=]9Y>
9FWI[+U__V5$Y8+fNF0$?DN$T.)?4G[05U_ZL6[6#)D-0E?F.F6AMQ:N,^+#OJbBS@T$6I'D+[EI!+L3GVDB)GbB9L0XZ)[9f8CV
POd//()2IE)0#8%"<(#PJ3*6@>d;L;[U>]V-Le8;a9D&(K@R2A#,P?_K^V9d;-a&XH\'[KZ#*'Ba]3Q(Z-;(=9PG"Mbfb;N54G$;
3K_!M"_QGX4QG2Ob)H.A^#BE/'ef_fJH3f[9[S.?8cSJ:2JcB&[SGB^.KHd@(bT;c15/P>&QeCQdF9W64P/AS8I1,C*8M>R1,G[=
()Y`?!F:C-7'22*U*b_%VEQe>Bfc^'QQcbA?F/]H9-fLeZ"c0S-F\+b<NY]Bf3)(A:E2()/bKc*3O(`74:\A!Zc_U%1Z=%E87M/D
=0bJBWXC28U/M4UTVed`_/+<M@^X??:FL[E,`ZY*fB+^5:'-0.]]TbZIAD)_%a6]:4`CL"P2#^0V9)4FB#BMR"XHFE15/O!Z'VAb
)LH!8GDFU@==b&XS4ODHEQ2'eJ.^_cNOcJ.%C"/VS`F7B$O\@=?>M^>&@e3\#W0CAM4K2a;e.PXe(e+3A-_%+Z1*MQ>8^T00JHW[
D6R4/!]2#"YQ%^H2>NY>6!bR2aU$V0!54F3X$1W^4!:_+BZ%1&4+GR^D-O4T1,4V>.e7++4Dc\SFHM6F,&%;9\;'4`DUa,MN@Q-.
W,39T!PXKUCUC;EeCbT.&#WF??D07aGX9W(Zf:V`N4+^BP\QIJdF.*K;'0P!NR+a!3WHaCQQ<TJ4)<>PCDRe"6eYa2b^90&7Vf[U
;V)f5Bc@$GE?+P[</^CX`.TA4bW8:fIb!!@N@c6:L\aDF#XZL=TZ9>9E'WVcVO)%_X#7PN$,Z7!]5+YMS&fU]E-@f<)3J]^>:Q&2
%a?9BaAV/e8_WM*`c`KVTRB.6ON;bBA2`:NW<#JC3<^5&e_\R_,SQ%/UF7UICU06)@e[%G7I["4G,1\+M'=O[-FK&>EMO9J)_$8(
IGP8UL6I)%>D3D0F!%&Z]>]4P+."J!=TD)?:[@V``HG)X'A_L\IPT%]NRH)E=L^=fd3*J:A/.T$1/XOK5%D"@0MV8VR;/,aDFQ0:
\M<'Ka#$RZG7&]`NML6[:Z/5CZ*T"f_W?S7GS,$"=W4a4K`a?%d:8dc.W\-<ZPKL<I1]WB`+3U`M:X3b(QV09J"')!2W+f(*FX'^
;T+T^E[SIR\@8-9:E(P=M?8fM<';94Y_?Z327!0C5\*+SQE^a)-f/LH;#a9T3-$!eJa.;U9Y[D7R^YEI`@/*6c9.:,^c08/!f,<H
/P%$/=BHL/Y`DMX,['#SDLN8P(JMU&@U>f=%]7IKe+,>UD3!="'4+=90Z/d[K?-X3T?F&0-OCJ__?DIO9=HVJ_(ZKW+Z99IWMS+X
3(TYV'F2+?(d*1Zc$?%UG/*-X>>bfP<dX3OQOT@4?C\<):"1*65&+&^>@,3ZbAe1R\^Y/&DR+U6C<c1b?:8D(cDb)7!@-K]3*^YK
%Z5[2%ECX,6e@;(S#eJ:$3F2Ka6FeN&!2Rb-S#=@+Ydc1f,G;V$dBMANCW^@H^$cY+R^:KPKE&c4J7.<$5#@,fd6L$IIbW'\,B-]
[&c'd-7%&*Ac399M5+14?`5V"`%6#c^H:,G\]?e9<[$f>af3_;b+bE(N;.c*+A@IUTVM?;HEHYH*,5?>TZX?&;G]M58ZR5`RXO/&
STOT!_cd')+0.S'fD,eH$J.QHd<`PIaBC^@V<+@;UB5H*A9,ZS1=eD;>4YE9Y%_`Q'E5-W1)U'2<K=Q9=FVf]YL&_UOOCI%RP.G:
(C64:0J'<f37#,NeKZN==3G`KASI\MA?MWD;CHT+CP';5YaX8e7KG3+CG2=2_AAJbL:T?3.S6?];dH'HT91_<`f6B`cE[YaB\WGd
_6JC(58DHK,U'L@#feI-EK$/C>)[H9+?U=2Vd#O'>B7:B;:X/OIa8!^AX"8Y/aeR\[&6S>fPIRVcY(!9\RR)IC5?QWFb(@I#1+B0
.-$!SP0Ac+6?Mc,P^bS$1RO"\.J\-b"0R*fDb>6Oe^O(@VSL_!.PZX6HLB,I'83H*T^+Jfa+DCe0-6,+B4G*2+F69&_(S2_">L7d
\`f(c1QCA>1:/Te;f)#%$T$\["e52[O*b+#*Nb:Q5:;9AHa<M>HK@7AP^c.dI7R#!LHV$DG^"I`?W.*]eR/3//Q<RSB)ZL_-Lc=C
,JO4K#LM&SMG%4A'H5G`+@#d3?.<ce_fVV8Mb$)@;U0Q54#^=3%M:fJS9FZ.YKT@@DB"VZ[<YM&],Hc(VObGMO$2'_/[4V49G)a4
6T[,Iad7^_PXTZHZ0.WA$O]@ZNO`;FGBTR:`eZ:IdO@:6eDEBNZZH6`Fe,.+6'W**I8aDM!f`/U\E.b(&PA-_6Z;"TB6NbL^T>P4
:?GA=;`W:%PJ%0*(\I;+2X+HAG-A"&9\BBc&bUOcTT'[EP^'&503D3a7#c-R,#WP?eR#a&[db.^:U^dF=)I2_4VC=Z0]$A-4/THI
\&\=7'#bBIZbSG/b7?6^H[66=LZIWOG[M"&'-4Z\2N9NXQQP=VR(6BM*$W6J7b(TW7-`c!Kd^B*DM45/3@Z%4U.O+Q]Fb.O%HL!Z
C:fU9DBW.J,5?8M/3BD:6H)'>6YY)MA=>Td/RE`PT>/>3YSLS7;3G@Q,I+WN>&[#7[$3'NCVR4cZc3?3d,,&Za9#44%.UAQ86@-Y
<9QCfFA+TM*'Dd@[3Vb2L&?FB=T61F$.`Q/Zf@G=KXSQ`-CG&Q4"cB&(!:6_C'cU064M5PFSH3(,bPW4E!OeW5F'P:-K]dP;O420
e1X&<E$ZKdbc/18fUZ:^?feL66N-\:`#O$AP,`C^c1+3bWP]DS`%;P*_##P]F?+%fZJdXK7fIKK%UP8$Q5*VC;c:3YBP(&QZBeR[
^0%6P7$cA":@bLT_00"?=Ia2YAS<=Z30=HR%R[PZ?TXZ+O3(ZYe.5';57e1E@6eC$4WO`828:IGVdTXGGLd.L:7eNCc(UR/_[&`Y
1M6.aS=5;<P@'4b,%?.Z^Icfb#`!>OGB\GBUEM1Q_#B'HX4IdR\I=(59O[N/(@e44\*[B%9C1?.L(%Y_PeHSEKEFP.2K@R>e[:+c
Uf19C3H`87H@`U(8Of=XT)IH7AcRP&@c;:@LG`f9DG.;'`-7e6STS:caF?^#<K`c.1`_d/CCQG=$9B.&E$[N!!,NQO6;*RdCJ+8\
-c,.>";X[@=X2`0C?8G=NAQV&)KIY)"$-OfC>,QK]IQN?NX989:=TJ/02)a/S+"=$+cbT@<PN$BZX-Ab?O/c8:AL8]fI+1,@S@1<
*S9+I#T&2R0C<d27X(URO\]5V_<OV48%<3!.<$:4T,L+3PKKL<19e^/1D=*^HQ^fPKLaBEU^e=^MdQ)S$']%d@8/e@"e^M]B0aID
cJU)a`J8Q,@PY_OR93=b\W&"Fa/d5-.Q\ea;JFY[dY?Md57Cf-2DNH5:"$'d1DICf]7c[THabN9<'fW7!0/%93JO^<+[Ff?Y*3d)
_.+K`G#AU"S^*,4WS__dK=c@e=]3=XQ*e=)QdEGA3M=4@`Md1&^RA6N')Q<4B?^.@ecBCd*e.(J6$O7a`\X##N4I7,B/dNPXLY9e
B`R8X#Qa+eRQ-Ma?0NOZIcJI;3E:CG,1A3BYZZBZ3-f;FKa3Pb$RP5$2I\/+5f5`])>F%MD4W5.A-LMdVHOO"L(SAT$\2R_Ed)]8
$aSdf<YP@@/GQ=Nb#CFA$f-aV&0BW'27=.[P7?!\fYU:#3Ta,B,+<&_-[.c?fWbK&RD`0DI8W%LOV&0</`GSFP'&L0R@Maa\[(DQ
>2'[2H]ZGE','5eC(,9"7FKJ*(;/ObI<b%I:V.@5L#/P2'62(>P,_SE(,=-3c9&'.6%_!@.P!OA*@X=0*=-58-L8HJ;0D<WJcbMJ
F[5VZIZB+LJ\c#baN.-9Q-F!%R/b]H&V]=.eOL(bdU"bDE/]*JE%\/*$)2K]UL,\N_,$1@c1"?A)N/<2Va`PT'bVN=_H"^d:R2&P
W?]*FXT-9)+(FPJ2\aNB7E:;-81fb]S97@US@=XPeP_fe/SH_65Z_.N0%a4O#J5B#U\+(AV,LZW0\W`9CD@G$V=Y?adG8_-4L`^"
c"-49Uf(:$3[_8A<FY=5Y:T!Oea(a:J.cW<EGeL"BZRZ>3(]H`<;V%7-W9N"8d#Jcc2"Y<23R1dR@)?@C-dZ43T.:")VRL4GJR5C
T3ETb>FMF<A5f23CC6?*BS#c3bS"L;")e:SRV$9(;&=HE:Rc:(#Q0=JWbMUGP<A)*);DKT*G"Q01R:&SJG*aXI9_6bA-ND?(M(f%
.*MC?#K7=MF`e@\H00^Q'?`U7_^@*T^Y<ZA(GEM@^8E=^KDJd5f>PG^I=QY?P@-6f2*c'JCU>-HF`GX0[15M/cY8GG9b0ZG]Z-K;
5"N^9E=*&d-9eK_J\>a1Z%,Fc-[F?O:>c"P$OLW?\,:`LFM29/DI)GNN+7?R(%'Uf\%`!DK-+ca=B4R)R,Y5!#c)]>Y6TGR;NND(
0fE-O[9I"B.4XUM&AFK_*>FE=V[UfO4BPENI;:!a$UC13^!M=$)Z>_61O7KK!:PL<N2VJfN_4;bcMHR$RG,XZ*KE`'=bQ&=%:WAL
a"+9%K@aL2N0N%,/a_)OZ_KZ&=B1:E3#'&I_(SaM.$E[_e$`#[O,<H=@:QO7fQB;cB],->?GG:<0UBRYY\$>BP&XfS7(TG]8\:4Y
LfUT/aFde.MN>98#TBTL`=U;52\JOc#[S;%$d?1!Va"1-]$Mb^Fe$C\-S%fUZba`E"Z=J1a8^[O;:E1FQ2-[AC>[[D=W??)@;OT^
E_I&UF[WXE%Cb3@XJ8K4'$e3[7XM2J0HV4WLJS>@V5<6^DS.892D2,Y_!80Wd(#;RJWT.e!T,1"3f?,0?^=)RNC"PFCD&cY81Xc$
abM_.KcFN+=1F?TdD@>Q$V$LA#%XQeUD',Ccb1e@a`I>$('A9\BB>T@'!,Y/F9-;@$?##^a4]22$&;WSV^(/*T&JI[5HHTX*\<D1
B&^/\]UaY?*CE44)3+PC[W1+?VKD/;HW--C1H4L(3W0e`O!#b-Z6'*Z=]T+XBM[U&O::<2G10ZCUN6'9`XYR!64,:SARSG3Q36b+
G[!&2#]G%>+.FaT)BG'`C5UJTB+I0Q'Rf!3?K=[=4<;;CbIBB?'CM)Y5NGc2LafF!O,9%/d#>2DaVELZAEf[*GLM59;K4C49>-Q-
`592:FFTD_"-@Y2E*E,>#U/cAd8^BT,YBdW\8M#JAXS254$MH0Y/1Y.CO5R#=e5,L6%Y1E/)3T'B%290DN1+bPF11CX&4S%C3Pd'
P&Z0_*0N4FW(U;**WJ+PH?e$)7S*P,1,NJ*[X6W8fSO@;TU]MeP)K\=+$_?eOfBT8&4;13fZ)TF8>$[D#f#-"I),#K:@BSV#=]R/
Kd<J2,(::(:%[.D>eW3/P8<*M.'\&*J42D:aC)I?ZF)/1."b@7./4Z:;d"VP:AdS<-"KK7G,:Wa2R)T<>>F$D-K)FFD^!UHHU_>Y
5365?Z/=RKP'M7BZK)*cKMK;YN>(HY1!_2#]7UI6`DD[`c8Z@?!N,HV<H(5B>H-4'd#BOT,>/GQcPU5DDb"$C6R%c`DXaO`*\7_K
I0KHE4"#][)d`4]3OZT)(<:a6"R:b0\a)SGfET'6MEU;C-SGI.<WV6f*)@3$fVCF%-Ma.^5^c9-8*;9F%-_HaX^f;6PV&.YWMPFM
;TF:/U6f=C[IaSD%C/U":5[;De8M=eG'K7RKR?X5I"U+RIW8QHeb/9THPB9@<ULf+=II*(:\@FT(1)fKfYSL85F]4EF?E(@IL`I*
75S&UZNaVf^d-08,*K"9-\\F?^$%T>D=_7C<R7E";I-NNW+CGQ,N#e'<4NCa<$`A:/.B=CZ@N3U$=TH;8JEV\?'WZ_<7+X=52FeC
bJ$?,B=51$%BG_#[UF),8$UaDL3P%eG\6VWM4[dIC\F6;$.S+,LAAcMYObEFG)%GLVP-:#JI?c]9=AO8.1GL;YacB]fS?C2<aUA`
#M06'VeGFKL!:=>R3^7.<$T\HT0Ec#O7'O5)5/+bU0`SACEb\;1ZT.,f6?Hf@O*#*<T"@]%MF29NW]*B"c.,>04"WD@e]T8!C*M%
88+06<7U+XG0a^:af7\CS]"^bC.5IGEE'I"e*PA9EWJZ&9b>*%JdM%\P'&3(_(=+"=?K(Q5D9O`d4CRZY*$4`MO'a5d$H'_T?P"1
T#Z4=Z4K1/'BI7%LF]3W&C"G*WKSN&*O,.$,+F@`XTMbKTAGJ2P8Lf##XK75J>\`N=A2J+8/V1;L9Q":O+:XL\7R9H.caa+KD%CO
OMZD5P#d[ZY2&<^fH>+ZEa[+"aIIe7(Ad6OR<&"fKO90cN+=,/H0OHYI7X%XK[>8C"YK^Z\][;0JXH2!H_-6da6ZX;)M(]'3_U'*
50>%O,1?dD2*N!5b;5KQLC`E1'PBSH4SKN';/Of0U1fSW$(0@8aJGBOCeT3TM5ZB;KW:$V6[I*0YXWXV8+G9<+\PJPG=O308?*2H
:>8Q.?UBZUAU?ENM#C+J5#["Z64L%bY74D&][MdG2-f#U^D[$@>X1&EK>%41*?Ce$dc()39;61/f8W1CaMSbUY&"1E?cP0aW'QE:
)S6H?N/2&dfN%\V8V%N]"&ZJKJ0#<>*&&R9V!@Z'3HG5_3N;5W8B_,A\SCB`[[^M18d!7EJ#A-6M^V7-Q/e^[Tc=AJW&e^Id5>SL
5a,CGFS*'O?:H:Z\_6LS5%JEf]Qc@DUEY>N@/CZ\;c/Y(`9cX<ZF)8PMXO0HQ0LYb_]$fT5"]I#\*H7J:=_^`Cb4YXTKDfAF_+47
S,[Y[O@H(%.bD$e<M+]=8.a`-R`-SK2YE7TP]%d;Zb0**caIedV7#GaW.H#28..3O[#PY6]!a28.:[.&*'A^QC$a,\6QM<6d\_7a
/]X%3VL!aFZR6*cf8M&6P13>'N:0$?<SR\2J`aJe5(fI0?;<'bN4Y4#0b]L!Y8"dRN',@Y=T`3'G(^P4cKF=$\3^KMW045M"!+JV
Q(/Q0-Db8?eK]E;YRO(_[43].QPZe7%J?UWGb^K:[d:T3";/*SC]"DREE)VL%1[eDCZ*9.-0+a^KX]4aEC.a]@[?NBU5c(>-**G3
PeWe%!Tfb*SEf"):eb`J1Y%%VA4T;SY\_c8]<#%_D7`Y5]F^--XY?GS6_:&U.STD;'.]J-6(=6>:XHR?GU*:/N.fHZKFb\?&G*aD
cKdS%X!T[f#+#Z5$U"#EdI(!]>P`GTIaYK3#*,>[B54&[9CV`X*=AR0RWS"&3GJDD<Q%;16\Y^&Le`!S(HIW;B<R%<bB2HWf>+4H
,,Z8`4;LHGRUQM>M$KLZ]\Q8Z%K(\.eb=;;Z?#\"=N31-f=]E<9/bS19DHH8b;`(X4JW%S!GXT%E2U7%%ea?>J&3PN?<B:CUS)P2
6)ZF"fEVL\^N!f10FG:U-#UKLE#,@'2Q<7O,E.f5.7!C<"3:K-_3'WNQZED[['#S.DKEfBfC[BZ/Y>JM\^-13_(_"DN=H9c=IV8:
M1PbPJQH$HaYF/8`?<K-?,!f%JQ-GJC/0?1IU3:X@ZG":,>5f1E_-;(N)I@U*[\O)%G^cV:/HCN,VVb/K25eH^F2UTP@Q?0:M>E&
OI??749Hb7-MH4,Y^_N(45HcQ9G]9cJ$-UFe^U->"+a<#e2Eae:b?bD>?MT?YWJD6A56MaU38,/f+GXW$28"AHC5OCIS$_'M0*)W
>S3%#fZ+90Y7!_?0@-K[Na?fB,3d]@BL`F\d<BG+'G,cL39QEX4,87VI='UWcMf_W/R:5<,DB$.K//bSHfZc=]88K$"c-4]<5U)P
2XdSXH]aY$HeQ:_'-,AGYABY7['9%F$LKP8B&/"KSQU.CP:R+[=WPc_FYBL*H>B<9]@2Af7'Q$-!e>B1B.9]H8H.)G3.3#Q,$\D'
7J!9+ILd0?;AeVFA;I83J0^8UQ3\XfbRS.\bC_'b+c3X#^I='IL585F[MeQ.@&%J'XEe>5W<.^"R/;@!"bZ4L8:XWD3K5R$Tc<a;
F.@R%W#R\d;8bUB:f3HM@=CW5/9`+(S4/Rd7K`V(#0.bRQK7;@B`];,b`'"8QN<&;++XI7KO%bC@HIQE%2>SeCSfKK'^Ra$,DISU
AV#3@BG`$],O],*J!Q(Se]NP0c3c`DG`L_HXY&$;CU-$#aBb9e.Pd_UFXd!R..e]Q<2KM9a(QE3EC8&I>-SZWX0!YG;5UVLdOaU_
VQ\VIP_SIf@3!"$;c\"&W(@X(c)UODJ6UIb45!W-9]ZAI2%P_;DANb9@P?[[:\N&^P+1?@PL11>_cN.[J-2EKB>RV<0B`b^\9N#,
VLN2A**%@HL2I92>7e776PRcCd*HWeD`!O+3&.<)CZUP<bJ!0"dOML7-(BF4.La8)_W\_QN#M86^)#)d.Sf3\(B0WA7DEFF&8\]&
7fV5dW.8@-69^LJSLdI54>`<D$JRWZ[f(GE?*X8*H[-LTD0FT5H0_)_>9RG-FbZ>I0667CEIU1%F]4!:\#e2_(\4A,?14HX,1"E!
,![a7ab]!!,.<d0^XVW<@36$(VEG?19%LBEcAZ`76BYN/@)FA8=[e327%$Lb=9^?H,;3.fM^BeQ<33e,)bT9XcSXJ?)N/L9[bC&?
YNPJ%>O9cI7"0;]L]FWR?#[#G`"+f>2O2$BQ+WLA?'6*%XGF;,TA#I`^5[f#.(:I@:WS]$-P9'[Ac=@)6=)aU3&S50(Eda+;161[
#"3?0WNdZ5]J)7Za-W7=1*,D]WZ*YeF(MY`7B/UXcT]2UZ*Pc5!/#3#_3AL.FJ_TG8$>;+6ABA8B@Sb&3.,)JG@@WS/)N)J*e=d$
1Yc+9ELQR9SH$Kf,deK,6`6bL#R(J=eGQ'2,c;=M`J(:W>ZTW342LN<B-K8^8&b/_CF9"0;Y.Y/OEJWc.eP)TM5dU1Q_dO[5?5&5
&QJc%B<A/aYb'>b0U>.@,KD:2$]aC0O%2#CUWGd<Xf$*PfMYBX:HX-YHZJLD_G#GP?C4N+3APd5K=)IE*b<5\=1;U1J1FO?V_.e6
.%_?-?<1c+]@#)NTD^T:'89JUH4`=#:0dSS:D'bFEAeV<3O$8Bb/8cT8?7ZcXYR13aEU"PC-/:7[O/X6F1%-U\Ef6[-_fW8#Y$4Y
+R@-DaW/%[:Q]cGUI!<=3d;2IB9S:QfSaOXQ48TFU5J^ZRBYWUF_481O+3$-d"bD.I$L(cAT/D6D0@Sd]B">f3EeDKC_>@<2])6=
-/4C_-I&$>J)`R4HP1aX_OEe?B#L)C7d?TVS#H]<fJKX@BO<^S+B[63[(fY2HM:"6S.'J8*)<MaRS9YGE/)H=72%-<T2DT$1E<'F
2Mef=%WZ_QYG+!W&XCdX-3MPCa6+.!9'93PO%a?WP:a<#Wa&2\e=*E=LcK82X^H7.2:"BV26_XfH\d)Ja3@?D^UR1']A0A[KAbBP
O(.4Y(dYUVQ@H&F+aAbSX)$%H"?$`A,<<5*Y$I2["G]@0GOV(Ke7"SA#dYMWB,HJZ>L=OH8b(#a)%*WI3IO(:5J`H/37/eP(E8'X
!]cMSQX)!a6D9P#C#M0c858)Z\bK1C].=;_O`YZa=d.8RB=+Ab$J8T,/ZM8>Y"I)a0aS:'$6Za*($ENX7N4(;!LIQE)!81/%6C8Q
$0Mc^aB*P?`@6M#8:]S@MV#+BPW_>CRH3$P:^84fI+,9*U8$S7_<U0(<S.NZPML";*3MR*JGA]P7MaQbBX81c=VDL)faF-cZ;%<;
F<O'/JU<A%$D$"4R5*.-Z]-Q@)-ce_E]"#4FK9G#aB>fH%Kbf%+-IY+=]C7Q.0HG'_\deG]L8KR!*K`QRV6Q>05:FLDa6ZWP\94#
FE95G5:3>AJ+<e3F.#F7#\IWe/:Sd_;_./J*L*VE-*/`;#IQ$SNF^XP+a>-\$'O[UZD><*OM,a9KQ%`XJGY5?#GNbJ6"3J-!J\(<
_N_G=CUc"1(H>(^2GQ2=3W'IW?G/c'`7#&OF9.,OOA@aL[Z".R'f!EA[(_[b*JMb<<.Q\"];3cH:[&"6':MC>P2KLc_/`GZ9>NH1
&9c@2FV?UeLa.,:L`B=3>\;])E_3^D!)U2>(.7AJ-STL8J?FCUaZa5/-aL[d-^\?A@><6eR'@N-Y7=f_@,Y/0;6!>/N,G$#IJI=^
!eH\D::6.0_5+!:J[HWG%B[OJ-XXWRGTdbZZ;dIEeO)U5'_V+L*6,_>SZ-1[H+F(].28"*'[C%Z@>f&[!;L2++X9MWc?CQ)"X2\B
=I!W9K-BA4fEXD)2ecV6>[$ZabZ13-Ce0E[C:O\f.b?Z1;,R&>::(dI!^5;(<e)(ea)IZQG$JA[AI)Q;VF%P>,_F@fBOQ28>_);/
P2W.d15da/O'b/7+.e424PUZ/9\Va@:[L<&3<QO6>DU5S/@#86,("Zf`-=(VW]9fUL\DKNQ1I0<bRH`S,)1eER:SR?C^`8DQ/%3-
OV!K2?;D,dK$FeMV:J.Q'Q[M&!O1XNOa<\V1Rad_;=ZUC`I:O12JL^9-*P?HT=O8>R9T:dHHeK#:!Vd!Z/%<b?2"JE$c)Z7%>BJ*
K=G:JW(;JC?a,M`F[Gac<"&R%U+/%e(4SS\;C$M:EV.Ca#R)2LPJQfD$+6:86(V(8TO/`M0%:#+NJ!'<<bcZ)\,3+aN>II4-[_2G
A^N.C]DAf4;+5^KX$f4`':`GH0[5bEN@ZE2<<L":aXSLP]S$Nf:R'A#$`>1?0B^0<-cHABSWRZ:7"I/EZAX0>D\NP_GZH*aTAAE/
PNOF<d<KGYP@TDN*-BN,5f3:4".2C&bf!'=+V.5/L-@Kc1f2e6GIJ%$fEEW',87GE4GPNKM]Y58Fa(-?MJ>d9QA\7:*MH\d#!_K"
9^efW:f3!@E'McI+F*OObY^VL(>_.3EAQ$(!@R$S>DDQ'!BA.EM3B3Ca%D,\CZ+?Y!74%YF7PcW<";(d]2N$3B#f18L"Y2cUN,Vc
@Z*#NN02]>.F-\8dA*D4&A;e+0]+?(!*-a;O-T?"*YZKeBc?;VC^&\`Vf._]YA'Q&PSE2;*0LU)`2\3J'44X//#27<P?KB)GQD3:
DY`c-5LN@*0:,d!^-E]QP[<]*X;cC?+W_@8AIC.';b'WAT9d01XY[YeE+=Y/`V[]P7fX_,86d\"UJe"I.IZY5YFATf*8C!/\WDTV
6[6PKQ5TUIOK&\\#44fDHJ3^U!<R.SFVdVf!MZ"?ZaSe'`4_:'>^c@&5_'e`V*?4&?UP'C^2@*d&F<V^ZA4PWd1)-Y80B)7DA7R"
.99Z7K+dV:+FFY9"Q)VA:.L;9ZQRK$YJeK*CdD*X>\Q#6bPYOQbYd4C'_abY^3cGN"[T^&b-&T-"`+A4<[QPP8<[F*I@MW%)/1&2
;e[5G`HI\#DYY[7DH)f4'(XJ&AJ*G=@eHNKaA]`'R293^V=7($X@A-0DCeK7W3X>N#6Wb;+%X\(F:AP)E,F&_ZPP!0ZaAG.D"eCJ
MOK,eY;\SJR6Kb((SG3cO90*YbG]7b/)f[cU;93?QT[E0?b:DbOTZfX!!'/[]YU,-1cTN(8R&\J71b[#X_`O#^f*TMe\c0>%Y(O:
Z7W+E+CfA8C<73c.G6E6($6_TW2?Q"#ec`X+9(d9aCUQHcPA$"W)87,V13-/T`d[605].eF..:E%35d3LI"3ERX`Q!$*2-\Y5,9>
ODH1I$FJ`eB>X::<7aSFJ$KZccb1(b9_!"%5G3b6SUd]T6a)ITUbPC+.WNLQc9.SN<L1N'f0*P;_]#J:VCCS2DMG\*I8I7>OK)L"
I[@-e/^*NaA@U2^e$51"1_#+LEXFLK_Q^5#JS4(6T[[VW#_/^["P.F^'")[?<HFG+9LS?2'B$H<:<EW'$':RR"_bU2<R$a*(.dX;
J7]11X:=X4US)N>%H443"E=^\cM'Z4O%JTdA^KJ:L3'(`XX!CW^.-#\SR8L60PPHEQ7_A*#IBS7D6^NBfT54&68@`I9'1Q=`DL>5
dFK*H85HDa=^VaN[S$e&O."U196R/\G93K+3*R!BOKB+79&6/-MU^4:H0\cK:-#BE>'XO\8M=2EWG,NJ6:2]X?F&HTN1GXBLEHSf
!A^b6-<3*7bB.OC-a4GS;WP^_N\3/O='3!Y,_cbTU3.!YbAfA!,JD#(D,@fA)SU-PD3*:N)>L;T-bC.^6!`T78.X%[AUe=M8`+^/
5T=A-$_G?7NA(S:'VT5[/+CRXGL&V`W:[%,7_S:>RIB\!^FWMB@%RW@Y6^@fH1+;96I6dd@JI3"9K%"ZP.&L/Z:J:4H^7Y4%Oa[A
E:.7Q:"c,>2bQFO]5H9b[W[/R]2#E'(2,:."\MSMI*<[MRKVN:dT6/BZ)$3B_Mbd$eUU/.MWC:P$@4Y++&&4814d+O'B+#/*7W!a
a=K9F@bYS".)ZFdC].T/7U$a%JE?[Q8d'FC3G]_M<f3T:?T%=^8J"EUJ?<&c*`+VM8-T2/+?4.+Y>/RRH06U"H0>#;XaaU^b:Q;0
[.H27BHF699)>O&2<TQ5"Td$!S?>+;`&'KS.Q/5-f[>415(:3>`"3142-D/:H;-_*.:RCdX#R7OIJ(M;;aC+;G[R,YcE"_YF50UK
J/%%M,_:Qd^%&D-J45V3H:;>=:d(1>!F$U]T9!]Y^`fdMEL2[&4[99P92ZH0"FFE5+9>;!F!\HL)RH.4]R;C8Ga^5KMJbP%/CcP^
*;HbGWP@6bI%W>:B1>QLZ,LE_UMO,S7>5Mf!HbYHK%G8e(+'!A68F:d2<]+&=#U34\?753M9d$$.H+#!NZ;:U-'/ae<dW,?.X#(`
JTJ&;b11%W($7HdJ6:OT(I8UHUTB?a"$b#`8)`GK"?F5[J%OUPH@7.KVQ&$?D8RPb_5*>2bYSB6E(=8+$Da4IL++^8`0;A"4`ea?
)P9]T2('aRSFYKcU+dU<$&a<ZP04"6=`bMA\2(C!=`1b'a&<O2ORZ[DC.\!'_^Q5(-T%"J]FOU'?eXXC_R3Z8":3;U;0F;HSR]4]
(@$I%586dQ`<-VQ6"a**K>G\CA6=:&D&715Z3OHA7"^KbfG+*'b$:92T260&$:eC$=;V:b'Nd[CO(-T;]JG%U!$TBdW<F(Bc0fYJ
@;QC\V_RJ54K\L/!QW$4F]ZXKDVTC.E@!]H%1f_0YDK!CLdB8%KR.*,GN$BK;KB'->=MfNbJT7)H5P7IDU?@@5,AYDN5?!,I\1&#
I1BWJ%;1`1K:.aD29;))fW"&B4%e:]]FV4Sf((1[Ea4S&E_@K'Y:26#*L+H?8:0Z?>'Bf,=&XVfVf>5&A1#<";<Mf21YQM7dX_1:
H4PUM\FC55#^d#*TN+A;>b)SH%Nc)81'R]*(I.LS7+7'7>YOI#V)?DHRJeI2G6QF.NAL?XfR/#K.VY#NQQ>(]-5;[6VQKZJT]G27
D`'(`R87T66+*/Ze-4.L<#8_]-/(E<4P7+4V@1-#B9[]d3R`N^0,\>If/N0Ub6&D5U?b,(?_/Z(#[.<A>b%,O5"N"b^LND33=/[.
:@QJBP/(CM31"$8?e12."%HRK?+/>KE'K;K-`WSG%-A<C_(Kb!%%'&N_(5T[3WbfN>F!a<[aJ>P-^UdUf"NZILK/?`D&J'2^K$7.
<)TL_T"&'F*+J_ZD0IGF5:.f&\'+=3NR3"676I1e)?97FW\F?TL$EQL3C;^bRE*UXFWFUX+ZCIR2YJeSQd*QUKc9Oe,fLd^'@6I#
-)[4dFM")[5;QZRfFKf88-S2bY^NBYBT8JQ4GEN>IU)UULHZ'M2V=7!YJK/N\WTV5*a->LS[[0M&4&&#U>)$A*J!;,UI>]E`ORTY
4;PUeJ9f#QL/^/f8E&U7)J,YM(IDC5bO,BcE=CCGN6aFVA?9:J'Y!)\S*,Y%AOPP!G8*7$K:,U>.<;f.1F<_CW.NRD*]_]L]fG6e
VA*eLEK`VM,]<`7+/LXX4Ic-F$>?!6"f\8RNcebW;Ze>C-;84O7%bBB=-Z-7^5RM_E*aVQVdS?`?+1T+C%)IHQ\_MO7EM>B^d+C@
("&;c>_*=bAQP1/::VFDdOBM7',^\%N`0*AQ@J5L=$33QYf]00/V.<M2#fH6CDK?<7LMRfLb$D!WK@C85!TYeQPB?)#aI_G.:9Z]
W678,1Y6:FI97TXd\F6L)c)PB/I\P.1fbMb7@IDI\f#Pe6fe<1'^aP:b?V5eCY<QI54.SN#>D+9Ic?"`#Oa=#VYX,fe`GX,C[6I^
M\.?e*^2[#D@f+.@6"U3?f2e)B=I/''f"?B72I.X:01L.R79V&E:^FE/8/U\c^b^_%Z4(`2HD$3TT][0S]GUY10YT[Y/OBO("aZA
'+6?[OZ#;DX:@8;MD/5cPH$HZf1/,,4WH4c=`]2>L4HAcB0QZ=QD!DN,KQ\@/FGRE8;S1@:>N9TEZH;+VORW/6?0LZ"db$4(N56>
cE<M1\Y41c)F?(V_*b$O^^M%"8V!I)ff+3#YCf&dNY))$Y3.QJ^>U]1aHQO&DT[*e8'f-;bEZQ+8XW?b=P>XJ9V!/"I6BB'>$F^;
^R'Y+fLPG`N,IYNf4B!LT39=NR9]A$![7eEI#K]T]H!3FGOIEdMHb187")TNLG5.P4Gd^+%VR(GXHA>e>@Mae1SC1BG)ND56PZYY
/A(&&H2%f[)]UK5K+A69FVI@U=DC$0@8_D<$+KT!5[[GWFQN!2IKJ!])I,X!L<&Yf=@Q\CZ]E@9dNfa$.DV(;O%I*D&(`M\c,7JQ
45$%6&$>H6'QM:edU9BZUV3VL*XY,+>3'.'Q<RCT6UD_"58UeD4MJdR`UGQcV3(TV@Y#H?A;>[5"<b\LbOO%L0U.%LLV+D"O08FG
$S8]1R(;-)<$&a*=D.(_K?I^<cbS:a5?2dH5$K*OR-%$PdXJZOLeM72_f(DFTdb5]MW=fBG+H$_U4OX8G&56VPR^d6XdQ4c,31,P
BQ]c=;UR\<ffH^^5VI@D.WTB10U7+`-%!^8-X-(-Fa@_/W)=58[_4P^HbD0]7U\T47D\RDM+D%96Qb<5:,:8f=e`f;X846>8*#'8
L]J,EY2CDJ`H0;V.5:#%UI]0.6dN`($HXH&;A@(,$NX?eBB1(S)_XLJ%0!"ZJBULBR^M;,[5,?GX/SRS71'1>=R3a_e6:@P6;\)'
D'KBQ4.A;U9L[2>V;4$@e$B,GP%GM/I]8S_&"K,B8\E.M`?4?1+B*Z_+WK\Wb(+M"=GG6&2D`KOLA3(JP7fE=AP;O&SGT2AaB0?I
=-U+N"W6d,'\D"IdA!0IFe=)8@RPeCONQ^8!2[f1a*Tf6-W637G:N\V>8=4J=]>$TB%2QUZK<8=f`L*A25(W!=*H"#VHPf4T*;W7
Y^X'S2PAaMSa3H7JM3F`<FH1E?W&"LEaV1HHcS3T7PaT^F.+`K4DOYQF?_!f"1\W0<6d,Nc/U4GF=cCd!?@5E/M_e4K3AaB1#"-#
P29X#D-'[@bd$Ed0'dKdWL)'UA:-NMI%%=Da;%b%BN(:A%Q<#*@>K;_^K?)aYdG^HT.JGa>[\Jd015C7,2)6ZfXH)+S36fUfZ))/
.df>6O&,QGAF0KIM1HdV@b'"9`K)W4!BOK@:*:[J\AHa<[XHBY4.fNcZE)]faC*FP7FM2RQ*(`Kbf6@S^,\`I.`ACV'N5F%Of20^
W?A4V4`ZZ1LW$_<QC6((PPQWe!U&T/**('OUL8GOaRW9/O34VZD@J5@,W]YXU4Q,C!0GDPO^]Cfd-RX.>/Y_?E:-OIT)`<dD/Y9Y
D%>2&bU6C=:;?ESa769D!0!S(bNO2;?XP=>ObUe6FTEY1Pb+XZKF#\_4`KW$#N?ecd^+9XX;DLCJ&"=UQ@8K-Kb$"9^-O`^"Mf"^
AFfcOTU*eaY:M40T3XIEXK3YdFRRUa56%XYf'D`-b0Wf.I"O$$W(JH.eW-)`>4B-bUB3S/&@dWK]aB<``@`>_UU634bQK@T+)$Oe
Z;Od]KK`&P>&+(X=/1*<[M=P?2^;\*!V57PG%N(*6-N@,),5,"3I%7BMJ4eN?K8EEObbV62*8"3=H?L5OSP;\`f6LT^'BNML:((;
JUIVGAVD.!,B`O/TT64L-N<ZKK'&'P*T+YV7PA$9VCOV&HWD6"586"`Q!RI1Q&8O.MF/J^B[$0aSGXS,.eD-JfL;AU?D,#)_9$Sb
Q;DOD`VZa6T)-53#@24"b^c>C9YHbL2PBL9HbdNF7-3fKCfHc5&f!I8!dfA''!$C,b<,..7@f[.8L44RJF.1RU]\MWL^!ca-`>b:
-*)K8$&0X7H&`5]"BH0F#(e_7%DO8=LKZ]&KHBBZKE;*d+&L<ZULJB&.:JX"K666#I&:_Y:%.\=R>K386$`)@*A3%1c#.S*c]$:K
`/+Ud.`Yb8a[S]V3Ec:P,2D3A9D&T6DGb86KH/9<1Sb4B-L@#W%M,fX=2F^$F+4(.B*7?OP`E-Uc!RY^0\:,6`K!c9eb4NAWQ.WO
KG`E@_%W?a5IG=5&eS2bC$Q2QC<bG>(RW/?bNJ3LefE%Y'EH]0@=9XG:9d_Ka4=8W:>f7(Y%dD3#>VK6?IMb:T'Q%@F:$9")"$LK
1VH2^O_[>&>`JKN29a;`E+`C2V4"GCO)`%JPf071K_-<\7511S:E+I?RR\`"-/LdY41$AAO_?>V46Y94-7`e:5UD,0DHbV$-%#ME
7O-067L[f@dSd.:YU#$O4AQ&ePU6K]6=_;8(HT,eN3@eX3J3cM"_!`"A/Vb5,fT*-\TT&JC(*Q#IWVB8FB[!&/,1(Z8`:0Z?=0]f
&[_TQa\QS4$:^%G7"_!%[Y3fT6Q4]YLBF)%beFeZVN0a[N^YS]:1Q$3KBf)&(BBMYT9F):cQM;&F?cb?#.*fPW=(+R"Fad"];d50
;!'J)JUG<J%#[I;<SWfY1Lc>3.e2'"K2Z0S2*B<L%!B&7P<U1)b2FI;dH!M#7P!abS,!&,@e-b]%Y#I@HC&4#!H2GG8Y=K`Z?*KC
&+(I`@>>&]I4%"\Va'>4U(NeJT^b=4*:AUP052QBR;NQ&\1]bB52c[%NZ+*2eG$MHO=4H=8B2-6.!=,&02>4[)B\2>ZTR1!2We%T
+W[E=P_NK!b-Q'aNPB!%BMDLSCcEedK;G+/IZUH!"QS=@<14ON<fdZ6E^B].\^"=!3aNJSR:<=,ST3A60J\=,4%V3#%c9PCN?&F#
e9E]'-00/fAK<S[@G;,OXL9"GZf#[.[`6W2DZe2<3e(7>*0c(B?5fTe[=DY5WH%_EPIdA*7,NZEV.)0@:QN\fP=)\f,Ja1S,EYC#
#R.3(4^?BW0-AK<_"ANHW-&HWS,5<U`QGEQI\Y9%Z9TM;O-Ba^(?H_`.RRW'J",O7,J#_,5:Qb>bCZa."-:_6^]1KND1N4@BK8/Q
A.^H';(a.:@M\?bX77RHM-/EU<!!8a4c)#Ta^$C/I3@QOG-P(XaW7MaTd&=G+[201(C"eUb'H_:9D`c8LSMPA:T?#FY`5I97e?XN
S8e1=\2HD*0d4DV77-7U/;!X!d2I;Bb`JJM*L3&BSW0-WC/\Jc]]?J83Q/IY%eXKUaa*."RO!7VV[<7H[K'$I+LL%a19(12>";68
+E!88-1I$KVF^-WUK'C&M7,4ASJTN7Q._F55D56_F`/*;[c_).,#WJA0ZTX59fSWLVU7CD0ZVERB'![MK13RNUUA?Xd[M;'M@#+[
]%%b2V2,U/)cF?PJ!X.U5?<WN^(+[QB\Ob6>=c*Q7a(d0!I+>8dM2V.=32F>WH%N`/];d>+1;I=?U=[*2R-^8GYcH%S=9:`+B&*H
E^QQ8aA-,7H\9#_$!b$$*Be3S'7^AbNCM;Y>LdQJ.0B[AKU.6MR/M53NIN9\KEOWD'6!.2([f:WHL8C2Q\1>b*75S-?C=S<_7TRR
W3D&JDF!_KIfU05>:d@\+:D/GX%)Q=a[887Q*5cIS@>+3<d,XIV0/JJ*UL?I"6[#:a]TIO?M=S`^NFK80ETW`HI=c;U\(eYJ4_&2
VW$-!YS49*-]NGMW<^GO`Td*8a]_@8=O)J#.R#1\4<>8=)\`]%&QDQ*X;8E`.WN>U'd149]EE&),O)*ZB[<`>-'b$#;a(G!3A5!O
)0H4@%CB)&[XFRePf%Fa53U;a9I?\_M5@6>Y#Y=:>>Bd`/_>G`W$O^8.aE7f_Z.=)_#c$#6AYVO]5R1^aQ*8&5KaHYLR?f,F[C8N
c()(L9ff_FHE'%*]\84]ZcZU^GdLD].KOXM]P"N6DC9d?1Ge>.)Iba[`X[E=.!`CIE_JU]_H.Q/I009J4,<dF0-c^7:OQ7++/NH!
EGJ;,_$EH;I2\(],[Nb0&U%$^\.fUC8UBSGbZ'1]*,1MER4VE*7P]`K-`%8-9:Y+^DFFSBb#X58@0:+*07(9/@a7R%[JEdK7FA4-
EeGL_7HNO/@.T.b`E=J-Fa6M'd3B<cAf1+!L%#%H@X*-D.C4LSUc^C$6e8*,'f%J@DH1IB'^)ZCb;TNT.Y-f"eb;f&XFH4NcW+@U
,N1%<8<a\cd7-HW*UH#B24L&N\3UAH^dGG1S4\Qe]`8K3G<"Q*d>(%=-=7-JKFG[^/aL+AOE:SGU&=R=2,>X-%(@<,NCY\CX6GOA
*W*_@FYVTOC&>Q>ZU:R6!:5/e"(.XT+!W\=6T9\(`"3_S67+83&K^_9H#NJ]5-4C27YI:TV9Q5:c]QbZD-^%,(?Z>2;bU@><9cL]
L2O!?AH&#&C;'823[\cIU0YO5c4M0X5J![N:bO\1*K,]Xc,_f[)K%\,BTM)-6]1M*`Q^SL0-XB@4;#HW)SAN'F&IV0V5L05Nc,8-
K6+LGU*8NC?[*@L.C,;?-ZV<PCSAQO]$YK)J&^;SI*?H/#I.&O^AWBMXS*:76O7&^+P79S]&4R.Y6Te<X-DL?POE>[QNcCI?e%=)
YF'4,;ON2H@R[3+>@L'MS`@b@:OSW=R3.d?.#',"H-%$'?f!S`'XJ`)2$eIc&\V#C9b-JN9F3d+KL2DI4b5!4_6"F\bP02[+U?;:
P22-?/a]IaZO?J!OA<Z/.49M):%OY*)*C546H$*>,#[Le0EeW'X`_*0'Z[*KH1%]&B2L(#9<G@=M@K];2\R&L^.9ZJ0!KA3,XX>[
OeI3#NCHD)LON82I'!O47@@SWQ:.MN@U\O3faeDY"C`O)!"\]4$WSKX/@T\=(PG"13DQ',*]BBS5>79T#ZB:d6#&+Q,Y2Qb8'?1>
NQQ>G0C:b*_^J-R[KLc>MH?#X\J\Nb@.>[_*Hc9,>NR1<dU8_R="P7*APM>`GQ7<DU:NE3\>U^.f+W.B&7-6Q"-[)A3;&?NZ5ULB
Gb!c>f6GPa1IP:CA@5DNF9,-GH00,#]ac05UV/4fN7SMf\ZEff!(&_I.#8VS#J;]P//>3AX9A.cD]/P(T1[M1#8e&F6:UbYQVI$-
2!\[`M>&CY4!;P[fOd56QcRQ"ZcK,&fWRYX23/K7/eP2H@'!M<d"7_=?S*Ue;9`B#521!$B8b_E_M=3Y/)eWcLSQ'ac8a$]O7D!?
BQJHQ\^9Ta(6LYf4\V`ddP-bL$=9d#GU'_3#.)*!3S/;E./SK^SRDd:[71A_F=?^)SY7eCP=S[$!>I2'OEEJ^(<ORJFKKBe-+eM@
.A6!)L<I1IOFYAZ>*2)aZW6%9/N)AMQ3B#9'a7KX42+@Ec['7Fa>;Nf]`I>&c%"9eeD[)E0].G[dY($b:a.,"*P3\L;FG>\e6G(D
(`O.KR-$3cE7=2.Ke8dKAZ8!c*`,aTIXTMa<fT]c"0L;K)840(eb2?E5GL=Y`"?:*CN@4cE+"E;6C2\a)\`M^:[C'1\VZQM*#.`e
?>D:,NLI5%-R\(6VJ1FLN,'P0fT,>6S=S,.EW;SD1/II@ZC1+811RF$S8*K#T+)+X#0:8,]3+IXb;>b=AUY%0LG`=[e>`8)+H1"(
<G0427SM*N?UF[993B54feZW6a$0e5L:9^f^H_%^<`M<Z4]!7'+@E:7[JFHKBff(J_J]`9:'EI7e9;UbFb";cWI2&R`,[)92R=!O
..&G.:=D*-Rb.AR0-((A'A<+d97VB#==`5L_9;W@-U3P-?WE'-SW7TNaZE4GD2-UR5L'TXB_(]<IJ9^^QJ8`%,JZ38aL.Sb]=bCJ
X?KM__Z-/I/U=Q\;Kc6^>$\>V1&"P];ef;DTd(a:W8YQ_QGDC.Q>cY"I"F;[Qe1*QKEaK_9<B>0S]Ff2FP/]L%Y>KUZbcD4OGIVL
^`=5;-X];a/b>N\[!]?Z!:EOJ;II/^C!I`9%H(TY68@f&(KLO10+AH>W,!T&#YE/T3Zd<KJ?V8=F>e/c'4ZQBO&0+&OCaS>4^f?/
'NPJ]/7-4,>S<SD4M0bHV>!C_:32V?c8*%48>CK2XV]VF/[Hdd0?&.H[:DE,U"E187X))K5[Qd!A0O6EW,#:)]*>;.%:3(P'N!Ud
-FW7]KI;BH7IS7ZLISHUT0%":VNXK(/K6Z#'P-#4K/VV;"C/1EaPY+!*=5J9="\>N].#@F]W-XM8'[/14"FKY^,<_6_;XVU4=S-D
2#!2MfX!<.dQ<E$<Mb>0QY<W7U>!b#&O!+:O:f8EU,V=E<"I%O+:L1(3\DK?JR3"#eEdfC?eWN1Q<:#7R@f/[::/>a-Q8<PKKY@H
NU)"U'.(Z1S4W,aDT?B$P^R.-D&@FN1D548*9EDD7#1I;EO3WKX6&S-Z,TX3!(08Sa\XP)C7FadJ])U8JJ[O]U=K$5=J<[b%@9X#
<e7T#50<EeM9Q`H05Q(NLD@+U:=%[TW)cBYS-ed:*G:dD!KR)=5<d%8N`\`];^8<QePc@BbOfYKMU[FaQ!XW]V))MNW$G3G;TPdB
@1:^8N4aCeR3(>'fQ?3`b[=&:J](,8D!]Z9'VB!B">M,0XZOfGdBN='#J-d)[Z=AG&R)C^`/.7ABU)"J=X3aT"dU,?EQ>U1[3D*G
Wb^'14RL6%U]"?[A-6YR#!<R/_4b/Y?:TBYD6TG?T2J&!GV/Bd*/?SONZR3GWX("+A#W0U"c*X\b=*&e5&U[=@=)/M^("EG>%"2b
=[L482&A2DO,%^S1dEN_]F2<RS'`_^.f9Qb++<K<J+!<P())1[(&SFD#&LET(V4]J0bb+a($)@^2,J.XX*-CC68!FSN&@M:>LZN@
Y*44"OfAX\V#&*J^c91=!d5JP'1.`QL<`TU^?"JM:B2WUf@!24VI$YO<+^bU259OF60-H4A7;J[.10RCK&%[]3V$NI9@GP:RfcZd
c"d>.I6Sc<P,U>ZLY$f\8D95M>@.8PS$*-$4(/D;7^8[$?,EH1b1F,%f9V86EA?4\!.)LV@`Xe?2%dR_TBW@5MR(7_R&+E&D=?A7
ZBYJFFVS?F.\6N@%1)/b3+d\@Ib3.Rc.&.QOJO;e5$#)QW6..!Y')WK'>K"38/IWfT!TTR1+$(bYaWY0(,X8,[!FP8H.E$7TT4CG
10H3X3$I5,0,GH\GG-\A[<P\30EbYQ"*QSeT6[d*KFV=7#^?YE\&Y1cC+K/+'UdfX0JY.Re4M$?O#.E&]I7):SebcU]N9Z!B*J[<
PHQ>WHA(Y&W_2ZEBA"[S_OQF&,,2fe.J=`1G[B++dA7-W6W/6V<8B15T6*7#.2MI/a"UV^Xb,6P3M0>9UXF"f4#^028*6&2'BZX5
^;WZ6/7$JTQITb:9D7I<'^6b2J8]VV.?)Df!:)f1.b_'`?HR)-:0DIJ"OT^@N4U"[]Y[=&TWJV?F)#V6NN#NMU>&a:%BOe1K)?UK
;QU$O+W_KH+H;]%SK0G&)]MK;.%5BEQ^F\+a>84\H$Y!5]X)ZV7,QaWG1N+H7@2"1@(*=Y7HN.G=]C_#K:%IOUVDJbf\X3D&HJ!&
QPW+C15VMON,(c<5DCB\a(B'a`-D2a@9e#We6X4UT%R(JH9#fc#[-U*EfNE60%0FJ1@RK(fB%LJYM,1CLGNb`.%Y\MJ-dHM&2Y<L
]TRC!3KT*0CC`U4e^8N/]d`$#aX41&=VM@O"1%8S'X!bR`Z)VV=\>8'd3=:/d?M[\-J.1)!73';dZKIMO+F:@N*,5&U-]H$2*"(/
Z]U<!7^PMG:5^MW6(Tbb&a7KW<M+K_,2UU=VeFF2J%G7?BBQ2/^^&B6SIRLNLZOHGT[2IP09+Kd6'&-XY&&<aL5NYZ.68?Mb$!/;
BB"(P]=Wc2SZ*>4=C]!QVF[I5C/YFWF?a]36C^A20d4W!aN>@T$+4--ML.GQBM_-#)@%49":[&7[C?:'ZQMcC,(^FU.-C'7F9E=8
]X`.!;EBX."\TcP_#99$QW2\C)Mb8e5C8,.11`?XB8;BML?"UC^0M&,M>S5dLE+"+,VCO@$*N1[c@1;K+!.]N=$M4JBL6U5EL:b?
IW82FB,eX2\a>^L*#4-)eb^PZLH,R*a!%MTR%DT6\JMR4:?KF[\KHT@2Z(bcM;9aZU;CZ9R;YL7R*a+H<+/`6UYWJ!IA(!N>L%>b
CSSVP&_^%P+02.E-D(DYYOD:B>$[+?=7!7U2aN6,(Z-M@U<M;PaW`7OE"f*FD\?O\2B6;ENf+Oe+L5f.Zf>c#J+*'16PW@YJ&=W0
P2'IRBIC(TP&=5$J!X)((/%MKQXNM%,MJ1CQ')MYT-c4A>=@0G]$LD[.d#e>)&d!ZPf2ZL^1MY41[8$56=;_TeO(QKERfc.N'8aI
5e4`OK4d_PEU3L20:]:@JP+=fAe`F'5[?fX+XI">01R<VSJaO0>LK#M?$+Q,L_X%HH<:WIT^E+Z:-$*BV4&:E3a]#&d&PH9ZKT9?
HP^bP4e=L3MMb8737CU]eW[f:/*CTSVP!LJXPY1X8&8BU]Q>Xd8W$:;FLTUa0e@06@$$!/`M`NN1?I&RH.6<.J5d%6f<f[6>:@Y6
c5f6_&WT7?&3f.[L9NBNJK7[+d&b`3TR7GSDF,*_%J!]=/F@@`&cER;dUMS\HLf:YE2cbd7&'?aGc]\78Z4AYLN#P0JX]K%%@L4B
=C0\W]C.RC[0U:'@J+>]E(`]5TNXE@d^:^[8V>RSA<?FF<KON"1,]@EOa<&C9L-WL5$Z]eW0"CZW"H9H,`;8U80R[.Q/?4$A)QPY
>!Q.=;"ZI^[+Cb)T*_Y$I*A(1ET]D?+I`_Y'KeJ#5\"4XH>!)MT-%C>9JP<C1cLTa_C.-,bJ;dD;eQ*^7%@O;"bSBbf<".^HI2aA
2A[]W5JO1K$+EY5]';9!QHLK&/cO29?D\3Y-)8$;][?L`;Td)9Vc6X54fB(FFJ`X11R&AS(NHKU=-T3d2"F'W:D^,aaLO5:W:$cV
1DAYc#KJa$3e&M:\a:&'XSc;B0A-ALJ3]A8(XcTZMVMG?aVQ7&:69;Q%>B/MDPPRMd0FB0be-97?eZ%`V"6-bQKb.^&\/Y(3J5@>
AE/7UA*%"3VM>6=^a"Z=3e11dbH/H^)\d8AE_aE%\C<(a-43A"1NV>TE:F!#*J,4@7SPX#;b'EA]/]4-L'W-L.*U%/RB%,d1(A1Z
0$I[7TZH?a(_CE%5e7`/&!U`dfJ"M*.D+BE1C*Y2N(M\a@`>%AX:dC7+bKS1:G%._cDW5#.+*Dc^I?;(LN;050VLF6U7cT1?O\E*
@K7c+QM[dP)3_L&bQX"/WI7SRR<9d\1SZ1,_N:BA;Z,!#Pe"Q=O9N\X$4f6V>G+&3$:';Ia/5W4#Ab`#TVN60$.1-J;MHH'3MBC-
_UD(A4EEeGeZHHA/:EN-3fQTbG%5$C#)@bX,Q>;1TFJ=SX>DQK(HZ,AXcR'>6!W<P[HeLJc%e`$RZ>?a!NIP^:[4KLD&f>IW0J/d
A%HV'(();R+L!UX,d^^Q&9U7=;Ub0;WFf)D\K**:4B_],%HEf3%))'DTcTNFeaDW(cHK7)P;'KT<&+2`@81\=V/TO&XW*I_.X3.2
,:'>[R.37<&NM)aa/7,F+S?_?:U:aH@]=?5Za`B$O0%H:"4fc74XaB:9"N1L3\+EdX$U5MEDdL>$,EBPA>CGf5^PWLJ-/;KX=WS&
&)`W]?VO(B1W&Q'dR;3=G])cV&1@<_?8T38R7LSL`H\P.$<9ZF\a$(281I"T4\AP.-5V>"94\(+'_RA:__X6L+B-0JP>_0a>%5\d
-B]_\.U,AE+bOWC?P/^Z3,!\Q*)1X=+.;K-4PSJd6+7[_',&:Af_[W?4f*.,ORM4d=<fXE.fM<?C.&0K05]6CWf)9KB;\]QKC0?^
%D=BA%ZW(R!LGa:\FGd9VG?F-e_'0WW63)6^T%@:TD$N7_,V`P/L@[!BY$!8C,\.UNYYS:RUC816N9f9*U63/PHJ)%\S7)-ONc1R
H':VH]>H3>8>8c1B3^PGL/8)B4X27V>FW$,N%M,3(WZ+$e7W".^M'=+5>G.9IE:0G$9KOc`MIV`PARDEXW4BR>VD)BC,=.:FfFJ$
@Fd<XYCQX+P=H4ILTC[CF$O<I=?^!@@]Z*^0a?49<=PE*;WF:XPS8[.4IG'P6He)_LB(M4]N.0d2Z>-]NIf*62ZQAYN4>MN.0>?0
*[(N8OIGF%c>a##9PU[ZN6(26Ee?[Q_!+PP4N0GIaUSHd@.C0O</,(>7JcH@;J`0b&A21I/QI(,7%2IY2A;bJa;%d%7__P4e3N'2
#+"1d[c.O-$QU:E_7d%$P"Z)]H):^^472<a]P$8c^X1+\U9O<EVH/<>6G?N-"DI!/<#7!,+)E4?L@UdS63:d(">X'R.QINO,/$H-
+"17UD&Z^.'UR/W_@_"><W/&+EVSY7*H/)1"B(6&9MFXBe@_^e2-/S[G'dP]#]$f##[@A2S-/@=;9:F"!TNY<H$7?$G3Y@MU?4L(
'=B6"V%eV+d/BWDXIX!SYeWIFOb/S\3R;(80KVY\P@70JD;*;I/2#J@!><)V*<%F8cC(8cO8.XE#bP(.;HG*UFCJ0Sb1[FAX`D$_
GV^#0-Z4E#/!AS30=UEPE3%"TG+bC^a884L8f@V%:ZT)9D[[\5VaEb_649/b1)FJ?>98T'J9_R#cF70W-G`d:fI\HR:&,14TD+M#
7#)OXK[EG`f:56TE$=!85HJ??^-`'E)BN#-*OLCA.SBW31_25P-D]L08FT&d!6S(c8O(,A,.=7Pe/]0cHS[#65eA(<([1#C1QJQf
?FBbd$&*ZAX-[5_IGITWc8T3ATP&`\>>4eB"K;)_]XEP/9]^82&DZ;N^aM:dB]N)T%\/O@3!SD(%$N+3K/Q=Q/96SY?(O]V:7)D#
,^VPJXFC6@\"8]\M&,E%7)32W>?d9([aeG55c;72MA2E,2F)V!TDb9R-.745cTf+R39C3I/U-7<E*C@30BDB%dDMU#]+0DR&@7eY
/^eR!I/EKOU9'a6Q`RU_1T8#KbfB^H3+/B$&G1f-Ya<IfTHZQ]M1`<RN"7-;BQ#C#dD3/>O@]C"`7(^_&`6PKYd91T[C)c0]'O20
3G43AbTB!_%Z!]:5?RKBG;]B),D$K$)ELPU1J8,S?N@%@L%0OU0VcZLN?]*;@H$Fe`*368<)]P@#UZ4A;K[5f:XdO<f/!bLH>TV*
UR!cePHSOC]*bG?)beFeG+IeKBA7TWX?JO0W65LPYIabY9R"S:Z(`*Qf6)YT39f23N+VR).EKABLE$G"=C`aVLea3de;Pe*R^=;>
QKd'%@d#DFA5V@F6];-_==68D/`,VGTa9:HW5%#DFa&#*>eJa">IS3^]RaNOW.#0K&!S!$I[PKXbIKPXKN.?PM\6c"@)d++-cFd!
7:R>0FNJRc-94#I>,dLF2cRKJKWUH%cMcc/9,8$"[<bdT):bVdTL$ZbU&MINPc$7B8EW:+VcYJOQ%Mf%/KB]M]!AJ![GHDHX,6-T
.#VFL\C!99e.I6`D[$ECK,VZ(%@EISTfJ+6ZbZIab/F[5cS.?65*[/II6OJD1489`W%$,2U:?_:Wa$G)KfMZ8C4+VWI'X[*SP[J\
@*>)MH&38H&6NWR_UD3!A=2M_CZ_b),-L35HA]K+G970N@[R.7EZUa8Z/U3_a$[OXG\'!_,=:EWDa0M*;U5A%/HP&%$'d!Dd!]@S
5P38K_8cf/G1RT5[\Z&2P)\E!W6$G[f)H17a&5T$**f^d%%HOKD34e:_DQ>8XSM4%d!/6%!\/]F8$bdDc</16#B#0$'A=9faO[Ed
#!I<<IB"25_Q&^JZA_-bBQ'?)X]>[LWdQbNb%='H-,58caX7"e`OH+=#dJ\>f.b5W'UAYb3P9Lb;/Rd&^MMKUUKL(H/3A=*N)?U(
.Sd.;Y-e?76@CN^H@bZZ(f=PI`0F9+bYE+YI]`dRA)cT5Q<LIB"W[6HS>F0LD?[aIGOeD14c,.AB@cB0aU&Y$#"[=%DIY4/Q45I;
Xf&-c%cQ?Q%']9.ST(XJ@G`b_ZG`UX)B'[#H2[DPXLO\%Pf;Z9RdDX0CV*E(3Eb.6Uc%eG:(b?f=63GJZ:AaS!b.Da>EUcJ-^:R3
_,I/39W_$7\2D:<$J1%ZW)ZH0ZTAB#HA%4NS<,8+<ZJ69E?\"@cD,OA#!T@IOf8Z7=3V=50"LFWE^E\1)c>][DG^3A^UM*BW,&f]
P%6*XccUB3`d1d!9X.(#O</B0``=]D'2M07$E&\[=(8!`+W@EVJU1Ra]T+^F3C!aZ]c;[BE19%<HWB^cf<QH]\-KK-K>R*WW8[$N
W%DH@L'<B3-**:=f*Gdd>963NCMNHc\R;'W@WP4P:f^!U8QAHc=\52,=Ld_MH1a1WXI@MO=PMWGa"BNL>^-HW$X(_C/4^?]@@P+8
69P8*37204%HaI3E-N.?T](77!A?I]Rd3ETf`HF%7G.Sbb4'^W]39X8FNV"39#a)*:dTQ4=Z-JY>POUeB,McJIBUbMeS0b\7JS<?
S'4Z'$EAR5C"a$N\I5@9ZO)1!D\W=:MK]!_JV)Y=1+_TMb;\FQS)I_/8f<-;8^/WWT#X*SPa2X74!SCa(*+'NDb;FCd!Ib:B3Z&-
LN%,W[IeQ,@W^1X"OXC,`VMU:I!I$S"1)R<D]3OF&PB;a)_*@a0dAZ?/MXJ4Yf_U5P)NA@"XaKRLJC@Aa7UM.=OAHO-dEG+5'KD$
$Db#(E.WVZ<5E1PZ<RJ\V"N5S:V0A01EdW>-;DT'!KD8+DJ?G%9=8B78P?'\6DN*^'SF7d8/];6`E0$`ZFd$577,1Y=+2\2\\/GZ
;]a62aLE9IE0_2F:T1^::0[[5+3R:5V%RJa94#<eKbVVZE)4CA91Q\W0=U,WZI165a"D/LJN#-O81V[7?_'JF/#>7<69P+&D-_5e
2T@(3,D8/<(`)T2'&W<%<b<M81CLK&J#4:R`#f<LN9+!J`OB&FL\e<P2B-!""6!YV?N99.PB2Xa_4\TUf_.]9@+2E#09IVH(F%K7
d9'>5:TR0&*M(9OO_7G2"&?,K>1X_/`%BG'4EdeH1\H4/?Q#WDQ]*VdN/Cf+(d4,,fW$(1/3G%AAM+.^c5<K<1>W.C`Z=ad)PL.Y
*P8G1S<GZY^_"&^27^LR/R:_!I8Qb?]2XSTQfKI7Q8`&3T6N0PO\f"A_,dPH'">T=:WI7AO*&W:aL2O(,45HY$9a:&FAf1JH\78+
([f%MN[%B3V3,[WG'bFWb%^<cGee=c6ZP"SF!K\4P]X'e%;513$V^6:[,@50/^%*`B6(H-XcW3d5#*$(,KM8W2EI)eR0Y8\8NIBc
VT^C?:V_J2??91<*ObGF*@))'&37B.G0aK=ESBUD8`$"K&GQU(FBZ=DOGZG:*Z'[U=T0[f/I^8FR=4`J4#<%bfI-YO+5Ld,Q/T#M
dd9,5<)3+a*D-YB=_ZT?_B\!A'(\5\"8_U)2d#E$`=_GWG^0d#[P8E+2fKO=EY$BVPAK&V2KH?@4NG8c0FJ,5D69V^Kb]+$)C9J"
>[)E*/%8UcQ4@_fD'@,d?Y-%+AFKe(6XSW*>"]`02;/\a1ONOGf:K&Y;[/ZB;^b]4ZITeG*'ZKdZR,SKe9MD]5#G8ZC_W[0G+H7#
#6D''!dD]4)F7^a*+S=QJI\$bc^@aTZ!C)Q9D/9!'IL];]<<=/%8KST';RN!F[#*)0P"*CZ>?(L'\/fY`YU@,0:FQdT'QX3<B%!'
O,)FId7`97\:WbU*cH8d("3R2"#G=a-Xa;MS0>23/R(L)=`Q*U@4Y#]a_!$7a@RG*JCE]NS6B$%*5RW>d6%XN^F8"I:0f]QH'<81
QYd%1^N)M]-2%$b-\MAE3>GY:N(,_/6&=d!eTU^`1&Wd@L#aQ"'-EFY:dM9>aXeE=^\?E5?e!VWaJ;)":2NQ.`M%@b7K'<;51Y/Q
[(!_/bI]X&fQ$F)9JV_XK=NN*I+#D(C"EAUONJ2[.*`/%8M:H$%DQ'RB7ceOD?<;R%AG-`)T;#4X&GI*TA<49-Ed^<?U3N1%1SeW
SF[+@A[<c0%@7cI#J_.,RGME+`FEcOU[.0&f%7>A3_.)=@5"-?@;)7Bb$\AF.!X>_WF%H'fRZX915cS?&)YP?UM@e6]$f*)b3[(Q
[#WK7,EJ65]S0&UH-BG.b-Rb^MB3K$!V3?SO^8!$%]1Z8Kd"\,+$aN5dZP"M*Xe_%/2J:DR`I$K7,F]^?62aZI:LT(c_f3B(KZdN
]URL5:'C8P7;MOFM@_VCa/eN__14C_/ZX)%G5'1709ZDT1&QB.W>L:2Qcd9'HQDc[N<+A0"7M1QL+MQ<2'IH<>\GIP;*^#?&AWPU
P7b[/G,$^CT7C,@*R4-Ub'5Y]1HV@@9I16&^]Ma"aPaAZ#@1;EOVC(@KR7PYS%]1;<U<EcGa@)b9-,=H6eP_.\%P_JaJF=aJ[bG(
;HZ3\$3E_@_""YR"/bW`]E#<E4;0d4>9U<"C(B-N6_BV?B1M5N!$]#2_?$C#HdC=DN"$YV!Y.e&W$+2#:?\!=bO?!5^YM,1W`UL$
WI)25+db5/-\SdJHbG'BP")d5HM/b8A;BOc_+LXDV3M?LRF&80CfK88CHGUZ@d^4W4>Fe42`XH9S"^8^UM5.BE_b[2SGY;+fSMTE
X'Ufc:M#AX'R.XCDDC>`4+Z:@'%J/[dP5ddP+BC`O!I%0M2cN3A_B&Z1ULeWAH;TSR#N[d,4]?(K/*`IUe-W,1!F@9690;:+P?I(
S8E-F1d)OeWV!9*9%D6RL(#`;]$Y*"0ZC5-JJPIUN]?61]$B`U6>_Tb>.;>Y(LP?.W5UaAQ@Hd1ML*>Z3$I^R*;C$ATQP1e1]8.+
O#QV$?;a'LF!7W^97A+AJ`f]4V/Nf>#MJPbVWW3%'?dL(1V:7^3D2"(XOFM_BC=%d*9cV!OfNf"\27#)N%`?9T+dcGA1CcFKa#Z<
LMP@H#"]-7<.?5'.NZ6$J*%R3c97LCAU#..S_KK*E:0)>cSeCD#e@G=]fY.N3&F]+%%\*S0/*&MX]06b4=@Id"*//dW1[G74_Uf1
/[Y1N44f[-#A#S_`(;,M3.P.#I6S^GV`O):DfL.,/Yf:LLI7<IR2fXDc#=Tdce.F8@fI1E)D_bMW<a*^]Y'8+e;ZMX=4dSK8ca@T
1$6T8C_PMW>>e_RbZW?QR<]V[@/&,c+(`7YQ#D[B6>YO>QU10d)23R48!(A>W.Y0d#/CLZX,e/8cG`L>CF-:EI[A6Y]/CVO3RfE\
++/A/)98f$8V@L-/TQH6aX4K:aY*,I1?UFMR=7!\G?H!7D4X4J3`822TCGdZ(=[LSaf+1X!;GfcWH0RB_cK;>c_Q\+G#H6&%)<IW
S[94d;.d5)FfWDQF=OAY^<FQ=aUJFZ5JSF7^Z736Uc*G\+@1TI-d(MDO6e#&X<UN2ef'Ee<f#0WN^cGB4/354%+:%#>P(Y3=`P02
@A[8XY>HB>2^+>La*U'Y&]D$"3M7_SUb8V9IFS!Q*2/;6Ea%`0WC7<-A.7X"#F7($f]G/60#+?X+\`HPPLeT2AGb^9:-/)[7OFVJ
,b5O4WT5=Y17a*D'90H4Z!TW./AEcX$\3XT^3QAE;R(AaT:dR3A"T@>N*E'd-$*679:PE=\S]=H/%J,-ONVO0/\>>&eXG"'%U?<%
#(T4&1L8QEDNP5T42O'&7%HL;S<NH)\[V^F7TW+cfGa<^aE0JD7HSIbRB$4M<H$29D7:``Ef;,!@\T_T_Z/83-2*VPE0/A:TX>]Z
-"C'/ACS$!J7[4IRD%M""0=4.U0#)S)GA"@T`/WO1#3c4dZZ[/.MC^_]41@SZ/Ob:7OSP>7cbJ8^-\<:^#!ee.5fP)b;[A&bJG.I
N.S8RRJ'!2f>!3*$AWXZ[.c)'d<@,LJed&.8$OU\;+SG)M\+Z=\>'OH&KTT9dM%J=,IFc*_H;*L;9[L\*.Z"Zd=4JcVSL@-48$0J
%Z4!c1=C/]W,X7aQJ__K"6CG#8"I$2BSeK`"TL`E0-F23>(0&6K4,>LFYC_OS#TD'Yd]H=W3ZeFZA5%eBT$J$5IKK5C&(?55b#;\
-Tb84LQed*3PbRbGY(K:*YEJ%c55GK#EAJeK8LHB+B^*Td-9b%PU`@D[2PU]8ZZUQ+cN]^ABF*1f)e$@$>#0S[da.M!]*,O.\XPD
P$a5>L/;^SbJS#"<&^1_2?fICB$F]]\WP^2E#U_$)M_ALJbG59T#-$C1J/1A1_a?(TFCFGd8\0?VZO(&BN].O'N;."3X1J,J1@JO
/_Y>!'Y`bMS`1DI/&&L"a(Q967:BLID>PCSN,BH*VZ&,'`!??E*W]/I-/:GJ'EB[A6B19DK)Y711ZL,NN$=C"bH,LeW'1Q[;U`X[
35P7A[K7,O:>M3\9YNKKXA[;5<#<IbE.,='d\J3!Z+3?&fU4/$--52@Bb8_\Z:!UBf"c,"0K@"P[Re@F\.HCYO-R!WNd*UN;=.aA
#H&.Zd5IPT2TDUE0dP\`#RTJ9&0BHS<cF[#M&>1VQ2G=3MK?P/0K<[E@SdP3'b81$<%`BR/(8<G,fBb!$C_HJ[7C-186GCUU:?NZ
D."G,QZb]aY_"D"+@KNBZ^I*6XaQ1:3+U?%@GcQ*`%`\`<YY;G(H6^G.$D08@M9VI&,J6EUH@1V_5b^M;6@L[*1AT`EFPcVe`a3P
YQRG6O+E@F$Y>XHKY\:&[<`3G$dU/.b(2Y'B8,7fLY_D'Z.,Q;7G8!)6eb@=\F28(]M$N>6IX0"9eV#>QKQ`^M:\#N.$Zd@A9/.6
XF*1W%YaeP'_+<.VLXB$K7$1[GH%"+M*7&6Z*_dEJ*>,%.#,E7eOT=:J3XFUR`H9)RS%a*>OA_M&=N"Eb5EaH&a:3<CK"->K7eH)
H/@T_=O9%CZV\NU]AP`=2"Z.5+`UE'RVTUP[\%bIP0G?DT^1?0/LA!!.'T/92]caH)=/D)]Ge4V61:5?67O0b82%0(6?SM&$.U`7
,3WE5/W5e!Wc&)25W'b=!._+L^.KXEDZeL";DfPH&.77#>NEFBV4$4+:H_^>,Z@JZTV'6OP;DWR&_b66-K3CS_;;bEK.6?R>$H%-
Q&1X62YRf^%A*?`&L'G%+D"3\L071>PX0=QcG+L<88G[6HOIENaS2fX\T8P1E=IME]HC5f^R@Q8<@J@Vf]%]Q7_e3e>!fdJR'CUb
KK$?%VO]1ZF:P[X[+cJ/:5bdZ;3@<2EA(MZR#37MD%M7*>cLIACJ$:S!]`4&\.7N4`C4KRW#6KUCA4#,PZ$%CK&]DU"VB8(#@EcG
_PIXcSBH>e+_ZMNZ@WT8:FW2K['6C;STK='XGbU#S69@`CR`cQA-(^\@$GDV12*.c#8'5GDY:c!V*J)dcK,'RZT)@3U=P8@R1^""
IA.#"0NW9WE4fd?^1=7?W%<17[c="D9VHf'YVcc=X)KBSX[4M,A4`D61/_M%4[J<ZH,1JP"Z:.K/cU[D3&\%0D&'_TMAf@fP>cG[
>H+</UP"/e5A9#dX)F0$W(Q;M8$3F%LL&)*BH*3,c?[YOL4GMf7FD*YFACK@LQ&bfN&c.O-5!R4E$Ab)YE'3+]*WVQ>"^HAJGBf]
SM`e%25<#BBB&P<EWIY6Y5Y9$)=/^@F_MY_\C&_%Ue?K70?64a8=.b4K]MBO>+.$"RS@%;9T1%9@+7R9'Z#bd]M9U'3O]MNS`PP.
b<Q9[O*]_]L^0MG:RF!T4aGSFO:I`#]/A!fTGJDM)E;P$7'E,Pb&P+\`CR/C;18ER2.AUK#4>8UU<L2[Q*Z(HO$0GG_LT1UNec!.
Bc`:.+E=@)/,P79!,.;>Q!\\\3a6'!T0R7LMZ-\c[c1c0c%5`.@@Ne[EU;6E1OV;/NHI(b+Vf*R!Ib[/(FO^)`%%2Ob14b(bP^_N
)BdJc.N%4(*9AF,^-VO<![C`.V;^3UK'`_/[a8"eHdM<cUJB5b>H)-TM#"RCf>Z+=YA_cA18FE)=SMYU:O+@@$>;//@UD[MHd*UR
,']8R-&O%2.3Z1Q@N\?=@:K)>+_OY3+B%c`;=b0OD#N:aK<U1b$52;F4,N?;-DDEbI9L2SQ&.%3DYD%=D(F"b9H)G(_"@)^V,20.
'G5C@:]^!85:3_;Of.GE#%#IfU2LW_K:N@^93#Z":,_BdZ-]@#>`0XEBBC>RXFT?>bT+CL#X#NQ1KI6aH%Z8ce/FU\;8c(W;R:G@
RTa[U)*(a>'/JD5\6ANZ@RB17M=1=786@'G(R<T7JQK3:[961_>5c<TN&8:?HAZ/[L4#[/,I];R`0e:JF]^?Yd0(P\`W1F4e>ADH
OW+0+!JX!K>;AaW8YU19%<#AJM>.Ef*FE!b:VRUb-E/:`.WM&MDKHSJJ!'!C&'O>'268SLQN4_M<%ONAH'M`CK]=7#2#C:/R3!=L
H1\FW4(N7T,8K"/fM7V+BWN*0EN#/6\O"d%^GY%2&dT$?;5bEH::'^<5=(L4+:WCBfQ`Y.$7XJ0fIJP3$&=1+3B8X*\2$-MD6?AO
!f[&ZaP!C@3[+e@&]/@D#GC9#P>a/F0?LR)>CZ\:@"K0JL2e>:O.Z`6<N88<$$=GE_%<K!3ZV%HVaHB#W@D8C_aR&a5AZ[UN(MW"
U3*)SQ>]\GSXMRHdXf)TQ_`@?>WQ^HbXP5)JI$c,_JE9?\B"GY]0W-H7aOF<3'+?.eRa`0.94bO-T8c3FS5-MeMbM)$M@J>YD>9S
5e="9-O`LG#"a;5[a!^.E*#f+'B]Q/^)+dS[HO@0UP;`HMVEY?XJ#=5_&D=:39d.8"W=(OaJC.O5K(7cB_$D,2G#'$Hcd`_CYS*!
M[%:*aY7D>AO\:R[A2A3L?\'2&KP/OWF;>]I<+=@_;==4J!7ME^J"VJ::?P`?9JG;(S?IX^ad__3;='PN>>80%TKH3K:]3!#XI)d
`0,#U=H%*9d"^P*I-&7FZC`,J2Jc3.C)%cH,%$D@3c[$>]V8],-MG"YB@](G)_=\'"dL)$L%>M!8MG?@%4)%S-0C)!"VYWDeH,[S
-d77@]Q!f!)c[;97^5)fE&2aR@T;`31H)2a677CU69INaLB//D(&((QNMX5%53b6LDGaB!;MSL3e7'Wc0`GL*dW9>>3^@-'M/][P
IB2_:>c[%e6$OF:VAd%B)cY'(C[1>RDJ&%)[7MD:Fd(87=<]H*E3.VbAN2)1e)5=Bd@[f=2c5#S61KLVR_&%X.K&eMRX%1(#e.Bf
[#DA%#QRc%_#2C!*!`:'PE&04PFNT%!=(,PcNB/LPJ,EQB*)TA;+a6T!N%9EaX@.Q<B2Zb8<07/(OTUN0<J%2-M,e>D58,B,S7Hf
KL/X,]?<HN%/[-JPC''-"=+%7?:WNQ.-d@c[L[B(fE%G"3&XTI#41P"+;Ke(\f*<Nb]O=UF(C^>?-A1P&Cd2eKfBRX+#[V5!R>-L
!&cd(=7Y+e[0SZ1f4&Z91H+P/Z<5^V/Ea*3$ZWV?dLME[T3K3$!HWSS3_#-L4S;,1['>]6*9\?B$'&IM&*e]0,<&HK0"UQZ'*!\3
A&=+/8_Q?e3W)/,4^1MQRFV`F=:2WP[T]FA7$*4I\A+GC44a]E6+6Z](\+D_R<4_.KV8C&/fMX&dTAZ=.8WZ$)42S/->"TS!^5UO
D3@]*F90KVHLeC]?TERK-'3ePQd_MDG'J1DY;OHTRGB\>f#TDH]@930I0;=/MP(YW1DD/&N=bT&K8?CA1GR=)de!Hf,+;]6;&GZ2
JDV757D$9eK&[G..^T]MM%XS>]Y`:X\bfM[fIEb9\=%RF:!X$<)*H%"GHI!:$d,46IGHO[5Qc)cdc>[*LVMb)5=C664[Pb"b1f$<
!TaV-<2IaA('Jba7JPcDCb\D(VO!JNZ4N:-8TF=?Ba3:<,#7ObO:*3)%J1STD*";K[Bb((dPZ13XE.ZY$S6UcQB8G,V1UM=3&((+
-[eTV"c...;D_b*U!Q0K\GC3?TUQOYQ\[bFM>-[]9U.\`T55((=8]ZN5O12Of/VO/<\6^I\D?OJ,df/e^^_&^EL]H;KD3c1D_K][
,*W=V7Q&>)@UGJ"TAcOdMA:I(c*22Lc-_VD?>eb6a..AIH(%^dBRY_?c?eLK[8<$?M5!7dd/ZFSTdO+7bN)a>@+U>HOW4%\GC67C
4U?a?4MA[:,ZJ[--.1*S"+H4KG:PLB,>`MC[26*OH$1#6RbX2FRN.O(_Z6%_P\?+^[<%QL+6OVIDXSH3Q[:e3c(8a-,J:1VB#F;.
&J][S.*E^LHT5F)U*)H"Xc0NB-fV>Q+GP[!2>JaG8S0b+c72CCP#68$P]Xc>[E0.5^3++U9AfX?DM?/T4I\#$McI-'=G2;MT9=GG
d")&#b/,>E'+F\%MB:.`015C/<$NI61;H'69'3O0!)E+.'`ee-3IbU&b>)?fV2OOF=Z!%NA<#G[5Y(1/Z05A=0D9&Vf,bPdcXA9f
N>e)FU30.ZP6:42A99Y;-Z0$?JNVRP3?K=S&#f9(Q;2XN(bK+9.2>4IY--C=L5E'3,GQN!>"Q$0XXfX1Za!d(@K;30P`G0HT0RV2
3"6Bb5UK/9,!Xf%R>^=(IF7`>C?65Yb`eO_@8F#Jb9!;35?:P1>'$(Q=K:PU=SON*JRMSbR-VE%QbOPR(_XJ7I30HN#-f/]UAP&^
((%5P\<e8&L?6GH`<&8><T(F3cJJa8U[Cc-[.^,HP>W/B636O7"%32VUJ%!QYO<HYZ<K8RUN[Gf]::D_R@OR-UXZUcf@HXd)6;B6
R-CEO9T6;L%:+LNX(H,LbP_M7/cO0VQ(I$D<QF=]00S(1V`C"=#a5)6#]PMK_&G[6KV!">fS[597=:X5"25GROX6!N=MQ\-'F;7a
F(+0K;+c=[*4fF)S9SaJT11>cR_\Y!3Q'#(N/"\0M-Z?)WI(>[%c5?>5aF-0H0NPdc"[EL,F3W:X"<^dE'!(029Y-B0N;?4K`M#X
L"C33">#:7B,/N?5?4Pb\FOF\T4(1/1Q9PB&`d13']6>#eFJ8M_A!T[>IF6;M[dc=^GR?WVB=7H,)I1N`ZN[2AC2HWNQ"X220)N#
6[=JT"Z\fKUS`'`J7fU86&&W%?QdCDf-=,9Hc[E(@=6V=EW/'D/@P.YeX/e($PM/1$./:[DE\$^da+KFfD@J`9$6','?d5Nf[bJ-
f@I?LaM\cQ.Y>6+0323d?/(bKa&9K7'?,FOafZ)HFW^P=@2"VS)&SfM6IE4C*NJV*QaKS.(X-Q7b;M9fP=O@U*I]d/T^`.M8L?Bf
OACRI?e.0(\-F7"/fD%!X4RDOYR]S3D8e=b&)$]JGR)4C'$*&?X?5I.VdML@\K?GA-=&_G"ZNT)_[2S\E]56BB=#PZ]P%.WA0TcG
LYK#3K$V;J^GK3EU+\)2OY9FA_@"N&M2M;C#(E=3R*Z<@(H];RA/D6)>\),&G(%W;D>U7#S[9=])\)U;E<90P#\GS!K,/WO&Q;WD
cB6O%P>Z_eR<TZZAQ!:5KaZc\%e02BN07$8YJRbSa<XfD"VQ"N=)K32B.B`+C`WHa[$dC&*U]c)W$#;!C:?X??]9fJZ=Z8;0?T6a
'%#\&!5,TR<%<Z4O6PZ.(G9)([P_Y!9QZe?9<a<IC*V6WcR2X]%eS%&a+,P&NNCG11bB>GPZCA>)XAKT_RYILAR#T-)8]`(\:U,#
aDL:IJA00]_Z[@5UUU1P$+G08-O2@!5MK\M[Sf@M#W6Z4'\K0\W]5H^>-C-H*c(4F&D8Z'TO,;Fb^:&G61L\5X5Hcf-8'QZL6&)^
AS#CTB2!6d\-M03.NW!G\&;?W26?PR9W.AJT@#,K.$*aU*7F")!AA26'WWFA1_]_COb1`3?B&NPa0?dH:fHAQ-?]1H&K6Ub`Ab:U
?W=#9TVH2_G8?95:+99AP:d;>,BfZEK&MG8K!=Pbf@WS87E*[0Kd3_`^9ELR^R5]RRG3`V&>'eU3e@QG@V*]16Z7UEOHC2=Z9B?7
"0Q^?e?]#Q7!QD$.O#X7b)6J3[d-)Eb$6%R/14TCbbW5;ET75/$=.<2&9!3FH%2bZTJQfM+^*QT6?dddV1`!b&;bUK&717"OSA2K
+U,e-U*4ZB<L2W_L8d:U:KNdQ=b-5U,C((.Hc*ZN7V*YKS*7f$$=;8[^$!#2aZS,EC$FXM;N1=b]8JX*K>[BCbPP,E`aIB4`c>SH
BR94=58;)`c+8QZ."N$2<N61N='@WeCAY'9QLL0L_7JMIJ$?6Y\BFee-&7=_MB7R%7b%)>\^5"NBV\IXUKe`=_W>SXab/^%GJA">
*N:;6d[\S>X$FL!cJ<@;7F>"OUA#H&@Cd^<\cS8VEScG^RJ:MAQ_`G`?S.`Y-e]f3L7)!.)[Lc;Q5K;'/5RD%V4H&9:A:@@A-O3C
eT_M4e?WG1/\IOR"U\7e#BVF-8W)N3)H_Ze)4SNZC%Q]!H"R!+/?c\'TH<eD.O^U*IWY4b5*I3$A<d2N!!b#4NdW\;Uf@KWN;A]B
E"4UB%UL(NOKV`D/**&+`IH=EA:BMWO>Y^D::+W-cS2:YPYTY-\MS!S+;?TBV"ZF;5[+X^`[Ked&Y.#KWcYM;<^b&&]B5$!WA\7O
*J&RVW`>!e%QG_-'C$P.SO/*;Q\ETBd^9,;"F$a$@\UY`T9S$%@0^cK!_,X<.N=R#:XW#H_=fB@=cZ""b&=T$G"<(0<`Fc4L\G+M
H%('830C9_<KX)7ZRJYf@H?&(PdU("=0.<2SfM_(>_db^%ZG^^^K9?#dedH@G,EO">:I,a862EB_V(>O;=_&=XX,<NL;O^_!HD4?
^L#'(>11b1GXYfE$I)80DQb0H#/%8<9(7/*ETM7VXKT)YDO60+F$IaSdT*cH$PIP)[1=&D),L(TA5,C`U?Pc(3CRMda!``Da,Sc!
3/<'`a)?3MMXK['0fb+]V3LYMOJT-`^RAN;c\['d11;F.FCd;^AW!Ta59dWCdRV6(M\/A;^\_=d6</*]$DUZ.J20&267VYX0=1PC
>3%3PUO"?UJ/c&`6PBO!eQPK^::)``cV0:D5Y*d&DCD=F,W*+TJ(_'ST-SafdZPA+Q+86bW/5CP36N3!>K$/G2[&,K'3G@%9XF_#
`TB#aY6*7c7J<9cCX2AIK1MFAX&"\c1`/SW<J"(K9Xd`D<*f)T--A(`.f2@MYS*UOKAOE6^S6`GV57Nc1330R$)@VA1GB9(XN3?>
)9>')_($JS'_.N=D5G)#+(,Qb'#XFT@Ce%!?DKJ5L[_9?QJY?,e^&Ff>=[P=H9ZeBNI77C:9a<EXd%+;B4*C(#-Eb91fH>I=3#N\
;f*SL9$$(F.?&@#PZ;:16AU_R2%S+X(T_4bG%+a08Bf@5%E7PQ2HO3?6b.\@L52LfM`;B&R?M.]3R_R,XJ)YAXP-^H'S%a#a66+0
7[$<3<-eO#e=d)H5GP$%[Oc5H4$H/7V^1RB-_e8SI\7"0HX=^6JKO$<->):)SDaDLV_K@#XM6.DG]Y<*SI%da75.]6[1'1W]P\:_
YX!/,32'b:V30XR.!6C,V*Y'ICP^X;3,c--TOXXQE$_<;J[9((,UB(MT.&<TW!3N]IB^>-E>:-F?7ZD`>>Zc.d=[NN%`??I?daAF
#S<1Q#P?B>%N,dP@EZBU,\Ic#RDcAOfa>>[3\3cNN.f%"=@)CFJVCO3RHKNa*]4TW32I6WHVP]TJKZ2VJA3#NI:)ZeSAa3d?"(f.
01=&J!+7^F^J?O#,<.":V>=6KTb$JA\!L_D$A:7!LXL-8+"%`0Wa`9Ge]Vd6+Xd505PIc.F.FX=Ma,([CP+T7:2F.[?,S>A0JB*[
9cO/H'SPTQb\(`\:-;._1!>AZN]3"\+$`>21KCO2D?b;e=WXB@-4fR!M5/0.SX(HY6bI.(CeEM\(6fE8(@_E-73-]\2UG<S#PL"f
%%>\bH`CACcR0+O(?PFa,'Yc*>3He62V4_)<eM!/UEb7e<,D'b5a.0(;4$^;;>b0F!a)b-`Te&VJe0=^JO87^K%/=]Hf4CG6ZL[&
5%X!2DcdP)S?UQ-dc!GT_&[Vb7^,OCI`+Xb/VX=Ub[6`SK&d<V<fHV_Tf`*8=7XaX.D/XS?\W`XM5JZGJ%%E[ae+U^@PM;b>$BC`
7]LJbWVI])UH;d]b0\\7OfIOY?/Aa`RI<CZa1$f$.;NK=<+RW4d<._4-;.cBb_A8;#V-=&W_Id_a?e/f#ZUM]0W-E_"P@b,86"\7
0Y+V"[/$MZS]$";A^N21(b2;M@d@T>/d-bMc=N#Y5`NVdX(9]WQ:,->`$+\,_29[d0]\#CC2Ndb8J;\_IB%NffJS9[Xa*5[Vb_X_
5+H?9X@VbAX;Mc&&Mf<,Yf&&+A.KQ80TN8I:ZcE5UW_[<_Z2Ee9X*G6X,.[8@YO@Tc*W08V"R3UfIIML[e"Ef5abGFF<,&FP0)+O
;YXA1b-)G?+:.M2J=T>^9N`7a2,%.D2*4_%K/1W#6@#9G+@HfV%9A"WcHC@#:V-+F(/c5E3:,J*$8.9GW4U>`2<RDfJKd6EU8/RB
>07("-bOZd$54']]/(_XE40!A*_d/EfNC%+,6-IAF<</?LM6M>#H(/Y<?fP1e;;&"T:E6YGX"9EB?"4"f3^TI*/OK$%fD`)RG&FO
aC1FY_/'*A%,]0)bV[9&C$&S_9=-]1'(9A1:MY!TE6XOC^&K6B?"B#X?7?]fIH<PYDQJV>A*7KLUSBKa&S/E)B+aLA"R`*)@XA9(
]-]fI"&dR72RR-`\<B1.]OP9;Q=I&[.,$!],P=6[:G]AEB>V)3!C3b$>Q4X)`4D`%/O(6S]a,=7bRVX`'!LJ9W4b]+96_01%>&][
dSJKMSc.K*<L\7*e54A;9.e=f/WK)33Zc3:\I?K&D=H$Y!@G[3If.$bbT1\5R\?B]'I$5GZKZ%"/#L1f^O8$cYRR>%2?T=:-D2<?
"0DG]IG1eGQ`>T[<R'1e-9aa`=KB9BRf%"b.DG#4+G)%]GeWQ4cS?DTeO;&G5Y76X_C\.QBe3A/A'1MT#$%!2de-4T?D#E>e5BR)
XD(L3#2K:0bEJ"$-_<!F2K*19HX0/cX>NOM"@'L;'ZV>(4$3"M<GTS!CVYZ"\#WK>B>H_.[4S['`-+'`e(:%feXfGDN?D9QE(_?<
YD<UIIUJKd4"0.O^/38+a""FW]FM?0YQ./!TD:PXN"AA)9V!'`4OF[W]2&#SV"Bb\Pa&Q6R.6e'S%U28VU*O7<O=K8U5YRIN32MF
D,,UP!?K/-;P]RAVL/&;BT/:ODWP$I:$5=B8N-;$E*4V='U8)-\[]\Q\5OEI.U9+*bYfP??4[:_QW*]E'W]K='!c`b7%ZCG/C2()
[C%+0(PDZ'+\$Q?N>#.aB+f);M8CdZY]f')NMA[8D'9;]/"P'^.e!<A<Fc72\YcVQ]NeEBCe#b\VA&\Va(#M4I8`7"<^:!\\VQLa
M(XC-KFETdK;"*E(,R*4[#Tc[T;RALZ_Qc>K<V<Wd%He)]-JVZNIZ<R#,[#[LEX$,8;7]ed@HP<fLfN86P"@&=UQX`@&ISTFJU6;
6\AAA1]2F7HXAML=adWcCAV<e0P3/`ZD-#/&3UH=R5+_A%OO]cQf_R(ZU<$;BOSbI[5C`8:J\c")N?S]:D,-Q#-<1(EY-9Qb,_cR
,@9BII9=fd^;eV_Y/5-H=]b%1KF<TF,Q]<(#$[E#^0:cDUB*!H!YcDY`QZ.X5Oc@=a\4B@e7FX:8@T$d,%0N`Fc+\T`5$bFfEUe:
H3L2UM7CMA3<:<;%TD[dZ?TE*4Iee<85-*:K!8$V;$@"9&))!P$MF/!NL=V"]NeeT@f+2/Jf'6^eA,++D$M0Q/6?b]eV]098\_0`
"N5Z'QY+JP_ObWP:]!9YP%HK=_1M\`.H5%AK-):IU]VIRA=*J3EA(P/:PMWf&TbRKX!311=[[dSaW?.?*ZYXL>;7O,:37D(N=?SA
a#eX_G-]a(XC)03;,.RBP;T!D]?S',G_EQ.0])<*8[U(<\D?*)XC&d['c6EB67XLU.10.QB9\%Y\a73)F#c`%(S'*0!-DI46e4W!
("e@)HLA/ZLXJT!<"REC[c9_-49DfM+;Y.&F]L92)*JY)JS6+7X'ffQI0-Fa;19_IIOCAa>"LX+KR1O4;V[a\>!5;X-(UYYMH@H=
5Z64'88a@3]6O]Ha,W3[)P@?XO&1X.!8.UJAL-7W&/(+YU54MF/>A%,O#a=)6PIdS%^=WETH9%a3B4R-E&4V\T3,d?41FD\8Q7fb
JTe:Xfc9Q(WK'_TYF(]'6C-]>M;0b:aX(CcAK(?"b.ZdI?+X^_O]YS$:Z$cff7ZGc1R^W0`ZSA3=bV+d4(,ND#C'YJ+?G[+S#ZaA
PW+Kd9(J,fD*eNc\JJ#"#=;dXYP71NK#\>';V\+`(LM[JW(`>R?%:(3CW1`1Y(^,:FXeNc-MG[3SUFD,8E>c.?AUV:=>d/a0e*@=
^`$]"]d.86d:''\!C_e=SJ(;JL'X`UWd`ZQY;/,9%SSIP-;94F@-3TMVY<"caZQ3OJPV2\4b?2IVObUa'F"O9Je]9?Y`$6TXRR/e
`<6S#+93/HIJM%'T5PdLU6DJ;N8V3-P#44GO%ASZ5f5E:BLa-3B)@Y:43P.aPROY0V(&cP";O$a_)74QcD%f?$&21JIN(N)J<edP
^+*B?.+:KMP-*3B9KV/!`2C;I737]AL6e%%<V4<0@ZUPGT)"09:JV4U[9fF3TH.!\I;.+5]O]MNWR:>[BZ]9^V&a^dEFN]VVL#G?
#d/,C&T``J]HWJO3Wa6R:[GGY/.9$;898JDKc^RW<W:GLc7+Wf(AJ+WKP=E=9#LT.H[1E[*"8_L,fLa>a4!)/8e.3!"'1;<!17b#
@`->O7;6'?J#TS&LS#99AF*KTW9</XLOL:0-6&AQZSPC>T$U0:&Yc^fb)V<.B/.;&O:AU:QG[J"GRK*,CW!P`PfBf8adR/eYNaW8
H.8(&H]ML1LNABG8*Kf])R7^?]d!OIXA[Ia*LL:`&HA"UQ^A58`?0:/@A&,bH@^(]&L?3(0*![+$X!9Wc@c]>3T.(@19KW7RFGF+
D0%Vb=G=G4P9K!N<0SWKXP3J(8_)=)#:M)bO3>A/]=3D)[D.X+*6H'1Q<]I+cUd1ZWae1YCc\(%4:7U>Ed"5.C7LNB07#=0E&/YX
_UNWGP8TWd]D@$:BeJ_!!?O;f[DL3VUab=;18b>cP3EUPN?G/]K(Q,NT4%-!ZbK21VUL!*EU/G794#F=H!`=`8dAM+*;;6Zb`&Sb
$($f2M-9!U34(P^A=RL+^4`X9+VJU6+Z,*GJL-XN1`82AZeS&L(1TV@EQNK@O%F9Z3CU"^1,@d.IX-X"a#DRBQF&HE>0,O0<=V")
Na8Z/WLe+>3Z)O#>/LW3)`Y&RS^"Ke?T]T+[]S<#;>2E`MH;=;e=,YPSA[c%BbK\@74[=0/I>,&$$F,'C)P9b5c!.YcE+U<7I#Me
S4MK.^W_@(JO(4=X'PJSVa-3M&_<"?DQL:cL>eb'734#e"f]/BCF]=d,KQ>]O$A,)K$eJ-:NR\0NRQ,5D7*J5W=Zf,T(P?_DP0XS
MVQJdfM1H,%JG^R^S,5KXTL6(PR6RAUK^1^D"aZ&%[=C501&B&Cb\MFaM?N5BWRB$%Q4":VR0`;CE:G<E\HG)c5Q4VY]d"MI&]Bd
*>ccSA/\&Zc;[T19VYa+)3X8]%;1:IH+W?f@.c3"^;_CO!?^2;'C%\"4AV]8dJX/GN;.c'3T<?]L(*&,USL4@9P2O,24,77<b/&&
7HV7U6B%_IB$"R.f9Q<9Z[HW)d+VS=LN9/5X`Q/24J(dZ\:95NQ/5a)@#/Nb#T]CUL399TK#&S:3VH(VFf)?#d/[`$7I$fP<&#b(
+*fd'<fWW[8Q\2$PE<NJS>)P_>4)BdQ=?)1'_@*%;8J^##X13_HTG4=;E^S2!Z11"X0RADT`(;KBe<"c<V>+:a`^]`<H`C,U4c&0
NT44NAS+2&BL9!PK1>f]PHM.N%EVQMfK3@C$_b53&aW:bUF*#30E?*;>Ja/a,KF.FRR?d18S-TJDFF4@"IB'c7bHc:,QdGIf7a&<
`[6ZIK;S!Q(WOT`@$Z+!Q,OacSZ$.`ISYa%E,:KF=QbCS":6YS!_/2M4$OP!#<fL`?@]`b5.6+)*3.F4PBI,^4X;X.:#-EQ(/L#>
$3_N:V1)2NaBT5C=d5E'aK(:6T,Kd5C*JW7;@d!2L?"HdH(W(WX*aA^1?CO.!GGZb80LG,b?U^B]DYA7d+L'eK/-+JEWee@`O5CW
0-OK4)SYU?"$5S&eJ;P8S?*6JR4XL;I2Dd]LE<KHbcNJ62.GSQQ+3)M@?6J74Ma(1AR>.DR)K9!U-?P9U&b@,AS79WD=1&4*]SRW
c(5]JV&BG[BSD9;Sd.[>6Yd.:/3*cF[V5L-R?^'0]Y.#.2fAA6db9\@#C`=HPC&<I7[7^YMF:5Y_EV2S9\*Z:&S"X'UVWU5OY4X2
6':d=`Pa]'WC?`LcUEF'+%@d!dQG)^Wd/Z%GE0XQ4dOeLD(#+8BC2=K=1S>::X%K9X"EMI-QV]%VE!*$OFcML<=O_.-D,4*M7=#D
fZ)<cJ8G(FCVa+I)C^NZ_E0H=$<2YN\_=M__+IX9"L-],.@24E.T\4A9NGd!"!-bZU]TD-DU#H#O"#<b9]X.I47-UWc(G@-*X6,c
7_&,:7/Ke/V4#&I$8'daLA)$-c0\'+L\B5OPZD>2-9MB@3=91UV\\63X>;&L>AJD1J.*SD'4/N".N-NC&T'RR)79S5Z/@XNQ'#*A
>H#**-0LB'8\`4]Qe6C^A"38&*%[T=8CUQ\R^HWUO-_B29<0,%F/M)O^7-\f=>)+6%8;*T*6*P?C^QZUb0"3eHQOW#O'TH:YU=3Z
;QKN,cf)e#EZN6QcWa!>b3Rf;Ed,O45S&L&?HVS.Z,2RB6NTW0DQ@<Mf2e7c5K7<"/1/da:+@?Ed%G9?X;a"+J1XeV*,XQ4bVHb[
)\HUT>?[97Q%*5Y%[Q#9U*H5L?`-*ZRIK?MZ+2.%fSZI>WIeHV+*9U@SCQ]%Ybc[9cP6:U1N2<KC=FE+43P0)+\,fO@L:(3!I[1G
QH-L`OFT'Yf,#@eC][RBUHa?*$"PCf+OEG=UCf`6<MB*]ZGA:_EacG:_0J1R<ICbZ=_fX(?U<K[SW$I]#7;?%IW8`)ZH2\)[]1XG
7E][C+)BM^8d$H#_DES\\Z@8$W3:F/fV\UJSM)[&TOJ'6";*6QaO$K_UP^A.G9dPB6![\fG(+M,;&M_a4;_M\+S^HT7-c!<SJ:(R
93Nd*JBcWT8+,fK.W0W@,3\SM,C6P`&aOc/5d/R==#CZXX]MK76VHc:V3"X<MA6)#2+ZN'0TUPc9A]'5c\%-e\:(bW%&DVW2G"!D
e6DWN#*<QUN62UROA8LM:NFGE)00\QS@E;??T`4_<",UBTTWMJMbXC4Z7@f4R\2_745#KU@<-3d[QZMNCR*P*Z1X,'(S'H)\S-e[
WUJ8D1(-6]ROA\F-WdPTQI7b@'05e#<V4+83S0-FT[;GBWXM0]d)Ca0=J06\-T_?;Ld(bQ;T+B\7cS79$;,Bd*UPMPGe`I5!WFaK
#H&1=I_^3`E(1@OO5<3I<Q6_^@f9_Y8"G]A^_KdbNQd8[aOZC(2<TJ66XD.DFCM$6\B-c/$eA-91*R$&b;"XKH:YE^;TC5)$BO:Q
_f2NUUS,B:SNK[HA1QS$.(:(9aZ$XcLX\.SM/*L!.,WE38\7L69&6:,".F(P^:NFQ?Z^_ac/$5]>O&O!.2`EX<L%U6T87HM\;JC4
:@L"`N[O9caC8;YNacPCXHKTUe>:Y])$6dL%c*#H4.56Q\aM:/;K8+^NfJ#)N<[K3T0:L$T;Jb]-"CGb=>B>dd>6]D4e9I/L`+(+
\)?6(=HS:A*HZ1-,FWQ4I_$+/fdHP<>6,4Q:a]Q8V[SaC*$,Q;B3,9b*%4!;?U,Ob@#T6Cc@#_U_6Y12<-@;I&-$P<N!F$5PZ/C4
W%XA1VD0)Z2ZC8TX8VL#'1\cb=A;O6'>U]Ke-32Q(S@&&8\1A\AJE];J+33*`?*#[(')*!C;C&QN)_fCB1H=]LKD[;9.62"bC/E!
bU"+ZD/=U+4aY\VX:SX<\3\eYUc-23Y$R"-#`0JYE!!>OEQ'!8X"Y0;N+V:$I5`eA=7eS(]42.eJARZJCb`-&a4P$De`Uf$e.Y^L
^cA;]Y^1M<N.DE<M2&JNK?$OA&T2&Q:&U;?U)_[/O!R>feCQH9eI.dA-O#'#cNfE=GeWY";W'<@-'f'&1(7XO>5VIM-FY#@`MKa]
_/OORF"0YY;G,Xc!]'/*5$T*EZ`a#YX+X[J$'1R1<a3\*Lf)UJSS%ZMGd\Y?S]beb)6*ccUO-?*YV#1YV#0'^Zf'Z%UHH6!N]E&R
I_#DbU8[*M;>?6/))FZ]]JJS<!>dXKc`.CF(CS4](_De))8[6$1c<.S$-@'VDUNTJM,G)+cWI^(7=.(^[#ID3SSVU?IcBY/IZ\bU
6OYA^]PEH)dPd'98>7$^c9D+YTOHEc>8"RNLS2^]&^"?\Fd=3HBY@]3[IO<Z-4_&</0++G9'_Zff_F1D69X#G8/\Q9F2?G?W_f!Z
fBRA`cQ-GA-DHN09cR[3G<>>G\a)E26#+"<0/T5a3H@YdU2GI\D`;#^AH4[e]REJ0M/1)?B":8/BGJ`/4O$&3Me)Z^4S$>7:]`O6
+e/SS&@CQAOd^70Yeb.KaA8,0S.-M+K8N$A0"E<0H_H:2C2M:$PFWe(L8I,;0.*%X@4L,)]G>TA5aW*aGNS/I^Q4Z^!:$+>22]*[
2'ab`Haf0$Fd,?`%=XL`,=DS7[DX=9SM])]?Kf>Ce:706?BfU3;SP$B,cSMY#FN:FB=e_MHP.Y>`bf"U<%>C_ZY[;K$*AMLX"*!G
KOeKe9bZPdO$9Y7HE-)"\9d^Z4Oea=%BaGW.RKb"-CEbFA_9%DNHLK<c2T4/5Zd&WOcR&TF2CfD:Z9O".'O#)75_ZWAHA1Fec3N`
#"UGY5dNHDG"QNF%?ZY;c!0GG,e;%G?Y!=]W`'*)@_UV';J5Z;36$3d_85`*S="0O[2B[S<8FN(dD;.TF&6W*=JM5]UYd"W[]Y5d
ME:2']:T3D/*[`P*[H.$fb1cZ=J%B2!'f]IY,;35$5YDFB]%V85G"J'UKF"'7)[;S:cKe1=fBJJ`(T@6T[P@AQ.>-]F1CUY%CI,)
