/TS.`X<0TN?DaQ/`E=GF"A&(b,9<#UZ'CI]bW"0f<fe'J^=.A]%*30UC:5XN'a)bP#F`X8)#(*`"\_MU`aM-XDG+C,$aa8I$WP*c
+=@MM.O6C1J`Q:*DeAaGF4Ya+PS-`;.[TL5>JZa@KZ+@FAP[f1,U>?NADS2^@:XB!dS/+LOHMNb_I@WTF5Qfa].A8BHY]$XK)9>S
[PZ)P)Z^_1cQ$c&Q6'_)+V@CbRM^"SaP8<"<_;"8;@/[2^V&Z;`;-*A47F!#H7Od`:X\;<aL$U[-!!#]Wa+B:=L6(F:56RYR+2("
">S<VGLaO_(1_C4+BKeOX0<9$Df/T'])=[%YbJ!%bE,b5A"VaEP2JZB9GISc8W'183QF;(I<HIX9bMcI6E(2KKIKe;A3:&EPBU_<
!32T(6P!Q>>/_f-%+9A;Y_6OXU6J=BVDR+OP3]8G<1<F.EZ8&(eX/CJ\aULFOV/D0+V"R5[[\cO?*ff[DbT1W&Q=Y2X3^<%&9D":
^[1AKLcV2:1"3)A=VJY@Zb1\RIVZ"V+Z_SEeJT"@K66P52^b*>'H?F"^<3TP(*d*E1O23PY='b1Ub4<!=S$I!A0Z%J!OF'IW['VX
e38LY,`Q;SCE36Z"b*A.R<Z8K1`Ub0[@\BfS8'fQBB(e]NDIJ(7R[8\*7YS=?FGE`/.`0[^QN0=5V,aQP,MD2#D)79B$%)c\8IQM
e^cCKL&:&#K0XeX'O8$I;7cT`]&@Y.S#CFaZ[bA%WH*O+/LcaJd\c\@3R34eQcEQK$10.%b+OQE\GPZ?S&O)=/?ND$_\e%\W2LI%
-5!-I%<TR7OB2^6P/Jc[V4b5WIHPBA?1.M+,.T'6)3Q)&K5]KPc;.=$8c&@DJ%&Ld;F2f0%e./L;6#-WVV6MRGKL.)9[M4QLT#KV
WD*!DcWDffZM<&Cb;Ne]'$Ha>8#19!89Aab0<KW,^MTQ[R'$$>;6/+QT&b9+M;\>6BP5==N]3a*!-E0BC5Oa)G;['A>Tc+"==>-)
581fbSC+e%6H)>J9_%<#1[G/5'UdU[<^I8</T#S&2JH14XKT';\Q&e$PB_fEV%Fc?1(>O,XO`9L\W"U0Oc9C^Ia2W0d[9L/ebZ20
5IR8(f[(O71:PCD.:7#U#UMA0]Ra'MR;.820$1?Q'<ERZ7/d!+PWbGa]dbCOKW&Y_RX3AT#?1_NW10R&_2)6T?__Sb(`CD3IbR@b
7P+3H_SZ@K<G.-VfZE)d`C:4a`]74?V]>QGed1ZSLAJ0@19dX9W6?`+K8BTY)\D(6dR(;2NHFd'B!EL"4fS^_OL'62]\7Q-FS2WZ
A>I\]_G)b+1Y<D3Z6<Q_bF`Z^D<ZGa>e_GaCM:X6Y,L`M1+O[4M)2Y$(TC-IBJa8[c?";OG2=^$PFF7K8%##9:Pa2R'>E[KU6/(G
S,1B2eS-OU;^G2X92d*Oe\DBO]"VVE7BeNI,FV,V&7];:Ga*,"fT`\5ZHE;GL`7^bc*U7NT6A_aX:@FVWU_0FG019&TVS<XU=H9E
^FUf5Fb7dLA'3*B8fB4WG=O/@"!&[c,*R]C)d?O*DDMS@I^^eb4WLB:L3LbdG8;KHS2&"(&(-!!a1/]YA_.c>E<$7'aWL?%MQ2D5
^`H5ZJ#LL2GST\f2EAJBfIW;:8dHN:BCS66'&_&1^ND-WOLS/.`1-UY?+A_JV;1X"M/]S&&-"4FfAB3-e_W:?fFX>632R)3:C\O&
<f,(W<<CBBDbJO&0'3MObIP,%-L'2?54A0IO;7Y2b,OLFV^O$IWC%_1ddH?@IJDB-f'-W,OJeF^2A"-9N96/5XC2\ca2P*;.&EL_
GF%1N!C]CF`JY9.-=T2%]L13b&c3bQ<cL?;JM`FYM:S]]$e1>05V?H)(>J_J)TfSPd^56UY)a@[ZEX[=M#RFX7A#:3K/b;W-$OEa
/OfbN#?SAe5\P9V@9b(^?cB`\9d%b7+TXWS*ZaCbe8S!^&*]#=5M!c=BX56f?*$5'P0P]B-YY]QfQ'e)HbVQN".9$3Zd?V&7"QT5
W^(?XXB^`!S8%)#@/>6P@.Yd6O9XL^O:F.0L$CBSFX/4R,R&1!GU:$ID=Xd$3^_Q*M/P&!D/OZDDSFQ]7/`+S+f6?,\D7NM/[P)9
HLe-$$VCfUW.L2>2DZ-D09KP4`'T)._&9AT+;X.N3IJdeTGT/H`8LT)\AB'^XL0B@OOD>D.94;389XafPK(Z2[_G\,E<\[CbLb$H
eCITEY^!M(\GO5%"SV;b&EJd5d)RXb9$.b$)=eD>0^VHZ'B36K"Gc9RXSM-6X.C+OffZbY#4c:NI3e_S;BW`Y(+^_0I=\@X2<CCM
FZ3#L(e*S]/$_6TP/>9Y]U8C?KCU:)d.U)*;X-/d@)0V41=G:;'!)N+I*];&J/*#`^PB5b6?,Z9L2d\W5!C1#NP<Ge\=>T\\=M5#
&#`:/]+]C*S!6H\W/[IG#/cO[0>aE1V.$>/Ie)"Q\3!c9=e'UPLP8`=7P8"G3cEFI\=#Q"3WEe=Ze&GRaZ:^&7_dD5E$+OcC9-5?
Z&?I]@@:V.5Jf/N4SP)`^Ne=:d+ZPJ8<<_1ICd2bDE^R:X$eM?3J/@?K;N`'U/G)_1@#?YZG`MPa*CSSR<REc(-084N+YHO@:*)#
"(!G2fOHET#eZ>LRQQG<@"/M`%3'T1#K+GW52$D"cL-^;08BXHJJJB%%JE_A+f=@?aI9%CF4!>-B*-)0AS6\UL*`cXU-IBEC/_7J
$@7&b_:S(],:9e_!B;)"Qab^V8C#![%/TB"E6E98A/'7F-_X;ZZ;9d]=&!8aAG4^9_,4&,P8?N&,2K1`F6-`3Z:0:"DP9(c$KVTC
3Ke2NU)C^[^aMJ.=eG^>3>S-ZK]8OaB^RM>7>47<4Wa8FPdPW:?>Dd6PQB-Y9-89:H[I-(cI:3eM&:0>KKf&ER"R=a044P,3IX\b
W4dSE?<!]TH]!4ND<`4+BE^"`,I%;,+`M2V`BRTZ*c+N"-8<bb'.K&(ZaE8P4O==C2EIJ;/.H]-+O9]^!#!,.d5OTA0DL_U;>X7Z
[d]Y0J@6KdS:]L!U`;0U^&P!Je'5K3Bb(M[*?f,[AQ$?Q5W])(]+`>A'Z@+",6^/Gf5,:W$_4-dE_L'$'73U[%EIN.FZ^^B8&bLH
V=e0@X:G3C8MAA*'O,:S7T/BO\1@b)4>LI<T'$\[+9<O]"7'1W222*$-;/,8G@QQFcC@9C9<TbWUV>S?_W6-&-M0d%b1"``080:C
55YPV!9P#B#,Z[DXOMBQ"D'U)>*^[=SA(4=$J\3\3;*7[VdNV)XBFY%"P&/H'$c\DXIe;>e3c)>EG//_,_V[(87QAE7AXB?>(RC5
,If`BW4]B&Y[F%K$4`SZU7K9TB@d_6ba+ZW)]">47""..JPa@dW)>aN!TIBSU)a=9U0780$,1dL$><)&+':?5!A7F@,;XEFP;"5U
#M$Q<`R2#IVUC14YQ$f_2XW[M_G`P5F:F:WT3\B"a'R77(HO6.R^7]Z8[^2!77CMb1X9:`LI(_8"SM*^f-GE_R&%IF!TWQ+b-ff6
T6P`U1C5NEd4?'D:VJPc,:&H[^*NA]]_+H%FHI%I\d^AZI^%F(752c?E'Fa(<GB\V#WPY(15#eG:C'fZIKF"dZPRUHbe+bb6fQUD
O0`,(a"NF37:-8Y*\;%22!$4I7P68Ebb:S"%eRR,D,cTQ@ZD%8#8IL5J1:GH[]*N"MUCTb5C48@[03F171+@!-HaC5=#?:9J9+H*
8Z@-f!\>be'\_>6*R+W'HA;MK[]4P7W=W,A]"1F95,-?F1\L!_-VW68DGQ#J[)@4c1N+YZ[!PSCNa8`U*D6I>JC:/>J(=;1cYHGY
G?;H$I:aA.#@$ZH?%*I`M_Rb2Yf:`M)0,+`]Y3#W.Xb>M%H(DNP)_R3]?c6486)$MRX.G/SAR-73R$#PJ9(9E[*V5'Y%2`>`N>FG
&=AOHV)L%GQeJ5(5eE##J-F*I9NQ.J[<37ENQ,+OXK&4/!'%QLSIJFGeA,'6/AH-@->XG6!HbRMO:d%HVA9."UH@;K:JE=/3/(S_
18*I,3SN(Ve*$V*/ML+P5;1`_,@C,,<IEc<(^S5.>0Q2\SZ6cdQfJ6a@'GV"@SbPET4+GR`&9I2-ILNLS2fA`;+WLN:d`D`;Da(@
#V)O]`W(C>c-HV*",cUC_6^IMd)F95W@>P<K:?;0Gc6G$=QNb&-C1?TLdMA&TQ4\DRQ<!SVU"I7RB[(I>'eHe/=+AMfV:e!0Y9Uc
UVL3V%:HIO)L[`,T&NbaWP42T7LfO,*&)-W-;!Mb8AM2TS=5!JBPJY=D]=MJ'"TWUN`F+%MV;KA%32M7F]aFfCF8%J'6KFRTYd+0
"d7dNI$H!-Ja4S&L-\HIMIS?\bT.V5#(f+P>.R<\2cM[>9/Z[1KN$dd/;]a__3OLKQP/PbJ%F7>51N567cF&1KC"%^Z4OZ01IZ#0
:SU9`X1GX.K/<WK^P&*O$E=cZ1P`2:aeeK`]!QC"I/!Qa,#8A[0EfFJd-fb7H"cce%^=3_^[J;<XP]-TG2V*\BF?ZMR%bHJZdWC^
TT52'"_LV:6U`[]X7@?ce5%O]"eS[Q47\@\&Df?]R;BEZXWWS=dS?U"FY@/3f[Z@&=N3fa*VJM\^K4*"0PSQCa"]EEc`O(HX4:]Q
V\I;`^OR9J01-F4?P>KDX0#a2E?#.@a^"4!?!8&c:VX.+aX9DDZRQ;N/;)/YMRN(!.b8WCL@2"\6:%H/KD:67+)(Q>Q'U`E:bZN"
-fBP.<Je5-NUAQGL`:C1J+?`b!(YLb,EM>ZVTcWBfEX\0.:MSJ"TM*</A?8_N3M)Q-QI!I&Vf._`706`D%!!3R/(HTR4**/8>%f$
#\8F!M$])6(;#+S:`R'@DTe/9M$#YSD#YNP.#-6&%F44_d(&b:M1_G-DP5b)_EO-$[(ZB*+,Q![BbT*+PD]FK]Ec='CFLQ5^_.V<
f&I#KB^.@S1F^<EZI-Ae>^8]MS7KT9_a.$FOHX:;R_0N&Re0/ZE,:^DeMW>IL5V:aEQ*(`2%EaDTQ/K@A_?ab%4Td)7Q<'<*VI`^
EaP0`NKWXH`\I:8HCGHcOM.FHWE-SN`.;UG(9-"/?I`9B?@X`J::-&OZ!B-3L@CW/6Ac]8('X<eEU,(56XZS;*K)]V^LMd@Z8HO\
Z=#1TG9_BP^SaTZ\`A*F^R\7C.'<D;@c9BXRH(VGM!$N0D&e(:G5Fe5;;L:I!B"H>JFabFW4RV#%B?W^;CL#_b(`B%@\=1TZ'W):
9K8J$L;;Qf30"QXY#0GQ2L*C+#U%U,T.e+a6N=J^O7b+"SN:!_WE]a+#1;%X[:C#Xc->WRZ>a[$\)]:*]3505_W5&PH>e=cQM12N
$/R4O)3@"P5U\%0Y79[J,PC,QQC=WNW3/5/`[C,]5cCDJ/CZ@6:[_EH2]FIW3"8JHNN:WRa4C.EQ1?:A/'@fM`>#SCIW%8]\\JAV
UKYZ30b(#AD%J5%SFcTIM/"E788W3+Q5e=)$!ZcYTXZCc5E7\\Q+;+WQRYIH8"5F/F>G!3AXI3F/^/^S&'0`VH_W*0?X1c%TI\"K
,^D\&9[J>(;?BV_.)6SJ.28`M!X;,Rc1[b63&Q3<d/SJA_8J'4^<[<[9*GH`I=ZbS09.f]NaV%&VBbX-V>>%-;[Q?9M&-;6;1??^
(%%K`BN1,JF+/Z#ZS.-]HbD1?NH'0[YC\_[F$dKTO>HZ(f"%$OX`$8X3JR_;.aXNF*-P8Lc)a(UTL840U-.2I^E^!3;X&Q(2Y8Dc
@EIHA[.!NYE"4*6c8[G.Z?SF]D;6E.S647RbNLURZZ^0E_I0(OQV8)Kbd+@C46+@5XO")WOX$HLNF(bB^'eQ94K4';5$"1b]*Y+c
FVP4\'%<D&0)AS52Qcc08-/G/O;H&#/K-adZ@_$%_VJ38L\f]*R_S#C-MXH.R7,X5WBJD[\N6@.:4M21D:-A$cW/^*9W%_W-VM'W
>c<59?47A#-0#9A1DDdAddKH068VA9'a9U[-(d-5cG-@X%fG6D2I$/J\!#V/,H;=VN8b8V=?YD3V2\@`K^)T6OF325=N#2,[9bTR
2WL]%C"4;E[2JYO$#9<fdU+6$97O56U`;EVJI\a4Ybb$Z`+;2"@_6b\D5a9Z^`,Id!0`,Z1/U5<X'0>'a8.BW6DT`3.dUGSCIW@I
ILEE#IN,8#/IZ9/?DOV/KMV+6%<RB\H#PH(V,,HA609"3`A`,Q\/*4Xa./aO#&,C59;3T:&=LEM`Z$F]&+SMIID_'9B052Q;5EI`
"V[M_K8cM''KP2->:*fX=P[,>`->_c>TMJ5QK8Ec#JQ;fV_4#H*K;6!<f]F(U@2e;)'GJY+"@b.,@^;J^1BT_[#W3_\*SJ!D@'&R
$Q=&af$XM-+ZGd#H7P+QW\_5f"+33AWCIT-=COKb;0D=L7M(M(\DR'bb6`U[G9F`'NB(_<DVP6P0#Ub#I2d0'dRQ0E,0FD^9NN6T
>[[*U;UT.NNX#'P\Z_JGf=DE;AHTH;?C]HDX9RKZ=4E)fSO(I'!FaPeZeJ1Nd3?$\3/4BRM"*\!N\2Kae=e#MRF7E?G`R^HOf0bF
L:B<"FNYDV(Q%fCbPTT8HA<=eaR5Sa9dCJ@"b1D_.XO?+E[DHF1+c-_]R5\YG8!@f<?<\1,WS_011YZaQR1U9PH!2^BJJc6,H!`/
5T"JVTT83@SC8a:)X2C)=:R6[,L.N7_;-"0Be)I>I25`F/`N_TC!RV!J%9_"Q15d^_7^8'D/.NCU0Z7\9S6Y%1%-A=\(SREN97JR
*ABQ@e/O`C'F'!11X--@_UXM2C[\FFENM@6%Q#e'GBO)TIDZ)f@((X>;YIGaH9,:RP9Cc=T(7;bfRJ\F2f*&:G9#:&TOI\2<#=FS
ZP>(=!K)GDL?V&0*853=MZ0Y\%<-]R@,S.?!?GI/<^D&NSZeP/VK$*G+J!BDaH8&89PC"&.-`MaOC_V@M\GTPLdA"O-!!AFf](MM
Q^=U].6=4F*J,X1Z1GaWAANL!,PR*V\@44>T9]@*QZ)?Z:K8/H7H1#S%LSPTJJMBPK]UJecW="Kef:fZ?[Z)/W"50Z[OS8!T2([(
\,J>JV0'4]*6eJd59V:)+_5$FDQd]?aaEU*8_[2HN,<"5O*Z4!Y/I8"!X()Kc#J+4<>AP\"R&3HQ@)KB&KKe)J9*ScZXHEUQ[H5L
G"'\.ZS0QGJC?MA9RH:,[#WAY(J0-7$f=&LNN&H",AU'5_^`Q#!I+ICeVB^F'a.3bVR;8*EZ_-X+678!E*!<^-_-3=5#acF[A-WZ
U#EHMY-C@R-%104RD(X(Z^4T]X;7FE9,=0FMYIDK7"K7\d0Z<Af$dK\]!B:!U9;NDV*6E3f)V;$"9;(*cf"DRYR:K1Pf4\<<<+=*
,]/WT+"^-YWd@>J;NC3?e9799T$'K>VTA85'A*!RZZaGaI?+LY\d:>;?`3FZS6_4`9%9+:L_#JBV-<0^2EbfN#(aOe-8IbZYQ6WA
(S*DS/6aK+B-88]B.1W#IB)0@a$N1)OPWO(B_)WI2<>V45bb`]%>.SGK&+0-`:"ab`C5/#@2KTOd76"'U_<N]#S>5KY/1ZBFU^KS
)':Df9K<0U^LXA&42N-a$e$=":B+bAQ\BNf+!Q+@X^2R6QAF2O$*3@'bK->P`_d73#EXc'I$I5WUa_S3636E!PH!U/K5BPE?S,9*
7>Z]$3aL2dCNeEC%3(c;HOKTd!$-5/$%G!-1U7J<(*OS:"EF]8,D1?IfZ7eOYc2TUZe4ZW!aF580&1dEI3G!_aP.GMKX[2TR6>aY
G#-(EW'978=T^7fY]:b"@CAJ^(Q`YWHF6,<U+Z=ZF`[5G8&d3NGE`K[G>FB@I]e@G+Meb.(OEec+%:+%-,WL3ea+M"W?GX,&(;=R
;ZbMb_fEYFL1<`((4VWa.D?(a!'/1f+K?*Y%,dO*@BA*M-.8KLMV&V-P2.<e#cDE,ZXT.#f^G$]&He9`Ma`aQMZGRMPYKG&-<d+9
.:A-+fML[5a>^FI393^@d?:M;U[V1S89UWQ&YCadIO7<SG/)N@NX?X6P9*]N>@L"ER7O:%$:E@$&Y$;%U[7e;`(Pb>Z9O0&%"%?E
1GDN+<]Y\%W7eE'$Yf!d7`YB<$[2G!6Ac-,NILbCWA<7:D)S-O[3I3"=fP:b%@INS]:T:B4.R;=VHdQ,0!dX6ef[OL%\$Z68V$&2
<'a6AOV2409#5JYa$J'@<YI_SO#+UGU'Xe]R3db<C&)(dMdMUEd>#XEZ"Z;J.D:EC/daKQ9=3Nc.J/?;*#C?;c6@AS@?f&>RC;R1
XH^$?7^E]$/"1VPG*IYQ-e;L27+[D,4A0C[4XD<3$#bDb7]b7W=ER/G:QOX(Ma0bcEc1RUY.cH`*d$`#S?NXGdNFa7K0C+$PV%N1
f_a]`MMY,O-`^D-O'XdA2@b(VM-O0N,JR@8,YB09$97!S`%_^T'<e7,F0XM*1a"6)!6LU3[K:8KQB<b4LbE1e65fO$F`QEWY3dY\
S2MJad*+JPbQQeTa;e'XB$FJJ4:WL4"3--+%-#!R&[44)D3fbS[=]L(7F!'LFUb-FL^aV,DeHS1E*%YU"&JND>'36'06,)\$77_3
A^_Z!&=eG*Y$:OP!WTF:F059HB80,58I2_)BXI$3-dRT&3![,E/@,GJMCKeXXfHeJK"+N<WE?.2?=Y6URX=\ASFFBLBL+2GP7L^8
?TC_<R/`MM46,!TW[+bGbS;SU2`,"!a;26"9U,F-UZ10b[(0V!CJK=<,WOSEP=?#1[;:@4C<NeP99ZeP`/>P@`4JPSM*0MJG5^,L
E9)9V]H\J@3[:S?N^S4!]aJB.50d_H/ecK<FE">,N9ZWK#1O^)fR*aec@"`GX\!2#[3W=W:Xd_T+?3IfWX5UKUR7IA'_,TBcZT(W
c-WJ\T@?3"X<XCOe'?U?$5+CZ](.GMf0NO]8&9M]LYb33CJRI!;Q@T0+IVDeB9AS/3W3%R.6`,;&B9,B1M_;GIaP?9S])A\"4F*T
_</,II,D!T0D-;G)'G,E*]!1)/^*aM5&-BQKSR/+UFY5X@WEZG8T1.IT3M(P:YALGb4(.$R+S8I(<_=eaJU8LD_9_XM<'<B;BX),
+:aE7B*B4@J,A2!=XA;0Z#/b!$1KY+LR,\aN0,*A#F;a\<RBD*Z4',L_CJ<c>\E`5X@ME_JU7S?c$F6&Ze+2E3?\]5XED)Na7'6a
7Iac=L@:]e;'P#/>44ccOK=fZ@NM27CG5CD:;>d4e+GQ1E>1K[3YEaN(ebP0bFVCTP<M"..0WDK(]dc9,>.&:9G@EY?!*?6b#X8D
K_]XG>$*M@;L.D^e^=.<*)G?C)UG6\Z6?Q@P)<]M!1?7BQ]$'01Lf)/;Jf^4U8:`SYE;'bGRJ@JU#X)"<24ZdLE<@*8H[]bd/UP;
O#,M9eY"0/4$(+O'&,A,6"VOEW0POC()G7"2W?f8LK\b$Y[OK*P%91O.\8:I1R_UP1@La;%YHLM8;=P#c"Q^52_U@V:=3VH)TA]9
E%(LPZ.V\F^!=V*H]04!"Cf:FS]_6/G-AD0,/U]WKLW$T-\LeT<b>.A[\`VWX>V.]H%S^f1]"ScC$LI1:E0a'>,B=%#=B]/@K&@R
/FZLV;"&/:AWAXG/4P3b&]"ESJOB,8OGbHZ.S_1@4Db;XI<aK.?7,_-NcP-M@1Na_5.G<EOdRE\LHL!AQ[V:]GTO)<.bIP[!K-OC
`EZ)*JHDC-_SY=7X@I`&ff+[HHPVb`A3C;9H$>97dAH<BTDbC-2=T]SLG?_V?!T$c3eIP@HG%W@GHI!/AD,:$87GHHLY)!WNeT\(
OX(5Fa>,aZLFI?!BQ\a^?G^WCUO]2P3]W]*<CKX!`9@Ic4;^Y(,CUA[2b1MS=KE@U,=](:25F<Y"GE+5W(A50afC(9Y,Z[K#f[SH
Od<>IFWH,KK.#4Yc?/<&:AdHEdDM=O\SeX3JLD^R/=bP1R%OUCD>$D=#:Q&U$U*B'&6EGIBRSV+\"\D$UJCeS"GE5I[I=BK!*b%c
UY+.5%&U+/O(,,/)+"A]@1f;GH]'.cHW8b7L=+`:a0F)>YN%H:>']GFHA4'G;.;S]E%EA):R'8&M31\MI,0PQN]X&_:Zf4_1GaTK
\?<N/"*+/cSSHXO>/>8%4:_W8K6faaJ&0'&c*_b=>*8Y]0S'Z;:c=:^\@cU[$W#FUC;$;BQbPT]9/&!?TKBaAGc5<:WUS/RWU!"P
dbf^EG>(#$"]\36(0Ob"9OF1!PRNVC6!=7cX`!d*_5_Tc!?b``d_(9T,Y`/L-?1A>d-<W,+aM:GDE9-f/%eQK-[@S&6<K'`'>-[,
Gcaf0c>!c7&03)$2Fd)+VO9/J`d1GN(a0[NZE$d[B%A.UOHFT(VfQ:&\0MVJO]9#X0H.R%'WB;_2I5%Z2@EEN,58Z]'VRBdNYUZT
6-33G:bN[KA6NXQ[<*/M8)9$e2^/AG'.I)]DU7O:=d"4P_-efYS5T5.YL875]#P1Pbb,_.c_GPRS7aTd4[`4>OT9QKE5SG)N3:IG
FP9J(QL+ZPb8]=<]Z7`20;/;QO02YRT%QaR;(_DU7Y[L)0"*C+U_Z-U`[*+e=PU>d*)]2&,.&EFZL+eE.=[:dLT3bNBZ6(4IDN&D
+IH/E*fMZG]8)caX'K65LS7!f8URKWeA9\H8dEc^KId7"^@R8`@7"'?Lc!QN"c`X*M1U^3(ccPM<9He`V4C=LQZ$S1RFBVfW&%++
0eS^@)BJ!(8;J]U\X<H)!I(Q\^$2^7Y_AZ!OYRD'3b+/;,)!D4!K0%UY^[/(S)FM8\''b\6,/bb_]&376+:bWGR*DK&c5+ETf]LU
.[@Q*d?NQ*X7NQ8WI^=VbF#!Vd]>=,&EDcM:R^^<8C%F9IJ8*e+>2b"?X1KR2$B='&d/-0a2P#CX,&Q]-76V<ab[;G?=N<^Q6A:Q
1QHZ;QE=!MI2J/LV)27^>VS+LD()?S@.IdHA$7@B0/>AH;OV(SB8&'\>dB(%bAR(bXZ$#e#MZNIQ>+B#T*aY27CWd1eeK<@?7<#B
G8H4!^GT>K&>RIS"(dHHL6EI(G8%K;dL#$7(=(B=`>;9;eW1:;R:^'Y>##^A6?(_b_=R)RR<<5H7?P)+'Z5V7QQB92(Ada,+)5=c
dEVU+ZT+&[&!6)#4BU?+$HP/=Y+)]IRd(5YZbE!]2)"XUC2a"KX;?[#HcT_$PY&#C=*'8NF4-\(:7U85.AC\,bZ>3af8bbT+LeSU
:\eTQd.6bKN9a8_4V5IRXQ]7&299a:/GQY(<PC=NX=@NT+_!XA6.M\57cFDCEObR7Ed=?#LV-`.?^;Y9(NK%?/cG-+<;KFF7b(2X
`F0aF'>1V.$??O/<A\-;.4G"C$D%N;/WA3aU7?KX!%<"c&d^3(DOQA77<(/NfN]C1MKc4F9/1N-](DO.I%QS;B\%HN\X)3YSX`^7
>*_X!8>M6(H.-8UaE0J\2c\$#5Mb1,]"G4(Gde>J!?^R=J'Q/_B[&R[N/G=fOY9c4`X;T>3&Y.(0-0['P/UE>?E@\?1M@d,35`?@
*R$.&A3>Jc.$&0$F[dGW]L_TE\?I=**M/a,+WDB[1=._K<9,3#>J>68LB'J"=-Ve5]0J/WBL@/MWJc)SNZ3---TEGRX@7EDZ8G4$
]7E%T<-NF:/Zf%YX4CN^XV1Q&?M=>9.?<)B+JFa,5#UZcQ]a->80ZKS/+3:[J/RGJ><K5=/?,SfJZdJ@`,fG01505JH'0c37K(7H
5WAE575KKN28+ALWb1/#`-CH;79:=.-VS['?'W$`DUB[Z6?+4=0#;#Yd?@%JPK8,C=ZWU:#D+"I,F!3V[9e1@D6>/bFQ7N;J+A9[
+B6#I9:OH>]S$4:YCY0/b#3+8H,R9e\;&1*d,Ea[Z=:%D-.b!'?IU1dU4PHKP]a??/+9P$\,$AWT0A_4,7*"/IQH.'a`SO[OYA?\
;)"8B6VfeI9YK/+IFYRU_MN]/R-@$H]b``7Yb1bI^'<S*dZDBLC$>5S+U+_=2VD7GCRaWUI40[f*1DY=:#5"[Q?1;Hd'I^K\\B2&
K2`F\$'S=[M#9O+cG-PNM4/ZX'D4%Kb6WK^PaEN?^='#S6?)EWJF3RD[,BOTZ94L&P*]VY@@$\9;'a-T5`<]ZG_>TI,E1373f3AT
TAD1b]dN8%%'XF:\)8%WT6]^`LO[Ac/b0]6X)E=*eJ^8@^-Fa_F_#?72?^aV2A.[162:4]X?95V9;CFO9MFc`$ZZ@(!RBQeX7'_5
/f,46"4O,XD`8T![e6M1;/3!efL\>(Z$CMT3I5@!A%`+\$cT[0*^G!_9LJ$WXG-ZA8c>.E/I/\H)V"\91)=7)*SK`D-[e[La05"P
/0`M!P"8DB,#TGDN#G+G1F22(9O]<,G(S)L^TM2)*1S%/6c:GKbD>O`JH9MH9:/G3);5<d8M*+*J$;d6:@^E[F+AdDT+7JN)Bf@5
&%bb@L(C:<X)&C/57R0:%&c?'J.J9*8<D,Gb5;!A-`<+8=5c_0V0b3G63%I%G2Y!X?[Z^O^3&58f#N7VP*#;+;6M!`)8=8K60N2]
D*M-+]e@a<)T^./b!ZBK#QU49/D],12a+1^[G3_bcVTX1V*#YCf%6Y/P+I;TY5AQ./%DTf,f^OS%Q+!4I6E!KM][#afaSV8^7O@N
O\R$=LE/?O"&$(EC;K`GT&Q,0\`T).,_7]EI"BR6Z+EDK=I4>8eaZ>R[JFVVfWGc'7]"-?*4VGB].9(V+</)B)6NCeB)AM;bJ$&*
L9[,P;/\=OB%Y5V4>)/VdJaQ%d+",]%%RE7M;/VCP+]dS?6!!F3J:I>cbAP6G)'^]@<M1JeVW`PQI)R`dc-*+;$U>;2a%F(KDQJ@
#D^+'+G8a9a9,:(<IS)-T52+\,LcC]^2FfOcOW='9>XTWV1Ab.?_H"afJJOS6D_H=B4\!&M'SDIH8;>fHWS+a*08)$IJK0!%ZEVP
D-9'C5eGSR(3<AL6"G`-/aSW#5fA]J[93-6K.ZIN2@EYOcQbUE:`.'KZ`2E:MV(,1>TfIOfS,S`-fU%!^C4CY8D\"76'_*?FRUB4
eeKTec5V6B_$ac?T0!P)21Za6Z3'E@E%YNI'W5/[%W]9WMYT;HD?^MP#3@,X9V1[,K*ECS,\R(=Y$@(H=.O'&._Xd+CY(113RLMC
8Sc\.1#f4;@Q=66XP%*=a=M)%d77H'%._)d2eQ55L'!XVM=B20`SE_%N0%LM%/[b]+D2\dD/Q+aASH;HT\%Oe/;G!,]CcS!&\@%D
%S'M>VR]eT/W%S@1SSAa?%?Y@59K,^9;,TY,#)@M(P6^]FVR-M=5E(@&/:CB*MS68I&@!?YQMJY-IPJ;Ga/%6Q@24F#`a49&?ZK<
R9C9F-X\4LO9+C':W=5,!F,EXFA7Af7+fLL:75YR-A5?;,;3OG!HRDE%8HH28;b%[S[C7MP:b^RCKG*@\?:N%4dV]/c6GWD0*9D?
fdR<)9f)@$/!d'FbBe=7>8*WQAa@aZYAU`^('BA<R6`0:^F00'(ZYWd-@W4H+=2'1!4>f)'a>K&E:,L.BC2!5D4WT;B-@'LIU)_*
SRdMZ-`L]K_+WU+;,L:.N6KEIU4RFW%%%]*S-*L^K,09.KUQU^TJ:BdIX3,U#+E)+W`VXd>Y@$bT_!%YQLba3VUJ1J*"`"OQE+(b
=@CLJP=T2/Y4*-/B3c7/@1e_#]*)YV@@Z!?UW[D#K56Pa0G$+Y/CZHP[<N&MKHAJGe_Z7C;$\Z7&Q2";X?8G6X'8JJ?aOI?8-N+^
GHBbefD1$`S[V]S3!B.;BM*%d>JdC_8Nc$@U5W5H$S@CS#\#aJ0)(3Y4XYT:9Pd5AWW,>.;8H$*J.aaK"[06%I6,6YM&S[H,7E^*
'+NZ`T94R_JO,e#_Bf1.<dM34P]ec/9W$H_cR@^7)P]J*VBX#bK^^KAXT^"(AB*+^$M.E,)>a@UR?Aa\EIc+c$Ha%<#;D4L?-!d,
16A+F=3+1,3e)",5;:=`_-4Y@A[&L3A&)V.H75ZMeH$1`1TR;YJA#52X;`%K=?CQ:)_6#a[;1#@f-N<DYIT'dEMOUa>FMNE3Y,0?
UA'H;:5Pda3KK>SQ0E^@<"da<-LGQLf@H@<U"GTRQ*JF$73YVH=(_UZb*6$!,F@FH<+"GfWLPN+?XKG3NMMSd_KYeL`=QD:0LK7D
%K&<:WZZD:&@0>P03#d1\(ab2YH\U8Y+b'>KEf(%$]U&9]_@_-^^=.c9]\;-@`ES&`$'4FdA>621"-d'L'c?P==FEFW_HMfQO(Jb
H>WF5$O8>&TF[T0BY8CPN\,O4eE</d)IAC"HQS[XL7STN!>_P#SMc6B2f=EE:XbbRW'DESC?:-0XFK/>;1?"EJ3"H>K<]^!YX:%]
%HLb/W-E7/[VJP<##DCdSF0]:9D#8/%,U/4RI>U;H:M:9LTPT8Ha+4OYcF:!8K#1P?VQMHL;SF@`6beR&S\)>:HKBY1Pf^<Tfc;0
XJ"(`S2PB*ESS?X:2=e^7"WZV4U4(9EVZ&dKX-SM?DcT"YRY4#GT[(T=-1fZHZ4d$B1>-C0"SYSW+LG-V-3^>%X<bZ7a.P@2?E`,
`cE8\,^K?RT4"TQ@J`F@&ACdPF_,[7%V:,&^^3dJ#SL8;[1Rf9R[UFUAL\:QD9?YL"L[Y$fY8CGaYF8)&bA+,26+#K%VGO`V.H:^
EJ"H5+W^A[-db!5cB-67W*(0SM:@&X`T2LDUM7BO3RF,#.BZ,M=$W[_]:D$S_3W;<^&Z3`N=,#^9;I*NRb2H&REA,''UB(E,2XM5
F)=*R#&SJ<1=1$S.^%0N*5J_G>6,U2U]=1W$HZH,#,?)R(L8=K[,YO99`6"bC=VADX.N1$_VE^.dT]HY&3Ua2]5*%%S>=H-b>&dH
P"Y]Pe1((%+K!%^@^&!ZO07KKK!`U;4N3FGLPK/;\OS?"R0"7%*BAc[):G76!/aT?2RAAP"M^234<0`JZE[c1b/[().C-$\T@HeW
6Q_cH,@?FMIZ0*IX>J>""B?Fa2dF<_TM$R-HP41!.>I''C3"RZ%/(.NO\/[B(M#G]QD.K#BFQ>CHC9J1d+=T'K.F_*=8fFRCDKD1
!)'6NYK0WW5?`"KbCZCA;*#)6a6bXf"&Lf\]FV<1QC2dJfe?!c?=4L[@d8eJ9W?25V#2c4,(L`b5bK(XS&@T_`U@`GQ?T,"-FSW6
(&F*ZUeT,I*/)"I'fA?4d'4ZJS![f_V?fE6+G\_F@C`*CYc7#\^Q(8PTc_\2G.`[90\LcdaB6DV-T"&+1TX"M7Z7Wc]]9_$B]>OT
M,H]B-"Y6X[I890T7RR_]-AH5#V%>_]CWPY)PEd(e^:38<!*18<_@#^b6'*I$-0e*d91)>I@#7/I.8GOCQEL$+4M24O'@^XU!aWU
c<b%A*;0[=/=C=[@^bSb4\T96$W_::OS^V(</e9H(^>EO<PGSfP-4@\'.X2%W)!P?7XG5PT(cFC#<=7K.SXAGE#Jb72Ad;H[09;S
/`I:/WWA465I-5I8L-N)K*^@/-`LWOC2UPa28Q:!2SZ#UC5I3GN)?<:bWP894=B!T%[L8N1%L-a[UH$ZF6>K@GN(!.b?Z(VH-fZ@
\eO!;8T5.G^c=T6"-R5B$$I/W@d^/T2F%I#^;Na[XW9UR#&Q1'ZZc&!4=(C9.Y9b@9="#-6aA-\!.J@SO?U+D":/fA[0[9L8K@!1
BP6JK<@)bY/"EI#:_7<-@-=\]'6X<8cA"Y:Bf3QJ(KL,6-bbDf?V#eL#Z&]/K4)d'6)Ba&!`U*D,:I/)cH<\;<f`9K,;4f]dB6F4
?*8*#L*E=?`SU6`-,_G2\I1KN64=S77FcJd&eYC#@>ND68MJD81USJFX=61"H<Ucd?LX=:[B)]VQJ$)EB3D,:XUaa!FSI&7G$IAL
7+Z\:EVKUTGbA9T#O^@4eL^RIR?G-UM59,<8Z`[fc*#GB,7[)EC"LNe;Y4&b-'c)W,H*2U>?/0[V,M_Od@1&<#,\[$+--V;+N.(3
3f.\XUU1S,93!\"FH$H(%(Z=&@^=D@.LK(5)3(K;&WT4%[Me#WQ^$e85^&&<EcN!%D%6ATSHN4?K3I!BRC&%6b'R*L)7QA15EF'U
F$B-GBEc935d\@eCP9K0HW[SfX3AfUQ^^C>P]6;SQ9!H[6*EH1RMAB>d5>XN4V[L1'H+.S3aDP@\cd_YR>d5M\+M:S2"[b&OL-(Q
3Z?GLf?cQLTKT_*Ie-2)SX5@PIP/`]dB#5e_+G+1e8f#;D8A7_IR['"7<30GSN#`Y.<1TfcG7PWJT&cI>S?-,P]?%J`;47^ZP`BV
\"R1H+=77FCZR?N9<H1L";A!#*ZP@PVbZ_$e)O^+<D_]=;F$NB[.,%8QYaZd`S+Kf%ePe)"f)&=%RD'@RU&83DfOXTA^SV>CS;D^
W8Bd&D9$3..d9L4_@K.[,UW@N%<@)>Y<+RY>F7N7MJ6-Q%"#639&.`f:8QS#Y42&O)-\T"<*CN`Z`K-(`CG\V!f`V9T9PeZNb"(*
XJDS*c.ZJd`^SR&^S8?3%#8b,R\C2(SBd0Vb[DQdX]AFdZPS"&A;3c@5OMR>Y*<XNR]16_1&==4cZ/A76QY35IUO-N+U/&"9Z<\P
]%,eG8OZ]/&SD'O`&d(/U7a&G]^`fd=_-\\Q>[N.F-Ff&$"Y:^D8f$E#-VC$LD2PWZS"]a"aTQ3ZB9.ZN1F@P/.a80aJWS/3>7_C
c,$'E#<4S%Q+4-.!Y%9<.B:Q+XNfYCL![D3eK2H0/&:K4[Y*fI;:CY^@LVaA%XZG>+Y>91,ObS`WF.D8^ce<FcK^4S54Za+5$IZ/
DTB\N&E[E1:84c0*4:.W7FQ$0\K5?P(#RUC8/9I]/].<J`+=e[e9HUKYA8575+WQ#HXTC5d`VBIdT&Rceb2$1T:/Icb'AR:]6`!Z
P?\ePL9+]$/ECA=f?"CdC0@53a6#-Y6UBEO`I1-1MKT&LW-ZdNGd!COX4:cU4XAF@`J;\-1&[:GT]1fT3%:KS##db_Q_$[?+H6F0
9N5_7b38=<CN9+b;\\%(<I[\_]`B$#D=8EI]+L]W.K_<#1-$'M(#=."8a"M,.!]6\^_$GT$,P?,Dd7JTP<F0X.._/ZM`7b9;$J9&
B>MPL0,NX0[M+OLJCQ?Y[B4+7C9%XW^/3&QGPD$O`Zf:\]80\*d>PI2ZD+A/SEA1`YS9^*^_F?%U!`Y<Y`4P*XcVA4_&HOR)?>Z4
1])!:M@\10H%CTW:%/>Hb`).8c">+GZ-L+P)70'1M61JQCNKV22J7AMUdP-7X"DR_LJB4c+KOH6,4E8=.$+"4R2G$L8Cf2G-/8GQ
<U6&-85_3PDe.HUXTIGXI^A"O/5B88*-[UHAbC/47?91/,*L?d?YD2/cN/K'@:'aE,Y!N"!=G+ZESC<9A0I89,Fe>-"`8TD(U8N3
GB&29M=2F;@5X&d(1H"6=.21FLMI%7b;:1G4:"QP?@`@@11=(\O;Y*GX`UY&I(J.Q4K2&.ZX\K/&BT:7!dBU:KQ,c1==QDS^J.=]
@EG\Q,$2+50J<PU88Oc,JYKY2P)'@K,D62YUP.`c4'%X^L5OX-5K*+V7!Z-e#(.9@8,ABKN9<T^A\_#?ND1K:D[YfT86;W4e6]YV
$?!I&$)5&>(>XVXL$@EY]d>SI#a8TE-e"`+E+>29R`F=8edV4d8H<Z(.I>()+H)6_L-4+"8cXH'3Q4L3(_RGK:S)U#/?PG/M+=ba
(J:feYOJ9GW^4Ef6RY]Z1O[Y;0PW#_,d[2QG)R[*&fB(WX<F>1<=2H_%[XcNb4UG5U?JRA06)5XX.08/Ka<`IWC9/R<%>@J#ZBTU
?2GP+-Q;+Xd.c6)%0/*TJY3F:YC%P'91e6,?D4IKHE7CVG/=+<O$I-AFN\96YB*Sf6(a-*ZA'2+dF+VN;IB_#NNQdPd5(X@B.<DA
T<J1+1`bNU-5><R>7*Y&c'%cN9E5a8M)&S0!>^+G_FD'\)!#@?[(8W3GC`08]BN<BY>M4T3Q8*GGD:bI-GJY732$/9=5<&9,I-C@
YA=N5;2)NP`11!V-#6PY5_/N(7bI-?`P9JfI:e[&:!_[*bXbc!(e34A!L!1'KLG![YJ.K=4U1UKeAcWcN^D]]bU<W;SF]7#9'YD*
&=a;E<%5>+M77X-&We).;KU9B&P.67PCY*\17J35QI\a&1U8e[Y0Tc+d]Ue4K,$O"JJ_QSG7DOY$'E*F<Y(GN%Y.b!\N2.C]Ef`-
8OQ+WY4.1P5?`/c`]DbE]H,OQ0:#SL**@"'1I98Y2$;GebU;'&E5Y]+HMW$%*I75RB';.c$Q""W-81$YX;XaN]10C:K95*P<S;VA
LDX0'6B%]YD#f]6[W2*;UYGAa0Z&FQ0JGWKZEXK!.+CO:,eZbfF#<XX"S5cH8"H0NF3X?FM\`RK[`?MO4B_%#*b487e3QCafH?#M
PF@W9F%ATIWZB<_*bX-WF>BNX8<<.bCQQ=-\9c8S6a&>ZO.AZ*P\9JX1$8BC(#8__/:;H%)f[`+\NQ[5<A-C;E:FIE\TP0/b7Ua5
[WA<C?/O_#/_TK3O./U414GJ1F?d"aED#*G466*2C7'=?SDY+T9Z:H!F<)N"^&)F8aQU[a4"[&O$@/]LJ9A;@:]MYKQK0fQ#&T?Y
T+9*S<6QM7_f[PbS5ZYFAFPf8:LNd,AL+DLBT,-67Z/O^ABH;dA-?EaYD?[C>ZW'f!4a@7IFfI</O`da[Cb+90/;1_M>A4H4B&+;
5]!O7]%B?IO3T!`*(3L2fBLWd%:(\Bfe&O.d.$Ja8>Qd(]97>4%SMW?Y(,>`5TM?%Z-_F@+>4?ZYeW<5'5J,RI'%HJd04bD].6`<
d(3>%]`%9<G-_f/)N9!MXY^'e/L*C'M&\SL$=X7T5)fY)`5_0]BL:8\SfB9=?87*/$c!L[C`R7&SW$#8:F><1K#^9VeUK!fLI\Jd
17)B;'*'7MLE<>Yd7:D2=H#c2.@*DF^GI@RDT(3;#_cU01V0B[W/-%Q^JOA:.VRM-?<b;WdE*/1cZebaLC[U<KBIV1"#J0=>@!\3
.#5F]D8!`X,T5<>4_5)C..9G\02!J<G,dKEHZ+X_R0_#1+C+bZJTQ02RJC%^FN16G+O#"DN.?;:#`SO9!C.dK5CC?:;HMLe*)O4$
[RZ:DQ^U>G3+1`$b=/I7aV'^VR)W>6-HP(&>=6e4aSBI@@6`EH)(*@N[W#Ge.<0P0SfQ"7R/;%QT:d8-HE9aIHDP.B5'DD0XZ&;4
f+0_%(84Ke#Tbe9MRdZ-_=C/QN]bVPB?HL_E@VbAW(&d)'="`AZ!aU*U.U038BYeLYa\UB"7I(@CZWaH:#Qa;X$dG'RB-!F^R3b<
e+M/+UH,(LGEF;SG]G6SQ%b>SDKJ-cE93!_HBP$`KL>4+>7\"eX7'0L)1AETf!F*AN8F?ac5S$c7bZUae/AbO]ODAae+<eD,Ne1A
Je<a\3YY4(A1_`&`CK;c)F<^PJb^T?,e#%##.LcF*JO`KW8P'Q#2SU2G^:'AG%\8e+BTJD5T71;CED^5RS`\-3f#J;=RB/$Zd=?U
fY;][$b-YH]:3_6bTL,C'8NAPO6<N*@Z\QbPeF<TK1>PKW`Q&$^W7L'aXC9a%I7!DT.-*0Qe4CNZ$A.`aDT.-W0C5.CDF)O&4UYN
F,OI9$R4F7L^Q_6'6EM_-dBYQFDI-2c/UU;3_P`^"*SUY)AFE&C`&(#X?C-*&C4/eS37A?Z??;?FD3ZL-I&V@$?%.-FY7/@_aI,Q
[K!S\R9='cWN@>7S5WZ[9+7P`E4UQ\IfD2ZbN1X!=e0(X'aCA]YQ/f_d_cSEJaS3Y03'eE#S/"RA\>6;5$<@fXVT@6O'2G4-P+C6
OP%B!6VY4A!,_(G;#[^<VZ)7=1DO%$>BGa!+(f'0.$<M5SC#,DUXe<^BG'3FGN>cN=\SYd#T(e&a.I/O0(_?N9G3YDLT2E=9-.LK
U'Y6T#P=)302aW`EVC<:T=]L,#$RMZMW&\4K_HWL9'^=?O49`CE94O08`;UX,2=8`L%'.>f-"7XN9EFC.R,9`S1XN9UUD)cI=?8O
HA.MB$@)dP(`LaLB!Uc!Y[@\$QRJ@IXG==dR\%'Xf,Y@)71TS?8HR!SLF1bX7c*M-9%!!QA$?8\K0&_1ON`VLX_RR,!<0(_4YJM$
(D(*UcD#9H0_POU(!=?UC?#;?Pf-W".;_/V*BD_:C3-a4(]Q3SH<7^PWJ=!JYV\GL"c;;"DVX%UL,""482#!T=>$R_P`+UV$@\5e
)&_\RY=?YW&8/`3J5!*cR"*HNAd%`0%fYM0K+$ML^R+1fF(G'N*`Q?MT!)D5T>D8['V7c8=N>Cf&0(EO=Q,AA3cK1`VP6b23.AIO
M?&TOI9QBN#^H^b4(Pc>6A>KV%"U5d?H)?d>Z(\_%ED;5<a5;`*ND<8Q^ISX>%:$M.[a+5dQY^BM5QQM`NcY>d%2dJFX>)Ne,2bc
G&F^%:QQDEPRL/5;.7X5[_aW80DEbb:+D[CYJL$O<&H&&"MJ*AAbeME"N#W%C/0%IS:AP.V!Bc]'`Q>=7G^FY/IH4^%df.=^*IbP
%>!E.<YB]d/)aUef$5Qb%5S7FH+`P?C8^TWHR]"@2F"TbGAP,:##a&5OdX*L@E#Wf/[BDQ<[HQ[;<Z#WdHQ*%@PVD9IaEeGG;U$L
JX-?5-_$>P9H9][*S::6d@/_bcKM.0B53f1`$@LTc%;,XO('BBW2EURX\KB02A[=%(STT=1QTLEKER,=Mc7"I^E&'-ZB]/T[He%8
D##N>I65P*1a/a-ba^^"$86=CLVO1L?'HO#M'36FSPOa+2U9J:Ld)6T03G?*CdA0(^%J"fE)E,'E%G.=JGTE(a]N+N(I'6G+D4Q=
JI<B:9ZaUDR-$<YXCeJD?+-4dN>^`C-(LNJ4Ob?RUa"^Db=4CUY@9^Ua1!;\@]W.//DC%.Cf?NJIGeJ(&8ME_acIb+!>+4RM`-5)
;5S-\/GZHQUIZ7_AZBTKXc6:I1KL78I!5'V;RE$$_I*2N+HN*a]BAa3N"MULL&VN`4[A4[A82A=\W_^S0Q]==]M+1DEY!.17eSB@
92M\^c5_Ja\&RXWGcc=Z_0/9&Q[C.OC>]^"%))Z]d$C,F]&N>!>[8.@"A"]0_VV-Y^5.^fe:$^XS\/5*#:EPcR$=9O"V8H&QN(KJ
e3A,%RXb?aLV=,'ADK*WJ#f6/-;VX<"K;UN7_Cf"KP;6^I:A%dG$"C79NI.E^>e&$Z^YDHYV4/][B=)AUAeDb_]K)`?=X8)fa>GP
[(,fN1BF(GSc0XJ.*=JS`Z&=-.1@HJ@)>dSIQ0[[T!2U'7U;M:]^+"5G59I!c?N%U1.]#>1S95.$-\5a"%fEJE'%U,@:Q`ANa%8!
[W1E0,'890MBQ@`YaYQ4U03S4"T)59LdDQG;PWR!+a#MEKL\S$MYC7[F..G-QPM_3e,U5MG-Y@L;OQB@@T$5]+eP#Q\K6`fQN#Q`
J[1cD0@#.H1T<:&Q8de//Qe?V:$`,FXfOSa^OPXBWD+E55>,=;TO9YZ)b!cdA=3cKZ_L,@<T?),TM64'TD#3>(>#>>>43U88)L;S
[4#HCI`0D)NID4e8\/bJ"fE43L.:c"\deU;e+E&%9,`YA+8#cV8?@.LC./!"Me)&BM(K/F\^!.L*I&$bO<MG`G`%LMQc-)5`!E:R
X,1"^T)3"*:1#%W/f,!]1@#H!4U<N`4^:cO4^de'^I)A56+IQ<3J*<Y"0[AXAa+<>[.^fI>fP%SIf%4`&+++#5dTK"H.I.5'IT0I
GaPUDC(SL;ILMBVW>/C[AFZ:5Y!)DN=B_JYV%)2a&PV.F.9:5.:!F)@#)a(A@Y5()`bW0G/J4!TJQH1#JI1)@/aD0YW^HYC]Z2SA
XK.).:`MKaEDcY!;73"?+#bd8:EA<a(C/(26ZHHFI$"0Q*Hd;CJNOT-R++Y_E'=A2M/'46WB\444'^YP:<Od&JeIM&U4%C"GR:OT
QL1<H"JM0U.9RO#;3-e#$]8'.1&Ec@#%VV1\NFI$a:5V"cZ40M[RB$HHT3dWbBX>GX@4:eOOF+3>O6F5H/SF8I.M$fFcOT.Ud5V2
+Zac3<#2A))XZ*2@P"P^/^&\="JU_RJ/B:GK35YQ[]`M2JN$NBJe^\3%ZRA_3GGGIS@19RbPfb+D72\BQYM]ME"[]06UM?!"7+=H
4SP'DX`"X&>$Z](dGY4T$@@(G*cW$(:+e6PQaNaRNJD^V*DF;@!`_8S%C]X+U\RJRDQ_!1YHfVS1;1E7YX%7QO!,IX#7\BP">!,=
cR(b6Cf6(7)4YNe`dP0D^>M/f=eV30"!SB@&S;7)eRf,AS%`.Q*NZ?HQ_WA24*\c=AOI\8*'(:@N/=P<_Z#R,U[65!P/C%MD2'"b
U5C^Y98BM5Ic/[!,&1F@+Ia>f>_J<+X@_B!V`^]R-!QJ3.,/+(FCQQMQ+'`8KP!L(,3S>a)R(!&UWc'(Y#>Ae!6VYW2\E[b>FN$1
d>"U"\O?dK[=_?JQa:Z#"^]Q>C2IIN5D2L]YD)`)Z@Gf'_\RD?&&9(b/RF?@#AHRe'03!&TE7Fb`-@U82>@>N?0,U^-8KRKT]VOC
[D3R%!`J(),3.GbBe(Y6+<N\/^(E1f1<+MNdeXYC:3#4#%>M&\b6ACPB61BF+=L?Y:`G?1A&XV@B6+K38937f%&HWY`>P\eA6=`#
KW=%+/$dDaV6#CA']CV56?XF0#&,X^V\4KG?GF)%7OVIeQGcS/!E@#C7:K9dW!4748OAQF-$8>,Kd<JOf>8X&eD:61'!/3?Z3H)E
B8PV8(S[KGTDU,PI*TDQV7e*=BeVdReT3RY&]QI@QA3G46J64!8W[3BQV:&3I3aF/LBNc1)B;/UWR&SFCP\*D3*_RKLBV`B;B;2Y
98Xd^6H>7AO8!QF.?"FEK*Xf(<-J&KR9(6N#JU\N+BA9-_9&K2:LIET7dEbQYR6+.e3AL*S]JE[AOIN)($'R>@0%f(HY8K^YR7^N
QD9a,6R>5"XJZ1.%\Y\6_8ODDJ-12S?-(d:B5.aVQ`9@aH!bP`[(aSOAQcAVB/D(IfI,?"W")=%(8E^O:6K*6cHRQ#O=-e&a60-D
&D8/Ce`^Z\#SbH>Y*(,-5HQ]Q:`.SU+e&"2K&ZbD%)Adf"IJ(W#;J(^Mf-6!`He.Gd)TORTZ]Q[[S]YfJ8.LNaFML#E(f'#5CJ$6
a8%&=PFR3:,5HL;2<fc>CS@T.(^6'/V'1OEY%?QS2G@3_U2J-"BY_=cS)TU;F5:BU#*[=PTI3L3+c35,$<Zdfb12'La%F?5L'K6L
&Nf,8Pb8UbUeM)I27aJ]8c(a:]BJPY_fW''M6'4A;@+4&YUM)*f;JINdZQR<VL\.!);&Y&c24AYKB0B^_KeBK&LBYJ)S3Z!KQ<"b
C-1NNO@T'M3;1XYX=B$!MJe+C8e]MWPb>7UcL]-B"`FSGfT='/6*:52D`N7ZS05[V4]Ub[8)f+NZId*/7dQ)eHb[<JF$@6%\/O)#
2[%<PI$B?&GQ4F<VK>\LJ=2,@XWI8!+2EcJa<A&*P04Y;G<,%`EE?VS_5R:`S&7SLc<:9KKFb;ZaCEQ,:+dYX6[aE'31VP%\N+VA
QQ*9Y,:&/<D4KH+5e2'6VNR[C@EA$KA@@?2fHb)V;bL^Q<&b219+GG%@9L#%-bb$IcL6O%E"7XN]#5_P1#8&eU'4]S.#5AX3('`D
)=L.S>C\7V&L#KC>U>OR!:%/'0bK_;>U$B4@"AEJc,QF6,f0*2+%RFA[[SWN^34BdT:H12MF%%bM#_I`b<TRSG19JADO0=\C/>2L
5\3T@/HR-L?QI\2S0+4BXP3[L$3"&HP*?TMX>bH\37V1"?]<8$2<9![$D5_&L&?XYeTW\=#XCJTJ&QebBCMQX1fGV6=/=N+-Dd`e
fO<)R\e=cLLbK1OA`>2\YQV]U6QZJLEA;RY8dH?`1"E+%*N]U=X_`LP&:]"$.M:*QVHf>\`_Ka3(A%Q57:*)#G,%&d3D[ec.T7<T
5>fd6H/aJK;P2M=#O=a.&C"3+d@deQTUSMa957,^*Q$:<@a!;WI*6YGc7dSH[(9!7b8`/+/?!)DPaN_>6cNT!AP3?,fS#D<`CMZ?
F<U7RY^\*H5&Q]MC2GW]c.X86D%+bC*-A**G0CZN'_QW^RO*JH`>!&I6#[.JC#=<R?D-^6adL(+:OTJ`:fY9$fEFU_T/L3#8NP&^
MDM[ABSQ7B]3$e(U,a?5$e8V]BOI>__#e6+7K1TPJ?9dY]?;EHS7O]*FSf/6'.':Q-6'5==J(--7$Y^'<>3$Kb^?Zb[a/[:02!K=
O^\aRQ#=7=3`7D*TfNP=A7^G6[f%8HW,C20ODQd7,YA_<PBL0#0b-?_1NHOPG73Y?a83C>Z"*Z6BT6!7$N1S6_<K\:\FS/]&%#_6
\;DS)?U>WG3._;*^$OZ/?&#VMV/d&_<fW^YD/=A/M2#a?dLE+QA^]=!"7:^"@0I=4G.='f9'U8;\)FJ!5IL1:S57Z=(]AKdV,M^/
N<YFH)C;7F\1(%20<"#!:)7=E92EO\_^N-GGYX59S\"NV?#$3f3[J*@0bbMO!W`UDXIQ5V/<(B.HTD7;-'[X#1,305f-e_=I%2M"
D?!^.R4#A:_4/E=HZ`a@Tea"S^X0,>;:II1GKR!Ff>3_C5^UTX3ZE=Ab@JM#:F=7[6E$Y%=ZOc2M:KYTP$<\@c+?6fC6.W]/Zd!K
H:!@([cJReGNVLWUf9CO"`Xa1Z:3C60*6PQ=E`B/Q$NK3@4*<"Se;5d.BeV`Yf22_/b;EAW_(Kad]5@Y:>K"&>Y)O5D3b-.PX>?-
5WG[@>6LD[R&><)C,,P894L5RZ?aH\!FTQ%dEf(cJ/VI1#,$.2:&3BT##SBFO!e.GE_RPK*H.%.0?e:!F>:VCMT![4a#D_^J=4Q"
WZMXK16##$G)`+61(Y4Z']9ec"3O4^92I3Nd6X#eZJH!A<Y.9Pe(GFH6*[`9=;dS5.ea"dRB"cb^4XBI**NUMF$6UVUOc`L1?7dB
0\:UP\+e5'.SN0D\(X[F8aK:a)$VFAJ')?b7XY8;7WX-GO;?K*Sce<>)N;]8FC8EL+PE@L+e$WB=&_?5)E*_]GFX`.LYZ,*d*0MT
-3W2[KFX-/XXd=P,N2Z@D(-6VUeT^NZUBCO_7$X_a+<OW2d=Q`Q9TG>PcT3EV%VC-%bV&O@J:E\WU\V_BEXL2a_*DdVVHO"`Kd:[
@.7AP6P@L;Q9),(I0BfMQG*$DQMF)^6Pb7O?LKa!d4W$9+GB?T<?=.J\8/6E^eDbFb[d7,b;W[2(G#:3S<2$S#c0@FQL`:RZ>L[H
.M&a6!6<GQ*5dea.CF["6[f3(`SLfXQ5=Y<Q/4[M`V3ZWV[5SA"4VLH"]"HI@"HWV/T;KS8E,49*fa6LI(BE$)(G`@VFI`W=]HL&
W@.e=N0USZH&4EJG%%+L$)&W/&WW3Jd<fZQT9U,^"e[4#BW$#%RYQ'.G,8!ZKHTH:/3H?DDZ%C4=ES]X1`SV;%aQD5YLXdZ3WI!W
;$EXGW&!c_G8$92^52-c?WMD6P';!,PD9@ZS9F:e=-ef@af-_H*QR`MNF.GQDA**?%f\>Z-:=Bc>fL\IBZD%@N$cG>(*T4P^Y4/c
dG%"_V'd;Ub,[TAD3_LUR0T+)92%>RUIWA-.PGBPH$T?EE4DaW<_/\UOdcM8B9DM^...74Q5,_f?H"8N6"Ad!:J0fU@K:JU*A1&#
<^](;ZEZ]6/,I(JAJN*,%NJ+X@7>5/<Se*_-HP`;TSQbWUD9<c4>*;,G&99CT3aRD*GGV0G&;X([PF:Y0I^TG00cRX)S\X1[+ST-
/N1fB9%UMON1[_(MEMEc*&3WJYUH+71X!9Mf>1JdH9\(O4NF.=X$;)fPJe>;15)XNU-3D1DKPH[;8>;N4LbWW?_8ZR)c+)A=(U6U
e$/4WHI.B1S$01238N$W2!?UP;3@7JD:"MR^?($)G96[EK@e0Cb^"@32MH[<:XU_;fD#"BHW\URGX'BO-OL\+&f='Hbf.8Q4f)S0
#LHfR``-H9W3`c,&A<AW5;T2B5Q):b_J6-R.-Ea<?M8#+7=&;>1'K>;PV$0.\E;/XPY/G/:OXS;Mf6]J=<G2RB,)Wf4-(&>KL<Q`
Na1H6!68#17GKM.f.a8b_V=8L(6a2f7DJ"<?KDRFASP0P>CGd(He(>2F6K!C>/%,!93&HE'?3Z*fb&H/!SF7]F?85G#EC,!TRQVb
A/4>FbYFO(@;Y&VY]'a;)0>5PI3HUQ(TR*-E*#J-I*[^M1M;\)@;Ae4\O",.,N)XH?0AH%_?4=*4RE=Vb$eGQ]7eC(!L@XJWF8H<
AARTQ((a_H2FP?IM;T6d&&*`O),)T6[W9T.O,?Qe7Cf!4%&$0:e(Z1C$FU<M#Q=]L2>c1><#M#_a:b`$1Za$8)8]7F8FQBJD-X'F
IB4C#L,ECQ.VV]_^K\?Z=)<H]-F\LT;TW%=>f+R8RA;@G&AMK\KF;T="aM44P_ecaBT?b652bZ_02(YP.VMWKT-^`CS6S,5CI=*J
)IaK!I>*/\+32G1$[dd3](NTf;$5&bD!(@Y^P-C#YQ"Ae%Q%FfQ)EP*+$TC**K`@R?`\OGSe>O$0?+FO2?^dNV)7$9$X:&B:RBDM
0M(aY*\9PN1^'.IFWb.O1`[:#,@1?!Z!9,MX>,ea.A*/?Z&1cPbP9L<'b`)'/<^2W_GWB8^3-0]Q0/WceD13>@3I>M0F$BbGWM^=
Y;?W[C^=3.cF4,Q&A3W(VdF\.Y15F,90fb3e@@G.L,A_>b`YN"+HS+(+TSK?6*"#]FDJ]\?'RP:Z\C!N<%W]KP5D0>b!%OM"J]O2
UE3>SUTTZZ?YM<C3=0\@<25'\.-[K;8^!?K=MWP"%6Q_/(>)M>.=0\V)FTcGd`_7(W`7%'#TU(SP**R7<S-2\7d#D6A"&c`Z5]PL
Y/?-F_Q_;f+PWM1N3ReDG=Ab38%>=:<[#eK"/@2)1Gc@_"O5CaDUG*bCA+H'YUQ0U?>'<^dIU5"[*AI[2+b`@UdT?[`P=%_8!JJ!
(Z.^V"eQGS@($,^dDU)=GT"],4'6(]0[0ILJU1@46c-8DI%aWT]-K)b&62[L5Se9;9<)?7Q/&FU>dD26f/,9J4E"]1TdI3%,;e"U
U]4V:-]+UI;U[Z[e<MTQ_fEOGa9C/J=O?KP2%I9,4-OTDMU^OL\"3b!W(\4L<F@>cEN*R2ZFZ?.M8;ILT;/<']J)RVcL)`%B72%R
5I.AEWafJ5.-]d+`225)4&BYW*AU7T\XEW_WG2%0Q+V?-OO)(CS;UaP@6:b*?c`bU(#TXV1>CWX$`V#EM?[@fXdP<U%6`fU$<M@F
P=!C/dQ3?_'f>KJ9F[;aHEM*,KS7f&FZK$YN?O-*U`(M7O1LaP8GXY8bNc/\+'KKEF3?A_?,U_YL^;^K3^$[A';J!bf.,(>X(bS\
E12*$d9@&B$a-#VVRQT:'0PSJ06^Hf&E3eL7"]3-!077^GK1Y67@0):1W2EfY;9&aG2eEB"26/$TeY51b'.XQJ(W@#.NGe?8$K*K
?/LQ@,\B!4XXL8HC"=>H+^Z/MV>G$T@J40M7EEM5>HQcee)XdN^P@JR!1T$DVSRdBO'>$e"0]T^QVVT\EXBZ(;QD59C*V]=!G15/
J:+</`e\+WVN=5MZ<aR(*MIHW&E<^&#WWM7Hcc!V>-'1.]%W0'cUde&SO[?9"^B>+<$AE)_M,29N-Y2JSQ:-_W`aU64+4D=&>94.
=b<N*[2M!,!1a+/f<Y=SEW$,?13Q1@Q?MX+S-/`3J-d2.#O<OP)F>T8$*3<3XLMeH]]fS\MD>W;=I3E2-]Ydc')SD%8X1;V2*^2S
GO9KF>ZR[!]MNAEQUC]bJ[NA'O/JHAQfI&._+LBCe_B/<HZP1FS3],"V.+XF/.1*Mc^B(L-Y305PE3I+P=G?&T0[fV.R([LTJ)!2
F3S@)[)'EH`/I]MT_e98Fe$ML^27;2-Wb1+;1K%V2PC3@f9V9J&R5)[JUU5T$A=eJ-;Z4';FF37YG"(I3/XGQZ,SF5MA4H+N\T53
?=^,%:/,d_*-EF!LPXO+XKN_2`5d+4NVA^Y/76P*L,65@H2'9McEKE6F7f\@%>-(PYB7W+3Z72IWAO"'2'"N66aD/]TUZaL').P;
Pb?DT?YR`$c:c"d)@Z>CB*>I(FFP77QH9&>_R6AYa)PY;-(&F)#!Ha(Q"]KZ>.b"RQ+1EZR>!?$/=Ie66-$,>55]0WN-(,X*^LH*
X:!,eL`*[<03V$#=E.eP)C&]?b95U'K3BN(#Of);/Ua;Ze[\3%EA;G=UMbS"AFa&S;b-O'RDM_92fEL1A+Hd2)!-FLcPPL<D&*PP
$=K.`f-R(K;EYG%7D0FDVR:!:>S1O+FM9'?9/ADLL,"@@F0%,3#a]6"Ve&3@5CM&/^VV("eB"=T.4C=]N+OY^.O;[GRLJBB-UKAV
72f:ZSZAa_!X<F=NE<;=E[K.N-&^DQN7?JI_&Z&-Gd]D4"/\U^=eY(:e_C2$C$U=2*Z`c..*W1TITH:YS'N^<)#U+#`GS3JA*UF&
^:/^&\_,NV;(_e?,:C\`5WOa;BP3]cU1L-5X3#eP:QPPT!*A<P=1'P!XBW"[W#$]NbTS_%IZU5]<].O.DA##b8$G.'+SV-S%%6?.
MW&6<5(;'M`RZ$S!]HQ6.D"RHS@6(`HW-$e?3b>KBd8]"@eXUH5f7>71IQ4ZbZ6)JY[!1Y8]Y)C'!ZR"b(_\OMT!/E-e)\?J8LFf
:O\^O3fT@""&7Qbe?OLMRFX'?BQN9MGZ$?D<2@>^4;N%SHaWH_cY8'BTB+;VM%5#E:9F(NLYIBIf12f">::@a8O,[eUcd16CO$+;
"D)=bL7d>La#OG):>$U\M^Y;UC^'"V^/>ZB%d"5VP30+UF>,`ZZ0\ZWLY5AS"f=FV9T=NOKCM]9N$2B1L,J8]Zf\WS)206>GV]Y"
%J5UVH#.^-1*K#,1I3^6.25\(ZS'AH`UK?LE#.VNY@'`YVBZX\GY0!-&dR2Q1FJb/+[)_4C/>MLF*<!&'QcZX`41cA8<9-S(b1c1
#,\0-><1ADZ,M3"!$J)KM4TKF(AKC@/L'"Q06:.ZcFHBE[;5A>NN.Fa>*2>!a]F]V'33fO76T-6F!;,%DABH/@KHIe-A7SL++F))
-R\"TF6(<3edR@V(J*7HB#U=7>6P5"e9[H_C"]Ua5[A!Jb_aK<,a7a4!d%,.\AEG,/8*NBe0*dJaA,!-2AXJ#O\#+Kb@_`0)?^15
cQS/Ta$&_8U^Id1&B.<U!TdU*SdZ)387Z8=?MNbI5H:9L<0D*DM2F[Vd1%:%<+#D$YL4[+baHS[aE<P(#GD=..#C6P)Kd*[FM.*e
T#3DTV5A'AZLfME9-:5%?`L_*]Y5S>-74#/[?SF[_CfT#:e&;Xb$,!^EDAEZD>SP;NM:!NJOIFK,B&6Ke*^;!R=f)99A^NJ&@8DY
*Q.H?$&S[]GY'$_.c@8!3Vb4aZ`XSW_P9+]>9JD9+%#OK:ZBZD-8bM@QQNca?'6+$*e%R!c>+!caYVTZ(ZJ:-5CL(93?QdWXH.]b
V;X'+_PU\'5`6Y8T/,#\&_4*R`<(M&^'HOd&`?\82-LN3e&D3(\ZPC\T"Ka'DSK^&)3=2C*P-KGA*aX\R%G;f2I.72+dMKFH6Xa`
e?-Jb.M*S8SYbP'5fFNN,eI1EH)>'U0]5Ie('aNGS4PN\9[[+CKQ@8U!J`L5"932!;W>EG%d'He4R9D[\1OA(=VXYQ6aA.C:L>AY
,2MA^EKJ5E@`]?+`4^K-&VNQ&";cXB=R5,U%(-fd_4H0#Vc)b>b(]*cD_;3B9OFA]JSPO?;G5\e=I;"GWBAe-[I1#-A#K\f8*T7*
24T`L!^8)D99#fM/Jd>:KdVL!.CT$cTIO]KWFUf4IMD?4@=#9]e4Z=J-,ST-N(d7OW"<F9dPWV0a0V`ZG\<X<]4H@U5[P0)%>^+b
NA"U=$_,Q!:%ZNX+W,&N`OU@K0VGE]OD:a4`c$]6LFKVb#0KU1'D:dO;V7_,5LXQ:MXUW:UV:*B"7bDD4(H]3NY\ML`IJ.^APfO,
J1e37#22C.X3.Z7<BEDdD@aYZb4@S%;S57?6I7TR?.bMNFZeW$-P,PX.6]A%!QafEN3:R-df4<?dZe:"dSWd6,US*JWW'"@?fU0M
e9&M#>78"cb0R1P%VP"da^$&aCNZ?"5KTXcWW`fQ#XQ:0?JQB5Lf>P%8?=caY&";f(6dMC(SW1fDDY-$;'X1dbX]8;%VMDDFF[(S
>04XH&?[%^_N`/41a:RM[?%Q@/,c$8TTA/WOd0[T:4('&>2(`,?O,7-5LF-O>c3&0T(X,9FQFD'HZ47B^4Zb`6cN(MHI]\%[*J9W
,[eY9c`V<T2O7Q-EY0H+2Ge4J-?aI6>5b\F6-8:4R7`Q8(0$U4bY#eJeXM!(5>bY#BXK:.55]fY7<c50@*0E_0CS9\;([2dVNIf<
B&8c/Q(S?]%[UQQBXc8APM5EC6[ZJ%>G-fG#e'.RQ/\+4#-N^_]-KB6ZUC&#a"]Z-AQ!c)=HTNEKE`M+.eM5)2BE)R_P"R0a1$OZ
N4>b=ERE7R^BT/f`!TS:'H`GBIO\FZOW^O,!^UY4L][_Z""D;1Lf(8-$V:8HQ^U<UV!CVR]0eE/b>HCdUY3$(+*/e>:ZZG+'C9)A
@,-)L"C9;+aRMe<AB_NCEUf_4WMN7X(,VE8e>I7W7b(cFWJKMV/)XXXQ6!ILWF9ENP0YZ&6]$=^Fb^\@F]5`2A"FROVK_fS^E!.!
c[V1`Q+:MWN!QTZB'cGB:aZ6@,9XL`_:LRV^@(X7C5Z&VK;#GGT9Y(!fc4_J@Gc]D1`"@`YcJ`(E`#-4W)%VP0a0=PH"(@a0[B#K
-?`;6AaVY8WaGLUKLRI#)1]!F4IBTHQT^_BQ>*R%A5b)7cC$aCUf)ZbSdS`,^0)=`"^+]d_[&Y+M(?0Nf&4/TT?.2;IefHLW\'V]
/84Q$<#2WD.)]?<K!E4a!"]f\3(dcYMZRT3b1IF>@P^3HY8G%CZ9TP`2[!!T;c=If);KI_;D6HK%J2@A2B![QE,^J2K:WXPG!#S=
Le3)%AE"G/O,d<<]H5&M\R[[/M.;TIZ(#O+-F*XUYO#3EEXd3$/]6G^'&"deQB#-H,0\P%YaD0Y"7T3_fL&AVA],,9!,S6+9QK]8
J\:6,%6-%T5$6&Z^%aU#:J/1,M*S#^*?6^1EDO_61#TN"9d8G#QA$29%F!/d70?*>QbBH/d(H:RPBaC7*+7AR/d/E8:D#dc\HPF/
(O^S+6J>@9d<TS$4#_FHCI$FA@5.6'<65#@B=DHK58ET0aYEH$.I6@-<9<-/1_`H>990Y$+aVK_P@5Q@5Oe-2PDVHN7Z$#%c>\*_
19Cd1':,]LZ:NXR/MfQ&^eUJH$3&7*=()M(@3%7;!#U44PAW;&_!db)3QO7CG7Q$CVO[&b-QHXMDU&,?23B;8/72M&R\Y\$Z;O44
*4;:\.:U9\HJ-;>-;?QJ)HbYf'1/.I/#<K;EV"HM<B=!O`0G\'_P&*OB.SR9Q-a2-Jc&,;ANc]RVQ+IeG,&.b=MEH'$9T`<"4b:Y
O4L^d=JeZ,R6HMX]UQ<*O%3."c*C0.=fe^0@@^+XJ+?$>F/10c9e7)3!f;`N'?ML]<[*S5,&2Z61P<c[?"0BQQ_$!,Y>(eb5Lbf4
%_'5;-!B($c)-F)Y"b`Fb3c7MM_%1"6KV^5OI)-C!cD"LZ>HW)K8c=Y?C:4f>4C65^OJTO=GM_FRTUG#G6^F,2(#b`\H7P<-VY)&
M+EDT!#8'ZffW2QI5<)a.&.9]aZ*eBbX`E;c@IE'O,TLPRET%I`3CW2S6=.K%HV9TV_12-6?\Z1\FGEDWX>'cB%*W3^f>e7XP">U
J5EZ/&b_O`VaEe?AVcLA?1cdDc'C^+U3F9:[-'/S59QS_b$cW$)VV0VDf=-]OOA6^#-$/PWM8cH4D,LAR*"eK`95(QM<U(H?D%K7
4&$1_*9>/&)e_?Ye7=?0\6J0^;A&#./AOP]`8O_JcXGT`']'DLW+#e-T4<Q*fE"!B1W1`\6X.F/a4]G(>[DQE$YF(`?.6Q&,R/"L
*XfdG]B_EY.2cZ8RT11"D<fPU*J+@[EaK=$G?AD.\H#HA0U1VOX&f'A#fF`]17HT[R]@N7+W2Q8N,<,.59+E(2\T^+ed^/XI49XT
M5F:Le!0-dc]f?NZ0)WU-QF'W3'O0D`d:K/!OcTJB`a9P6b&^dDM"SY`Z!8KR`CRP/:O<(%I>6-;6(DcW)7^[Hb+M$E*5%c;;`]H
X@M'3SCKP0J!^-W>[XC7!#-\K";BM,:5=fR?:JcM$OI<B2\(W*W)!Z^QJ@Q%!@$.+=Hc0#f#IaS62f/AcM;'RG]*9<^5H5!D9e`W
c_N#T#X-2VMASLWLFX(FGG8fEA&ccJ#=&W+99"bcL=R)JfY89)c[C`(`@)UW*(H=ZVL?3Z"QVeB6763;YC4?_P9Ae[&\cf`)fPW.
f*8BS4@:-c'KfK0M<)-N87YWG8\56`b#O@<I9bC&ETSbB*9?dB\^@*4QI+6#9S<XH4&:A>2EE-;L6$G>c\fH=McB*!c*16E4,MK0
("QUR<^2^W[d_IN,ZT*8)`e^$,)DZC/[U49P>\,12^VO'O-SE'6L+\2!aZA=T3e(:I![dX]))_)32cJ!R:L>a6Se&e*ZZJ)`&B;&
R)G6HO'**O/Qbf)7W_1@,DG*XX[XeRdOEUQG03+1@TGPCJMN.'^U!=@@DZ;#)WM."AXY"DOAV=%*6RR25H:0@Q&]Nb$&E/SZ19X#
G5=9?LDT_Jc@Z*H"9D4d)H[8\-=MB`Ga-bDHF`30N_+QK[6.b*OGO^-=J4=FALdU:-8V[`C;"FO85R(NPN[(<,$cA"T+=YM:-M?,
4bXa#1U\L[IdFEWRBH`QH$8S?$fNYe[f?H?cJ.@OE'2"b-?L;S%!S9#2?,]`[A?+W$WHU!d9P1X/V9>,9U)3XUH#e_$G1QX:e:e3
&AU$^(f[3>6&-`RN&0"&A"A^.=QQ/B_B/Y;5/PL8@"D]%"URWI.UQ"@$^4)?+P*ISZ^2*5f+>U>KJfTKG\)7fZI>3]EfW\/11F:)
WN#X>eQRLa)3G.6c+$T1Oa+:0T4H#B0_;W*bQ4Hd[V7Ee7^0XO3X^Z^8_c3KV>aF,<eVP\4eA/H/MOMEF(C\T3X.dG)WaTb/bfU8
]^Naa*IC&!5UG@7Bc_$A.TU"0(W,BNUZI%$94:8N^X"Hb)+K<J9.A0%aBZ!BB2#9SPe$dG]Z#3`P2J9]@37Y^W#R(dM:_+OI#??V
D27'!XAN3*>;VTN33[%M?%X"-eW3J/^)#H61$J.W2Y=5Y6IP_N.efFAPP[,MTBOd#[88-8?0?\.A1)DN+VDa4%aQ'fc6_8aS'c\/
MGa]YM]EWabA>872&F^:fZ^+O/e\2]6VO[d/`KQe<dVAT8Zb/2IJ.C^^G1+LCM1QQ,INR\W(>.[LOBe45ZR+2[QMYY\[HcIWe-(X
"/-c7HLR,cVa>Hc):"HNObO`X\_X\;\<\0b,f&L/e49-!7XM\c#I0ZX:<-Mc^C!fN]0BX>X:I`P?e*?SC$fHZSSc"SW51Fd+1`db
=fLQ'X^S\^(SNK^&DE!3PX]=A4MC=aR*6_5/\K@6[RHCHe(bIZ)W6P@`L[E1(`N6\#\;'],aQD)418f:9c"'<f9V1OQQH<CP]W)@
&50'(`</%F8PG*ec#W,>.<JC]\Q8?>>]JLX,(@N[EE!7/\.fXE[K"F$;cLWdfH`HBD+5eOE,Y\Mb,`;*0Le],%)3+.2"#;Y+?6QU
K)!&a3@5H4=Y1VWXY=-<X*0.6DFM![*&0O\^C8=!EWb)Z//YP9[MZ@'[dHQTEE'LL>J_Q?5!B%27)NFKPL=SQ.BW%91W4M1F']]G
_--F7D]8S^5T`ZYf]`81U%BKS=$Q7]KX7+45+99,O,HOQ`)'Ufc\+!Y@$(,#R3]-VILbfE!L(CM4$e.FO_+8:Vd?4O+K5KWJ._J6
RV5WA@>^-A7eS]KG0-(a=E$%V;.:95%<EMa$Hf'36-JZ#ba8X-a63VFIXU;NW?d*V)/#f?'I@_\T<4)U&9_Ke&05PEL*'Z3bb?,I
;UHQH3;*NU*H.Qf+HD`\6FO,VDKKM6T/NO>"4W]&Y+E*=":_F.-R223['*OD;0&$'RHN[dDe359'0)&*.UU6Z]%-0%REU4+/X41)
*7T:U4V/A1]?X<d6!@O]ebS+LA'Y-!N**7"c;GJ*Kc^![eJT"C,8"M)]GLb"@#EIT^F@ed5'$6O8a&"Id)-20BfU<:)1\N?Lf2eN
NILR->.BBQ%9X[^%:N\6VW&R'FM%1fJZ[CL`&GcRHZMa.4,BB5`O'eM\8W6<41K)S,4'a3e15a$+PX<9M%e;Q`>*Q2^$N@b7=>a;
?EdbL,EJL#R!9B\NEWM>)8(0aXX]]]>J"TWWBdUZ"RO+?NB8cW`_<Z2:BU):[&BcaeCX8P@RONAQRQB.FMIT\@%_9XWG(*_F?6!*
f>20==CK]TP<X!bcC@d$OC=]G_VWA'8963W'B:)TH3L1_13N2R)=.1K<\2>"$OA8QNAG@%*9=C?7:YC@IA4+!)+/!HIYc,(#A^CI
JW[0>%4_M?&Ha47Tce)0T\E/HVRWZ,P3Bc(,N(6.]!]`,\#!B9D<>6.@!Z?.\7#P,<d^#EA_D*M)DGe:\$Gb4EH#K&c,dOX9&Q-%
7Wa3&2(%82';IT>O1>/NH9KG]cU<E!\P[%8/&N<b%b,MMJa;*UCe-eLQIN]O>;"YC'<LJ>EAYJ.7\HF_dY74:K\M.%fbc?YZ#QH_
'*)NIV.*68MPU'U!8Z]\>X</%E'dF:!%a%!eQS\Db-Y*>`a,3-D@YDV1IQe\%<3JFI-]ZX6[]N!bSfGcBfG(A>-c#da1>K?1ELD<
Q$!^Y+?;^9>*K/HJV`%d*^"=Q*EPX4`5[0]_ca,a<OD_7HEX6Qe5be"AH[-*<E&FL*AUKD=-2?$ERJcGM=QZZDeSZLYf'DCY15<(
Nb"?A@]./I)+VYP[#G00&^WA4/;]PcQ:7Y"DBX['-I<[;W:,\<P,@!9T.GN2a3W!"`>,9^4-S$K-O31+>TU8PR_(CKD8AG\15I@C
S5CG@X*)4M)^e3SZ9$=c&-N_^4*`d)S7"fO#I$5N&MOGG340^J1Q(NGfW;.>b^,H(?0:.)2!JE+Zf.(f<MT\/U'4]Z&cK]X''S:F
Ud*G"9-H*5;*UVX>NJ<bd=I+DV7-AE6W>X;<!M<S+R8@=dL7dO+,0AR:5B_/,(<KL?KDCS<$SNQ%VB1=E/GS)'H'SW11P\]L3%SV
CcJ&1*,[.bb'2&\V6UJ1`,$QZf@>-/EU5)O+/BDPeY_(=f,B2_f/V1U=]@(MbJX\Vd:OSN[6%:TMU_/2SP*=TcR]!G7A;/TMb34Z
P.;1L!SG:=)"M0P3a&%\b6;?/5OKf38>?<5cW3D$PI&GJ6_MTeN[+I#K$:G""L`3aRbE?eH1'Y<f'13=cN?ZKb82W`f"GYaKE%4*
<cKY#)??WbX*V4?<>-;CUP5PX&_3>=%cLa;Q>6I`d1Se#S@7)fR2fZ`J-*=)*X$C/$_OW_^);\d=@NCDYH]!X&!;P*JE6$)\_BDU
H<7bY_H()"ZMBZVNLS+8?U2%?38CGff_IJUM#C-Z4D^X,2U]XDf41YAU((8UN3JMAb'X&&SP+QKJVES+5-33:$6C4?c]GW?_-XSO
J-UB\32Q+(dD<#QU_0QLT9W8*QD)Ka[aH0WJf44+B^1b9%@Q/^?/bG5@UH__S0'L`d@Mf_,OI$^Y8QLB]3>F./O.$,]?%2`=X[JA
JNGPDX]\:\?&_S4:95.'3N7-"AN@&LO4WS#D?*/E1>3RR_fRSZG+WcVEeMT!aUYdM&]3".IbB\]>2^>YJB/PeJU/FR-PQ?F8<\*B
G!:JAaVVee.(\!FE(R%/&<Z>"_HOePYUDD5!9278Q@X^Q@VBVR/89SSb`)/Z[TI.VdN7/?X.Z2d%?E&-QD;'Ce.VZcEdHT5.XSe%
CK;8)V_3R_,8F)P:_<_faHX?6_(!"+2FECb8C;01B:G/+$O^QB\$J3$cEMEL]"JEF0>-V,;6$\V>6a>^e5dBf#-6G+fN3(bf&G9W
IJbB?O4Dd]8LVb?#<FUc:cFfDT2>."Q7O(S>*=/;!_9$KKPV)3V[!a@T"b<2\@O[?(OMFH*4(:`ALDY4]3=HMU)="^KH.T2V`<\0
=Cf-`^REG(bU%_5B-$$4I\W_96(>+!#IdE(3Z`\+HF\'2_'T7NYUH-[D=><V?DP%W'3CJV3&-?/4Ca?>,9$/5\CHJC+c.J[YCP\S
e]*W2*#dbY+9.TANdYV`%JDKI/M1-G>T^2W,:+C"7Z`(P!&DJUA6CaPW0c?#AHbL0DEOQ:!2._JV8GZ4JQ4QZMdEBCe*0ZL5BQ]5
b,=.0$<8$&D`b!1LX=,HT6=c@U7%T_&>LDZR3b]&?S@CZ7+4_.AZ)!6CM^6aYE4$WP'O=V\P5R6[P4+3V<@%+aR?EULabEPT[89"
[=D[cb`[b+eRXc=40!@"a$\-U)V9NR7-XH$5fGIfK'N=#9O.aUK&#d6$"Da3_QUL&-K,ZWU25d!JIV4*IVQWLBMBZ_PJ"ScdB(8,
:4&=8C5_`QNc<,@<A3e'Z;/9T%`.bCT9W'7`FLN+5+I[9S--C-S#'74(*I/Q+FHMIHF3-H7[&"_\,5Lf`[-JU9+-c^TKdX=LW.+'
'8;UY2['89,N-F"(`5=QM5@_RMRP2G)#FB*N!.5PFTX"'#8@=[;N$D12XQ'#Z(?::,VFMVNMad/O<8E=O,*D3@>'d[6bTP>2,$8*
/'(ERD,13_<EFK%&9.<V!*)Pe+%,8FO4.Q_7ef*KQ/cEYW'E0-Q1K8.I_'NWQUGR>LAGIH+6<R.4;R7@HO>!$SG6L3DFb'MIc-TJ
FD?/0>]A`&]A%D1c9H5R"HQ=$C&<+3,WI,;X6)'1"Kf9+Vea8:'R2)_41<b.IF5EFa')bP4KC["E#Bd@f,0$MSc$J5=&[=.Q.3I\
e]f4Gf=3"N../FMBFD$8?7W!J42,\$E.6>UVSB.UCXRZK1`A)N<-'UK_Ha,b`,(ZDcFLF[8-/(WLM_dUb7F\6W%YD&,0K)V?Z@:H
4+3!-fEHG\13&bB?(1ZOC2Q(YU&2%A7K!9J"2XMDHM,=`$CY4,SN;E0/2<bZJINZ<X6_EZ*%ff;+3GAX=@9b6L,;b.H,'3&2+G3V
NO1(B4NI;a>#T/`aaf,O2c^$5VI7@F)D9NP>>PV$ZdFH!;/%`<[$\SBC0Re!fH0M8I,VP:#cM"V1E4=F.7P<>+'*<-?C&fZdZ:6#
1DKdR$LU5<1\E8M9ZS1"WHA@HN?VGB.<NaXANe$(/*Z62*LD^cE"93S0R0SHB(3?9XZU71E1^'?J'DYGcIff#-N;M%^O=6KNbUBf
,Acc#Xb9PSX-+B:3f*$AR"EQ1f]K.R><_FG%)W/<`NAQN""f6eM;1XQGP78FP)Ub!)I<F@&QM(3/M/MeN@L$-*BdT"$VcTMAAXN]
fE@N(!2'IIc3e0%4#U?*SBf&YU*7L0%b0Wc2X-U"Y>Yd">:JS/aM?G?b:RZ[\HY%SQa/`9Zd44P6NH-eMQB1@-@bHee*-5.:!$%9
CaG&B&5E[DUZO+5EcMZ$O<$6*bHe5^YcL7'@B+%OP\`V5`(P:VO"6\;7[2$M<_*C96<G6J<Sa3Mc_#L!bY&cLJXEIf21+9DE10W;
12#:VDJ"GPe=5FE3JFT2;\'N"^U,A/eF%WIf'[9`:_VWcB6VRV[Z9JZ'5K^^(?P=bE[4QU8%W(DQE?c\/]^L)6bL$MNFIHYLK%/R
%SeWJWKVMO0QM+"^,_\aO*G*_f^%XW*Y\.MZ$aW\"d`D"`XI#NHX]CGM717J#L'(GKb[c[U,dbU3\9=[`9Rf_dc*#S%dR(J`aB5N
RXGUP'^V!Y)-@b#!`Q$;ZG<>f$A=V?TXRcN486,OUK3(4X:7K+TQ3G%:1,[bN27XWdd]Vd>Q*N2U@FY(;VOaW+]J=b5,&&;UU`N8
`SP3.^_'/##3%PAb*/L4!=05EAV51FD[DQFYAE:[I#"$Qe!Be9-3\YH'@KZ>A,<^EK^9PA?JNfQSA5K-KB+W0:@54&=]_f9H@Jeb
G_>W*OO2SZ$/.1fFK0Jd)HD`J##&WfXJ$DdbC38Y?47-6=<AcWO3]5^7[f@O/72DdY+ZHD8)F>+d%)!aN>`(0;e<[8=OQ5/90N7B
:bR!$BDJXB)<[.;b7P'7a,Z>2F)"GO2M.PS%/GHdN-BQP`[+Gf;Q0DV`);.PfGaEdL:9/6QAEX:D`6O$`3d&-$@H@b?Z$K!_f=O/
D4,WGc%5.P82NPQ!LN3'QYUX9VP_LdaQ=^'LQc#CC,abH40<bOJ3Y^EHfKRL&e[#T/0`<YU820JHQ(EO?5PBP'S(#^;$=RE8Z04,
<7I+EP3B@SZD_G]-U-U8^+-*-cS[>@'+(aR'O+4cIN?/N%/E`5LT1WE>'CG$&)>WJ&OH+"(@%7&1//9VS&#)Zd[3[6M3/(GCC*eS
Od&XP%*_,@$'P<"d$SNL:Z2aL1G,R!.JS:%>0FU6SR2F1VI-R+UP8NI>QD>2*G<D?7&32)6bN4,+N7<V@("E+"7^/Te,/=#[!EM$
TbPSfJ3_4<cN)R&QeJ^GNXM0)",L`IS_>U?8dL$:!6fM7V4J/O9+/aL"%S5'ZdY\"OO4TQE#D-3&_HM=PCR0281f+Q\).O;JMe<'
X5[^+.)-=f2#UTK&9WULY2VOcIUEW%;-(N0_?SK#J40?2d5X"0^#9<77@].T650?"=EK8:1G_c-C3*6ZQ@cNUIR4J`^5W*&-S.$)
0N#4/fB05eBPWc1_32H#MI2e)d%[_=8L3I&M)eE^Z2H.=^M@UMA]ccVD:1d+I$d\V'*!:4<-;KH6/9FJ(2fb+9V^TF%;]TM6;a9M
43a#E>,S)eG7LQcH']F$S'PZ,5W??M!df%4MJaZNEbIfX'9XP0%Y6f1]M?;=5?2*a@8L"P_::]9<effH/.TXSD@K/'7RQSFNTPDf
XNc@!$7\Z5?I1dEa_-D4cN!5@#E'TY0)!D?M7SPSTQDI7b5MYR!?<2,ID?%_],]1KbA$C>!AX]LN$%a^!;T!2&#O3d^3:XN)OTA.
%%4K9PFAR*M2<WRa4OJ47``S/RaGd&]80?L;WTd<'B-[WI-FOP#&b[C?MWQWb&#TX_I_!OR&B9:eB(O'KA5eG68NY!_1TD'$dK5B
S?#G`CQSZ$Hb[dc2ES$Q!&Z$8<C-"2ND=BP61UK[E2.K73)\J:&P.+cf[HReN2eM-:N6T`Q8]IPSDF?Wc'J[0[YZ=STHG*_1E_GH
H?Q2,F+IBA'PGGc?IfQ`O/N^^>\6.eDN9=a=^<RaQL*/AN+6^FKZI\Rd$8LW$R>>+3N$6\SX09?3bNWC>OAJP:'H\Xf^CcOG]d%R
9<<WKA13_Q:*I5UdKb)4GUVW+9/-ZHd0T(``MFYGLe\XSZ\)!Qe+`X,&?:d<:J-WIXO:^'dAVZQ1/2>)V+F,$WbPb2.77T2_^O.Y
dK9^-YP##OLF'D!0O6_fK4Cb]NN=D?O7>./WC(SE^0I`%%:aaJ:8,)8D7S6,ZLS%80GO9?!T+1dF_CaTAJBFd6#'9O>caZ@CXc44
@AI$BH%Z3-[W@^,`1-&K]ROG^,P8PfW+,4V_NR4%I0#HH.72)X_$0T9WFQ'B<K7#R6O!_/<,]a$/GO0OCHQAV\>Lf/6fOVf;%\M`
`!Y\;Z-7R=)FYDJf0d/ZH?%-^&*d6%1H[D>,dBDIbMMV0MQMeQB%!Q_d`a$?Z1D2W!4`S/(5H>[\@?$#5VJA5Ra\VJ@P;LCTE!Ma
[(!GYGRS>M)V)7Db>&4Q`]G+@<.3,><<V38T+C`Y(VU0#c&;N[$2#PLY%.&CC_(J]_=+7N(&1I^(<`"W_13,97TSO+4Q1LKUGfaL
8"NTM[.c5%`+b(#cAGMY%T%c(7?V,W1W-QCdNE>G"5ec^*M4B<PR:+/96>(*[K!.A7(EI%0/+5C&HB9L-\Y(79/04AREP.`I?UOX
ZYbHK<=b;$#M%eX)eQK!2".:5=b1*b$L'_=JV@H0IMF'Q<`[)T_N<-e3HAWNaM_\:V@9G8+(AHAY#U&(0J:&AUTdF7LE:e8"7f.@
:[Y\Z9_)6]7]Q"TbX,$@cW(G)`JPFPH=Dd^0c@*.%F"-F%I>EIL8<He4[%H+<;&M@&R3Y:OB0O&\^^&2YdPBZMK-D:C3KNNN!TT-
b$'])),'Y\54\C84,0DEf/)TS9*TWA.\e-C>B+JTF03\TZXbD.df;%2E]Q5Z-^7Va=('!NFX%@";MT)0@4.S%f3.F!a3A*[^$>0J
"N"LRP*MPeQ#MU\Ne(DMcA1-3JJM=VY5W6I"6<\!AAEG@Y+.US#d$KbHe3"C44K_=IX`3UZ7dJ)Z;T"`_B&,)@R-1W",4`9^AY;e
'M*bR0\;R?V2&F%#QD:PX-;&>XT57@<_Xb="5Z9]Xc+JW^(8bb:R/f4$7_!/RDE7_P+bKJEPdK#1a[F$;Y8Q+:A^S@#S8M`fW$1]
5)R-c@1.PI01T\$2D3_.A.]c`Ne!G@IHfEGFS%3V^B5Ac^"-H*643+U0E5K8_eeXBCd5_"_[L''GcS[VRWB:I+?&7\(UV;5"RYY5
f'^SJ(D_@.3CNA0GD+(H,O`=='3&CPX47]%70&)\!CZ:bL$+R5U%58UT!P29ZT<BcP^(0A?EZ1H5JQ><aGXd/97"(\!;^+^FMO`9
W!(2a?;V-LU.+:Ac\_G#,$>!_:8LID\]IC&3C&<NMB-cIO!Y++Q/=7@L7#Y%BN.K>PHNDa?3?Ud-KNMGB,'6_\>2Oc,?N^99Fb"*
=%ZY#^I/_A+K9;%)M3SJ"_UHXf0A(`Cd%2D3'e<a1$.8<.N3JReTP7NS1))&^(3eaF5F$A`:2V9Y#_O:$aS58_!OI44XKUN-;T\`
?25)D5N@C1bZ"K7e5*29$GG7L5:c4b+"NfIVAQ7O.T?3($4]?Q+IIf?Q6b;F.3(;//9ae_H9I4\6P)]@aX%A9'+'@Of1XFa?FAdb
"R+EA39M=]K\IHFV]E8"B^QQ/`<Q>]\MW:QP,*2Ef%KR5I4XGLX&Y]/!E=((;Z1"(N?Y,%_XE1P</5P"!%"YD)TA3!,:_9^6_H6!
_6%6^"^12?`2`\JR/FW@NI^WKIb1bJ>D@+V(*1QbU&d-bdQddL`M6=,4c,K6E"(MXK@(0c9ecQ2T(d(R'fH13?@9O1,_9G3CO@V`
7&ZJ0@`UH5]K6W<_!+B1YV#*#=E1BAXcI<3D1S),=(Sc@T2DSbNQ##,(GZ_f9<%HIBJ@5W-UPZ##ObX8:E&:P2.++_PQBA2Ce;d(
S`7(30M+8Zb<Rb;.4I#B\@&5.,",@/$BI=?!P%&'3)Ib0[^^?M%U0a/>&6F^4J<,(3;9@0&I*ZXWER`V@ZBDEEL,^.Vd7TD.IUX:
GJ:ZOFAJ#K'\+,&QS'0[XZI',F2d5U_K68:FIE<`Z:TKR_[-bK18D:Ed_XM'X03H5B,')MQB@=TTLA8HYQd"XT\2A0N.QO1dZ>"[
[8'Z?/O&bcS$?IP2/\I\?2X6EDSc8RKM*#V[DQ?$;OA,#0b"&,T7A6$)cADZHC*>2-,8@Q%W%C^YOP9aE4]=)JU$Z#&QPb03eHJS
Y(XOE/(W4DVUc`]@$$-a:GR6^bH/KBU,/C(;`N.(fX'I1Z!DU5Z!D"52!RDI9@F4FfO\='8BDA>E01"SI]24G'0a7@ZKTR-`!X0!
dOe*,dX_ZJB[cc(:_.Ee`:"eb)_6J`6LaA=!:K2_!P1BOS622T9ea$a7L1D?*C=]GJ7$@4fF.1EAcN2?FJJcY].G$4.Ya`faY3.@
E"J:R;5+d!;>G]5\+G-HOL5MKY@b]AA8I>QM?D1afI:c[;ee8QNU*.I+T4X;V1798CGX[cMXe>bF0\$%_4(:6e7.A6`cK.NR9)!D
'-T(aD$1[+2MM9GCMLG^.7-YU:%`^R3'P"X4$0B42OCX6#8U_,;#\L@&_!Q#@V>"@W_+%GH6.8?Q6>M^b@1%Z/=I-X`04<WI*$=)
'<@O\"(K_,@D4NL[eS[R-NdDJP[#dX1E[;+;=:XH9(,NOYFYOb<>G/H2>F;Ea%D9(A+="J#M]f><A7)+7TG?W/68+C**RTJ*D?^N
^FA0c88AGDAZI:E!Fb_;.;dB?.9@A/>@)0\3aW?,1@=P2LB,+3(@(Z2=TK,`ZN_=?IT-.G%**=0DNF],L=>FHXb&08`2Y*!,9^&K
eJF/C@<f!SV0f<6"]H.2(\3E'eE5]97!N9/((1)<&!2:B@D*4-D<b=S^2OS@E0Q:cO[f?]U]U=KKAARee4XVNFA_^$N5.0aWOJ:S
fY5Y_=/P[Ka*c'Z$0FJRR=<,C&"BIH6K>e#)5$/W0$R&A,EX,*S[=2b-)\Z'%3T&(H#dNX,9!%3^UVX,$"A@5'!If:YC72_LAc0'
9eI'&"Wa\.O8OC)aN3MP;M.P/]0:-S%PQ&/&`$(%Ud$`>FcU6a3Jc$000F8.,)+'E'F/\e:<(aB8C;IBG(T);Y5+@GJ0XS(>U*Q8
719?BJLaPG6#2bPaV?7F0)`0+>#Z98Je294+Y]#&H?RF/F:J^O(7&@'L=OA)3$7B6/@^$RTNOU_-+DKBffC!C(W;_a)+(`Kd_SB^
>28K@Pf/LH[eZ2</#RS:be=NU1RS0%;-a^)EIaHf(3Y4LVCdW6N_L<]"`.06_.JY)_Y!YDY7a!"aS%GHAb/0*Y.O:*f-NKIE3N@C
T;E;NFCWD0;`W*7P5?%;/S*(.TG$6G\?%4;0*7W#QbZf!U#S+1]]bIWW+1'b6/(V3.^#YH:`=d$_)H2?&':>LYT1Y/@f'V?c8F!E
4X#38[d:N_fW[Xb_\'TM3JA"OXKZG<Y7).-CT<Z?[;.2Z?bYI9?OOIF5Y1'#>+=V^S)>0M260/,YT]f(TY%Q'M_F>_;M54%PU>!O
``*b7c+%cGK'B*=/RM'E8(&(^=I+.5G:/%UC%0J=#X>a1`HW$F"S(9(_d5';4?\*[>cP`'fX?>^3>0\b#.Q+$^=VcF@Y=#*Ld,R?
U$,.R`YG`*SN?cA`W)CFJ>7.L]>%dD5PWZIINaM6(H-!TA)"%(9e\WIUE=9[0NG))I]+$/U3MAaL@!-SOC8E[!ON\Zc+4^F?Q\#4
6%3.U*C?04cc>5[`fW&]P5!eW_a5%2A\2+X"PJ'XB<'#>`A"Q!&&dSFM`3?[=Pd!(,/2#Xbf(S=8c0II^B.C&#$NW@/9G:c#eG]Q
60c@'S858%H*M7,b/*8dP4X^&JR)>R]_=;,<0O1<.SaDU1>>EYX*.#Db\%+R6;Xcd!B"=&7T3MX&&!ZD,'YNAG?<K1=fZSH<?!"4
JGPOW3,:dP!=,$1SX;_!Ud48<Y7T%4L@'3.;'d%8Bb-A?_'^e?CTJIfUJ1$S?XDe%;'*dNO+X%;f]Ld\>)fUJ%d"Z0ce$b>W.^\^
!V4F';/'3"`*805U;1-6.(F>#FdT:>+9O61TS%DV7J*;'CJKN"NLH(cH!D7%78=+H.Z)_K)aEca'`=2ZIW6N_1=SbE@&V*%<4dFT
=YfP=K6,9PR))WUUVaTH-@5c"Y7X8PY)E81BF(5BW9?H'-:\$Bd@$&8_efS#;5@Na(/4@?B&HU7FY]\-H05Fc$K.bT&YZ@TG:UV8
$,7[`8QeG<&\e/]<dOSW7F4<Z3.-(RV)9#'BW#0IS_^S-($O@3H1EIS2_'(=AWJI,_4QC@>FNOH0BWd*d`QUF&\[H.-Rc.c,!2^?
<:CTMD]Z$a9-7\bMeR?`7Hc@1&>]-.I["c<)XQ+=LaR3VBW3O?cfBU*2F>:]%305D#e*WSPEN,I+@(06=9b7%"F2\B%5S]Ve)b*D
>I)BOK\Iab0RA\<F+@ICZUC-=%B:=[E.HZ#^3E,3Y4fd(!.+`""L%A8:SRJP!_U5:([N*=cM:AM?>+Le@`&N>^Z7T[NH0P?M_S\f
F;*N:'T"[XHW&BZNaM"A\?>Ac81\C+W>>VDb#J'FP%:GZ:8B3!SFRBT8=Z!7-21QP^#2Hb3X5J'6"O525MK%Dd$>2$!Y@Jf;VYK9
B=$`(MJ5<BA49"G$"M-IcVZ<=c,9/=6>2`/5?a0(?Q8<T1'?QYeM$='d@S/^N^2'T%aZH8H'S>*@>D^FS^`?<5ON5?3;QN7+"CV-
#/Xf#X.;T;\B]dSE?_12SQ5X/"D0SJ8Dd<8KeM6P")B:\3.:/_`1UC5;XVC4IT98B#NV,=6T+I^!W)U#-b?a4;8bdd4OKbX+?T+e
**)FX"?4QNV[I.Off.QW$aSC?76Oc4J\#=;)6>2"6PYP^LLAH*\]6236F*1.QGX,e[)$Z0;C>bQ1#J^MFO&,M[D-QZI:$UX,X`PR
-Z_;aD0^1P_X<;G?-;`O@>O"\:d*(F=?PV)8%BJA%:A`0f#UW.eRJL2_#Cbf#?,C.aP"aO?CR@-C#_HY8J1TU*1BefTM\Z<K,D\O
*_+C*J"FFc!2,@O<&SA`ZRZB'2)b7K@9*#IbC-+],9aFL+TReUBdS7.dBWNPbTL/d()7TJI@B(A';'X_M-[W76LdZ.D$2I`$65ET
-XD-$;_b`UI"4FIHL8]A?J^[?"/T>2/1.T!KeOQ/\':HPUd'[E*IUF?A2;b5P>;@@8(ZB:E56/+bU:3YYVd'K`TG)KeWUR^.JM%Z
[3>^&6[>X1Yf+]240-8H`@F)`Q_7TIY3D,SD/0BB`YK3V\N>#b-[0adW_6_\#$2d3Z0^H>:18'E4%KP5U>2UO@:3X<@5H7+@Y6Je
IAd&*9dJO]*$f(7,PY[*_<^TM)Y&%Gd_,f:O$S$d"FZ>FWM5^7A(Kd&XJa`FU73-%B\TZMDc?[C`(@.*3DJ6LE`UX2A5a6%Mc!AK
Bf[4&,:F?E(WWUO)>KY#<*KT1(^9G-WFLcbHZ8U)YeZIYDA@+!/=Tb"I^P\Db8\3V?cZ[dOc<#cdQ/0`B:EPY-S?NST!'DX\W>B/
`_d%OYNIcYF$GD]bA;W6D9II?MM.KHU.e8$:(Sb-%+T`=;$1)*$<R$-Pd&\!#O_/%X6G$a4(-$3JFH$W^^5$2LGX#_:&E0@`b9H>
J[GX(!9U;%e]Q1F.+#:9bf#9]VEPU"OD60!8P0MM=2)0_Ab5[^=D"L)GO#eb_=;>2dA8eJO`Q#I3+ZJU20@Y(H<A@;$\EY[4&f7K
`;M3--#<5O/P"7#(/DA##AG3&@(;6VY.dG1b$#JfJ<4'D\0O*fAB@4(JR*1Q]O)0HZ;`$e[NK@]2P-RCPO!&c7:J(EO(d84'9e3:
&1M@XV!d\VV<52]J'`_CAG1$HKZ""SeK?+cF2ZUdOF\?a,./?>Qb.X\d&DQYYSU3=P545\2aE<%S<*!8,I$@K]H[`=[LCXI/B'I"
c00bK].;$Z;b">G.YW+>V_IY(UKH"N$b%)e6DJL_QI`2:G\eV6QL,/ATK_bLB;]BC"4^Cc+%>CP$9+_?e'G3GB"V?7=Q9#?\Z8/F
Db_!7AP4F@J74^?HF:K_PV2QC+;,UX=cN9D3(R9(N?1V$W;\4)QDeU)8L9"_2#96bT7>6>]GM<fZL085?8PS-:RMI&HJ@BO`a6f$
e3NL&>Y$B@Ffe'^[8)UBI:'RW(07.ZQ30&H'O!Cf=Sd=S=SWJJ?)&1SY!B-&M5`.=&AV[bd\+JL\FcY2\.#I_\K$E&EE<$N5,3T$
<d7\AN>1ORFa['&?=P7D8H-#%\5;eA5Cc_BI;Wab,D60U]A/Q=cUL_U_-YZE[CU>BF]A.BB,[(a3>8cN4`=>]]60Z4V6eY32.`IJ
G/'CZ!@87,)+7F(D[3>;XK9C&30Of:U2E,+KJWS^])50+7$%a-/%BMc=1,%K0MCAdU!caNXeOR;O?4_MfU7,DRSB9V/RDJ@@G@:8
=6_*dZAI*XOQQ$XbR>/4E6UF=IZ\M6:JB:VJ/.LFUM_0DQ-<MG$I2:"(6T#B)a\+;)<ND%+@8F?RVQ$0#RQPJ/Pa-TB,#cX!<NSR
Q_0GO-\#E*AA=EZN@1]e?+B.^F+U-@B$>5CDAfF3N+HO\Ze[NX6(6d.O^?0ZS=BILJ+Y@%bLB;^1e0K071Ub<ZSc#W_;PaQT/YK>
?VN@[!T3IQLcT[d8GHeFD,W@ZdM^H.6)$[`Q8M47@IQ7a4b,!0/A\KU'P_#T:9RRB[^U0"^8T*I[dNPT6JK[>(_&RH>ZEbL:2bAJ
J,,**b"1=C^L"R-;3c5b]0RHY!Lf)AB'"I'>=+eIM+-?QV/-R'ERAQJ/"04?SGG&A7,;"0;DK'N76^U0>f>"6*P7(e$cAA&05Xaf
);0;d5?\JR)e7W=<4_'N<#&W9M@6'#&S3YJ$,LT4O"U="Z[3!L/[7KX,-A&\2OK7/-cf'Z)Lc[Aab,b^+WQN8]*>QfV3O&/d:W,M
31A6CE8)ARd1c'M=.ULWK2^X^.#<0@%DD0G_4OCU#.+F>5)')c`G7I?<RJ&aP_C7)JS:dS?]):E!<'RP"NG<CPR+b/eU?""dYP8]
]<fa'\:`4b!`Z&ZA/8AVNF.+>a0L3M!9c"aJNbT(D?JNC%O.%]@*JI[SfUB@`LQeT1#e+EdDI*MXK_4-5%d!<ELX<B:9G+^8$)R;
0^[/*+-&2OeOK\UL)9B5?JD"MTL<(\/%,5fO2(LZPZ(F;)V#DF3YO&9DO/V<G_C/`K'EU'HY3TdEI6!)F&RIH6EW4\'2-FOF1RLG
:(;W'XB1I-V$+CedA^-aKY"=M]IH144d%F55]74$Z*ZBJ0#KL$+aUfFI#F,X3'FF@P\9`.=^!0>899?8#M`6]BT7BQ`@Y2,!9aD'
`I1D8d;+bT&[SKWGfB;"T[HR)!Z#8<RW7#\4>]b`&;Y!"(B:((HAcffdeH0:7/FR;X\P@J*[a^fLNVY5_#d;0GT;<-1'dcc9F$F/
\O@=>Fa-G@eD/(1^>0%aK\aQKN[=4`,]U(-L_DH+!?Z1AY>R(6&F%,<1\UVF+?+&R[GdI9;6adWcO&e,*9`*-dGO`QQ\WIeT!E+a
*!C&=U(480C+_)7+/,%_c)Z0.X'*]TEC"ERIS5/,K\T2=;/KX:[Z74_\&EAK[/Q$B<DR(>KI%"T[R%VD#5/DQ,]4"3;;C?K0^F.@
)_F80S?dTU&F-2,!-_5a@+*/*6I8f16aZ?EV`D%UI=;VI#*."9.5^=Q#"P!4I/UcGbZ!.[QEBPCM!W+_@&]9!WYR`\""^K+,IUWQ
DF:*UN:H4AdFHQ;&D+.U3%DU^09G*3.d<%)B2+N>Z(230S['DRY4deY]/3<$^EBR5E!B[Q7PK=^WcHPCJ8d-*bb%Q`DT0AM$R.KI
3))R:W2:"UNZ.3L;[;WWA<C/cI^3*>dY3,&dE<HKcK#4-J8US._5Yfd5YFWXI<\786=:#Q"+I)Z!Z:EM]?)//@!_aK"S^f*dX$#;
PLR@G/Zb?3/N5+#6abB@SZ!,8H4*QDK!Y4@^^a3'(J;3[A2L1BC3/,4B@*#NA4YX'$MVXBU(,dPW#/eK$9DU34N0X_TWT[XD)%"Z
!$7=>"9S!)(dN%VAV7.X#H03!]47_!(GL8%b^R[%.-&E$A**Z'5G[/;NN\M@^BaV?>Rb`f;P065H`AcYe>03ITe*S7X&LE12:8PK
Z2bOD0]bEI2,FP?4U'BCMR9Z@`b1IQC"'H"HS?.9I4"`6E#fOf]K%2C4E9V:bX=VDM]6HVQ^_)?FR(]fG,V8M*D@GP.GVT7!V0\J
)OQ?:(AZcY7L/Wb-F1@V7@>P6NDSc8T5&<b=N`O'TZ`Q3=[aZ,a91cD5N>4FP@M2"(%@XB8(WOEU-]EA<`N33`&NFF*EZ+DfON'W
^(P2/*Q8dRZR`+6.I[)CY$B"C;L'W<cF@/Y,QCF?8;>cYB1J-U@bM.ODZUOD[Qe4;ZP%/^J1#NNL<9bZ5K4V6\a/K4-CL9$(=_H9
DbbU!')[*5V_>-"D57[ee(f.A4O(@R.#TSYf)E[e6-09K22!aY[b*<Ea>K9[?6)T,;F$BAd\9,C%bE1R!$.2>"86!8cFS[I045*'
-QQ5)OS^.UaY^UB]VO(GQ]HTYY4/>]%7NU>]9Y?6KG[fHf:MNMU:T-%f!I)\\W%2d^'&-,!a/>*cE4.LWDSM1E6AJd]LBX9aZ[68
YEJ`eF;W,.ZV_'KX/+.+;U3&/O.WdV?ea=Lb?W%ZOB4H/JTH67LI"*+;F&GLLED#.01F<L8<UCW835=V<P@?!8f1-F,Pe(3dGGE;
8aEJ#LZ.OV"Td+MMIB.+I&Rc$.6>*OXCP;G.T*T^`SC:.BMAX+Jd<1Jd:VF7I*5f+dW,TZ)K#+^)9`%Fa2?Z5'R1V,Ad?&N_0$V<
Mf@)`--*%=ReRU?7IU]ND$/GP?e(J&M_8(E>CbW;X=E;eaUFXR\YK;%2N]G$.3%_5TNHFKc\>>5)]!S?b`(U-6b23U%-1.CO)C0%
S4EESE7V-U&VS]7/,DK0!6XG,Y\UL4A^^<.1<L$!DI2VN,DT\#bL9.XfA<*4!M)AdW<)8R17I*D_M\>'ZWOW3/5Y%HDO9TeN74$<
K+4(&ad.-*!EDP;Ld&Q:G:C!c':f.A#d(+;Q;=#RW*K91*J4Xc(9L;,`.1+G7$3?O\aPM$?=_HMI*_D#Y!B_]E@(83]]02XTPZV)
;a*\-[DX(D4_[HMH(&+3WB*d]+*\H80T=R\[?UK^F![^\>:,/!P<,'L*^84\&47,\NW.GRML+I-I>8]DM[a>P;RZ3]Qda=E(WQ@/
P.+eH.DX7CU]1d3B^'?U?%P:@_Nd?Y!G:?CWHL)d5&X]XACO-$NKO"#T?e"\UJ/D7$Q-B?9"D$V*G)\:1b>HT8?_.^$<]2'E/SPD
"d0_\,CW??B%'K_Y[5+@L6/Z2$&-WDZ,9":^=7H_(4UFA:T8$G^8+'Y-%@-A-E`<e_#\=+:V8cXQ$XWeB-]^\]3L0I^Q&<,>AVWZ
E+RHK'B)4.,dO>`*POV5A[W)'O=Y^Q1#U]E&ANV`5N[H-($:H0'"_REN1ecFO3,PU:D1R:IF06AQ#HBA7A-,c23d.U^OA-@R;*XN
7;FWF-WBO63>T.E!?H2<e4'@TE/?0=c0HA'FA1L1,=HBQ"6AG?82]dCLX@<*D2(I?VV&BeX4VD4dcc@'R].,L])/bPfaX;K@,77U
BA16Dc"CdW/:6`?5Z*M=$\K*H'*V)CWFH(@7S#\JQ"5A#?&Y-[;2G3_N4TD!IS3&#_\N7dL]2E!Q,KR,5/;5V89-aa@13:*4,f?9
X:QZ,NZ28WJ;CL\I&RK?,8K9(5<JR9TI3'A`-\WAFN-2RERf-CT)H($dS.OXG[YeT%e%AH:Jce[YZT`TbR2DaT6]b.9_ZEU%4a6;
c=)[QW&>GU/&<cPaDDVZQZDb9`/QR6*\(c-2CP6X5@=*/RF^Z4=QQd6<8VX_VY9F;Ka2;=3L&,Y?/!f7MJd00!f@.ER.9UL^*PUZ
LC_(,;VTOU%#_7S=J7Le>M-bC.BI#Z8UAKFS<$4[/VSN7*D!-34"71aXQ0%SX;@O-1J9?_#&^5<dV%)V+B_e\JO^Q16!4--X-d_G
#E&0cL.4+8.(f$([XZf19#ES12'<GH,Y@1E7!?BY/0.V^@MS7a+Z7=%?^BG:(<[1S[.eXE=bRWF$@SN+.IY!!_L#K'7OOdJ?a-V#
EdPW%^_MHV:%)>C"(_>A&7"fZYS``^9F4PZ#^[Y"':SS;G4Q$6$:"_*&-[+Y#$05626fb_U//Q-:D_SP'76!HN>7FMO3$:`S4.L\
6Z%.=`!X;%J6#/Q6VUe+,3$V;P=W_DGD$GV6==EL*OcA%?B!S9$H$J_6IT!L^:P[@-FeH'8!^A\XIO_*Z&_)QZF9N[[D57MT]>FB
0cTN`5B'(IILa`P@,H*+[#ZA#SeF_M7<GAK"+;!;.<W@6Y8TIXfb\>?\S`WXE+&^9Sf+.>5KS7d1>REB(CQ:5&R+H=bELS!-WIW\
FbPaD!/.:_dF%C@6+]fbeP^4MW[<R>S\34$4_;H0E81MH01UOP,&7H@E#AG:%?:+4a_VbJ]We/K*RNT+$(K-C1@Z;Mee7O)&5e7B
#\:/:7)O1XOA9'GCSY)5Q&QI<K.71ZBWFOX,0b.2UO21e.+KCS8e[*Q1U2b7KO=M5@8("PEK;>(PJU*2=(U<B>6F8F@U9cO6e>Q`
G@PMc>Q:`aeX/E=7QfP[2A.12KR.bcR)/Zf_%#7$=1*!U2)!=9'"0KI08C;(#Je%LKVZM*eMfL(0[[a>Lb%:OM(T<PSD#+[SMF(\
P!b,C#Jf4F<)GI3@,!;=\B[ec9D$=/]7='SID:XZ.VRa[)#eJAKOTQ8ES/;@$$`3a-Lf]X@Y<TL*[eYFcdYa2VG7[85=2eS<Da;F
b8_S^E;X#X*\IQSUJ-fZS'_PcH>c8PdW<.F"`9[70&06;'(JM5ZN5909=)8WOG!QR5-)>ZW<F/3E$122%3U;*HNeD?[C@8>?0?O.
aPY:<HY.KPT)e?KS39%=-E7MbE$UB\%C(D'2Ne&Dc5<4;:&:?6#FWB*0$D^W$0E?R>F3`-8VM8**D%aN^,X[>7$ZG3e`Y.<(K@%!
^8U_=J/;\7#L9Z05M;IK'@f4Y1M5+a"^-;4Y`Z+Ub^<H?2*BG)0<;1#7fT5f:>W5N4Z7DT.S:OK9ZP7NA@:@VF/9UQ249Ud)T]IP
0!>ZCLNY+<IH=`0;JCfXKCM<%R,[Jf%M_9IW%)]UC((AKQ.A669R&L2dQ:!3BFTC_Y_&9NFaKF*X;TJ0L14^`E">U-R.9D([dHT<
&61O&+7Gb`W8a1H]*V2.8TI'HYR!1-F8aS/M(G.aPL7`FFUGU&=I>e9XUQ84R0Q6Q4cEWX66W5J]W.SSL_1)Aa?8Q"S/a$U>X]^Y
DC,%K_5#JQc(eV`/<9LX\a6FSFTc^S57!.If87J/\,5!04VcE\4Z8$2WB\<FP^=*AG:@VNG8L#=/BZHDJ*=B1\I:>O/-TZf%9d<=
BHJ4"W8:X0&8d*B`H9aI8\-CF6\c928I+/f-3H+U:EXCd5eC-&))*Y1TXJ@7ZFKR6FC9?<S8MX*I%5aGcHeEE@@XOYLA)Z]'E=EQ
d2>W51_])^'3*Qc.eT<J_SBDH8+#d01K>4_5/*cU-S!8-BdL!-e+aNHEJZ^8#B0;RUC`)>:Ld3-NDG27cK<f%+#W@:5F\Pe+Y(f3
NW*/XdTRXd@)68a[IN].Z$F`c+G]AZN&:M<;3XRCdQ,-Y`dTHG50!8ZV$$X2]^L)`'[dfH`Bf:W1DDP0)'?LYdY'IDB:b)DD":<X
*B\HN'$S6<Hf*U^!R#^_N<>'>;KADFH5=FQ),0`M^)fdX:-UBZ`F:7B[`>/_53,8;]?2d/.I54;".0#d!5U<2OPH:f134d30)Gb'
N?7]?f@_dc>;JJ\TQI^)f%$;**"^**!`HXe*QJVPa<*%S?75IUQ6(0EeES,aJQ\!@>G^,WM[0@\I^7b#0&?$,V8UP.,Qe^7^Qd)5
/ab"VEO_a`;3GSK&G]_JdaV^D<WNHA]5\0IZYA8IU@EIE'"_<T.5eVH'/F$eU+`47$FI-`,^KXGVI?>]Y9UYY28_ZQCQ"_+5+"ee
K($9,%3%Icc)PDE*=?`Z]QbLR)[YI/&T%GV2F]QD7GFe3e,7S)4]CUcA!,$<d_*X'C9L36YDc<3Ab5Y-7\>?'F'[1'd$<aJM)XD<
_43_Z1<>A9CW!<.6M?3-,FH+M`d;WbN&%;.KS;\^U3"`5??'BJ8=c0@f;F/4I)Z6dRI9$_SV.YK6*d"]LeV&3'VY@^HG_fDJ+N-V
H.FI#<FG'];Y8^T_,.Dd;(BfDdH6R4L#<W)T5BH#E+G`Q%-@aM3*%E"O`H\3$/Bc;R=eL`YQ^?.I=0'$&=$TYZU0EM)NEaR@.WT8
'I#56Hf9`P!MR5a#4S)M@L.<NO.0"MZS'NG:AG-,Ub&]-IHe+M;OL)F]5V[HMEXa\7XbB!_/UKT>Z$/bS`;OTMD[^Y-AbdNBacKS
%K&aY-HHE"D7]^-<#EIGA8?;UbcQ/D/W+,T/2c*0PHLLC4=a^Rfb+V[YL81\?5TG'[Ef"-&:f2eEHcP<OccDQ=?*$G+>B'+OH1a&
>Fe)0A]6KVc40G/%,9dUU*Td(S)Te?,4M<,MFHF6PALO]O^UM%_YR^3LeB+S`>M^Y1^+'85)T6E:\cCH=OSOM@NW/da-PNd$[?,V
<F0d]bVc?eP]F_Ef(/WFPRE@CH\f_Z7AZ@9?!%%]=&&L/**!?dd/UE,UO97130JI?9K3`JV3dN<'PNP+R=L%=eZ+5)4UMC!:OLCF
P7-<F\G%.1!)&\f;VFWOM;`&4#X*9KXQL]-TAXYDL4EMU+M!7625A@V"eX7/0cAJ654N1B4J\%CN30M:7VXS*K,*OK6@^N\Z3;,_
^IJ0R!#.ff1<a<,3^GG'd\e_AE6>KOEJf:`4\>T[]?,Q=[^LfC'V=9PR(d>O?B4,b,+`QW8.dN`3P6QEAPB]0Z,%`bcZ'I!:\0ZR
-71e5(6)aKX'MLW6M^;YP<Daf<#`WN%;M6fOcc<:[>LTQO_<fE!/JcC)@=Y.]@P]SZ/$;:=)[N5KB`;*3/$4]EIU7W18G@BHdN5`
A%+(UZHI9G9@N35ATDGWJT;O5M>VICC<W%=:4NM?N\L*.`RU,[Wc[<?HK.;$)<'V^CY1/-!;0WUK5,K+^,H)7!B\A?LcIV\9G3F<
82a1KB9a_=N'FL0URSdcV*EZUA6;4R+aQQ8e93GQJ%63U&La+V<WZT;C.,2O!V$7c]O!ac6I<A9V^Fe0:A;T0@977Z+=[f!;ab+e
NH\Da(1S/X"\G(<F3=3fYS8-K!P'(cD\#&#,:B-TPb"BE2$/=Pe4FOQa88.TP&DJ0&^D1??$K\/[8/UIJJWE.;]Y(!cS!(%%cFe@
.Y[CQ^R*E%F!0+5A"G6091FJFN_W(=ZYfOO>(4cfeIIC03>5Y%"0JU""B4,@.>V@,"R/7aZX?^:L%#4O!JcLD]G=.>7QGY8;9%\>
0VH1EdR8QG7RH\`?cESF:e!^fd[B7<&;8C:\P\N4C'=I'/1;4F%59CC%4PMVe31ff>e]C/)!8P2DFZ4'U09'PbI5[,dF&19H4F%M
B[U3!H*UcYFF:2DJ`H+c"[Tb'Tb"KPPA9J[\571YDd)P5@:+;S.e@I9:e27NB%`@RLY'HQJ0bL1a!<_!(d@^GQE<3Y48;(%K\D'R
-,RT;d:W<WJ"!S*-IU);%_TO;e2+Z++?:D>ITEWDKRbA?:K(>W,]Ff6&C(-#;2DE3;ac7,=<26=EFL54ID9LU*3G3L-*D0#F)3<?
P%T%4>0IW6%&1-KDe7@[[=e.^2`W.b(dM<3K;P/],2b"HY1eF&),D45L8K`==,C1_6V$b5YdV:fN=3/3O=%dT@/!<8Q]&5FbG/eB
Q.T;1P@[=-[20F7PR-%^X@"a<]M*O*9,4OQ<d:2>S,d6V\>1F.AL8QJSf?Gcc`=GME_ZRRM^>:*N?]R7;T)=\`C%$#UZI`,/;bX&
9[\d",UR89_S'd[U[NG?\c!^*A[c1?C^DeP-Z+EUAX,>&U+Z)F>)d0AVf.9*bBaD@cI@J?GN-`9`62]9"f2M3CI>f-%d<e4$%P7!
[0O)K3N=\?.<:4`QWa)TH(+^.)/L/%`*$:;:'M%Y3X6B`/>bf7C#M;C:+b@>YPU_X/_/Ke>2UKCO<Y/O[)<G[D(R.'H#H7%&UdAK
*Q[>*1WJ=0?#0W-N><XT\?GYfa(]E@(NA1'C'K7dTW8)"AQ'"b@F_3]_9K_H%@TBEP&.,B6(YXP=U<a?D<XQY.=X[W.$T=!-0"S<
,;Rc:2]'Bc`:%YZ7b<P$;4I39BVV-RKD2<KFU+\-#V3'e3cR&K::@V1=-J0(-!\c!5=7][[W[,J;W3)dA8:<I<$APe\[Z[e\..+F
fA0S!%Cf74,fJC`,,+]5cNV:bdaD@CZ27)`N"Qe'9W(C<GEY(:<U?H?VKMKDYA_`3X4Wf@.:M3Z'V7\Oc9!)eGVLMd1(aAQBC=(=
X]0A8bG%.P3NRBMC`C5L>ec):1UGLIR[\NOA((A':8S5K9E)8<L#a'6&$IXYX>a8'O7;M:9.!YF=R?!dLN9<0+[Ue$E'MV)_,$Hb
>"<RZU$d]1?P.)XX5[b/KN%2=I../%@a^CB2d]R<cEAV07@F&C(/[bLc$CIC-?7V9=[ecSR4Y[TE%b(,R['a@V?`#EL:&Gb8IL9B
2\,Wcfb/2ALQ2/'eL?0Dc>IN+,"J*S\TeG^E;>VC&dM=Q:=8U5`ME9T=$_C1//)1[Rdd/2dcZRUZSYc_W1N']LaR<*bf:B;I<;OQ
EF71:UPH#HI":SX1Sfd]W;MUI4%%E_O@[S^RZ&XCD*93M,GS^@T3=T3;J+@dcQT"D$#$X@_f`^=]Md+5"fV;X(28N<]BH6<Z;BXR
2ZO[=5L:=8J9eaOW57,:B-ebLOC+B`bUFe7(-&[a'JX,AN/LPaC5_^,PX%_DEKP8@2^Rc*ZT9"V7e8C'V:]THQ&N7,`[,Q]MY2TJ
?6cDQ@@*7@!7!cBbG4GTD7J]+U:/\H&[=8*X?J@bU<N=Wf[b3''5*,<5DeM`a`P:8X[\:W1YU3YLbF4c9>SHX`P9VO?55CT"e&46
e'$FT\e$QSBTPA%?BD"4]R[\"@5A2RcLWN3fB[)'<6M]ZB>^CM&NQU"ADdHbR\#Cb(38Y\):2[EFSWRH3L7SAX]1,B1Y6NI4B6`T
FKY7IY#^3S[%KYN&M7B/Y0.E\"=f.C+8T*K&/G,!9*HDH.K]^bK#H]%9E]7KPO"EKJCY9+_/d5B\Y,2BJ=aKDDXXTN6T9.G!J0.#
RVG':)F8Z_6Td./=N)D'95,<ZH*VGPac5H)7PH4eZQQ_K$>]SOO_/?6Y[K0L[.+H5@")\]"IJ&F:10X_%FGbJ&9U>bHdAcK*ZG\#
B9]CN*]DL6TQeN0YaMcYD9%cbB?b7YO#T7MO"2W=B#3cQSN0,a<YNY4a1>'8A5<Z['_-[,)OeaU8'57/BP7=E?].P"K^,*fa?(D3
X&;bJ>5WO>(`<[6"BA<6cG%=4MbP.Y<":%_<La`c<\\.$@F8-7*BaJ^ESANQH(W/!I.Oa>]/JC>/N7G)..)>d2!CO+)$-DNd!bE;
J4?^G!9/-cZDMHC7[?GA#(],G*`<K1f]b:&3<CGYK`L,@e*F<<((T%RXZPC"5898Bc@_V)U$%$2^=VZ?\@^K1fff?:C+Q>&J9Na)
'MY1P>AFf_3,BF+UCZ4L95VN)1`F=E'HREJ*STD<FC#XCW*A/2>_bZW(K<#a3;1[D)2^c#Z5F@71M;b_CEaRR;Q*+GP6C6Re:-4"
a*A:`1F_b$aLFF26BfV=?WY,SC1ac;.W;eFeT_f-I2-5I<cR(SSJ(e#eKC74]("`WbL/@`%/&O"Ca&RE1KMOQ>*%&[WV^;#X(6&5
_3a"O\+.P,`038=K-MV=^\H(*9afN(GE:Ea#1:,VCH^a/,R*&([<!>dc<4C$WRf\,8*8EQJO::#C+U%/DI^P7UY!8P6aD*NU@fRK
:8OG0VIXX>+'=O:<R_;?`$XCOE$R!1E>+J*OI*U@+b/CP/S,]Fd(DS5?=Nd5NY"[T7^a$/OR'N64,$P;')U[b)H*&1@3`H,X+]X!
a?^.V3K>+\$+8W7?:M_LA)SJ:$@31aKPS1[3']P5#^b3?,C:7*>`3VZNC6AKM-<:G.\[E1YE-^.d%MeD;d\)5EZf_82=\L$"HB23
PeO2B'=T=DMYMN4"K]V,D<]H78>JX+/1]KLQ$<#d-S=ODF?eVL1d8d8+!@*=Q@M'(]0H\32!$(K?+V_P80X5`8/@dOf*$f($U=>Y
<S"?KBW>'4U*J6<^N'eH,S`(^8O+eEZT@27\bZ-P^DTS(C9SY-@(AU9Af<a+I:%G:9^#^X-[6I*JQ!+C26Y>96,eDCL]ddZ+Q+'"
Oa!'IY4OM1_]E-'RQ!-Rd(/D=1@H:/AX9!,\G&J(KN"R/9:Yea1XT@SVaI%EbY8M3'TSDc2%=WB=`ba.^KV#40>W$WIQ\J>(?Q6A
YV7*Q\fUBa2_fFDBDf(:'PR<\\`ZMC^FD8N//)GQ#M4Y=7K.%6]F(ec<K>&;5M=B#%K.*\-?F8\<'dJN1@0E@-0=+\7U*c5P?2Y3
N&?0E:f3)B4#BC1`fe,A:55NM(W6"F]X"(HQ9:8&L?Xb:<L;]WT<)fHc2.f`M=a9XX--A=D&-?afb+.OebI4GLPX+^==)8BC^%'/
V=d$8SG748-+YG/]Ya^(HfKEI(+WEWXG+O/d9SP%D'N.X^^Qd^)b#%@'dGKMH$)cY5Y3(.WPE`Yb\D)(+OYIH@`<9O-d96?^=f]6
5DTaW#B-Y[,QY\[d&L0&.FFI,@OaW#W"/a<Eb\c(/0>#b*AFT?I(7D';-U>0L^MN!7J?$98E2H=-;&[=+3^:P@1Za"+O>+08Y^2#
bKZ6'_KcV2)H)"eE*'V)c0V-'=f!,I[B+Y>]=7[QIS9^6:.O_150A*(&JV'K@!MYa6B9Y%bDB%7S<H8`cIL?@Yd8_9=6BYN..YTS
#ZP/NfXW,:Nd!JX_/1E.]=YW(&28J4b<);8`^V.-L7#/\P2$\bZK?C3V:5\c7"\:UB\<e(b)T/%6b4;>9&LCI0!LJ-\5^cT;;b/#
\62Qd&,;B-9WZ"NDEN4B30W2\D2=^YYV)aBUV*:dVT7]DO"e\49YG3I,L[VO=PfUAI],!,(3_EZU)I9.I8,;`]R7%M.^P=X?4YY$
c@/YZ_GL'\T8RVQ%KR)?^L]G0!ID))EXX,a/<8GP+I$(T>F?J\4&W"beXRcQeSa82NN15SPSF&:Ga;Q2E6=C4P7^M8)PGFV[!JRG
FVH60ff*2&a<A<Z.CHaBH@C8^G:LL9+N!BMe"!*]1>BaA5`#6LM>MF>Kc$Nad;,>A4^38bD^;N]ZQNUJ<5<SQ:=K"CJ#,^Q+T2TQ
N@W%W+Q$f%b$VfD'S7$7[LYGE$?bFN$3db^^O-66*:_$35,9[Q&27$Y-T[+V$$6<S(U1E0V)a)/[X$d*R/F;.43:Qa4;N-\L/,7e
NbY'NCG5>!HAQI\AUBP3d^2fad"$R(M)bW_(E>^_:%)>VC]9a?NQ=,S@UP@$=(PJ96eZfV96!&&-Pd1*Mb%4F]*BRG6T$.;G6Rf?
V=R\_R_:R#7fc6!`Q^:dKAH(]_;/L?3\''>>T'LID+#M3BA;NC%/CU)%7$Z1EL@C*9;=[:\]GK&G>QA`7)DB:ZIDc]RPJ.8FRKR5
!$R>K)QG*?P".7$*ZE&KX5H=Qc'_^5*,#bQK\6&;&J+H]X_fQ(4361?_cbZ]1_1b`X",A]X8$GY"2K.PPZ<cHa;Q8.C.MT'c>._?
0D8)3[O_OT;B`bPB8Kf&<KK^C0%`$=2WA%BdBJc+*LD"A1AC\_WP30C9B5d&SYU@D,;;$.+eL1")Zf[e[bZC48B6:?OLfT5)WZ/,
DM80S3+;PR;4OV_5W/=e*2W*CI%bZ\aH+eSY/D_4:b*'2OGa]_WA7bHbfZE/T^>;;5(c;\;8=L*d*Z2c,!-5Nc*'7`O_C-%OWe"[
c$-DdVFA)DKQ0%a(*5a^!#(K\)d`]2_dYS+;]eX4H/9,4WPI<cIJ4/Y-\>-N#Fb,#:O4^X7f>IQ,H99XJ^;8P\;.!ZDL\%Y"0@`G
WOM`]3]2>a9+QIaA06P0M:-7e*US4bb`0[0Q=5ECR"4R]E/R0J.Y"L00%QAO;Za/!?D](>!4!XQ*A/X+AV@7JdN.a54[!H/5VNf[
d\ZBG5_>Z*[\'fc36\(\E+b#:*/f:`PY.`.>H[DC^QJd?&?!O6-WK#TcD'f?;%;A2W:RQW+B(LRV;SZ;V'#H.7EBB)6?%JaGH6e!
),<9C!U6V9S'=K2G1Q3Ta,"fR5WTR=,&Hb")0HaTa4`NS<^V(^#!XE4FDa:U?'M?G=D?a<_HdC)!3eK:R$XbYR]QU9&?#MI]-6@.
2NG$F/HP0A0!1+CWTPA\:VZ(a0a0-+Z`_QT`$L)1+M0VF@^YK=_@3_?-Q_.F:^IX4,LPQDG-$"79^P!Wa3V+W&[A9VRT'L^]6P;#
Sa;,Y22#2)6;CYIL2]Y(<G:N'ZF8F#;J,,'9dc^-N?U1:RCY92/PS-\1/:Z>+TTER80T2f*CLaEE]#1V$(GIY/"7E1<I+9Y>":FI
5&]&E<A!]VDQY)eKB*4WD0]Mc4XUSXL8L*BbU/U)!`C+PId4P>K[,>0F4HfT`-e9*M]J,.f-BWZ:Va\=*4b>YEHNaQ?YIF"L$+*X
.2-:C$R^$PRcS>HV\GF>aFP,!GEaZcd:9C-@^'f&V9bS9+`:"a"bP&!$*<,,(7@R%J6(M_ZZ!Y]E3Z%RYV3?M==Fd*DebL=?SZ7[
0VNJ#2[/d*/7DS"0AbI";+\&V1>GPYP+K#='4e3_fZY!0e?0AHE^1e$#W(D:\'):VQ+fPOcG3\K49*9!MT>I>5N(U`TJA60A&11K
b&-Y%<?4@WXf+Q_)\/(\,d;(]3?.?&YU)N<YNPb)`8RUX).+J$EQQA<F.&\8XHZ'/(ZN'JHWe:bN'\)//9-;%'FZU"Ub2+9_dM6_
.RE\1%K+I9fNfR/8eae[MG(,d:;^<6^().]ScSc3+bF^1/c%;`5Y"[JFDI91W6#\O"F$^OJC6E?7Mb?1?Aa#/K;U_fSRZb5.7VW`
3)(XScFC9O\1//6&NPd[D;U*S!3>a<3Y7:,;_1CZ,8/Z&A,]]c2=f%S7[#-c"(.)dXe.RcM-&S<H^Q"5/($%-V(K8V"+;OYdVR&B
4fRIH;2.e<=8'P858S+HWRd1,G[7b+!!3NCBe\S:S8J(PLQ",30Y1PR.\3&%ETKc\5#aWG.$.V8*B9817!\FM%/;c>L\4HB6KRDI
X(K*,?)Z`.L`\A=I4<YR3R1Ub:QO6%&a)(4#&[NaP0dDI2c(^GK7L-87CAQG]&!*aHfbHEGd*11K?2/P+&.M1Rdb5-)03`6LM8QB
Y<+_[9E&:X[a99%:D*_cX-J)E0DF#Q]7L#4D`8O'!"@-R!Y$UGHB^,/"WE4,""1S,A<,U7!:_WR$^Q`cF*\>,c+Q7e2fX'4W?eQL
L2(I&ZH)FcTKT(X/A4=%Z#L03$T$KRNYY=)U4dBeR%B/-1?Mfb1.ZP#af,$8\;?ZKOc5?K<.4KE'0:7$eGS#?R2U*AH922NK3.\U
?aGMbI\bP"#$[6^*7+.YUa7`,KdSI!E=87OY"M6GfK4]$%$e,V/?e&b`!0-_OFT5_:\,`?Y/U\XCC,?E+'P6FCH<fE@'M__Ye0.=
^*D08Y#J$68O"`&T/JTGCJCB;1a^7[)?F;3:]^)=.FdP/EZ=b;\"f(%69-I(I>_V-Z6I2VdD/==6RJLI-5%b?XR<KK)XF2\_EMP)
Q3CR8O#2*7$%XP1S"8>:&F_()Zd1$?2K"]+cTC0NIT:%*&2GCWc7R^RYa&`3_3270<[J2b//@FAW)SK/W34BN.1P/cXB1(W^04PW
&/QX.NHQE7N'Wf;4Eea=<QD2`eD*0VT\&.'eH\:c":M`NZ5:>4CQ@a'eV8\\a5*CP<Yd>!3_LFLd"S-[\[;3=L`?1E5MIU),L3e]
Y1P.3/%%N?#*?>\*1L-c.T5$%BQ2SY:#e73HH.XJ_6e2Q.F=[EO2BfcQEEOWX%a0>#CO-!*,7CP:c40^9?K7")"4_`.E.1YPK.c!
@J%6'7df%$&([?.P7a&)\[!'5S9[fL2-bW!--/)6@372,'SMY[SL/%YZaO>@5+%)*%RA3G-J<T"J,=)*&;JVRC7:]$H!S`7C3,28
9S?,M3,eHPZ@O*SM\US0%J]C#DH:?]Ka^K".0::7\!^d)IZULT:5fQRBP;V6)QH-/"_QM/<e^,TbM<&eT/V,\#]f<*4&?aP&]HT9
f,ef+T`@5CRTGIL;aO4FC@BAAUdOW+XJ,Z[[453]ZNX,"0'P4QF:a?Hf5\MdZ0B!K0;`OO,%XTO8NFac^%$KE+GN@<,_:+TAf%S2
PW@2)G^Y;IbF(=*$#]L?1],W<'=>Z,$M8(I<0?_J\$?>ZO%?AOCT[L:bN13@Y20W:7&DI6Oe;BZZX5MB:6K3<d<NKN:(FOXU49.Q
[R&)\0?+=M=:bVYA$:X#.^/>9N$UR9,(9A6:%6N>UZARF7GFS7Q4>I'J_Z(=-X1S?Q".7:!EB'=HC`.66W%6'L[71O!$W16N/4TA
\Z4"JN;!cTd<S'8T1N,.<d8PFZP(/]SW[%R>Ne4V&`,LUA>:K%)4d!ARE1JJdA8)dZM*=<(E-5D,*`NeAGf0I@8H*a:-dO%P3)C1
8=A`Q,QD?=$Pb$JC2Z;[[AO5%ZO*W!N!H70F/S'-Z_<5:F4'PL!LPVA-#$@<&.''`Y@.U+ef=$(3"8%[JS)UR$OVc*>C!B/YO@#;
^-eb;f#Z<D"033I!23U/!F.-3.XH_P#7YY%A;(O;S`[<F`-HU"#L?"F6a:F+U>+49TdX7S!L7+<FPCDHH-NbC*`,O*JG">9YdN@Y
Z5d=>/FaUGOdG-SQ`?3M?#A=O"THB[4H91#[FYeQ^9GfZS(5-SYX9KaB:NX9,$V+.c,`V;T7-:M"+5N@-;9cP<O[dR-(9XV_Z8<]
(K1QXVc3#RS_A.=BE(R`H#Xd%O`G5@+?"TVBHJSZNFc&BcEM4<]f4U*&M4X(d_33BU"37/V!+_[5eSZN/V)\Da<QIJHFPL8V))(8
]Q6S.L6]$K]+AS?A*&N]L4@V$M"Ba6f$'bO-+J*BT-a,*L(3K=4=<K@LLY(9#>&UfDBT#J`fE67G9*[:Ff-'I#E)fA2ZI*,Gbb`+
Z-&JTD1%;7J$53842)T9FMfe\!%6FA2Ye95H,"4`(H@P7f*L8GUW/c7U=UK^#Y(,e#"!ON'KN:36&/RP(2WX'3TW"^FJC>Y0Z(U.
<$GBSGT34dJ_"LNC"dX'<4`]`1<QN23?B+"Gf6?MF9"e!U;%f9>@4f*J$DdY@9D,*'$6f,]HN7`P&f*@&X:>2--D\VWO*'a^L$TI
.J!2f7M$NN,CX:a5b6#dS0:4b2`$c\P9PQ2*f_a3ZY/?*JDeD;$\HZS=IT:6^N1%]G?9R=#fS4W^H%cK1%`L\I>U\1"SS[^92%*X
)EL0CN\P"?WcbI*HSdZafWUCIBRL8\;A:aSW>^\4J\\BJY%eb3>,*0\FD:Tf&d([J=.,K[/>X%92:[8>.'O1`O=0\eYb2!f9F?J`
T[]Q<eBfaW5<,!)?(V(-e\1NC)8534M`HHCS7#J$IPL?)T:H`-;OO:F1".G<@.6ZQb9c=:1L18@Qd%I7\5VHO:)$I7\E-(;U5@!$
YQR*"7.cb-\5G\7V!KA4e^NaZ\BcM`c(@WT[<I[dEFdY%D&8`<2PZc(2a\*__+>9!898eK4L,`%CROe^fN5b!>BN?[eI9[69QT=7
9(_E_dL@Y#;P>e]R6.XB>8IBB8b0E>`I^NFK_]/P/Ke@L;;Ce1PM45\S'PE-`b9;@*VI$9+J:).8%UPc3/!8Jac`1EP&U``?SZX;
'!EH\H7M-L*)#4A=SMA=WTQ.PMJ^>a];UQB%<L6P^eHZB:\DX.?3&R'"dUb)L8f_-QNHPH?3*W"9,De>beAH#&*_HbT0c=:E!`LJ
@2c+7@b3b"6#M.6<^*PL$K?E5b@&CA7Oa>2Rdae>VR27E?MK%5`TMN(>](-,?(`<9,C[-'\\OHN@VfAJcN,7A!"4!,MX)ZH7)!Xa
K@Ec7ZL&;Y`N?W4(1)T=>CD!Ld@C'/.:^*4(/DNBSFWd1:Gb4N`7VJe*?H4BB:Z;,@=`M^P4I9W4\%0%U[TPM4'4+T4\FD4]>^(Y
(PH'SNF>XaWX?"%AL#HB/6N$Ub==60_]#M8&Q;R7(MaX`T:7!>%9++ILV7!`U$O":](APeHOG[?)e9B0IY<\D65C3d>]3+2U/2<C
R;`#MH!<Z-,_U7"6*C!^;R-)!cB#;/*7XTbGWHYULF%.5*:F6T5A>W>G?MD%TZG]CH1/YS3@;4X,Y/%Wa(T;5A2O\XC@'\>#Dc02
FBYT+%dDM48[9@Y7eN_L`^TO"fXSV3VOUP1d6VT>YC?&WMUc#58C^2L+3"I0_X]/O'HIE8"\:25ZM,a=aS3-#$+G-6)-V87F3+MR
2:UYSBZN+&=bT]3J#',eE:K1RbFR%]`(8_.KQK2VcCIMV3-2=1%S"=<3##]]`X1e*K994^5"!Q!-9HK1M^aMG8U7f+]/-[G$M=GA
]bH)!Jc""JL\eE/8W'MIA+$]9,P_'["^Z>adP<Y9CJHFa8)<?;/@?EO(_YGf!=Y?)TO6O'Y*F1_Hc/.N2'1.feS1\"/5ZIc2a:T;
fR@OH5[CX^>FH==]>G,8&XICe(L]X@_X>76.)%TRYCb9`#&"W^D44P85<MO;#MVDG69!CbK+P"`bJ&N,\$L#(!`N&Jc1-:1/`4<K
SW(X4#+)cRVI7\e<9bW4@'WM>/YOd*Ie:$MG3\')Ga*`d9:a/*PBG9IQ4JQ"XN7$FW!,Q3Ye$%%I."KRP-6,6)IcVQ+1"&JJTC?Z
*0W$]?&<C[YVIS80fe9bKDGG$[(@U#OI@,CJ8HRU/AT<QL'Z-CE;''K`!`O[B^F<\L"LLDZ06:NeF)KaX6,R'a!X<>Kdd:%a',a0
b"PMZ&a:PB@dW#XP\N(Q"2J6^7[,-?VM)3$:*K0;3034]W&^^NO!U8d6L=SQPbbOXdB8_52)')_+!.O_*N$S+3]X_5.5`]WWF1d+
M)f.59:WI6%\;2@bSRE\%Z)B2dD.C$FS5+dP"7Z0"Zd"UaS'a\.*/?_2S4aN1VCS=VB4OR(6U;>,77C2N_49;UV^.b_Q+4S0c@=_
0XO\M-GMR1BYEF[Z5IN`1*f*[)PHY[$#"!^<5Y8I5(?57&4%WNH0c1C>Y_D]4"?d8AX%G;Ga/cW^A'G&P[?V;*%*\[\EDG/+%d-F
W]!`N$'4VM#27MA*Z>'<AYO7dK/D?=*Y-0*K&2A/3\*dSN7bRdB.YK;)%a,)b5N7LdZe6FE\`HMG0e)1e[(C%eba'%2$O-fA=X`;
-B"+?1\3L<!^:I=WJ'8PZEGB<(M1(R`O^RB3TWb[+BXM'@bR!AVQK']Re>B>a<&T496,:cN\B\4;+J%a^#'ePQ"CMCX($S*91%!8
)OC*K>ac\(R2f6RH]e[Jd'8O:2E"WQ(@N?D7d:3Y@_S:&D;[>]K\TS_$OHAXd'&:+HH5eT[Z2*B6/-S`;,=)]fBdJFEL`;dTBUU[
Se$*A!b\O7P8:#C,.-L40B&AeC5fRG0'NF_"TF`K'563OVT<?c*eT,SI(-B'L(A1=CCP#IK'>\NBED:@ET.WdL$G_PD[&,[!66/X
BV'>&.:-)<dPf$aQ;H=4M6?6QJ!F`%#aaXWZ+JET.N^E8&a)'Z,8'.@I8:)3Id+K&50>[C?=]YM)5&R>D[GBc'Z6-?5Jc-.$NZX&
7>bGHWOOa1%YL">`!X?Y8:NO@>XN#>"W\2X7<0CFECE#$!J3K]STC?H&,&65S/CMUc)&,CM-38HVcY6+>,BWfdNT'$EK+eWF;[7Q
NCHNeR\b>YLMbA_`J;"/9HfF\6PS'8WQ9J*_(@)]XD:OaO<\E[DSVU;3+O#]TAZ:KKcG*Ce.$.WcSK*A'8QaN-)_\07.18(^@<X;
E=)!TB><-4`2>KMdA"(%DVS7F"QfB7)#XV[(BX1A,Z7JM@D/6$deWfd-WJKB1JR<\GD#2Af86e\259]e,07c'"=LIHF&SI>B(eeH
47=9F:D*ZW9#?G7KH(6]YPc,_6-e,"F-J2Q'*Vb:+@!B,#=7cD@dT!/fLa>\e4XKf&+#7@MW,\"&H#,._(%_9)*f*EM8+>H'FZUb
<bP$JKa_A@,:DHbH33P^WDfMQ33e[I4,+QUTf#0[A+:);;J=*%#JYUTb[Sc/*75_bO<ZaIO9$KM"-].90Q-=S;2?H:;aA6D344%9
`<9&WOS0SR#W9>,?L%/!Yfc,CXB,YeKDC=cf9G/'d^N/44E=KNaWE+YAaPS<aH[OZ\4KcX`IeO1d>B5)8$:G!\+P?]@+@$NZ#8D?
"K**EN(?Z5(8@TN!^X_?0bJME!C<;+bI]:,U%TB^2QM0%?*)<KG170TGGQ$^?"G2DUU:BTWLK(;GAO]:GR*B$"R4BL!E=WL0"AMT
\DfT&KI(Ee44D7UYT_)H;a;F>fA4#*[]U<4RW8b[KJ(G&"C1PeVcI(&(69>/GU)2M(*DYHM%!<]PXV)9W,$*G&[9dMF0QFP:K7"d
^LRWPJFQI$/f?5^Q_?2VIIGU;MAWIP5:#LD>;UeOY><eE?5[B:ReQb>1-Y=ES-N9\T-b-VGEDSCV`==c.c@=^4XGWBd4N5XKeOE_
BYeG.FaY2fbed86B_(X(bdc1$+"8L&?X=a.9H<a-\P3Y]'<a6(?c9%M;dW%#3U(7'JH78@.4b7R2O37Tf7#\LE5Y'>2Q@%,YJYc/
,c3/R>AJNY;[`XLPZ6aU+[!2V"?4&W0:[]+Q:)R_D&@Kae'D`e$>;CQ#R;EEc+HAALL]ILG;UM[FHS;IUe5?%";Je5+"fV@TWGDY
Z%D5D2X9(%3&"IRCGE[e0[[R?;,U1?eafX(Q]M`@+RBVc@&SJM[V:%CK(=%e:H8F'F1*R`1$`OOTE5:R0[_UQ;/?TR*P5+)YH0_L
6TWbRK<!*e@I>1?H-^/"3UdC-]d$J0#ZKMN+eVBYJJ4L"_VRN^ZfFT(F)cLc<J>a<QYdDHVHbLXT)Q\_ZJP@Q.<1IP5Ub+R:YL,[
\[QJ89e-D0J2C,>P<SEdSG%b%&W4*)(E!<,34$EWZaOZ8PD6E&<UN?eF2]5,/CCE)8&O`%>fa7DIG-fN`RA][>U%E;N==L/]87"C
"d#4OE8b?0R?(];LMYZAT5aC[^VH%W@2$AS@@P"8RbLK8/eHOf4e<:c:M;ENb3AWK.(F[G/[`DN!LYe.=0,J3^4T%JIJX\$,^.fW
N0(P:FZ8C<-;bK>U8*^N&:^RI3Z3-BXf]<7.#88,8.-J,KQ!Y]Q1?`\A[J]%X]c:?J82,b7.*($3A$"1!<c,22J,1%=X:%:d*VH8
7'X7`^)IH@SNQC>%&Fe@G71;[^c"1,89\B<<'[eb^!&/Q]S>`ebDF)f:KGS:^_M5T$!LY"5R&T2]10.`H,!TX#UXO86Z6JK<>Od2
2C4dWS!R+%L0`;(&Q00?ASQIG(c/!9*^P=6):N*,!:UMC^3'G'+Z[d0HWW!Ra//@HVBNA"CWaZ`U2%8Ec=+.8@'=`bCFTNH?;+%*
OLH$KUF;#CTB.UUK#JUSZ9FZ(K&KQE1*Z0*LYcQT.QFa)eR4ROQ;f*/-6(1`DH'1(IK3^@V>DOQZDA%3!81EUT%R`?2dD[fTO7S#
74*(.-cN^"3WUR-`QEIZ2(a*bC<ZGUY`F1H>&-d1^NJAR5@>."c$I%Qc1;J'bR9;Ib\a=,P0VI7WD0;Ab3@7dR.WI$,T621>.S(:
E+!$W"-e[*JH&"9C\!=C?]FbDW92X]Q5B+9"F^&'^F9V\[::9d3P&_X"Le;=$@9]Pc?]';)/3$d,5)(IR&B%6O=+UZGVUT)f-CVb
=ZYe1ab.<!7X2#;fD2J$[-`N(d=?,<,,4]KfW;&5D7I_0FcX"-8RO.GW$H(&<R1>ZD!#!YL+Ua$W*KX#F-[+0UD_/['bHRdIL2Z_
^POeL_X"4Wb542eR9)C7F8:MV\`+4$=?=U?DJ$SH8.=QXJfM+T`M2/*QS>@YdM-cG]I+4a4J*9df2KMR]]/CbI&$G`J.J#.]/COO
#aGdId(8[<5L=eLD7>3)*"M0DMb'Q_84OX)TIaL4::S(70'.\c1bEY-2*VV!5*DHQF:I*c:'+XW]OF5BaZc#<Y`c&SJ_P%`1:=3E
I!(7DF8.aAF/_D5APV9-'9O^JU)V=fDa+OIc(;(P#B/<O4:a>&a_EeO\3X'+Hb`D@FH."<W+^QcYG]ZE_\_8Y'7T3WKJX4O'H(!$
?F[C*ZfTH"V`Q_:]1f<GY]@I5BcR@(EJ`6cPa\F:O!+\aYC6=$8J*%4JT=:A(#Qb/71%8`E+#%Y\`"LX%$809T<7,O.#[4Q6/<Tb
SIO<IPV?J&7JIJ)MCZ?Ka[2YFJae>LQ3.+@!;J_#KX&8_\V.A'7&GSc>RC.`&ICHIS$9d#!AFfQMcQ/B(;=26W<BT".GGOe,GQ*e
B*U+SVD*XYT-#Af9RF@f+!T1*%W!dH406O$X`>VXEU#_2)7=*=A!)74G\eMM/H[aM)5U^"6UP)>$B5$\W?eTF\W<b:AQFI$./^$&
C&77Y9.-"3RU=7f\;;P3c`K<Z*'DV-MURU9FP-O+PABG/<,AQ8(I#.?7H34f*-?(DX]7>8FJZ_SN'%$<>4ZTQ%)S5(Q9+S1^Z+P=
-2DJRFO/5bU\D_DQM6"Pc8N^#C#M645e>1"8C-4X>6Q[BS;6I8@J5:Q\10R>#7&@?.KSSB'7_c"XJ%^H4"4ZM*W?D/F24NC.aa8N
0F^HALZ#:37f[G!(#&H$;bd(%&JDDa():08#/c0[R4%Yf$BZ;N/+4\G$@"ZJ\!U_F,G7CW)0'J2AO]2::)QKXFPeb,Y/-dGL6RFW
^ZF_\.I1`5%>H8^^<DJDD!-2BIf8YLVJ%)d'::[E5ITWe4OZ7DF>1KN])82N$aX(811a&dQQ63:T5$K1e2%D>BYS)@VB"EKKY@HT
D:X;YP1!T\T=@46:964dL]d^3Y/N&1.D5O[Y*YUNc<.SR;&)+10'T1.-R82+#$GO\E0'cRW<eP\d,ebfKV'742I2.9c%ED)"'Q,2
^H><C3YNG*Dc!Sc0>=!1%P=db<WIBK[M",*2`@L-T?4,^#(?97WUZ\$(]@AQ44)D$/dM"@fOA*4P`Ed4[-FP1I?fE^HE!CSLa&;[
<KF_9'2\9QTK-8/(<!\SDKP\f7V/./2C'!,N9Ebb-^5.0S'ab"UWa]SAE6[UWf2X13ZA!E&N9IJ]$;=:'ZT6S8!B9.[ZR5>8S'f3
PU^>+DGISNBZGO&-$6`]N"6[$-YO3EdV;b.ZPO32_WNO:*6\Uf=`.=@/.*J*I4&Vcc7XJ^ECY9UK+Q;!HbeDbFDVDaC-RI#Y<*4J
O\5%0<^F^()\#;.YaKH6?QELDe?W,P_b=F[_;CKM,HbK4PI#+c=Yc,a9`0PK=^Y1`C(,V;D5;B]ELCACN:=c,;6,7-Q`AY*<-H2D
K]>TL$T3=$I@f-GMHBHE6&I9Q4ed1OR=Le,?M9(N19EbGZP9";KSKG/f0<@R,d"b*CL9(SIdBXTYR8@:_KPOOH5<GY4+O>&NUW!+
d=7]X<c]'E^f?QQ"R,-S_5I1Wb>;Q!(e"[[/69*(;dJA!D6d".(2XA/FL+%bHB,A10_/_;B#X(6H`OR_#QS[RKY>@?D9&EC_#L-5
5B<3^e(,7J5>\"*R'?9<3QI?FA`\NH"&aJZ+80RYbTdB1`9,I(_#Gb-NV;X'DN5<3_P&OI_4e#LOFC+]K*ccJ?-A?%VWWHNN01>+
&5.QcKZ?RU/Nc]3N9,ZND5<WVS6P0f#-UVb&E<*2>-7'4D.X*4D2cNJBZ+a-4JSDRG!6*IT8W#$BM:M"QRFU4=%XD)F,6K@DWE:5
LFf4d=86XTGcIBS%E6):+eb--.)JW$:8_=c8<d<0*C1FSQ,Ea;F\EWOb!(E>Be[`"5-Z&%2ObdN6#]$e+I%?ZSWNe/PO+bN7+).E
W1#aa`TJ<A7b#`YYcJAd&%2R%-,eD\!%;2E*22,3L8^ecR]MQH3\,,G@_`0K5\M&aX;=EF$.QH]eGe%J?'$69]KF)9C7/O81be7d
92G3>[AM.$T?UZ/K&(]eGKK=SHdSK+$E"d%3!7C/9RA;@BG]_J_@OFU>VS\N_-=1,YaI(c]_Y&6UU\/FKNIW%_!W2&eeA?<E@f]&
/ZK^[]"SQ>?W.<$;"IcKRE"%a'17_;@e$GdIf<$-?<Jb;1_.0b3a+C$fAf?cX46:J*%FM$5,)V#f4O+;?/"N4:2fGPV],ZI1P(,&
"&"bdbN06;X<W\NHJ\c"5)2f;,GPdC#./7S@2ZCJF>fIL\C<^?Ed_8%_Se`U!`Y;N9-[+Hf<V<XY1Mf*AdU=/I,T&6%!dD;/FS/J
YXDdR]\CF:*OHN44@-(?J)Ra!?CJ63e8@]PZBH,6&X/4%G"(:ZZO26O%H\4SCd*^A_!)!N>$?K[MLR@f=&CPbN0FJP"7M)eCf0)A
e)XKG=[EN:B"A<cFD6]a>0\8\0:KJ8,9ZS6/2K*<*'1[4*[b;Ca;fT[Hc;/@619d-/#8ORB4!GJ'+TUHS)eBf)Y4QUO%='*$,>)3
bL=,B$4]BEZ\>,4f[?*123O\X+<ID%87)F*A(XA^L.NR@;3I8HU=f=B%PbSe=5FBRYMCJNI""R?$,L$48TQe=K"KLWHY+/'M)AM;
R>Z_`00<T1)<Xa%/UGc29W1U.(M19dS6!7I%c=#^K&GF1!\1]ZA'H#^)P1;\D(FC>T-V\[9['\dVZX6#G/\U0bM,66X!2LF8%PCc
)DW<5)W_ST[.4HE_dZ'2;+Qb6f`>V]S)9b<WM`aA)4&W5%aU2D?[O"Z.);(&&56GFXO_^L8K'B?ZP3f*#@f=GMHc:EE\C;>>QI'U
7JDP=dFU'PD'[-#_!:GL7aUOF:.+ZWX#/ee-c5S@f%C\-]caJE0?O+JFMK'6^(bc^XO*P_!`D04R>78&HO@3RX\.&'YI\Fa%BYJ'
XWZ1-"C,GfEDd]>Wf2BVbH6bW7#eGO=;+A#eL%<RSK5/4MN-D7*"!V)N3GKf*6C<])+#+9#dG7AF@:+H8$@H870\c]&\UE4=3I).
=U$'5XM#^8>5T"9D*.F]c=1YDRd1OBAR2[PFUJH.AKSF"]Q&&$Z=NYP&K!Q%%.#Y#`WZJ]Z4]Occ<R`78L`/J:YGBd;8Q0YBK[(+
(N:6Y8[IF@S*FZGSaQ/?V_U!(B5';@E,?^#5]<fL-`8\&IDV<T$Yda$M)$*:J"bG#d)_)<,THdcc^f'\U6'3,O_>dA:1E>PDeG;@
C$17.052^[_IbCV&L"aG1E\Z':\`3<\#/D>%[1;?3R)=TTG,+$U83.>\db*&5R#E3%8!OMeA"Q@fc,.Z`VA)e>U<#cR["4WJ%1UV
?H#[&F6N$c^+(%?36[$aUDX_+/(,<JIQfb+0YV:*M0G;U">#4W?c!J]?4^=Q7SSQ@;3J,`N@Y-FQ?I#beT-Sc4ZQd:C=HE)'/ND!
O'd919X"6LP%.;YfL.['!d'XI"+AVdO\>L<SVY%H_Wa^(Y\!0D(\HO*>L";f/8HNJ-62'V4M9-#R4'QEG5*fH*K\CY<B3+WUc2YY
*.'1EY9"MN[)GN_^Q4WL_,_B_<8EW9\TF;3V"-[QAHR'=d$(`'J,=@8Tf,CZ-2J#_^_E7%6O_-.,c6/N?7,8OG*9?ZH95#@[=O25
^1P^%A[NI"[+aDJeD_QGMT(dcLZ^,SH+c_SFZ12M@V=B"E*2;NY;\XD1FUee22D].VKO*HY28[f<]bfc6WO0c[Q(1MH)<]MW8&(d
b?=(!38b#_B5/CFHA;8?"P6$>?W5]>BQ-A;I$0C4DXJ9W[AH=\?IA\&2HI,@<7U6OQN5F6:QW6VN<KCa/+UM(0&:%KL7Xd)2E)M,
P1RPW,K*QG0_8[ZKM52%KJM)NL5J%M^JS3L^R0<38@ELTF!+Z+JT4`].;f0PJ,3N''bRS$%Y4QJ^VC0-.DKJ+U&f0>T+,JCOB,:9
>.3QEPd7SK2W!JUOP%(%)S0I<Qc-\$]5JM39I&M'R\/0`Q#O@=5RM*:0Y7!%-U)b1T7c.E5dM\D/_ABcAUSB<Eb=L<TGNcQdK[a*
TaN6AMOBdPTc+$X@'%".1aT>.NBW>76*aUB9HO^TSN^HL:H?]]ZF)&<D0*aZ<^;BW\#4P#U=e7$DbF_1$2YV'VHdG+5K8+R`-bBW
4!;`9K@-@W8#;?XM*Q:CSH%"K+\N8Ib1=G?+[Z<A#E%2_W<K#aTXf"bM:$:,4aYM3ePC!]c6&/dTN/4#U@$K#QR\PA2<@^d[,0Y@
M7AYW-BXRI"^/4fdY9/aTD@H\@TbUJZaZS-?JGJ1dV7\Y>d)O:BX-613-L7ED*1>-YUF+QNA/\`eJ]b[A&-RH_@II]8@/L!9+9$S
!1^L^(GU58[@_D#5eS'2B+'H"Z7Mf43QXZ+R@I)_;(/*6:1")]e+&TJ`I`B:fMDP,D.7dGR*_P9W35dW3<c%8">^!.T8%?N:W87d
.LG4+[SV5>a2Q1MP7O(1#9Y'.BF`;JX^:E@eSI39LL9!*],/bQ=O%LeX:C&50T.R&JZ3`&82'&/K#O?;4;O#8\!)[93-EVRZ)3&Q
&5LcT.0=:_%=M%-U@RE!X?R?;$@aMB/U&;WIZX%(2Nc3(?1O6:R7eJ'K[)dH3Z]AM/PD)"JT$HdY'!&I24<5E]F*Q*\]O\4QG]&"
Td.'VES3GW?EFOcJ%UV-EM-?1>>LQRL\4!VKa+E0[RN\98c)7:T)39?XTYMRO3G;-,^_?MD99>@J=Z?&`TJRF.THK;W[L]*%3);8
$85`%?'"=O'BXU2b3A.TT*K3+^Me_X:\N!RRB5<$??A"XUIN-A;LIW_Q%V4`.NQe"U0\0&6@<$/L5UEFRVa#cCL=!.+T(`8<ZRK;
C'W7^RJWP+X)UF$HAKC)HHb#e8J.Q>FIHdF3K':1QaX]_/@QE[QN0fE;#YPbK3/R3H2bL'%=V:@RDUDbX_'e<eMI&CX]W%S@+&9<
_M3@_(a\MNHa5dX6IZJX51*YYPX`?M:_COPV8S+I4L5dZU.&c</J4O]5)&*]#?',1%#(<'\$VY93"\`T9#9bF2SB>5b<$?*?>K/a
W/>"YNS=$)(J%W]Ma_@V$G;Q1Q.%IN0E$NJ@K+0LO+9Wc7"5;8#\GOV)d*'FJ%fTK[c_.]W0N1W(^<[_,4LI<DR]C-bJ]!AWbAGK
<[Z<01?L8662Z5)[DD8C%<5QH@+Re.W!F:d48LZ,>V41*YZ.WbJ3^Ma;\([Q(X9?^<DOB@V:79;-@0$>*"S/&>WEc'X@fO%4M2f>
L>'*%VN0@=e+BY\\"BR?BV`$49N\34*4LGS4H?#=5B(8-!P;$*([-O??%O"GP)>Z1ILYB$\_^;NKG&d8f:<]DIY=dM=N;a^$N_!1
Sb2=b$>@=La]Wd,K,=<`f_B!4NZ/>Pe;,fDfd`8F7.a`<Y%7T02X&]EVH2&"F1$Z1G+$SZEOH.J<A\$3N?dU`Q\#'G]T!1T\LA3F
L;\.9HFVf1O?O9/..O_]bdME,EJ[TUAOM3:f7V:VGf&T1Q=dUMe(8Ob6QKX5CQDOLda.-/:(/]X)&##PYN/\#Ya?W>O[[\42Z$f`
[?H(!-65BDL!065;c,5VCaQ]aEHe"5Y-#?HI!@Ne^O3I#,!S?*@23&Y_Ke1B*)U`7be2Pb-=`/-PUcY?A'XDVA7D2SQ<Q<eX)&(O
D1eDc\S&5>FFMQ)a3Q%'Q5H^T(OJ)TZ4[!$5:Y4Z@-(dU\D;6U,R+[-;2?&dE1`DaJUXU:3Re;POUK9NUYQUKB=cYc1;aNYf1!DQ
O)P^;"<@WGF20BL\K@&dGGaeK$d[MUY880(Sd&,W=d4J^b<cG\FV4XSM=2]f@#38]##9*;IR"24TNQI9]dWe6`YIO&d9Q3U/!X$8
,LCBO3.>=;Ka\I,^NY8\T.SH8H6+'?Z+]dec]We&64\V:^:I)^XF>H[_@WXWSK,7&+!dXK03W1/E$3%/%&1Y\P);7#IL=JY5H%0=
N=,e*Je]8M,U"EK-)%<d!]Q>5#+aXF,EIMQ65"[/c]$d(8a9^aIB<QLeUUU-ZO33'Ab(F.QR3&K$d.UE4RR_A:R_"43E%TXA7F6T
AVbI'%aH]868Nd7\HB)'\-^@&bZ'.3H"V,#QYHRB!84H-*GRf*5"eeB?O%[YYM.WG()F/-LW<9@AC"_>GM#$Y"DJ>E+<J^bbW%=,
])+@7$/AK<=$*!?J76<D-2@JEff;;6S^UG0VYNaIJGYVc_L<@>>e>L4D@`\\QHZ>J25<bZb`TIU$/B[Q`W=][B(BDGfH`T>1AH[c
E+!A@6>@?c6__?dW?SaAAG^JC0:?OYD?C&5\?''OC"U1Y#/RH1Hc/G.(@O2=T+\Q.64!PL%5FE.6"&]'1NQ6MN$EU2a*<IH]C+cd
C5H.e"\b;)''CD&?O!H)^QB!0`(=1M7XW=+/@'&A%2XJ(?4F](XD_JG"-Z9H]%&N?+V6c''27aO,;%STH<0*FF!5&ZZ^_CE%.']S
"$H7V%4X](7]]F]](1D"dE@:P!.J'R0Je)4Y-?c%@31%Z7.GSeS=9Sb!M=&DM.[UOU99>#R\@QDX``-&RA0/],((-c]^0.K]SN2>
*3V@fKB*4-S8<_[L;N9+DZOU0/f^AHH(*`VZ1-4-`G2J5K*9])GIcYD]$@%+-3?0H`*=SR^YKAKR>d`YKO.LFS4A,E)J79D'b`WI
;1K_#')O[+`:<--QB.KcaHB9T+`A:7*N`!H\OZB\dW,F)0N1^A8<+]e@O^??&^*bX<O6b5@+I*G'aWG=(PHXb]f#Y6`fVV35SC_&
*5F$:F#89c[9$%Wb;Z)!H0+BU'fG!590E"+WK,KHJZ\"![*K&'7W1^?PZ*(2a%.#F8GI!AfDPdd9KRCYSIKPT0\75N+J?,HM1efA
.%D=K)NWH=D\43S,OE]QIM@52N>@,PMG^a'M%caA!9_CXTQU<]XJ[=f5f)8Y,*!P9#:KEZL%_4B`O"D4T1:Z!1SY6>Y4D:%8Q3*V
7BM#$2ZG?#N!>ZB0**]=2R!3%a_WJZ3MQV&6d9I65KDR@B]V%+afG=c)1X=FSB2=YNXHb7f5f2I_%.@HTMLW%AEK?19E2#,P$4]P
X!)Wf-Tf7`LZ`@751+\L2ZN3-%L<%["YC=1SM97XR$L6UcZ0DPb\PTEGKcb*?d'e14SCHIf@aJc`IZ0S.GC&&4(H(&fE=^QOB:93
37d#^*a1"JB2KQI!?B,/,4S1<e1e=0WW#^`K-4^W#')WeEN4/RNV1T,:L9[(`bG?aaQ!']5c5:):V?26'H9)D6T5,Z)4ZAG;#YJA
#@O-NLQ(HC0"B/`1/$6,%C1]>3V0JdPbR`=Yd@cO)b#\86G:S=-LR"@><=8QQU?$L'ZEWF#>_I@F.FC%N<]B,CU<FT;d\N\"P.XP
8)-6Sf]4I_F"O;VJD;f+4*A]c9a*]8J/L%cbB%J&RG6KGXM7bd:"5:G5JO#d&BM<`)7"f&\YQ+YaD]7IbB-A$2H#JE<#9U"17VB.
IHS%'U^27\K0O-+"1*d]E;aX(.B[SC51M4VA_BKOJ3Z9@4A?WdYD"D8W"H(%\00.T`L,Q\W>8;Ed\Fd^UMe>dLU/6B84<?`/e8A=
RT\@NN5QY!@2GcF_4-;-R<QD#-$#@\7A$-B[Ud6:]He1UFA2$(J,24I[,RdGb#!_53\d89O(MNPUAM(Y4^f\L1>dIVfUUdIZ2JA^
%=",6)@"6H3[5NR04F^?bB&a@e4PZf"?Bb2/YIEJZ=N:6;LbHS5OT_&!=+^/)AaZJ]/I(+$XE?UE;4NSRAM-&,*/9IPeLX%NZ*Y%
-XYcHOb/1HP?,f[RT(3TC,),J.9fc-NFfQM<W`/HLQ1`;[Q3];"Z[AZ=&*P.,e(6T%0H!/\3A+6)"`\6M$T8*56X.U>@`bE05/WA
<6$EG+&FP.3!K"[^`T$KH1?SL`X&@,(P+ZH/.R*$SM7?N[9#B;J1#EIU6eT.Y6CMHcWW\K^,VN^\HY9G5U[TVSUfGfN>UC"0@SH+
1-@@%GTATbQd8@^.,9"!(189X+C="#:,YJH^7eVWG4NL[8b+99`?Y9!d2H!cU-8%^G.b1E1E5KM>B-OG.9%&[a+(ER(_0W3SE+CQ
F0"^`C;(>A,-7U/dBM0QV&OB2)C9AX6@U@VOGDa5T"@>:(Vf8D:)H,MHYUC(Y(EaDAX6>?;*!83:)^?U&W.0:HFbD6*$#"U5"4PG
Q[43dW/YW:&E$8_Vd621FN'%LYDfOA82f/Ge(M"<%C!UJ-.K-/(R+`XTf)0:G2FGM^@S50:HdI\BQHK+/a_A^.P%9,SYaffT5H^-
#<BV^;C^f9Y;)AC:b6I47D[a]B.8&,AbI9L6V#HJb?(F!59,b4C78)a#a]:X(SAAQcU)Mf)a:G^`^`a(bd4Q%!UA+]S2-VJQA:27
.<47SYA9K\DY*!U!6;'F(PB*SN=JKI<3CYB.#eB\W#5IM"SJU'4-/eXR:\>486'#LSE@)T?[@HP(K)`1`^%+</^?I+P?EU(=dNTG
5cX(JCT.C9`7TX`J%M[c(aR9,#3d*dQ;bH27VK5F9DDM5YSQ].#^e2#;[T/B)J5<:,O`+WD)`T)%S\]3M'L\?Y.?:<T8-9bW2RQ3
5<\=R2G]<`\*C884(>B=e[<][DS@RW`cI<C9e[Z+068I%IR#_./G*S,0-30+TNeG]ZUX4XMHOHF.Z)Y9_>:f!!?H^Q=D:-"]?2Gc
:41*YS%OL./NRO+'d@#*`J;RQ'(6*\BB%9<3a?'RY>F^Z@W(eA[H<:9_AJ];^=RL&$H,7acT;b$R"'TS@(LHCL$\8fc_1@AC!XXb
^\bSO#GX0c=#[(bBDF:[94WO^Q:ILG>Q7D@)'(F^_T3$,Ba/$0dJ_eO>d1'0)fRZf6VT@_Q=aUD)C0SEd&`fD4f%JL"<X*1Q9SI-
=&Y0*I!C.0#:7/cWc3,\WPG-6>L$#DI)?`^J=V=$_<2fQa3WPMS[KIK^cWI.(DZb\A:c6$XDNE[,X&EX9<2`Q,T,W,&OCX4S8cU>
-(^GQUGa)M]"G5\2?ERS_f9B)!0@4+42,F"M[_E94`9`40I6&76[.YNV^S$@=Dd\_GCYaWY4#FdQ$0W!R&Q67`SJ*^02MCMcda8.
Vd&,8B&]=XaQ=aK)2%WK(3Sc)X?0C2S*d#_5!)f696>((CDOY"+W=<T*BF7UQFVBT)XHY!A\;_#`9)+MK>FG2"4GATC/Cb:>.46M
`"]2-(A9.@R/1_9.#[?&b^6\YDWU%C40CJGEcY-eVB3,2aLS[\F$:5BX>`!P5)eJ?Z5S-?*_H13-2\JD$J2]'_+Tf-SF5\TNL"@U
/?%XRDMU6Pe6@POM2"O1C,W1G>FZJIcfdL<;]18Q)*JC7QB_M17RSCX1:T=Zf_T):?,2I3=N@;7Z+8""(VQ2*T._-LM-9>DZIcZ=
ZLG'7f&,:b3TK]*37d--).<FY#+7V`^ICc=Z4EI22W*fdS_V0GF1BLA+%PZR(9VL]L[9S@`Ie]K_3?E#6FS/SR?M:UV111:,N5bN
EL+B<CV13!(O*1')?X*2.N@JY`'^0/`2+&&)2e`XM$WBZB3HWD45G.91;?2*DJ_'0\E2dc+EB!F.N*>@fGAe-@W#VK&(69<`cafQ
N&R,.G6B]L1K]&E!9["ZQa%;9AdB$@"]%c$Z?H3K]3'_JDSN#NV/^\N+6dY?0&N0W[AP^&GH?F.2>;Ge9!BP3/Q"DFJ#`19#aZ"S
H^>8<(%([L^/MSR;CLcJMF:[f=KY??TAd"_SV,*[V(!FaCPM.G;2AI/B6@U&/d-X,7$N`FXS%4>6XA%L`%XE2](<MB-f--($"@15
":1R0`b<*D?6dM=,F07W?*ST#=*Z[b_JZB@IaG(OA:AQ:$+P(=eX92$D#<RC9V+6f:D]I9MJNAZ?`10=cLYU6TbeK\Q^_?]+%>?B
*c<CLEK1H4F2S!T.6*]`@F\"\ffMa*;WD,FCL&;cQ,)(/=.-I9GTTLVYR\<Z?22A`6\,M++db@A"8KJ=@&/B,OBQR-E0[8>YU,3c
^EE>VddJaAVOTMeLY50(;$#58&_K?`Qb+JSBAA5^dOTR1B1$6=M!!\0*9T4A(8"SH?b]3G:@f1f:/N=LH^.=PYPR&Q886D@e'4Y)
-97.>%]ZEY*YZO[/>M7@2+&^_+%Ef[^L,L=cV-=2b<]X`VMe-!<KT[7474YT6V8]9(9*MVNLU,c:B>?A=T4;=:K:YCUR4G`/:>/!
K/W!20C.&VaAG$45K4;"9=ZUS&'fZQ6Z=M7!?G&aC)E<=9@f$H7-S5QbPNeNPVLO^*4?H5X3K'[6dO)OGA>T%]4.()_N=HL\=YHJ
!K<fP?29_I!P]D<F#3$^4)UM.AK]:/f:H4:,*RSFMD^e60HJG1eT$Z5E;@PM7(^'ZVaXcAD<&2c&V4?X,NEJ7==!V&RUG!,^"/2d
6.GfT/L[F*@?"]/Q4Ba=[?Y5-\>H0<#&LQcf+f3WU#1KC*1QScW_6Q74E:U-aQN,_D9Xe9Wb60&XGQ0IO>d41VIb3DLd\OL[[[d`
Q%$>A3CEZ3G:(OL^VCN&A^9L*P=)d1T:\\TKe3W4&K.dS8IM#519Af;0@Q448W14?'!<N`1<Af:A\+`'2?cUF8G0eA`$[/[_9bZ8
1.)8eZTUE&/KJA3dM"V_=W5&$LI2IYY!-b`XD#`(495ZJ-6V4EV47cFbQR603P8e`T-Q/B(D:PG__V]$VCX^7,YQ2:IG%(EZ60dG
CXd35cNbH2+IK>N\QMHB$&X@DO/.=<=ZE[<%49!"eLAHZ9\W?cB\S-L;.Se(1T`_!13=!@b+$<K9aRZ]I]a`U0$C7M-2<+;&8)XY
>bC8GF#+'eJ3>V#B0P!I36E0;O+("IQ#6D\C'8]Q$aZ3-a4a$?f:Q_N=E#8O1][MH%&MI'+!9FB.6CYRDC,'HcO$TeJHR]R,Ld7'
%T`e4Q*.X?5V/DY^U3"AMD@^>$D-,O5G"Lcd2!f=>U45bb;HG*`KD]+\)<D^c>CNR&9._W>C8QJ2&V\BG9cH;^%c:1e[:dC/_7?9
;>cK<dc:[\_@.6T_ZdTG%^d5@fF[??QMd)M?:.cbAL:O]=Q5<b%!%9?N?$<<c*eZ23MfQP;R-`X?3&DNE_#X`VHJF>-e'X*?-&0N
P/I0CK3H6X!f/QNY.^LA7*\9.MB7*+Ge>LXKU"QfPb/9<\VDNF\:M`:/)>3Ac[YATGV'A=/\EJZ]de!T\eK2\D?I&2dI0F.BAEaf
!Y`e"dDQ/AQ0_?fG6%>&!=0C47YRUFPLXP`@BVP5RJQ_JS''Z%URBH.6=I`/Q1$F>RD`?UF2.=`H;K>=`RV,6C]T];!':8NXWQMR
]^_LdT.SX+'NS(L8_`H4*%]c:[SX18+3?R)HFI<@f%f$3M\*L_17NBO&]1=,S@OIT%?GU<GfX_@+"A*D6S'>a@9D[fC[$E"++P&'
N"`U;FTe?U>NfMfR,S[^BdVA>B#1;(8GO/bG;c?IQ'FJII$3Y7K?=*189B)cD=WAc6B3*LPW@PeWX^Z[(N/4A(L/;U3cUKJUa4d1
\&(&*9!3%&$@&D'Z92/<KM/fLT\L3H3-W-QC7-M`ebR]"7SP%T>&^?*-T`<POUX]K9^YQ(DZLJ<M[SXR;:QT#J]>e49B/G4eD6DS
ScJ6UPWf$"\RJD2D%BU*I;`BV_f3KX6Wdd9>6$5Fe6I*R*@L:!1;2]J_+4JYb-6*bZ)J]Ja3*IMR03Z.'H!,]bAeL2_&\2H+IYWN
Y)/31:6@SCK0bNM4AH0.OE_SbHURGf1MWX^0AN)fAV7YdD`:"N;^Q[a\9\L28P@Vc)-GIZ.a5:\WA:SI,b4SE<T?Nf<*.JXA->NA
RR\IcZH=('AcH8H9VU`2J\]2NL8TF,WT[b<&=f$%*3WeZQ]YN4IPI$INUfCKeWGcN+c6^FZ:<RM/3X:R'8JXFa54#Y,/P>7R>/@8
\QQf_DL7O`[F^Ld.CVL-\IM7)9d2<RL,B4\0F4e[ZcT;Yf5)4dEYdf/OD?!@Q443)]/(UPGQ:AK<_=F3afcYa3#.!"Me'S<4T,$'
T%L;P7HC-EN(2QY%e4W.@/]Z13Q*JPD<3_(372H*%dO1/?_FI@8OP,2<#LA\OOcffbI<`d>*4,R+>ZFe400E0]?!7?AXQc.beBZ@
RD9/"8KA3Ga_c8*Y06>Q4F(901eHW"I]UV@&";Q7"!0`MPc"CA`P,f=9Z+S38Z<,0`]$L=#bL0.%JM\a#&Ia1e+A$S7OW8c;(_%e
fKVe9K`1CA%C\H76faW3L<e,3*A3GLZ@J'.1a=#%<#<C#F.XHX[ec7T6(;E8]^X5a'F-H1\HJ0A()bZ''#P;51R2_\c&R84B$[Ka
\V3]^S&fbH79[O:\K0>40FA^()PV53HW^]$S/\XX@dVPVF/V,cS4%d_JC1O+BeB)5c5YJQ==6'<^J4[;#T!N>^A!5ZW1W'E*7R.4
,"aZ70]MK*UF]1VR2*S(HO,=&W$\^[<"N"a&_1[BKO$&6WBe:RW,,d]HJLZGNd915?O5$P\BB.7N[0I\Q[BNLBJ95G=f(5S;+Z<N
-eIEdC<UJ9_f>N'!86Q&H$A%a8L'-Cd5S/eS,8.H6*U"JKIS>/@QF[=&)"H5:Ua(^_N2&8O;/SUdEUE&)**"Z[97+LTP4%X'M`c!
LcCdT<_!Y8>!DbCdY"KH8A?,'TMa=TP%!\L/.RIFN@1Q#`&Y]Q`@fI>]WZ2(O,L<24[f3`ZUDF[*bCDE^$!L(,D9c#W*`E1JPW>]
9b;H]M_F=(dJ]2?+d9K7J`J*EM3Za:)8%$fM,9+D9YN&4*YdPTMZ;bR5?U^5NUZ?K+RNN'_/-\L>N:<,c[[:;&^-OFbea`7/[`@W
72Q`K^2PE"6eSa`Y.B9,eR<-8EY$?#9>^6P@ZN>+Q&1>cc/F7<<\2$@R_@&G$8F21<!e.GW5*>N:6S<27S#$ZY5eB5"/M?^31-d^
FBF7>fLU#N:NPR=>DVa)eZ!,V"7M2#H#>5d)'^0B)>ZJ_Z^FP.@<4Hfd\F1bC3*)]NbcGEUND\^K%e8fZc1OW>H-W/_VO4R=a"#9
Lf)31ec)0_\)E0d!;QV8V\c>P_75Oed**R(H%@M)_H<8,dLDe$$bXBSEM*E-@@U/<&ee>!>Z#=;9&WN"Ff$bC6N5(^'db71D.FP1
dTF<N&J=4<`5-D47G:;^4aZ=EWWdY)A(JF8F''!ZDPPX%LB<S#-XbF,:eb42-?TL46RQ4YK9)@#D#&O$O*5H\R@))#Jf?8$LD#dT
HRU*WM2\M-f2/VM=7"@eeV9AfB@Y`\cA5e:Rb)(<RZ0-JF*TVYe1:(#%;?O$%28J.b0:US#=7,Z8Y)!H[M09W_V0fY42)c96SFE@
V:.WM?>F2IJ-b/+?57>EX*C'Va<K<_4-Hb:@cU?EC\TO9AY12;c=#d6<JU'7(\HP?ZMJV^'3W4GB_A[;M?5Ea+(1#BLG6'>UUX^c
_E1*$R0"OX(a7;.Y5X!d\(J'eMCG#&32/4:d*^&L31*;PAEe,`a.1fD%W0@K([>Sa;aS`LV(EE$1K:W(EC0,HXfPNZ+5Q]_;HBXL
)J\^VK-N(79)JU76S/&PaHP4-cKJC(a1HK&a`!SV;-YFTV6RQZa\_"UD]9S`ACDB/cJBO2`"<KT8,f2_"B[]7U244".-*L,C-`AH
F?A"SL+V]+OG`299dOU>HP`AY8U<>>O(b7%,#>FKI^Wa\O/.^.H+=-\_)#?;!dfXA<IaL\Y5+,RG:<e/.X/K<SK+T>#JQO+cKV0,
,/^"0]Q>MS)d8GcHfP$,,3!.,T*bL:G'fEY[V&]D!'b8=7#AcN1;6%eN7D%$UBY:aL(LeP`6`4#!B$ID:+71$(:A%0\5)_#`G;\A
(VK*J+?F5`Y)B,WRB8?'J+JbR`,.':6U^f\:KS-7H,=`@PSd12R"dVe;f1`HdEAH6]ZN'8P>Fa*ZVIA`N7H)6F%d/\RY;R@U(QG%
-0A,^#C//)b[Y9a#/B-NeFGM!\:Af08-,Z.1*:D4cY\*dL1?!D![MQ5G!\'A>6L2?,03,;e[eI,5JY"\7[!5;;b+8]5@';'-fd"M
ZP=,=D$c;$3R.;@8d#>&;_J%:H<UV^A=,R5'YPUW+:W[]XA<I,Y"2,[J^Q0#:V%"e.@9%+:XW<4F<)"1_a<e+;.\SB1S8+O,I?@!
^?>'AV6fCPE>]O1Z!Z52$YG$,9!<W61F]5E_;bO'!`7*[##+TMdbAd#@\043#`>LaaB\7=TO>O2`b@a5[Q*b:QQ?1;RJJ)M/%Z\W
G[S'!P=+(W&_C/B#\6UW-EYSJ>SP+_IH6PFL.8F\RO?c?a[S%PXM*)R7X(C$PSWB;"*QQLaPcW_+IY,V'2T8e1`M*R`S*e@:Y#$f
"7^,0Z4L]O&HFdRC\T34$#c`E!37X2?C#%4ROU3K)+[FWKa9`*6$YS5$.a:KfYaA8'%&FASaQ(9(*2Z!:-](!>OF63>[U9#)J@-7
;"E%7*7/>FI-)XT4:!DdSEOC1E?.<Y%]76`A[%%[beaea3#JFM!;\K`(*AcI?O+85]`4_c$ZZ/5LSf`%RLC=5f9,^D/_SHdO*^&O
$5AT(VQPQcXE$Db%9e4dB1PX4=C^b:%XO(N%AcBdAG_!=aUS-:`bW@&U;;L711eX"%&JN$U[#DNV.B#O#If3;PM0=,Z"[!QY%UU!
1BQPQSA=/9"Bc[$Ue]/.J)QF$<8+@/>]02KIG8KHHV0.1]Y#!.]$BaI]]DBRM"2B('#7!XL_0Y%'#ZE*%&3U+Q0+>#02LOT0CP<(
DM!X[MX]1!5O#*X:Z+dHQDS.P=5ME;0@;)`@A^(7cL(LDRU_#I"_f#0d2V,O**9;HcbQ1dJ4U$>8]/L0C%9$#[#;Ua55FZJS2%c"
7a;-<)"aGRISO&2S-:@(d&!OMHdYS-TW0dY'>`Z6bS;B,/)63:G\"Y*=<LIF`M]R+N71G_BA>9>cDHZ/aAf%H>Y'9WaF[`]OH;5X
R@J6"`A92=cKZ/d8RMVI2U")8PJ[RA16-=6B:-&AL])&bX5K1`+b\-".FWY<P/@f66UGTM`Q.<$-<2G6YQ?9O1_=3^-_C"&HQ_CI
RY$9#;MVS-3L4W3Ab>5b,L0^4@a!\E&YESa)GT<I;,3.LQ46'<.#;`/!OTL`AF/6)*!32C:3)4C3X(bDP7=6WGY;:BQa,9]^`S%c
c6UD%A:7`Q9%J_^/6aD_1@L*e^%FR6.UC,H2.,CS&Q`_)D:QM[B$f:H2aS*Wb!6]KR5L$+!B/MQH7O?(2K@?@<V&/:"#$I_Dc5bS
0?0f:D(8^5B@'Z&ES;`Ib^QJL,=8E8FFL%=,=$YZMT%d(JZ'I*X-R-X\L4FF"ceSf1#KY&S_f2%E^:W+I?\&TQGE!^B';)0@MEU&
D%7DY8`['?2RQ-4fBQVEV5;bc^UVCJ2J&&f*Y8dM[+*#E:=\9"IC>[2(K?].a0M5QAW5GT5HUC25[2CUeS^3'+05@?4<**;OBJ&6
*#2=$$X-I,5fOX/N$I\d'=D49NFUJ0$QF'e#>8PJH]#c@QLb'ZR=e@-<2E,\@B5G"S9%GJO.0A4b.7$XXPO)A$=U;.0@I^9XP3L,
',/\#D7W[O6*V,COE@YU-P>!0S5&eIaMA_cKI`KJc[`*Ha5SP(`;Rc6:=0b[A1/8\!F1I_&*a;B5M]2%/SaJW\4%BM?.$4_<Q$!.
@B2@;Ua/?6QTQC'*TJ<E!c7%Y8;5?^FHQ1)P-X[/76b3(Wa8'V)0B/&MW,$YdYe!K>H2Z3*>-26YV6Q&C3)f/OFP29,P?Y&G:.@D
>fAE3H\dP&G5K/PAX@!B;1fNVUS>-1d?]N!DVH=D:7Y3HPNC/Cf1L\)@KF^;f$53?J5'K`5T_+d:RXb2(K3@QB5XZAOf>HR47e+F
JP"C*,^EK]/9G-6G/03)5631GE6!2DPY(&C>9'$5C:X!*X#9@E1-;Q2^5^"#.OX]f_1QP\<>`a%BKH/1\Y=]f`H\TRdKB"6eW178
N4b]E8](AZd*\ReRIAf?8S8B]=Q4-KK5;"U`P_PSX.JG3!#LC0,Q%1(&%FZeBcWXc5R?8S:Eec82'VT^0X3!Q@JC@PYUR2U@X:5Q
a19Q3H'0<[9:F\?OXa@WX`8K2\EVcUF=f-4Ca4L:bN,\4F['b6%7N8*@-,(=>_b#&N]b9$U7FA#B(8a^39A0X11@QHJ`="K90DBI
%2-B#)3_8'IB9(L&//58@DI*\A\,#Eb!BBY'RMGZcA(MMF1!LabWU6@"OY%a3"#04@4?$cS(SNKI8_+Z8P*;)A3[3-G=-?7bc3S9
!.623:aT8!%/O=QR6D$9CE$4@CIE1GdG[+9.^%ET8K#8I/YFA,_J?U9?8^>D9VL\Y)*5SC.1!N_:G^Y&J5;TOEP!L1@!.+!ZKL@1
12'7+Hc,*4R[?/[a@'OHc/M7GBO&aAfFCIcQ`)Y,<N0IW@-:1+eZ?7W<^a.XAd$/,[>L"Y<8PZ*F:X)B^:UILK)%+Qa'23V;C9KG
EW"YEY]WK*X(CFI5-=a"S"O&d5b_dHQ_X+O/&9Oc&=V)K^C@4B$a@DdJHcf:=X'6H-*9&ZeW?e&8>T54B7=Y3Z!5RdYNFEV<b?M=
Q5X,@#CF`^`EP9P2`Na)Q+B:/2\#YYY7@"=BYS=<M9`->NAU6\'f:aE+5(4>!)dYfR]JPW";LUDa?C9AFV%eP*+eL2GIRDF%6%T$
V0a;!MRd\:&(_\J\NQ">J@<d^5%]Z<5a39VQ;Ic@2C;c*1KRTT#\XYQ(9Q8!?#'1a=(*0@1SWM04N:$M#!>F1YXXN1%<-B^9f.P@
f.ZG`NX94#>*'([KV5@\F8YN.'RJCXR&;c'V\)[<1?IY,=.B%\%`?P2!5`V38H.D#YX^VA<$`;SMA76-JaEfN4CZ,^b0',-.IL9-
cAF#;O\!+I3'3]Kc$^K85:7.<#?^e&/Tf,]6Q6/4[ZF%BU!ZK#8TU4H+=E6(F;#ASQXK)!--KBN,MB$adRac/HW.ec2:I-1^YBIM
AN6*W_W`Y:<F`W*_<)]II#<#\]://6c00Aa]eK*WMa5QQ'<PffM/@<D.^UIPf$LT]&/F6U\PCY+a.@a^M6^+*]_QO6!#%f$f<6<R
*d1FM)&%PT^'IA'dL8VD<C+:L5]U1fCY#9\^HB=KA)0O@U?JO]c=0C1/.M?N2XU`b"T,"!F992=WHHY<[<0a79SD)-Fae,P+4%Z'
0BJ/a<7'0e;<072-;#=5`?WCX]/^E>#J2#6Z"Rf7W9<GL\IO.V1*^V=)Z$4ITJ'78d*&/&:6[@FY^aPQ[TEHaQ%55MFOS>).'C6U
I`HY%UJSFY'YO.@4K!@J8CXI?Rd5^YA'^3PS[Ea!?T\[3U=b<A9b]B4+^f$,J58GQGB0>9?Q*JHA%D3B8Id<:I`!RT_6FS*>Rf)P
)AADc43L19CP#>dNO;6@?K4BE5_I<b?\1f(#A@<G:5)'@JcMYAT7ebN-e"NT5M^ZYPE[aCZZ)_CBM(>SMC2\`cAY!YO(GYNX-EI6
#^6H?E27LKRB5\&b6RH-B8ZV,U@aJX"QIT&[ae;/)a]?-2.N7OLf8$=Ab2L/_8>DcMZ=Q?4_`33_G4>T*:'e&=?"6%G@WP=F=Gf[
AeHT<Uc^GZD6]P9?A7;"G'-Sf;*1/$0RcTe1e&+3%M>TcN)bBb0]e'LNDK)$XB&d+#VGc98]cE"5IG)f:.M8*$U[0e/)(^I*XVN\
^V#+,45(SCbW5\f?F(/!65EE*Y9Q/4fVOA^U0^*1ZPO7E&9*Z9>I#YZJ1?>D>KdN*@CA$O9<\)@D@_b.":1@G.f4W7G0?FS7DI+O
T308PcGX@(DWKZ1X<dQ#%MZJNO7ER:HQ/3%>ER/V<4&E6R@^7"L;<;*)E0c>[;.8DZQ1L]474ZJX]IYREI7_6aHMA*PA;b,aa7XT
%``_;bfAGVa[N!Pd!SL0H#]9a`ZC>*Ed<S<26b;DPTP+9fV7bJ:$2LfN^!3E6<]&%`Pf7B08fF,K?f>>3Jb]()_+$,`AX^YU=`3"
IV(:9H&"R_Y)eCX%4Z%I4TK"6:>[\S8`#J62W[`\#:0&],M?PQW?:b*N\=<Ja"N2_^O[P*[>W8%69M)0XD=9`C*:$,[>L+4^BLa:
2A.%>X.a=24Q6L2`WS06VX<<;=X%.>CfCH:<U!1$XE\GRTdNRI[85L,aX>+4[10La?D.=/fZSSYQe4LTDe6W#26X1&bH9^R^<X5R
A#+8#)T,VUdIPY_R8GA#Z41,XeD]85+*ZVc0?"6?(`*#WBe;_W"UA!+2DJ!e[!GYef'dYbC)E(Za2FT7aT**Ic_]>\:BFX+18DbY
861B<.@`=+d`c!#E4)fL\Pb&>%94VY[&&)EU`[%%DJ;K_Y?cAU=)*DBJNW<.Q4]XK-C"e\WYaI89CN#Y'0e2W>FR_:W`XSVG2)!0
H*FD@aFR%`=--F#U4[KA;b=IFL(8B?]$O@S!B>#]F0`/3f8>=FMO2[$$bX:4HVU(N,^N^8F;LRN'Tb]$WF[:3X++J0KBY.K_KSY@
