545
1253208 2272310 591871 4744379
1345
4413886 2240521 1104269
3317
2457298 1244333 4927619
4099
1125141 2281110 4511637
4035
2432587 4952084
4261
537459 1094173 4379544 2181613
610
2453119 603710 4803298 1176991
515
1099971 4400042 2200823
4822
4940034 2473027
465
1088816 2130848 4064281
93140
122769791 244776558 61818089 492781359
84853
213648333 55174360 425112525 108559842
99875
62118377 124114900 240512618 31040446 469506944
81976
415851399 26929887 208484879 53640450 105736221
