34
Invalid
Invalid
Invalid
Invalid
Invalid
19
Invalid
95
Invalid
Invalid
Invalid
46
Invalid
Invalid
Invalid
54
Invalid
25
73
Invalid
Invalid
63
19
Invalid
Invalid
Invalid
94
Invalid
75
Invalid
6
32
95
95
Invalid
6
40
Invalid
Invalid
70
39
Invalid
69
35
Invalid
Invalid
40
10
Invalid
11
33
32
35
33
32
70
31
85
58
77
34
Invalid
76
Invalid
72
94
Invalid
96
41
91
85
Invalid
Invalid
62
36
Invalid
Invalid
65
7
Invalid
Invalid
Invalid
Invalid
Invalid
Invalid
91
Invalid
11
Invalid
Invalid
91
Invalid
54
81
Invalid
Invalid
72
Invalid
81
Invalid
Invalid
78
Invalid
Invalid
21
34
27
47
90
46
Invalid
Invalid
98
94
Invalid
Invalid
Invalid
59
Invalid
80
33
Invalid
Invalid
Invalid
Invalid
81
7
57
Invalid
Invalid
Invalid
Invalid
43
Invalid
26
62
Invalid
Invalid
Invalid
Invalid
Invalid
92
Invalid
14
Invalid
Invalid
76
Invalid
14
Invalid
Invalid
89
Invalid
73
42
Invalid
Invalid
Invalid
95
66
Invalid
90
62
Invalid
70
Invalid
Invalid
Invalid
Invalid
44
74
Invalid
Invalid
94
74
57
96
Invalid
Invalid
Invalid
32
38
46
33
Invalid
Invalid
78
0
Invalid
Invalid
30
Invalid
49
Invalid
67
Invalid
Invalid
40
25
Invalid
Invalid
Invalid
55
93
97
78
15
45
Invalid
Invalid
99
99
Invalid
42
Invalid
88
17
Invalid
Invalid
19
63
Invalid
46
Invalid
Invalid
Invalid
Invalid
97
91
Invalid
Invalid
45
Invalid
Invalid
33
Invalid
37
18
18
Invalid
27
Invalid
67
30
55
Invalid
Invalid
Invalid
Invalid
84
Invalid
99
Invalid
Invalid
4
17
17
Invalid
49
60
Invalid
Invalid
Invalid
79
60
43
92
95
91
Invalid
28
Invalid
Invalid
6
6
Invalid
37
33
Invalid
Invalid
59
47
Invalid
4
Invalid
98
47
Invalid
11
71
53
70
Invalid
20
97
Invalid
Invalid
Invalid
Invalid
Invalid
Invalid
Invalid
Invalid
35
Invalid
5
37
15
Invalid
Invalid
Invalid
Invalid
Invalid
Invalid
Invalid
24
Invalid
Invalid
Invalid
Invalid
Invalid
37
66
68
Invalid
Invalid
11
Invalid
89
Invalid
Invalid
Invalid
87
Invalid
29
38
38
51
Invalid
26
Invalid
95
50
Invalid
84
82
98
29
77
Invalid
99
22
Invalid
Invalid
18
72
3
Invalid
Invalid
Invalid
76
6
51
39
93
Invalid
Invalid
Invalid
38
64
2
Invalid
Invalid
71
Invalid
Invalid
82
37
Invalid
Invalid
94
Invalid
Invalid
36
Invalid
59
Invalid
95
Invalid
Invalid
30
Invalid
67
Invalid
Invalid
Invalid
44
Invalid
0
66
12
13
Invalid
71
Invalid
53
12
Invalid
76
23
Invalid
86
Invalid
15
68
Invalid
Invalid
Invalid
Invalid
77
Invalid
Invalid
Invalid
98
Invalid
Invalid
16
Invalid
17
Invalid
20
Invalid
99
43
Invalid
37
38
Invalid
89
39
29
Invalid
19
Invalid
75
43
40
28
Invalid
Invalid
Invalid
79
Invalid
Invalid
Invalid
84
Invalid
Invalid
40
Invalid
Invalid
Invalid
54
Invalid
Invalid
Invalid
21
Invalid
12
86
77
54
82
47
Invalid
Invalid
31
29
Invalid
20
Invalid
Invalid
Invalid
17
Invalid
43
9
83
91
1
9
43
Invalid
Invalid
75
Invalid
Invalid
91
51
Invalid
87
Invalid
54
64
Invalid
Invalid
Invalid
Invalid
Invalid
7
13
Invalid
Invalid
Invalid
36
Invalid
Invalid
68
Invalid
42
22
Invalid
Invalid
0
Invalid
97
Invalid
Invalid
Invalid
Invalid
Invalid
Invalid
Invalid
10
Invalid
Invalid
92
51
68
Invalid
Invalid
16
Invalid
33
Invalid
Invalid
60
84
Invalid
69
14
21
Invalid
Invalid
Invalid
34
Invalid
Invalid
46
82
12
97
Invalid
Invalid
Invalid
Invalid
23
45
44
Invalid
Invalid
Invalid
Invalid
Invalid
Invalid
41
98
Invalid
Invalid
45
Invalid
68
Invalid
64
71
Invalid
Invalid
Invalid
Invalid
Invalid
24
42
Invalid
4
80
54
77
80
Invalid
Invalid
70
Invalid
67
Invalid
Invalid
Invalid
48
85
68
Invalid
62
2
Invalid
Invalid
Invalid
56
Invalid
68
Invalid
Invalid
72
Invalid
25
61
52
Invalid
24
Invalid
36
60
66
42
42
Invalid
28
70
Invalid
56
0
61
Invalid
Invalid
Invalid
52
18
19
20
Invalid
22
Invalid
51
69
63
Invalid
Invalid
Invalid
Invalid
Invalid
72
66
Invalid
Invalid
97
Invalid
Invalid
Invalid
18
68
96
6
Invalid
73
67
Invalid
Invalid
8
Invalid
Invalid
48
Invalid
33
77
12
Invalid
Invalid
Invalid
11
Invalid
31
99
Invalid
48
Invalid
Invalid
Invalid
Invalid
Invalid
18
Invalid
Invalid
Invalid
Invalid
Invalid
54
Invalid
31
97
26
7
Invalid
Invalid
Invalid
Invalid
Invalid
Invalid
Invalid
Invalid
15
0
79
42
Invalid
98
99
97
38
Invalid
34
22
15
17
Invalid
54
64
Invalid
Invalid
73
Invalid
Invalid
Invalid
54
Invalid
90
Invalid
Invalid
Invalid
66
10
Invalid
Invalid
99
Invalid
Invalid
7
Invalid
32
Invalid
8
77
66
2
97
74
Invalid
1
32
47
54
93
Invalid
Invalid
Invalid
Invalid
Invalid
89
21
31
Invalid
64
Invalid
Invalid
0
Invalid
25
Invalid
Invalid
42
96
6
45
Invalid
Invalid
66
Invalid
Invalid
Invalid
Invalid
Invalid
82
34
Invalid
Invalid
Invalid
5
Invalid
54
4
13
19
71
Invalid
4
Invalid
Invalid
Invalid
0
Invalid
85
Invalid
Invalid
58
48
47
Invalid
Invalid
Invalid
Invalid
Invalid
61
86
42
11
3
Invalid
Invalid
Invalid
Invalid
Invalid
82
Invalid
Invalid
Invalid
92
Invalid
27
Invalid
86
Invalid
Invalid
Invalid
81
63
Invalid
Invalid
Invalid
Invalid
Invalid
56
97
28
Invalid
Invalid
Invalid
Invalid
6
Invalid
Invalid
Invalid
Invalid
19
Invalid
Invalid
19
11
Invalid
Invalid
Invalid
5
93
Invalid
Invalid
80
Invalid
Invalid
69
Invalid
75
60
Invalid
45
51
53
Invalid
Invalid
Invalid
94
Invalid
Invalid
64
Invalid
Invalid
Invalid
Invalid
Invalid
92
Invalid
86
4
24
Invalid
74
Invalid
Invalid
26
34
Invalid
Invalid
Invalid
5
Invalid
Invalid
Invalid
3
99
84
Invalid
Invalid
Invalid
74
Invalid
36
Invalid
11
Invalid
Invalid
Invalid
Invalid
Invalid
Invalid
71
Invalid
28
Invalid
Invalid
26
92
35
11
Invalid
Invalid
Invalid
Invalid
Invalid
Invalid
Invalid
5
Invalid
73
Invalid
6
Invalid
Invalid
28
Invalid
Invalid
27
23
72
16
Invalid
Invalid
42
79
Invalid
66
Invalid
Invalid
70
Invalid
21
Invalid
32
57
48
14
Invalid
29
Invalid
1
26
84
Invalid
Invalid
50
17
Invalid
Invalid
68
67
Invalid
Invalid
Invalid
Invalid
22
42
Invalid
35
Invalid
93
Invalid
Invalid
Invalid
Invalid
6
Invalid
Invalid
Invalid
Invalid
Invalid
Invalid
94
30
Invalid
Invalid
76
19
Invalid
Invalid
Invalid
62
92
Invalid
59
20
Invalid
Invalid
Invalid
Invalid
Invalid
Invalid
27
63
Invalid
61
Invalid
74
Invalid
Invalid
83
Invalid
Invalid
Invalid
24
Invalid
21
77
7
91
Invalid
Invalid
28
17
15
35
26
75
Invalid
21
Invalid
Invalid
19
Invalid
Invalid
7
Invalid
Invalid
Invalid
Invalid
Invalid
64
31
37
Invalid
31
Invalid
Invalid
Invalid
16
Invalid
Invalid
92
Invalid
Invalid
Invalid
Invalid
Invalid
Invalid
Invalid
Invalid
68
68
46
16
51
Invalid
Invalid
36
49
71
Invalid
81
69
14
55
67
70
94
91
Invalid
Invalid
Invalid
63
60
88
Invalid
Invalid
Invalid
79
Invalid
Invalid
Invalid
75
40
49
79
15
28
26
69
14
2
68
Invalid
Invalid
16
91
20
85
32
18
Invalid
3
Invalid
94
77
10
Invalid
30
Invalid
Invalid
79
Invalid
33
Invalid
22
Invalid
Invalid
15
28
70
52
Invalid
Invalid
Invalid
Invalid
Invalid
Invalid
86
Invalid
Invalid
97
Invalid
27
Invalid
Invalid
Invalid
50
Invalid
Invalid
10
Invalid
63
76
9
Invalid
7
Invalid
Invalid
Invalid
Invalid
16
89
76
Invalid
38
Invalid
18
64
Invalid
Invalid
Invalid
99
8
30
Invalid
Invalid
3
1
18
45
Invalid
Invalid
26
47
Invalid
Invalid
Invalid
66
Invalid
26
7
Invalid
71
26
76
2
Invalid
69
71
Invalid
25
Invalid
Invalid
Invalid
10
Invalid
30
0
90
Invalid
66
Invalid
Invalid
66
Invalid
38
Invalid
Invalid
32
9
13
Invalid
Invalid
Invalid
Invalid
Invalid
27
38
24
Invalid
75
9
47
76
85
Invalid
Invalid
61
Invalid
Invalid
Invalid
38
81
9
Invalid
Invalid
Invalid
27
Invalid
75
8
Invalid
3
90
9
21
17
10
Invalid
Invalid
Invalid
80
Invalid
13
99
Invalid
Invalid
9
Invalid
Invalid
75
Invalid
Invalid
Invalid
43
Invalid
Invalid
1
61
Invalid
Invalid
75
21
Invalid
Invalid
54
70
Invalid
Invalid
Invalid
82
Invalid
82
Invalid
36
37
92
13
49
Invalid
Invalid
16
28
36
Invalid
82
Invalid
16
Invalid
Invalid
Invalid
Invalid
74
5
Invalid
Invalid
8
50
24
Invalid
Invalid
Invalid
Invalid
75
4
Invalid
Invalid
Invalid
Invalid
Invalid
Invalid
Invalid
Invalid
Invalid
Invalid
89
9
35
39
Invalid
Invalid
14
Invalid
Invalid
6
50
Invalid
Invalid
88
38
28
Invalid
Invalid
Invalid
Invalid
49
83
11
25
Invalid
Invalid
Invalid
Invalid
Invalid
Invalid
31
90
16
43
31
Invalid
76
Invalid
59
44
Invalid
Invalid
Invalid
94
Invalid
Invalid
Invalid
Invalid
20
4
Invalid
Invalid
Invalid
78
46
10
67
Invalid
Invalid
Invalid
22
42
55
83
Invalid
50
86
21
61
Invalid
Invalid
Invalid
71
Invalid
Invalid
67
Invalid
55
42
75
31
Invalid
Invalid
93
72
Invalid
46
29
Invalid
Invalid
82
13
65
57
Invalid
Invalid
82
Invalid
Invalid
95
95
93
Invalid
34
Invalid
Invalid
Invalid
49
Invalid
48
93
8
Invalid
77
31
76
67
Invalid
82
Invalid
Invalid
95
Invalid
8
Invalid
68
51
62
18
Invalid
52
Invalid
Invalid
Invalid
Invalid
Invalid
Invalid
Invalid
86
93
Invalid
71
Invalid
65
9
Invalid
43
77
84
Invalid
77
49
56
Invalid
50
94
6
88
Invalid
77
79
Invalid
42
30
74
Invalid
Invalid
41
52
Invalid
60
65
65
Invalid
Invalid
Invalid
60
Invalid
Invalid
26
57
Invalid
20
Invalid
47
Invalid
92
Invalid
10
Invalid
66
12
Invalid
71
66
53
Invalid
29
Invalid
Invalid
13
Invalid
Invalid
Invalid
49
Invalid
Invalid
48
Invalid
Invalid
62
26
Invalid
62
30
Invalid
39
Invalid
Invalid
84
22
62
Invalid
71
61
Invalid
Invalid
Invalid
Invalid
22
Invalid
Invalid
Invalid
86
Invalid
40
34
55
13
Invalid
61
Invalid
Invalid
Invalid
Invalid
Invalid
Invalid
69
Invalid
40
92
Invalid
Invalid
Invalid
5
55
83
Invalid
Invalid
Invalid
12
Invalid
Invalid
Invalid
17
Invalid
48
73
85
Invalid
29
Invalid
19
Invalid
65
54
69
Invalid
Invalid
Invalid
91
25
Invalid
Invalid
Invalid
Invalid
64
Invalid
Invalid
Invalid
Invalid
Invalid
Invalid
24
65
57
Invalid
29
Invalid
Invalid
89
Invalid
50
69
86
28
Invalid
Invalid
66
Invalid
Invalid
70
Invalid
Invalid
Invalid
86
Invalid
Invalid
Invalid
Invalid
35
Invalid
31
55
Invalid
28
Invalid
41
8
Invalid
36
59
Invalid
Invalid
Invalid
Invalid
2
40
75
36
Invalid
Invalid
Invalid
95
Invalid
Invalid
54
Invalid
Invalid
37
41
70
Invalid
84
Invalid
18
41
38
Invalid
Invalid
Invalid
58
94
28
36
Invalid
37
92
19
Invalid
Invalid
Invalid
36
69
Invalid
70
Invalid
Invalid
Invalid
Invalid
83
Invalid
Invalid
Invalid
Invalid
61
Invalid
88
Invalid
Invalid
60
Invalid
Invalid
Invalid
Invalid
Invalid
Invalid
Invalid
88
84
Invalid
77
95
Invalid
Invalid
11
Invalid
95
51
Invalid
Invalid
Invalid
78
69
89
5
Invalid
81
45
77
8
Invalid
Invalid
Invalid
Invalid
Invalid
Invalid
76
71
53
Invalid
99
Invalid
Invalid
Invalid
79
Invalid
Invalid
55
Invalid
10
Invalid
Invalid
Invalid
47
81
Invalid
Invalid
36
7
77
42
Invalid
63
12
Invalid
94
Invalid
Invalid
3
55
14
59
74
Invalid
0
Invalid
Invalid
76
Invalid
78
76
18
Invalid
74
Invalid
Invalid
24
Invalid
Invalid
Invalid
79
Invalid
9
82
18
Invalid
78
36
Invalid
79
Invalid
55
90
Invalid
44
Invalid
Invalid
16
69
Invalid
Invalid
14
Invalid
Invalid
Invalid
66
Invalid
Invalid
69
28
40
Invalid
73
45
19
Invalid
Invalid
98
56
Invalid
54
Invalid
Invalid
33
19
Invalid
Invalid
38
68
48
53
9
94
21
Invalid
Invalid
Invalid
27
80
Invalid
Invalid
55
Invalid
Invalid
Invalid
11
Invalid
75
Invalid
Invalid
Invalid
98
32
Invalid
78
55
Invalid
Invalid
Invalid
Invalid
Invalid
88
Invalid
89
11
Invalid
Invalid
Invalid
10
Invalid
Invalid
1
Invalid
Invalid
Invalid
75
Invalid
37
11
93
52
Invalid
61
Invalid
76
Invalid
Invalid
34
93
79
62
17
Invalid
Invalid
21
13
80
98
Invalid
Invalid
63
Invalid
Invalid
32
Invalid
Invalid
Invalid
Invalid
54
Invalid
3
2
Invalid
47
Invalid
Invalid
Invalid
Invalid
Invalid
83
81
45
Invalid
24
78
Invalid
Invalid
Invalid
85
9
35
21
62
47
45
24
69
Invalid
23
42
49
Invalid
Invalid
Invalid
1
42
49
56
Invalid
Invalid
Invalid
Invalid
15
Invalid
Invalid
Invalid
23
62
88
38
Invalid
82
Invalid
39
Invalid
Invalid
Invalid
Invalid
Invalid
Invalid
52
Invalid
64
22
48
Invalid
Invalid
Invalid
Invalid
47
82
Invalid
Invalid
Invalid
0
0
Invalid
24
Invalid
Invalid
41
41
58
Invalid
Invalid
Invalid
89
Invalid
27
97
11
98
86
93
33
Invalid
27
Invalid
Invalid
Invalid
6
99
Invalid
Invalid
80
10
Invalid
Invalid
Invalid
Invalid
Invalid
Invalid
70
11
34
Invalid
59
59
2
30
24
42
Invalid
Invalid
Invalid
Invalid
11
Invalid
71
Invalid
6
Invalid
12
72
Invalid
Invalid
75
Invalid
83
Invalid
Invalid
Invalid
Invalid
Invalid
Invalid
Invalid
Invalid
94
40
22
31
Invalid
Invalid
21
Invalid
Invalid
79
Invalid
Invalid
Invalid
59
36
70
Invalid
4
25
Invalid
48
79
15
Invalid
65
Invalid
97
96
Invalid
25
76
51
8
65
85
42
Invalid
16
66
17
71
Invalid
Invalid
85
80
Invalid
89
84
16
84
4
53
Invalid
51
Invalid
6
33
Invalid
Invalid
Invalid
94
30
Invalid
Invalid
45
70
7
Invalid
3
Invalid
Invalid
69
Invalid
Invalid
Invalid
55
14
90
Invalid
32
71
Invalid
Invalid
Invalid
98
Invalid
Invalid
84
95
86
66
Invalid
Invalid
83
3
Invalid
59
Invalid
Invalid
Invalid
40
30
51
41
Invalid
Invalid
61
30
4
60
81
15
71
42
98
Invalid
20
Invalid
89
30
46
Invalid
Invalid
62
Invalid
Invalid
Invalid
Invalid
51
50
67
Invalid
Invalid
Invalid
Invalid
Invalid
92
Invalid
Invalid
Invalid
64
Invalid
Invalid
85
54
Invalid
Invalid
98
Invalid
35
Invalid
46
Invalid
2
55
Invalid
Invalid
3
61
23
19
43
0
Invalid
Invalid
Invalid
Invalid
76
Invalid
49
Invalid
Invalid
27
74
Invalid
Invalid
Invalid
Invalid
20
39
32
43
Invalid
96
Invalid
15
Invalid
53
Invalid
Invalid
Invalid
37
1
53
Invalid
Invalid
Invalid
Invalid
49
89
Invalid
8
36
0
Invalid
Invalid
8
44
Invalid
94
37
Invalid
Invalid
Invalid
57
Invalid
95
91
68
Invalid
30
Invalid
23
48
Invalid
Invalid
Invalid
Invalid
Invalid
56
Invalid
16
71
Invalid
Invalid
31
Invalid
Invalid
Invalid
Invalid
34
15
Invalid
Invalid
97
75
97
Invalid
76
58
29
Invalid
Invalid
Invalid
66
Invalid
Invalid
36
Invalid
Invalid
Invalid
79
9
Invalid
16
88
20
Invalid
95
Invalid
Invalid
87
Invalid
Invalid
Invalid
32
1
Invalid
Invalid
Invalid
25
53
97
10
87
Invalid
Invalid
65
Invalid
Invalid
Invalid
82
Invalid
63
88
70
32
87
13
50
Invalid
72
Invalid
Invalid
93
65
59
99
Invalid
Invalid
Invalid
Invalid
29
64
72
38
62
89
47
Invalid
35
Invalid
Invalid
56
Invalid
63
Invalid
Invalid
30
Invalid
Invalid
Invalid
6
79
Invalid
38
Invalid
93
0
Invalid
93
43
Invalid
8
Invalid
Invalid
56
41
38
Invalid
Invalid
Invalid
0
78
52
Invalid
Invalid
44
49
Invalid
9
Invalid
98
17
93
49
Invalid
47
Invalid
80
Invalid
27
69
Invalid
Invalid
81
14
Invalid
Invalid
Invalid
Invalid
45
64
Invalid
Invalid
Invalid
4
Invalid
Invalid
8
48
Invalid
Invalid
Invalid
71
3
Invalid
75
87
Invalid
Invalid
Invalid
Invalid
Invalid
Invalid
11
Invalid
Invalid
85
Invalid
Invalid
Invalid
59
87
98
48
Invalid
61
82
2
Invalid
Invalid
Invalid
90
61
84
52
42
Invalid
91
Invalid
Invalid
47
Invalid
69
74
Invalid
Invalid
55
89
83
13
71
Invalid
43
6
Invalid
Invalid
16
23
Invalid
Invalid
56
Invalid
85
Invalid
Invalid
Invalid
Invalid
50
88
14
66
Invalid
51
12
Invalid
78
28
Invalid
72
Invalid
Invalid
Invalid
Invalid
Invalid
Invalid
18
Invalid
73
6
56
Invalid
85
23
35
53
Invalid
67
30
Invalid
Invalid
75
Invalid
Invalid
Invalid
Invalid
26
Invalid
99
42
Invalid
30
60
Invalid
97
Invalid
1
12
Invalid
Invalid
64
5
Invalid
66
Invalid
86
Invalid
Invalid
Invalid
91
94
20
61
23
45
Invalid
Invalid
53
Invalid
Invalid
Invalid
Invalid
94
Invalid
Invalid
Invalid
Invalid
Invalid
Invalid
Invalid
Invalid
11
10
Invalid
Invalid
Invalid
26
Invalid
Invalid
Invalid
Invalid
41
39
61
22
92
Invalid
87
Invalid
90
Invalid
25
31
Invalid
99
Invalid
Invalid
96
Invalid
Invalid
57
49
Invalid
Invalid
Invalid
Invalid
Invalid
67
Invalid
60
Invalid
Invalid
10
Invalid
Invalid
Invalid
35
Invalid
Invalid
Invalid
57
88
Invalid
Invalid
35
Invalid
79
Invalid
20
97
Invalid
13
Invalid
80
79
41
50
26
Invalid
85
Invalid
70
89
Invalid
98
Invalid
Invalid
Invalid
Invalid
Invalid
25
4
30
53
Invalid
99
5
Invalid
Invalid
68
Invalid
Invalid
Invalid
Invalid
Invalid
78
Invalid
Invalid
Invalid
Invalid
69
Invalid
Invalid
93
33
37
76
5
3
81
Invalid
10
Invalid
Invalid
92
Invalid
8
Invalid
Invalid
33
Invalid
68
90
53
Invalid
24
Invalid
Invalid
Invalid
4
Invalid
Invalid
78
Invalid
Invalid
Invalid
67
Invalid
29
60
10
6
46
Invalid
46
Invalid
10
Invalid
Invalid
Invalid
Invalid
57
44
35
Invalid
10
Invalid
Invalid
46
72
Invalid
Invalid
14
38
Invalid
90
65
Invalid
71
Invalid
Invalid
Invalid
19
Invalid
32
76
Invalid
7
60
97
Invalid
Invalid
Invalid
52
57
13
Invalid
82
21
96
70
44
25
Invalid
Invalid
Invalid
26
7
47
83
Invalid
83
4
20
Invalid
21
8
59
Invalid
68
79
58
71
39
4
Invalid
Invalid
95
17
Invalid
87
81
14
78
57
Invalid
39
67
Invalid
Invalid
Invalid
Invalid
Invalid
73
97
41
Invalid
Invalid
Invalid
Invalid
Invalid
91
Invalid
Invalid
69
Invalid
12
Invalid
80
96
Invalid
Invalid
54
Invalid
34
1
11
Invalid
68
34
Invalid
87
85
5
31
88
91
14
Invalid
74
61
Invalid
55
0
49
Invalid
Invalid
24
Invalid
89
45
Invalid
43
Invalid
73
Invalid
70
Invalid
95
38
Invalid
Invalid
16
Invalid
Invalid
Invalid
66
12
Invalid
Invalid
55
Invalid
18
Invalid
Invalid
74
Invalid
Invalid
0
66
Invalid
Invalid
99
17
Invalid
Invalid
Invalid
88
98
71
52
Invalid
13
Invalid
89
Invalid
Invalid
96
2
Invalid
Invalid
Invalid
Invalid
78
13
64
74
28
9
1
70
9
Invalid
95
Invalid
57
Invalid
84
Invalid
Invalid
52
40
1
Invalid
94
3
Invalid
65
36
62
Invalid
60
16
51
Invalid
51
90
Invalid
Invalid
81
41
7
26
Invalid
Invalid
Invalid
6
83
40
55
78
85
19
93
4
18
Invalid
Invalid
37
Invalid
Invalid
Invalid
54
75
7
94
Invalid
43
Invalid
Invalid
Invalid
23
28
Invalid
Invalid
95
40
Invalid
Invalid
Invalid
21
78
69
30
17
93
14
Invalid
Invalid
Invalid
Invalid
45
43
38
52
41
Invalid
13
Invalid
Invalid
Invalid
50
71
Invalid
Invalid
61
50
Invalid
Invalid
Invalid
13
Invalid
70
Invalid
74
Invalid
Invalid
Invalid
80
83
26
23
Invalid
Invalid
Invalid
Invalid
Invalid
Invalid
0
8
Invalid
Invalid
93
21
86
19
24
Invalid
Invalid
29
Invalid
16
Invalid
Invalid
Invalid
3
Invalid
Invalid
Invalid
56
60
Invalid
53
Invalid
Invalid
Invalid
7
83
Invalid
Invalid
Invalid
51
94
Invalid
52
Invalid
Invalid
10
Invalid
Invalid
36
Invalid
Invalid
Invalid
Invalid
Invalid
Invalid
96
Invalid
90
Invalid
42
Invalid
Invalid
91
80
Invalid
95
0
Invalid
76
50
Invalid
53
Invalid
82
69
91
13
Invalid
60
Invalid
Invalid
44
Invalid
92
58
37
Invalid
Invalid
Invalid
Invalid
Invalid
Invalid
78
Invalid
42
Invalid
41
Invalid
Invalid
Invalid
12
Invalid
23
14
24
Invalid
45
54
11
35
Invalid
45
41
74
Invalid
Invalid
Invalid
39
72
Invalid
52
Invalid
25
41
73
Invalid
Invalid
Invalid
Invalid
99
91
38
97
Invalid
Invalid
2
Invalid
Invalid
Invalid
Invalid
41
Invalid
44
Invalid
Invalid
76
10
Invalid
17
34
Invalid
98
Invalid
60
55
Invalid
61
Invalid
75
32
Invalid
Invalid
Invalid
55
30
12
75
66
35
Invalid
Invalid
62
0
55
Invalid
Invalid
46
67
99
68
Invalid
16
11
62
Invalid
90
Invalid
Invalid
Invalid
Invalid
Invalid
Invalid
4
Invalid
Invalid
Invalid
Invalid
Invalid
3
Invalid
54
8
Invalid
65
Invalid
2
Invalid
Invalid
78
Invalid
77
70
Invalid
90
48
Invalid
90
Invalid
3
57
Invalid
21
Invalid
97
Invalid
Invalid
Invalid
Invalid
Invalid
Invalid
Invalid
32
Invalid
50
90
73
Invalid
3
Invalid
Invalid
Invalid
10
Invalid
72
55
Invalid
Invalid
Invalid
83
Invalid
78
Invalid
Invalid
Invalid
80
Invalid
97
Invalid
Invalid
72
Invalid
Invalid
Invalid
Invalid
90
Invalid
Invalid
83
89
67
Invalid
Invalid
11
Invalid
71
Invalid
Invalid
92
Invalid
Invalid
3
0
18
Invalid
73
86
97
28
Invalid
26
Invalid
Invalid
Invalid
29
Invalid
1
Invalid
Invalid
4
9
Invalid
71
33
11
Invalid
45
Invalid
54
14
Invalid
22
Invalid
Invalid
Invalid
7
Invalid
72
Invalid
11
Invalid
82
38
Invalid
97
95
87
Invalid
Invalid
Invalid
Invalid
25
Invalid
Invalid
63
Invalid
Invalid
69
Invalid
10
43
75
32
84
Invalid
13
33
Invalid
17
Invalid
0
Invalid
Invalid
Invalid
Invalid
Invalid
Invalid
Invalid
Invalid
Invalid
Invalid
Invalid
28
35
64
Invalid
Invalid
50
Invalid
Invalid
Invalid
Invalid
Invalid
70
74
Invalid
13
Invalid
Invalid
16
Invalid
Invalid
77
70
Invalid
35
14
Invalid
38
34
Invalid
87
Invalid
Invalid
79
43
Invalid
Invalid
Invalid
28
Invalid
Invalid
Invalid
45
Invalid
74
Invalid
10
63
Invalid
Invalid
Invalid
95
82
Invalid
37
68
99
Invalid
51
81
48
Invalid
11
Invalid
Invalid
Invalid
23
Invalid
5
35
47
Invalid
53
Invalid
Invalid
48
Invalid
Invalid
Invalid
62
15
15
82
91
Invalid
76
94
Invalid
94
44
Invalid
11
30
63
Invalid
Invalid
94
Invalid
62
86
Invalid
Invalid
33
89
11
Invalid
71
Invalid
Invalid
Invalid
Invalid
Invalid
83
Invalid
17
49
45
19
87
Invalid
Invalid
Invalid
45
Invalid
Invalid
Invalid
8
53
41
Invalid
Invalid
54
Invalid
Invalid
14
Invalid
34
98
94
Invalid
Invalid
79
Invalid
Invalid
Invalid
5
60
72
Invalid
80
Invalid
Invalid
78
Invalid
Invalid
Invalid
Invalid
Invalid
60
Invalid
88
50
37
98
70
10
Invalid
Invalid
Invalid
Invalid
9
95
64
Invalid
92
Invalid
Invalid
19
64
Invalid
Invalid
36
Invalid
Invalid
Invalid
Invalid
43
Invalid
Invalid
Invalid
15
Invalid
Invalid
50
75
75
Invalid
78
Invalid
81
58
50
64
Invalid
98
Invalid
Invalid
56
86
96
Invalid
Invalid
Invalid
93
54
96
35
Invalid
5
46
Invalid
Invalid
31
Invalid
34
73
8
22
31
Invalid
8
48
66
Invalid
51
51
84
Invalid
68
Invalid
46
42
Invalid
26
Invalid
Invalid
71
72
Invalid
Invalid
90
39
Invalid
