166546835
453533333
499496184
878479311
927199346
244476558
3287
672840309
132650538
796053822
709147044
572139563
74890016
553779679
980561157
808708549
375845323
212676550
9892
686518643
890568075
578097659
473395559
711606885
308910129
671714670
624290624
122554656
856308806
28407
308386946
267823770
617474772
779967378
670255069
510308268
250610421
800211556
961675409
193856125
818184652
821574136
121104772
41554939
981562266
413144506
806954106
364084442
784227184
32768
718958960
993069236
135
630296918
354524447
428428140
375404749
448544160
711089274
127510144
840701437
36554
778932868
657042361
974769655
281838476
586856039
846710064
544652446
979639050
857858811
880378678
657483617
99498545
297874822
9216
668703084
319501327
868723438
887457029
53008624
902384609
11699972
445466216
589409844
181475958
461741189
63764833
440864750
270895720
820534518
654191795
461572849
174775387
614481134
918782391
924829995
135260969
997750385
543309533
233453044
100775111
228085516
24114722
81385800
953942336
972662774
852510519
911348880
18638
982627886
425721640
258781710
607549003
797161230
60182647
411823066
859928566
381707387
662293540
41707790
393278100
971282499
23177738
260995001
124
109244638
886575789
539180672
224952028
688270823
321355234
478771533
74695120
188013272
235338856
764653277
318878089
461092008
490504182
444696179
863114039
362305067
691675647
964362054
343378623
365145428
612500210
225190916
38819827
692575000
406710009
864026544
558844057
964190744
245711388
89510177
25864633
565512626
519214660
690935684
628884219
829784350
760353
361186430
310657946
466745313
306398225
17
813915587
723916415
332086687
77
606245054
6
599448292
700
232325201
731130939
148978691
168280397
562027925
575788048
410742980
266724061
384682276
240165142
262781018
235380617
38511330
698937238
8372567
791743725
14877552
323418854
689824483
186633972
690392355
741665701
255001741
9091042
207475499
184537127
62421170
49909423
125053750
543205556
700459525
795824982
214990848
356812135
649091050
82592182
459610924
119
61559245
956868637
8770683
317832408
643806449
626353176
855574883
363155192
626286824
230825312
105115323
2592
932140804
610047384
695583020
917429022
88928886
710281714
287621434
185765069
142832065
742258966
118773573
45
524542538
283454066
4254645
767714656
765764122
721219843
988543926
266139303
714004692
81257702
494072859
9195670
713560843
697906533
988298775
9941390
202589181
222017148
758022361
340969356
772265538
623195459
396209596
263633454
890917034
724869534
204829930
290025745
770267512
598914351
794879505
582968338
924579193
85483914
581785160
145322296
332937672
547011906
644346215
443375434
217952436
410124827
89773072
676059506
876022879
118758958
378614403
684795921
632580143
591888176
2856971
159
416451565
790464390
919540498
991214301
341431555
518961486
4096
121509980
963076489
652004293
166280
651406820
669299518
986604495
216082563
945790732
272951410
750746990
252290842
1907894
221138385
877460603
390785605
382863157
539177326
541043866
877036287
154953337
329855995
512034976
832913705
11724611
572535894
439460741
293095904
979723852
540373432
249066648
54661340
42708922
438550668
702791828
705228100
660315660
113110824
347200833
601917559
884949598
324867148
777914582
873821061
721868989
498489083
310324940
841839506
851773425
226543056
176394235
444100558
631815028
17770567
618643712
962102156
271517587
88303775
951208619
325996705
262844590
52677808
544000982
474644446
665950786
199856813
612773112
577419715
520241841
646576095
322749404
953942797
269513869
417342653
521114170
807682917
25735811
577825858
351837889
64798790
212443228
805096341
609627464
191553276
717402418
822472705
904159085
69063416
186924168
873807081
805823138
740072474
966329904
552946292
95335069
932966602
925822837
20
775190156
46428286
739127291
504623138
23141187
499376189
653862053
691652804
1426157
160566551
880776168
155640378
830872041
278474468
262261959
603189150
301230195
197959160
628709987
379936585
614213941
108424899
900477204
171065319
746559828
369937984
102692694
44174683
894356569
846848871
134087742
125811497
868382139
453775845
924184557
417947381
168389220
18326615
202938163
791123846
645373110
781116938
1718058
510349310
649008284
224877204
126773596
227141985
435709622
670577161
890359000
205670076
41373126
668018812
672821983
11518758
699523620
731419691
750800309
636575069
451274951
116611730
10102539
260212200
314395201
104025504
566869742
352833816
678202332
984284017
253000969
506341212
368270176
353081035
334793998
25307438
92094451
967358760
314680889
228137250
611962210
775524973
895176779
307385346
803492590
32759905
343779297
519049649
300429622
917441006
464945509
196813258
164571240
323319777
469074463
324588
582114438
386764789
87542774
610474043
514904223
372789207
740446342
640656842
408
790334220
200904309
61074879
544405551
134480017
813596909
600750079
371051960
323596897
781703762
557105644
612663425
195400255
361395025
665845989
536691155
395225906
453381480
645504268
647830387
541032422
376173205
659756126
79416339
810093853
156549593
958871985
996203850
544444850
859659839
520672376
128188661
343803286
307488268
712593591
445963760
848356102
802504302
152109574
500911443
560198929
687684381
478518797
26
15859415
87404519
196889771
543231181
852605670
946089670
405173185
277613693
129191607
515705110
636668171
217257700
80658205
402650591
195602928
48704385
305907258
729869280
646239092
313202091
279617152
739179911
606224635
189905191
15940764
342549974
747018755
372362286
849296566
7220089
253240702
119619539
183707113
601181213
56318788
1213373
384371780
391
923675824
484943413
241340213
540847956
266211968
889351736
672378231
559962928
77372426
774616610
48291696
374701710
713636782
503459003
251
257620904
71059962
377503148
421789746
365719133
731928105
56768223
562907768
180616057
778479591
926253492
523602425
796888666
220108125
670045392
273903267
448663230
723543564
493647075
97646653
910202055
879632065
519212970
337985749
261137025
993445431
486527165
683192614
511353767
818604931
874418007
541082828
695311844
351177967
286668762
48282594
418551755
272831707
526644208
739439486
990535255
851382082
569680359
312041142
482809028
333213218
838267317
805782060
247874493
954105542
915801014
79715195
737595690
110584820
53060263
571701891
62769614
310957488
854969731
965684747
12654218
632850228
419336946
464555953
134330733
124711712
932135352
6387167
743506208
147195782
380200516
816775277
427974051
777217252
62436615
950943531
758460871
472631641
912680849
102061769
136751486
245839841
479136168
489020834
724776807
299684764
5120
513241820
344210762
88945454
575136173
122878299
115950533
930583050
10791219
22189675
950576667
263343131
993596063
830451274
539886787
599501495
290545577
262066565
684575670
66696547
113456841
559313019
350845472
655070636
238082560
857540533
913792694
310722229
890565097
483031891
242912477
268237301
784678320
979086881
367281965
22146842
19164
194228099
306639185
528214070
807028800
646696741
769354998
8
520491215
486307092
926088796
799286018
458014078
2800
814407373
205595695
924729993
134525492
32677
153301309
587394696
762406260
725164897
228917602
276310398
778652572
525558362
94968247
994413774
824475802
970432817
211961845
823906391
208314387
807427933
560424489
306633748
454370993
528746654
421816043
715787931
369960566
838862730
395301031
433154790
35837869
824266468
836307968
353134699
191953699
346133766
230533434
453256554
706559962
618209922
160625939
892516980
544135649
306120999
332822486
696446660
934076069
45957942
939015744
463521753
821872816
212563841
604661744
118236139
82121111
356101354
913751994
180492313
33472083
79982238
772903099
833267314
835179039
797182105
599071983
778527775
309252397
379148622
257546795
636799471
563419881
889093055
838399586
236928520
933911515
665622841
860405947
467441559
56792385
943141539
84638878
851852207
743152773
542234300
131898215
159249470
719055072
925728822
675958368
674472958
786963426
118192435
577909351
188536719
599271985
49443586
373869094
48027251
993073781
334445457
143778271
767707838
736568507
816232925
298735640
754263177
892329136
676128243
645759264
87433798
629286009
432673869
2776178
480981668
537944456
45234827
288633949
960927144
442265838
695044689
867277419
455907254
341650475
687414917
38717528
165721105
931724064
328730618
885272906
548259324
432060028
899115864
329758362
476899106
176232112
283182755
459848708
977516543
571974080
856241919
321455764
699258286
653850442
756175393
619010846
996237650
149676575
244505029
295698967
289281609
232250154
376748842
86
931990917
86758618
224755299
109516683
780133488
341539808
914232002
69477004
861894814
245553598
615806889
462159143
987796754
100141155
597858416
495301944
941725489
34017473
329109279
61
963946453
132966207
608479191
276351713
815083225
351092543
845888719
865445781
136846105
627911766
215319025
64442634
488155266
552261766
325522787
972824474
62393648
574675749
799632106
795985147
232895653
607552621
825346145
612731510
356902245
336338669
122743187
360427278
542086240
563776357
147379905
834288569
303012471
791469382
185518113
223147
655834878
199967788
793113439
12240
420167289
107946138
989397551
958632008
894741116
44351675
840211872
582816474
660635603
957834167
346144377
556023778
62112893
329711380
326227151
536686896
800423491
8255692
289555448
13610993
135003170
501976030
134342013
919542031
536107856
565524066
23582
703201130
753048532
656501993
482752937
650141393
235537054
383129262
42362236
914482657
751427634
373589807
984666103
143979332
43392274
605533284
963215202
790408257
120331832
919235966
163238125
250924042
841987702
784935882
429434651
917599513
