836091115
589203844
360999338
628098286
320785349
892237580
473992378
859796053
611078604
25680961
949520116
433350807
48974748
431482709
284152868
640475503
830539083
288190100
804869234
574049185
851155810
119577348
268443880
987077261
577212742
970567513
514334242
197889882
221880404
463336680
472613432
961171449
450136982
782754327
237206893
743719832
614363878
663063647
685415343
656522238
43244378
796757219
290036829
911234275
19403182
466536016
445347393
666852694
469657671
626353105
