19832
19832
19832
19832
19832
19832
19832
19832
19832
19832
38
12
42
8
9
58
23
35
4
51
5
12
17
61
39
10
75
21
20
15
8
31
38
1
21
29
14
14
5
3
6
0
30
28
7
44
20
13
19
1
1
50
19
35
5
5
30
20
80
11
18
17
49
0
0
17
12
1
0
63
73
111
22
23
52
45
67
3
5
12
0
27
9
42
34
24
10
21
5
41
29852
94
11892
9623
1103
7
34355
12
77
7359
49
13864
33830
33
23
14104
11
15330
48
85
19
36
27
27
35381
39
25
61
37565
112
15364
2
17
86
22
31
14
9
64
11
25384
27
8
12
60
9
2
33
18733
48
3
8
32
1
3
4
3
100
16
44
54
6
11
25
4194
0
13901
130715
0
0
149
0
223954
15289
151325
30258
11069
0
0
0
0
12022
0
103848
7089
0
75511
53949
142717
15062
54672
0
8219
24452
1080
144620
19702
63449
40552
0
36591
29786
29786
29786
29786
29786
29786
29786
29786
29786
29786
58
47
23
5
44
38
25
3
35
37
34
28
9
21
28
32
3
87
19
10
1
5
8
38
58
7
16
37
41
20
57
5
22
53
8
29
7
4
4
23
31
10
21
14
39
12
30
27
41
79
17
22
16
62
2
31
4
3
33
39
79
6
64
12
8
42
55
6
59
31
48
24
7
8
10
0
29
7
2
5
50
39653
33743
166
1
1
7
1
53936
709
32
18
7
7
108
16
39678
51
5176
10
59573
5
123
30
4
70
25845
10
5562
5
53
10
279
64
63
40
39
25
7
33883
16
36
189
6
25935
13
6493
36
6
342
38140
103
72
11
51
1628
11
21
22
5945
162103
129402
29336
0
97684
0
47759
0
97295
6971
63977
33434
59764
151066
0
15482
37940
148094
46308
67801
0
0
0
10686
69417
14237
64831
12684
40312
55228
7136
0
3265
183000
5868
37342
30063
50000
50000
50000
50000
50000
50000
50000
50000
50000
50000
1
6
2
12
20
42
0
14
14
71
3
14
21
2
14
12
9
3
10
6
48
7
18
16
13
37
5
23
1
25
2
14
0
46
28
5
5
12
34
10
62
13
44
45
13
24
58
18
46
1
24
30
54
26
43
2
74
2
1
49
16
33
11
13
2
40
35
26
23
55
17
76
28
13
38
41
56
1
0
12
2660
6
28
41
977
64413
18584
18
999
13
3
21
9
7
8219
6
12
19355
25
40
54084
29
10
119
43248
1411
42
22
51
57520
94
3
26
21
2
24
3
5
57453
76187
16
68
18
16
23
95440
6832
35
17
1
61
51
36
37
16
395
92
26
62
51
30
404
3
67
10
3541
32154
142147
0
148049
67965
55724
96763
225751
252313
96910
35980
31462
134959
312257
214667
106353
187595
7035
86681
312
72174
279494
104584
102566
84126
89853
137734
236744
67169
251480
117513
122545
214884
85257
30000
30000
30000
30000
30000
30000
30000
30000
30000
30000
7
47
4
37
7
5
3
3
3
13
3
34
3
42
0
27
18
50
12
11
36
30
22
11
5
2
99
15
57
1
1
12
73
16
22
84
9
4
9
11
41
60
26
9
58
52
7
16
18
14
63
14
31
6
17
17
0
0
22
2
5
12
1
20
29
0
36
7
23
42
46
3
53
4
28
16
16
62
6
5
1
8
425
23861
4
5
17799
11
4351
21
46
66
6
8277
13
28693
7
5042
16
32
41292
3
19
29
30065
16
22
52
10720
0
40664
5420
5388
36723
55682
13
27416
37
11740
79
23
7976
28
12
0
33
8
12770
23
8
5
60
16490
20
58172
2995
203
15
28506
4515
5175
44414
30
58
0
93351
225001
69832
3090
0
88025
58243
4787
29885
25240
99480
49047
59882
28077
46749
189560
80088
0
100317
0
39385
75139
0
61097
146496
117124
215094
121945
24602
48028
61441
69308
0
42707
1290
68716
100026
20692
51232
1000
1000
1000
1000
1000
1000
1000
1000
1000
1000
4
4
1
24
3
1
49
0
12
25
16
20
9
1
69
52
0
72
38
15
13
12
29
28
44
37
93
28
16
13
42
1
48
17
40
5
10
21
18
46
3
9
61
5
31
33
58
48
42
41
12
71
4
4
30
30
32
40
36
57
48
66
8
2
12
14
8
30
32
6
0
13
10
47
41
59
13
16
7
17
68
649
48
45
24
0
15
103
4
4
423
1212
58
9
16
6
54
51
29
14
59
28
575
27
1
1
34
800
10
7
4
5
0
14
12
45
57
1
21
325
112
12
615
2
6
1837
85
631
19
776
63
52
82
43
29
5
388
66
130
44
18
10429
0
64630
26977
153893
41683
22439
0
16282
0
0
2639
6074
38450
0
0
0
0
9538
0
0
17891
0
0
0
0
0
0
0
23716
0
0
0
43982
79276
70891
0
0
42179
0
1000
1000
1000
1000
1000
1000
1000
1000
1000
1000
23
28
11
9
56
29
6
2
43
17
19
29
2
3
54
8
20
11
24
10
14
9
55
19
10
32
29
1
10
44
47
11
9
14
94
38
33
19
2
13
1
7
13
26
30
24
54
8
90
16
29
24
0
4
7
5
4
6
17
41
51
9
48
5
40
22
48
6
2
29
1
8
3
67
37
38
40
29
40
82
12
1
19
11
1758
3
4
864
9
21
74
43
131
24
54
57
373
1805
6
67
111
12
1063
44
22
56
111
824
1
2
1938
1333
1
334
1496
28
4
159
2
12
1502
128
13
64
25
419
170
14
66
55
100
77
12
632
2
21
3
23
100
58
100
104
1205
39455
83533
0
0
0
0
26616
8845
0
93099
14018
0
115040
0
16411
0
0
0
0
0
0
0
0
41670
0
1650
0
0
0
52395
0
0
0
0
229877
57359
0
0
0
0
80000
80000
80000
80000
80000
80000
80000
80000
80000
80000
11
91
16
15
19
47
13
1
62
25
42
48
50
9
7
42
59
29
9
6
1
24
21
22
1
52
41
10
16
46
0
3
22
18
39
30
19
8
27
15
15
16
10
60
73
0
36
72
47
27
20
5
67
3
8
19
1
49
15
78
41
4
19
18
21
13
50
5
1
33
1
8
66
16
20
18
68
4
4
23
60
36340
93998
68
45900
17
4
100792
41
6
4
119139
87340
54
122954
113539
18
47
33
9
91638
11
36
145861
34
45863
50997
61
33
49
28
91661
59
0
63
123234
2
71215
17
35000
124214
33
126545
39
57
42
87358
9
14
26
94001
51036
122841
45
18
45893
11
10
39
13017
126546
52
53
8992
0
463883
0
0
116667
418265
245544
97250
119809
153380
6618
13929
202426
67721
360226
118105
0
230644
227555
188866
351186
247677
131956
228815
113749
342160
262981
144085
93988
353680
8912
109787
143453
250020
70000
70000
70000
70000
70000
70000
70000
70000
70000
70000
1
79
1
6
16
7
1
3
29
11
53
2
52
19
9
12
3
69
18
7
10
56
10
9
18
11
41
16
20
56
21
20
21
14
51
22
30
45
32
36
2
6
17
15
6
6
14
6
54
3
0
1
66
19
25
7
71
41
52
16
24
1
12
15
79
18
20
2
11
22
28
10
47
50
32
65
15
22
28
28
16
3
52
65692
24
9
37
31
17530
19
133333
14
33
121492
20
46
1
33
9
7
15
121472
65642
6
32
10
7
37845
15
23
0
19
2481
58
3
85
12
18
0
9
122218
34886
47
1
46
129973
102
53
47
136185
19
78141
11
89765
5
2
17533
3
3
10
136146
11
2493
10
341787
8083
158347
130505
26717
23002
262373
76699
113620
147323
166061
498618
204503
122937
175295
174524
422604
580938
104015
366203
74289
52062
179712
309416
147286
8290
395431
234954
113592
394538
31332
8257
23969
20000
20000
20000
20000
20000
20000
20000
20000
20000
20000
4
69
1
27
25
35
16
10
60
10
40
2
53
26
4
14
18
0
1
28
45
8
25
5
36
43
10
51
105
12
1
11
3
2
4
77
73
44
2
5
10
65
18
1
46
21
18
1
68
1
3
38
1
18
40
6
2
3
41
19
13
64
15
2
2
25
12
16
64
83
72
10
2
74
75
66
4
63
20
84
22863
9
1
37
16
6
55
8
16
22825
6
11754
49
13
1267
24845
74
17211
17
1
17
41
64
1
21513
81
89
1
76
42
20
17
10
5078
1
40
17201
8
7975
47
3
6
3
17
6
42
5
30236
0
14970
7980
1
26
407
15
53
34
72
10
29842
52
23192
4765
0
9679
835
63129
53444
21353
44231
24155
0
0
36
4280
111201
0
52046
0
0
44572
0
54908
0
0
0
24400
27658
76013
49948
0
0
132466
10952
11879
62425
0
91344
