289433871
915697537
808074062
5598215
152071739
927743284
497898967
179563388
802451779
810520630
604165583
408112863
906521155
797481596
40457895
609406561
317070618
915872797
214858868
247108395
783111418
800821094
482238659
969088981
654221169
191530905
568879394
516817776
936209004
221675433
601458421
466800818
175815353
47682400
836061930
731011290
607084844
383683749
625829316
918686328
931024600
191121876
975857346
350643052
505262731
97600973
100472489
730940463
340070121
128855936
