66035313
743265962
533036255
387175176
856380079
270889082
82054724
666536400
924810190
332194188
160779476
275758901
498586017
204703545
616868123
147696290
15869048
468168192
684902725
843803614
527439237
557527904
803502494
544360337
261014022
350538576
871884879
540999952
666184216
330609803
742875539
796146573
843429936
690542200
431351620
216143955
896881502
683421412
145646814
592781683
580042187
750865004
384836888
268397269
545960305
265658706
732397562
467030433
495699852
497104381
453679893
335766391
66025079
24468998
427924052
402490803
793004562
957734025
750921145
967560214
925924378
598357810
700984933
584428314
683012483
725417844
965847914
684675492
773232157
933487953
2736624
108546536
322308772
381640396
435471391
173366699
53622316
376030776
836815480
494418389
892779331
91249139
610497147
527401954
222697508
880635096
795988611
938596483
122993458
946910955
86723471
869437402
157272449
684398618
634381625
459552888
784382223
467949215
204347399
622804797
