107794483099606
288352069512052
5180593060931
269820827325851
11624725904864
202872067812704
143694843334630
38066127196191
309211730535169
96385551750923
55101640675569
102360823736490
334244893681968
115762326536981
376183364032623
258068148469112
3818479413644
19794002229575
365795187788229
239979078296578
315799820100721
77579295183241
96359968286067
58324089299305
196873652030445
64621892683419
289824461119118
250439038782149
6932342374647
287134010109030
50699511077285
80863241598971
129389197858895
55549899383172
327012686535718
72624441882080
96278037623243
18761432012568
323386653205446
1388986107268
72225608123853
162607184640643
114493080162455
1941154713138
349291626339162
17226832836191
87280656252064
121753752482817
58805831517885
185730399531111
224367820189936
92105314767793
123995675252759
110210969698502
2173570448636
58950786782360
92951489612463
222343505691615
155561601588587
88621712994554
13996650024044
204631184445079
40783957569132
222913086182910
66176968255540
176001462466283
270237516010416
378036558294808
81373896960758
278637607458040
389386904644924
63699326952493
197416610022626
438881099041968
100088675020471
21730555742888
132924571412455
88611894953525
4260986539742
93427488768386
67741051524205
112514277299917
41827235942735
234587936977666
186232333620815
42871554944539
250425508673862
315057145632805
98460116092738
206071940622991
258103717750368
11192343727105
231496359369030
87026955552813
343193564297805
327043531043759
32909376173276
337203676828986
178102906433214
268576218151471
133784587597449
14983001871117
78338272231449
4476218584355
345288212455128
56915816952565
53778590352938
255907921829988
4836999477299
382083350361634
132614516023170
23525288820297
136387186459989
317044197792641
372444314693381
307949885613873
306281557681382
280856914915968
162294472486782
30689658818068
66624172100719
8211282906267
254722948622232
340893225670713
29707932723751
259337740203008
74386985596358
230348846252520
365765314116991
323747015113411
83100008934629
617519449532
194091915399206
284870213191641
13847305535158
12495358790930
161691072002633
136921718677360
82184571384202
306002302524060
54976253819188
179295485164468
257755339859783
194461058880688
26935569534375
63638143850258
220748722654001
108542466517955
41731484812532
79055723577385
42555319620637
25117873021831
92962395481296
261886988046774
76908156897456
18107998686080
113518205237649
143773696833085
53923907986844
84501291605633
216286066100180
242705907737426
107142363504379
199097883525
35417764863728
157947051500507
29493396803298
214452821559314
151603800387241
78085117412257
100996353774456
311182544618395
291000198383224
208365319285223
13096242014388
149427818670427
188048992695902
346747521338386
199763864349331
359521788948112
100907840331068
253868047379650
51556149080794
370758940861284
952540833424
134277680502164
154247064945218
11846810464754
46144111708049
109305364915501
358496634044530
301224837949674
11826380621725
30552143158474
90918800364068
138277578584820
17379061969193
93272348416135
362844476966288
104394191585852
264716726840149
256892834101768
212952692846595
40878774842716
94146997808628
309632874287957
208126733997880
155468755130978
123315651549709
91095358039150
28685075368087
38285157601401
12788456814659
41738174732234
250464880064180
125914684004604
51179747645307
192972936376145
329890852652003
12916560138610
62107939525479
49629960952244
64162079364778
29035743734276
60580423306946
12458463307193
359793048699466
200232477215208
14098264002684
221870747387453
64263627483819
190675621523793
12281572598850
184780363449100
205929563046242
332330338483440
62015250433749
140972064930420
394324294891716
17321161672385
317566101612349
1063099727232
212796685814540
252732197784643
45232380347856
342813788246632
112176934714273
196161481607415
93909069030924
58750198383308
312265416144852
287060579684117
235154679147390
78886647609096
229341941576744
181480618043326
11487944704345
55025164281775
172809634267101
338857878277507
217467122585819
121624541755034
70718814584331
42360126035468
23971378000497
56979879923560
301379016339875
16105431542019
18428556228293
6081711538054
79216183097993
4477534749747
168923958
164765004047879
234127463938884
208139358972920
147943067278363
14946217725928
16670132460549
157652126709051
150759960823005
279011637567251
149220179728406
3809862347408
233417792411339
61807839026848
1823658383054
81321456703295
314243484481264
15041296590709
78801573934340
244341282786011
256074264182679
343539717008803
159625945324681
171110714909190
219786208556570
71457805888738
8437760649966
14606545130817
206895239272975
66982416199648
54122992006566
222143913738726
174426656816787
68448357722446
189751409183100
68874699291909
149907109471165
106339260065227
47999006639505
154077222441607
20141789057912
221916867589572
103278193621064
137722933850899
19387621811192
72038019731394
40136362639326
43038009285473
19306033394674
37249910329532
411593545686634
397621241032713
49153198266529
149554134978562
216539119313632
238879960220229
24347998759885
349837890844431
9345931351698
38771548621454
97438223650834
74233544974384
107479372159076
88035466810320
1008194589770
33933899185035
230939917319442
87673578162211
253215871028115
125934618091210
24293018293508
81711698172670
46482031235792
64032737999012
104383992926392
5221588586746
38713148722465
134623145033461
295762752264907
15907624295584
152006173002919
179598455945822
65129255275970
318498297285727
5273224701138
22014670732520
56235597494735
385800232124688
232318265030897
311181016354542
264358211831628
2784001077231
29455796154018
263839512864931
222786830587551
21061798564855
233872458083435
209198073146299
253388870688672
2583872320858
355816870488471
47166360316282
386144603072467
335732339027208
41984437843406
1080038032233
74209394537542
4693363513043
75811030065972
99076926392503
49019034621324
341650153937611
192626316924327
53607154479097
130858385735276
49521407435467
78061125087505
191205071802269
33010409280872
75192580354265
49260504482186
188663026217261
101062131883376
306495203739524
289986826905034
360019971675477
147950559785474
49584175534014
336097340515858
13857022303237
57644513910390
950509570508
46623998174048
86371005338461
7329693914272
194568111592716
30855983937011
98002940434093
354144847293531
51927678266890
87940308673129
30860095183571
27694292646422
218967783046556
373517632754540
134441362753016
228795863745849
42508272232634
47971723361715
304566663976892
270442845571872
391221349034446
91697725367920
382496369154633
187103732763614
150302228444540
192340834177520
53404499878557
129079978039547
19958384105215
33566431526163
19130442513197
12907886099361
208494847913031
379899355123217
34926134210755
249924039289130
248114759080513
81893107438993
227808073126876
89722964746687
51766285742782
59238198172435
254171251052524
342484026758149
41700030415099
141402093866898
195647317153134
143309771467205
14932005607443
340102720526249
191709313141007
311792573796831
16240334041290
61255876391502
304347478633270
178299857377147
84569095712925
249572421791586
80012965954546
227545095268653
335535533099319
319971854230823
24183577454692
34819438654152
8954588502005
48901421631350
144512303128831
123162034809046
30014105943759
55021858579868
392050045051342
152392557560605
33787278894847
287795378001229
59635545789316
265054001167636
80353328759105
191935245724673
292401200251252
284414788385154
278049807348863
16765942282498
36666695961324
298075695645296
135072658585098
305524658734939
292894444680524
319743373259109
249611141914096
248893672540585
41978623137228
20169641199790
198167274321298
23512062754478
74267858347308
145893110540745
36988356381235
17341256034009
50478556424257
56157837973977
249003732758442
72780815962617
358943561489059
156931495993577
38363510949994
44206518410060
197718915932941
29405052867258
5822927985167
162960289507332
63877882931220
79247133648008
199064330938964
55149776770675
315567860168123
209998129159433
30375330896762
190281703719744
236834239578462
94053386146486
86940376004602
176247264401487
197367165760037
50283563281219
44224978205
264230192414186
97606026862791
66697778419798
340978820706819
19437638884539
162509548853764
12963227958673
48524760704324
368085571078682
348525331122982
325437278569943
13325441171959
24303107614541
291389762702768
155094902628697
379232289586368
279449922931120
216046212090095
52834488388561
288435937390098
216090556601389
79828615383255
157465599503557
1604350665385
336629418901919
218163950497281
49514985679715
7066632053303
7457834743454
285087391296950
168286035381671
109691672712924
29437941993715
35161940467659
157025939775399
7050057416658
53405802145538
265115819287116
3614760817418
18316352186665
11799207435048
207084181983935
13086167292496
17692091168117
95533754398379
28872874085238
28478401333335
202244228083680
349719602216667
15072976583680
31231058959701
223462958631326
324967016478002
83640783579640
6555638022001
177918157008519
278623594843912
17176667337722
376480755031125
209089169217127
27457011045727
1518124806554
297361564612542
63149969356295
145662144658784
43224013194738
249653422185647
17722235461496
294325701232966
344497201339741
65539665448450
48553085106984
31743342857724
58270354430837
210528747101496
4576757664030
247738755918663
57481906508898
243463917193520
344024289810326
74757254908064
192421283687872
3471081208024
89168598572991
15794806181681
274676661313792
321682565492312
231015874179113
4167908319031
178693358716311
304701609650473
397333743313189
65019380269736
291957766953576
2956578894662
70145277813885
53214804374251
14343435019670
71728399825866
32330500515830
216104067627685
7128384073682
191694765656665
336669349407658
211243565227641
413828132602409
14097831817656
244675237597094
126252292247374
5966458714734
14448902435740
284969583101237
183996741310584
112349822459215
132757969557999
371322049925275
140894301688431
110456592062973
54208670300436
8848956466618
25025309888522
82042648133213
53707138654022
222938339810012
233846818524181
296134342476920
61726007497578
115871383637400
271945495482923
394483828464346
32119691845889
189423124384162
138154950452287
321073143824629
126042439703862
69158449703200
3813720516991
69789656752674
192024980431499
115707379939484
178854867271192
358614544002521
280136859900138
162472016159454
18622144077613
187742988236016
66747508690829
293398395773192
194738008595392
45855080261540
84284101189318
181646190188065
294799349256019
119781042842100
17249745493027
116558510280823
129742142968526
161451654990950
84889391359256
73164843524334
25141230276434
294147528234486
3449012673452
134708134115890
157683517261632
44538629674641
16466313758345
144163241179389
120845387690906
9765102993310
148466285514975
280393547061877
18689310231563
166525729402591
37542820012946
296715935815752
83124710386229
323779977057755
44696627985799
246741321262434
2187022964194
166113340934304
23217962664891
2160777905525
85184340962397
323146164700042
64377906026019
35917191481698
185621832088996
289003501553103
228994299519731
65916122266808
9645494770276
39159856948833
77790109220925
6037764924465
100712881658691
202416365567146
170894406248503
50894157827947
123045427757615
227274829464282
38965935731959
214984889619357
178590209199890
229527063842689
12782281525649
90451271363443
269102867757176
370753164976472
311538974081783
107518420641703
27863216075097
433106755422091
335094844759367
181567575683730
212412730811994
345664339573503
378982271109741
28933906462632
278059920284155
52241988608758
93077713077478
259465120557626
113942703453277
279544377522517
6613915736788
211161882265762
206168317467406
81642813347201
111498139654762
89560928867201
717215524541
340237314985001
313691866116462
172838967040098
63403924420014
283670997379110
305497033348253
30678100438489
19686663174836
7546133053681
184818375678459
8438673863545
191521145813541
16428946348042
60470422889464
72795753198776
182133626393159
111702270209623
85395068088705
174184513456161
131753943888009
6275072020101
1106298232063
156451487709312
6408582641552
30269309300047
18454036709976
77380955236445
407233139961529
130041015001296
110570425746243
70540522274947
106829768978820
78060296768156
248142852784046
327165462252445
204098869824597
200975798208226
365103253102917
201894291243822
663085570671
26554071809342
13659730766940
350862465589032
196869173861133
94928816162538
141695931699747
45235336272895
115044887211439
215099981810600
594044961137
292795249990261
52149530006585
49504434231901
128463723962984
39048176562737
152940025311233
19090578188917
83445101965815
11933926123208
80956055799142
80590539088550
52452149960537
4869623611765
347602909647855
69490037751138
33898397074359
344878683442866
33044959281433
157041939244293
225811487953512
39952121057961
325462291640878
289823637727780
217158974827198
308168230760696
6478553095699
44264297235300
54761143521970
71806039681797
170867946756251
40310798505138
18260013947803
129863580803671
321707122935411
114767368711429
289865813088021
40194260850174
66734589373469
42356817444282
2030713918817
274115331054071
345648307238993
232128298901280
49930052656289
54298221149637
234895286813024
46656219557506
308090016115509
4405047679677
152375952244335
287039805565748
230400152611689
376770048445220
160436922637355
168685002411154
165333202652283
177820710678377
233336938414767
321033676661480
125813026764970
2553493248014
76861082977161
284469434047970
39207616607123
171711714809223
48784744839457
78150424120765
32204179601789
89779098642293
27205971177238
54915910785408
2083691959903
1409432463600
17444631552645
282757980766582
88799150154556
108181997689677
320471050946808
2114978420396
187605783849657
239209437953040
29318010474263
2926394056696
49859676510220
200101033664395
33035726557312
15665052401857
15411813793886
2271674636237
36513730818951
128206507529059
16998849838006
346430446287815
21555514766368
431098524250098
286287917771910
40327336095778
246194878146746
46700404503228
18419596517820
335817950132413
361546551440772
39926352828601
412948757665397
323993174605014
343927675575218
237841334058316
319198118183727
350595881337635
275328386253372
83771798228395
342793018865814
73325369142378
144508103528295
18212355180598
386096665376666
140251235573475
57134694271405
122576579777415
110297319118922
46043391624242
239718799314671
73811783754877
193579907902398
39919126751435
100265411181512
5763422551750
24402934260194
35123734710370
16901620259178
51389105312891
295069573884068
339345252252381
149428301195177
413846467945896
95847844397351
114306950276657
351526216952574
321702010094035
22201127487731
320651958655536
48596616981855
95767612517581
208571276358910
288272785886133
3601619165621
389659734452670
316857889014294
8127761195056
66846656672630
149217118144145
241817217658194
124104348269442
224811156865010
281369932023469
300219302742467
51802261607232
203385225992451
197845683051391
17643909891469
132812487467438
314402213499416
57380669800493
123039986886992
334542639594878
16838880509239
196257205894353
53276152557708
50788128779841
62899729434974
2033584987429
30655767882695
26115655518916
299719186012165
41538769453476
93021548806259
213213016477364
283983054575533
8022412252595
54008824610697
377453138447025
227182988503396
101560188860775
48738861009578
369714049046337
65841686346158
97426202846615
207679661137180
322337109310745
360167555490312
69822849073353
111134219587840
70692741914528
53830346856590
72265503862794
50222321369477
97388185514938
99816106609168
139954782842674
139036411940262
48739874654211
35385949174132
355788175727677
1226702358643
124842953250456
195328681914420
318164300490521
123352447834405
378210867463394
104464163790180
48359546377430
243956206689117
18648033265743
21481210600072
289573671448909
101546693708691
361774121732481
14350749913875
147856228244878
25840959897371
107116819075942
109063024384756
37076580836253
60093302460736
53794988815804
204801821117470
50723224507126
309585419302197
53625348800343
181774429607604
194029521730525
173269202945877
28382685149313
81804865384378
96541080186806
54817461729705
153918865591422
60010867063975
16015932359556
155343675294789
135501388605750
76806543076841
34473295257486
88293204652732
68060426380357
334883906458364
313946491051632
36124634053099
211229074242806
254763432292024
78782415175894
49200478679075
228902554932449
270284675411761
96195295388519
10551415641796
41249172791071
91018339322621
209352574095344
334087162960252
215147710400461
108180029033681
27989989157685
141289082963504
343375277143575
146237082515713
2557814460186
248711656030151
8490003252544
110286487391576
142425432165788
199239902258006
86798386628722
104932533905250
277052060110685
6292099560380
136606815986106
99548363383034
9866342008803
8591804021824
122743992060086
130257908046357
254924176876459
88680983752447
92277276743620
14714402440518
90136348374385
66974227905902
5709969368497
18315004132525
13011299237552
430556351392099
5853649515956
146196050522358
77433565012992
8018158002712
80011968605042
15494811788030
265313797530119
138530262387280
142651216297635
147642478984030
184559983573715
296778089662549
200951538837180
187392708749725
168146015480900
52673968658674
76973159015859
144290740034710
192951376135847
330110555980509
239529196800347
139541668081215
348579653985737
19090371389291
83726921643735
18080804260173
70329102607845
2119922825103
175700658368792
133969696304609
29267350277277
31955241036782
105281898486472
120684076288346
272767483138450
237829971319776
116577582655863
209672445956913
42962164765761
272912850126432
104735292198070
27267994743046
296222685095322
308283652657438
63658494634599
5069361758617
154055903091189
341962134053372
262627944054521
966291797324
7405722607047
439930840207333
368867050466083
127216024697973
46119262918775
7525241549263
49331529177892
71840894828564
136372900615219
263540729607116
708649589121
214894602077370
58037961997671
194720571443726
376882668575733
53293278732227
246086847283963
107727392472094
359132581913742
214600657174692
106067866265646
344158885174672
4966950588759
234705455366862
58961402946625
89360371142638
34082256358000
333788082489261
126685835825627
65910315730294
86702101304986
10110164003947
229410288347768
32754582878513
232518216566618
145665273327498
32700336676409
339194373576097
15400638221624
35703503048186
192701747362655
61904161471559
171957944680710
90612657421387
51433591208396
136493046499888
282814080975097
5072547242658
149298935913040
120019701682312
47142175145398
173877501495200
268768273172266
422707875984207
137550816920755
33421180199707
268493275704091
25624462628686
124849142450597
107415836236131
95440562017826
66076025043523
283460712356918
362739321857475
66373164876987
122751885734748
22703717345098
52354553014870
183298492577239
168098841336204
87479942162210
71001076164999
82735095776230
61731773219331
116920286697576
325257401190128
344987034983998
66357306456973
319764812626719
33129671733213
368687784345879
304982139490133
197976046438359
235711117076160
118431838577773
109015376218401
123219947189273
2712742029157
2355807333580
141464188847636
55539097603707
106211766792950
201248228899685
319322795252089
175767057762533
52508857863047
365629778767666
240192961472208
75266879125388
280487809916533
114585269164916
35735348518802
50600340327966
59645625175605
58684915748863
323465201199372
167715681825869
114986675203549
1121101683244
99699922624524
31441182286285
152118037510552
116417750593375
307076068298873
234771416647950
148839500301188
72689250633367
28337821490779
245566005907988
161728749374889
393230877693813
9881970907937
88059864435908
21384047193046
19154781465974
170800804168525
187280766281743
13563298642720
70144950201192
173783051650156
51901644962293
107849823911451
64197098738742
7924165095910
329888325591556
353996919448908
158518857967270
37665565524119
157126038710747
6172258694151
149248691468169
157990244403575
252434888783299
64355224382467
76508188258924
170853652948431
1534435168831
186341051384446
213730951335667
400434488564000
57205289440147
207207675889284
39693733883237
4356837854211
173936333713484
205859691132437
12171827789333
300239731339949
137989692187261
47807740028088
31657359661116
66040905878203
117415954476877
429833176215086
237557910489760
303367794191604
53797587632910
162225034199444
50541429446459
55978316789747
121201539742893
197831646020281
7085179102932
76966835457720
290994585650120
242711346348238
14365288784255
162703887423409
350503749888370
42774534633675
276851525643367
168551551416566
355959303894894
347189880168969
231209332405827
41943998964663
189587704442025
21691006609282
353660842228920
248972533567247
268672529222842
34998729258133
15083756570004
36923515324509
75750159362811
161124736328645
183338155288135
375197064981272
275432965504358
244317528490882
42072479873971
276698872584789
59169253752701
102189850508579
145332808181771
324973720661956
34317198316397
116462473977022
357761931910272
90917678359607
320061053434875
78350846705383
207011858772728
248076592011305
25531129455205
116446481525371
70819514956110
3698912529986
105514419981393
343199035704864
212022426892178
3985314098042
18753385239433
106188081354615
180427812001327
8861078854071
133036826437653
124106733607132
167351258073819
220956039685441
104559130819179
62917303438046
27556675027922
7249135606379
115087573541010
258177365503261
112057253646120
113848276204466
56776045313176
252272978805806
84254737276106
1546949802162
267878328771594
185460083389476
278383408757490
397192757843646
49323505273842
39429363771066
204765349078305
232898881712525
366673174815600
152654037121186
322196754547701
294058519336734
235865069673564
141592795568776
261939313050178
223241400028342
72387205090564
245195616508426
255598514464706
247362898609026
1414258610429
65642237854642
142442725667289
229894711849855
53781576907912
145966412107653
235960857489133
12532817023222
127131782676039
418379994569990
193267373204627
377284354036108
180030762362094
250550633119858
83026334627014
11299243636104
127204679910424
30979481365828
213405510671136
233080903714447
31406225412205
377459570744906
56479299394085
143225242452993
163800641889440
180761484541371
164291378020372
562954272051
330319405978859
7540092293283
110640949720187
169627662702034
387572404759923
3445032384634
270589088645087
107036890695946
259105001396463
223648470282622
167669672136698
384075288180479
121774256491547
25006086499032
53162868241350
21479673596246
46137274726607
82755700275530
202001623729056
121174497467553
122027888614666
259290869567179
239563938286426
30353457666957
51665033050207
249239670475799
147314387864774
400118102319248
364423464043732
211517245908597
45452169045351
124841266454531
7213376834264
173460489000805
75921002212023
207175819702641
195546040736760
204076801080809
39591941353669
18998336923467
86710579903394
206128009282415
15035292935089
204761974849811
1861401919697
67210736691695
138753376488660
333301372168538
366034835950326
226123738209340
182769430390356
70346563171464
233724536531269
154803900803288
256932189153676
365290085360424
321279349463936
106241800352626
375432242861632
123263149172017
6789219562090
229654648005031
295391918441816
39996113226924
5743817699996
29204178000942
8698719855540
53090164878374
4958735964173
154135560228091
5031836295493
83730302015935
130604967445494
117452457149
277175214743890
81251088380516
149448161247898
423186921167526
86799198230516
181572506857585
235926392748589
23796262889668
88196639089131
194495092982625
257127747698309
125143560290444
13059514814131
18526134182183
183876506305172
97806216803411
329770602925370
268756302352664
62514519403828
121036107348898
80526817921136
117066061336943
161568322333467
8344021311917
259203909938500
292883138275377
12655811554396
13129588708450
169700948167729
55586756654444
7575861137111
26708462907444
30000093176035
25726923434114
298203530419427
2218786939235
47165649203278
45654805164383
138571496724842
23820997650685
301347278558771
354827863699371
2551908035744
34152742752930
232221953863322
51398457224112
110017412961511
353553160026074
206819142083443
346689210123541
310913954817822
72318189740748
373377700193551
406852149025173
868941036399
185734266322144
273600247669044
269464104178628
108490800542423
267472603963555
101280171168331
33057252262325
18611531633611
25121958584651
106770297161290
325756503393856
252805375487105
6164469270794
117057256947155
23903959355132
28502574020248
281038985227718
111642693168831
42735176571996
29134513098141
216035283297086
16238333261973
209969729617134
337877744388146
37780405232791
153541550960795
331087563587943
174552992792930
54519618684535
108588438579786
36853580529642
323512111056998
207286434488272
307939405733276
201601419921687
13947065974740
233206464585738
121133339086574
126957615521106
31160011115588
70043378279419
6501301028683
143276999972473
68193174858555
40774041472119
236418140308840
75968290507391
190426935378588
11879642594204
248956362454892
21309171540721
12355062912283
99332836233662
321204402188146
1831543256865
75265422491966
42420269412727
87629013226051
343542917216641
410184494773508
230321583732410
42171889582224
96740139991691
220188812016341
318487534053118
26223308640003
42298543573250
253545081561981
167320777893865
52900542312153
14267832859252
2131413846125
169849537280530
7873803853668
145369392835742
207285676682820
112809883287892
100216377217967
192329506840673
365600441419677
33472265124219
181480070812042
385979477830594
40774438603121
10036322778699
173019400666580
320922054561783
38069576741839
69021220623274
325278760325325
149722842064434
236157382468209
38727016352623
136574487387073
55774727542094
364019322036815
208569830034008
29628427620767
10962457723851
134243672449620
10330982112688
185807737781307
58696528697799
119162506759130
175580477284135
158369746283336
32631134539402
290000901271082
19825701896171
39147868627388
117315444158029
104925092964712
225581198717570
14293141057292
53475759010009
61319228997114
32248776844143
18973956798087
124318059137547
102705720407350
357042159728044
291595428313636
237798826321846
35559178516144
100211963041177
77444326165452
37774847130895
6757111676084
214032267491845
324492061729611
175697885993019
346050241228024
26534156964586
105566414738352
29506525590984
218781135110530
210803586786897
292046654880191
44354790465665
337647550876353
36773830084586
38463412057070
2414999479518
73901585940779
19418050131436
9245039978774
28763935275613
179382066208499
217593902614245
322762807314162
82796064774425
51927799577729
226171466486248
147775845211445
18548492360036
152513321024607
243897729350526
105006135411904
52262603251541
395105915432463
150210349432929
200566771555415
230210141094686
139300631247620
72538199055144
41653892815457
38854864461346
132676852194062
16355523126930
449640229649390
64310586247829
81528633943250
124833012776524
233207657627600
167816940012322
144549726112601
22131986124205
106352628458046
210280102295875
222456582368552
124249458098506
274411595170031
51814429585326
117718317977305
19699693620472
286140598662856
20284840029544
15016178614642
51506592680468
134271658720696
280242966199293
349194803545271
81872571621713
165359827496796
137705748323504
163697447858335
231113965848940
276943566269934
367524996378777
72529259149119
261234772284054
8665191737105
42394153105852
24885445155432
69838706534489
33762751068487
129356025575614
249523339690921
128445575713410
190143134223691
59476377855132
189565490894440
63324410651641
284602899860970
304290368897748
44700305288140
52782326222406
146101831924748
152530434853179
237705183410862
133995202107652
67033957403406
127122778947993
77349403709242
46940824850778
6973152434259
31180353561509
7247383908985
29821331453744
296411298630090
182285772319702
401760421154881
146643874685259
201991201653325
35283850392326
256104387629104
36869873333724
35768528927531
408608759298413
303287768277272
42905201548875
248016003581525
406369556062240
55316059983903
242513654393910
251558679391834
318108681231983
217008967766226
200403002437080
304471811171419
209343561775619
278939683634584
46249165057748
143002975204677
216225975692046
164113438079438
404371547493849
22506889284546
6744169638456
272338019310413
23854744981549
34099743192156
14633699518288
214219891896884
282512783321770
1137920972157
61549092754724
61454489728914
21177129829030
213074482139438
105038760548569
246852478419811
39297732455282
248711059732110
14002502325257
26565621195986
15908759044785
143056043303767
212665989778031
60519171606338
101185641470160
312362630539768
158439986899228
77244278754620
308185537548278
400982905740919
17941339476799
13730592992445
238958157965893
33779571036329
42500345379867
5668225568654
183243387946157
47693397859803
15205291430296
10020182140542
184259182153586
170938179389018
350226170154421
3940183998582
21049749559198
172826358926759
67290333492779
81389756838585
246324868882369
239541203471090
282350967717815
15410147770485
7044191636709
134465228291258
43618256667064
84161675798795
69766039207668
337993806504464
349104996370387
293025995884645
38340336450962
214985849675163
277666585650667
138684302412237
271961341811808
311762970954601
34706408646861
70807406910079
246226035076706
37354321735053
65049029267975
54825106874639
177442896581178
80936753986105
15470536079819
123141800500719
231168730826942
275719671501907
10859830886715
85586655511553
354228533731179
283958331683823
102112355659673
36108083129468
130499798081716
67007922437429
288544755632272
184732382871779
66764377304512
175708818832884
311156954281917
216060030186713
143392084242149
12228007390558
150824146406576
116260105721003
183051026708614
123412929622269
103065834970713
69923187641186
897776582691
49577155190717
62756898112777
293822035084424
256687407408173
344778487592032
62316379124622
212905542790683
116913317383702
287812518237903
49163126398495
69462647351192
188570346255923
317327105010847
80514080522239
349460391361445
110087734844775
18789718267226
274227702357330
78139167407540
301566986387683
50774437477402
157932481683807
228004071970680
318478203174075
274611997789848
5273256125721
67622700799930
124142070176766
176796401863927
285601633928016
311829844372909
36393148241413
317295701922662
53088044295682
97047537316900
398043379216549
190309754896841
435757925597604
20602222132914
198114504688354
47556159850255
31042654187235
245820813859084
124219363965123
321281926057862
1829305878479
152757489109108
168554019609570
55277784768223
279529951961500
25699606713830
170150043136057
1986222430866
551686747816
78113666051896
258843601395177
69072565951238
339967210374438
14819128021616
13762771378262
363140850284939
308441620525432
223610194303397
4158724921341
252542826799841
175262817450458
305138883821271
15966495450512
28250320419786
194865400854245
154849132262420
27051305814736
22930378100713
1036138535748
90443811343339
37501170441166
377364217110272
189578752375446
169072391441977
135508805064219
40410642017015
140417995087525
88976606771529
227017650869457
130729048864414
160299574619842
17602574301193
95628720640692
53865337321317
168216717035423
596485311550
235935382139691
132211175122350
228735838298880
171550733568498
60876544794161
157143251576760
197786172992284
74408660568455
329914775902656
55926273886366
274253364086109
100707399991588
29913799023381
79918306996980
276744359891521
194202063338895
2869634096035
14838010344639
108445630646943
90663688688226
240207982671651
100879885356719
11199804185875
293710526213776
59004650675987
387003572264514
293707948962304
617543590708
19252617869406
311991676200878
344015000222771
24570580958160
92436795719664
139767691084514
360625369167942
18032695122974
63982808434961
280487399218510
1959119391077
69343132463602
29425218779679
24448149757154
322655730558338
81819875515142
68046223425925
269562248311251
155419660448856
253929156277945
160990463852272
57118233933078
201940257549873
147267659870189
69165963278101
32800998088574
25339335866900
11986961987091
3270025229973
161003390410727
9401756498266
14719724378769
207415729785412
277455982359678
101313257647680
305579800167714
275890101797457
98713039676540
46929001436218
249476022005036
197419892387839
260310918831430
177127425285548
127201485483137
132080963930177
12680647380166
13087314494870
130686859253104
112070657093401
32051539553675
21811628428536
76363271975328
101768889894850
79038919020640
298706675309679
207342155504546
65101427185925
153082146798212
278598328996830
70427185871672
76398052220953
181122305185348
387240471433023
194615248624210
139933782052137
138966065141804
224058239493920
347351224761687
123874672978989
27684602559285
176506644092786
178402770957980
261045932859953
33389283570800
70243778047225
174250124421128
206486433107459
123102176354809
241273560637657
20171971376412
47827355360943
105280327195488
14816457084950
215066827632384
161103697667674
279051673222727
186523872510133
204498909564197
65532686245148
2398814176424
346281229741166
361723840592190
27317565180396
258085600794916
34912348602509
33157198854932
155114270639622
73806465966170
192663965777030
408788504529785
261092614856099
66516301164435
2224315121527
1961924167113
33276299488489
41088027602274
47781181566770
66608331582125
218576626276216
53681980086474
40258628428790
38421058109693
266158100922886
125687584576588
84746784829591
109866266723579
26726938275945
258916409850896
51905425843946
47387102297892
218120405382481
362621653800115
17418231388376
32756877458197
394195064566035
329271032714778
49115602569505
288859591753274
209116597597914
73334627046292
44305182607675
75296153111830
5126917601592
171722179240771
174925880125374
13827201181099
284263940158886
159439864122891
8894605209304
360155625221084
326160083929026
72742158484491
171136744222626
325797915150495
351224413935902
83940533201696
325515565532773
179566018712711
6364310060963
135834457291902
237078224152261
200016018672570
1312239212622
305794246467156
196558382540952
20842510212683
16197629462978
165534382933856
662373159132
58419270815237
130764436180627
222325325812573
38434056413659
48298487022892
81410026469531
151260402277898
15723636689299
99480752259997
78589794116482
40878269660008
24404988408783
108051301349193
350404945246581
56069762481039
363627477249017
399384744026718
162605720470761
45175477940770
331125019279371
7829135018229
254185885792760
48470390922514
4427665968077
213407607196474
129500226281852
25517795074214
394016144733665
107516788863212
222220027812525
139042634253643
291797352257782
136538802314609
48626947040375
369062174321385
35391407911015
37539898266918
94590741925086
27038602202947
190676778719973
257059094675599
193594752341303
162839411778337
13278977881305
156166218683466
26383433777321
48782358896720
59432669105709
75740952385469
160696257813671
353154075295226
257811687039976
182244184666695
326314236138020
40972870465716
370302423095114
19175543028748
205285549076091
36389979601216
124011559979172
29520778722398
117061283519089
363059243833
106358694363555
89011490055806
90696391773553
227582043257204
169917931539631
92758701416113
27993062726698
120540958791428
29984781129331
44665563262547
8419140139388
47633596003039
382220624755454
348361771274064
255861404916816
51655046618008
76403945863816
48331616185675
168898528046271
414064410174913
118535019286401
313514261233755
85691541367026
117548266611313
46696119960998
69915737096060
67300660061090
58410420703453
352316599336013
319451042943271
42266709605792
37554479879749
184444051821649
133131689266670
41085367302392
140843232134129
23256153086429
13862493024392
369632982818414
60255102186987
45729797784558
81386321845902
67540996737163
35758909440978
4447392855064
240509479331474
428695049907179
169749078427611
322319987771949
20930924300112
39353067202670
359815435749618
38783451707229
41518876447081
29222253991898
8037342725493
42896257734772
302673065688134
262384700641136
5317990942396
139090316359484
31337381519882
246142212668373
85558347027691
98497189284895
271140546157932
127956850903591
47019307066930
185930616576263
71947554982708
149182941449357
357880282757277
133976126450273
119364339622189
2759175225742
25080810672644
60294499864826
48498171745173
6594972230970
49807930763707
287431618322864
30666250679369
908449517729
175530895827720
63835472603706
261740673054406
319341606334550
28504028947793
87935507504866
20306128303123
225767256755802
69232387972808
328171071771162
319466834826743
6680870128480
329609652963411
149340955097370
132119565878050
2417595163285
58522632138999
61084128588626
143338032839961
337292457349033
66936210458669
127167220501516
11950427527715
170172373600973
91363540189455
419808489341794
360930947959209
5071047346532
92407557114176
109222988773462
230959741044836
364180477932835
192957772595765
266669544552696
257668110609579
254844816911306
73921041341016
370624367133958
249886536199287
346309427807953
12136591387272
366735395451405
18826688382972
217641429052086
43441445591800
1489922672670
2074453590743
86586589146740
270959377822494
117017614699845
37397348728403
294433725989736
262932334304623
338517982647082
171082764697319
20954141394042
139742342380520
1647589135051
33583173586731
85581639613836
241390156616647
318254413044138
11143802769971
4158781289391
78058615251017
241446289338845
394228272507166
15781111712083
295317564237831
183165285371716
108988034759587
44445418182671
3329612808173
54875275472875
27115854643609
306043844989261
12597707603194
125027725963859
229488767578861
321253487554722
24255056953737
13480754548725
341232261211340
91854000078787
7020951221737
249472013055027
327812918411794
117808410030005
401924750261737
32166316444481
225412309225250
62999443765390
331206122981340
202012367577730
90093113401431
250270775417040
279886755139736
158146562892621
185142458706642
280207362323792
221432219734227
66564842178749
28522576348402
128635683068981
129975455668180
5724677472334
88303677519266
194472257258964
183514660517122
342974312455386
156855522978780
93522897289839
117681313249634
58072118744553
144885414432726
63183830117625
114735353237267
27440443744273
1644722842283
120955519648623
171153175026872
352767093314492
141579491597104
3696885262991
25596483546032
19936420821918
64972749894186
83753834361890
289006367835012
121753722582494
46279229803153
51903876717513
245480615569160
59571392080440
46916719237005
24168452188772
290518675452279
4775559618201
265720152829114
101636443913976
8102167303902
19250223880953
17466911606610
126856731635429
293413254510107
405321815470662
30418048759834
380826737779122
246177108745526
32472687096361
93825097756485
352846748770282
81475669727267
113266377840947
313099106102753
96921940876815
62018023834145
6311391017080
256502922993403
99932702184125
240554160950577
1955123974703
282393401164496
50751611767495
396634537785613
27996687071717
80611535715159
110260823796395
190519516080927
236883348850425
222848113413855
235822083106979
163388848017098
153102182114413
433961124084513
4557378450292
380199771688997
44034672851227
1511906511230
88316141222646
72363596019248
50473888660289
2517600415567
31929412664481
35387252432036
281260965315646
295240115380254
255609415665220
313487464195247
45576390349973
52538681609394
1599390090455
214311061464721
38532783231952
253092177873037
58004132321608
390662659950137
220879062920237
24490789847777
144806009204250
350230411357663
28020447975682
310387986219675
336337780503720
64463537197209
260761120407434
174600006822496
149541135076222
19796704406043
51447435025923
321361264852614
8147838917705
61091653409841
64820156848715
155813912444147
13266491898601
31340339365326
103653990963374
439776147734809
349513525557283
203442454049824
15138633634255
198120665965877
73719218911512
290211921228086
141066034621418
12212459972736
57061010226366
40148471809693
176488680291527
42498163091975
123105097363408
219462061027366
2995095053825
14445033917209
16897931603411
257892074710209
56358413855789
202615432684692
103618987107301
293788303048461
253228317830637
106102639690501
87491406965545
320265434362169
72745041004080
71962254623538
24071894691887
3930239346158
23168583013596
37269077730300
65562020374556
11741273443234
340192156235139
9873082204647
284467845725661
424204211150189
48894498685948
19212792167269
145832293395942
352799378355101
13674518300471
186528420990797
242370661076126
41805520848549
109399073967029
173412730990161
2740632063796
211850061089982
58972386613753
270612475867573
397039057099754
40684453057695
333135160488521
6088827971639
66544294223793
207967169212422
307775301184883
197076935748721
88206234850036
40127918462788
58656296846957
119433786357646
13580579034892
18036127575350
331416599953051
97998572974677
277342264666071
23922950116232
65028937851883
340287064435705
169591059513912
257736546276
24476613068368
25800537808746
42270109258507
208071688338061
269873185278056
32127115967979
46594972334103
2869708727154
358413108934161
35959624152171
196760967335945
34405814904334
122736027604315
25406950542762
824740083581
133252177526731
122718128998303
19986516757404
18198113239369
439429155435818
47029269469617
74303964462261
83297643366496
36007018985600
55377192151350
52824891461359
260679453785779
236871954444202
26227031826445
307334911018449
304850743713768
142391828447745
2536593743558
47988959615493
72998868982322
69707845469706
391830782714
170723608263267
21237993534893
309237091699957
308013564481793
72521703521254
211405757149706
294937292338490
278231235147378
409361235510232
230650673485095
7042683080746
114290561311658
2485812938174
253025665416792
44140157814539
211342458425468
193596828775694
246590900926986
11332164247477
148238313797213
336445790218472
21671039194826
250453230077086
9898982457735
162332307247060
350849205953800
189726116322799
367336056113031
43873082316524
72207171006329
11326909774823
125097460742821
75666897822100
587891739792
42663964368092
9877405172071
156786148330676
165822783510756
207772325111058
359330754704438
163577301203814
16126650739369
21069095589092
81356792074752
184158202948363
127203036272749
231830723013457
10445988482925
32562213036020
5297756768193
95294209119737
45009000400258
72711651690741
91111081119703
97651260680062
38877038279331
260944042204204
31209744685067
67997484377604
68431432855032
98628797870708
82042441102800
150760245082770
23265308871821
220712218423493
202254834379341
40151890151088
268174453191329
59619045848333
128714938360022
34869713685247
91868591872008
124876023393935
112297529937099
32254669453918
259747709224772
300052648886602
3022046077746
25920183860401
18089291704632
23492241463419
17047663680272
296018545106123
98632217554763
36219668677142
320236265174947
315930967431376
307255798968245
38504928030095
27211197180040
237466989390197
121609115850812
448556407187404
262972498495665
107035587093378
145129328213122
91489495226231
129290801622490
276532712833259
14493877198857
8651476910073
239916429669473
155061428410152
174661094454567
251684611950071
116792216805
12663780077280
188665118324604
303259287947501
348611480310123
113037659354028
213688998533025
324051509622615
15889014784216
19085122414759
353892630845344
296577491215901
265298445718611
168420185174121
241581971280970
21570107478584
5112481794474
4170093942836
68146487932331
153519962917214
213953415996053
56747787832876
231071180544925
274116724308679
100666810270502
374223131900765
281012060083053
18717798212686
93097881961816
348962533414539
219671545771468
330001118402566
47943877614719
370275263540510
396581455427389
192412976975301
341553764112796
7394076047236
4124446874902
301401018034714
125348251688103
144729870034589
108650908905411
45047342203553
23691390849251
48332631268626
245176564698855
141790631773350
47364636975432
125914399057663
95414379808630
155188652336454
398636989728339
206986297561837
229176243001270
35082059755934
161468437485348
214761693106190
192593666232260
4785337239757
148824099961320
215282299630547
260114916914568
7018186635489
113426043051449
114729491425789
12476522868620
77700523464739
173744376840830
147790195106634
47308071486484
92133008631968
271315918280964
132489895580743
396455101307368
70736495517007
111630140246402
231059179480667
143750584149193
325422238160356
124492037448079
262617322209305
362249848531843
310561775014627
39580752203026
619375423136
368136496564180
76912573980402
394033300542669
289205187286007
187548145886135
133606578276517
87783130328759
258386782684249
216373369091005
123656271375223
249925466337911
160302570620567
208001472050167
16308658833558
164124964603579
235064645195083
130884636928851
99946501436261
277626377591353
43830466286674
135840916561462
152705680859561
147988413539473
233693438586549
109414005123990
235433440332529
37354935596490
70358844403730
56994784847208
189106004957827
278565157288747
37821824479409
25860303962614
231558709598164
92408614547420
78923934066353
142693656310313
330592244022446
11298209744149
100518724703450
131432110712150
37709863925193
138077684951323
96737300808745
333561818927628
8071124852726
43890449967139
2606750751728
89390548105506
346485005288560
70597879038456
200294800010973
75384815835704
362276613699392
200328111019840
97771410283415
46720186471443
293766707737686
230685884435481
70656741438955
208664831788345
312397877676730
80910070033371
311731082508590
267585638908447
52925449198886
345997521987161
230401591043044
141582119989054
346678047035848
39105406600506
154406359299067
81040199198026
35116514332901
360137600910062
276815055423542
53483970630789
365823325947432
362217705558806
62942917776841
293596737035355
341110089494353
40201164704420
134987038259662
92741583925789
221339657694698
311918283441455
32252188849889
75266567110687
36706695820908
12611801625
1130915002552
80220353305601
24798982948059
337727170239647
56856487944970
74120964309970
255050494744438
142933115415035
151331199925470
299829591493843
142975835455134
202226365475969
73641889770355
203086211739133
367748870713098
42864688809246
343757590134025
329600396823638
1612987228211
61357265941930
198929837435667
206447755453826
35065651018897
86355000980547
348246924089029
318749473960148
146705205347817
38746323361573
3249648587031
160085257371175
329974327164581
154336899744415
80634673365051
203750872992258
88251102494737
36867201565665
256764369899623
297531550118519
62424932970268
239882153514433
169200508333294
34209974068803
27763524513370
234273761621171
134417044258426
235598845900971
42831851731591
275421386276647
300093470805315
151353676821441
244482130173160
254767599512929
100626223824139
104010168697075
283005038594874
51532738583103
169859861078968
149084603687006
420301164264701
313484500612889
29115296534266
390830796079965
60414345581845
26681841950130
