837092811
207693741
107841732
885015912
314449620
401029920
906318004
490595668
305545191
795555014
395076199
377319512
936589220
186397994
996797669
992869677
429881139
697463022
36178977
973773751
606511732
308768772
827328117
62874726
445960280
602856173
843041667
460624734
384323477
272154932
568314857
591134914
96488277
374922018
597359787
277464337
561632858
782800867
57177568
162452585
854841497
492147623
967982599
288953261
287051605
655165091
272674364
476904293
4520907
186900451
369623420
766687313
327855047
915081683
738159877
668622024
433142623
708939169
354678194
468593561
327100842
665105788
342959325
856757003
548649257
258304911
525560762
317863863
395369241
917680074
910580292
27902145
836333401
344972443
140148581
916433844
839264132
586271080
835622158
378844650
252412706
500166623
813694163
631830913
65642753
45404675
951442528
724933345
986925326
454115470
558465779
230468260
745345452
625184878
955907555
406830504
778649059
177667534
644579820
317325855
437765614
47711001
547339338
489981601
580045385
63976612
300195848
909772877
470874003
546413437
366189746
452212828
359550096
964776174
29903629
740048867
667112179
743848515
110029058
623239277
5945673
668547727
642975023
411765960
303524307
111112600
87204697
808702116
394995124
563846957
800359386
791406788
920915181
496317097
815301742
372663043
59889083
311354998
900208290
95119005
158094182
622957327
107093209
342647148
493343800
753631172
98583261
325210669
649559679
454169615
656762204
930052663
421803413
965547280
209166907
853506772
890056257
841943278
106714272
388954202
346642835
516548619
475050206
127490366
866846208
296100934
381534287
815993928
161126516
808656824
483045232
268710038
370925718
963016839
2411067
370786292
287663144
876228395
703127178
517226263
933621278
717171890
674517043
925596819
792270555
911765036
908784361
240108894
512831884
596347173
526113419
846773977
307286824
320090302
446652742
530688434
984110566
902962392
301566286
514197918
825474285
351654896
607395383
892032307
10014977
174633622
75816914
696918128
456697052
289825999
786691175
131005029
993476421
31514364
743829981
604798423
879442659
447621147
357070961
876521036
53600736
337758705
645020149
55211614
527479388
896686457
446363052
736357276
431588440
617297924
867451087
736938549
748374685
440150798
383465597
956128948
642787521
182339550
744110230
470166649
504789967
370082665
879958026
886197757
293431120
295272117
862861492
607423074
592957831
897639479
491999104
381526278
527723339
2682365
517574396
694124920
91037419
284107198
115128301
877037000
389820292
468959503
440580063
614920292
101702490
920112008
656773862
974018866
428246529
14868197
803873648
995568478
675599027
985464973
420588291
7119078
631863152
27529783
344161560
942032904
708545143
963538274
475618695
499787220
346216165
524121706
293084818
884340161
15852041
635452911
19657423
575136788
91224730
437407583
392551961
663929169
55609303
564201542
26036271
19861513
226105654
559907341
253150517
787731744
351408504
844120549
766871047
171353349
615867487
561630116
849040307
390845779
764061278
388782138
871879110
894773630
142766486
598317509
252529204
995133139
503772648
797397376
720664826
344967344
18925547
290075347
950173165
681419156
393028259
115718682
403074101
401880105
887784312
785079250
348889774
976597304
325539870
799551330
400416833
179032573
617579913
280596818
296013098
817250739
157618709
650602843
969136410
854343801
963503884
72531285
129131731
876375313
936737418
444519472
1357659
955822713
382971020
121375969
582835907
33029011
573685642
452611111
364646443
448637157
706849073
764301654
596276312
244081019
30445606
624512715
864600698
241229457
812122335
593911292
241678028
633095106
824398587
80408688
533152582
827186317
822246133
681734483
627449436
779461237
699124070
344710776
580396544
107933930
772277902
351903239
636849096
868087406
495403601
947256541
307418077
646460609
770613323
660697038
288045882
785539934
238436962
679348172
147245967
835444273
884019250
895983343
400919170
856435873
98624031
951956274
270345353
72453528
331621758
443034590
53169893
557740664
718515805
934977245
688121819
953002132
539030311
942670263
779126980
991003005
716971759
157206967
795653279
310911951
488362604
510352395
32823516
944238480
485197814
271455238
454694459
279097232
986476825
260333737
667175232
458387458
451795502
809815165
566612235
596825664
831639095
717722599
157493091
436278417
891314684
683890971
740620777
408283828
489365629
178073001
581256459
778907914
760459512
146864950
929529863
880448664
720587856
340404417
589189386
938389746
745744059
97153479
397948140
757853342
893478205
430574907
994848402
623542929
539337696
118024575
126084224
915267388
322317883
892748298
151564066
884871036
232667260
663712363
258432667
208567034
691923728
659498239
267479469
932365685
526564594
468435332
118297435
709680748
180636848
333149234
627218402
552188853
712089664
729660328
549009631
367888786
347603789
711768412
873169516
394442916
547925796
575802520
920576734
651162456
489097961
344384231
683479415
186690295
245949967
671620258
446219921
518600156
980666895
101241250
268215500
564399504
569430791
228396536
793845710
602080151
421859896
991799960
660995227
335108693
336978769
615659781
148496246
559190416
968119270
575698435
765975004
29951687
927614289
141088538
947354926
301318094
757987510
846877930
577120325
698837412
617305133
592759561
620999346
914162333
775244721
514045130
878310050
69038939
334028498
640819067
976991921
232394793
392822764
177529811
601888628
138900530
952939
206937054
795047711
587935873
831018795
788269602
316129834
178398154
125607417
203292511
177958197
655422592
177979982
955156240
77737702
11859340
839365473
712491733
763088773
256035670
755745537
260334245
80320553
192844924
300212259
839733116
249785856
672613572
688246922
621258023
601905286
929861608
652873156
905228728
413539919
305927307
953728
609910586
852404606
179201095
784609574
767236821
476075753
424944862
510198161
995875818
953210660
951313773
933968782
152520174
31010689
723806406
746576196
589241177
503033733
198546295
724735591
279290652
65241772
525345316
596897668
438695752
98756014
571485376
533649693
427768690
504579731
598977839
627876738
187793331
847220395
669306983
651381000
691560331
684035039
90876898
865090858
316738444
654238726
284442945
53596453
47570129
414395853
122985840
316436389
750222991
730116829
540719707
532478225
713257143
767168220
670763716
685310473
744896540
713703586
619128170
436199556
387737225
778013006
549721213
489735462
639433308
445258554
485725802
931588864
882216087
112712570
569033142
983950410
904834710
839767138
187674525
12127392
90397
39633319
579645738
441192202
801003390
173184935
985025825
622507740
252402716
605076986
630412051
593113015
872600426
203496775
976646161
476761996
862953112
451100015
361356919
861187595
60457407
189304281
983364461
573424200
942437546
252270863
562220094
754188487
226304950
487731045
753950934
882635229
119160107
851977619
17711994
777825255
944841011
368187527
342794851
253033839
284457410
458759317
15602044
618881239
564655215
379813754
945073780
59067174
450927166
129392383
525705644
436052072
633727916
112943054
139060174
11351444
918257277
525480534
12476863
951832372
457550884
77983470
514471492
89810297
522269297
70238765
425618141
963514681
872543059
825405756
477830387
78264493
931144738
437002430
786779724
74302721
189655064
558359350
623730509
820831091
667773950
952195070
459505361
596640577
781805892
744655060
702198029
36568307
80042555
13262493
86381273
290661169
396292667
188278113
460366078
705386473
938115064
334549891
996781925
404683682
492618812
4323560
524026936
258809020
430275688
326167889
907859036
567857236
757055281
934978712
620341426
801643061
555590477
363704063
913643643
925125852
585495864
672785423
416042256
388892861
819211991
255837712
519084762
761289855
664788518
425370827
428207926
583956401
400762187
485018266
912470293
490067177
862458780
178190298
718639152
766963698
141267618
65678159
240506626
263063121
880840938
927164356
12216424
276576823
110785940
523907913
758991295
771342282
63928309
935076546
473952083
697295450
668032276
212238771
72113537
326450221
223394463
757759332
529593811
451138456
505188188
459515085
773859337
929412318
667205362
599856882
789915700
965189089
73907382
248166186
575746533
360001554
751564758
758571161
45954262
748034525
553972928
559344917
815457196
864873914
689152240
106606074
636644694
214507575
375882836
573201118
915885956
517046189
754688800
498180273
536463645
438334483
776050923
914358877
217206637
25864186
575050759
171400596
463950541
514423517
901513876
94753407
333577856
249671802
814957260
624632530
964507747
115042166
159818824
669680566
761740152
469445424
341958194
97401129
42716781
369213103
442465087
42285769
124399453
21652187
436883534
157473344
195843464
249158033
185825882
732491625
277347562
138578551
170698105
298291153
672484381
681995183
951690079
690260152
75579804
750465110
328711153
179328480
719663835
279056534
611442294
322277102
846370289
143955675
37192041
15842573
767499827
118583739
570882273
679784764
565469242
949055895
221846256
270613602
332609818
481897746
861209547
805844077
851665497
297285484
93348540
983744121
235977866
300242385
63099778
166189421
890820490
243329337
515480722
559156040
359691468
319746349
209624835
723946847
445633017
125011247
636475236
197839507
867768471
257819365
156108939
329830915
584885746
683209594
945031455
943316035
654259150
644134354
381258806
594580979
680641599
637690671
277823743
221735485
821490662
75134632
139893494
5653418
209137713
978847296
293798536
854039527
303589187
472714794
752478594
954094754
246760754
808273964
67600372
178512051
48477601
82950244
344155119
144448279
943627976
245998908
774778609
440712793
92993774
517639110
455859915
65882608
479811042
205623814
276724379
748816606
280514486
