3090273644991488176
13942394320988
11060621830776
16184517438141
47998980178690416
10974808225106
16203212205189
1916538677682334
272295910823713395
6764202037619
10901572045726
11365580870888
39074893973009
43208769224670
12305335376829
21949642466236
25806424313470
8003668553042
6409045235516
14648892291503
9376552006043
12535418467423
17949714141188
49022338164245
22448734618890
14906614569944
11110655431209
16531098709558
17014181403929
16916441234498
16359253715956
7413602525138
26870521994411
6450835162859
36781615696736
5845395886149
20800717747306
15630873830080
46050302244754
6416478565682
36900698935764
22961417822363
9621856075113
15794412502997
29332287342304
24298275226629
9336520375798
10548801545987
21885346462755
11185519601877
1086225660524283921
52457828554335433
10164614364583
0
8576137585815
13707660021569
15983482193212
15380166546621
238361038401950168
9614925966111
12652206183358
8866582398156
12446629183091
15681967398633
32290959406588
13014617236504
14785904258104
13543256695668
27264727209131
11993466411682
8642926172959
12684945941565
1233579805963502
31496044798985
23006206222
9999734265602652224
16254109209344
31347763030146
19472960353082
25796585888607
20991983921552
19168488615679
5989426200204
12404197161983
9721456403338
11581674187899
23963482085305
8309313836334
8549615022695
26339062272957
12731354684077
17800015719093
28199950031675
9256772216434
17143975294245
10456994938133
9590369293697
6274520940171
24902819459014
28599043860242
