223445667 766544322
123456789 987654321
123557899 998755321
112272454 754412212
234555678 876555432
123456789 987652134
123456789 987654321
111133348 843331111
555666899 998666555
112456798 987654211
2035699 9965320
223458799 998753422
123456879 987654312
123456789 987654312
102975794 997570214
134666999 999666431
474997077 974977047
123458769 987654312
123958746 987514236
114556999 999655411
123456789 987654312
112222247 742222211
129647583 983647512
123456789 987654321
117594266 976514261
123456987 987654321
123456789 987654321
123456789 987654321
123456789 987654321
225450489 925250484
114556789 987655411
112468899 998864211
122477799 997774221
124879653 984725613
125678899 998876521
126375759 977321655
124456678 876654421
1000000000 1000000000
1226 6221
233678899 998876332
139725864 934725861
123456789 987654321
124768593 984217563
123456789 987654321
111234568 865432111
202366994 996643220
123456789 987654321
204599657 997565420
23556799 99765532
225677899 998775262
505777 777550
101223358 853322110
113455668 866554311
127353579 977553123
235778899 998877532
123456879 987654312
122346799 997643221
123948567 987245361
123456789 987654321
123456789 987654321
142835774 842735174
123458796 987652431
233456688 886654323
123456798 987653214
226447939 996242734
116941557 976141551
334457555 755554433
66 66
179368254 972368154
334445699 996544433
9 9
123495768 987435162
123456789 987654321
111345579 975543111
123456789 987654321
102224999 999422210
223344798 987424332
152743689 982743651
102357765 776253150
101335578 875533110
123648759 987621453
123389977 998772331
123456789 987654321
467 764
123497658 987316425
128974635 981724635
234755554 753525544
257986879 998586277
139349593 999341533
123456789 987654321
123456789 987654321
133578999 999875331
12256689 98665221
222224579 975422222
20024899 99842200
126762689 986761622
123456789 987654132
205558676 876655520
123849576 987546213
22357 75322
