5793.02853778595181211131
730.89560459962297045422
106.81415022205297304936
5607.33941685350873740390
4817.04451374816017050762
7132.26575183763452514540
97.32374121743444561616
2579.55987916118647262920
2831.63198445401076241978
4828.85045617521700478392
2690.14938977576503020828
8643.54765517557098064572
5747.58822455657264072215
2696.43664053516204148764
3448.48116459503171427059
11698.93468160604788863566
7915.24924748253943107557
3240.68418087479176392662
8416.16697633734111150261
2158.34979681087907010806
6134.06326073806576459901
7031.65823001735316211125
2409.42505506525549208163
1062.66774002808119803376
1535.51790483278750798490
9873.27419762779572920408
3499.41753113096501692780
1325.97908701000324072083
9200.54269092986942268908
842.32440765008027483418
3552.22461080618541018339
1730.50913346814195392653
8352.92658246313112613279
8998.07535182872561563272
3042.42786261913624912268
2271.01761168528128109756
8953.03692693036646232940
7524.94805823399656219408
1383.82357789742354725604
2124.61038748604369175155
6595.46351987773323344300
4089.79141979126325168181
83.69675665212240289748
8575.32862541771464748308
7812.47945814266313391272
1345.01583163716168201063
13900.94452879662640043534
2461.96175048976601829054
639.59656453024274469499
3877.89989241944022069219
1035.68448484951704813284
641.34581022981546993833
1695.10445718923415370227
3698.14787783914880492375
5105.09780020800371858058
2031.22667923212588902970
7273.05081941124444711022
3832.94087727147370969760
1236.51588762998972015339
2278.02286985140426622820
11053.89899572551257733721
8157.30752182924334192649
3906.37337322186658639112
7867.23787666780117433518
5307.24732699030118965311
2798.51726557808024153928
4389.58219600479878863553
3251.13947351398019236512
6477.62230573697797808563
11876.57116113896518072579
4.28078476131072704902
8142.40993802689354197355
1422.76518153549523049151
7663.71920866916752856923
3334.84704749679258384276
131.94689145077131797734
6788.90078590974280814407
2350.16563705598946398823
4703.94459792324323643697
5989.77555845137885626173
5110.93750410647135140607
4642.47411392212325154105
3402.04310601955830861698
2531.96509188693380565383
9016.28245913887622009497
4769.44902939709845668403
4317.09231799956887698499
5970.06122568519822380040
4977.58114911237407795852
7509.53816860858751169872
7309.36555211740778759122
2502.49755941454213825637
514.32425220496088513755
6862.43644383464470593026
1082.37305441734883970639
1757.75312296568904457672
8412.45450123897899175063
325.90001450260609772158
7585.95784389271739200922
3273.70981649576197014540
7183.16140251060369337210
2006.31360109983370421105
2980.95480543516350735445
6756.72733080421221529832
3458.64651561323671558057
1208.41638135884591065405
6643.34010235303048830247
8760.47346380009548738599
2161.90259423975385288941
7393.87808310090258601122
13633.77590299110670457594
4669.46718950830563699128
8429.41791904874480678700
3398.40590725682432093890
689.39998292746417973831
10066.15832715363831084687
5882.66147811190694483230
4167.45403941986569407163
2375.37407536295359022915
2068.26015434637929502060
3747.16103147122885275166
3697.23793122378538100747
4578.90418933125783951255
5081.20185223044245503843
2159.60811846915112255374
1737.97534408335400257783
9699.59724589417783136014
3392.87008522060386894736
5506.25007313781316042878
37.69911184307751739198
679.53323500537965173862
920.19547357093279060791
1176.14855104007892805384
9996.28695496742329851259
5753.70200850260061997687
1255.98495801372496316617
11599.72922433179337531328
6944.64627116865813150071
8173.34434296450490364805
77.47083089860730353848
1639.36762527804194178316
13116.23560258211909967940
1613.42980154513566048990
2009.28875609789383815951
1739.12017704078311908233
13517.45482736587109684478
3387.92998087496425796417
5746.81386951885087910341
3755.76652915636486795847
4099.17707605917075852631
5981.89329235079185309587
1417.64430950389078134322
3147.00127109062032104703
4953.06664581217046361417
2163.94961856062627703068
10633.10441453964449465275
2074.12807627595839221613
6958.63478404212492023362
4920.49303709738433099119
1799.07906030233061756007
9735.92661858080646197777
358.28602356495400726999
8389.85896629480521369260
4678.02082544087170390412
4760.20020076551554666366
7628.82804906253841181751
4579.03833372126246104017
6013.30938784770569327520
4229.95423619781377055915
5637.14384781709213712020
5021.78678631311686331173
514.57513318800988599833
1300.15826444045092102897
5577.17441946538565389346
2464.66201543452325495309
6284.48667866929827141576
1974.34666608165525758523
242.93382916020649986422
2543.11584535299061826663
2054.03044416051807274926
4873.71126504605126683600
6183.53358668323471647454
258.62985942082855217450
2252.06618714552632809500
5039.46496130289779102895
1467.04923587929465611523
11018.98517912177157995757
12343.89183408836834132671
11944.35255917337053688243
9381.75217387658267398365
3604.79775731312474817969
3017.83534612454513990087
1030.49212883525979123078
2963.29497876823779733968
1791.76359239013618207537
3355.42728631311911158264
10065.14105590147119073663
1783.58149734069820624427
9387.46422626296589442063
2091.45101247662569221575
9895.06774216288613388315
4228.98331931092798186000
3248.90892682774983768468
11755.94735293062149139587
9866.80411986922445066739
2023.18769179897162757698
4232.20913872120763699058
10897.72534063020975736436
3194.74767577092779902159
9550.82481483336960081942
514.70861016618994199234
9628.47206936530346865766
10067.77026591004687361419
2913.26135942384917143499
848.77851701706867970643
3564.52627589873827673728
4486.12192264169880218105
235.30270134787738811610
242.83554768381267763289
193.13426676015768634898
1023.88732810261637951044
8803.03719495780023862608
2928.13407279988950904226
578.97280050325730371696
10728.98671367188580916263
806.72642736737839186389
351.40059662139753982046
3721.35335084813505091006
534.07075111026483682508
6669.97842621641757432371
5533.51540016978560743155
2052.39432413216763961827
5633.28464571847416664241
5345.66262480525892897276
7289.90745856048579298658
137.90802102660930472666
415.57982577080628061594
893.16677270238869823515
3004.14401265246578986989
3019.52287747296350062243
4321.60281168295205134200
3040.63444971658555004979
9961.64704796575642831158
1772.42207128635050139565
9571.22781853135165874846
2862.02318344352715939749
1412.25421222793283959618
8142.73876740065770718502
11256.62002806101918395143
731.22754343547762800881
412.49517390552074402876
2695.13204169745131366653
8470.00381124563682533335
284.86907881957159816011
7499.82135285536605806556
7280.24715594839381083148
2959.36909300941761102877
697.49075975776190716715
2499.74878700582621604553
3711.03149552043532821699
9585.80220471019674732815
159.21011326573750466196
3152.80758207266535464441
2607.09542891227829386480
4462.52388502878784493078
3445.26411617692519939737
5837.62210854422573902411
4362.10641690990632923786
124.44706846361289365177
2718.63088413337482052157
5809.71094608411658555269
1920.90397617628696025349
6705.47910371377747651422
4325.40795270058515598066
4291.39389568210390280001
20.69975177500406005038
9174.79335490549783571623
6350.17056021539974608459
7538.64809805372624396114
6063.77182496714885928668
1447.62295169848675868707
25.13274122871834492798
7704.76822279523094039178
7628.50853203426413529087
6847.02544129796842753422
5613.88943591650058806408
6783.35258659128339786548
2784.63139836300388196833
6858.82620725137985573383
16374.27475242855871329084
8201.89972593724451144226
3106.19385811901156557724
5797.34570816723226016620
2328.91786873138016744633
1420.56182799612429334957
2185.64754947316532707191
1927.15586350525745729101
2905.90852908297165413387
1567.86840493583986244630
10801.99520131283134105615
7736.52458826432575733634
6011.70128654595737316413
2959.96890587347661494277
546.70078501443595087039
4044.05054104844111861894
1870.61277492792078191997
2608.50600567493211201509
7531.45709463573803077452
4569.04245166170585434884
4208.24942551109688793076
1846.94319602418295289681
2876.63250568900775760994
6206.56985180608535301872
13016.74925614897438208573
4649.18112675263000710402
1636.37325599798714392819
1471.47857759565727064910
2518.35983119248294315184
7336.72861904123601561878
11231.74541761814725759905
3834.31436826986964661046
4333.57185373535048711346
9684.66647348021251673345
453.50060278186219875352
4324.23054199370108108269
1683.63342541521319617459
4389.27775989592191763222
11656.03505119685542013030
479.66275475922032001108
395.84067435231389708861
7277.36794514674966194434
2713.72030638372280009207
7181.36243311411908507580
8412.89777210953798203263
6964.83172890641162666725
6999.37304709822819859255
9849.51409966725805134047
6695.23295351656088314485
611.09633235423950736731
4319.07352439061287441291
9095.16853668285511957947
3179.63990424431676729000
1803.35162504766640267917
1438.51786884466991978115
5384.95169923902449227171
392.10172864061968311944
11743.70992830836621578783
3630.05164709210066575906
5552.82501928404963109642
3259.25055131836916189059
8358.83081105833844048902
3200.97249318011245122761
3075.15177274463712819852
6095.65821810408215242205
4312.24885890753557760036
622.40560302957146632252
1581.51289155943550213124
4155.79310073314991313964
987.83599712443151474872
2602.10894692704368935665
2989.80905477651913315640
4915.04516194551069929730
3694.86113513597138080513
3041.98804287778602883918
2777.28771997546982674976
5872.75641996249305520905
1235.96181269699263793882
6338.69531596984325005906
7449.20690963381366600515
2973.57548409150194856920
3462.66625855324991789530
1463.46079679053127620136
4229.35749799376026203390
7820.04281894083214865532
1929.63940942009662649070
13268.65113465193280717358
8134.95858632471117743989
5518.49301738430222030729
2969.09018826509736754815
2989.95340498007135465741
8268.31327429015436791815
247.87044838310490035838
887.48031883334033409483
3702.47555191403853314114
1831.57892263723420001043
8715.34201215957909880672
9556.82054443408560473472
3308.15449136700362942065
10175.59949530176345433574
2098.05586074917391670169
6864.67234834902956208680
8143.19339577672053565038
9384.03814060734111990314
2196.75865846667556979810
7969.69460666265058534918
2355.38553398921840198454
9489.60836571776781056542
1909.50799961858933784242
1608.28354513794488411804
415.80249766645732734105
6956.77306261559442646103
461.42187150866971023788
8157.27604043964765878627
2042.49760748724838776980
3497.12648928618591526174
5741.07168195830945478519
332.32889481257643637946
4577.54952773377863195492
412.30203869959859730443
8185.34663910521976504242
9994.27778276604658458382
4282.46630718693813832942
11831.78385254291424644180
3377.90973609821776335593
7964.69206057842166046612
14541.55790719190372328740
4599.60683826287095143925
6725.72625867045917402720
3653.23771746441661889548
6097.20522687160246277926
9420.15928044009524455760
6243.46941960228468815330
1983.52564519194970671379
1063.76508626582995020726
5482.48555727681559801567
8225.04071990046213613823
4050.49424497510699438863
7522.50200491004852665355
994.09712461642902781023
5442.99396728722877014661
496.99422637439482741684
16936.30370253549699555151
4857.58778041123969160253
5057.86157495151837792946
2412.68236247204367828090
12176.12563189033789967652
7764.34772708940727170557
6178.73120016476332239108
11034.19224985342407308053
7184.19465173912612954155
9763.81835174495063256472
1067.67797550701175168797
7345.46692147890644264407
863.28384751402563779266
652.64934874602477066219
2054.95273102590408598189
3396.06268615687304190942
556.04167051699141666177
7139.99000176031586306635
289.02652413026095246096
8599.38428759829002956394
8038.58922858912592346314
5684.14557093378516583471
1447.04368087294210454274
3064.69652466091565656825
4486.79300875381886726245
1364.46932237930423070793
8848.22162196052340732422
9596.34993927923642331734
9964.40040400306497758720
631.07955429112189449370
8089.88133829618072923040
552.49962920980806302396
2587.71003241801554395352
3924.50977637062578651239
2920.99067786147452352452
5665.37613838584638870088
5570.60373545247875881614
9569.28346519454862573184
5042.27919928837764018681
4529.72232200733833451523
12717.12619514419566257857
8789.42041492760472465307
11492.13857039029608131386
5541.16782064056496892590
8415.88160525752391549759
12237.97486792179552139714
7908.45473748311997042038
5985.81382339714218687732
775.23380110308278290177
1753.86979772994300219580
5858.78454808583137491951
9088.08303700518627010752
1208.88812592658723588102
226.19467105846510435185
2792.42670821230012734304
2255.55999511804520807345
3952.51952971003083803225
5356.10596477307353779906
2352.87091301833197576343
5510.53264189817673468497
4588.38613338944742281456
9574.64782347049185773358
7058.09522032898075849516
3100.78407803856771352002
6580.20989098983591247816
4541.85681662031129235402
6777.12004987949785572710
12825.83813347052819153760
368.62400933053930884853
164.80748849691045165855
1225.31968068875266908435
622.03534541077908670559
2349.76943985943171355757
239.59391134948722879017
7985.98706359241896279855
11083.92529469193141267169
2141.65149530500411856337
1713.05476992739181696379
791.52792007940877283545
4122.11771035117362771416
73.98779314711039489794
332.89076452667086414294
10028.22700781971434480511
4369.06052098679174378049
4107.22387513750527432421
766.58114045826096116798
11973.05229440741459256969
4382.26203091028583003208
8710.91986991932026285212
6856.65024740830722294049
10796.32496353989699855447
8739.29750053721727454104
1155.68731047905316700053
4601.39595321202068589628
8878.42602367048129963223
4691.44205468053314689314
463.34238491407091942165
6134.05908689935768052237
1805.30169638518100327929
1002.48678865412853156158
649.05256468851735007775
10708.60227278123056748882
5.85915659341858230391
1749.46809597034894068202
17511.23858726842809119262
4693.15450695531671954086
8174.72534084820563293761
2051.23398883418440163950
4193.11876022548676701263
126.57999640499598115184
80.75386924453488290965
1657.90675329155192230246
3067.82432784108641499188
496.37163926718733364396
1609.08565939666618760384
7653.00687824037686368683
11787.28185710225989168976
2735.02052450804649197380
4959.57696974677401158260
7978.55298104435223649489
3108.74241453346803609747
1652.36661307172812485078
2868.95328310559352757991
3639.37494720361837607925
3752.07109751279676856939
2114.17813433444462134503
1506.81916128462376036623
4463.07754892148022918263
469.36146300330045733062
325.45090376362895767670
4316.66847205784688412677
980.09725498870921001071
1659.44259569704286150227
4214.68563513527351460652
9990.60725684335011465009
4689.23276615315899107372
3224.46381697315337078180
4046.92289384204468660755
9841.96791011442292074207
1223.62222175845658966864
3651.91823766024754149839
4965.10865250057213415857
8425.16108652412367518991
7740.35414243882678420050
528.21032612683688967081
7241.53489910265761864139
2642.93723820835430160514
9545.43092058264846855309
6012.51603940467975917272
1178.19052295640562988410
1911.21840762871761398856
7443.11835425088884221623
1131.16288845914687044569
7876.16484277840118011227
1584.45989430735289715813
6396.10386182703223312274
9395.27441509006530395709
2205.14438108596596066491
3477.78272676424285236862
2365.55566726595634463592
1304.95711079729949233297
2814.54843786348328649183
3519.57757847795210182085
1667.79473076973113165877
3600.88338724779805488652
5029.24796297333796246676
3054.41647189767036252306
5102.60845702354163222481
992.62770958245300789713
7018.60014220807079254882
5443.73182055407323787222
4360.63463672557372774463
1310.63751369862711726455
3275.46138930100278230384
3448.22360743779336189618
5099.68345894346202840097
6890.03186723476301267510
5140.94832226396465557627
6158.22558379518704896327
8971.60502363908562983852
50.51907996463103245333
7208.26170520807499997318
2956.07869901820640734513
1638.58383902061723347288
2253.14743827496931771748
7218.93114389010770537425
2931.46113038572639197810
4142.92558309527976234676
9302.29074393083647009917
10928.36947761595729389228
3016.31717299905130857951
1628.20044686568166980578
1172.41265537041795141704
647.61271908883520609379
2226.37035428968738415278
4924.26747993693516036728
1524.51222213220171397552
2103.83222037489667854970
861.05288446919166744919
5224.92509207917191815795
6074.69494724492415116401
87.14332906818192725495
10206.62885211197681201156
10631.47811104747052013408
768.38801043471323737322
10323.34576147101506649051
6196.30713429444404027890
2366.37730629825182404602
4793.00771271006215101806
11837.15868831579427933320
5575.30983356232081860071
9296.72151035057868284639
2162.19146704412560211495
2685.80650483077033641166
7520.82081557287256146083
6561.15382274357307323953
1837.47883124403347210318
2560.62833184807641373482
5089.29118668129376601428
2325.41374926128946754034
1869.64741251626537632546
5441.79721878315376670798
2723.04624081010706504458
10701.10657203856681007892
3913.45974104800370696466
4120.73858651308182743378
11250.98195575305180682335
4230.02623019626207678812
7804.99696676084840873955
7120.08620477676777227316
3836.07301345624773603049
7026.81532299498394422699
8829.08663203052856260911
5342.06224587315682583721
12095.01962670554894430097
1405.69869242025038147403
904.44208139545457925124
6312.57170699639391386881
1663.49968841127542873437
5468.41585092827426706208
3161.20778557896119309589
7000.15110518694382335525
3230.56451399066145313554
568.53357392082102705899
434.94243696116757291747
4522.73947327024507103488
9925.79354654062808549497
5798.62146033278622780927
240.78857772095193467976
11462.18483393031056039035
9347.97750224148876441177
5218.68036919015685271006
7553.39402937506110902177
13092.22210353860282339156
3747.94740282813791054650
277.53238348492857312522
371.99884210660133021520
671.48785185192548397026
10256.17513985886216687504
12422.73160051044942520093
5299.21174487621101434343
2819.62680116432557042572
1747.88090731659212906379
6580.22419579653069376945
4317.05142045730826794170
446.71195021151726223252
2093.59789111831832997268
9280.78199466023943386972
9303.04314795036407303996
4347.13832280990754952654
5777.64044765359903976787
5458.52388427664391201688
157.07963267948966290533
10503.82404358777966990601
7807.01018373632268776419
4879.19032639927809213987
861.81754694844948971877
7085.73931559352513431804
5805.78744885560627153609
11767.28406578671092574950
8096.51542592889018123969
9782.52587424671219196171
4926.65195995830981701147
1507.57666258302742789965
4513.81073167703743820312
728.57572439789930740517
1032.43992913648753528832
2849.66513817220129567431
2449.88987616555641579907
3121.36177411719745578011
11436.57353961688568233512
75.39822368615503478395
5390.00152368496128474362
4127.64471441878686164273
11269.77428581793719786219
8445.59509129554680839647
1550.99299532412169355666
8830.47938619942760851700
634.82792262187319920486
2329.22843740910002452438
3311.26562864013430953491
11002.98306307714301510714
6864.80970772835644311272
3908.14920617964253324317
267.68660975878083263524
1305.36214782790398203360
8297.84076540941350685898
5450.52763814246191031998
263.14900867993981137261
17.72709687399543199149
3570.20398880159564214409
5284.89650121416252659401
6155.39706822277366882190
5435.05645604093751899200
3930.57074304694560851203
6822.92804310719111526851
6431.78867470161640085280
7232.41677899252226779936
942.18295429436932408862
169.47929296767836149229
4812.04861435795010038419
6941.38364965877826762153
7498.54769841335928504122
2876.82430502733086541411
4611.72469272293619724223
8969.25032882931191124953
8242.41996938176089315675
1906.93430028919055985170
2392.00987700011683045886
5077.82833032104372250615
2092.88106647139511551359
8053.48064183018323092256
3376.48376900520679555484
10128.15578742870093265083
53.66598091686296356784
895.52593656970429947251
1112.14588666799454585998
2297.45029502002671506489
10803.94802271436128648929
4530.53753550206420186441
11392.13349076913254975807
8044.91525595190341846319
6086.48495870707301946823
5879.95061447878106264398
3882.44963299507980991621
1196.10684854683722733171
6624.66130559042085224064
6342.03542929309787723469
5922.41346906790295179235
4817.14633021036206628196
304.69740512145028787927
1313.48819303894902077445
7630.46504954488136718282
4796.29474960236984770745
6113.29762637482781428844
3800.16168362205871744663
3911.71334589250864155474
4026.42147472463057056302
6758.38869407933725597104
5981.50224289174184377771
4891.54055226824948476860
7806.57413014739086065674
347.64633255177466253372
1094.63635832349564225296
6550.61963270665091840783
2124.82434096864426464890
4187.90084440981263469439
8789.46923022461305663455
112.71349439187696361842
415.22938478663490968756
5863.30870628809589106822
987.45829381087150977692
8757.81205889582997770049
3336.82129956202425091760
7486.58503036833280930296
6183.45798480982375622261
8052.39265262318895111093
6385.87762704544729785994
5898.30541527767763909651
6010.50853749805628467584
4678.56066285462657106109
3780.33224854076524934499
3397.95815762441907281755
6435.85307781045685260324
2259.69959787202151346719
5511.94921219309981097467
8229.86300524126454547513
8739.89512603860021044966
4185.25592931684332143050
7675.29534509815675846767
6748.37767056371012586169
2427.82154126603654731298
2066.46655244213206970016
1047.57394410738925216720
1429.36834554965207644273
5057.67443904022456990788
3080.81951002535060979426
789.98151465318687769468
3606.10679042509809733019
3268.77072731283169559902
9609.63706926493796345312
11743.02638003853098780382
650.42618744121182317031
10458.19637716737634036690
6113.08477995860357623314
3753.28189824122682693996
5312.16133589905894041294
10696.25533941856701858342
7233.10133121982198645128
2642.10525358650465932442
613.40156028780904762243
5709.04923347378280595876
9705.81787442609856952913
11880.20309964737862173934
4589.50272928178128495347
910.98631873029228245287
873.32092847070907737361
8240.31675368621108646039
3384.98767974317433981923
757.04685368830860170419
7097.45333547201880719513
1753.89233673184799044975
2112.18532225849139649654
883.67619952745042155584
4107.40040439542008243734
207.34511513692635276129
5870.12375509418779984117
10465.53955047499948705081
3014.02975861503728083335
1741.48186036423567202291
2784.61946489327374365530
1228.59704975741055932303
1312.00707950594710382575
5641.32277942481960053556
8167.05295042811121675186
854.67499410974164675281
7232.85326274011731584324
7741.77323217175035097171
3522.01816871341225123615
1182.91017316036300144333
9318.43375897482656000648
5600.09487146410538116470
546.94774383591800415161
3128.91838046509656123817
13289.53381422197890060488
1174.44313591781497052580
7592.84659914581698103575
1162.71790340342886338476
2672.40664960190724741551
4415.49223650885687675327
4555.93191396933616488241
2833.24212353916573192691
219.72232994659927385328
7418.59889364068749273429
201.62838513897625603022
8786.34341611142917827237
8887.48408276808368100319
4838.86047279919148422778
9090.68349928158932016231
3576.43787454052881003008
135.43903353352996532522
1075.70523305874598918308
2336.87539261735082618543
142.81601937176907313187
6413.44031962533608748345
425.18397704052523522478
149.67708765165951945164
175.92918860102841449589
6846.34182352631614776328
10536.01608580194260866847
1965.78174350897052136133
11214.50138460542984830681
10036.68688258385736844502
1322.97669833300642494578
6613.71365470357523008715
5551.44589720092972129351
225.84730034968387712979
5795.75118752428807056276
7285.34615450329511077143
7579.19088996736627450446
4250.87270262624679162400
6643.11878105010327999480
10447.86210249138639483135
8381.70717495125609275419
11960.67734681812908092979
5317.74095052509892411763
5415.76200717197025369387
6487.63336568648992397357
5267.84675488450011471286
1217.21044034687952262175
1205.34786083859944483265
2446.66808771944533873466
1011.07925753028655435628
9281.93852517693267145660
6351.20828249510850582737
4017.33755404307930803043
311.94497405681545387779
7424.06361213446052715881
1381.00311305182049181894
1176.83124818869191585691
6175.65953014019123656908
6588.96739237683596002171
6127.87247011304862098768
4562.20792682618412072770
4028.92254478484710489283
3191.29924959806248807581
7745.63916649464408692438
11052.52508647829563415144
2427.78170540626570073073
6054.65702551516005769372
8145.32977794424368767068
6022.50040763465585769154
2188.92359188348427778692
7357.63507991956248588394
3976.60651094961167473230
10972.50843829427685705014
8456.90186507949510996696
2172.43032909151361309341
6903.32218287735122430604
9533.45219863253078074194
1218.30715377358137629926
4164.21328536256351071643
9023.53020913625186949503
2587.70029631249826707062
2591.86686876750627561705
100.53096491487337971193
2180.18129712131440101075
1079.18675530180712485162
5839.68047023256895045051
2213.20361358408399610198
1772.29793872196432857891
4429.35224529013885330642
148.18432178866032700171
8444.59732993855141103268
1443.42144928244965740305
4865.47923962130607833387
13368.08577654509281273931
7127.33041568511725927237
1817.65850352721031413239
2118.45164787597559552523
1970.39863742616489616921
7030.58394762981970416149
664.86904633620713411801
12160.07001156512160378043
4408.57850416218934697099
8210.55512540978452307172
10977.39320066361506178509
3029.56670057444216581644
4566.31987034155463334173
381.97539186582929460201
4711.23921169156346877571
4536.85265539931424427778
5586.37961879800513997907
11668.23741705235079280101
4526.22871393938112305477
8874.69644546309609722812
4687.02710709480288642226
3968.82713115625710997847
3728.33618798774114111438
8790.70035019872011616826
4312.47713401518103637500
3504.77554111750032461714
366.82796774502691050657
3041.59730043879017102881
2064.60501638828418435878
1998.61062538621604289801
2611.08949584160882295691
12697.93524522790357877966
7666.53418354508630727651
