852582315
163039479
1195852
997826584
134769878
661529607
259308500
11127
43630
336
25402
696131372
532557372
8225101
386197020
794462403
564568470
982691611
5
974325856
699636755
616366046
156672
6547726
737372487
5845581
443007560
655784921
47646014
399239106
979524151
773391915
19430663
221
957638559
669252077
293150937
387805675
787033352
845675201
502601373
743241729
9
671720297
49026491
568993942
402519530
129980864
827648891
35
762108549
150720267
852985520
549929730
856228393
374474463
799950139
875314393
271271266
215254143
201243617
742686841
176516509
15222594
857407836
317890381
19136
592163525
1108
18
411877148
1653976
258114321
262844126
1432
833069923
511901277
7274877
384
293336705
221878251
164168193
490126305
950888833
346208608
924429187
536526289
797030002
176476710
120323612
575066058
516366139
596638903
712207143
823157131
796426247
5241601
598817039
853300023
80044657
844110917
9406718
313532
247469293
514479446
393139778
307174901
461267
43033985
75552152
1643738
435410472
558604336
413011841
695987691
222467101
99371747
636516725
124268777
814412610
827018041
254612697
288403970
393430179
455396809
109523325
361555610
811392597
21025232
550166838
543109587
35237618
13
110378765
8022528
335783279
307448033
654106401
388059050
35349740
208113811
856925734
994604701
878272927
255350238
616595088
481579160
256072565
344241583
220396638
444000619
896469732
602958518
2085202
330102898
43598238
51
31618964
179235343
873933679
331221239
881505845
528009031
870808681
99637
426658520
808486163
236264116
835143823
21592
661573582
967177275
4471964
938634310
683310818
408302093
618160342
31
626116832
454120312
768018280
581065205
415563972
80735524
4812135
568217730
298930037
517306283
693882628
153467618
739093272
257873658
908879009
678915429
160
659132024
712189410
677195741
420583553
752070429
3
187450235
649676647
726
843903760
836515
705265312
503978192
305017192
25967350
974301123
432891581
451901591
515255702
490265941
101782
998712407
516060272
480538410
628902066
956255870
554530066
1
136
209680929
583330231
765841624
794136413
389196600
768426749
881751237
945151111
336246726
377874466
440980861
513278450
301151884
203080758
752
646279451
667174728
620479497
21
179780615
942944337
749669074
302608907
900405134
242
921562970
55
870065348
839646034
124952637
234602019
24492
703043382
271430332
1955016
5408293
620118581
333258590
579099866
191764320
161947798
515577841
367202407
793412208
655834313
832840045
584689735
299662384
139176526
959461465
283779596
932798553
23284007
574312095
322094776
697465967
522702401
339279369
123910864
674520147
39073792
874008895
67422535
585659639
690969686
243246519
42775696
436070613
194531585
347982306
837295901
872686021
1817778
625549112
579372802
298271489
371468312
187162199
11991493
2
344854188
446471107
69164194
838415792
576794581
859705725
931561555
546552501
554721684
415924760
805845228
79812940
120
567
388729126
640765687
444095588
547684565
90108006
246422988
784816350
783813258
517557237
628676713
379053087
715263013
174454488
54325376
540481713
235428670
205292035
35155
479167212
618090361
191779362
713688627
527359571
976459210
982099001
582098645
352148838
101256527
128949429
687201994
835322314
280369818
93912292
888596983
75306790
402065799
113861499
2112240
438832162
983738273
784824740
18
267805849
303544406
747669151
909073816
179448493
805399635
653622386
352364201
217593316
676094844
565866257
7161
135073913
388096884
1698910
550835850
127443928
995911740
1
758649355
109499676
201479737
266258467
230588611
478944059
859835035
269372859
303134481
838878581
980412949
841923297
233362591
620174175
468688662
655240384
373294049
377042350
546
178760993
4696616
218784426
38291030
173653722
763
612650266
156076466
705413267
845016538
331143545
336174801
186951564
766593858
130107145
14
757152690
538991662
916390309
1
777988556
495476894
383492
779195000
15165
158346954
849129506
101
345131807
953177299
882820641
73141993
560764796
77
3060480
172160500
553217835
71535055
761360891
987300188
937731265
965546870
989544702
924081626
414735180
187768260
1
16080
389887575
365623959
159797056
1890
544604123
994356439
394298568
801619935
16456063
72891863
17
930379002
738825732
371810410
736280536
429092896
557767387
866031257
767709206
416614906
510
378989641
939552503
818783643
458994252
348553872
10489
773208276
904337903
730352812
348199911
414300268
1449268
687723974
693064729
267057787
740387303
847426430
566678801
25265
20832515
519282103
546547284
616955765
109846553
451001711
2298208
584925061
64574576
239837209
886382520
618020045
611946446
923421867
674123029
781327263
123404108
928153421
72
75052295
195943512
281080851
655357751
799737852
958981733
300094886
165947399
22153156
352260355
25
874718143
203937710
180596312
501917624
172303272
10130064
346379498
131433269
120925
743938223
714561206
806170788
830019767
22255101
293359506
70977646
26271896
128974986
580916226
605434435
637130253
611828322
547695163
971480376
548451604
24535130
474872370
167533709
641104113
445879065
156821838
227172889
293690209
920249864
519657672
810488701
413444847
87473040
230852583
493951206
392819221
856644794
538291452
285329652
595285049
918043963
405851615
260604756
704943233
8650
354692897
56161690
860873438
259356644
544049846
636627546
782001589
90011887
406
784314894
289520831
7520956
930436213
587677433
160
150980081
96358085
19622729
219595706
387
657175097
960220171
522488282
140953969
554185776
559215341
487307043
971868881
988121221
675172303
606841128
934320459
801423944
30283
692983521
622181421
328190421
910842046
9678556
206990059
169247937
833472655
29624
19148
792855023
926683418
220947213
963929169
351
448435981
1
526164742
198746545
534382263
427411566
32200445
72
458854009
244758122
939430253
83349895
90306049
386953402
918401787
648362186
869033378
346407173
114922456
956144
189105300
614919363
633054132
15734359
6628636
830537591
901952798
710448837
853726045
339
419242595
664881549
891624099
39908025
798434609
370721554
118392792
491868648
471980384
104737646
344306407
536977533
609801234
563074474
714032803
213891185
2425294
58694697
922053696
124292
126220708
370584225
851019889
581129687
148751106
991449227
917957982
287951637
115998658
154918764
169874337
2844
211545944
101143187
145
840081494
791648732
253082896
457738358
700853733
313159528
852522634
739896271
757195137
372555040
814371937
894776980
4660
498539591
26
570542268
890115024
18
296581196
873983344
106500452
451102798
259266914
367689336
658992671
389168342
113898084
378731908
870416006
445202408
153023769
2184442
54176851
257231856
537632063
631250905
87652174
173843610
29127926
532377178
340266276
414172356
137439694
398232234
562624766
671531228
616918932
235770567
596301247
612384641
917081300
79569936
632975343
992617922
965990819
989373375
894496364
825816221
466389303
584452584
940349142
888685098
857703320
325026429
152069768
167120678
245670679
371558002
278745252
619729412
871767391
506404865
189285583
1
601705073
342544204
244426672
704415234
227007767
987727764
566128804
333745526
661459092
677316362
141419632
939246096
796482338
739934110
943275479
884955761
997623529
48952007
30282
9612444
985229769
39977229
928763185
697521529
955766769
493959250
811462758
78646694
43386997
6616
875082841
900413410
484306494
1
734946600
639088613
287684710
409754569
588763083
5379956
438684777
302739095
212293500
179632825
24
565984707
417558259
338716295
230828828
738713430
987074621
882090945
769207217
227838404
391611595
647864524
658636418
764391989
295109367
609906311
507628580
278460
373040751
6
222137016
630922374
799943894
380708007
146046315
5
398672548
66
12
402938399
449980767
40980139
232697801
400112620
853165670
697415369
727
281188182
735846649
596
894741921
852984592
806989013
743636101
762786063
819428052
710446330
738312573
266117675
728383709
88218147
991041744
429743680
469310869
769273631
140654130
965592309
38
16947
465589130
94254452
564390194
339489099
438027429
22519916
16
471465681
8434
831117313
263344279
321437573
102
59
59595276
747324430
463600986
225232322
499306158
64426
17
212350390
482679080
201242988
795980496
20227865
949215175
9
977167345
526375203
286822353
852476699
136053890
468859855
194259551
205948569
622930193
354352561
551538066
814
405238091
4537838
801569020
1
116049028
491912871
679784837
22554976
24
46767975
638410676
759380068
891830233
531836688
135624936
290983540
614463628
463768575
1115174
513320287
751235688
473334821
707777198
835083460
7177232
47200389
41317707
843135099
936484763
120644786
512966337
228202019
440126899
455497176
860075531
4
239851036
852993568
224
232199470
844141780
748
25510020
921029209
124484160
907789039
5
176454299
289980029
50039382
685944007
294335315
561566386
101896010
89352834
679529241
854012792
433123336
131442499
839998440
574599588
212
562018825
469089030
902869378
165565061
73812352
9
893713515
954382799
437566443
910776647
626642352
7274
551471039
221258582
777552883
913065335
49335121
843457967
787798057
926515271
13732326
38719574
581474154
332853092
416277301
986932808
900610165
852077063
560582064
661320743
457631739
462187634
872133402
127808473
889399862
774500285
5367
595417439
456030997
65635867
125636756
796929965
258759706
647372666
689636922
240642523
1
754628517
703098769
954792
206390585
24
640376520
282
778008329
717481933
553860366
218142907
1898933
907230143
929395036
771833206
697676019
663294393
298193562
315557432
4
597700159
153288362
26939
61656427
8008
937849591
270855133
247280227
406332415
136525559
90085077
272019351
638273984
928647364
311280144
877843281
705584702
282850365
469723643
596730984
881924737
382720475
317197084
4
356887077
758930317
152267452
16302
811881313
4
752620383
537675864
277877348
218860321
534152136
118577589
9345
945758302
307191930
75536081
235226274
285193594
998488386
584310363
366080411
116954132
263947577
271207806
193292923
176626
35
669179639
126280251
352797256
683224779
435637845
631926184
248717985
770197165
352392036
1
282266317
939604326
223391217
6078166
937694115
136698598
859229193
223241739
122605711
255
451737741
629562855
1
244356284
600281797
647302929
982401317
670977412
113379048
961868928
141529470
446268
253870563
142952325
273848626
340004152
273684127
77943358
771769645
916602939
245549954
681222330
13917062
70
535996267
369391393
139069428
469703148
275012463
955245704
748957084
971967357
992818076
285509394
882312338
924770660
696365706
402616633
895956268
371686836
788913781
825644778
12620054
241272
28
331354300
545730454
946130562
537775788
750873197
1
521237068
968513761
984838744
1
256511907
559452500
433624103
894048939
22076
952505396
191391694
454074428
108451029
604714038
195795459
70382502
343886098
570997899
64371951
91498085
448
986005179
102429492
761239831
1
147239464
689672783
154640607
536910882
323747135
508362903
211772654
368389732
500
733135327
13523721
853047562
698
342312550
133820327
174937446
265112837
675553340
968657016
325849571
28322
77970078
362847611
169766253
170096431
100460662
259559154
361813653
196078733
554280714
599187104
824988426
802152585
575291544
832503114
742083697
694845590
449627286
335840184
209705461
446920481
246803060
68722906
660701637
361288765
372128200
419969783
448411389
982050960
999119029
280216425
846074964
727445474
750626793
64574069
254395326
155754041
8192734
935605147
136097906
410
205286954
772605604
931241495
304854829
305205957
802016389
854493698
917323760
875305379
706959045
900426102
91830528
263773044
35475525
853457396
235655424
651096697
10459456
839845491
901730716
538811248
664602238
797743091
288738001
349
43087903
632406679
494988
831051919
366792276
26381008
414730688
451609512
231926649
6
865414247
123000281
625898278
751368842
184536524
804356657
565883983
828205368
974307140
546065934
617515961
384204856
982229799
672600539
891983813
473138190
228143492
834052707
370832515
589385662
328959137
410565805
526545448
40
308286355
728651199
409785336
721145244
659167283
16218
334907795
50301916
690900159
925395194
262220607
805221382
92144974
415630499
224005648
678829898
632089796
685031082
12892936
189104857
853572958
554466922
94188007
5
148995303
118201127
799778078
496214694
196614541
738823725
736697688
12072537
552274031
323892959
985853566
866080105
788109628
312404481
371028852
848433470
444598609
167335
391190001
840323259
56882044
519494342
890102413
575485168
35516312
990398551
566608176
542928558
11823447
245520
67314981
135152053
728107058
812083250
730888361
482740406
156699437
572957123
25
625093865
327221789
536651453
12416046
106504627
903104720
178723353
848975060
489420531
417105104
428130965
2021
595677083
170697930
642823221
777215627
541851937
646346184
542145359
354362177
568824685
127737
174106
289085735
283989819
792780208
975091081
440366375
957863856
708568677
381469223
44
322309961
777746404
60
327672198
976748108
122472082
265417248
757413292
474224684
526377395
78993252
69311977
874445159
426665930
185341895
350343748
1
135908049
815942413
246835205
812659380
450255608
930450852
45
743114766
434341382
287210040
24230841
955007812
717233314
881779966
534149190
384166061
53025110
654203320
585308598
14386044
277453100
415900195
26
19065783
898530882
715280161
439240340
220275
676011512
373714314
999952627
626797661
456928877
915677898
198331
916807031
40200
406488800
778826250
577868676
402547048
240912409
101
750257180
418551639
222913769
749819658
471568820
289466994
983979223
422296950
706020957
493510130
263767
464416714
811569723
91
147945892
268720605
42971509
818088989
646455536
968925920
849326111
119395579
724531811
416480520
73473935
529595131
701967500
334225107
462036417
19280079
553942829
112676
511096391
3140
854398583
189325577
55991979
408612394
370425867
615686039
513447836
388738182
610979005
247556546
274723144
410
92096412
266958997
18991651
349610338
610630025
687526809
125366302
212990192
6
546580769
338765228
249238605
920189940
468652098
824156719
467332044
94
624884918
761572160
964013626
9781456
446654597
498591762
894471052
293889787
119
980638884
495264041
863421612
493083509
136498848
883529244
20192593
191559850
981350162
83484
469011835
631637469
613277296
961413646
5089
41162704
12005
125607885
20
918101239
662411086
606950200
440155370
826043401
133914689
822111948
3552
149653763
823491585
492946573
110873066
560833692
524355893
364975951
469232984
246423837
659806399
707782500
4238685
380899796
215654307
427911789
930277075
406836202
560698893
23662213
882919742
257865844
109811709
381472133
662617091
103538714
42731739
989015105
358736749
53586
14
195833380
52366989
382720904
302845365
15
54438295
310816163
363222176
494661709
282673736
694261124
541384511
862975123
320751902
553416911
464141777
508505690
930214828
604912770
839233160
185720751
92610701
992770314
115219699
788899986
813358816
280556
200739023
984432502
313616269
305397413
223118166
550611150
922165202
306885607
304444058
623948524
101253922
677726881
4026
495400339
700643898
3354
616186248
20612312
111940010
758128920
1
369241862
389176604
152352696
744616886
716713346
782813025
70
56382988
611359312
888806137
844545552
151065996
210259187
343709132
280339077
632151204
412420056
728699708
7190
457558159
718230274
879016684
711672158
474
704816657
8
437948950
508896512
28300200
428390171
715937953
384674097
446377238
120
660214414
330928188
411085910
977009690
200229409
32539396
764723950
329406322
5
808389947
731026537
833881619
933405306
272007254
433162381
713788783
60256092
745638593
247924949
34
757302380
354158701
91053836
454274392
435167814
130
202223900
343403779
630261032
823114579
116261176
1
62799436
802203645
181831676
591696864
865518452
85203077
614480629
877345569
203987817
739779113
158
591360835
554405312
586222050
289552767
926527315
990722588
369415817
57774868
959417685
34738300
873507138
999717007
691548735
5
514161121
431750930
227591625
277765
419494597
313075751
454979205
772984352
28820029
151734793
64006687
881734875
448950751
744339700
289088324
29956099
16
255975028
234
509304322
341328403
443125066
613898684
333567763
7485963
242720597
180443443
507535575
475948302
623184784
42257283
62
638562344
53558621
789002060
494081468
152452232
588657985
872076883
651021053
182614638
534868778
583816987
610703905
151797204
769200787
944690606
968546756
534086608
643814837
354803071
84488
120
851994139
115519138
742202783
492166550
942887635
32972376
639139657
5679
553095846
4940901
959160301
77896136
835718010
707966420
13623
598948503
870551319
674434784
536874527
67988868
909274819
5376
505441352
526542852
497551481
569908487
162255663
51896001
298744604
921136677
18315013
167203954
932
896819153
791978617
452437862
591468254
854363105
28
639172602
884250418
470753841
528736400
449704879
402337926
98621877
884544720
46359
946289060
2
39472701
29632933
35490724
762488472
892575326
927291294
947841013
78927695
462605047
968975019
774550826
638875711
500244018
325722920
28248
701846124
472699708
376939211
219098907
111812454
863709340
3675
1479030
161121156
777929614
342368032
309211886
850942224
273
54328139
606791780
951990759
801627843
499982238
228062835
438976356
894946035
242673627
969645200
915231044
947964363
108268554
587372197
370193460
992561865
961679814
509789654
410982483
542360021
741178257
669770568
77000989
785124912
481748694
515208963
804319850
999222558
1
469434404
289887286
124
674350984
570185662
11683420
345806291
573076694
939697382
850160613
822685933
794388249
496182347
215103753
232401668
925631937
470454870
530811242
116745
207454519
624896176
572227677
377916632
923637158
797480522
765104539
690610595
897998552
934574399
124883335
461864062
472
40
150966977
70
187779967
972079394
4
414376590
473053736
234163490
309136509
411395603
492064889
13060829
287849330
789710245
902360369
734788793
25014594
129373459
137916960
96227664
724215142
858196512
7613198
71930459
260360273
285650449
254934178
1
594465090
562144032
311
224219356
884051182
890599691
622688238
977991211
519181501
206865260
242243684
512503621
309258811
837398536
900299003
92536
195435291
474
194196122
109718399
600122121
520436522
672694745
97283042
986363796
142711965
591380097
689977637
607767636
7508980
811747077
742154679
552155773
333765007
2938
767826
330092677
229086686
757290652
589829753
457746728
513688291
402987515
572058433
168239284
101144768
62909
372
306066503
452854167
436899006
15
387873429
202133261
532336087
481190130
31793165
2
329507211
401355966
200438944
977136667
