500902185027
413878556
921636820
9793282688
935743744
189352047
428426450
85726203
191222270
1217147494301
419417633
555752083
106301077377843
526639403
645553938
583478440
722753580
1605028218519
841024605
105781365150397
278926204
357660105
944368702
1073699732
823021601
923370469
127769930
1072351682
1016764989
504723424
746709743
324090316
3316382476
210558918
1073193881
44953241
144129622
1062948012
512465854
277520425
21474230127
637842301
1055427667
569227391
3457570272745
46127767
999375366
860852422
339457918
626259829
192755989
7942740083
830853834
549037803
545919231
983945577
996963035
69401923364027
409858524
523022860
718318277
220389139
74468227
469262493
1043955578
203654528
664073429
138381045
298741273
874654167
1043498631
595780879
130609452
26448270
478170343
106772757045738
830315633
954319025
105423667135973
72713459
2160738797113
1073735228
875910419
1939314110466
77309287252
552650524
690920642
410564522
551561381
761829962
273129106
545069297
612495349
1017877835
1073940860
1059738583
791974730
1073712913
525323468
111037572
