108 77 492
296 760 1295
1419 1 1585
92 46 399
888 745 1073
262 502 1212
338 189 971
258 948 1736
848 1 382
1804 43 1416
102 1 504
103 3 420
99 7 497
263 339 1113
1306 440 488
301 102 851
100 3 199
107 175 471
362 28 281
1108 1 1778
96 290 476
1094 538 1098
1039 63 69
706 533 1340
573 185 1381
91 98 332
96 1 166
95 205 388
96 33 501
99 105 534
95 1 240
98 1 488
235 124 1024
94 10 497
1632 1134 1485
87 1 219
1418 1 1567
89 357 485
301 150 1429
3 2 3
105 87 503
114 19 161
97 245 515
1251 685 1297
96 99 513
104 1 404
1 1 1
342 237 1105
1783 29 302
10 1 10
1603 697 993
106 181 336
102 360 560
1436 1 1625
6 1 6
4 2 3
2 1 1
1387 1 1781
508 560 1738
747 10 1235
102 52 534
106 140 413
682 422 1921
1324 496 789
109 424 592
1131 43 1406
104 16 274
1287 221 1017
3 1 2
198 242 807
82403 1 99999
95 255 509
389 603 1183
104 13 269
101 137 311
1496 648 1343
95 16 299
9 3 7
1663 1197 1339
728 628 906
339 1053 1281
97 57 239
109 3 302
313 259 1028
1280 1 1409
524 31 1455
103 215 458
1772 277 894
99 114 375
1177 593 1181
99 176 522
98 138 317
271 208 1843
104 47 304
1487 718 1633
297 389 1017
2 1 2
100 127 312
934 61 1827
1404 1 1547
