153526555
208715793
118459515
9941365
306732972
418288650
941764824
122210892
656793198
31479189
153326820
6072197
260089920
364087548
126797298
599919858
71651735
584620360
247040923
748750614
13416248
346547448
248547768
443124289
122179620
31274808
117888536
534952031
557096548
27446991
42338711
31977070
634898539
347298965
373426798
304568064
388122662
38374069
400975658
138920820
60008626
12435340
118610848
34338469
463035062
279701662
166619544
52934392
12715231
415672333
19878228
74955056
106040396
625054045
40649064
10402032
431765806
536127984
37601510
61316728
33631144
35302299
8762893
200878511
848461568
12171856
485503767
57677984
197688110
201316262
10565210
203591212
187257780
291068712
332398932
275046007
239648907
266759242
221895119
542909718
734117680
773978248
197688240
25110306
153634116
535549010
14570216
436197868
167237868
475089570
59257086
144679805
630163010
15631245
196074645
209100864
365412111
442516290
463191324
286008647
410775202
37595220
341822502
292429698
387794886
95316596
138824884
657385772
455993191
899176704
44704278
119219368
450619774
25815027
188727840
80833158
287347497
299974539
121679616
96282120
319966566
11497905
31663392
192783676
224954242
156137480
161319382
18796960
775783457
65682844
306789162
385739909
32128061
9417060
4022009
129181486
30245102
27677358
122567940
398498346
375088142
529497810
695124714
56768388
347809338
406678324
439170503
163031359
553245442
4639812
365707568
121524
1480600
494564169
957657210
156495420
64763169
339439029
354213321
1030800708
648689388
352119954
386902184
597740228
165290469
52997946
270345959
35080636
103968143
330072893
561153088
386252424
4203990
112969878
328430681
64620948
222936480
69538758
228139454
46583210
1019876355
10973348
748980036
152162085
386017354
505227552
22094937
209746162
299304044
295226682
34722782
302773185
203710764
38584701
673296480
12566968
62109186
211171016
21613071
558806082
129745884
109343970
171284968
258378196
451714413
350471250
21053734
64935383
296377136
501364124
127817841
6443367
925417820
194573069
535052294
9001610
152932500
289850058
744838686
356295173
53884326
605130892
1
463065870
21139692
140282552
61895948
77777764
500502905
302795878
152703308
388647168
43907816
481927985
23576112
11222075
592189681
979411389
156448782
7367736
39239475
367586940
198105468
319922956
17729610
314196999
362245980
495090654
808914800
93796487
168822265
353071213
97612752
364260330
370277651
629106
478060656
91276920
162879894
834384610
466665608
552045364
412278392
24999036
625068747
925639374
6268506
386223908
32818022
380589303
516252645
508978874
112342485
28947176
0
346042882
466015005
302288843
695786936
172321168
374768994
737501839
224436738
16045576
26605127
594990034
93521430
150407040
111964018
524475298
97957426
376429494
212356588
217833011
742665446
290596827
30536613
150897893
143658071
213415803
508708703
107837809
81258564
13988712
111836365
343770720
12736
408896597
184925683
68158816
716977278
438309507
147615654
539853700
312377725
556582410
5726576
608041018
19089672
66799053
72679159
644524884
26843586
92022504
731611140
4564290
216800491
371835188
177813858
101273132
78308170
84402704
11383020
455028
321699652
209275358
4685712
74848390
34408500
432732363
551227806
13846691
762451653
390758864
756457340
145441968
620041734
101399354
661345776
62329643
573801354
780528126
389228665
9213834
182273019
64555142
200961158
319268427
308593485
542825708
223440406
7941874
224264679
190015769
436643565
42156438
437433305
83996490
73346980
275506296
45073449
298071857
2318586
164065012
211653565
95398534
144679250
127225221
782012569
6664192
571244748
219170016
490984679
338067725
382212953
217403676
225031227
477944421
415716458
470759964
304565698
495457568
192339841
338739385
483759504
85895688
6742032
908133402
517861688
596436020
142007626
28371557
303463814
237984984
571368428
172221843
126284900
486687235
377780449
258215470
137909594
88387546
199673046
164399376
458068612
155767470
164291400
238568256
243438016
65540195
964998923
457257669
16888392
27136459
220314913
14690481
296139274
693841246
506538494
40699404
181117349
198066738
303684081
328392792
124659707
226168394
321188377
271669029
175835095
116326682
3312630
348212486
150013612
77910952
382526333
44670717
34438386
52364236
112906475
235521440
169594824
274886090
662992203
318093960
13617443
738787707
4199995
351198018
104338434
111079972
84177780
432254872
92991120
241854778
115898824
869115564
225109920
331145670
178479906
967142223
135816358
168036057
4742550
311245835
1099959
18630394
112755231
760351536
24354722
666200283
730979606
71158464
473170949
94783794
6982589
471399522
38072543
48656974
84642601
189956287
376646528
152205146
90757793
298739572
277751124
494705877
96687691
24020110
20489210
54389311
39801468
341907186
917180603
623370186
386055480
96904276
135363252
603395373
8862854
693600754
494814060
87905328
571985556
231991052
224016044
775365542
51439493
629853789
339611440
815285
80175321
239193602
700522400
45905610
76500289
61428580
213293372
378239969
62371160
256945197
36922030
423758115
50602854
462099008
15394489
643024
447125908
570360043
19247872
1
377141700
371964077
171876931
179340942
818787195
127886052
524736020
247032590
78299011
167823987
84508104
107134496
60656090
505011484
25595520
624693
129931388
516034721
286034775
539200956
71167764
421670858
142706478
11649475
146298192
34621838
280889799
31230320
381694234
764265572
333332844
171329536
540461
273726101
184435551
327624548
27013782
4274646
6964726
4125118
174111169
378869641
208316490
257104107
23858366
446460826
9520978
477291188
524058666
1006039725
703661303
182956625
208386801
9877891
415643210
4170211
537268219
233062297
14703302
9068168
100470585
621822136
278895524
286909778
46344198
458804396
222523034
115459911
368586391
254582900
755550969
621311485
140905850
298520644
378478164
148040940
461099166
24347223
258640383
128101746
1145232
616887993
105404754
13150969
107241043
469182907
153673170
122892804
51106440
368456622
291996232
823780042
6383963
90458470
781296792
235011874
19631712
476621486
89673090
122681391
121999951
44555786
142978071
699389573
736953062
46746713
692091264
10456188
13849494
64983307
33446806
26101617
88508377
443311101
290846549
188254271
117740383
45220846
71831650
14462985
449307740
61144352
19055106
77282910
339513301
434909210
72199156
315841920
261363348
314111175
23753028
505812272
860672448
91967259
240890552
33991216
499017102
16077559
372318144
788462089
289182647
114644114
35168808
560147702
278561384
591185633
250594172
24990
220447611
397122726
242612085
296813218
159996328
67678768
308630531
183078210
211465698
21538982
796264482
24028220
222777541
483949228
163614137
461880751
649121264
413179670
64169500
310060936
38855624
426620534
220672068
577794248
66775025
429743908
656251040
512089455
136277202
10220965
363796080
47528222
10786627
135495531
253835168
692983269
108250569
76135433
114421920
32426604
601681161
212745224
164307777
429147288
264150000
28768917
3284115
268010826
40726809
304804565
215067958
325116438
582527155
163680600
48773
162592586
629897780
289446542
394160704
12316938
91153752
527376776
57940008
137808738
781092144
629364402
26759772
603642527
389678272
60847887
89137568
48157480
41022797
440543164
19714517
194271556
461446186
266098210
555001704
126211424
699894041
198297051
32894412
20248875
176800510
408791780
475555025
116699790
20764771
112855662
627422006
35414212
599690556
31358120
186677864
164489000
159507307
20478800
48097706
118069717
29960317
30151666
33946076
393132960
26849286
199839836
739492800
88872354
576239304
63826396
2503944
121678236
170517664
315571206
678313619
484663771
897423522
213829502
42679502
37580940
360826599
31973440
292913243
520368680
373450574
300573701
37186497
14758124
952561510
207011982
12990207
242465596
102227856
542262420
113160236
182013525
3464101
131084791
423484507
83649702
203223168
207031960
27953828
111077100
89772956
63738560
2045400
26295306
65865465
700118595
249107562
286762408
342136034
145585425
35869500
41963995
636159668
48040729
129389181
430841928
340010840
106275432
630913817
327427360
29010345
221506198
300708618
26073434
430450478
770963870
562887942
617442689
419941578
240509784
260190106
741706176
611715782
54397242
914675214
631000344
843007124
519499941
401160156
570609198
125836605
96538547
324146931
7067211
728796686
148209792
369891576
100849628
507010386
417560525
124464354
24274792
7169594
592623576
692909834
389750844
81498074
218023780
110273640
120514100
233796560
76012803
570097550
702403002
383171503
58301100
0
164074874
286772815
136402827
164725609
35970928
97172223
387029066
24856537
228155474
13947747
374981161
413035877
13851875
436966218
450188408
133816428
52681850
386265540
92671443
60972867
286628684
103479359
380795828
34265160
892037913
260470548
689373950
978339067
256310344
731931279
149912503
456453834
449754732
3917658
138801352
165959580
425261958
247867695
92224524
265117224
561194228
201129415
615292971
338536101
253700883
65641169
239716186
351656388
217874398
1366406
136694784
1987077
157684612
530389884
177439500
88494247
192872564
27610284
403965807
337501620
120726839
3941053
290972916
474183295
59637589
180783859
549040932
362869982
319416780
197109738
155496494
18974055
383839457
374079552
460162347
469683568
254306870
170246842
312728792
924199860
869684106
645372
42504276
845361377
451593576
622194156
423524622
660969142
149424099
136682114
133313916
476899153
58746039
100556796
337011210
38132630
419836244
133283175
35628208
85740914
125853255
